[2017-11-03 06:23:39] Felipe "Juca" Sanches (forwarded from Felipe "Juca" Sanches) sent photo: /home/felipe/devel/github_tvdstaaij/telegram-history-dump/output/media/Arqueologia_Digital_e_Preservação_Histórica_por_meio_da_Emulação_de_Dispositivos_Eletrônicos/download_804725230_56988.jpg
[2017-11-03 06:23:39] Felipe "Juca" Sanches (forwarded from Felipe "Juca" Sanches): https://github.com/mamedev/mame/pull/2771/files
[2017-11-03 06:23:39] Felipe "Juca" Sanches (forwarded from Felipe "Juca" Sanches): https://github.com/felipesanches/PatinhoFeio/blob/master/Zezinho%20-%20ITA/000437641.pdf
[2017-11-03 06:23:39] Felipe "Juca" Sanches (forwarded from Felipe "Juca" Sanches) sent photo: /home/felipe/devel/github_tvdstaaij/telegram-history-dump/output/media/Arqueologia_Digital_e_Preservação_Histórica_por_meio_da_Emulação_de_Dispositivos_Eletrônicos/download_804722857_60968.jpg
[2017-11-03 06:46:30] Felipe "Juca" Sanches: Tenho que corrigir a descrição do repositorio do Patinho Feio no GitHub
[2017-11-03 06:47:20] Felipe "Juca" Sanches: Pra tirar aquele "primeiro" e substituir por "um computador pioneiro"
[2017-11-03 13:36:15] Werner Eck: "Brazil's pioneering computer, designed & built by engineering graduates"
[2017-11-03 13:36:21] Werner Eck: 😊
[2017-11-03 14:32:34] Aylons Hazzud: Undergraduates, não?
[2017-11-03 14:33:10] Werner Eck: Foi projeto d formatura...
[2017-11-03 14:33:27] Aylons Hazzud: Então, undergraduate
[2017-11-03 15:39:26] Felipe "Juca" Sanches: Zezinho foi trabalho de graduação. Patinho foram teses de mestrado e doutorado mas tambem teve ajuda de alunos de graduacao
[2017-11-03 18:11:58] Felipe "Juca" Sanches (forwarded from Armando Neto): escutei um podcast com um professor de ciencia da computação da usp que trabalhou no unix cobra hehehe
[2017-11-03 18:11:58] Felipe "Juca" Sanches (forwarded from Armando Neto): o podcast é sobre nada a ver.. mas o professor é velho então já fez um monte de coisas né
[2017-11-03 18:11:58] Felipe "Juca" Sanches (forwarded from Armando Neto): https://hipsters.tech/faculdades-ciencia-da-computacao-e-sistemas-de-informacao-hipsters-47/
[2017-11-03 18:12:22] Felipe "Juca" Sanches: Tem bastante sobre como era a computação na USP nas décadas de 60/70
[2017-11-03 18:12:45] Felipe "Juca" Sanches: fala inclusive que a USP comprou 90 terminais para o computador Burroughs no segundo semestre de 1982
[2017-11-03 18:14:16] Felipe "Juca" Sanches: se bobear aqueles 2 terminais da Scopus que eu estava inspecionando lá na poli semana passada podem ser dessa leva...
[2017-11-03 18:15:09] Felipe "Juca" Sanches: já que vi em um site uma descrição de que o modelo Sagitta 180 era compatível com computadores Burroughs
[2017-11-03 19:00:13] Ismael Luceno: Eu adoraria ter acesso a um desses computadores
[2017-11-03 19:02:50] Felipe "Juca" Sanches: :-)
[2017-11-03 19:07:05] Werner Eck: @fsanches vc acha q teria possibilidade de eu conseguir um exemplar desse livro q a Profa. Edith te deu?
[2017-11-03 19:07:46] Felipe "Juca" Sanches: posso pedir pra ela
[2017-11-03 19:08:04] Werner Eck: 😊
[2017-11-03 19:09:09] Werner Eck: Nossa, hj acordei podre. Mas feliz com a atividade d ontem. Vc ficou até d manhã implementando o ITA-II?
[2017-11-03 19:09:28] Felipe "Juca" Sanches: Não. Não mexi muito mais
[2017-11-03 19:09:56] Felipe "Juca" Sanches: fiz alguns pequenos ajustes e os adicionei ao pull request, mas fora isso só assisti um pouco daquele filme que você sugeriu e depois fui dormir
[2017-11-03 19:10:17] Werner Eck: 😁 gostou do q viu?
[2017-11-03 19:10:25] Felipe "Juca" Sanches: sim, é bacana
[2017-11-03 19:10:31] Felipe "Juca" Sanches: mas não vi tudo
[2017-11-03 19:10:42] Felipe "Juca" Sanches: vi só a primeira meia hora
[2017-11-03 19:10:53] Werner Eck: Agora já sabe quem é Chuck Yeager... ☺️
[2017-11-03 19:11:01] Felipe "Juca" Sanches: ;-)
[2017-11-03 19:11:24] Werner Eck: E ele faz uma ponta no filme.
