[2017-10-28 01:43:06] Felipe "Juca" Sanches: https://forum.fiozera.com.br/t/estudando-os-circuitos-do-prologica-cp-500/
[2017-10-28 03:10:24] Ismael Luceno: Legal!
[2017-10-28 10:45:23] Felipe "Juca" Sanches: Eu queria ter ido na Santa Ifigênia comprar capacitores novos pra consertar a fonte de alimentação do CP-500. Mas acabei ficando em casa estudando mais os circuitos dele e escrevendo mais postagens no Fiozera.
[2017-10-28 10:45:38] Felipe "Juca" Sanches: Agora já é tarde pra sair de casa.
[2017-10-28 12:57:29] Werner Eck: Cara, se vc não estiver com muita pressa de receber, pq vc não compra um desses "pacotões" com valores sortidos (tem no ebay: http://ebay.to/2ibx8UJ)? Não vale mais a pena?
[2017-10-28 12:58:17] Werner Eck: Vantagens: custa muuuuuuito mais barato q aqui no BR, vc pode escolher qual pacote vem com a gama de valores q te atende melhor (olhe sempre na descrição e/ou título e/ou fotos do anúncio).
[2017-10-28 12:58:48] Werner Eck: Desvantagem: Costuma demorar um pouco, devido à nossa alfândega e os CUrreios.
[2017-10-28 12:59:25] Werner Eck: e a chance de ser tributado é praticamente zero. Falo pela minha experiência.
[2017-10-28 13:19:57] Felipe "Juca" Sanches: eu costumo ser impaciente
[2017-10-28 13:20:32] Felipe "Juca" Sanches: Deixo um CP-500 encostado por 2 anos sem fazer nada. Mas na hora que começo não quero ter que esperar. Senão desanima.
[2017-10-28 13:20:44] Felipe "Juca" Sanches: Daqui 1 semana que já vou estar com algum outro projeto na cabeça.
[2017-10-28 13:41:00] Werner Eck: entendi.
[2017-10-28 13:43:25] Werner Eck: https://datassette.org/manuais/tandy-trs-80/cp-500-manual-tecnico
[2017-10-28 13:43:38] Werner Eck: Pra te dar uma mãozinha.
[2017-10-28 13:44:02] Werner Eck: Acho q resolve algumas das suas dúvidas lá no seu post do fiozera
[2017-10-28 13:49:40] Felipe "Juca" Sanches: sim, eu sei
[2017-10-28 13:49:42] Felipe "Juca" Sanches: já conheço
[2017-10-28 13:49:59] Felipe "Juca" Sanches: só não tive oportunidade ainda de introduzí-lo no storytelling
[2017-10-28 13:50:08] Felipe "Juca" Sanches: mas tá planejado aparecer nas próximas postagens
[2017-10-28 13:50:21] Felipe "Juca" Sanches: descobri isso ante-ontem
[2017-10-28 13:50:28] Felipe "Juca" Sanches: é uma pena que esse documento seja incompleto
[2017-10-28 13:50:34] Felipe "Juca" Sanches: tem umas 20 ou 30 páginas faltando
