[2017-10-23 11:13:51] Felipe "Juca" Sanches: https://twitter.com/juca_gnu/status/725140578527240192
[2017-10-23 11:47:53] Werner Eck: Esse livro do AGC eu tenho em pdf.
[2017-10-23 11:47:57] Werner Eck: 😁
[2017-10-23 11:51:28] Felipe "Juca" Sanches (in reply to Werner Eck): pô! É escaneado? Ou dá pra fazer busca de texto no conteúdo?
[2017-10-23 11:53:18] Felipe "Juca" Sanches: se der pra fazer busca, eu tenho interesse em ter o pdf também, mesmo eu tendo o livro físico. Por que às vezes é bem útil poder consultar partes específicas do livro baseado em buscas de palavras-chave.
[2017-10-23 11:53:47] Felipe "Juca" Sanches: Os índices remissivos supostamente servem pra isso. Mas nunca é perfeito.
[2017-10-23 12:20:29] Werner Eck: Deixa eu dar uma verificada nele e daqui a pouco eu te digo
[2017-10-23 12:32:58] Werner Eck: olha, eu to olhando ele aqui, mas acho que é só escaneado (sem ocr). Mas ele tem bookmarks para cada novo capítulo...
[2017-10-23 12:33:23] Felipe "Juca" Sanches: bom... manda aí
[2017-10-23 12:33:25] Werner Eck: a pesquisa no foxit não retorna nada
[2017-10-23 12:34:25] Werner Eck sent document
[2017-10-23 12:43:51] Werner Eck: Cara. Pesquisando aqui no google por uma versão "pesquisável", eu encontrei esse documento q parece ser um descritivo do hardware do AGC... escrito pelo pessoal do MIT para a NASA... em 1963??
[2017-10-23 12:43:58] Werner Eck: Será uma coisa valiosa???
[2017-10-23 12:44:02] Werner Eck: https://www.ibiblio.org/apollo/hrst/archive/1717.pdf
[2017-10-23 12:44:13] Werner Eck: é escaneado
[2017-10-23 12:45:46] Werner Eck: é bem pequeno, tem só 33 páginas
[2017-10-23 12:52:43] Werner Eck: me enganei sobre esse último. Ele é pesquisável sim
[2017-10-23 12:53:08] Werner Eck: foi escaneado com OCR, vc percebe q tem algumas falhas em caracteres mal-interpretados
[2017-10-23 12:53:19] Werner Eck: e a pesquisa funciona
[2017-10-23 13:47:44] Felipe "Juca" Sanches: o pdf do livro do AGC que você mandou é pesquisável sim
[2017-10-23 13:47:47] Felipe "Juca" Sanches: muito bom
[2017-10-23 13:48:20] Werner Eck: sim?? O primeiro? O segundo eu vi tbm
[2017-10-23 14:07:43] Felipe "Juca" Sanches: só olhei o primeiro
[2017-10-23 14:08:55] Werner Eck: pergunta, qual leitor de PDF vc usa?
[2017-10-23 14:09:06] Werner Eck: O foxit reader não consegue pesquisar.
[2017-10-23 14:12:59] Werner Eck: Fiz uma comprinha legal agora
[2017-10-23 14:13:10] Werner Eck: 👌
[2017-10-23 14:15:13] Felipe "Juca" Sanches: os 2 PDFs contém overlay de texto buscável
[2017-10-23 14:15:14] Felipe "Juca" Sanches: uso o Evince e/ou o Atril
[2017-10-23 14:15:32] Felipe "Juca" Sanches: gosto mais do Evince, mas às vezes o sistema abre no Atril automaticamente então acabo usando
[2017-10-23 14:15:39] Felipe "Juca" Sanches: mas os 2 são muito parecidos
[2017-10-23 14:15:47] Werner Eck: É, o Foxit Reader não consegue pesquisar o livro do primeiro pdf
[2017-10-23 14:15:57] Felipe "Juca" Sanches: o Atril já vem instalado por padrão no Trisquel GNU+Linux
[2017-10-23 14:15:58] Werner Eck: Estranho... pois ele consegue pesquisar o segundo
[2017-10-23 14:16:13] Werner Eck: Eu uso Windows na maioria das vezes. Tenho Linux nas VMs
[2017-10-23 14:16:21] Felipe "Juca" Sanches: e antigamente o leitor padrão era o Evince, e por isso tô mais acostumado com ele
[2017-10-23 14:16:56] Werner Eck: Olha o q eu comprei agora no eBay: https://www.ebay.com/itm/Sega-Genesis-Gopher-2-Portable-Game-Player-SMD-SMS-SNES-NES-GBC-500-Games/182779516262
[2017-10-23 14:17:12] Werner Eck: Esse só foi lançado na Rússia
[2017-10-23 14:17:33] Werner Eck: tava pesquisando sobre o meu Gopher no google e descobri q existe esse aí tbm.
[2017-10-23 14:17:53] Werner Eck: Só q esse emula tbm NES/SNES/GB/GBA
[2017-10-23 14:17:58] Werner Eck: além do Genesis
[2017-10-23 14:18:22] Felipe "Juca" Sanches: uia
[2017-10-23 14:18:23] Felipe "Juca" Sanches: que legal
[2017-10-23 14:18:35] Werner Eck: legal né??
[2017-10-23 14:19:01] Felipe "Juca" Sanches: é foda, né? A gente começa a pesquisar e descobre outras coisas e quando vai ver já tamo comprando treco velho novo no ebay
[2017-10-23 14:19:09] Werner Eck: Eu vi esse review (em russo, traduzido no google): https://translate.google.com.br/translate?sl=auto&tl=en&js=y&prev=_t&hl=pt-BR&ie=UTF-8&u=https%3A%2F%2Fmegaobzor.com%2Freview-Sega-Genesis-Gopher-2.html&edit-text=&act=url
[2017-10-23 14:19:17] Werner Eck: Verdade!! Foi assim mesmo
[2017-10-23 14:19:20] Felipe "Juca" Sanches: outro dia quase comprei um switcher de vídeo da SONY por 700 reais... E eu não preciso de um switcher de vídeo!
[2017-10-23 14:19:29] Werner Eck: KKK!!
[2017-10-23 14:19:43] Werner Eck: E já não é a primeira vez q isso me acontece
[2017-10-23 14:19:51] Werner Eck: pra q esse switcher??
[2017-10-23 14:19:59] Werner Eck: igual tem em ilhas de edição?
[2017-10-23 14:20:16] Felipe "Juca" Sanches: por que eu tenho um painel de controle da SONY que é compatível com o switcher (ganhei de presente como sucata)
[2017-10-23 14:20:27] Felipe "Juca" Sanches: sim, uma mesa de edição de vídeo da SONY
[2017-10-23 14:20:27] Werner Eck: ah, entendi
[2017-10-23 14:21:00] Felipe "Juca" Sanches: modelo PVE-500, mas é só o painel de controle. O processamento dos efeitos de transição mesmo são feitos remotamente por outro equipamento, um switcher de fato.
[2017-10-23 14:21:40] Werner Eck: o f*da é q eu estava procurando somente a bateria pra substituir no meu gopher.. rss
[2017-10-23 14:21:54] Werner Eck: acabei comprando esse consolezinho v2
[2017-10-23 14:22:02] Werner Eck: 😆
[2017-10-23 14:22:08] Felipe "Juca" Sanches: http://broadcaststore.com/pdf/model/14906/sony_pve-500p.pdf
[2017-10-23 14:22:48] Felipe "Juca" Sanches: De uma mesa pve-500 que ganhei de presente, agora tenho 3 mesas da SONY e quase comprei um switcher
[2017-10-23 14:23:09] Felipe "Juca" Sanches: e esse pve500 foi o primeiro dispositivo complexo que emulei no MAME
[2017-10-23 14:23:21] Werner Eck: o switcher é esse consolezinho q tem embaixo na capa, com dois controles giratórios?
[2017-10-23 14:23:41] Werner Eck: vc emulou o editor de video no MAME?? 😆
[2017-10-23 14:23:54] Felipe "Juca" Sanches: eu já tinha emulado coisas mais simples, mas esse aí tem 2 CPUs Z80 em chips estilo "SoC" contendo várias outras coisas... É um sistema mais complicadinho e me deu uma boa noção de como se emula essas coisas
[2017-10-23 14:24:04] Felipe "Juca" Sanches (in reply to Werner Eck): pois é... parcialmente
[2017-10-23 14:24:16] Felipe "Juca" Sanches: é um projeto pra terminar algum dia hahaha
[2017-10-23 14:24:19] Felipe "Juca" Sanches: (mais um)
[2017-10-23 14:24:27] Werner Eck: tem dump do fw e td o mais?
[2017-10-23 14:24:31] Felipe "Juca" Sanches: sim
[2017-10-23 14:24:38] Felipe "Juca" Sanches: eu mesmo fiz o dump
[2017-10-23 14:24:53] Werner Eck: cara, então acho q esse console q te falta, por 700 contos, nem tá tão caro assim
[2017-10-23 14:25:04] Felipe "Juca" Sanches: hahaha
[2017-10-23 14:25:28] Felipe "Juca" Sanches: quer promover um encontro de "Acumuladores Anônimos" ?
[2017-10-23 14:25:28] Werner Eck: 😊
[2017-10-23 14:25:36] Werner Eck: Eu já sou um...
[2017-10-23 14:25:46] Werner Eck: Ouço constantes "lembretes" aqui em casa
[2017-10-23 14:25:57] Werner Eck: 😁
[2017-10-23 14:26:21] Werner Eck: especialmente em se tratando de star wars e carros
[2017-10-23 14:26:39] Werner Eck: e games
[2017-10-23 14:33:14] Felipe "Juca" Sanches: :-P
[2017-10-23 14:34:31] Werner Eck: eu assisti um video ontem, vc dando uma palestra no MIT
[2017-10-23 14:35:04] Felipe "Juca" Sanches: na libreplanet, né ?
[2017-10-23 14:36:25] Werner Eck: acho q foi isso - não foi no YT
[2017-10-23 14:36:42] Werner Eck: foi em 2014 se não me engano, q vc foi lá, né?
[2017-10-23 14:45:51] Felipe "Juca" Sanches: não, foi mais recente
[2017-10-23 14:45:54] Felipe "Juca" Sanches: ah
[2017-10-23 14:45:55] Felipe "Juca" Sanches: talvez
[2017-10-23 14:46:17] Felipe "Juca" Sanches: acho que tem duas palestras que eu dei lá. Uma no MIT e outra em Harvard
[2017-10-23 14:47:06] Felipe "Juca" Sanches: Essa aqui foi no MIT, ano passado: http://mamedev.emulab.it/fsanches/2016/04/07/hardware-reverse-engineering-insights-from-the-mame-project/
[2017-10-23 14:48:39] Werner Eck: Isso. Foi exatamente essa. Tava buscando aqui e achei esse link. Vc conseguiu ser mais rápido.
[2017-10-23 15:04:40] Felipe "Juca" Sanches: em 2010 teve essa: https://www.youtube.com/watch?v=BMWcrCJpSOY
[2017-10-23 15:07:41] Werner Eck: Foi nesse evento q vc ficou conhecendo o pessoal com quem vc hj trabalha?
[2017-10-23 15:07:55] Felipe "Juca" Sanches: acho que sim
[2017-10-23 15:08:15] Werner Eck: Eu to juntando informações q li em lugares separados.
[2017-10-23 15:08:20] Werner Eck: To te conhecendo!! KKK!!
[2017-10-23 15:08:23] Felipe "Juca" Sanches: ;-)
[2017-10-23 15:08:27] Felipe "Juca" Sanches: stalker LOL
[2017-10-23 15:08:34] Werner Eck: Para com isso... rsss
[2017-10-23 15:08:39] Werner Eck: Brincadeirinha.
[2017-10-23 15:09:01] Werner Eck: É legal ter contato com gente inteligente...
[2017-10-23 15:09:11] Werner Eck: Artigo raro hj em dia.
[2017-10-23 15:09:12] Felipe "Juca" Sanches: high-five!
[2017-10-23 15:09:30] Werner Eck: 🙌
[2017-10-23 15:09:57] Werner Eck: diz me com quem andas, e te direi quem és.
[2017-10-23 15:15:14] Felipe "Juca" Sanches: restaurante chinês na Galvão Bueno 555 com Richard Stallman
[2017-10-23 15:18:41] Werner Eck: Haan?
[2017-10-23 15:19:03] Felipe "Juca" Sanches: Alguns anos atrás rolou um rolê com o Stallman na Liberdade ;-)
[2017-10-23 15:19:15] Werner Eck: Caralho!
[2017-10-23 15:20:00] Werner Eck: Pqp
[2017-10-23 15:25:16] Werner Eck: Melhor q isso só sendo o Woz em uma pizzaria
[2017-10-23 15:26:04] Werner Eck: Cada coisa... quem diria...
[2017-10-23 15:27:26] Felipe "Juca" Sanches: é... algum dia eu ainda vou bater um papo com o Woz
[2017-10-23 15:28:20] Felipe "Juca" Sanches: no próximo dia 11/Nov eu vou trocar uma idéia VIP com o Captain Crunch
[2017-10-23 15:28:20] Felipe "Juca" Sanches: vou passar o dia com ele no lounge dum evento aqui em SP
[2017-10-23 15:28:28] Werner Eck: Isso eu tbm gostaria
[2017-10-23 15:28:45] Werner Eck: Ah eu vi esse evento no eventbrite
[2017-10-23 15:28:55] Werner Eck: Quero ir
[2017-10-23 15:29:14] Werner Eck: Assistir sua palestra e conhecer ele
[2017-10-23 15:29:41] Werner Eck: Eu até me cadastrei pra tentar ser voluntario
[2017-10-23 15:30:07] Werner Eck: Mas se não rolar eu vou d pagante msm
