[2017-10-24 01:39:30] Werner Eck: https://youtu.be/fCe0I3RJajY
[2017-10-24 01:44:23] Werner Eck: http://www.mtmscientific.com/pc-retro.html
[2017-10-24 01:44:38] Felipe "Juca" Sanches: SIM!
[2017-10-24 01:44:43] Felipe "Juca" Sanches: SIM SIM SIM !!!
[2017-10-24 01:44:48] Werner Eck: 😂😂
[2017-10-24 01:44:59] Felipe "Juca" Sanches: Faz uns 2 anos que eu sonho com esse kit
[2017-10-24 01:45:01] Werner Eck: Sabia q alguém ia pirar...
[2017-10-24 01:45:14] Werner Eck: 189 doletas...
[2017-10-24 01:45:17] Felipe "Juca" Sanches: bora dividir ?
[2017-10-24 01:45:20] Felipe "Juca" Sanches: e montar junto ?
[2017-10-24 01:45:36] Werner Eck: Podemos...
[2017-10-24 01:45:48] Felipe "Juca" Sanches: o problema é: quem fica com o filho depois de pronto ?
[2017-10-24 01:45:52] Werner Eck: Kkkk
[2017-10-24 01:45:59] Felipe "Juca" Sanches: guarda-compartilhada ?
[2017-10-24 01:46:17] Werner Eck: Ou a gente faz diferente
[2017-10-24 01:46:54] Werner Eck: Quem quer ficar com ele mais, paga um % maior?
[2017-10-24 01:47:21] Felipe "Juca" Sanches: Ou compra 2 logo hahaha
[2017-10-24 01:48:05] Werner Eck: Eu até quero mas não teria muito espaço sobrando em casa pra tê-lo aqui
[2017-10-24 01:48:15] Felipe "Juca" Sanches: Opa, então resolveu hahaha
[2017-10-24 01:48:18] Werner Eck: Rsss
[2017-10-24 01:48:39] Werner Eck: Eu adoraria montá-lo
[2017-10-24 01:49:29] Felipe "Juca" Sanches: Soldar os componentes é OK. Trabalho bacana, mas cansativo, por que é repetitivo. O mais legal acho que é ir lendo as specs antes de soldar. Tipo... só soldar um componente depois de entender sua função no circuito.
[2017-10-24 01:49:46] Felipe "Juca" Sanches: Eu já tenho uma noção geral da arquitetura de hardware do IBM-PC
[2017-10-24 01:49:54] Werner Eck: Q tal o seguinte. Eu queria muito um Uzebox
[2017-10-24 01:50:11] Felipe "Juca" Sanches: mas eu adoraria revisar metodicamente por meio dessa abordagem de só soldar se for capaz de enunciar o que o chip faz no circuito
[2017-10-24 01:50:20] Werner Eck: Boa
[2017-10-24 01:50:24] Werner Eck: Gostei
[2017-10-24 01:50:27] Felipe "Juca" Sanches: Eu já montei uma meia dúzia de Uzebox hahahaha
[2017-10-24 01:50:44] Werner Eck: ENTÃÃÃO...
[2017-10-24 01:50:47] Felipe "Juca" Sanches: Dei até oficina no SESC
[2017-10-24 01:50:51] Werner Eck: cazzo
[2017-10-24 01:50:55] Felipe "Juca" Sanches: "monte seu vídeogame 8 bits"
[2017-10-24 01:51:03] Werner Eck: Eu sempre quis um
[2017-10-24 01:51:09] Werner Eck: Desde 2007
[2017-10-24 01:51:20] Felipe "Juca" Sanches: http://www.institutopinheiro.org.br/eventos/uzebox-construa-seu-proprio-game/
[2017-10-24 01:52:23] Werner Eck: Poutz
[2017-10-24 01:52:30] Werner Eck: 3 anos atras
[2017-10-24 01:53:31] Werner Eck: Esses kits vc mandava vir dos EUA ou mandava fazer a pci no Curta Circuitos e comprava as peças?
[2017-10-24 01:54:12] Werner Eck: Eu vi lá no seu video blog
[2017-10-24 01:55:23] Werner Eck: E no site da adafruit o kit completo incluso gamepad custa acho q uns $75.00
[2017-10-24 01:55:38] Werner Eck: Só não vi qto fica pra mandar pro Brasil
[2017-10-24 02:05:48] Werner Eck sent photo: /home/felipe/devel/github_garoa/Telegram_logs_Garoa_Hacker_Clube_Publico/media/Arqueologia_Digital_e_Preservação_Histórica_por_meio_da_Emulação_de_Dispositivos_Eletrônicos#1/download_804722656_53049.jpg
[2017-10-24 02:09:04] Werner Eck: Proponho uma permuta. 😏
[2017-10-24 02:15:28] Felipe "Juca" Sanches: eu não tenho mais desses kits. Devo ter uns uzebox montados, mas não sei em que estado de funcionamento estão
[2017-10-24 02:15:54] Felipe "Juca" Sanches: A gente comprava de fora mesmo, da Adafruit e embutia o preço dos kits no orçamento do SESC
[2017-10-24 02:18:18] Werner Eck: O preço do kit da adafruit mais frete sai uns $110
[2017-10-24 02:19:03] Werner Eck: E fora eu acho q com frete via ups ele sempre vai ser taxado.
[2017-10-24 02:19:39] Werner Eck: A própria ups ja te cobra essa taxa na entrega.
[2017-10-24 02:21:29] Werner Eck: O q eu tinha pensado, talvez fazer um rolo - eu pagava parte do kit IBM em troca de vc me arrumar a placa + componentes do Uzebox (podia ser nacional td).
[2017-10-24 02:21:51] Werner Eck: E o IBM é todinho seu. 😊
[2017-10-24 02:28:58] Felipe "Juca" Sanches: É.... como eu disse, eu não sei se tenho um Uzebox pra botar no rolo. E mesmo que tenha, pode estar zoado, pois fizemos todos os tipos de gambiarras neles durante os cursos com as crianças
[2017-10-24 02:31:12] Felipe "Juca" Sanches: Talvez um rolo mais interessante, não envolvendo nenhum uzebox, seria fazer algo como dividir os custos em 2/3 pra mim 1/3 pra você (por conta da diversão de poder montar uma parte do kit), mas no fim o kit montado ficar comigo.
[2017-10-24 02:31:29] Felipe "Juca" Sanches: Ou talvez fazer meio-a-meio e deixar o kit montado no Garoa.
[2017-10-24 02:31:36] Felipe "Juca" Sanches: Ou algum outro arranjo desses
[2017-10-24 02:32:25] Felipe "Juca" Sanches: Mas, enfim... não acho que deveríamos perder o foco. O mais legal desse papo todo é o fato de termos descoberto que nós 2 estamos interessados na montagem desse mesmo kit, que é incrível!
[2017-10-24 02:33:45] Felipe "Juca" Sanches: Me faz lembrar de uns quase 10 anos atrás quando rolou uma conversa muito parecida sobre rachar os custos de um kit de impressora 3D da Makerbot pra montar coletivamente entre uma galera. Nem existia Garoa naquela época, então uma das possibilidades postas na mesa foi justamente de deixar a coisa montada na minha casa. Na prática, a compra coletiva nunca rolou.
[2017-10-24 02:34:13] Felipe "Juca" Sanches: Mas alguns anos depois o Garoa comprou uma impressora 3D. Aquela que eu trouxe dos EUA, comprada das mãos do Bre Pettis.
[2017-10-24 02:35:14] Felipe "Juca" Sanches: E depois, com a experiência da montagem dessa primeira, eu e um amigo, o Pitanga, também do Garoa, compramos peças pra montar uma outra máquina (uma RepRap) e depois decidimos abrir uma empresa e acabamos vendendo 150 impressoras 3D antes de parar de atuar nesse ramo.
[2017-10-24 02:36:12] Felipe "Juca" Sanches: A diferença é que impressoras 3D estavam em alta no mercado. E clones de computadores IBM-PC estão hoje em dias um pouquinho atrasados (só algumas décadas...).
[2017-10-24 10:41:58] Felipe "Juca" Sanches: Vai ter o evento MSX Jaú semana que vem. Alguém aqui quer ir? http://wvsmsx.wixsite.com/msxjau
[2017-10-24 10:50:12] Werner Eck: Opa. Quanto ao IBM veja aí, o quanto vc pode pagar da sua parte, pra vc ficar com ele. Daí o restante eu completo. Vai ser um bom treinamento pra qdo eu tiver condições d comprar um pra mim. 👍🏻
[2017-10-24 10:50:38] Werner Eck: Como eu disse, gostaria de montar uma placa dessas.
[2017-10-24 12:06:15] Felipe "Juca" Sanches: Ainda acho que no fim das contas vale a pena comprar 2 kits hehe
[2017-10-24 12:06:40] Werner Eck: 👍
[2017-10-24 12:07:00] Werner Eck: Só q o meu vai ter q esperar um pouquinho agora...
[2017-10-24 12:08:31] Felipe "Juca" Sanches: é... eu também não tô em condições de comprar isso agora
[2017-10-24 12:09:03] Felipe "Juca" Sanches: e eu já tenho um monte de desafios técnicos no meu colo nesse momento, então não é por falta de brinquedinhos...
[2017-10-24 12:09:27] Felipe "Juca" Sanches: por exemplo esse CP-500 que eu arranjei e que desejo restaurar
[2017-10-24 12:11:14] Werner Eck: vc vai restaurar ele todo?
[2017-10-24 12:32:02] Ismael Luceno: Oi
[2017-10-24 12:34:11] Ismael Luceno: Vocês estão pensando pequeno, eu quero uma fábrica numa caixa, e poder produzir os integrados. Hoje seria viável imprimir os circuitos na sua casa...
[2017-10-24 12:35:00] Ismael Luceno: 😜
[2017-10-24 12:45:06] Felipe "Juca" Sanches (in reply to Werner Eck): Eu nunca digo "eu vou fazer". Eu sempre prefiro dizer "seria legal fazer" ou "estou fazendo".
[2017-10-24 12:45:37] Felipe "Juca" Sanches: No momento estou estudando o circuito da fonte de alimentação para entender os princípios de funcionamento e a pinagem
[2017-10-24 12:45:55] Felipe "Juca" Sanches: E então inspecionar os componentes e possivelmente trocar todos os capacitores.
[2017-10-24 12:46:29] Felipe "Juca" Sanches: e arranjar algum transformador com os números corretos de enrolamentos
[2017-10-24 12:47:48] Werner Eck: Por experiência, eu te diria: Primeira coisa, troque de cara TODOS os caps.
[2017-10-24 12:48:01] Werner Eck: Sem conversa. Simplesmente troque-os todos.
[2017-10-24 12:48:05] Felipe "Juca" Sanches: sim
[2017-10-24 12:48:53] Felipe "Juca" Sanches: todos os eletrolíticos? ou também os cerâmicos? Acho que posso dar uma chance pros cerâmicos. Mas os eletrolíticos é certeza que estão ressecados depois de 30 anos
[2017-10-24 12:49:01] Werner Eck: Depois, vc inspeciona o circuito, com osciloscópio, indo atrás de ripples (mesmo após trocados os caps), falha no chaveamento do TR, etc
[2017-10-24 12:49:05] Werner Eck: TODOS.
[2017-10-24 12:49:30] Werner Eck: Eletrolíticos com certeza já possuem vazamento.
[2017-10-24 12:49:46] Werner Eck: Capacitores cerâmicos e/ou a óleo, com certeza já ressecaram
[2017-10-24 12:49:58] Werner Eck: pode trocar, me agradeça depois.. rs
[2017-10-24 12:50:17] Werner Eck: é tão barato, q nem compensa perder seu tempo inspecionando um a um. Troque mesmo
[2017-10-24 12:50:43] Felipe "Juca" Sanches: onde você compra componentes?
[2017-10-24 12:52:31] Werner Eck: depende... eu procuro pesquisar e depende da disponibilidade e preços. Pera q eu vou compilar uma listinha pra vc
[2017-10-24 12:53:13] Felipe "Juca" Sanches: valeu
[2017-10-24 12:53:23] Felipe "Juca" Sanches: tô indo para a USP agora
[2017-10-24 12:53:42] Felipe "Juca" Sanches: encontrar com um cara lá da pós-graduação da Poli que tá interessado em aprender sobre emuladores
[2017-10-24 12:54:11] Felipe "Juca" Sanches: ele tinha ido conversar com o professor João José Neto semana passada, um dia depois de eu ter feito o mesmo.
[2017-10-24 12:54:35] Felipe "Juca" Sanches: O professor tinha me dito que não havia alunos com interesses nesses assuntos hoje em dia
[2017-10-24 12:54:58] Felipe "Juca" Sanches: mas em menos de 24 horas apareceu um maluco lá pra falar com ele justamente sobre este assunto
[2017-10-24 12:55:04] Felipe "Juca" Sanches: aí o professor nos colocou em contato
[2017-10-24 12:56:36] Werner Eck: Legal!!
[2017-10-24 12:56:41] Werner Eck: Pode contar +1
[2017-10-24 12:56:43] Werner Eck: https://www.eletro-parts.com/
http://www.baudaeletronica.com.br/
http://www.compomil.com.br/
http://www.eletroaquila.net/
http://proesi.com.br/
http://www.soldafria.com.br/
https://www.ryndackcomponentes.com.br/
https://www.sotudo.com.br/index
[2017-10-24 12:58:17] Werner Eck: Eu quero aprender sobre emulação.
[2017-10-24 13:04:03] Felipe "Juca" Sanches: Legal. Vou anotar aqui essas URLs Obrigado
[2017-10-24 13:04:12] Felipe "Juca" Sanches: Preciso ir agora pra USP. Té mais!
[2017-10-24 13:14:37] Werner Eck: Beleza. Tem tbm os pacotes fechados, com valores variados - muito útil qdo vc precisa trocar uma gama de componentes e com valores diversos - eu costumo comprar assim: https://www.ebay.com/sch/i.html?_from=R40&_trksid=p2050601.m570.l2632.R2.TR3.TRC1.A0.H2.Xcapacitor+assorted.TRS0&_nkw=capacitor+assorted&_sacat=92074
[2017-10-24 13:16:03] Werner Eck: Existe pacotes com td q vc imaginar: capacitores, resistores, CIs, etc. Vale mais a pena comprar desses chineses, q sai muuuuuito barato.
