[2017-10-25 00:00:20] Werner Eck: https://youtu.be/lNa9bQRPMB8
[2017-10-25 02:18:54] Felipe "Juca" Sanches (in reply to Werner Eck): Clássico!
[2017-10-25 09:41:34] Werner Eck: Tem mais videos interessantes nesse canal, vale dar uma pesquisada nele.
[2017-10-25 17:13:25] Felipe "Juca" Sanches: Eu tenho uma hora e meia de gravação de uma conversa minha com a professora Edith Ranzini (gravado com autorização dela)
[2017-10-25 17:13:43] Felipe "Juca" Sanches: Em algum momento eu pretendo publicar na íntegra o áudio
[2017-10-25 17:14:31] Felipe "Juca" Sanches: mas acho bom antes eu fazer uma transcrição talvez.
[2017-10-25 17:14:46] Felipe "Juca" Sanches: alguém aqui tem interesse em ouvir essa conversa?
[2017-10-25 17:15:05] Felipe "Juca" Sanches: ela conta um pouco de como era a computação na Poli na década de 70
[2017-10-25 17:15:13] Werner Eck: Sim, eu tenho interesse.
[2017-10-25 17:15:41] Werner Eck: Essa época tem um significado especial pra mim
[2017-10-25 17:16:11] Felipe "Juca" Sanches: ok. Posso te enviar por email os arquivos de áudio. Peço, entretanto, que não torne disponível ao público geral antes de me consultar.
[2017-10-25 17:16:52] Felipe "Juca" Sanches: qual é o seu email ?
[2017-10-25 17:16:54] Werner Eck: ou se vc preferir, pode colocar na nuvem e deixar o link pra eu escutar... soundcloud, ou outro. Deixa privado.
[2017-10-25 17:17:03] Werner Eck: wmoecke@gmail.com
[2017-10-25 17:19:03] Felipe "Juca" Sanches: Apenas considere publicar os áudios sem me consultar se eu acabar batendo as botas antes de fazê-lo :-P
[2017-10-25 17:21:14] Werner Eck: Não tem problema.
[2017-10-25 17:21:17] Felipe "Juca" Sanches: Se mais alguém aqui tiver interesse em ouvir a entrevista com a professora Edith Ranzini (que projetou o sistema de controle da memória de núcleo de ferrite do Patinho Feio), me avisem que eu mando uma cópia dos áudios por email.
[2017-10-25 17:21:21] Werner Eck: Vida longa a todos nós.
[2017-10-25 17:21:31] Felipe "Juca" Sanches: É o que esperamos :-)
[2017-10-25 17:21:55] Werner Eck: Qual a formação dela?
[2017-10-25 17:22:07] Felipe "Juca" Sanches: Engenheira pela Poli-USP
[2017-10-25 17:22:26] Werner Eck: legal
[2017-10-25 17:23:17] Felipe "Juca" Sanches: http://lattes.cnpq.br/2772464103103541
[2017-10-25 17:23:49] Felipe "Juca" Sanches: Possui graduação em Engenharia de Eletricidade pela Universidade de São Paulo (1969), mestrado em Engenharia de Sistemas pela Universidade de São Paulo (1975) e doutorado em Engenharia Elétrica pela Universidade de São Paulo (1981). Atualmente é professora doutora da Pontifícia Universidade Católica de São Paulo, diretora e coordenadora de projetos na Fundação para o Desenvolvimento Tecnológico da Engenharia e professora sênior da Universidade de São Paulo. Tem experiência na área de Engenharia Elétrica, com ênfase em Sistemas Digitais, atuando principalmente nos seguintes temas: engenharia de computação, ensino de graduação, ia, redes neurais e sistemas gráficos.
[2017-10-25 17:26:22] Werner Eck: Ela ainda leciona! 😮
[2017-10-25 17:26:31] Werner Eck: tirou mestrado qdo eu tinha só 4 anos
[2017-10-25 17:27:05] Felipe "Juca" Sanches: você nasceu em 1971 ?
[2017-10-25 17:27:09] Werner Eck: sim
[2017-10-25 17:27:13] Werner Eck: no ano do 4004
[2017-10-25 17:27:23] Felipe "Juca" Sanches: no ano do Patinho Feio !
[2017-10-25 17:27:26] Werner Eck: exato
[2017-10-25 17:27:41] Werner Eck: por isso eu disse q os anos 70 tem significado especial pra mim
[2017-10-25 17:28:04] Felipe "Juca" Sanches: qual é o seu aniversário ?
[2017-10-25 17:28:20] Werner Eck: Minha vontade de participar contigo no rebuild do patinho feio tem um motivo especial... 😋
[2017-10-25 17:28:25] Werner Eck: 09/02/1971
[2017-10-25 17:29:34] Felipe "Juca" Sanches: é... você provavelmente nasceu um pouco antes do início do projeto da máquina.
[2017-10-25 17:30:07] Werner Eck: mas com ctz eu tava feliz e contente no dia q ligaram a chave pela primeira vez
[2017-10-25 17:30:09] Werner Eck: :)
[2017-10-25 17:31:00] Felipe "Juca" Sanches: se eu entendi direito a história, o Patinho Feio foi projetado ao longo de 1971, mas só terminou de ser ocnstruído e foi inaugurado em julho de 1972.
[2017-10-25 17:31:02] Werner Eck: mais velho q esse computador era o Zezinho (acho), projetado no ITA
[2017-10-25 17:31:09] Felipe "Juca" Sanches: exatamente
[2017-10-25 17:31:13] Felipe "Juca" Sanches: 1961
[2017-10-25 17:31:41] Cássia Sampaio left
[2017-10-25 17:31:46] Werner Eck: Se não me engano, pelo que pesquisei na época, um dos formandos que participou do projeto trabalha(ou) no banco Safra
[2017-10-25 17:31:46] Felipe "Juca" Sanches: Mas é uma pena que não exista (até onde eu saiba) registro técnico das caracteristicas do Zezinho
[2017-10-25 17:32:36] Werner Eck: eu sou alguns meses mais velho q o Patinho
