[2017-03-18 00:04:39] Cássia Sampaio (in reply to Felipe "Juca" Sanches): fechou
[2017-03-18 00:26:25] Felipe "Juca" Sanches: @Belimawr Consegui rodar. E já corrigi as cores dos LEDs e botões na interface do painel virtual: https://github.com/felipesanches/PatinhoFeio_Arduino/commit/d2a27ab557af08ac2411dd7ba0d7c74600fa0ad9
[2017-03-18 00:54:20] Tiago Queiroz: Para rodar basta abrir o arquivo no Processing
[2017-03-18 00:54:56] Felipe "Juca" Sanches: sim, eu não tinha o processing instalado aqui ainda
[2017-03-18 00:55:23] Tiago Queiroz: legal o ajuste das coisas
[2017-03-18 00:55:45] Tiago Queiroz: eu estava bem mais focado em ter todos os leds/botões do que acertar as cores :P
[2017-03-18 00:56:00] Tiago Queiroz: esse final de semana eu espero conseguir fazer uma interface decente com o arduino
[2017-03-18 00:56:08] Felipe "Juca" Sanches: legal
[2017-03-18 00:56:13] Tiago Queiroz: pelo menos para ver os leds piscarem
[2017-03-18 00:56:28] Felipe "Juca" Sanches: faltaram as luzes das fases de operação
[2017-03-18 00:56:36] Tiago Queiroz: vou ter que dar uma refatorada no código por causa dos botões que tb são inputs
[2017-03-18 00:56:37] Felipe "Juca" Sanches: que são brancas também
[2017-03-18 00:56:59] Tiago Queiroz: acho que vou acabar colocando uma lista de objetos que tem a coordenada do led, e tamanho
[2017-03-18 00:57:01] Felipe "Juca" Sanches sent photo: /home/felipe/devel/github_garoa/Telegram_logs_Garoa_Hacker_Clube_Publico/media/Arqueologia_Digital_e_Preservação_Histórica_por_meio_da_Emulação_de_Dispositivos_Eletrônicos#1/download_803115942_21037.jpg
[2017-03-18 00:57:04] Tiago Queiroz: sim
[2017-03-18 00:57:19] Tiago Queiroz: elas eu nem coloquei pq não tem nada implementado no emulador
[2017-03-18 00:58:06] Felipe "Juca" Sanches: acho que dá pra reduzir bastante a repetição de blocos de código nesse script
[2017-03-18 00:59:03] Felipe "Juca" Sanches: implementando uma função genérica que recebe um vetor de coordenadas e um vetor de 2 callbacks (on_cb, off_cb)
[2017-03-18 01:01:29] Tiago Queiroz: sim
[2017-03-18 01:01:35] Tiago Queiroz: da para melhorar muito
[2017-03-18 01:02:52] Tiago Queiroz: acho que o melhor é representar cada botão/led como uma classe que tem o esdado, coordenada e sabe se desenhar
[2017-03-18 01:03:24] Tiago Queiroz: ai podemos fazer classes mais específicas que sabem se desenhar como botão ou cores diferetes
[2017-03-18 01:04:19] Tiago Queiroz: amanhã vou ver se integro com o arduino usando aquele demo de piscar led do seu código e depois refatorar o código
[2017-03-18 01:30:35] Felipe "Juca" Sanches: legal!
[2017-03-18 10:10:06] Ricardo Bánffy (in reply to Felipe "Juca" Sanches): que legal isso.
[2017-03-18 10:13:13] Felipe "Juca" Sanches: O Tiago @Belimawr está planejando interfacear esse painel virtual com o Arduino via USB-serial ainda hoje
[2017-03-18 10:14:03] Felipe "Juca" Sanches: Já eu estou terminando o port do emulador (a emulação de todas as outras instruções que nós deixamos de lado ante-ontem por que não eram essenciais para a execução do Hello-World)
[2017-03-18 11:32:38] Tiago Queiroz: A interface do arduino com o display emulado (Processing) está quase pronto: https://github.com/belimawr/PatinhoFeio_Arduino/tree/updating_display
[2017-03-18 11:32:54] Tiago Queiroz: só falta algumas conversões de tipo para funcionar e depois uma boa refatorada no código
[2017-03-18 11:33:00] Tiago Queiroz: hoje a noite eu termino isso \o/
[2017-03-18 11:36:32] Felipe "Juca" Sanches: hoje à noite?! Bom... então dê uma olhadinha antes de retomar a programação pois tem uma certa chance de eu terminar essa parte durante o dia então...
[2017-03-18 11:37:21] Felipe "Juca" Sanches sent document: /home/felipe/devel/github_garoa/Telegram_logs_Garoa_Hacker_Clube_Publico/media/Arqueologia_Digital_e_Preservação_Histórica_por_meio_da_Emulação_de_Dispositivos_Eletrônicos#1/download_328774854541050073.webp
[2017-03-18 11:37:39] Tiago Queiroz: É... meu dia não vai ser só patinho feio, kkkk
[2017-03-18 11:38:12] Felipe "Juca" Sanches: :-)
[2017-03-18 11:38:15] Felipe "Juca" Sanches: 👍
[2017-03-18 11:38:53] Tiago Queiroz: Olha lá o código nesse link que mandei. Só falta ajustar.os.tipos para ficar funcionando.
[2017-03-18 11:41:38] Felipe "Juca" Sanches: ok
[2017-03-18 11:41:42] Felipe "Juca" Sanches: to lendo
[2017-03-18 22:03:18] Felipe "Juca" Sanches: Tiago (@Belimawr), dei uma aprimorada na emulação e mesclei com o seu código.
[2017-03-18 22:03:31] Felipe "Juca" Sanches: Ainda falta eu emular mais algumas instruções...
[2017-03-18 23:04:41] Tiago Queiroz: Blz
[2017-03-18 23:04:51] Tiago Queiroz: Quando eu chegar em casa eu dou uma olhada
