[2017-09-29 11:31:01] Mike Howard: A Gabriela quer uma carona para hoje ou amanhã
[2017-09-29 11:31:56] Mike Howard: Ela esteve no garoa algumas vezes
[2017-09-29 11:32:57] Fabio Hirano: Saio do Garoa as 21:37
[2017-09-29 11:42:29] Gabriel Almeida: Que pessoa precisa.
[2017-09-29 11:43:12] Mike Howard: Parece que ela vai ir com a Arlete hoje as 15h
[2017-09-29 11:44:12] Mike Howard (in reply to Gabriel Almeida): Gabriela, uma arquiteta que esteve no Garoa e na praça algumas vezes
[2017-09-29 14:44:47] Oda added Felipe Sousa
[2017-09-29 15:50:22] Oda: Pessoal, estou indo daqui a pouco para o lugar
[2017-09-29 15:50:41] Oda: Quem puder vir mais cedo, pode ajudar na arrumação
[2017-09-29 15:50:54] Oda: Alguém pode trazer um projetor?
[2017-09-29 15:51:03] Oda: Esqueci de pegar o meu no escritório
[2017-09-29 15:53:58] Mike Howard: Cheguei
[2017-09-29 15:54:10] Oda: No Camp?
[2017-09-29 15:54:11] Mike Howard: Eu Arlete e Gabriela
[2017-09-29 15:54:14] Oda: Opa
[2017-09-29 15:54:14] Mike Howard: Sim
[2017-09-29 15:54:19] Oda: Vou encontrar com vcs
[2017-09-29 15:54:21] Oda: 10 min
[2017-09-29 15:54:45] Mike Howard: Não se preocupe eu me viro
[2017-09-29 15:54:46] Oda sent document: /home/felipe/devel/github_tvdstaaij/telegram-history-dump/output/media/Garoa_Hacker_Camp_2.0/download_5075701679358214160.ogg
[2017-09-29 15:55:05] Mike Howard: Já achei aqui
[2017-09-29 15:55:11] Oda sent document: /home/felipe/devel/github_tvdstaaij/telegram-history-dump/output/media/Garoa_Hacker_Camp_2.0/download_5075701679358214161.ogg
[2017-09-29 15:59:58] Felipe Sousa: Que vai a noite e tenha vaga no carro para da uma carona
[2017-09-29 16:01:29] Mike Howard: Está frio
[2017-09-29 16:01:29] Mike Howard: Tragam blusa
[2017-09-29 16:03:02] Mike Howard: Ok vamos aí então
[2017-09-29 16:09:49] Oda sent document: /home/felipe/devel/github_tvdstaaij/telegram-history-dump/output/media/Garoa_Hacker_Camp_2.0/download_5078004232800436251.ogg
[2017-09-29 16:12:31] Mike Howard: Qual a casa?
[2017-09-29 17:05:24] Mike Howard: Como estão aí os planos pra vir ?
[2017-09-29 17:12:43] tiago s: Vc ja esta la Mike ?
[2017-09-29 18:24:59] Oda: Estamos aqui
[2017-09-29 19:31:56] Mike Howard: Sim estou
[2017-09-29 19:32:59] Mike Howard: Estamos mexendo no Wi-Fi daqui
[2017-09-29 19:32:59] Mike Howard: Tentar fazer chegar mais longe
[2017-09-29 19:35:20] Mike Howard sent photo: /home/felipe/devel/github_tvdstaaij/telegram-history-dump/output/media/Garoa_Hacker_Camp_2.0/download_804726310_14276.jpg
[2017-09-29 21:37:31] Mike Howard: Tudo bom aí?
[2017-09-29 21:38:14] Mike Howard: Conseguimos levar Wi-Fi até la embaixo
