[2017-09-30 06:41:11] Afonso Coutinho: Tô indo daqui 2-3horas
[2017-09-30 06:41:34] Afonso Coutinho: Se alguém quiser carona ainda me fala no privado
[2017-09-30 06:41:53] Afonso Coutinho: Precisam de alguma coisa?
[2017-09-30 06:42:04] Afonso Coutinho: Comida? Bebidas?
[2017-09-30 06:42:22] Afonso Coutinho: Me manda o endereço aí alguém
[2017-09-30 07:08:51] DQ: Dê um Bing no Family Park Gospel
[2017-09-30 07:11:06] Afonso Coutinho: Vlz
[2017-09-30 07:11:09] Afonso Coutinho: Blz
[2017-09-30 07:11:12] Afonso Coutinho: Lembrei
[2017-09-30 07:11:13] Afonso Coutinho: Ahhaha
[2017-09-30 08:05:01] DQ: Saio de Osasco daqui a cerca de uma hora. Precisa levar alguma coisa?
[2017-09-30 08:10:27] Oda: Acho que não
[2017-09-30 09:28:52] Mike Howard: Perguntaram que horas a gente quer ir tomar café da manhã
[2017-09-30 09:29:15] Mike Howard: Estão esperando desde as 8 para fazer na hora algumas coisas
[2017-09-30 09:53:45] Afonso Coutinho: Indo agora
[2017-09-30 09:53:48] Afonso Coutinho: Chego em 1h
[2017-09-30 10:11:36] Fabio Hirano sent photo: /home/felipe/devel/github_tvdstaaij/telegram-history-dump/output/media/Garoa_Hacker_Camp_2.0/download_804722443_36676.jpg
[2017-09-30 10:11:42] Fabio Hirano: Hacker Camp Gourmet
[2017-09-30 11:12:41] Afonso Coutinho: Onde vcs tão?
[2017-09-30 11:18:57] DQ: Na piscina
[2017-09-30 11:19:28] Afonso Coutinho: Blz,
