[2017-05-25 00:06:02] photo: /home/felipe/devel/github_tvdstaaij/telegram-history-dump/output/media/Garoa_Hacker_Clube_(Público)/download_803118904_59174.jpg
[2017-05-25 00:25:58] photo: /home/felipe/devel/github_tvdstaaij/telegram-history-dump/output/media/Garoa_Hacker_Clube_(Público)/download_268209261547357156.webp
[2017-05-25 00:26:12] Turbo kid ftw
[2017-05-25 00:42:47] 😱
[2017-05-25 06:19:06] Bom dia galera. Tenho a alegria de informar que hoje é o dia da Toalha
[2017-05-25 06:19:29] E que hj faz 40 anos do filme star wars IV
[2017-05-25 06:21:10] E antes de mais nada
[2017-05-25 06:21:32] NAO ENTRE EM PANICO
[2017-05-25 06:39:49] Queria q n fosse tao caro ir de cambridge pra londres dia de semana :/ pra ir dar um rolê no tumulo do douglas adams hoje
[2017-05-25 07:50:57] 😞
[2017-05-25 10:13:04] Gente alguém sabe onde consigo comprar vidro temperado (de preferencia na zona sul)?

To precisando comprar um vidro para a minha impressora 3D
[2017-05-25 10:13:09] https://arstechnica.com/information-technology/2017/05/90-of-windows-devs-now-using-git-creating-1760-windows-builds-per-day/
[2017-05-25 10:14:01] saudades da epoca que a inimiga era a ms...
[2017-05-25 10:16:37] o ceo atual da ms é bom
[2017-05-25 10:16:46] nao que ser melhor que o balmer seja lá grandes coisas
[2017-05-25 10:20:06] A MS não é mais A inimiga. Agora ela é apenas UMA inimiga.
[2017-05-25 10:20:24] ne?
[2017-05-25 10:20:32] e ainda assim eh a que menos me preocupa...
[2017-05-25 10:20:34] pois e...
[2017-05-25 10:22:21] aquele papo do win10 mandar tudo para a ms chegou a me preocupar, mas instalei um esses dias naqueles notes do lote da renova e parece que eh praticamente opt-in
[2017-05-25 10:23:27] Bom dia!
 O dólar hoje tá R$ 3,27
O euro hoje tá R$ 3,68
O bitcoin hoje tá R$ 11886,12
O litecoin hoje tá R$ 127,43
[2017-05-25 10:25:11] novo bot no grupo?
[2017-05-25 10:27:59] I'm bot cool.
[2017-05-25 10:48:28] novo bot no grupo?
[2017-05-25 10:49:18] @Dmud0 /cotacoes
[2017-05-25 10:49:22] (isso foi um teste pra ver como o bicho reage, ou se é só um humano que fala com sotaque de bot)
[2017-05-25 10:53:19] @evandrodp 
/cotacoes

O dólar hoje tá R$ 3,27
O euro hoje tá R$ 3,68
O bitcoin hoje tá R$ 11886,12
O litecoin hoje tá R$ 127,43

/cotacoes
[2017-05-25 10:58:14] Pergunta pro Oda de um tal cemitério do Vidro, onde vc pode comprar pedaços usados...
[2017-05-25 11:12:56] http://www.psdovidro.com.br
[2017-05-25 11:24:55] Na vila olimpia tem uma empresa grande de venda de vidros, não lembro o nome... Na gomes de Carvalho salvo ledo engano
[2017-05-25 11:34:00] nesse site do ps do vidro acho que eles nao falam do cemiterio/sucata
[2017-05-25 11:34:46] fica na barao de jaceguai, para o lado do brooklin
[2017-05-25 11:35:06] mas la provavelmente nao tem vidro pequeno
[2017-05-25 11:35:17] e como vc quer algo numa dada medida, vai ter que mandar cortar e temperar mesmo
[2017-05-25 11:35:34] estou com um vidro de scanner aqui para testar para o mesmo fim
[2017-05-25 11:36:14] o ultimo vidro que tentei tinha muita variacao na espessura, imperceptivel, mas que para precisao de impressao 3d nao rola
[2017-05-25 11:36:57] se nao tiver um vidro de scanner a mao, talvez espelho seja uma opcao mais interessante
[2017-05-25 11:37:01] É o Pronto Socorro do Vidro, link que mandei. 
A loja da Barão de Jaceguai fechou, mas tem outras. Você pode mandar cortar e temperar o tamanho que quiser.
[2017-05-25 11:37:53] o sucatao deles ainda eh na barao
[2017-05-25 11:38:45] para vidro temperado grande, acho que vale a pena
[2017-05-25 11:39:41] o vidro daquela mesa do garoa (biblioteca) veio de la, acho que paguei menos de 100 reais
[2017-05-25 11:41:18] po, agora eles tem ate site ;)
[2017-05-25 11:41:20] http://vidrosusadosnasuaobra.com.br/
[2017-05-25 11:41:35] Que boa informação 👍
[2017-05-25 12:35:06] TInha um scanner desmontado lá no Garoa. Está no vortex acho. Veja se ainda tem o vidro dele ;)
[2017-05-25 12:35:51] https://www.urionlinejudge.com.br/judge/pt/contests/view/266?utm_source=contest-maratona-mineira-2017&utm_medium=email&utm_campaign=contest-maratona-mineira-2017
[2017-05-25 12:51:25] kkkkkkkkkk
[2017-05-25 12:51:36] document
[2017-05-25 13:34:47] @Latex_lin vai colar hj?
[2017-05-25 13:38:09] Simmmmm
[2017-05-25 13:38:19] blz
[2017-05-25 13:38:23] vou tb
[2017-05-25 13:48:53] colar onde?
[2017-05-25 13:51:51] Vlw, mas de scanner vai ser muito  grande...
[2017-05-25 13:54:14] Estou com um espelho aqui em casa, funciona, mas eu queria conseguir algo mais resistente...
[2017-05-25 14:03:31] Cara, compra novo, na medida
[2017-05-25 14:03:39] Sai barato
[2017-05-25 14:07:27] Sim, vou olhar as lojas que vocês mandaram
[2017-05-25 14:07:34] Vlw gente!
[2017-05-25 14:07:39] Alguem tem link do citizenfour legendado ? :v
[2017-05-25 14:18:34] No garoa?
[2017-05-25 14:19:52] Adesivo na parede
[2017-05-25 14:43:54] Tivemos 770 pessoas presentes nestes dois dias de BsidesSP v14 (20 e 21/5/2017).
Obrigado a rodos que vieram!
http://anchisesbr.blogspot.com.br/2017/05/seguranca-bsidessp-em-numeros.html?m=1
[2017-05-25 15:12:49] document: /home/felipe/devel/github_tvdstaaij/telegram-history-dump/output/media/Garoa_Hacker_Clube_(Público)/download_272479773299573147.webp
[2017-05-25 15:14:50] Será que chegaremos a 1k na próx edição? #Bolão
[2017-05-25 15:22:03] Por edição aumenta 100-120
[2017-05-25 15:22:40] Se fizer campanha chega 1k
[2017-05-25 15:31:20] Se pegar os erros q aconteceram e melhorar um pouco, chega a 1k fácil
[2017-05-25 15:43:59] Mas não tem nada de errado
[2017-05-25 15:44:43] Me colocar 10 rés a entrada e uma balada funk da 1200
[2017-05-25 15:46:47] Não vejo "Erros", mas enxergo "Pontos de Melhoria"...
[2017-05-25 15:53:08] É pq depois q vc fez sua apresentação vc saiu, se tivesse ficado lá, teria visto q os horários cagaram tds, tive q correr atrás de palestrante, sendo q eu tava na lojinha, mas blz, tem os "pontos de melhoria" bora melhorar
[2017-05-25 15:59:06] Depois de mim, não tinha ninguem planejado
[2017-05-25 15:59:17] e a minha LT atrasou 30min
[2017-05-25 15:59:26] esses pontos, podemos melhorar
[2017-05-25 15:59:40] Creio que isso é "braço" de fato
[2017-05-25 15:59:47] alguem monitorando o tempo
[2017-05-25 16:00:05] Isso q tô falando, fácil arrumar voluntários hj kkk
[2017-05-25 16:00:25] alguem ajudando no CFP pra fechar agenda
[2017-05-25 16:44:53] photo: /home/felipe/devel/github_tvdstaaij/telegram-history-dump/output/media/Garoa_Hacker_Clube_(Público)/download_803119388_58989.jpg
[2017-05-25 16:57:20] photo: /home/felipe/devel/github_tvdstaaij/telegram-history-dump/output/media/Garoa_Hacker_Clube_(Público)/download_803115797_58605.jpg
[2017-05-25 17:27:57] Hauahhaauhaha
[2017-05-25 17:47:17] no garoa
[2017-05-25 17:48:07] garoa... Rsrsrsrs
[2017-05-25 17:49:16] taca fogo mais seguro
[2017-05-25 17:50:39] vamos criar um testador pra saber se ė ou não
[2017-05-25 17:51:38] Li com a voz do Silvio Santos: Será q é ou não é!?
[2017-05-25 17:52:02] Rsrsrsrs boa
[2017-05-25 17:52:18] é ou não é Lombardi?
[2017-05-25 18:12:14] Alguém q estiver vindo ao Garoa, por favor, traga um saco(pano de chão), eu tô arrumando umas coisas aqui e já tá chegando gente
[2017-05-25 18:18:24] tem pano de chão
[2017-05-25 18:18:35] se não no banheiro, lá fora
[2017-05-25 18:19:09] Já procurei, se não nem pedia
[2017-05-25 18:19:46] Nossa, Jureg
[2017-05-25 18:20:03] Tem no armário
[2017-05-25 18:22:52] Como é um armário? Nem imagino, deve ser uma caixinha mágica q tu coloca a mão e sai às coisas q vc precisa kkk
[2017-05-25 18:50:25] Nossa, jureg
[2017-05-25 19:15:25] Sobre w10
Desinstala paint 3d, reinicia a máquina e busca pelo app no gerenciador
Ele estará lá ainda
Um cara rodou w10 numa vm e é assustador o que esse so faz por conta
[2017-05-25 19:20:27] Fernando achou ainda precisa?
[2017-05-25 19:20:51] Ainda precisa
[2017-05-25 19:22:55] passo no mercado e pego
[2017-05-25 19:23:06] Fernando Guisso added b19n47
[2017-05-25 19:23:06] Hi b19n47 ‮:: !
[2017-05-25 19:23:18] Obg
[2017-05-25 19:23:52] Estou indo ,vou ver se pego por aqui e levo pra você
[2017-05-25 19:24:11] 👍
[2017-05-25 19:25:11] Opa
[2017-05-25 19:28:03] tô me sentindo em 2010 com esse rtl control code no teu nome
[2017-05-25 19:28:12] como você é legal cara
[2017-05-25 19:43:28] Dá uma passada nos nick do @archlinuxbr
[2017-05-25 19:43:56] N q eu possa falar mto dado meu @, mas lá tem uns bem msn plus
[2017-05-25 19:44:57] hahahahaha msn plus
[2017-05-25 19:45:04] Hahahaha
[2017-05-25 19:47:46] photo: /home/felipe/devel/github_tvdstaaij/telegram-history-dump/output/media/Garoa_Hacker_Clube_(Público)/download_415606904148983860.webp
[2017-05-25 19:48:07] edgelords
[2017-05-25 20:06:20] O difícil é arrumar voluntários que não furam :(
[2017-05-25 20:07:25] Coloca um voluntário que não fura pra tomar conta de voluntários q não furam
[2017-05-25 20:07:48] Só conheço voluntário que fura :(
[2017-05-25 20:08:25] Então vc tá mal de contatos
[2017-05-25 20:08:48] photo: /home/felipe/devel/github_tvdstaaij/telegram-history-dump/output/media/Garoa_Hacker_Clube_(Público)/download_182536080015229485.webp
[2017-05-25 20:11:51] To mal sim. A edição desse ano saiu por milagre, tamanha a quantidade de coisas q deram errado (e felizmente ninguém percebeu). To escrevendo um post no meu blog sobre isso, de tão surreal q for
[2017-05-25 20:11:56] *foi
[2017-05-25 20:19:55] Show, espero poder ajudar mais da próxima, apesar dos correios Loko q eu fiz
[2017-05-25 20:21:38] Rsrsrsrs te te l ver tentar gt e e eu
[2017-05-25 20:22:25] document: /home/felipe/devel/github_tvdstaaij/telegram-history-dump/output/media/Garoa_Hacker_Clube_(Público)/download_694481660414001199.webp
[2017-05-25 20:28:06] document: /home/felipe/devel/github_tvdstaaij/telegram-history-dump/output/media/Garoa_Hacker_Clube_(Público)/download_804740128_28992.jpg
[2017-05-25 20:29:36] kkkkkkkkkk
[2017-05-25 20:29:47] Obrigado pela receptividade galera
[2017-05-25 20:32:38] document: /home/felipe/devel/github_tvdstaaij/telegram-history-dump/output/media/Garoa_Hacker_Clube_(Público)/download_589936938044096531.webp
[2017-05-25 20:37:58] Na boa, qualquer crítica ou sugestão é bem vinda. Cometemos erros q ninguém percebeu, outros q todos perceberam e outros que nós não percebemos.
[2017-05-25 20:39:10] escreveu já?
[2017-05-25 20:39:32] todos fazem o que ninguem faz.... ninguem faz o que todos fazem... alguem foi la e fez algo que outro nao fez... rs
[2017-05-25 21:40:44] WHAT?!
[2017-05-25 21:40:59] buguei
[2017-05-25 21:41:52] 😆
[2017-05-25 22:02:38] document: /home/felipe/devel/github_tvdstaaij/telegram-history-dump/output/media/Garoa_Hacker_Clube_(Público)/download_606707282096422946.webp
[2017-05-25 22:03:33] essa thread aqui que eu citei
https://twitter.com/m8urnett/status/866353982217699328
[2017-05-25 23:58:07] photo: /home/felipe/devel/github_tvdstaaij/telegram-history-dump/output/media/Garoa_Hacker_Clube_(Público)/download_803111160_78549.jpg
