[2016-11-18 01:13:49] /help@jackbot
[2016-11-18 01:13:50] Message me first so i can message you !
[2016-11-18 08:01:21] https://www.allanbrito.com/2016/11/17/199-edicoes-da-revista-game-developer-em-pdf-download-gratuito/
[2016-11-18 09:13:58] document: /home/felipe/devel/github_tvdstaaij/telegram-history-dump/output/media/Garoa_Hacker_Clube_(Público)/download_114573964927303762.webp
[2016-11-18 09:23:25] Alguém do garoa já chegou
[2016-11-18 09:23:27] ?
[2016-11-18 09:43:26] Eu não
[2016-11-18 10:07:00] To aqui no espaço do Dumont. #Roadsec
[2016-11-18 10:41:43] To no stage
[2016-11-18 15:32:55] photo
[2016-11-18 15:32:57] Apresentando a vocês... Gotinha e Pingo!

São dois dos resgatados do encanamento da PUC durante E-Hal, que eu e a Elisa pegamos para sermos tutores.

Hoje levamos no veterinário para vermifugar, vacinar e (finalmente) ter certeza do sexo.

A Gotinha, mais pretinha, é fêmea e tem 500g.
O Pingo, mais cinza, é macho e tem 700g.
[2016-11-18 15:56:07] Grande viva aos seus padawans
[2016-11-18 15:57:58] Estão prontos para doação?
[2016-11-18 16:02:12] Já acharam um lar definitivo :)
[2016-11-18 16:19:19] Que lindos
[2016-11-18 18:42:48] Repassando [18/11 18:39]  +55 11 98229-4771 : Pessoal, a empresa que trabalho (Britech s/a) está procurando um programador júnior (Java ou .net). Quem tiver indicação pode mandar o cv para: wprates@britech.com
Obrigado.
[18/11 18:41]  +55 11 98229-4771 : Retificando: wprates@britech.com.br
[2016-11-18 19:12:33] Keni Sam joined
[2016-11-18 19:12:33] Hi Joao !
[2016-11-18 19:12:41] Hi, robot.
[2016-11-18 19:13:25] Valeu por divulgar👍
[2016-11-18 20:09:17] Lucas Montanheiro joined
[2016-11-18 20:09:18] Hi Lucas !
[2016-11-18 20:23:13] Olá boa noite, aí no Garoa tem o passaporte e caneca pra vender?
[2016-11-18 20:58:16] Passaporte tem pouquíssimos e serão levados pra venda no domingo na bsides
[2016-11-18 21:00:34] Qto esta cada?
[2016-11-18 21:00:56] Pq posso passar aí amanhã ao sair do trabalho e comprar
[2016-11-18 21:07:37] Desculpa a ignorância, o passaporte tem algum efeito prático além de decoração?
[2016-11-18 21:25:09] sim
[2016-11-18 21:25:20] defina efeito prático
[2016-11-18 21:25:38] Defina decoração
[2016-11-18 21:26:38] Rs
[2016-11-18 21:27:02] Pergunto diferente então: pra que serve o passaporte hacker?
[2016-11-18 21:38:16] Pra você ser reconhecido como frequentador de hackerspaces e colecionar carimbadas legais
[2016-11-18 21:39:51] photo
[2016-11-18 21:40:37] Estamos testando o robô que o DQ montou
[2016-11-18 21:44:22] Legal! Tá aí um pretexto legal pra sair viajando pelo mundo.
[2016-11-18 21:54:30] Funcionou?
[2016-11-18 21:55:45] E qto está cada um?
[2016-11-18 22:14:03] Tbm quero saber
[2016-11-18 22:16:37] Já já estarei hibernando, mas dependendo do valor deixe 3 separados que vejo a resposta amanhã pela manhã e no final do dia vou buscar
[2016-11-18 22:17:06] Boa noite à todos 😉
[2016-11-18 23:00:08] Putz.... nem deu tempo de mexer no meu robô ainda...
