[2016-12-31 09:32:01] 1 transmissor não precisa ainda mais se for pra DIY
[2016-12-31 09:33:42] Mas se for algo tipo chipeira que tem 64 chips e usa a rede GSM, vc precisa de certificação
[2016-12-31 09:49:38] photo: /home/felipe/devel/github_tvdstaaij/telegram-history-dump/output/media/Garoa_Hacker_Clube_(Público)/download_803734556_14309.jpg
[2016-12-31 12:05:01] Julio Trecenti joined
[2016-12-31 12:05:02] Hi Julio !
[2016-12-31 12:19:30] Pastebin.com/S8u2pySr
[2016-12-31 12:19:39] Fresquinho do titio temer rsrs
[2016-12-31 12:20:45] photo: /home/felipe/devel/github_tvdstaaij/telegram-history-dump/output/media/Garoa_Hacker_Clube_(Público)/download_803735575_14347.jpg
[2016-12-31 12:23:28] mentira haha
[2016-12-31 12:33:23] photo: /home/felipe/devel/github_tvdstaaij/telegram-history-dump/output/media/Garoa_Hacker_Clube_(Público)/download_803704948_36299.jpg
[2016-12-31 14:10:50] MITM pode ser abreviação de MIchel TeMer? 😜
[2016-12-31 14:21:12] document: /home/felipe/devel/github_tvdstaaij/telegram-history-dump/output/media/Garoa_Hacker_Clube_(Público)/download_12708606365401326.webp
[2016-12-31 14:21:27] Fresquinho? Dados públicos de 2014, não é?
[2016-12-31 14:26:27] Dados públicos TSE. Duvido que essa baguncinha no site revele algo.
[2016-12-31 14:27:21] Exposed tipo search Google
[2016-12-31 14:28:24] Hahaha
[2016-12-31 14:29:25] Corações, eu estou pensando em fazer alguma tralha com arduino +ifttt
[2016-12-31 14:29:56] Just for fun
[2016-12-31 14:32:15] Eu tô com preguiça até de pensar....
[2016-12-31 14:32:46] O q exatamente?
[2016-12-31 14:33:05] Só de pensar que o primeiro dia útil do ano vou aturar capivaras...
[2016-12-31 14:42:50] não lembro se eu compartilhei antes, esse script pra apagar logs dos servidores: https://notabug.org/desci/scripts/src/master/nolog.bash
[2016-12-31 14:43:12] Não tenho certeza ...
[2016-12-31 14:43:12] Eu vou beber alguma coisa antes pra pensar no assunto. Vou maturar a ideia e ver se mais alguém quer trabalhar no projeto.
[2016-12-31 14:43:58] É sim... É do documento de liberação pra participar das eleições, você pode consultar os bens declarados de qualquer candidato.
[2016-12-31 14:44:57] Obrigado yumi ....bom estão se vangloriando com algo público no pastebin rsrs
[2016-12-31 14:46:13] Típico de grupos br kkkkkkk aqui é comum.
[2016-12-31 14:46:41] Rsrs próxima vez vou checar melhor antes de falar rsrsrs
[2016-12-31 14:46:49] Quando não pegam dados do Serasa 😬
[2016-12-31 14:47:15] document: /home/felipe/devel/github_tvdstaaij/telegram-history-dump/output/media/Garoa_Hacker_Clube_(Público)/download_271007106323186074.webp
[2016-12-31 14:49:12] Onde isso é diferente, desculpa perguntar.
[2016-12-31 14:51:08] Hackudinho tem em qualquer lugar
[2016-12-31 14:51:54] Me refiro aos dados
[2016-12-31 14:52:50] Se o setor público tem uma concentração enorme de dados pegar de lá é ruim ou invalida algo?
[2016-12-31 14:59:45] no Brasil o setor público tem uma quantidade ínfima de dados
[2016-12-31 15:00:18] Sim
[2016-12-31 15:00:29] E o governo quer integrar tudo :)
[2016-12-31 15:00:36] sem medo de errar, a gente da mais de 80% pro feisse, sendo que dos outros 20%, quase a totalidade a gente da pra google independentemente de pra quem a gente da
[2016-12-31 15:01:31] existe uma porcentagem que o feisse e a google pegam ao mesmo tempo não associada à ultima estatística que eu dei
[2016-12-31 15:02:37] o motivo de eu botar isto em palavras é que recentemente alguém retomou o assunto: https://www.youtube.com/watch?v=5pFX2P7JLwA
[2016-12-31 15:14:59] Vai ter festa de ano novo no Garoa para os largados e excluídos, só chegar! Quem puder levar algo pra comer e beber!
[2016-12-31 15:15:13] pinned the message
[2016-12-31 15:17:07] Feliz Ano Novo, turma! 🎉👏⭐
[2016-12-31 15:36:29] Feliz Ano novo ..
[2016-12-31 15:38:16] Sou do rio ..
[2016-12-31 15:38:44] comi está o garoa?? esta muito movimentado? ?
[2016-12-31 15:38:58] pretendo conhecer agora em janeiro
[2016-12-31 15:41:19] Terça Quinta e Sexta são os dias mais ativos
[2016-12-31 15:42:36] Ok Rodrigo !!
[2016-12-31 15:51:16] Opa, quem vai colar? :)
[2016-12-31 15:51:52] Acho que eu vou.
[2016-12-31 15:52:27] Réveillon das hackinage
[2016-12-31 15:55:06] Melhor do que ir para Paulista pra ser roubado e ser melado de xixi e cocô na rua
[2016-12-31 15:59:06] melhor que ir em copacabana também ..
[2016-12-31 15:59:26] Se eu pudesse ia no garoa..
[2016-12-31 16:07:38] Wtf...
[2016-12-31 16:09:30] A paulista tem um milhão de pessoas que a gente não conhece, também um show que não dá pra ver
[2016-12-31 18:45:41] QUe hrs vai começar a festeenha? =)
[2016-12-31 19:16:42] 21-22
[2016-12-31 19:58:28] photo: /home/felipe/devel/github_tvdstaaij/telegram-history-dump/output/media/Garoa_Hacker_Clube_(Público)/download_803730374_135883.jpg
[2016-12-31 20:28:41] Sabe o que é Android, vó?
[2016-12-31 20:30:12] photo: /home/felipe/devel/github_tvdstaaij/telegram-history-dump/output/media/Garoa_Hacker_Clube_(Público)/download_803730685_135589.jpg
[2016-12-31 20:57:13] auhauha
[2016-12-31 21:03:41] photo: /home/felipe/devel/github_tvdstaaij/telegram-history-dump/output/media/Garoa_Hacker_Clube_(Público)/download_803702374_36746.jpg
[2016-12-31 21:03:57] Feliz ano novo!
[2016-12-31 21:14:51] Sem spoilers DQ!
[2016-12-31 21:33:21] Franklin joined
[2016-12-31 21:33:21] Hi Franklin💻 !
[2016-12-31 21:33:26] Boa noite!
[2016-12-31 21:33:40] Alguém aqui ja tem o c.h.i.p? Da nextthing?
[2016-12-31 21:34:04] photo: /home/felipe/devel/github_tvdstaaij/telegram-history-dump/output/media/Garoa_Hacker_Clube_(Público)/download_803730958_135796.jpg
[2016-12-31 21:42:36] @tilt4
[2016-12-31 21:42:57] To com uns problemas.
[2016-12-31 21:43:03] Desde de manhã já tentwndo
[2016-12-31 21:45:46] 😁 bom ano DQ! Apressado!
[2016-12-31 22:53:38] Feliz celebração de final arbitrário de ciclo orbital !
[2016-12-31 22:54:12] Que a próxima volta nos deixe menos tontos :-)
[2016-12-31 23:36:15] 👏👏👏👏👏👏
