[2018-01-20 00:51:16] O Encripta (https://t.me/Encripta) está preparando uma série de publicações sobre privacidade e segurança na internet para divulgar/marcar o Dia Internacional de Proteção de Dados Pessoais e fazemos um convite a comunidade para se somar nesse rolê!

Do dia 20 a 25 de janeiro, estaremos recebendo de vocês artigos, tutoriais, zines, músicas e/ou outras formas de expressão que falem a respeito de privacidade e segurança na internet. Tudo isso será postado em nosso blog (https://encripta.org/blog/) e divulgado por pessoas que já somaram com a gente neste projeto.

Para mais informações, acessem (https://encripta.org/chamada_protecao_de_dados/) ou mandem um email para encripta arroba riseup ponto net

Faça texto, faça arte, venha somar! Se a vigilância é centralizada, a resistência será distribuída!
[2018-01-20 02:31:35] photo: /home/felipe/devel/github_garoa/Telegram_logs_Garoa_Hacker_Clube_Publico/media/Garoa_Hacker_Clube_(Público)/download_806119469_27626.jpg
[2018-01-20 08:14:30] estaremos no Garoa apos o almoço para dar uma arrumada geral. Todos são convidados a ajudar.
[2018-01-20 08:14:50] Terça feira dia 23/01
[2018-01-20 08:17:47] Haverá alguma atividade hoje no Garoa? Ele abrirá?
[2018-01-20 08:44:00] Precisamos mais gente com chave,  para abrir todos os dias
[2018-01-20 09:15:26] Hj ou na 3a?
[2018-01-20 09:16:01] Terça feira
[2018-01-20 09:16:12] Dia 23
[2018-01-20 09:16:53] Hj vai ter encontro da galera de ctf?
[2018-01-20 09:18:10] Provável depois das 14h
[2018-01-20 09:52:55] Bom dia! Vai sim umas 14 devo estar por lá
[2018-01-20 11:55:49] Galera tenho uns livros um pouco antigos de cg, iluminação,  mental ray etc.. acham que teria algum uso na  biblioteca do garoa?
[2018-01-20 12:10:23] Bom dia. Posso ter interesse em alguns.
[2018-01-20 13:00:57] Ping @nelsonbrito
[2018-01-20 13:04:59] photo: /home/felipe/devel/github_garoa/Telegram_logs_Garoa_Hacker_Clube_Publico/media/Garoa_Hacker_Clube_(Público)/download_804724514_117077.jpg
[2018-01-20 13:05:01] Terminei
[2018-01-20 15:12:54] Pong
[2018-01-20 15:42:04] photo: /home/felipe/devel/github_garoa/Telegram_logs_Garoa_Hacker_Clube_Publico/media/Garoa_Hacker_Clube_(Público)/download_805513420_79943.jpg
[2018-01-20 15:42:08] Caiu na Rua kkkkkk
[2018-01-20 15:42:20] document: /home/felipe/devel/github_garoa/Telegram_logs_Garoa_Hacker_Clube_Publico/media/Garoa_Hacker_Clube_(Público)/download_150229821346022337.webp
[2018-01-20 20:14:02] Evento de Engenharia AeroEspacial (Discípulos de Dedalus) devidamente criado na Wiki.
Acontecerá toda 2º Terça do Mês (salvo feriados) a partir das 20h, a começar em Fev
[2018-01-20 20:14:34] Grupo de Estudos de BioHacking devidamente criado na Wiki.
Acontecerá toda 1º Terça do Mês (salvo feriados) a partir das 20h, a começar em Fev
[2018-01-20 20:16:08] @lvido L F animam um Grupo de Estudos sobre Eletronica, Eletricidade, Antenas e Radio Amadorismo?
[2018-01-20 20:17:27] Eu queria tirar a licença de radioamador
[2018-01-20 20:19:08] Bora estudar lá no Garoa
[2018-01-20 20:40:45] Ah véio, eu mal sei para mim...
[2018-01-20 20:54:21] document: /home/felipe/devel/github_garoa/Telegram_logs_Garoa_Hacker_Clube_Publico/media/Garoa_Hacker_Clube_(Público)/download_180398513446715691.webp
[2018-01-20 20:57:23] Melhor sticker ever kkkkkk
[2018-01-20 21:36:27] Dia 17 de janeiro faleceu Junior Torres de Castro (PY2BJO) radioamador idealista, único ser humano que SOZINHO projetou construiu e lançou um microsatélite: DOVE (Digital Orbiting Voice Encoder) ou OSCAR-17.
No link um artigo que eu escrevi para os Correios tentando fazer o lançamento do selo em comemoração aos 25 anos do lançamento.
http://www.qsl.net/pu2lxn/

Um Hacker na acepção basilar da palavra.
[2018-01-20 21:36:57] photo: /home/felipe/devel/github_garoa/Telegram_logs_Garoa_Hacker_Clube_Publico/media/Garoa_Hacker_Clube_(Público)/download_804722372_115117.jpg
[2018-01-20 21:36:57] photo: /home/felipe/devel/github_garoa/Telegram_logs_Garoa_Hacker_Clube_Publico/media/Garoa_Hacker_Clube_(Público)/download_804726396_94389.jpg
[2018-01-20 21:42:31] Ah, ia me esquecendo, o OSCAR-17 foi lançado 4 anos antes do primeiro satélite do INPE
[2018-01-20 21:52:37] Fácil
[2018-01-20 22:49:30] Juro que vou tentar ir meu mestre!!! Se o tutubarao ceder moradia
[2018-01-20 22:54:34] photo: /home/felipe/devel/github_garoa/Telegram_logs_Garoa_Hacker_Clube_Publico/media/Garoa_Hacker_Clube_(Público)/download_804727342_93987.jpg
[2018-01-20 23:08:42] Kkkkkk
[2018-01-20 23:09:14] Vaza mirim
[2018-01-20 23:09:40] Volta duas casas mirim sem rolê na próxima
[2018-01-20 23:10:35] photo: /home/felipe/devel/github_garoa/Telegram_logs_Garoa_Hacker_Clube_Publico/media/Garoa_Hacker_Clube_(Público)/download_804724593_118177.jpg
[2018-01-20 23:53:30] ?
