[2016-12-29 00:23:00] 👍
[2016-12-29 00:55:07] Só para acrescentar..Bitcoin agora 3.461,20 se eu tivesse comprado 100 na hora que o @fernandoGuisso disse...Já daria para ir para a praia amanhã..risos
[2016-12-29 00:55:57] Não vale a pena comprar agora não.
[2016-12-29 00:56:00] Subiu muito de dia
[2016-12-29 00:56:06] Os chineses vão começar a realizar o lucro.
[2016-12-29 01:00:17] Masomenos
[2016-12-29 01:00:29] Se for esperto, tem umas variações ainda
[2016-12-29 01:00:40] Eu tenho medo, sempre q compro o treco cai infinitamente
[2016-12-29 01:03:50] Eu perdi 15 doletas por BTC de tarde. Acionou meu stop.
[2016-12-29 01:36:50] Se tu perdeu, alguém ganhou kkk
[2016-12-29 01:37:28] Ah cara, super normal perder. Mas no geral tô muito mais no lucro.
[2016-12-29 02:50:02] Então compra! Aí quando cair, Eu compro... Vendemos na alta e repartiamos os lucros.
[2016-12-29 09:59:23] Gutem, você tem o contato dele? Puz na caixa dele...
[2016-12-29 10:02:45] Não precisa de duas pessoas, isso chama alavancagem, dá pra ganhar uma grana operando no mercado
[2016-12-29 10:25:52] Desobediente Civil joined
[2016-12-29 10:25:53] Hi desci !
[2016-12-29 10:26:14] não lhe perguntei nadis
[2016-12-29 10:26:15] That's Portuguese!
[2016-12-29 10:26:38] i haven't asked you naughtis
[2016-12-29 10:26:39] Do you think you ever will?
[2016-12-29 10:27:08] will you please never ever interact with me again in any circumstances?
[2016-12-29 10:27:10] Never ever is a long time.
[2016-12-29 10:27:34] if you shut up until next year, that's enough
[2016-12-29 10:27:35] I'll bear that in mind.
[2016-12-29 10:27:49] thank you very much, you are so kind.
[2016-12-29 10:27:50] That's OK.
[2016-12-29 10:28:00] Hauahau
[2016-12-29 10:28:10] Calma gente, ano novo, tempo de.paz
[2016-12-29 10:28:45] o que eu ganhei com monero, ethereum e bitcoin esse mês literalmente eliminou a necessidade de ir protestar por décimo terceiro salário na praça
[2016-12-29 10:29:39] logo que eu comecei com mineração ficou evidente que é necessário ficar prestando atenção no criptomercado e tomar decisões rápidas
[2016-12-29 10:29:42] Etherium tb? Então vc tá esperto no mercado.memo em
[2016-12-29 10:30:03] Tá minerando uq?
[2016-12-29 10:30:36] eu minero scrypt, mas como esses três mercados que eu citei têm alto volume, é difícil resistir a tentação de investir
[2016-12-29 10:30:58] Haha, sei como é
[2016-12-29 10:30:58] o lance do dinheiro é que se tu investe um real tu ganha cinco reais, se tu investe um milhão tu ganha cinco milhões
[2016-12-29 10:31:03] que nem jogo do bicho
[2016-12-29 10:32:36] jogo incremental pra aprender sobre as coisas que se pesquisam no CERN http://particle-clicker.web.cern.ch/particle-clicker/
[2016-12-29 13:30:53] Os especialistas poderiam dar umas dicas qq dia destes no Garoa hein?
[2016-12-29 13:33:37] Vou marcar um dia, ai eu chamo uns Traders tb
[2016-12-29 13:35:03] Legal!
[2016-12-29 13:54:55] Todo conceito de alavanca precisa de "um ponto de apoio"... Adivinha qual é a sua função? Hehehe
[2016-12-29 14:10:52] É verdade, mas melhor um desconhecido te alavancando doq seus amigos né kkk
[2016-12-29 15:41:08] Pessoal, alguém conhece o RapydScript?
https://github.com/atsepkov/RapydScript
[2016-12-29 15:41:10] atsepkov | RapydScript

Python-inspired, decluttered JavaScript

Language: JavaScript
Forks: 36
Stars: 312
Issues: 22
[2016-12-29 16:20:17] Bem interessante
[2016-12-29 16:26:37] Se vc souber investir e tiver tempo de acompanhar o mercado para saber a hora certa de comprar e vender.
[2016-12-29 16:28:45] a minha frase presume que está satisfeita esta premissa
[2016-12-29 16:35:04] Happy Melting !!!
[2016-12-29 16:37:31] Ethereum tava uma mamatinha minerar até rolar todo aquele problema de hacking, ia investir em umas máquinas mas desisti depois daquilo, trade é beeeem melhor.
[2016-12-29 16:38:14] 37 graus dentro do ap no Hell de Janeiro, como alguém gosta dessa cidade?
[2016-12-29 16:41:55] Não sei
[2016-12-29 16:42:02] "Nobody knows if it's going up or down, it's all just 'fugazzi'"
[2016-12-29 16:42:12] a temperatura é fator relevante pra ninguém gostar daí?
[2016-12-29 16:42:16] document: /home/felipe/devel/github_tvdstaaij/telegram-history-dump/output/media/Garoa_Hacker_Clube_(Público)/download_271007106323186070.webp
[2016-12-29 16:43:14] huahuahuaha é que a galera acha que eu tô louco por querer trocar isso aqui por qualquer outra cidade com clima mais ameno.
[2016-12-29 16:49:16] É
[2016-12-29 16:49:43] Boa tarde, alguém para freela para um sistema em ASP NET MVC 5
- Entity Framework 6
- Azure
[2016-12-29 16:56:40] photo: /home/felipe/devel/github_tvdstaaij/telegram-history-dump/output/media/Garoa_Hacker_Clube_(Público)/download_803730277_133243.jpg
[2016-12-29 16:57:48] photo: /home/felipe/devel/github_tvdstaaij/telegram-history-dump/output/media/Garoa_Hacker_Clube_(Público)/download_803704933_34055.jpg
[2016-12-29 17:06:12] BEM relevante, no meu caso #InversoSiberianoLikers
[2016-12-29 17:11:08] *Inverno
[2016-12-29 17:18:12] Eu saí do nordeste por conta do calor e me fudi
[2016-12-29 17:21:50] Gente rica com ar condicionado?
[2016-12-29 17:37:08] Para mim também, odeio calor, é uma M para trabalhar
[2016-12-29 17:40:33] Calor é horrível pra viver
[2016-12-29 17:48:01] Até meu gato tá chateado com o calor
[2016-12-29 17:50:10] Sukita está dormindo na parede do banheiro
[2016-12-29 17:58:24] Tavam reclamando do calor, são Pedro mandou chuva
[2016-12-29 17:59:48] Rolou um trovão tão alto aqui que achei que fosse uma bomba.
[2016-12-29 17:59:53] Bom. Ontem no meu bairro teve uma chuva tão forte que derrubaram algumas árvores, e até derrubou uma moto com o vento.
[2016-12-29 18:00:01] kkk Eu gosto de trovão.
[2016-12-29 18:00:24] Menos na minha cabeça, claro.😂
[2016-12-29 18:06:23] photo: /home/felipe/devel/github_tvdstaaij/telegram-history-dump/output/media/Garoa_Hacker_Clube_(Público)/download_803730584_133752.jpg
[2016-12-29 18:06:31] Trovão só se for esse
[2016-12-29 18:07:00] 😳
[2016-12-29 18:18:12] Alguém vai ao garoa hoje?
[2016-12-29 18:20:00] @Fabiohirano eu vi que vc já criou o evento Domingo, 26/fevereiro/2017, às 15:00: Mini Curso de VIM
[2016-12-29 18:20:14] Posso começar a anuncia então? Agora é oficial.
[2016-12-29 18:20:24] Manda bala
[2016-12-29 18:20:39] document: /home/felipe/devel/github_tvdstaaij/telegram-history-dump/output/media/Garoa_Hacker_Clube_(Público)/download_272479773299572978.webp
[2016-12-29 18:20:59] Eu não vou.
[2016-12-29 18:21:04] Vou colocar uns detalhes na página depois, mas deve durar umas 2 horas
[2016-12-29 18:21:51] 2h Ok. vc tem uma webpage? O que eu coloco no link do seu nome para te acharem. Contato? Site? Github? OU nada?
[2016-12-29 18:22:55] http://fabiohirano.garoa.club
[2016-12-29 18:23:08] tks
[2016-12-29 18:24:27] Consegue montar uma ementa?
Ex: * introdução
* comandos básicos
* instalando plugins
* dicas úteis
[2016-12-29 18:34:21] Vou montando e coloco na page
[2016-12-29 18:35:45] 👍
[2016-12-29 18:54:09] Mas como o curso não foi ainda, não deveria ser IREI?
[2016-12-29 18:55:13] CAAAAARAAAAAALHO.... essa foi FODA!! hahahahahahha
[2016-12-29 18:55:55] document: /home/felipe/devel/github_tvdstaaij/telegram-history-dump/output/media/Garoa_Hacker_Clube_(Público)/download_901807295229329443.webp
[2016-12-29 18:56:54] document: /home/felipe/devel/github_tvdstaaij/telegram-history-dump/output/media/Garoa_Hacker_Clube_(Público)/download_309446659895460262.webp
[2016-12-29 18:58:22] HAHAHAHA
[2016-12-29 18:59:04] Nas aulas de Português eu cabulava pra ir jogar videogame.😂
[2016-12-29 19:00:18] 👧🏻 Está chovendo?
👦🏼 Está diluviando... mas só um pouquinho...
[2016-12-29 19:58:35] @oda http://www.bbc.com/portuguese/geral-38451851?ocid=socialflow_facebook
[2016-12-29 19:59:48] @eduoda
[2016-12-29 20:05:49] Uia!
[2016-12-29 20:59:39] Alguém já trabalhou com Nessus?
[2016-12-29 20:59:46] Tô com um probleminha na instalação
[2016-12-29 20:59:55] photo: /home/felipe/devel/github_tvdstaaij/telegram-history-dump/output/media/Garoa_Hacker_Clube_(Público)/download_803734530_12204.jpg
[2016-12-29 23:05:48] Abriram ao publico uns arrancarabos de espionagem entre russos e americanos hoje, mas certamente tem mais que isso
[2016-12-29 23:06:07] Está em todos os jornais
[2016-12-29 23:07:29] https://amigalove.com/viewtopic.php?f=5&t=159&sid=007758853535118b1b726ed5d3a96003
CC @fsanches
