[2018-02-24 01:13:53] Gente, eu pergunto qual a utilidade nessa vida de colocarem cheddar na pizza...
[2018-02-24 01:15:00] hauahauhaua
[2018-02-24 01:15:06] #Larica
[2018-02-24 01:15:22] tipo quando tu junta tudo da geladeira, saca? rs
[2018-02-24 01:16:20] olha, fica bom em pizza de doritos
[2018-02-24 01:16:24] inclusive
[2018-02-24 01:16:33] pizza de doritos
[2018-02-24 01:16:37] é só amor no coração
[2018-02-24 01:16:43] confia em mim
[2018-02-24 01:23:26] Pizza velha sempre é boa, mas com doritos deve dar algum tipo de desespero entre massa mole e doritos grudando no céu da boca
[2018-02-24 01:57:08] * pizza de chocolate com morango * de manhã * saída da geladeira * não tem igual *
[2018-02-24 01:57:36] (falou o chocólatra)
[2018-02-24 01:57:42] Nunca tive coragem de experimentar pizza doce
[2018-02-24 01:58:38] uma vez liguei numa pizzaria mais tradicionalzona. Perguntei se eles faziam de chocolate e ouvi uma resposta ríspida: "Não. Só trabalhamos com pizza."
[2018-02-24 01:58:55] Kkkkkkkk
[2018-02-24 03:40:02] document: /home/felipe/devel/github_garoa/Telegram_logs_Garoa_Hacker_Clube_Publico/media/Garoa_Hacker_Clube_(Público)/download_532579621196021405.mp4
[2018-02-24 08:18:25] Hahahaha
[2018-02-24 09:21:00] Eu costumo colocar cream cheese naquelas pizzas da Sadia
[2018-02-24 09:22:12] Pessoal, eu tenho que levar alguma coisa pro evento de hoje?
[2018-02-24 12:07:00] Comida bebida
[2018-02-24 12:07:13] Ou dinheiro
[2018-02-24 14:25:42] Comida bebida e dinheiro 😂😂😂
[2018-02-24 14:32:42] Segunda chamada para a AGO
[2018-02-24 14:57:17] @Gutemhc , alguém levou bolo de aniversário 🎂 p o Garoa?
[2018-02-24 14:57:52] Chanceler Supremo ia trazer, não?
[2018-02-24 14:59:18] Acho justo!
[2018-02-24 15:01:57] ;)
[2018-02-24 15:10:46] Terceira Chamada pra AGO
[2018-02-24 15:39:13] Quarta chamada
[2018-02-24 15:44:43] quinta chamada
[2018-02-24 15:48:10] Começou a AGO
[2018-02-24 15:48:26] AGO começando na Quarta Chamada
[2018-02-24 16:03:35] Começou 1 chamada "AGO"
[2018-02-24 16:07:53] gustavorobertux joined
[2018-02-24 16:08:52] Ola pessoal, estou querendo dar um pulo no Garoa e levar minha filha, vocês deve ficar ate que horas por ai ?
[2018-02-24 16:10:34] Até 6 da manhã
[2018-02-24 16:11:00] fechou
[2018-02-24 18:11:28] Galera, atualizei o bot (@garoahc_bot) pra usar esses stickers pra responder ao pedido de status do garoa
[2018-02-24 18:11:49] Parece pouco, mas agora ele é capaz de enviar qualquer tipo de mídia que a API de bots suporte
[2018-02-24 18:11:55] Se quiserem dar uma olhada no código:
[2018-02-24 18:12:00] Link do meu repositório no GitHub: https://github.com/rjmunhoz/garoa-chatbot/
[2018-02-24 18:30:43] Tá chovendo por aí?
[2018-02-24 18:36:39] Galera, vocês usam algum plug-in para salvar diversas abas abertas do Chrome? Existe algo do tipo? Tipo, as vezes estou fazendo alguma pesquisa e fico com 20~30 abas abertas, queria poder salvar a lista de abas e abrir elas posteriormente
[2018-02-24 18:42:29] normalmente fecho o chrome e todas as abas de uma vez... e quando reabro aperto ctrl+shift+t
[2018-02-24 18:43:09] já vi um plugin que fazia isso o que vc quer, mas como nunca precisei, nem sei o nome! heheheh
[2018-02-24 18:45:19] É muito broxante as vezes ter fechado uma página com 20 abas de pesquisa e esquecer de reabrir ela, continuar navegando e perder tudo hahaha
[2018-02-24 18:51:39] Firefox tem algum atalho que salva a sessão, que é bom tbm, eu queria salvar multiplas sessoes mas nunca fui atras
[2018-02-24 18:51:42] OneTab e o @Gutemhc usa um legal que esqueci o nome
[2018-02-24 18:52:25] Mas pode testar o OneTab que eu acho que vai curtir
[2018-02-24 18:58:51] Uso o OneTab mesmo
[2018-02-24 18:59:32] Valeu! Vou testar isso!
[2018-02-24 18:59:48] E o Pocket para salvar algumas coisas para ler no Kindle
[2018-02-24 19:23:49] Gutem, e como eu faço para essas abas abrirem depois? Dou Bookmark na tap que o Onetab cria?
[2018-02-24 19:48:24] Me recomendaram um aqui que pareceu muito bom: FreshStart
[2018-02-24 19:52:47] Garoa lotado
[2018-02-24 19:53:16] photo: /home/felipe/devel/github_garoa/Telegram_logs_Garoa_Hacker_Clube_Publico/media/Garoa_Hacker_Clube_(Público)/download_804729163_117914.jpg
[2018-02-24 19:56:31] Show! "be excellent to each other"
[2018-02-24 20:01:20] Isso
[2018-02-24 20:01:20] ele cria um icone no tollbar
[2018-02-24 20:01:20] aí é só clicar nele para mandar TODAS as páginas no OneTab
[2018-02-24 20:01:20] se vc clicar com o botão direito na página, vc pode escolher só mandar ela
[2018-02-24 20:05:06] ^ @NavarroFelipe
[2018-02-24 20:06:47] Eu vi! Testei ele e o FreshStart, achei o FreshStart mais o que estava precisando
[2018-02-24 20:11:03] @michaelhoward9 , ainda tem aqueles MeArms no Garoa?
[2018-02-24 20:23:00] Só Deus sabe
[2018-02-24 20:26:26] Cool... Da proxima vez eu procuro por lá.
[2018-02-24 20:28:16] Não acharam até hoje o paquímetro...
[2018-02-24 20:29:49] Organizar as coisas é difícil com tanta gente, tanta coisa, e pouco tempo.
[2018-02-24 20:35:07] É dificil tbm criar uma metodologia que facilite a licalização das coisas e uma forma de manter as coisas no lugar
[2018-02-24 20:39:49] TAG, em tudo
[2018-02-24 20:56:12] vou dar uma olhada nele... Tks\
[2018-02-24 20:56:12] tava precisando de uma peça para o meu...
[2018-02-24 20:56:12] provavelmente vou cortar
[2018-02-24 21:15:20] photo: /home/felipe/devel/github_garoa/Telegram_logs_Garoa_Hacker_Clube_Publico/media/Garoa_Hacker_Clube_(Público)/download_806121399_47852.jpg
[2018-02-24 21:42:42] Thiago joined
[2018-02-24 22:39:55] Tô dentro. Vc tem o arquivo das medidas? Vai cortar onde?
[2018-02-24 23:10:59] Vao ficar ate que horas no garoa?
[2018-02-24 23:18:29] 6am
[2018-02-24 23:21:52] https://www.youtube.com/watch?v=4KRZQQ_eICo
[2018-02-24 23:37:37] vou colar ai entao
