[2017-12-13 00:12:52] photo: /home/felipe/devel/github_garoa/Telegram_logs_Garoa_Hacker_Clube_Publico/media/Garoa_Hacker_Clube_(Público)/download_804729941_72479.jpg
[2017-12-13 07:38:50] Só para contribuir com o tema: as regras são essas mesmo, com idade mínima e tempo de contribuição (nada a ver com o que tem sido distribuído por aí), mas os deputados tem regalia no sentido de terem aposentadoria integral, o que é vergonhoso dado o déficit na previdência e a necessidade de reforma. A procuradoria geral da república enviou recentemente ao STF uma ação de inconstitucionalidade frente a esses benefícios, e o relator é o nosso ministro novo da casa, o Alexandre de Moraes. Dificilmente vão aceitar a argumentação da PGR, infelizmente, pq não me parece ter nada na constituição que não permita regimes especiais :(
[2017-12-13 07:52:02] Sobre o déficit da Previdência e nela o entendimento de todo o Orçamento da Seguridade Social (OSS) , segue relatório da Associação Nacional dos Auditores Fiscais da RFB sobre a construção doGoverno do déficit da Seguridade, que não houve ou há. O Governo apresenta despesas e retira receita do OSS de forma inconstitucional.
[2017-12-13 07:52:08] https://www.dropbox.com/s/rlx7g1lyozxyjti/An%C3%A1lise-da-Seguridade-Social-em-2016.pdf?dl=0
[2017-12-13 08:09:46] Cara, no Meetup já tem 180 confirmados, mas na sala de treinamento só cabem umas 60 pessoas... 😱
[2017-12-13 08:55:12] 60 é forçar a barra kkkkkk
[2017-12-13 09:06:19] num rola tentar outro local? alguma FATEC ou ETEC?
[2017-12-13 09:22:22] A média de comparecimento em eventos gratuitos é na faixa de 20% a 30%. Estamos trabalhando com 1/3 de comparecimento porém mão estamos esperando a sala cheia.
[2017-12-13 09:23:57] Você tem contato desses lugares. Interessa muito encontrar novos locais para eventos. Conseguimos o espaço do Google após quase três meses de negociação. Além disso, já realizamos eventos no Viva Real e na Novatec.
[2017-12-13 09:25:31] Exato. Estamos com uma estimativa otimista de quarenta participantes.
[2017-12-13 09:27:52] Leonel Majewski:
Se conseguirmos lotar a sala, podemos pleitear o auditório no próximo evento.
Aproveitando, alguém aí gostaria de fazer uma palestra ou participar de uma entrevista ou bate-papo?
[2017-12-13 09:36:15] Posso tentar sim. Faço?
[2017-12-13 09:51:27] Galera, alguém aqui trabalha com seguros automotivos? Quem manja dos paranauês de dados a terceiros?
[2017-12-13 09:55:25] Zé, na minha visão, tudo lorota 😛. Se quiser discutir esse ponto, me manda pm! :)
[2017-12-13 09:59:49] Lorota do Governo, com certeza. O relatório da ANFIP está bem feito. Te mando em pm sim!
[2017-12-13 10:00:01] document: /home/felipe/devel/github_garoa/Telegram_logs_Garoa_Hacker_Clube_Publico/media/Garoa_Hacker_Clube_(Público)/download_150229821346022327.webp
[2017-12-13 10:00:11] document: /home/felipe/devel/github_garoa/Telegram_logs_Garoa_Hacker_Clube_Publico/media/Garoa_Hacker_Clube_(Público)/download_150229821346022337.webp
[2017-12-13 10:04:14] Não se preocupem pessoas, não vai todo mundo que confirmou
[2017-12-13 10:05:15] Qualquer evento é assim, aparece planos de última hora, as pessoas esquecem, acontece um imprevisto e muita gente acaba não comparecendo
[2017-12-13 10:28:00] Exato. Nosso histórico tem uma média de 20% a 30% de participação.
[2017-12-13 10:34:53] então vejo a possibilidade na FATEC ou não?
[2017-12-13 12:14:09] https://static.fjcdn.com/pictures/Linux_708676_4900166.jpg
[2017-12-13 12:36:00] Conversei com o Alessandro, que faz a frente da organização dos eventos.
Achamos uma ótima idéia fazermos um evento em uma FATEC ou ETEC em janeiro. Posso te chamar no PVT.
[2017-12-13 12:36:06] ?
[2017-12-13 13:09:36] Faço Fatec atualmente. Posso fazer uma ponte, mas se quiser ainda esse ano, ano letivo encerra em 20 de dezembro.
[2017-12-13 13:16:59] photo: /home/felipe/devel/github_garoa/Telegram_logs_Garoa_Hacker_Clube_Publico/media/Garoa_Hacker_Clube_(Público)/download_804726243_71400.jpg
[2017-12-13 13:17:19] photo: /home/felipe/devel/github_garoa/Telegram_logs_Garoa_Hacker_Clube_Publico/media/Garoa_Hacker_Clube_(Público)/download_804725200_91213.jpg
[2017-12-13 13:17:40] photo: /home/felipe/devel/github_garoa/Telegram_logs_Garoa_Hacker_Clube_Publico/media/Garoa_Hacker_Clube_(Público)/download_806124071_7730.jpg
[2017-12-13 13:20:23] BARBARIDADE !!!!
[2017-12-13 13:20:39] document: /home/felipe/devel/github_garoa/Telegram_logs_Garoa_Hacker_Clube_Publico/media/Garoa_Hacker_Clube_(Público)/download_414123293595926954.webp
[2017-12-13 13:24:04] document: /home/felipe/devel/github_garoa/Telegram_logs_Garoa_Hacker_Clube_Publico/media/Garoa_Hacker_Clube_(Público)/download_627702366434493879.webp
[2017-12-13 13:24:45] Só pode ser piada...
[2017-12-13 13:25:17] Isso é legal: https://signal.org/
[2017-12-13 13:34:12] document: /home/felipe/devel/github_garoa/Telegram_logs_Garoa_Hacker_Clube_Publico/media/Garoa_Hacker_Clube_(Público)/download_58023844232823662.webp
[2017-12-13 13:52:27] Talvez seja de interesse da galeris:
[2017-12-13 13:52:41] document: /home/felipe/devel/github_garoa/Telegram_logs_Garoa_Hacker_Clube_Publico/media/Garoa_Hacker_Clube_(Público)/download_5024075828862910492
[2017-12-13 13:53:01] funciona no telegram também, tenta ai
[2017-12-13 13:53:31] A estratégia e-Saúde para o Brasil
[2017-12-13 13:54:06] IRC, Telegram, WhatsApp, Slack... Deve funcionar no WeeChat tbm! Qaulquer coisa, PVT-me se quiser testar...
[2017-12-13 13:54:08] hehehe
[2017-12-13 13:54:18] kkkkk
[2017-12-13 13:54:54] alguém aqui ja brincou com monero?
[2017-12-13 13:57:55] Gostaria de endossar o que foi dito pelo Zé afirmando que grandes empresas (bancos, frigoríficos, etc.) devem mais de 420 bilhões ao INSS e nunca foram cobradas. A dívida, inclusive, nunca foi empecilho para receberem empréstimos do BNDES.
[2017-12-13 14:01:54] 👍
[2017-12-13 14:02:42] Só uma correção: alguma estão sendo cobradas e já fizeram acordo de pagamento em "suaves prestações"
[2017-12-13 14:04:08] uauahuahuaha
[2017-12-13 14:08:01] Tão dizendo que só funciona se algumas mensagens antes ou depois for mencionadoa qual serviço se refere a senha, assim o sistema tem como identificar qual parte tem que esconder
[2017-12-13 14:08:37] sim. e enviando não só a senha, mas o usuário tbm
[2017-12-13 14:09:06] no formato
Slack, usuario, senha
Telegram, usuario, senha
[2017-12-13 14:09:11] aí depende da imlementação. Mas tão integrando essa feature também já na maioria dos comunicadores instantâneos
[2017-12-13 14:09:40] como usa inteligencia artificial não precisa ser muito rigoroso no formato
[2017-12-13 14:09:54] o sistema é esperto o suficiente pra te proteger
[2017-12-13 14:14:03] Pesquisa no Google não revela nada do tipo. Fonte?
[2017-12-13 14:24:02] Fonte: Esse doc aqui: https://reporterbrasil.org.br/wp-content/uploads/2017/02/maioresdevedoresprevidencia.pdf, mais um bom tempo no Google procurando processo aberto mais alguns contatos dentro do Governo e de Jornais
[2017-12-13 14:25:33] Telegram tem e ** para __itálico e negrito. Devia ter um para spoiler, como o do Reddit, que só fica legível depois de iluminado/selecionado.
[2017-12-13 14:27:00] Gente, lá no Senai que eu estudo vai ter um hackathon sexta e sábado, caso alguém queira acompanhar
[2017-12-13 14:27:17] Senai informática Santa Cecília
[2017-12-13 14:29:08] Obrigado. Vou ler até pra eu me atualizar.
Mas geralmente esse tipo de notícia já vem na cara, sem precisar cavar na 10° página de pesquisa do Google.
[2017-12-13 14:30:49] Cara, acabei de abrir aqui e é só uma lista das 500 empresas que mais devem à Previdência. Não há qualquer informação sobre cobrança e parcelamento.
[2017-12-13 14:30:57] Em nenhum momento Eu falei Noticia.
O que fizemos foi uma "investigação privada" para um projeto pessoal
[2017-12-13 14:33:37] Hum, entendi.
[2017-12-13 14:34:34] quanto é a soma da dívida destas 500 empresas?
[2017-12-13 14:35:36] 543 Bi
[2017-12-13 14:35:56] sendo que a divida toda é de 1,4 Tri
[2017-12-13 14:36:11] divididos entre 3,5 Mi devedores
[2017-12-13 14:36:57] Sendo que a Reforma da Previdencia ~~~ perdoaria ~~~ essa dívida
[2017-12-13 14:37:18] Nessa lista tem inclusive órgãos públicos, como prefeituras.
[2017-12-13 14:38:01] Sim. Departamentos Publicos, Universidades Federais... A lista é BEM longa
[2017-12-13 14:38:20] Praticamente TODO Depto Publico está devendo a União
[2017-12-13 14:51:09] http://www.previdencia.gov.br/2017/11/rgps-deficit-da-previdencia-social-chega-r-138-bilhoes-em-outubro/
[2017-12-13 14:51:15] Vou usar esses dados
[2017-12-13 14:51:42] Digamos que o déficit de 13bi fique constante
[2017-12-13 14:52:31] Se os 500 maiores devedores pagarem tudo hoje. Temos um saldo positivo de 380bi
[2017-12-13 14:52:59] Esse aí deve estar levando em consideração só o que já foi acordado de pagamento... Boa parte do Dinehrio ainda está em disputa judicial
[2017-12-13 14:53:05] porém em 30 anos vamos voltar a ter a previdência deficitária
[2017-12-13 14:53:39] A maior devedora do país é a Vale, com uma dívida de R$ 42 bilhões. Desse total, R$ 32,8 bilhões estão suspensos por decisão judicial e R$ 8,2 bilhões estão em programas de parcelamento.
[2017-12-13 14:54:15] https://www.conjur.com.br/dl/500-maiores-inscritos-dau.pdf
[2017-12-13 14:54:25] Esse mostra um panorama melhor, creio Eu
[2017-12-13 14:54:54] Esse dados acima são do começo de 2016
[2017-12-13 14:57:50] ENGESA, por exemplo está falida.
[2017-12-13 14:58:15] Tem que levantar o que realmente ainda existe possibilidade de recebimento
[2017-12-13 14:59:18] Então, esse é um ponto delicado
[2017-12-13 14:59:47] Acho que as 60 do ibov estão aí dentro facilmente kkkkk Eu vi várias
[2017-12-13 14:59:56] VARIG, por exemplo, corre vários processos, tanto governo como causa coletiva
[2017-12-13 15:00:11] Algumas coisas foram pagas, outras nunca serão
[2017-12-13 15:00:23] Eu não fui muito a fundo a pesquisa que fiz
[2017-12-13 15:00:41] ignoramos a massa falida e fomos direto nas empresas ativas
[2017-12-13 15:03:59] Tipo, a Vale tem uns X% que é do BNDES
[2017-12-13 15:04:30] A carta capital fez iss
[2017-12-13 15:04:32] Cai na situação do governo que está devendo pro governo
[2017-12-13 15:04:47] E qual é o número?
[2017-12-13 15:05:32] document: /home/felipe/devel/github_garoa/Telegram_logs_Garoa_Hacker_Clube_Publico/media/Garoa_Hacker_Clube_(Público)/download_5013065280767655967.jpeg
[2017-12-13 15:05:32] https://www.cartacapital.com.br/economia/reforma-da-previdencia-ignora-426-bilhoes-devidos-por-empresas-ao-inss
[2017-12-13 15:08:15] Digamos que o "alta" "media" e "baixa" sejam pagos. Dá só 165,9bi
[2017-12-13 15:09:05] essa é a base de dados:
[2017-12-13 15:09:08] https://www2.pgfn.fazenda.gov.br/ecac/contribuinte/devedores/listaDevedores.jsf
[2017-12-13 15:09:24] aí é só selecionar por Estado e ir somando tudo. Ainda não o fiz.
[2017-12-13 15:16:47] Aproveitando a questão de devedores, gostaria de lembrar que segundo o PLOA 2017, iríamos pagar 430 bilhões de juros da Dívida Pública, que a Dívida Pública soma 1,4 trilhões de reais (quase 50% das despesas federais) e que, desde o inicio da nossa República Federativa Brasileira via Constituição de 88, NUNCA foi realizada uma Auditoria da Dúvida Pública, inclusive com bloqueios para a realização da Auditoria via legislativo e todxs presidentxs
[2017-12-13 15:21:19] Txo vê, <MinhaSenhaDoBancoEhMeuAniversario> apareceu * pra vcs?
[2017-12-13 15:22:06] Sinto muito em informar mas essa versão do tg não é compatível com essa funcionalidade, apareceu um *, só o * da questão kkkkkkkkk
[2017-12-13 15:22:11] hu3
[2017-12-13 15:23:06] Ih entao perae vo ter q mudar minha senha do banco pra <MinhaSenhaDoBancoEhMeuAniversarioAoContrario>.
[2017-12-13 15:23:59] Ih, tente novamente 😂
[2017-12-13 15:25:09] simmm, parece que o aniversario tbm aparece como *, testa pra gente
[2017-12-13 15:25:22] Zé , 71 anos, primeiro dia na Escola de Informática para aposentados...


Windows 10: Digite sua senha

Zé : Zé

Windows 10 : Desculpe, a senha não pode ser o seu nome.

Zé : zi

Windows 10 : Desculpe, a senha deve conter pelo menos 6 caracteres

Zé : pepinos

Windows 10 : Desculpe a senha deve conter pelo menos um número

Zé: dois pepinos

Windows 10 : Desculpe, a senha deve conter pelo menos um número em forma de numeral.

Zé : 2 pepinos

Windows 10 : Desculpe, a senha não pode conter espaços

Zé : 2pepinosdemerda

Windows 10 : Desculpe, a senha deve conter pelo menos uma maiúscula.

Zé : 2pepinosdeMERDA

Windows 10: Desculpe, a senha não pode conter maiúsculas sucessivas

Zé : 2PepinosDeMerda!!!!!!

Windows 10 : Desculpe, a senha não pode conter símbolo de pontuação.

Zé : 2PepinosDeMerdaParaQueOsEnfiesNoCuSeuFilhoDaPutaDoCaralho.

Windows 10 : Desculpe, essa senha já existe.
[2017-12-13 15:25:30] Sobre senhas
[2017-12-13 15:25:34] 😂
[2017-12-13 15:26:28] 😝
[2017-12-13 16:34:00] Gente, aqui onde trabalho estamos nos desfazendo de vários cabos de rede montados (patch cords). É possível fazer uma doação para o garoa? Se sim, como proceder?
[2017-12-13 16:35:14] Obrigado. Mas não estamos interessados nesta doação.
[2017-12-13 16:38:49] Outro dia que estava lá, vi que precisaram mas não acharam. Já conseguiram de outro lugar, então? :)
[2017-12-13 16:39:24] Tem um rolo de fio de Rede, mas o pessoal tem preguiça de crimpar
[2017-12-13 16:39:33] E tem um monte de cabos da ultima BSides
[2017-12-13 16:39:43] que usamos pro CTF
[2017-12-13 16:40:58] Ah ok então! 👍
[2017-12-13 16:44:17] Temos várias caixas de cabo de rede (na caixa) no depósito.
[2017-12-13 16:45:29] Quem quiser fazer doações para o Garoa:
https://sistema-tesouraria.herokuapp.com/
(Usem o paypal. Estamos com problemas no pagseguro.)
[2017-12-13 17:21:26] Galera, vamos reduzir o OFFTOPIC ?
[2017-12-13 17:41:22] photo: /home/felipe/devel/github_garoa/Telegram_logs_Garoa_Hacker_Clube_Publico/media/Garoa_Hacker_Clube_(Público)/download_806122838_8340.jpg
[2017-12-13 17:53:11] http://www.infomoney.com.br/mercados/bitcoin/noticia/7128425/grafico-iota-moeda-que-surpreendeu-mercado-nos-ultimos-dias-indica
[2017-12-13 17:53:28] Alguém leu o whitepaper do IOTA?
[2017-12-13 17:53:37] Nope
[2017-12-13 17:53:46] só tou com grana nele pq vi lucro vindo
[2017-12-13 17:53:48] shuahashauhashuuas
[2017-12-13 17:53:51] Parece que funciona sem blockchain
[2017-12-13 17:53:56] e no final tomei na rabetânia
[2017-12-13 17:55:11] Ahn? Ledger é um Excel?
[2017-12-13 17:55:37] Excel kkkkkk
[2017-12-13 18:13:34] Até onde eu sei, IOTA é centralizado?
[2017-12-13 18:15:04] Então, no lugar da Blockchain eles usam um DAG, que eles chama de Tangle
[2017-12-13 18:17:26] Tenho que ler direito sobre isso
[2017-12-13 18:18:08] http://iotatoken.com/IOTA_Whitepaper.pdf
[2017-12-13 18:18:11] Estou lendo kkkk
[2017-12-13 18:18:23] Parece bom. Discute os problemas do BTC
[2017-12-13 18:33:31] Na Bitfinex consta uma queda de 32,5% no valor do IOTA das 8 da manhã até as 4 da tarde de hoje.
[2017-12-13 18:34:21] E no mês houve um aumento de quase 800%
[2017-12-13 18:34:32] interessante
[2017-12-13 18:34:43] é tudo muito volátil
[2017-12-13 18:34:53] Na vdd pelo o q vi na net 774% desde o início de novembro
[2017-12-13 18:35:06] Sim, isso q é foda
[2017-12-13 18:35:20] eu comecei a operar semana passada
[2017-12-13 18:35:25] estou estudando bastante
[2017-12-13 18:35:45] já tomei um preju de uns 30 % por conta de cagadas
[2017-12-13 18:35:56] Eu fui atrás desse assunto justamente hoje e pra minha surpresa vi esse lance da valorização
[2017-12-13 18:35:56] mas acho que agora estou pegando o jeito
[2017-12-13 18:36:24] o sistema do mercadobitcoin é um lixo
[2017-12-13 18:36:49] transferi tudo para a bitfinex e lá tem bastante opção pra negociar em um monte de moedas diferentes
[2017-12-13 18:36:54] Por volta de 2012 comprei e vendi uns bitcão rsrsr, agora vi que deveria ter ficado com eles, na época tive preju
[2017-12-13 18:37:09] Mas na época eu também tava precisando daquele dinheiro, então paciência
[2017-12-13 18:37:11] Rsrs
[2017-12-13 18:37:12] e tem também ferramentas pra emitir ordens automáticas, com trigger
[2017-12-13 18:37:47] Mercado bitcoin não tem também? Achei que tinha
[2017-12-13 18:38:20] não sei dizer. Pelo pouco tempo que fiquei lá só vi uma caixa de texto bobinha pra dizer compra tanto / vende tanto
[2017-12-13 18:38:21] Depois daquela vez nunca mais olhei pra esse lance de moeda virtual, vi só esses dias atualmente
[2017-12-13 18:38:26] nem gráfico tinha
[2017-12-13 18:38:33] Rsrsrs
[2017-12-13 18:38:38] o sistema da bitfinex é sensacional!
[2017-12-13 18:38:48] O gráfico tem no final da página
[2017-12-13 18:38:54] Um link oculto
[2017-12-13 18:38:56] Kkkkkkkkk
[2017-12-13 18:39:02] :-P
[2017-12-13 18:39:09] zoado, hein
[2017-12-13 18:39:32] Demais
[2017-12-13 18:40:13] E agora tem uma mensagem no site falando que por conta da alta demanda estão com o prazo de atendimento em atraso
[2017-12-13 18:40:14] o unico problema que estou tendo com a Bitfinex é que o sistema deles está nitidamente sobrecarregado esses dias
[2017-12-13 18:40:37] por conta da demanda, mas também parece que rolou tentativa de DDOS varias vezes nessas ultimas semanas
[2017-12-13 18:40:41] Galera deve tá pilhada em fazer trade de bitcoin rsrsrs
[2017-12-13 18:40:50] foxbit nem conseguiu me atender
[2017-12-13 18:40:57] Alguém aqui tá minerando monero?
[2017-12-13 18:41:00] Aguardemos os próximos capítulos 😅
[2017-12-13 18:41:10] Todas as exchanges estão carregadas kkkk
[2017-12-13 18:41:27] eu fui direto abrir conta lá 4a feira passada. No dia seguinte me mandaram um email dizendo "sabemos que estamos atrazados mas vamos te atender". Até agora nada.
[2017-12-13 18:42:04] Sim, eu sei. Mas a Bitfinex foi derrubada por DDOS ontem. Eu tava usando e saiu do ar. E postaram no twitter um aviso de DDOS:
[2017-12-13 18:42:07] E o q deve ter de gente tentando pilhar as exchanges nos últimos dias, não deve estar fácil pra nenhuma rsrsrs
[2017-12-13 18:42:30] https://twitter.com/bitfinex/status/940593291208331264
[2017-12-13 18:42:46] Veesh
[2017-12-13 18:43:19] Agora tá operando normal, mas tem um painel de ultimas transações (meu histórico) que às vezes não carrega
[2017-12-13 18:43:23] Tem um monte de ataques DDoS ultimamente envolvendo bitcoins
[2017-12-13 18:44:31] no painelzinho do hitórico das minhas transações aparece "Network Connection Error". Mas não é crítico então tudo bem.
[2017-12-13 18:44:53] Putz rsrsrs
[2017-12-13 18:45:55] O que é mais crítico é perder uma venda boa no topo ou uma compra boa no pé por conta de timeout, ter que dar reload na página web e ver que a curva já vez a curva e começou a inverter contra os ganhos.
[2017-12-13 18:46:46] usar Limit Order ajuda, por que você já deixa agendado que quando chegar em determinado valor a compra deve ser feita automaticamente
[2017-12-13 18:46:57] compra ou venda
[2017-12-13 18:49:01] Tem a parada dos bot traders também né, vai ter meet up no Garoa hoje sobre isso né?
[2017-12-13 18:49:18] Alguém que minere monero poderia me ajudar?
[2017-12-13 18:49:24] nossa, eu nao tava nem sabendo
[2017-12-13 18:50:47] Sim, daqui a pouco.
[2017-12-13 18:50:53] Ixi mano, nem manjo sobre isso :/
[2017-12-13 18:51:02] bom, to indo pra lá entao
[2017-12-13 18:51:10] Uma pena que não poderei ir hoje :/ cumprindo horas no trampo
[2017-12-13 18:58:33] Galera, terá alguma outra coisa no Garoa após o meet up de bot traders?
[2017-12-13 19:00:09] Avisando em cima da hora, hj tem atividade e vamos fazer um bot trade, quem quiser apareça, quem não puder, vou soltar o codigo aqui no final da atividade.

https://www.meetup.com/Garoa-Hacker-Clube/events/245710667/
[2017-12-13 19:00:23] Pizza talves
[2017-12-13 19:01:34] Aeeee, valeu
[2017-12-13 19:01:41] Boa!
[2017-12-13 19:03:29] Procurei aqui no bot do Telegram e não encontrei, tem alguma opção nele que mostra os próximos eventos no Garoa?
[2017-12-13 19:06:38] Não fizemos isso ainda kkk
[2017-12-13 19:06:53] Mas se quiser fazer um, fica a vonta
[2017-12-13 19:08:29] Sempre teve. Sempre vai ter.
[2017-12-13 19:08:37] Infelizmente não manjo desses paranaues ainda
[2017-12-13 19:08:58] Ainda, espero em breve fazer coisas desse tipo rsrs
[2017-12-13 19:09:10] API do Telegram é bem bacana
[2017-12-13 19:09:51] É, olhei meio por cima outro dia e vi que da pra fazer um monte de coisa legal :)
[2017-12-13 19:10:23] Muito bacana. Super simples de usar
[2017-12-13 19:12:18] OT: https://www.humblebundle.com/books/maker-skill-builders-books
[2017-12-13 19:13:26] Como entra no garoa? :)
[2017-12-13 19:14:41] 1 - Veja em garoa.net.br se está aberto. 
2 - Vá até a sede. 
3 - Toque a Campanhia.
[2017-12-13 19:15:07] Fisicamente?
[2017-12-13 19:15:27] No Wiki tá aberto, já tocamos a campainha, insiste?
[2017-12-13 19:15:31] Tem 3 pessoas na porta
[2017-12-13 19:15:38] Entra
[2017-12-13 19:15:54] Kkkkk, ultimamente tá trancado
[2017-12-13 19:16:11] Funcionou hahahaha
[2017-12-13 19:16:15] Não* tá trancado
[2017-12-13 19:16:18] Kkkk
[2017-12-13 19:18:25] Tenho vontade de investir na mineração dessa moeda. Dizem ser a melhor atualmente...
[2017-12-13 19:27:52] olha que legal esse truque: http://abertoatedemadrugada.com/2017/03/imagem-de-morangos-vermelhos-nao-usa.html
[2017-12-13 19:33:14] Não achei nada sobre um minerador confiável
[2017-12-13 19:33:24] Comecei a utilizar o spelunker
[2017-12-13 19:33:37] Mas o Avast já apitou por conta do minerd.exe
[2017-12-13 19:33:43] Pode ser um falso positivo
[2017-12-13 19:33:52] Inclusive acho que é
[2017-12-13 19:34:07] Mas realmente ainda estou desconfortável
[2017-12-13 19:40:05] Gostaria de programar um bot pra eu não precisar ficar conferindo os resultados da quina e da mega
[2017-12-13 19:40:09] Kkkkkkkk
[2017-12-13 19:44:40] Isso não é inteiramente verdade...
[2017-12-13 19:58:05] photo: /home/felipe/devel/github_garoa/Telegram_logs_Garoa_Hacker_Clube_Publico/media/Garoa_Hacker_Clube_(Público)/download_806117223_7912.jpg
[2017-12-13 19:58:31] Para @tilt4, @AllanTrindad e demais membros da Gangue...
[2017-12-13 20:12:47] Amanha acho que vou pa no google campus e depois caiu no garoa, se rolar o pizza e jazz
[2017-12-13 20:13:20] Tinha que se pensar na festinha de final de ano
[2017-12-13 20:33:28] https://www.humblebundle.com/books/maker-skill-builders-books?linkID=&mcID=102:5a317550bfb8295e0e46f185:ot:5840a5d2f7bb513ff1b8032c:1&utm_source=Humble+Bundle+Newsletter&utm_medium=email&utm_campaign=2017_12_13_maker_skillbuilders_bookbundle&linkID=&utm_content=cta_button
[2017-12-13 20:34:24] Promo bacana pra quem curte essas paradas maker
[2017-12-13 21:47:36] photo: /home/felipe/devel/github_garoa/Telegram_logs_Garoa_Hacker_Clube_Publico/media/Garoa_Hacker_Clube_(Público)/download_804728464_70730.jpg
[2017-12-13 21:48:28] o código ta no git?
[2017-12-13 21:48:38] document: /home/felipe/devel/github_garoa/Telegram_logs_Garoa_Hacker_Clube_Publico/media/Garoa_Hacker_Clube_(Público)/download_68735307985453461.webp
[2017-12-13 22:03:43] Ainda não
[2017-12-13 22:03:55] nossa... não é querendo quebrar essa vibe boa do grupo agora... mas to mto p* da vida com esse Bradesco. O app novo q eu atualizei agora, impede o acesso se vc tem root instalado no android. No sac falam q é pra vc "formatar o aparelho" - vou formatar é o rabo deles.
[2017-12-13 22:04:23] eeeita
[2017-12-13 22:04:44] Ignora, segue o papo ae...
[2017-12-13 22:04:57] 😂
[2017-12-13 22:05:11] Ja cadastrei no Inter... Agora é esperar.
[2017-12-13 22:05:40] até tenho bradesco, mas a conta ta lá parada
[2017-12-13 22:05:42] preciso encerrar
[2017-12-13 22:05:42] Mas deviam proibir os bancos de discriminarem os clientes desse jeito.
[2017-12-13 22:13:07] É só levar um celular do kinderovo, que eles te dão o token kkkkkk
[2017-12-13 22:13:29] Han?
[2017-12-13 22:14:12] o problema é o app que não roda mais em celular rootado @lvido
[2017-12-13 22:14:22] quando é só recadastrar o token, de buenas
