[2017-12-26 02:32:42] Acho que roda!
[2017-12-26 08:09:41] https://danluu.com/input-lag/
[2017-12-26 08:10:01] ^ Computer latency: 1977-2017
[2017-12-26 11:19:02] Tá rolando grupo de estudos de algo trading pra Bitcoin?
[2017-12-26 11:36:55] Seria interessante
Gosto bastante do mundo de criptos
[2017-12-26 12:24:12] No Garoa tem o BlackBlockChain - https://garoa.net.br/wiki/BlackBlockChain
[2017-12-26 12:24:58] Estou montando um grupo sobre blockchain aqui no Telegram, mas está bem embrionário (o grupo foi criado semana passada e ainda não têm discussão rolando).
[2017-12-26 13:05:21] me adiciona, por favor
[2017-12-26 13:05:31] ou anuncia aqui o link para inscrição
[2017-12-26 13:08:59] Posso divulgar aqui? Não estarei infringindo regras do Garoa?
[2017-12-26 13:09:19] pode sim
[2017-12-26 13:09:35] @blockchain_BR
[2017-12-26 15:23:37] FH Fairing spotted at the Cape
http://ift.tt/2C6jwU9

Submitted December 26, 2017 at 06:02PM by St-Jed-of-Calumet
via reddit http://ift.tt/2pDeWKy
[2017-12-26 17:50:55] garoa vai estar aberto hj?
[2017-12-26 18:52:16] Oi Nemo 6, você pode dar uma olhada no sensor da porta de tempos em tempos aqui na home do site: https://garoa.net.br/wiki/Página_principal
[2017-12-26 18:52:46] No momento está marcando fechado e não tem nenhuma atividade marcada na agenda...
[2017-12-26 18:55:04] ah ok, queria confirmar se ia ter a noite de processing, marcada no calendario pra ultima terca do mes
[2017-12-26 19:53:26] repare na página da Noite de Processing que fazemos um recesso em dezembro
[2017-12-26 19:54:08] https://garoa.net.br/wiki/Noite_de_Processing
[2017-12-26 19:54:29] Mas legal que você lembrou que é sempre na última terça do mês!
[2017-12-26 20:09:24] Fernando added Roll 'em Bot
[2017-12-26 21:45:06] Fiquei sabendo que haverá um workshop de Processing no Sesc 24 de maio em janeiro
[2017-12-26 22:07:21] Diego Sarzi joined
[2017-12-26 22:07:34] Sou o 700 !!! Oque eu ganho?
[2017-12-26 22:42:57] Yep!
[2017-12-26 22:43:51] https://www.sescsp.org.br/aulas/143137_INTENSIVO+DE+PROGRAMACAO+PARA+ARTISTAS+E+CURIOSOS
[2017-12-26 22:44:06] E a primeira aula é 11/1
[2017-12-26 22:45:07] photo: /home/felipe/devel/github_garoa/Telegram_logs_Garoa_Hacker_Clube_Publico/media/Garoa_Hacker_Clube_(Público)/download_804728375_79384.jpg
[2017-12-26 22:54:18] Alguem sabe qnd comeca a virada cutural?
[2017-12-26 23:35:40] 19/20 maio
