[2016-06-08 01:02:52] Você pode trabalhar gratuitamente no espaço que o Google inaugurou em São Paulo – https://tecnoblog.net/196632/google-campus-sao-paulo-espaco-trabalho/
[2016-06-08 08:53:39] Queridos, grupo da BSides! https://telegram.me/bsideslatam2016
[2016-06-08 10:11:10] So depois do dia 13
[2016-06-08 10:41:20] Quem vem pra hackermesse?
[2016-06-08 10:54:33] Eu.
[2016-06-08 12:00:38] o/
[2016-06-08 12:14:12] Eu \o
[2016-06-08 12:42:37] Eu vou também...
[2016-06-08 13:05:32] quem vai participar da mega virada fora de epoca hacker? (sex-dom)
[2016-06-08 13:23:05] não tô aguentando virada essa semana, fiquei estudando e fazendo trabalho todo dia
[2016-06-08 13:23:09] e ainda vou na bsides
[2016-06-08 13:24:36] 👆#hackermesse
[2016-06-08 13:26:06] a mega virada não precisa ficar acordado os 3 dias, só precisamos de pessoas deixando o garoa aberto por 3 dias.
[2016-06-08 13:27:03] na verdade é um dia e meio, que é final de sexta até madrugada de domingo
[2016-06-08 13:30:32] Afonso, você cuida dos cachorros-quentes?
[2016-06-08 13:30:36] na Hackermesse
[2016-06-08 13:30:43] pode ser
[2016-06-08 13:40:34] Patrocinador oficial Red Bull rs
[2016-06-08 13:42:07] Fechou então! Fabio e eu faremos as compras usuais e mandamos.
[2016-06-08 13:46:47] ah tem um problema
[2016-06-08 13:46:53] eu vou sair só as 17 daqui
[2016-06-08 13:46:55] no sabado
[2016-06-08 13:47:57] humm.. a gente vai comprar as coisas e traz na sexta... daí quem chegar sábado já vai fazendo
[2016-06-08 13:48:53] blz
[2016-06-08 13:50:12] vai ter oficina free aqui de wearables pra iniciantes no sábado
[2016-06-08 13:50:15] de 11 as 17
[2016-06-08 13:50:22] quem quiser vir só chegar
[2016-06-08 13:50:37] ehehehe
[2016-06-08 13:50:38] Rá!
[2016-06-08 13:53:09] vou tentar levar o povo que vai tá na oficina aqui pra hackermesse
[2016-06-08 13:53:17] seria bom se eu tivesse um panfleto
[2016-06-08 13:53:21] eu posso imprimir aqui
[2016-06-08 14:38:48] Vou fazer um folheto
[2016-06-08 15:22:55] Wagner Moschini joined
[2016-06-08 15:25:17] Olá Pessoal! Sou o Wagner, sou desenvolvedor, entrando no grupo pra ficar por dentro do que ta rolando no Garoa! ✌
[2016-06-08 15:40:14] @Yumizinha @tilt4 Na página da Hackermesse no wiki tá 14h
[2016-06-08 15:40:27] deixa assim ou era pra ser 16h?
[2016-06-08 15:52:55] document: /home/felipe/devel/github_tvdstaaij/telegram-history-dump/output/media/Garoa_Hacker_Clube_(Público)/download_644222627426074649.png
[2016-06-08 15:53:04] document: /home/felipe/devel/github_tvdstaaij/telegram-history-dump/output/media/Garoa_Hacker_Clube_(Público)/download_644222627426074650.svg
[2016-06-08 15:57:48] document: /home/felipe/devel/github_tvdstaaij/telegram-history-dump/output/media/Garoa_Hacker_Clube_(Público)/download_334442278644160358.webp
[2016-06-08 15:58:35] hacker mess
[2016-06-08 15:58:56] 👆exato
[2016-06-08 16:07:47] 16h, pls
[2016-06-08 16:07:54] mas se tiver gente antes, manda pau
[2016-06-08 16:19:23] Como você pode ver, fiz o folheto to @tilt4 com 16h...
[2016-06-08 16:19:45] mandei o SVG dá pra mudar algo se quiserem (Inkscape)
[2016-06-08 16:37:51] @wmoschini seja bem vindo!
[2016-06-08 16:40:38] Se estiver em São Paulo, não perca dia 11/6: Hacker mess + festa BSides Latam :)
[2016-06-08 16:40:39] 11/6 = 1.8333333333333333
[2016-06-08 16:40:50] :( bot chato
[2016-06-08 16:43:37] @wmoschini bem vindo :)
[2016-06-08 16:43:52] Eu vou na hackermesse também
[2016-06-08 16:44:36] Queria saber se alguém vai levar aqueles suspiros de quadrado, coloridos 
Se não, eu procuro e levo
[2016-06-08 16:52:56] Olha isso, @Yumizinha...
[2016-06-08 16:52:56] http://olhardigital.uol.com.br/noticia/personagem-das-meninas-superpoderosas-agora-e-programadora/59107
[2016-06-08 17:26:43] valeu @AlexandreVillares
[2016-06-08 17:27:06] valeu @AlexandreVillares até que fim um 'design' ativo conosco
[2016-06-08 17:29:00] Queremos @AlexandreVillares para ministro interino das comunicacoes do Garoa! =)
[2016-06-08 17:44:04] Hahaha
[2016-06-08 17:44:05] hehe...
[2016-06-08 17:46:53] coloca na pauta do proximo cmc
[2016-06-08 17:54:50] Sou sub-secretário da propaganda e comunicações
[2016-06-08 17:55:21] (Tony é o ministro não vamos criar encrenca)
[2016-06-08 18:05:53] ministro só ganha dinheiro
[2016-06-08 18:33:49] Alguém sabe o que vai rolar no hackids hoje?
[2016-06-08 18:35:11] > @tilt4
um 'design' ativo conosco

A maior trollagem dos últimos tempos...
[2016-06-08 18:42:59] A cidade de Townsville agradece
[2016-06-08 18:43:24] Villares pra ministro ++
[2016-06-08 18:44:07] Eu não cheguei a ver. Só vi email do Guilherme
[2016-06-08 19:41:53] Parece que sim, o Michael mandou um email agora dizendo que está a caminho do garoa.
[2016-06-08 19:47:47] Fabricio Biazzotto ☂ added PortunholBot
[2016-06-08 19:48:11] Só um teste, quero ver porque o bot não funciona em grupos... tudo bem?
[2016-06-08 19:48:14] só uno teste, quiero vieir porquie lo buet en lo funcieona en grupos... tudo bem?
[2016-06-08 19:49:06] Aqui funcionou, porque será que no grupo do evento não funciona?
[2016-06-08 19:49:07] aqui funcieonou, porquie sierá quie en lo grupo del evieinto en lo funcieona?
[2016-06-08 19:49:51] auhuaheuae
[2016-06-08 19:49:53] auhuaheuae
[2016-06-08 19:49:55] funcieona?
[2016-06-08 19:49:56] funcieeona?
[2016-06-08 19:49:59] funcieona?
[2016-06-08 19:50:00] funcieeona?
[2016-06-08 19:50:04] funcieeona?
[2016-06-08 19:50:05] funcieeeona?
[2016-06-08 19:50:11] funcieeeona?
[2016-06-08 19:50:12] funcieeeeona?
[2016-06-08 19:50:15] funcieeeeona?
[2016-06-08 19:50:17] funcieeeeeona?
[2016-06-08 19:50:53] LOL haha
[2016-06-08 19:50:53] hehehehe!
[2016-06-08 19:50:54] lol haha
[2016-06-08 19:57:10] Melhor tirar do grupo, né...
[2016-06-08 19:57:12] mellor tirar del grupo, né...
[2016-06-08 19:57:46] Fabricio Biazzotto ☂ removed PortunholBot
[2016-06-08 20:16:58] Ah
[2016-06-08 20:17:02] Eu tava gostando dele
[2016-06-08 20:17:29] Poderia rolar de chamar ele, tipo o @gif
[2016-06-08 20:18:43] Tipo o Automemebot
[2016-06-08 20:18:49] Ia ser legal
[2016-06-08 20:23:25] Boa ideia... vou ver se consigo...
[2016-06-08 20:30:59] Curti esse bot, mas vira flood, né? Vc que fez, @Biazzotto?
[2016-06-08 21:39:57] Sim, fui eu, mas me baseei no código do @Belimawr, só converti o aplicativo dele em bot.
[2016-06-08 21:41:26] Estava tentando converter ele para o modo inline, mas estou com tanto sono que não rolou... vou tentar dormir cedo e outra hora eu continuo. Não é difícil, é que nunca fiz um bot inline.
