[2016-12-23 00:17:39] document: /home/felipe/devel/github_tvdstaaij/telegram-history-dump/output/media/Garoa_Hacker_Clube_(Público)/download_7173162320003312.webp
[2016-12-23 00:34:44] document: /home/felipe/devel/github_tvdstaaij/telegram-history-dump/output/media/Garoa_Hacker_Clube_(Público)/download_71790434187216360.webp
[2016-12-23 00:34:55] document: /home/felipe/devel/github_tvdstaaij/telegram-history-dump/output/media/Garoa_Hacker_Clube_(Público)/download_7173162320003395.webp
[2016-12-23 00:35:21] photo: /home/felipe/devel/github_tvdstaaij/telegram-history-dump/output/media/Garoa_Hacker_Clube_(Público)/download_803729431_125436.jpg
[2016-12-23 00:37:12] document: /home/felipe/devel/github_tvdstaaij/telegram-history-dump/output/media/Garoa_Hacker_Clube_(Público)/download_826459275206328386.webp
[2016-12-23 00:41:58] hax0r
[2016-12-23 00:42:49] document: /home/felipe/devel/github_tvdstaaij/telegram-history-dump/output/media/Garoa_Hacker_Clube_(Público)/download_71790434187216363.webp
[2016-12-23 00:42:54] hahahaha
[2016-12-23 00:43:11] Os caras fazendo meme com a minha foto...quero diretos autorais ae ahuhuahuauha
[2016-12-23 00:44:35] auheahe processa
[2016-12-23 00:50:47] photo: /home/felipe/devel/github_tvdstaaij/telegram-history-dump/output/media/Garoa_Hacker_Clube_(Público)/download_803734248_3975.jpg
[2016-12-23 00:59:26] Caralho, esse grupo virou sessão da tarde
[2016-12-23 01:00:32] document: /home/felipe/devel/github_tvdstaaij/telegram-history-dump/output/media/Garoa_Hacker_Clube_(Público)/download_422091437182550037.webp
[2016-12-23 01:01:15] melhor que etnomatemática não?
[2016-12-23 01:01:53] document: /home/felipe/devel/github_tvdstaaij/telegram-history-dump/output/media/Garoa_Hacker_Clube_(Público)/download_71790434187216359.webp
[2016-12-23 01:01:55] ollokkoooooo
[2016-12-23 01:26:27] Aí galera, fiz um vídeo mostrando como transformar o arduino uno em uma interface HID e simular um rubber ducky https://youtu.be/lx7X2CvQJdE
[2016-12-23 05:33:59] photo: /home/felipe/devel/github_tvdstaaij/telegram-history-dump/output/media/Garoa_Hacker_Clube_(Público)/download_803730028_123692.jpg
[2016-12-23 07:20:54] famosinha do rj lek mando ate passinho
[2016-12-23 07:21:50] Bem vindo à lagoa azul
[2016-12-23 07:22:15] Foda!!!
[2016-12-23 07:22:45] Chatuba
[2016-12-23 09:07:58] https://twitter.com/kimoanman/status/806826861141426176
[2016-12-23 10:22:27] document: /home/felipe/devel/github_tvdstaaij/telegram-history-dump/output/media/Garoa_Hacker_Clube_(Público)/download_712179395279717022.webp
[2016-12-23 11:31:07] Gabriel joined
[2016-12-23 11:31:08] Hi Gabriel !
[2016-12-23 11:31:51] Bom dia galera!
[2016-12-23 11:33:01] Eu to querendo estudar a fundo sobre hardware e sua produção: arquitetura do pc e de suas componentes, circuitos digitais, semicondutores, transistors, física do estado sólido em geral, etc
[2016-12-23 11:33:08] Recomendam algum livro?
[2016-12-23 11:33:23] Pode ser um livro hardcore
[2016-12-23 11:33:35] Quero aprender mesmo essa área
[2016-12-23 12:51:15] Pedro joined
[2016-12-23 12:51:16] Hi Pedro !
[2016-12-23 13:26:35] Rodolfo Fernando joined
[2016-12-23 13:26:36] Hi Rodolfo !
[2016-12-23 14:23:49] Sugiro estes:
"Hardware II, o Guia Definitivo" - 
Carlos E. Morimoto (antigo, mas excelente)
"Hardware" - Gabriel Torres
[2016-12-23 14:34:39] FPGA pode ser um caminho para aprender Arquitetura
[2016-12-23 14:37:42] Valeu Fabricio, vou baixar
[2016-12-23 14:58:05] Tenho esses 2 livros na versao fisica...recomendo muito.
[2016-12-23 15:17:15] Marcel Carvalho joined
[2016-12-23 15:17:16] Hi Marcel !
[2016-12-23 15:55:31] Hoje apareceu uma mulher com paranóia
[2016-12-23 15:56:06] Diz que tem um cara sabotando a empresa e vida dela
[2016-12-23 15:59:44] Exatamente esse tipo de pornografia que eu gosto
[2016-12-23 16:13:17] No Garoa?
[2016-12-23 16:25:09] photo: /home/felipe/devel/github_tvdstaaij/telegram-history-dump/output/media/Garoa_Hacker_Clube_(Público)/download_803734582_4657.jpg
[2016-12-23 16:26:24] Eca
[2016-12-23 16:31:21] Kkkkkk
[2016-12-23 16:31:29] Sanduiche underground
[2016-12-23 16:41:48] combot.org/chat/-1001050919227
[2016-12-23 16:51:01] Alexandre Lopes joined
[2016-12-23 16:51:02] Hi Alexandre !
[2016-12-23 20:07:35] Rui Carlos De souza joined
[2016-12-23 20:07:36] Hi Rui Carlos !
[2016-12-23 20:08:37] oi boa noite a todos ! Sou Gaúcho GNU/Linux, sou editor e livreiro... uso www.duzeru.org
[2016-12-23 20:09:03] http://gaucholinux.net.br/
[2016-12-23 20:09:36] frete grátis para todo o Brasil, via correios registrado...
[2016-12-23 20:09:57] http://gaucholinux.net.br/Treinamentos-Pratico-Para-Iniciantes-de-Servidores-Linux-Livro.html
[2016-12-23 20:11:51] veja @gabrielbar
[2016-12-23 20:30:05] Kurumin, nossa
[2016-12-23 20:34:05] tenhos estes livros para vender são novos..
[2016-12-23 20:52:53] Junin joined
[2016-12-23 20:52:53] Hi Junin !
[2016-12-23 21:41:13] O kurumin foi a segunda distro Linux que usei. Através dele conheci os sistemas operacionais além do windows... Tem tempo isso
[2016-12-23 23:29:42] Pera,kurumin ainda existe?
