[2016-09-15 02:08:03] Comprei uma meia dúzia, mas ainda vão demorar pelo menos 1 mês... Aproveitei e peguei a versão Pro, que era 1 Obama mais cara mas tem 4x mais memória. (Dica do @Biazzotto )
[2016-09-15 02:46:28] document: /home/felipe/devel/github_tvdstaaij/telegram-history-dump/output/media/Garoa_Hacker_Clube_(Público)/download_826459275206328386.webp
[2016-09-15 02:53:12] document: /home/felipe/devel/github_tvdstaaij/telegram-history-dump/output/media/Garoa_Hacker_Clube_(Público)/download_13510979270738312.webp
[2016-09-15 02:53:24] Quem quiser eu ajudo a instalar o MicroPython...
[2016-09-15 06:49:52] pro?
[2016-09-15 06:50:09] manda o link
[2016-09-15 08:54:29] ...aí eu fiquei puto pq nao encontrei nenhuma ferramenta para ver facilmente todas essas cores em hexa, rgba e etc e escrevi isso: https://garoa.net.br/color/
[2016-09-15 09:09:54] btw, angular material sucks
[2016-09-15 10:20:45] @eduoda 
https://m.aliexpress.com/item/32724692514.html?trace=wwwdetail2mobilesitedetail&productId=32724692514&productSubject=WEMOS-D1-mini-Pro-16M-bytes-external-antenna-connector-ESP8266-WIFI-Internet-of-Things-development-board#autostay
[2016-09-15 11:52:01] quero um comofas
[2016-09-15 13:35:21] 15/09/2016 09:05 - CEINT CURITIBA - CURITIBA/PR Objeto encaminhado - Em trânsito para RFB - Liberado sem Tributação - /BR
[2016-09-15 13:35:59] document: /home/felipe/devel/github_tvdstaaij/telegram-history-dump/output/media/Garoa_Hacker_Clube_(Público)/download_803716548_95378.jpg
[2016-09-15 13:41:13] vc tem alguma necessidade específica com essas cores, ou foi aleatório pra testar?
[2016-09-15 13:46:20] document: /home/felipe/devel/github_tvdstaaij/telegram-history-dump/output/media/Garoa_Hacker_Clube_(Público)/download_803730345_58386.jpg
[2016-09-15 16:35:52] @eduoda 
 http://philipgalanter.com/art/xepa/images/
Lembrei de vc
[2016-09-15 16:36:52] hoho
[2016-09-15 16:37:16] agora ja tneho utilidade para os 6m de fita de leds enderecaveis que chegaram :D
[2016-09-15 16:38:49] viu o video?
[2016-09-15 16:38:56] Viii
[2016-09-15 16:52:42] Boa tarde à todos, Théo fui ver sobre o tubo mas só consegui uma loja no Carrão que vai chegar na próxima semana...
Não tenho tempo de ir na Santa vê, mas desde já muito obrigado pela dica e ajuda de todos
[2016-09-15 17:24:39] vi agora as fotos... que zica
[2016-09-15 17:24:45] mas acontece com todos
[2016-09-15 17:25:01] a minha irma ja me fez "consertar" a conte dela n vezes
[2016-09-15 17:25:24] tenta comprar o rabicho no mercado livre, nao eh caro
[2016-09-15 17:25:39] ai abre a fonte e solda no lugar
[2016-09-15 17:31:50] Pessoal a Jide lançou o Remix Player (http://www.jide.com/remixos-player), um emulador de Android, mas somente para o Windows 7 🙄...

A boa notícia é que quem baixar ganha um cupom de desconto para um Remix Mini (http://www.jide.com/mini), com frete gratuito, por 50 dolares...
[2016-09-15 17:33:03] precisa rodar pra pegar o cupom ou só baixar? :P
[2016-09-15 17:33:51] Só baixar...
[2016-09-15 17:34:21] O link que foi gerado para mim foi esse:
https://shop.jide.com/en/detail?pid=10&fcode=IB13MTTJLBTZTWOZZPYO

Não sei se é reutilizável...
[2016-09-15 17:34:25] parece bacana pra media center..
[2016-09-15 17:34:39] mas eu acho que ainda quero mais um pocketchip
[2016-09-15 17:52:04] vou comprar e dar de presente para moca que faz faxina aqui em casa
[2016-09-15 17:52:10] computador zero na vida dela...
[2016-09-15 17:52:36] e ela queria botar uns videos do youtube para a filha dela assistir
[2016-09-15 17:52:55] talvez compense mais um chromecast, ne?
[2016-09-15 17:53:54] @Biazzotto demorou para chegar o email para vc?
[2016-09-15 17:54:32] Não veio por e-mail, assim que baixei ele apareceu o código...
[2016-09-15 17:55:11] acabei de ver :P
[2016-09-15 17:55:14] gerou o mesmo link
[2016-09-15 18:22:01] comprei la, fui dando uns next e sei la se foi tudo certo kkkk
[2016-09-15 18:28:47] Obrigado, mas eu e solda não nos entendemos bem kkkk mas verei o que fazer...
[2016-09-15 18:31:23] @Ma_burn Eu usei sugru no meu cabo, não estava tão detonado mas resolveu. Tem tb uma versão chinesa que é vendida no Ali, chama v-tie '
[2016-09-15 18:52:41] Verei também, pois sabe mulher com o é né, cheia de deixa tudo organizado e bonitinho desde que esteja funcionando
[2016-09-15 18:56:06] eu fiz a receita de sugru aqui com silicone, maizena e po xadrez para dar cor, funcionou bem legal
[2016-09-15 18:56:14] mas secou rapido
[2016-09-15 18:56:23] e o silicone tem aquele cheiro forte
[2016-09-15 19:01:17] Alguém vai no Garoa hoje? 
Tô com um Arduíno montado na protoboard q não carrega código já tentei carregar o bootload e tb não rolou (mas nunca fiz nada isso então tvz tenha errado algo)
[2016-09-15 19:01:36] Se alguém quiser dar uma ajuda tava pensando em passar lá hj
[2016-09-15 19:02:00] Segundo o site o Garoa tá fechado ainda
[2016-09-15 19:44:11] hoje tem noite do arduino
[2016-09-15 19:44:20] vai ter gente lá com certeza
[2016-09-15 19:44:31] o site já mostra que tá aberto
[2016-09-15 20:25:10] photo: /home/felipe/devel/github_tvdstaaij/telegram-history-dump/output/media/Garoa_Hacker_Clube_(Público)/download_803712133_95998.jpg
[2016-09-15 20:25:10] document: /home/felipe/devel/github_tvdstaaij/telegram-history-dump/output/media/Garoa_Hacker_Clube_(Público)/download_803716611_95055.jpg
[2016-09-15 20:25:20] @villares nao sei se presta
[2016-09-15 20:32:43] Galera
[2016-09-15 20:38:42] Olha @carril!
[2016-09-15 20:43:08] Alguém tá interessado em participar do hackathon da fiesp?
[2016-09-15 20:43:37] Tipo ajudar a organizar
[2016-09-15 20:51:47] Arthur Henrique joined
[2016-09-15 20:51:48] Hi Arthur !
[2016-09-15 21:45:43] Quando é?
[2016-09-15 21:47:03] Gente, como vai ser o encontro de sábado?
[2016-09-15 22:03:54] 15 e 16 de outubro
[2016-09-15 22:05:08] Qual é o tema do hackatona da FIESP?
[2016-09-15 22:07:24] Preciso de representantes de hacker spaces para ajudar no dia e a divulgar
[2016-09-15 22:07:27] IOT
[2016-09-15 22:07:41] Não sei nem porque eu perguntei
[2016-09-15 22:19:03] pra quem quiser ver um lançamento de foguete, tem um daqui 10 minutos ao vivo aqui: http://spaceflightnow.com/2016/09/15/vv07-mission-status-center/
[2016-09-15 22:23:03] (requer Flash)
[2016-09-15 22:24:28] na linha de comando usando o software livre chamado "livestreamer" e também o vlc, voce pode assistir digitando esse comando: livestreamer http://original.livestream.com/spaceflightnow best
[2016-09-15 22:24:49] https://github.com/chrippa/livestreamer
[2016-09-15 22:24:50] chrippa | livestreamer

Command-line utility that extracts streams from various services and pipes them into a video player of choice.

Language: Python
Forks: 474
Stars: 3106
Issues: 534
[2016-09-15 22:28:07] Lembrem se, todo lançamento de foguete tem uma chance de explosão espetacular! Diversão quase garantida de um jeito ou d outro!
[2016-09-15 22:32:02] todo lançamento conta com uma explosão espetacular. A maioria delas é bem controlada. Outras têm vontade própria...
[2016-09-15 22:32:57] Valeu! Estou vendo.
[2016-09-15 22:37:43] Esse de hoje sobe com satélites pro gov. do Peru e um satélite do Google para mapeamento da Terra.
[2016-09-15 22:41:28] Hum! Se explodir e perder-se o do Google, não vou ficar chateado... Mas não vou rir que nem o do Facebook.
[2016-09-15 22:48:33] o satélite não era do Facebook
[2016-09-15 22:48:50] era de uma empresa de Israel chamada Spacecom
[2016-09-15 22:49:21] o Facebook era apenas um dos vários clientes da Spacecom que tinham contratado o "aluguel" de um dos transponders do satélite
[2016-09-15 22:50:28] Ah, ele realmente tinha um aluguel.
[2016-09-15 22:51:14] No lançamento que aconteceu agora, eu não esperava que o foguete entrasse na dimensão virtual após sair da Terra.
[2016-09-15 22:54:55] "entrasse na dimensão virtual" ?
[2016-09-15 22:55:02] tipo TRON ?
[2016-09-15 22:56:19] https://a2ua.com/tron/tron-009.jpg
[2016-09-15 22:56:25] Não.
[2016-09-15 22:56:33] Até certo ponto era vídeo, depois passou a ser modelo 3D em computador.
[2016-09-15 22:56:57] sim. O modelo 3D imita o que os dados de telemetria informam que está acontecendo
[2016-09-15 22:57:15] de noite não dá pra ver muita coisa além do começo do lançamento
[2016-09-15 22:57:26] e mesmo de dia, rapidamente fica muito pequeno pra ver
[2016-09-15 22:58:14] Sim, mas daí achei que ia acabar a transmissão, não entrar no cyberespaço.
[2016-09-15 23:01:56] A palavra cyberespaço não existe. O que existe é "cyberspace" em inglês e "ciberespaço" em português :-)
[2016-09-15 23:05:03] Não é errado chamar aquilo ali de ciberespaço, mas acho meio exagerado. Mais razoável simplesmente lembrar que é uma mera visualização de dados...
[2016-09-15 23:05:47] eheh
[2016-09-15 23:06:09] ｃｉｂｅｒｅｓｐａｃｏ
[2016-09-15 23:06:15] bem... assim como não é errado dizer que uma impressora 3D é um robô, ou que as pessoas hoje em dia já são cibergues. São fatos, mas mesmo assim não soa natural usar esses termos.
[2016-09-15 23:06:26] ciborgues
[2016-09-15 23:06:31] as pessoas hoje em dia são icebergs
[2016-09-15 23:06:40] LOL
[2016-09-15 23:08:46] Tipo isso...
[2016-09-15 23:08:46] photo
