[2017-10-14 00:07:05] Legal, Marcelo! Vc tem ideia de quanto foi a impressora?
[2017-10-14 07:52:16] É do Jonathan, ele pode falar o preço certinho
[2017-10-14 08:15:29] :O
[2017-10-14 09:34:09] photo: /home/felipe/devel/github_tvdstaaij/telegram-history-dump/output/media/Garoa_Hacker_Clube_(Público)/download_200814996970537082.webp
[2017-10-14 09:48:13] Mike Howard added Ismael Rodrigues
[2017-10-14 09:48:14] Hi Ismael !
[2017-10-14 11:17:54] Hi Up !
[2017-10-14 12:03:13] photo: /home/felipe/devel/github_tvdstaaij/telegram-history-dump/output/media/Garoa_Hacker_Clube_(Público)/download_804723106_45353.jpg
[2017-10-14 12:04:10] Nolan Bushnell autografando o atari do meu amigo
[2017-10-14 12:05:44] document: /home/felipe/devel/github_tvdstaaij/telegram-history-dump/output/media/Garoa_Hacker_Clube_(Público)/download_272479773299572978.webp
[2017-10-14 12:17:12] A Arte da Eletrônica
https://www.amazon.com.br/gp/aw/d/8582604343/ref=mp_s_a_1_sc_3?ie=UTF8&qid=1507994149&sr=8-3-spell&pi=AC_SX118_SY170_QL70&keywords=the+art+of+eletronics
[2017-10-14 12:17:57] Achei que o preço está bom, 187.90
[2017-10-14 12:28:40] Jonathan vai levar sua impressora 3d pro Garoa hoje ?
[2017-10-14 12:56:19] http://m.gizmodo.uol.com.br/site-brasileiros-mineradores-bitcoin/
[2017-10-14 12:58:15] A impressora custou 149 dolares, mais uns 100 dolares pro envio (são quase nove kg e o pacote é um pouco grande) Paguei de taxa pra receita 482 reais.
[2017-10-14 12:59:46] Eu li sobre kkkkk os caras arrumam diversos meios pra conseguir grana "da populacao"
[2017-10-14 13:01:15] cruel...
[2017-10-14 13:01:50] Se você for ao garoa e puder me ajudar a completar sua montagem, com certeza!
[2017-10-14 13:06:15] Blz, chego até às  14:00hrs
[2017-10-14 13:06:39] TB tô indo pro garoa
[2017-10-14 13:06:45] Chego umas 14:30
[2017-10-14 13:20:42] Massa, vou me arrumar comer algo e já vou pro garoa também, devo chegar umas 14:20 mais ou menos.
[2017-10-14 13:24:26] Alguém sabe se o Garoa está aberto?
[2017-10-14 13:29:25] Umas 14 só
[2017-10-14 14:19:59] Hoje vai rolar ?
[2017-10-14 14:21:59] Digo o que vai rolar hoje ?
[2017-10-14 14:24:26] http://garoa.net.br
[2017-10-14 14:25:18] E no histórico da conversa dá pra vê que vai ter o Marcelo mexendo no drone
[2017-10-14 14:25:34] E impressora 3d
[2017-10-14 14:26:28] afonso, o preparo para o pwn2win nao era hoje?
[2017-10-14 14:26:49] Sim vai rolar
[2017-10-14 14:27:39] Eu chego atrasado por conta de um imprevisto mas já to chegando
[2017-10-14 14:33:41] a primeira lição é ser independente e não esperar o Afonso pra ser um hackudão
[2017-10-14 14:38:35] Isso msm
[2017-10-14 14:39:07] Vai um amigo meu que manja muito e vai participar tb ele chega 15
[2017-10-14 14:54:53] Essa geração é Hackudão nutella
[2017-10-14 14:56:37] É osso
[2017-10-14 14:56:37] Pessoal fazendo curso de como ser hacker na udemy
[2017-10-14 15:04:13] https://www.youtube.com/watch?v=2uXpc5dOKRo
[2017-10-14 15:04:21] AHHAHAHA
[2017-10-14 15:04:30] aaaaaaaaaaaaaaaaaaaaaaaaaaaaaaaaaaaaaaaaaaa
[2017-10-14 15:04:36] Não vi o vídeo, mas começa com a tela do XP
[2017-10-14 15:05:08] document: /home/felipe/devel/github_tvdstaaij/telegram-history-dump/output/media/Garoa_Hacker_Clube_(Público)/download_1406738652867854338.mp4
[2017-10-14 15:11:11] Vou fazer
[2017-10-14 15:28:21] document: /home/felipe/devel/github_tvdstaaij/telegram-history-dump/output/media/Garoa_Hacker_Clube_(Público)/download_805514929_18155.jpg
[2017-10-14 15:29:00] o cara manja.
[2017-10-14 15:29:26] kkkkkkkkkkkkkkkkkkkkkkk
[2017-10-14 15:35:57] meu deus do séu, mizericórdia
[2017-10-14 15:52:10] O sensor da porta tá com problema
[2017-10-14 15:52:15] O garoa fica aberto hj até 23
[2017-10-14 17:00:33] Não ia ter o pessoal de segurança hoje ?
[2017-10-14 17:03:45] Musk fazendo AMA no reddit
[2017-10-14 17:04:18] https://www.reddit.com/r/space/comments/76e79c/i_am_elon_musk_ask_me_anything_about_bfr/?st=J8RR340Z&sh=cd54e90fhttps://www.reddit.com/r/space/comments/76e79c/i_am_elon_musk_ask_me_anything_about_bfr/?st=J8RR340Z&sh=cd54e90f
[2017-10-14 17:05:32] Tá tendo faz tempo só o status que tá bugado
[2017-10-14 17:18:52] prox vez me organizo pra ir cedo, esse negocio de sol de dia e chuva a tarde complica a logistica
[2017-10-14 17:23:52] 😳
[2017-10-14 18:37:50] Quem quer arrumar?
[2017-10-14 20:35:25] Falando em Fab Lab

http://revistapegn.globo.com/Tecnologia/noticia/2017/10/pegn-oficinas-em-sao-paulo-revelam-inventores.html
[2017-10-14 20:38:24] photo: /home/felipe/devel/github_tvdstaaij/telegram-history-dump/output/media/Garoa_Hacker_Clube_(Público)/download_805510754_31470.jpg
[2017-10-14 20:42:20] document: /home/felipe/devel/github_tvdstaaij/telegram-history-dump/output/media/Garoa_Hacker_Clube_(Público)/download_120138932577894484.webp
[2017-10-14 21:46:05] photo: /home/felipe/devel/github_tvdstaaij/telegram-history-dump/output/media/Garoa_Hacker_Clube_(Público)/download_805509657_30428.jpg
[2017-10-14 23:59:27] Guilherme Freitas joined
[2017-10-14 23:59:28] Hi Guilherme !
