[2017-08-25 10:13:54] CARALHO JUCA
[2017-08-25 10:13:54] EU TE AMO
[2017-08-25 10:13:54] @fsanches
[2017-08-25 10:13:54] PQP
[2017-08-25 10:13:55] document: /home/felipe/devel/github_tvdstaaij/telegram-history-dump/output/media/Garoa_Hacker_Clube_(Público)/download_147119960081039388.webp
[2017-08-25 10:13:55] gracas ao gaveterinho que vc pegou na rua e a organizacao que fez daqueles CIs e a piadinha do ULN2003, eu consegui encontrar esse ci especifico para trocar de uma placa que tinah queimado
[2017-08-25 10:13:55] valeu, felicidade total as 3 da matina no garoa
[2017-08-25 10:13:55] photo: /home/felipe/devel/github_tvdstaaij/telegram-history-dump/output/media/Garoa_Hacker_Clube_(Público)/download_804721171_26266.jpg
[2017-08-25 10:13:55] kkkkkkkk
[2017-08-25 10:13:55] hahahaha
[2017-08-25 10:13:55] boa
[2017-08-25 10:13:55] que bom que é útil :-D
[2017-08-25 10:17:38] 0>=X joined
[2017-08-25 10:17:39] Hi 0>=X !
[2017-08-25 10:29:06] Bom dia!
[2017-08-25 10:41:07] https://twitter.com/b1n0anb/status/901072560766558208
[2017-08-25 10:48:10] Aranha não vai participar.
[2017-08-25 10:55:54] photo: /home/felipe/devel/github_tvdstaaij/telegram-history-dump/output/media/Garoa_Hacker_Clube_(Público)/download_804724423_2709.jpg
[2017-08-25 11:00:59] onde assina?
[2017-08-25 11:07:09] Ainda não assina, só abriram a pré-inscrição:
http://www.tse.jus.br/hotsites/teste-publico-seguranca-2017/
[2017-08-25 12:40:21] Alguem com experiencia em Fuzzing para um 'Crash Course'?
[2017-08-25 15:17:39] Vou indo lá no Garoa
[2017-08-25 16:41:26] Temos monitor para os MSX?
[2017-08-25 16:42:34] projetor funciona
[2017-08-25 17:51:45] Fui comer e deixei o garoa vazio mas volto
[2017-08-25 18:46:54] photo: /home/felipe/devel/github_tvdstaaij/telegram-history-dump/output/media/Garoa_Hacker_Clube_(Público)/download_804206084_128912.jpg
[2017-08-25 18:47:15] A fábrica de terminators está aberta
[2017-08-25 18:47:52] Massa!
[2017-08-25 19:26:53] document: /home/felipe/devel/github_tvdstaaij/telegram-history-dump/output/media/Garoa_Hacker_Clube_(Público)/download_532582889666158411.mp4
[2017-08-25 20:44:15] Preciso conhecer vocês pessoalmente
[2017-08-25 20:44:23] document: /home/felipe/devel/github_tvdstaaij/telegram-history-dump/output/media/Garoa_Hacker_Clube_(Público)/download_803085569260261500.mp4
[2017-08-25 20:59:52] photo: /home/felipe/devel/github_tvdstaaij/telegram-history-dump/output/media/Garoa_Hacker_Clube_(Público)/download_804721038_26936.jpg
[2017-08-25 21:00:38] E aí? Será que sai um MSX inteiro se juntar meia-dúzia ?
[2017-08-25 21:00:51] Aqui tem um povo mexendo com robôs do futuro, e outro com computadores do passado
[2017-08-25 21:01:46] Uma coisa chata é a falta de cartuchos e disquetes de jogos e programas. Sem isso só resta o interpretador basic que já vem embutido na ROM e que é inicializado automaticamente após o boot, mas é meio sem graça
[2017-08-25 21:02:03] Falta alguém vivendo o presente, né?
[2017-08-25 21:05:17] Isso foi uma modinha new age dos anos 80, passou logo
[2017-08-25 21:10:04] https://youtu.be/cyc_MnHX8FI
[2017-08-25 21:32:07] Tem uns joguinhos em 2 linhas de basic por aí
[2017-08-25 21:46:50] Passou é? SABE DE NADA INOCENTE....
[2017-08-25 21:50:27] http://oldplayers.com.br/wp/computadores/msx/zemmix-neo-br/
[2017-08-25 21:52:01] https://www.msxblog.es/tag/brasil/
[2017-08-25 21:53:16] http://www.msxdev.org/msxdev17-rules/
[2017-08-25 23:55:56] Andre Luis joined
[2017-08-25 23:55:57] Hi Andre !
