[2017-10-29 00:27:57] photo: /home/felipe/devel/github_tvdstaaij/telegram-history-dump/output/media/Garoa_Hacker_Clube_(Público)/download_804723675_55722.jpg
[2017-10-29 00:31:53] quero ver juntar fotografias de todos hackerspaces da áustria todo dia
[2017-10-29 00:32:07] tenho certeza que a dura realidade é que o mundo inteiro faz porquice
[2017-10-29 00:37:06] Esse é a hackerspace no Brazil (pia suja)
[2017-10-29 00:37:06] photo: /home/felipe/devel/github_tvdstaaij/telegram-history-dump/output/media/Garoa_Hacker_Clube_(Público)/download_804729854_34073.jpg
[2017-10-29 00:45:03] https://i.pinimg.com/736x/27/ff/99/27ff991f7c79adb560b1e4fc34d4de5c--cartoons-haha.jpg
[2017-10-29 00:46:53] stack overflow
[2017-10-29 01:30:54] (C)94 joined
[2017-10-29 01:30:55] Hi Zero !
[2017-10-29 01:35:47] Hi Jack!
[2017-10-29 03:04:35] Hj a brassagem foi bruta, fiquei só de figurante, mas foi fino, é um processo complexo, que precisa ser movido a cerveja, musica e bs talk
[2017-10-29 08:16:55] Malditos austríacos!
😂
[2017-10-29 09:28:17] Hmmmm sei não parece o garoa msm
[2017-10-29 09:59:15] tem videos de varios espaços https://www.youtube.com/playlist?list=PL_V6eO96VH3jtT3sNH7Mk3QqUV89xuzY1
[2017-10-29 10:20:25] Eu já morei na Alemanha, ia muito pra Áustria. Lá eles realmente não tem a cultura da "empregada", todos desde a infância entendem a co-responsabilidade pela harmonia dos espaços, é natural para eles
[2017-10-29 10:34:08] nah nois é br nois dexa tudo sujo mesmoe quem tiver incomodado lava
[2017-10-29 10:38:57] /help@jackbot
[2017-10-29 10:38:57] Message me first so i can message you !
[2017-10-29 10:39:19] Hahahahah
[2017-10-29 10:39:27] Faz um pouco parte da cultura machista do Brasil, onde os homens desenvolvem esse comportamento por que muitas vezes após as coisas ficarem por muito tempo vem uma mulher e acaba lavando e esses mesmos homens não se incomodam em nada com isso
[2017-10-29 10:41:24] Não estou falando que você tem esse comportamento é comum
[2017-10-29 10:55:57] é tipo gambiarra tá feio ? mas se funciona ta bom.
[2017-10-29 10:56:15] Tipo meu pc
[2017-10-29 10:56:37] photo: /home/felipe/devel/github_tvdstaaij/telegram-history-dump/output/media/Garoa_Hacker_Clube_(Público)/download_804728721_35338.jpg
[2017-10-29 10:57:16] deixa a pia cheia de louça lavo o que for usar ou tudo se for usar a pia
[2017-10-29 10:57:25] se começar a feder lava também
[2017-10-29 10:57:39] ou então arruma o que sujar
[2017-10-29 11:02:57] Pessoal, estou vendendo placas WeMos D1 Mini Pro (placa baseada no ESP8266) por 35 reais. Interessados me chamem no Inbox!
[2017-10-29 12:33:15] Um ótimo ponto do Pedro. E notem tb que se assume que um empregado doméstico é uma empregadA.
[2017-10-29 13:57:26] Vocês mudarem a conversa de responsabilidade individual pra ideologia de gênero e politicamente correto. 🤦‍♂
[2017-10-29 14:01:50] Tá bom Vido. Voltando pro assunto. Caramba né gente, sujou limpou! Que vergonha largar sujeira na pia do Garoa.
[2017-10-29 14:15:19] ainda há quem não queira enxergar...
[2017-10-29 14:16:38] Galera, desculpem o termo: mas chega de punhetação mental, usou o espaço e sujou algo, limpe. Regra básica de convivência.
[2017-10-29 14:16:41] E também não se trata de "responsabilidade individual". É responsabilidade coletiva, pô!
[2017-10-29 14:17:30] Digo mais... usou o espaço e não sujou nada? Limpe algo mesmo assim. Já vai ajudar bastante a passar a mensagem.
[2017-10-29 14:18:47] +1
[2017-10-29 14:47:57] Juca++
[2017-10-29 15:03:29] boa tarde. alguem pretende ir ao garoa hoje?
[2017-10-29 15:55:26] photo: /home/felipe/devel/github_tvdstaaij/telegram-history-dump/output/media/Garoa_Hacker_Clube_(Público)/download_804727334_35841.jpg
[2017-10-29 15:55:36] https://www.washingtonpost.com/graphics/2017/business/women-pay-gap/
[2017-10-29 17:11:21] Galera, seguinte, veja se alguém pode me ajudar...

Preciso terminar a calibragem da impressora 3D que comprei...É a da Geeetech que tem 63827373 partes... Preciso calibrar...

A outra treta é o controle do meu drone que deu pau na bateria, acho eu, dei uma fuçada e nada... É um dji 3 standard....

Alguém pode me ajudar? Aí dou um pulo no Garoa e tal...
[2017-10-29 18:19:01] 😱
[2017-10-29 19:09:41] Passei no garoa ver se tinha alguém lá dentro
[2017-10-29 19:10:50] Tinha?
[2017-10-29 19:11:47] Tinha?
[2017-10-29 19:15:46] Tinha?
[2017-10-29 19:22:51] Tinha?
[2017-10-29 19:25:36] Tinha?
[2017-10-29 19:28:20] Tinha?
[2017-10-29 19:29:44] photo: /home/felipe/devel/github_tvdstaaij/telegram-history-dump/output/media/Garoa_Hacker_Clube_(Público)/download_804726502_34029.jpg
[2017-10-29 19:32:14] Tinha & Não Tinha?
[2017-10-29 22:47:20] Ao abrir a porta para verificar, o observador influenciou o resultado do experimento... #SchrodingersCat
[2017-10-29 22:53:50] Mike posso ajudar nisso
[2017-10-29 22:54:26] rsrsrs
[2017-10-29 23:07:11] Seria ótimo, pode ficar pedindo para o pessoal limpar?
[2017-10-29 23:07:51] Não muito divertido
[2017-10-29 23:08:46] Posso apresentar o espaço, ajudar a cobrar, frequentar mais constantemente
