[2017-04-15 02:37:19] Mas essa BSides 4kids vai ser topzera!
[2017-04-15 02:37:22] https://news.bitcoin.com/value-of-a-bitcoin-teaching-kids-financial-responsibility/
[2017-04-15 09:39:17] Garoa aberto
[2017-04-15 09:39:39] 👏👏
[2017-04-15 10:11:15] photo: /home/felipe/devel/github_tvdstaaij/telegram-history-dump/output/media/Garoa_Hacker_Clube_(Público)/download_804206785_37805.jpg
[2017-04-15 10:32:30] photo: /home/felipe/devel/github_tvdstaaij/telegram-history-dump/output/media/Garoa_Hacker_Clube_(Público)/download_803734924_85584.jpg
[2017-04-15 10:32:30] photo: /home/felipe/devel/github_tvdstaaij/telegram-history-dump/output/media/Garoa_Hacker_Clube_(Público)/download_803721001_106551.jpg
[2017-04-15 10:32:30] photo: /home/felipe/devel/github_tvdstaaij/telegram-history-dump/output/media/Garoa_Hacker_Clube_(Público)/download_803111229_54852.jpg
[2017-04-15 10:35:16] Show
[2017-04-15 10:35:21] Acho que tbm vou
[2017-04-15 10:52:24] photo: /home/felipe/devel/github_tvdstaaij/telegram-history-dump/output/media/Garoa_Hacker_Clube_(Público)/download_804740810_2788.jpg
[2017-04-15 11:32:42] tem algum membro pra deixar aberto aqui?
[2017-04-15 11:33:18] o villares e o fabs vão sair a tarde e n tem ngm para deixar aberto
[2017-04-15 11:33:48] Alguém deve ter pelo menos um membro
[2017-04-15 11:34:05] Artista cria armadura medieval móvel e iluminada com impressora 3D - TecMundo
http://m.tecmundo.com.br/amp/arte/115863-artista-cria-armadura-medieval-movel-iluminada-impressora-3d.htm
[2017-04-15 11:35:56] sim, por isso estou perguntando se alguem vem
[2017-04-15 11:36:01] temos alguns membros agora
[2017-04-15 11:36:16] mas eles vao sair
[2017-04-15 11:37:52] Se alguém puder ficar a tarde seria bacana... talvez a gente faça outra oficina a tarde... tem gente interessada.
[2017-04-15 11:42:15] Algum associado vem à tarde pro Garoa?
[2017-04-15 12:12:00] http://produto.mercadolivre.com.br/MLB-859292521-dell-vostro-i5-_JM
[2017-04-15 12:12:12] http://produto.mercadolivre.com.br/MLB-859298321-dell-i5-tela-156-_JM
[2017-04-15 12:43:21]  joined
[2017-04-15 12:43:22] Hi Taisa !
[2017-04-15 12:43:42] Oi pessoal!!! Algum sócio do garoa vai estar por aqui hoje à tarde?
[2017-04-15 12:45:43] é que tem voluntário para curso express de Django, e gente interessada em aprender.

o espaço existe, só falta a chave 😱🙈 CAMBIO!!! 🙏
[2017-04-15 12:50:45] Caramba, esse bot realmente só tirou o feriado ._.
[2017-04-15 13:05:11] Fiquei surpreso também. Achei maneiro.
[2017-04-15 13:22:37] Show 🤘
[2017-04-15 13:24:08] essa camiseta do operacao serenata s2
[2017-04-15 13:24:38] usei uma vez para ir ao cinema e acharam que eu era PF
[2017-04-15 13:27:31] Hahahaha
[2017-04-15 13:37:10] hey brasilenos, hay cloud seguro?
[2017-04-15 13:40:04] Kkkkkkk
[2017-04-15 13:40:43] Tem clouds com problemas desconhecidos
[2017-04-15 13:42:11] o termo cloud hoje tá meio amplo demais
[2017-04-15 13:42:15] yo digo sobre seguridad, como dice telegram que aqui es seguro, pero quizas hay mas seguros lugares para cloud?
[2017-04-15 13:42:41] pra armazenamento de dados?
[2017-04-15 13:42:50] SaaS ?
[2017-04-15 13:44:10] ja assistiu o video do merces falando sobre qual antivirus escolher? ele começa pela analogia de fechaduras, é um bom exemplo de bom senso
[2017-04-15 13:45:04] yo digo sobre cloud, queno da datos a otros
[2017-04-15 13:46:16] assisti uma palestra sobre voto democratico autenticada por blockchain e a solução em cloud seria completamente viável, são diversas etapas de verificação
[2017-04-15 13:47:17] não tenho nenhuma autoridade pra falar sobre segurança de cloud, mas podemos levar a discussão pelo lado de investimento, hoje o maior grosso do investimento da microsoft vai pro azure
[2017-04-15 13:48:40] seguro ou não, cloud tem sido uma opção atraente para redução de custos e isso leva a indústria desenvolver o que é necessário
[2017-04-15 13:49:08] Amanda link plox
[2017-04-15 13:50:48] entonces mejor que hay, es enviar todo en tu cuenta de telegram? dicen que alli tambien todo posible enviar
[2017-04-15 13:51:52] pera, pera, vc tava falando de cloud, agora vc tá falando de um serviço
[2017-04-15 13:52:08] telegram é closed source, é dirigido por uma empresa privada russa, vc confiaria nela ?
[2017-04-15 13:55:01] pelo que eu sei, vc pode enviar arquivos relativamente grandes pelo telegram mas eles não ficam armazenados por muito tempo. qual seu objetivo?
[2017-04-15 13:55:32] pelo visto você quer discutir mais sobre a criptografia e a segurança na privacidade dos dados enviados do que "cloud", por isso que eu disse que o termo é muito amplo
[2017-04-15 13:59:10] como telegramas não está dentro da jurisdição da Rússia.até mesmo o idioma russo não há, em configurações.o proprietário, o telegrama diz que nenhuma autoridade que não podem chegar perto de dados.mas quem sabe.me interessa mais a segurança, em termos de dados a ninguém постороннему não podem ser transferidos para
[2017-04-15 14:01:03] yo escuche que Brasil es un de unos paises mas hackeros en el mundo, por eso pense que teneis algo asi o lo sabeis jaja
[2017-04-15 14:02:44] nao entendi, temos o que? um canal de comunicação mais confiável?
[2017-04-15 14:02:56] ou uma cloud com mais segurança?
[2017-04-15 14:03:57] as empresas que oferecem soluções em cloud aqui no Brasil são na grande maioria representantes estrangeiras
[2017-04-15 14:04:59] mas ainda eu não estou entendendo o ponto da discussão, se é a segurança de dados armazenados, transmitidos, cloud é um termo muito amplo.
[2017-04-15 14:07:19] mas a questão não é só a confiabilidade pela jurisdição territorial, nem mesmo as leis. o problema é o método.
[2017-04-15 14:08:36] quer um exemplo comparativo? telegram, signal, jabber otr. qual parece mais confiável ?
[2017-04-15 14:28:48] creo jabber o signal no?  yo no uso jabber, pero Snouden recomenda usar Signal
[2017-04-15 14:29:56] mas aí que tá o ponto da discussão
[2017-04-15 14:30:53] vc nao queria falar sobre cloud, mas queria falar sobre criptografia em cima de serviços de comunicação, se for isso mesmo vc tem q analisar os seguintes pontos:
[2017-04-15 14:31:21] jabber é centralizado, precisa de um servidor e ele precisa ser confiável. todos clientes precisam de otr além do servidor.
[2017-04-15 14:32:07] signal por arquitetura ja cobre varios pontos, tanto no cliente quanto no servidor, ele pode inclusive ser usado por outros serviços como via de comunicação entre servidores
[2017-04-15 14:32:25] dizem que telegram é centralizado, nada se sabe muito
[2017-04-15 14:33:07] aí tu coloca o whatsapp tambem na discussão, reparou que com as ferramentas leaked do FBI e da NSA, eles não tem tecnologia nem pra quebrar o whatsapp?
[2017-04-15 14:33:53] aqui no Brasil, os escandalos politicos revelaram as ferramentas que os bandidos usaram e eles fizeram o dever de casa
[2017-04-15 14:34:28] yo creo que si facebook compro whatsapp entonces whstappp ya no es seguro
[2017-04-15 14:34:41] todo americano no uede ser seguro
[2017-04-15 14:34:50] confiabilidade em empresas é outro assunto
[2017-04-15 14:35:13] a justiça brasileira por exemplo fez a ordem justicial para o whatsapp ter o conteudo desbloqueado mas a empresa negou
[2017-04-15 14:35:24] disse que não possui controle sobre e2e
[2017-04-15 14:36:14] se o whatsapp que já é controlado por uma empresa não confiável, tem um e2e que nem o governo dos EUA consegue quebrar, vc acredita no que ? que eles vendem seus dados direto da fonte?
[2017-04-15 14:36:50] se a paranóia é tão forte, utilize criptografia com algoritmos não padrões em cima de protocolos ditos seguros como signal
[2017-04-15 14:37:04] os politicos fizeram isso ;)
[2017-04-15 14:37:18] yo creo que si posible sacar informacion, entonces lo pueden
[2017-04-15 14:37:46] se o e2e funciona do jeito q foi projetado e mostrado, acho q é bem dificil
[2017-04-15 14:37:57] quien sabe, en signal hay cloud como en telegram?
[2017-04-15 14:38:04] esse assunto é diferente de um md5 salted armazenado num servidor
[2017-04-15 14:38:35] ainda acho q vc ta usando o termo cloud de uma maneira muito generica
[2017-04-15 14:40:10] por ejemplo gobierno coje tu movil y recibe mensaje para entrar en tu telegram ellos pueden con brutforce rompar tu contraseno(si tu lo hiciste, si no, entonces lo hacen sin problema) en Rusia ya unos oposiciones romparon telegram de codigo del movil, porque tienen todos companias de moviles con sus numeros
[2017-04-15 14:40:52] asi quizas mejor cojer virtual numero
[2017-04-15 14:40:58] e qual seria a diferença do telegram para outros?
[2017-04-15 14:42:00] si, asi que no hay difirencia jaja aunque quizas hay limit de contrasenas cuando tratan entrar al cuenta
[2017-04-15 14:42:13] acho q vc nao entende o que é otr
[2017-04-15 14:42:39] se vc usasse otr, mesmo alguem que tivesse sua senha nunca terá acesso ao seu histórico
[2017-04-15 14:44:55] semelhante ao funcionamento do otr, sabe qual é o jeito que alguns criminosos estavam usando? public email draft
[2017-04-15 14:45:20] draft nao fica salvo, é a primeira coisa q vai embora, tu escreve em cima de outras frases, ela nunca será armazenada por completo
[2017-04-15 14:45:51] esse metodo nem precisa que seja criptografado e é suficientemente seguro pra algumas pessoas
[2017-04-15 14:47:18] manter diff em commits de email parece meio loucura, acho q nem google faria isso
[2017-04-15 14:47:26] que extrano, que todavia no hay un pais, que ofrecera seguridad de los datos de la gente, si en Cuba hicieron bien internet, creo que podia ser IT center de todo el mundo, la isla de los pirates jaja
[2017-04-15 14:47:38] mas se vc ta tao paranoico, pega protonmail como exemplo, é confiável?
[2017-04-15 14:48:35] ahora uso protonmail
[2017-04-15 14:48:45] por isso mesmo que se a cultura da segurança da informação exercer um poder maior, é possível que o contexto se torne uma cultura subversiva e contra a forma política vigente
[2017-04-15 14:49:42] e estamos vivendo um contexto que a pressão exercida por esses grupos é incontestável
[2017-04-15 14:50:11] es problema, que amerianos pudieron hacer la guerra en Cuba ya no hay USSR que lo apoyaria y no da bombar. y no tiene una bomba, para seguro hacer que quiere
[2017-04-15 14:50:30] cuba ainda se salvou por causa do turismo**
[2017-04-15 14:50:36] quero ver o q vai acontecer com a coreia do norte
[2017-04-15 14:51:54] no se, si americanos no tienen nada en la cabeza, quizas comenzaran bombar entonces sur corea tambien puede no existir mas entonces ya americanos van a perdir sus marionetas
[2017-04-15 14:54:39] tambien Corea de NOrte podia ser asi lugar de seguridad de los datos, ellos tienen la bomba, y es mas seguro que pueden hacer que queiren
[2017-04-15 14:54:51] Brasil envia personas en el cosmos?
[2017-04-15 14:55:53] sim
[2017-04-15 14:55:57] e sim
[2017-04-15 14:56:07] mas vc quer falar sobre a coreia do norte?
[2017-04-15 14:56:18] eu acabei de discutir isso com amigos
[2017-04-15 14:56:36] coreia do sul deve ter entrado em acordo e pagou pros EUA
[2017-04-15 14:57:03] isso é tão evidente que tem até projetos de revitalização urbana aqui no Brasil
[2017-04-15 14:57:52] Síria e Coreia do Norte, acho que até pouco tempo atrás era consenso que não dava lucro. pelo visto estavamos errados
[2017-04-15 15:00:15] yo no pense sobre eso, pero tiene razon, quizas Trump lo hace para sacar dinero de COrea del Sur.si no pagas, nosotros bombamos Corea de Norte y ellos bombean Corea del Sur entonces mejor paga a nosotros
[2017-04-15 16:17:57] Genial
[2017-04-15 16:36:21] Para quem foi e quem não foi hoje na apressentação da @jtemporal: https://garoa.net.br/wiki/Jupyter_Notebooks
[2017-04-15 16:40:12] O Eduardo (da bit9) me disse agora por email: "Ahh. Lembrei de uma coisa: entre os papeis tem o esquema eletrico do hotbit e do expert. Vale scanear pra divulgar."
[2017-04-15 16:40:28] Deve estar dentro de alguma das caixas que trouxemos.
[2017-04-15 16:40:51] Eu me lembro de ter precisado consultar o esquema elétrico do MSX Expert e o único que achei na internet estava HORRÍVEL
[2017-04-15 16:41:05] então se encontrarmos essa outra cópia vai ser bem bom!
[2017-04-15 16:41:11] Pra escanear e publicar
[2017-04-15 16:41:34] Mais tarde atualizo lá com uns links
[2017-04-15 16:45:18] :)
[2017-04-15 17:17:03] http://www.msxpro.com/esquemas.html
[2017-04-15 17:41:45] ...
[2017-04-15 18:41:38] Se o software que criptografa, decriptografa e troca as chaves não é livre, como ter confiança em QQ uma destas etapas?
[2017-04-15 18:59:12] Vai rolar só amanhã, tô cansadona e ainda vou dar amor pra família hj haha
[2017-04-15 18:59:41] Sem crise!
[2017-04-15 19:01:15] ❤️
