[2017-01-01 00:26:27] document: /home/felipe/devel/github_tvdstaaij/telegram-history-dump/output/media/Garoa_Hacker_Clube_(Público)/download_651315018591109161.ogg
[2017-01-01 00:29:35] Hahahaha
[2017-01-01 00:29:42] Mitou!
[2017-01-01 00:29:51] Feliz ano novo
[2017-01-01 00:30:38] feliz ano novo!
[2017-01-01 00:32:19] Estou no passado ainda :p
[2017-01-01 00:33:21] Hahahaha
[2017-01-01 00:33:34] Feliz ano novo garoreiros!!!
[2017-01-01 00:40:40] Aqui ainda são 23:40. Ainda é 2016! Feliz 2017!
[2017-01-01 00:50:41] 😊
[2017-01-01 00:57:11] document: /home/felipe/devel/github_tvdstaaij/telegram-history-dump/output/media/Garoa_Hacker_Clube_(Público)/download_280593361658723717.webp
[2017-01-01 01:07:10] Frliz ano novo Hakudos Makers
[2017-01-01 01:10:23] Feliz ano novo galeraaa!
[2017-01-01 01:10:35] Agora tô lá
[2017-01-01 01:13:17] $ rm -rf 2016
$ mkdir 2017 && cd 2017
$ chmod +x start.sh
$ ./start.sh
[2017-01-01 01:16:51] Feliz Ano Novo, garoeiros!
[2017-01-01 01:36:51] Feliz ano novo a todos!!
[2017-01-01 01:37:06] Muita saúde, felicidade e muitos hacks!!
[2017-01-01 01:38:24] Feliz ano novo galera!
[2017-01-01 01:39:00] alguém aí recomenda algum site de compartilhamento de Torrents, daqueles que precisa de convite pra entrar e tem tipo um programa de pontos?
[2017-01-01 02:27:48] Demonoid?
[2017-01-01 02:28:03] O mais fácil de conseguir convite
[2017-01-01 02:28:25] what.cd já era
[2017-01-01 02:28:43] Sobraram alguns aí ainda...
[2017-01-01 02:38:57] Sonho para 2017? Módulo GSM + GPS por até US$5
[2017-01-01 02:48:15] GSM trabalhamos... Hehehe #SIM800L
[2017-01-01 03:02:13] Tava vendo no Ali,  ele caiu bem o preço! A localização dele é bem precisa? Tá gostando do módulo?
[2017-01-01 10:12:45] Oi bom dia a todos ! Feliz Ano Novo... Gaúcho Gnu/Linux
[2017-01-01 11:10:44] photo: /home/felipe/devel/github_tvdstaaij/telegram-history-dump/output/media/Garoa_Hacker_Clube_(Público)/download_803735445_15553.jpg
[2017-01-01 11:11:25] a interface dos Tails todos ficou toda errada quando mudou o ano
[2017-01-01 12:22:07] Que 2017 seja um ano ímpar !
[2017-01-01 12:39:29] Um ano primo!
[2017-01-01 12:48:33] :D
[2017-01-01 12:49:51] Viva 2¹¹–31
[2017-01-01 13:07:52] photo: /home/felipe/devel/github_tvdstaaij/telegram-history-dump/output/media/Garoa_Hacker_Clube_(Público)/download_803729516_137414.jpg
[2017-01-01 13:08:56] photo: /home/felipe/devel/github_tvdstaaij/telegram-history-dump/output/media/Garoa_Hacker_Clube_(Público)/download_803704578_38948.jpg
[2017-01-01 13:16:06] photo: /home/felipe/devel/github_tvdstaaij/telegram-history-dump/output/media/Garoa_Hacker_Clube_(Público)/download_803730513_136137.jpg
[2017-01-01 13:16:26] photo: /home/felipe/devel/github_tvdstaaij/telegram-history-dump/output/media/Garoa_Hacker_Clube_(Público)/download_803734583_16106.jpg
[2017-01-01 13:18:21] Tem um ftp livre no lt.ixx.io:2121
[2017-01-01 13:35:56] 2¹¹-2⁵+2⁰)
[2017-01-01 13:36:03] ou...
[2017-01-01 13:37:28] (2⁶ - 1) << 5 | 1
[2017-01-01 13:37:32] 9²+44²
[2017-01-01 13:38:39] bonito!
[2017-01-01 15:22:58] Feliz Aniversário @theseventhgod!
[2017-01-01 15:31:10] Aeeee valeu
[2017-01-01 15:31:24] document: /home/felipe/devel/github_tvdstaaij/telegram-history-dump/output/media/Garoa_Hacker_Clube_(Público)/download_347791234560950280.webp
[2017-01-01 15:54:18] Aeeee parabéns Bruno ! :)
[2017-01-01 15:57:44] @TheSeventhGod parabéns manooo!
[2017-01-01 16:03:52] Parabéns @TheSeventhGod  👏👏👏
[2017-01-01 16:31:16] Aehoooooooooooo
[2017-01-01 16:31:25] Valeu vocês tudo ❤
[2017-01-01 16:32:05] document: /home/felipe/devel/github_tvdstaaij/telegram-history-dump/output/media/Garoa_Hacker_Clube_(Público)/download_109840429930774588.webp
[2017-01-01 17:47:51] alguém aqui tem o c.h.i.p?
[2017-01-01 17:54:07] Sonho para 2017: aprender engenharia reversa para ajudar a transformar as nossas pilhas de modem 3g usb defasados em módulos GSM pro Arduino ou até programáveis, caso consiga tomar o controle do microcontrolador interno sem quebrar nenhuma funcionalidade.
[2017-01-01 17:58:21] recomendo vc aprender Asterisk tbm para poder brincar com os modems
[2017-01-01 18:02:04] :)
Vou ver. Nunca mexi no Asterisk.
Por enquanto quero aprender radare2 e pegar prática com engenharia reversa em coisas mais simples ou que possuam boa documentação. Para poder partir para um firmware de um SoC sem documentação.
[2017-01-01 19:37:45] Aê, @TheSeventhGod Parabéns!
[2017-01-01 19:38:10] Rodrigo F.A. joined
[2017-01-01 19:38:11] Hi Rodrigo !
[2017-01-01 20:00:16] 🖖
[2017-01-01 21:07:22] @tilt4 https://twitter.com/paulrickards/status/815689385333100544
[2017-01-01 21:28:48] Eu imprimi um desse de fato fica melhor kkk
[2017-01-01 21:29:04] nice
[2017-01-01 21:29:11] pensando em trazer um pra mim..
[2017-01-01 21:29:16] Só não coloquei falantes
[2017-01-01 21:29:19] mas não sei se vou usar muito
[2017-01-01 21:29:22] Prefiro fone
[2017-01-01 21:29:33] Valeeeeu Gutem!
[2017-01-01 21:29:44] O/
