[2017-02-23 00:00:17] Ele manja mesmo de C?
[2017-02-23 00:02:50] Melhor:
[2017-02-23 00:02:53] https://t.me/ccppbrasil
[2017-02-23 00:02:58] Mais fácil.
[2017-02-23 00:31:38] document: /home/felipe/devel/github_tvdstaaij/telegram-history-dump/output/media/Garoa_Hacker_Clube_(Público)/download_532583654170312643.mp4
[2017-02-23 03:09:38] document: /home/felipe/devel/github_tvdstaaij/telegram-history-dump/output/media/Garoa_Hacker_Clube_(Público)/download_729246555931937118.webp
[2017-02-23 03:10:37] Quanto tempo de experimentar ele tem, e ele topa trabalhar com outras linguagens?
[2017-02-23 03:11:08] Quase toda semana alguém me pede indicação de desenvolvedor
[2017-02-23 06:14:02] Muito bom esse fone... compensou cada centavo do meu dinheiro
[2017-02-23 06:55:16] Eu preciso comprar um fone com bom isolamento
[2017-02-23 06:55:31] Mó medo de ficar surdo
[2017-02-23 07:43:26] Kkkkkkkkkkkkkkkk
[2017-02-23 08:15:30] Acabei comprando o concorrente, da Sony, por ter maior acabamento e detalhes tecnológicos. Lamentavelmente fui perceber, tarde demais, que o som do Bose ainda é superior, mesmo com o acabamento mais rústico.
[2017-02-23 11:45:36] comprei um filamento flexivel lilas, bonito, viu?
[2017-02-23 11:47:27] uhnnn, já até tenho um modelo pra imprimir aqui 😈
[2017-02-23 11:51:57] aham
[2017-02-23 12:48:44] hummmm
[2017-02-23 12:48:46] CVE-2017-6074
[2017-02-23 13:33:21] 😮 amigo meu tem um desses, queria mto
[2017-02-23 13:53:32] Boa, Cabelo!
[2017-02-23 15:00:34] Tenho até hoje um fone de ouvido que comprei quando tinha 14~15 da Sennheiser, o HD580, comprei sem o cabo, todo fudido por uma merreca. Realmente vale a pena pegar um modelo ótimo da Sennheiser porque isso não dura, fica pra sempre hahahahh
[2017-02-23 15:16:09] Caralho
[2017-02-23 15:30:04] Os jvc de 30 dolares sao bons( serie xx), o meu ja de 2011 foi 4x passear na maquina de lavar, desbotou a cor do cabo
[2017-02-23 15:30:13] E continua firme
[2017-02-23 15:31:32] Modelo HAFX1X
[2017-02-23 16:24:07] Pegou a referência?
[2017-02-23 16:24:53] document: /home/felipe/devel/github_tvdstaaij/telegram-history-dump/output/media/Garoa_Hacker_Clube_(Público)/download_1244824411647770765.webp
[2017-02-23 16:26:03] Você fala como se fosse ultra complexo e secreto rs.
[2017-02-23 16:57:55] Giovanna Rosa Polido joined
[2017-02-23 16:57:55] Hi Giovanna !
[2017-02-23 16:59:01] Oi pessoal, tudo bem? Tem alguém no a
Garoa? Toquei a campainha algumas vezes um tempinho atrás, mas ninguém atendeu
[2017-02-23 16:59:14] vc viu se tem alguem no garoa?
[2017-02-23 16:59:29] aparentemente está aberto
[2017-02-23 16:59:41] @alguem sabe quem está lá?
[2017-02-23 16:59:42] Vi uma pessoa no corredor no telefone, chamei mas não atenderam
[2017-02-23 16:59:51] Garoa aberto
[2017-02-23 17:01:27] Valeu Mike, tô voltando :)
[2017-02-23 17:06:56] https://security.googleblog.com/2017/02/announcing-first-sha1-collision.html
[2017-02-23 17:07:06] 2017 começando com tudo...
[2017-02-23 17:47:29] photo: /home/felipe/devel/github_tvdstaaij/telegram-history-dump/output/media/Garoa_Hacker_Clube_(Público)/download_804201563_20488.jpg
[2017-02-23 18:09:47] https://shattered.io/
[2017-02-23 18:25:03] photo: /home/felipe/devel/github_tvdstaaij/telegram-history-dump/output/media/Garoa_Hacker_Clube_(Público)/download_803113903_9677.jpg
[2017-02-23 18:44:18] /😱
[2017-02-23 18:46:11] /stat@combot
[2017-02-23 18:46:12] combot.org/chat/-1001050919227
[2017-02-23 18:46:33] Ops foi sem querer
[2017-02-23 18:46:49] Estou só explorando o aplicativo
[2017-02-23 18:46:52] Rsrs
[2017-02-23 18:49:42] Voltei aqui pra dar uma espiadinha e me assustei com as 500 mensagens não lidas. Se alguém falou comigo, me desculpe, simplesmente não li. E agora somos 400 observadores silenciosos com meia dúzia escrevendo 500 mensagens! :-P
[2017-02-23 18:51:00] Ok eu confesso que fico boiando as vezes
[2017-02-23 18:51:05] Kkkkkk
[2017-02-23 18:52:21] Te resumo: foderam com sha-1, 0-day no kernel e novos planetas supimpa na área.
[2017-02-23 18:57:44] hmmm... "na área" nem tanto... mas se você souber correr na velocidade 
da luz, dá pra chegar lá em vida ainda... daqui quase 40 anos.
[2017-02-23 18:58:31] ou seja... tá beeeem fora da "área" :-)
[2017-02-23 18:59:34] alguém sabe dizer quantos por cento da velocidade da luz é a maior velocidade já atingida por algum artefado de fabricação humana ? Aposto que deve ser tipo uns 0,00001 % ou até muito menos. :-P Mas não tenho idéia de qual é a resposta.
[2017-02-23 18:59:35] Meu amiguinho, na área da astronomia, 40 anos é na área.
[2017-02-23 18:59:39] eta
[2017-02-23 18:59:48] o juca ganhou de mim em mensages por 300
[2017-02-23 19:00:35] seria legal se esse bot tivesse random quotes, igual os de irc
[2017-02-23 19:00:58] ...existe alguma estatística oficial (gerada via bot talvez) ?
[2017-02-23 19:01:29] é o número de mensagens acho
[2017-02-23 19:01:43] http://www.mci.org.br/biblioteca/rastro_de_cobra.pdf
[2017-02-23 19:10:28] Galera
[2017-02-23 19:11:07] Quem tinha um MiniPainel Led, daquele em forma de crachá aqui? O meu chegou hoje mas não veio o software '-'
Não achei nada na internet 😕
[2017-02-23 19:23:15] Talvez seja uma feature! O divertido é programar o sistema :-D
[2017-02-23 19:31:59] Sim! Seria, se eu não estivesse indo viajar hoje kkk
[2017-02-23 19:32:34] :-)
[2017-02-23 19:32:37] boa viagem!
[2017-02-23 19:41:30] AFAIK, 40 anos luz é "do ladinho" se pensar em escala cósmica
[2017-02-23 19:41:57] claro... claro!
[2017-02-23 19:42:38] Mas eu estava mais interessado na viabilidade de ir dar um rolê pros lados de lá. E isso hoje em dia é absolutamente fora de mão
[2017-02-23 19:44:42] Mais legal ainda: se apontarmos um telescópio super potente para lá, podemos ver o que aconteceu nesses planetas há 40 anos atrás (o equivalente a 1 pentelesimo de segundo na história do nosso planeta)
[2017-02-23 19:45:14] Melhor: se colocarmos um espelho lá, podemos ver o que aconteceu na Terra há 80 anos atrás, né?
[2017-02-23 19:45:33] Muitoloko!!!!
[2017-02-23 19:46:35] Demais
[2017-02-23 19:59:31] alguém aí já fuçou com oauth2, especificamente pra fazer sign-in com conta google? tô com problemas. ele diz que minha URL de callback não tá autorizada mas já coloquei ela na lista de callbacks autorizados de tudo quanto é jeito na API do google.
[2017-02-23 20:01:23] com sign-in do facebook tá funcionando normal. tô usando django-allauth.
[2017-02-23 20:08:49] fiz usado o firebase
[2017-02-23 20:09:15] já encontrou esse problema? tá do lado da api do google, não do meu servidor
[2017-02-23 20:09:29] então eu que configurei a api errada de algum modo mas eu não sei em que parte
[2017-02-23 20:10:01] eu recebo um erro 400 do google dizendo:
"The redirect URI in the request, http://comidaimigrante.labhacker.org.br/accounts/google/login/callback/, does not match the ones authorized for the OAuth client."
[2017-02-23 20:10:11] mas essa URL tá na lista de callbacks autorizados sim
[2017-02-23 20:15:02] Será pq precisa ser https ou nada a ver?
[2017-02-23 20:16:15] olha, no setup do credencial tem um exemplo, "http://www.example.com/oauth2callback" então tô assumindo que não
[2017-02-23 20:16:27] o facebook aceitou o callback sem https numa boa
[2017-02-23 20:18:07] De qualquer forma recomendo não usar algo sem https hoje em dia. Mas sem mais insights pro teu problema. Sorry.
[2017-02-23 20:18:16] .. okay, resolvi o problema: trailing slash. pensei ter salvo dos dois jeitos (com e sem) mas dei um refresh no painel de APIs e ele só salvou sem. quando recoloquei a mesma url com trailing slash o login funcionou.
[2017-02-23 20:29:26] Não. Não dá. Nós não temos telescópios com resolução suficiente nem mesmo pra enxergar daqui da Terra os pedaços de espaço naves que largamos pra trás na Lua (nem mesmo o Hubble tem resolução suficiente para tal).
[2017-02-23 20:38:44] Bem, se antimatéria e elementos artificiais contam, bem perto de 100%
[2017-02-23 20:43:55] Tipo Guaianazes zl
[2017-02-23 20:46:59] Era isso que eu ia dizer. Alem do que o @drmadera disse
[2017-02-23 20:47:08] 'e sem https nao da...
[2017-02-23 20:50:03] #fato até pra ibagens
[2017-02-23 20:51:43] hahaha! Insight brilhante! Então vamos reduzir o escopo para objetos macroscópicos.
[2017-02-23 20:52:06] Isso me lembra que eu preciso automatizar o deploy de ssl do letsencrypt no mandanudes.ae
