[2016-10-06 00:25:37] /me@imandabot
[2016-10-06 00:25:38] Felipe
You've sent 620 (8%) messages and this group has 7477 messages.
[2016-10-06 00:27:07] /me@imandabot
[2016-10-06 00:27:08] Fabricio
Github: biazzotto
Twitter: biazzotto
Facebook: biazzotto
You've sent 391 (5%) messages and this group has 7478 messages.
[2016-10-06 00:43:27] /me@imandabot
[2016-10-06 00:43:27] Oda
You've sent 766 (10%) messages and this group has 7479 messages.
[2016-10-06 00:43:32] /help@imandabot
[2016-10-06 00:43:33] Message me first so i can message you !
[2016-10-06 00:43:57] /me@imandabot
[2016-10-06 00:43:58] Erin
You've sent 785 (10%) messages and this group has 7481 messages.
[2016-10-06 00:44:11] logo logo o oda empata comigo
[2016-10-06 00:44:20] la
[2016-10-06 00:44:21] la
[2016-10-06 00:44:21] la
[2016-10-06 00:44:24] kkkk
[2016-10-06 00:44:32] kickban por spam!!
[2016-10-06 00:44:41] k-lined
[2016-10-06 00:44:58] to vendo o help dele aqui, ele podia dar logo um ranking do grupo
[2016-10-06 00:45:03] sim
[2016-10-06 00:47:58] /chatstats@imandabot
[2016-10-06 00:47:59] document: /home/felipe/devel/github_tvdstaaij/telegram-history-dump/output/media/Garoa_Hacker_Clube_(Público)/download_512202032896060853.txt
[2016-10-06 00:48:29] 1 - Erin {27598651} = 789
2 - Oda {12919825} = 773
3 - Felipe {64762480} = 620
4 - Aylons {8148848} = 587
5 - Fabricio {59591253} = 391
6 - Alexandre {149994769} = 338
7 - Vinicius {164567012} = 324
8 - Rodrigo {221113601} = 287
9 - Afonso {123989764} = 251
10 - Breno {12343944} = 202
[2016-10-06 00:48:36] erin, isolados
[2016-10-06 00:51:42] logo logo eu chego lá...
[2016-10-06 00:56:05] Agora a galera vai fazer Flood para Rankear por motivos de "hu3 BR" #IRCFeelings
[2016-10-06 01:22:33] Na verdade cada mensagem que for enviada vou ficar me perguntando se a pessoa enviou para ranking ou se ela enviaria de qq modo :P
[2016-10-06 01:22:43] verdade
[2016-10-06 01:22:44] LOL
[2016-10-06 01:22:57] (pronto começou)
[2016-10-06 09:30:25] document: /home/felipe/devel/github_tvdstaaij/telegram-history-dump/output/media/Garoa_Hacker_Clube_(Público)/download_652304072249966646.webp
[2016-10-06 09:40:33] /me@imandabot
[2016-10-06 09:40:34] Yumi
You've sent 158 (2%) messages and this group has 7500 messages.
[2016-10-06 10:03:22] /me@imandabot
[2016-10-06 10:03:23] Arthur
You've sent 2 (0%) messages and this group has 7501 messages.
[2016-10-06 11:49:54] command:///notme@imandabot
[2016-10-06 11:58:33] pessoal, como esta a internet do garoa?
[2016-10-06 12:35:36] No garoa tem um Arduino Leonardo?
[2016-10-06 12:42:35] acho que tem um na circuitoteca
[2016-10-06 12:47:10] Felipe "Juca" Sanches added Yaso
[2016-10-06 12:47:11] Hi Yow !
[2016-10-06 12:48:14] Vou ver, obrigado!
[2016-10-06 12:50:22] 🔝
[2016-10-06 12:51:25] resolveu sozinho o problema?
[2016-10-06 13:00:47] Garoa Hacker “e-HAL” Clube: Santos=Dumont ; )
[2016-10-06 13:00:56] https://www.facebook.com/GaroaHC/posts/1112880545456621?pnref=story
[2016-10-06 13:04:27] Oda, ficou lindão o seu Drupal...
[2016-10-06 13:04:43] document: /home/felipe/devel/github_tvdstaaij/telegram-history-dump/output/media/Garoa_Hacker_Clube_(Público)/download_425810937_84981.jpg
[2016-10-06 13:05:09] Esse 🔝 não é uma resposta, era só para destacar sua pergunta...
[2016-10-06 13:05:39] humm
[2016-10-06 13:05:51] pressinto que segue uma bosta
[2016-10-06 13:06:33] valeu, villares! esse sabado a getne vai dar um tapa geral no visual/conteudo
[2016-10-06 14:54:09] to na lanterninha
[2016-10-06 14:54:59] no ranking de msgs no grupo
[2016-10-06 16:00:42] De Instagram é melhor. Dizem.
[2016-10-06 16:02:20] /me@imandabot
[2016-10-06 16:02:20] Bruno Luiz
You've sent 28 (0%) messages and this group has 7521 messages.
[2016-10-06 16:03:18] Minecraft = Microsoft. Tenho medo de uma cidade da Microsoft.
[2016-10-06 16:09:22] Arthur Henrique added Will Lima
[2016-10-06 17:58:40] document: /home/felipe/devel/github_tvdstaaij/telegram-history-dump/output/media/Garoa_Hacker_Clube_(Público)/download_50945793963590126.webp
[2016-10-06 19:04:41] https://archive.org/details/Colband2000Fractais
[2016-10-06 20:02:48] A internet está Ok...
[2016-10-06 21:24:20] https://archive.org/details/GorillasQbasic
[2016-10-06 21:45:21] http://store.steampowered.com/app/504210/
[2016-10-06 21:45:26] novo jogo do zachtronics
[2016-10-06 22:08:44] /feedback@ChannelsStatBot
[2016-10-06 22:17:38] O primeiro jogo com o qual tive contato com o código fonte. Passei horas estudando esse código. Belas lembranças da adolescência.
[2016-10-06 22:18:46] no link que passei acima dá pra jogar (e tmb dá pra ver o código fonte) num dosbox compilado para javascript rodando dentro do browser com o qbasic e em cima dele o Gorilla
[2016-10-06 22:18:51] nosas!
[2016-10-06 22:18:53] nossa!
[2016-10-06 22:19:02] que lambança tecnológica
[2016-10-06 22:19:03] q?
[2016-10-06 22:19:31] até, agora q li devagar entendi
[2016-10-06 22:19:42] tem dosbox pra javascript?
[2016-10-06 22:20:10] https://js-dos.com/
😍😍😍
[2016-10-06 22:20:12] o dosbox é um emulador de PC com uma implementação livre do ambiente de um MSDOS
[2016-10-06 22:20:24] o dosbox é escrito em C
[2016-10-06 22:20:46] usando um projeto chamado enscripten dá pra compilar código C para bytecode javascript
[2016-10-06 22:21:12] amazing
[2016-10-06 22:21:16] já falei q amo js?
[2016-10-06 22:21:55] eu fiz o upload de um arquivo zip contendo o qbasic.exe (interpretador de basic para ms-dos da microsoft) e o código fonte do jogo gorilla.bas
[2016-10-06 22:22:06] fiz esse upload no internet archive
[2016-10-06 22:22:38] e depois configurei o item pra carregar com o emulador dosbox e rodar automaticamente o comando QBASIC.EXE GORILLA.BAS
[2016-10-06 22:23:19] 👏👏👏👏
[2016-10-06 22:23:23] feito isso, temos como resultado final, o programa jogável aqui: https://archive.org/details/GorillasQbasic
[2016-10-06 22:24:09] é só clicar no botão de "power on" pro browser fazer via ajax o download do emulador transpilado e do arquivo ZIP e iniciar o processo
[2016-10-06 22:27:06] nossa, agora q joguei, mt legal, parabens pela lambança tecnologica, eu adorei
[2016-10-06 22:27:25] https://archive.org/details/msdos_Alley_Cat_1984
[2016-10-06 22:28:59] da pra jogar online :D
[2016-10-06 22:29:05] alguém quer X1?
[2016-10-06 22:30:38] X1?
[2016-10-06 22:33:57] One on one
[2016-10-06 22:34:03] Javascript é a linguagem mais adequada para implementar máquinas de Rube Goldberg
[2016-10-06 22:34:42] whoopi goldberg ?
[2016-10-06 22:37:42] Nunca
[2016-10-06 22:37:55] isso foi um elogio ou ta me tirando???
[2016-10-06 22:39:18] conversa de maluco
[2016-10-06 22:39:23] Pareceu uma resposta.
[2016-10-06 22:40:40] sabe o que ia ser divertido? Transpilar o Gnash para javascript usando o emscripten pra rodar SWF no browser sem o Adobe Flash Player :-P
[2016-10-06 22:41:05] ooops! 😃
[2016-10-06 23:06:56] https://archive.org/details/NibblesQbasic
[2016-10-06 23:17:20] Haters gonna hate... :p
[2016-10-06 23:37:23] js é futuro
[2016-10-06 23:37:27] que veio do passado
[2016-10-06 23:37:38] Js é massa
[2016-10-06 23:51:34] http://www.kappit.com/img/pics/201510_1957_aecci.jpg
[2016-10-06 23:52:23] JavaScript rural
[2016-10-06 23:52:57] Rural uahauahhaha
[2016-10-06 23:53:24] https://media.licdn.com/mpr/mpr/shrinknp_800_800/p/5/005/0b6/1c4/199aff3.jpg
[2016-10-06 23:53:50] auhaua, até no mato tem
[2016-10-06 23:53:58] Imaginei agora os caras da obra ouvindo alguém chamar pelo caipira no rádio @fernandoGuisso
[2016-10-06 23:55:09] auhuahauh, sai da minha frequencia cara
[2016-10-06 23:55:40] JS na p*rra toda!
[2016-10-06 23:58:59] BTW: NASA usa Nodejs para colher dados do traje espacial
[2016-10-06 23:58:59] https://nodejs.org/static/documents/casestudies/Node_CaseStudy_Nasa_FNL.pdf
