[2017-05-24 17:56:34] photo: /home/felipe/devel/github_tvdstaaij/telegram-history-dump/output/media/Garoa_Hacker_Clube_(Público)/download_41149003626185019.webp
[2017-05-24 17:57:09] Eu ia, mas acabei de descobrir q vou ficar hj a noite num cliente acompanhando uns testes :(
[2017-05-24 18:05:22] Ao, tá td certo, fica tranquilo
[2017-05-24 18:07:13] Aham, tá... HU3 HU3 HU3
[2017-05-24 18:15:57] document: /home/felipe/devel/github_tvdstaaij/telegram-history-dump/output/media/Garoa_Hacker_Clube_(Público)/download_120138932577894469.webp
[2017-05-24 18:19:40] document: /home/felipe/devel/github_tvdstaaij/telegram-history-dump/output/media/Garoa_Hacker_Clube_(Público)/download_422091437182550086.webp
[2017-05-24 18:21:26] document: /home/felipe/devel/github_tvdstaaij/telegram-history-dump/output/media/Garoa_Hacker_Clube_(Público)/download_694481660414001313.webp
[2017-05-24 18:21:28] Relaxa
[2017-05-24 18:30:07] document: /home/felipe/devel/github_tvdstaaij/telegram-history-dump/output/media/Garoa_Hacker_Clube_(Público)/download_694481660414001332.webp
[2017-05-24 18:39:15] Y K joined
[2017-05-24 18:39:16] Hi Y !
[2017-05-24 19:08:01] document: /home/felipe/devel/github_tvdstaaij/telegram-history-dump/output/media/Garoa_Hacker_Clube_(Público)/download_803116975_58095.jpg
[2017-05-24 19:38:47] document: /home/felipe/devel/github_tvdstaaij/telegram-history-dump/output/media/Garoa_Hacker_Clube_(Público)/download_135158025190114360.webp
[2017-05-24 20:00:25] Galera, alguém no Garoa hj?
[2017-05-24 20:01:33] Sim
[2017-05-24 20:01:38] Estamos
[2017-05-24 20:03:13] Vlw... 
Ficam até que horas por aí?
[2017-05-24 21:04:13] document: /home/felipe/devel/github_tvdstaaij/telegram-history-dump/output/media/Garoa_Hacker_Clube_(Público)/download_694481660414001179.webp
[2017-05-24 22:05:50] galera que esta estudando a tecnologia LoRa, segue um material muito bom do Vidal: http://www.vidal.com.br/galeria
[2017-05-24 22:08:45] entrei no grupo do Telegram hoje. não conheço ainda o Garoa, só a fama boa que ele tem
Espero me envolver e ser envolvido
pegada hack the world
[2017-05-24 22:12:05] photo: /home/felipe/devel/github_tvdstaaij/telegram-history-dump/output/media/Garoa_Hacker_Clube_(Público)/download_13375713570719231.webp
[2017-05-24 22:20:20] document: /home/felipe/devel/github_tvdstaaij/telegram-history-dump/output/media/Garoa_Hacker_Clube_(Público)/download_804740349_28739.jpg
[2017-05-24 22:23:03] document: /home/felipe/devel/github_tvdstaaij/telegram-history-dump/output/media/Garoa_Hacker_Clube_(Público)/download_589936938044096529.webp
