[2017-02-07 01:42:42] Eu daria uma olhada no Odoo (antigo OpenERP).

Por ser um ERP completo, é muito robusto e seguro.
[2017-02-07 04:59:32] Infelizmente, é a modinha da maioria das agencinhas por ai
[2017-02-07 07:42:57] Vou olhar
[2017-02-07 07:43:26] Alguém já ouviu falar bem ou mau do Iluria.
[2017-02-07 07:44:31] É o que usam hj
[2017-02-07 07:49:34] photo
[2017-02-07 08:05:31] Nossa parece ser bem interessante este sistema, vou instalar para testar
[2017-02-07 08:06:22] Vc conhece algum sistema de chamados?
[2017-02-07 08:07:53] Hoje encontro Z80 - https://garoa.net.br/wiki/Z80_Homebrew_Computer
[2017-02-07 08:13:57] Alguém conhece um sistema de chamado open-source q seja online para eu implantar na minha empresa?
[2017-02-07 08:32:26] Que horas começa ?
[2017-02-07 09:43:11] Chamado === ticket de suporte?
[2017-02-07 09:43:57] Iluria é um SasS, você paga um plano e coloca sua loja
[2017-02-07 09:44:17] Nunca usei, mas conheci umas pessoas que estavam satisfeitas com ela
[2017-02-07 09:44:28] Para Lojas Pequenas, tipo de Artesanatos
[2017-02-07 09:44:30] Gostei tbm desse odoo
[2017-02-07 09:57:25] Raphael Thaumaturgo Molnar joined
[2017-02-07 09:57:26] Hi Raphael !
[2017-02-07 09:59:26] Foi o que percebi ... mas meu cliente tem uma rede Local de óticas e que montar ecommerce acho que não escalável e pode dar zica
[2017-02-07 10:31:28] Drupal  commerce
[2017-02-07 10:31:54] Pode fazer com drupal tb
[2017-02-07 10:40:16] Eu e um amigo estamos montando uma Plataforma dessas de Ecommerce usando Cloud, então conseguimos isolar quem requer mais atenção e escalar só o cara
[2017-02-07 10:40:47] Ainda estamos definindo algumas regras de negocio, mas, se interessar, posso te avisar quando entrar em "beta"
[2017-02-07 10:42:59] Tem um nacional, chamado SGA Livre, talvez seja o quite você procura:
https://softwarepublico.gov.br/social/sga-livre
[2017-02-07 10:44:13] Esse é para atendimento presencial com senhas, acho que você quer algo diferente...
[2017-02-07 10:44:43] Cara, tem o GLPI. Utilizo aqui na empresa e atende de boas.
[2017-02-07 10:45:47] http://glpi-project.org/

Está disponível em 45 línguas, incluindo o PT-Br
[2017-02-07 11:00:46] https://garoa.net.br/wiki/Garoa_Hacker_Camp_2017
[2017-02-07 11:08:49] document: /home/felipe/devel/github_tvdstaaij/telegram-history-dump/output/media/Garoa_Hacker_Clube_(Público)/download_826459275206328386.webp
[2017-02-07 11:12:29] km 40 não é o castelo da pamonha? po queria ir mas nem dá pra confirmar essa data :(
[2017-02-07 11:28:12] sim, castelinho da pamonha
[2017-02-07 13:25:01] alguem ja viu esses tablets hyundai?
[2017-02-07 13:25:06] estou pensando em comprar esse:
[2017-02-07 13:25:07] Tablet Hyundai Maestro Tab Hdt-7435
[2017-02-07 13:57:59] Eu já testei ele mas achei mto cru, não eh tão bom, isso a 8 meses q testei
[2017-02-07 13:58:58] Cru?
[2017-02-07 13:59:11] Isso, qria algum para colocar junto no site da minha empresa, q aí p cliente entra no meu site e abre o chamafo
[2017-02-07 13:59:13] Rapaz, pois eu já acho ele completo demais.
[2017-02-07 14:00:52] Eh q já trabalhei com o 0800net e o sysaid
[2017-02-07 14:01:22] Hmmm... Saquei.
[2017-02-07 14:04:32] Mas vou testas todos estes e ver qual o melhor
[2017-02-07 14:24:01] Hoje tem evento no garoa sobre HomeBrewComputer: https://garoa.net.br/wiki/Z80_Homebrew_Computer
[2017-02-07 14:55:32] 01/04 nao e o final de semana do Arduino Day ?
[2017-02-07 15:04:15] precisa ter conhecimento prévio para participar do homebrewComputer?
[2017-02-07 15:45:56] Pelo que entendo para qualquer atividade no garoa tem um conhecimento prévio necessário que é saber chegar no garoa
[2017-02-07 15:46:06] document: /home/felipe/devel/github_tvdstaaij/telegram-history-dump/output/media/Garoa_Hacker_Clube_(Público)/download_505010926202650791.webp
[2017-02-07 15:46:20] #malz
[2017-02-07 15:46:32] Não podia perder a chance
[2017-02-07 15:46:48] document: /home/felipe/devel/github_tvdstaaij/telegram-history-dump/output/media/Garoa_Hacker_Clube_(Público)/download_140171987191333055.webp
[2017-02-07 15:46:55] Trankilo
[2017-02-07 15:46:56] Kkk
[2017-02-07 15:47:17] Chega la eu vou e nunca nem toquei num z80
[2017-02-07 15:47:55] tentar ei senhor :)
[2017-02-07 15:57:33] photo: /home/felipe/devel/github_tvdstaaij/telegram-history-dump/output/media/Garoa_Hacker_Clube_(Público)/download_803116303_3318.jpg
[2017-02-07 15:58:43] Proibiram extremamente o Orkut
[2017-02-07 15:59:12] Mas pron pode, não é?
[2017-02-07 16:01:04] https://www.youtube.com/watch?v=LTJvdGcb7Fs
[2017-02-07 16:01:31] Pelo menos não está na lista do que é extremamente proibido
[2017-02-07 16:13:30] talvez porn seja proibido de leve
[2017-02-07 16:15:12] Meodeoz!!! Não pode anexo! Ferrou... Como fazer a lição de casa que o prófis mandou por email ?
[2017-02-07 16:15:52] desculpa do dia seguinte: "prófis, não fiz a lição por que era extremamente proibido"
[2017-02-07 16:16:53] De leve seria uma "modalidade" ou outra? Tipo porno gay de anões travestis com lhamas?
[2017-02-07 16:17:23] vc pode encaminhar o e-mail pessoal pro seu e-mail do trabalho, aí pode abrir o anexo
[2017-02-07 16:18:46] Que bom que só é extremamente proibido ABRIR os anexos. Mas encaminhá-los para outro destinatário é completamente aceitável :-)
[2017-02-07 16:19:33] isso. e do e-mail particular pode abrir
[2017-02-07 16:20:00] Aí é só mandar o anexo para uma lista pública e, a partir dessa nova cópia abri-lo, dado que já não qualificaria mais como "anexo de email particular" LOL
[2017-02-07 16:23:13] muito réquer
[2017-02-07 16:26:53] document: /home/felipe/devel/github_tvdstaaij/telegram-history-dump/output/media/Garoa_Hacker_Clube_(Público)/download_272479773299573006.webp
[2017-02-07 17:18:07] Ranger Preto joined
[2017-02-07 17:18:07] Hi Ranger Preto !
[2017-02-07 17:23:50] document: /home/felipe/devel/github_tvdstaaij/telegram-history-dump/output/media/Garoa_Hacker_Clube_(Público)/download_505010926202650789.webp
[2017-02-07 17:24:26] rsrs
[2017-02-07 17:36:00] Kkkk
[2017-02-07 17:38:11] hahahahahaha
[2017-02-07 20:11:28] Tem alguém no garoa ?
[2017-02-07 20:14:23] Sim... estamos aqui...
[2017-02-07 20:16:21]  joined
[2017-02-07 20:16:21] Hi Bruno !
[2017-02-07 20:16:42] Olá 😊
[2017-02-07 20:44:28] Eu tô chegando
[2017-02-07 22:58:26] "olha só, é só programar direito que funciona" LISPECTOR, Thiago. 2017
