[2017-09-14 07:08:02] photo: /home/felipe/devel/github_tvdstaaij/telegram-history-dump/output/media/Garoa_Hacker_Clube_(Público)/download_804730548_1769.jpg
[2017-09-14 07:08:41] descobri ontem que o meu snes que achava que era ntsc é pal-m :p mas um cabo rgb resolve
[2017-09-14 07:12:11] se quiserem que eu leve no dia da demo party só preciso de carona
[2017-09-14 07:12:46] até lá devo estar com um cabo rgb pro amiga pronto
[2017-09-14 07:29:12] Pergunta de newbie: o que é a demo party?
[2017-09-14 07:30:05] tem uma página na nossa Wiki
[2017-09-14 07:30:32] dá uma busca, mais fácil que eu tentar explicar agora na rua
[2017-09-14 07:31:44] Okay 👍
[2017-09-14 07:42:01] Dei uma olhada, parece interessante :)
[2017-09-14 08:02:20] o @fsanches vai adorar se você participar
[2017-09-14 08:36:46] Yeap, eu topo :)
[2017-09-14 08:41:19] Mike Howard added Michael Moraes
[2017-09-14 08:41:22] Hi Michael !
[2017-09-14 08:41:33] Olá
[2017-09-14 09:33:23] Eita. Eu tinha um cabo RGB, mas a chance dele ter sido abduzido por gnomos é alta
[2017-09-14 09:33:26] Hehehe
[2017-09-14 09:33:58] :p
[2017-09-14 10:22:57] Quem já conhece o local do Camp?
[2017-09-14 10:23:05] Como é lá ?
[2017-09-14 10:23:56] Esposa está perguntando do conforto quarto cama etc
[2017-09-14 10:31:43] https://www.instagram.com/p/BZA0s7EAmF1/?taken-by=elonmusk
[2017-09-14 10:35:45] https://garoa.net.br/wiki/Garoa_Hackercamp_2017_v2.0
[2017-09-14 10:36:11] Info do Hacker Camp está aí
[2017-09-14 10:47:52] Quem tem barracas?
[2017-09-14 10:48:10] cabos sempre somem =/
[2017-09-14 10:51:57] Eu achei muito confortável...
[2017-09-14 10:54:20] Quantas pessoas são por quarto lá ?
[2017-09-14 10:57:52] Tem vários (acho que 4) quartos.
[2017-09-14 10:58:51] Dá pra dividir bonitinho quando estiver lá.
[2017-09-14 11:00:48] Mas cabem bastante gente nos quartos.
[2017-09-14 11:02:03] Mas estamos fechando o local todo só para o garoa?
[2017-09-14 11:36:18] Oi pessoal
[2017-09-14 11:36:51] Eu sou o Michael Moraes,
[2017-09-14 11:37:13] Valeu @michaelhoward9  por me colocar no grupo
[2017-09-14 11:41:24] A partir de hoje o @vmesel pode fazer várias coisas e ser preso em cadeia comum. Parabéns!
[2017-09-14 11:46:09] Ae, @vmesel! \o/
[2017-09-14 11:47:09] Bora brincar do 'Jogo da Biblia'? Cada um abre uma Biblia em uma página e faz tudo que tá descrito lá. O ultimo a ser preso, ganha!
[2017-09-14 11:55:29] Ir preso, e ainda por cima taxado de fanático, chateações dos religiosos, e dos ateus
[2017-09-14 11:56:23] Dá menos problema seguir o livro de satanás, tenho certeza
[2017-09-14 11:57:38] Feliz aniversário @vmesel
[2017-09-14 11:58:34] Vamos dar um passeio na delegacia?
[2017-09-14 12:00:01] Inventa uma ocorrência, vai lá tentar fazer boletim, e eles não vão fazer, como sempre
[2017-09-14 12:02:00] Já me aconteceu duas vezes...
[2017-09-14 12:24:50] inventar ocorrências?
[2017-09-14 12:25:15] rsrsrs
[2017-09-14 12:26:12] @vmesel Parabéns mano! abraço!
[2017-09-14 12:27:45] Pensando bem nao precisa, com certeza alguém já tem algo a tentar reportar
[2017-09-14 12:32:42] Valeu @Yumizinha @Gutemhc @michaelhoward9 @mdente
[2017-09-14 12:39:48] \O/
[2017-09-14 14:02:05] Parabéns @vmesel !!!
[2017-09-14 14:04:19] O local todo é bem grandinho. Se for como na vez anterior, tinhamos um canto reservado p nós
[2017-09-14 14:14:43] Hahaha
[2017-09-14 14:15:02] Felicidades @vmesel
[2017-09-14 14:20:47] Obrigado Villares e Anchises, tenho muito carinho por essa comunidade aqui!
[2017-09-14 15:03:51] Uma vez o @fsanches soldou um cabo rgb normal na saída do snes e funcionou. Foi daora aquele dia
[2017-09-14 15:04:13] eu quero poder tirar o meu :p
[2017-09-14 15:04:58] Eu preciso voltar pra terminar o que a gente tava fazendo. Estava tentando fazer uma reprodução de cartucho. Substituir o eeprom etc
[2017-09-14 15:05:13] Ando ocupado por causa do TCC porém, faz um mês que eu tô pra voltar no garoa e não volto
[2017-09-14 15:11:40] não resolve não, se o seu snes é PAL-M, o RGB vai ser PAL-M, para passar para NTSC tem que mexer no circuito da cor, não sei dizer se é só trocar o cristal, pode ser que tenha que trocar mais peças.
[2017-09-14 15:12:03] amigão... RGB não tem color subcarrier
[2017-09-14 15:12:08] desculpa
[2017-09-14 15:12:16] mas você errou rude nessa
[2017-09-14 15:12:52] depende do ponto do circuito que vc puxa o RGB, se for direto do chip de vídeo, sim, mas se for do conector do SNES, tem tratamento de cor sim.
[2017-09-14 15:13:20] eu já montei uma vez o cabo e me ferrei com isso
[2017-09-14 15:13:23] pal-m é encoding de cor pra vídeo composto... rgb não está encodado...
[2017-09-14 15:13:51] eu comprei um cabo SCART pra ele que pega direito a saída rgb
[2017-09-14 15:14:10] a gente vê quem tá certo quando chegar
[2017-09-14 15:14:50]  joined
[2017-09-14 15:14:51] Hi butt3rfly !
[2017-09-14 15:15:09] 👍
[2017-09-14 15:23:38] Eu não entendo de nada disso, só sei que se estiver no errado fica preto e branco
[2017-09-14 15:23:57] A televisão que eu usava quando era menor tinha opção de trocar os encodings de cor
[2017-09-14 15:48:54] Falando em games:
[2017-09-14 15:48:55] https://vejasp.abril.com.br/blog/memoria/primeiros-videogames-brasil-mis/
[2017-09-14 15:51:16] Venham! Estarei expondo alguns consoles e terá o lançamento do documentário: 1983: o Ano dos Videogames no Brasil
[2017-09-14 16:21:05] Nice :)
[2017-09-14 16:21:25] Galera como está o lance de impressão 3d no garoa ?
[2017-09-14 16:22:02] Explicando: um amigo meu tem um colossus e as engrenagens das rodas traseiras estão gastas
[2017-09-14 16:22:20] Pensei se é viável imprimir outras
[2017-09-14 16:22:36] E se o material é resistente a esse ponto
[2017-09-14 16:24:06] .
[2017-09-14 16:53:02] http://g1.globo.com/tecnologia/games/noticia/exposicao-leva-mais-de-150-games-para-o-parque-do-ibirapuera-em-sp.ghtml
[2017-09-14 16:53:18] Fui ontem e vale a pena
[2017-09-14 17:01:39] Fiz mês passado, é bem legal, tem uns jogos diferentes lá...
[2017-09-14 17:02:31] A visita é de uma hora e meia, ontem tava bem tranquilo, consegui passar três horas
[2017-09-14 17:04:20] Eu fiquei quase 4 horas no dia que fui, mas ai depois o povo da organização vai recolhendo o pessoal....rsss
[2017-09-14 17:18:30] Eu fiquei umas três horas
[2017-09-14 17:19:52] O Brasil tem mais espaços para jogos, hackerspaces, associação..
[2017-09-14 17:20:09] No entanto Portugal tem apenas poucas Conferencias
[2017-09-14 17:20:28] Lisboa Games Week, e nenhum hackerspace que ofereça tanto como me dizem do Brasil
[2017-09-14 17:24:39] Gente alguém sabe se tem alguma loja de componentes eletrônicos perto da Paulista?
[2017-09-14 17:24:49] Preciso de uma protoboard e uns jumpers
[2017-09-14 17:26:57] Conheci só um pouco desse mundo, mas Brasil é gigante em pessoas e td mais, mas se achar alguma coisa em Portugal te aviso
[2017-09-14 17:27:10] Eu ja achei
[2017-09-14 17:27:14] Já ouviu falar da RetroMadri?
[2017-09-14 17:27:17] Pena que... são poucos..
[2017-09-14 17:27:23] Não :/
[2017-09-14 17:27:33] Só um na minha zona
[2017-09-14 17:27:39] Pesquisa que vc vai ficar de boca aberta...
[2017-09-14 17:29:25] http://www.retromadrid.org/
[2017-09-14 17:29:28] Portugal tinha uma cena legal de computação caseira em 198x e 199x. A revista Spooler pelo menos era excelente
[2017-09-14 17:30:01] So temos Rui Cruz, hackersportugal, tugaleaks
[2017-09-14 17:30:03] vendo
[2017-09-14 17:33:13] @SinScripter Tem a RetroBarcelona também, outro evento de peso
[2017-09-14 17:33:49] http://www.retrocomputaria.com.br/2017/07/06/videos-videos-e-videos-da-ultima-retro-barcelona/
[2017-09-14 17:35:52] E mês que vem tem a BGS aqui...
[2017-09-14 17:43:04] Seria o mesmo evento: http://www.barcelonagamesworld.com/ ?
[2017-09-14 17:43:32] document: /home/felipe/devel/github_tvdstaaij/telegram-history-dump/output/media/Garoa_Hacker_Clube_(Público)/download_1045881011100975106.mp4
[2017-09-14 18:06:56] ^^
[2017-09-14 18:07:09] Penso que nao
[2017-09-14 18:07:26] Mas a RetroMadrid parece interessante, o site aparenta isso
[2017-09-14 18:08:38] RetroMadrid e RetroBarcelona são grandes. Só não bate um evento que vi na Coréia do Sul.
[2017-09-14 18:34:48] alguém no garoa?
[2017-09-14 18:35:29] Acho que vai gente nova hoje
[2017-09-14 18:38:47] Eu colo as 19:15
[2017-09-14 19:13:02] Estou indo lá
[2017-09-14 19:22:12] /eu fiz um projeto para usar Raspberry Pi como roteador WiFi já no Tor.
[2017-09-14 20:51:03] Pesquisa sobre Whonix
[2017-09-14 21:00:13] Eu queria entender como funciona o tor. Deve ser algo bem maior que só dns
[2017-09-14 21:11:17] VPN + DNS + SSL
[2017-09-14 21:11:33] MUITO a grosso modo
[2017-09-14 21:15:06] Taí, vou preparar uma talk disso... Com bastante ilustração do tipo "explain like I'm five"
[2017-09-14 21:25:09] photo: /home/felipe/devel/github_tvdstaaij/telegram-history-dump/output/media/Garoa_Hacker_Clube_(Público)/download_804728049_2298.jpg
[2017-09-14 21:29:45] 👏
[2017-09-14 22:06:29] Da estação Consolação vc pega o metro e desce na republica e vai até a Santa Ifigenia :)
[2017-09-14 22:42:39] Alguem tem algum artigo pronto ou a disposto a escrever um para daqui alguns uns dias, para entrar em um Zine sobre Hacking, Reversing, Redes, Crypto, etc?
[2017-09-14 22:48:12] Que coisa fudeba :)
[2017-09-14 22:48:56] document: /home/felipe/devel/github_tvdstaaij/telegram-history-dump/output/media/Garoa_Hacker_Clube_(Público)/download_272479773299573177.webp
[2017-09-14 23:04:15] ❤️
[2017-09-14 23:07:34] Lucas Frigo De Souza joined
[2017-09-14 23:07:35] Hi Lucas !
