[2018-01-09 12:15:24] Priscila joined
[2018-01-09 12:29:30] Oi Tobias, qdo você mandou email, eu pedi o perfil bloqueado pra verificar... bloqueamos uma penca de gente nessa vida
[2018-01-09 12:45:44] Tele Mias joined
[2018-01-09 15:03:24] Alguem tem interesse em uma Oficina de Montagem de Drone? Aprender a montar um QAV250 do zero?
[2018-01-09 15:06:51] Eu tenho interesse
[2018-01-09 15:10:27] eu curtiria
[2018-01-09 15:12:52] O Afonso me mostrou um que ele fez e eu achei foda
[2018-01-09 15:47:43] To trazendo umas peças para montar uma asa e aí já ia aproveitar para trazer umas a mais e fazer um "kit"
[2018-01-09 15:48:04] então quem quiser, compra o kit, a gente ensina a montar e sai de lá com um drone pronto
[2018-01-09 15:48:36] Quanto o kit?
[2018-01-09 15:48:55] em contrapartida, Eu colocaria a lista de peças recomendadas na Wiki e quem quiser compras as peças com ou menos coisas, pode aparecer no dia com elas e montar
[2018-01-09 15:49:06] Ainda não sei. Estou cotando as peças
[2018-01-09 15:49:31] Por exemplo, nesse kit não terá FPV, que é uma das partes mais caras
[2018-01-09 15:51:13] Não necessariamente, fiz o meu com FPV… comprei monitor de 7’’ no mercado livre por 100 reais.. uma camera de vigilancia de 30 reais, e um Transmissor/Receptor no AliExpress… se juntar tudo.. nao chego a 400
[2018-01-09 15:54:58] Mais VTX e RTX pode por mais 100 aí. Ou seja metade do preço do Drone
[2018-01-09 15:55:06] Logo, o mais caro
[2018-01-09 15:55:26] só se os motores que vc comprou sao bem fuleiros
[2018-01-09 15:55:33] no meu o que é mais caro são os motores
[2018-01-09 15:57:13] kit EMAX 2300KV é uns 200
[2018-01-09 15:57:35] Motor hj em dia tá barato
[2018-01-09 15:57:41] Mais frame e bateria e todo o resto, chega nuns 400 e pouco
[2018-01-09 15:57:49] tem isso.. montei ha 2 anos
[2018-01-09 15:57:55] mesmo preço que vc disse do FPV
[2018-01-09 15:57:58] Os top como f40 da Tiger tá tipo 100 reais cada
[2018-01-09 15:57:59] to vendo aqui motor 2212 de 3 dolares
[2018-01-09 15:58:00] pqp
[2018-01-09 15:58:15] 2 anos atrás era 250 reais cada
[2018-01-09 15:58:30] sim
[2018-01-09 15:58:39] paguei uma bica em motor e esc
[2018-01-09 15:58:44] hj tá BEM mais barato
[2018-01-09 16:00:22] to montando uma Asa, mais barato com mais autonomia de voo
[2018-01-09 16:01:14] asinha eu comprei a base com o Herrera
[2018-01-09 16:01:19] as asinha dele sao excelente
[2018-01-09 16:01:30] manda link
[2018-01-09 16:01:38] http://www.herreramodels.com.br/shopping/
[2018-01-09 16:01:53] eu to montando um prototipo
[2018-01-09 16:02:31] com base no Z-84
[2018-01-09 16:03:20] outro nivel rs
[2018-01-09 16:03:40] turbina?
[2018-01-09 16:03:59] não, eletrico mesmo
[2018-01-09 16:04:17] testando o motor 2300KV do drone
[2018-01-09 16:04:22] montagem traseira
[2018-01-09 16:04:24] ah tah rs
[2018-01-09 16:04:38] E uma bateria de 4 células, ao invés de uma de 3
[2018-01-09 16:04:53] e usar APM no lugar da NAZA
[2018-01-09 16:05:11] a diff de peso é grande
[2018-01-09 16:05:11] aguenta?
[2018-01-09 16:05:42] é o que vou testar... rs
[2018-01-09 16:05:57] entendi
[2018-01-09 16:06:06] to usando foamboard pra estrutura
[2018-01-09 16:06:28] acho que suporta, já vi um pessoal voando com uma estrutura parecida
[2018-01-09 16:07:02] com foamboard nao vi ateh hj por aqui
[2018-01-09 16:07:12] ja usei pra prototipar outras coisas.. menos aeromodelo rs
[2018-01-09 16:07:34] tem um pessoal usando na gringa
[2018-01-09 16:07:48] incluse no aeroclube da Universidade de Stanford
[2018-01-09 16:14:01] https://github.com/lsds/spectre-attack-sgx
[2018-01-09 16:15:48] https://bugs.chromium.org/p/project-zero/issues/detail?id=1272
[2018-01-09 16:27:45] http://www.bbc.com/news/technology-42619812
[2018-01-09 16:40:43] Realmente lamentável, mesmo depois de eu ter falado da semelhança...
[2018-01-09 16:40:52] https://twitter.com/anchisesbr/status/950667274842791936
[2018-01-09 16:41:04] Muito decepcionado...
[2018-01-09 16:44:18] O cara traduziu nelson
[2018-01-09 16:44:57] Eu havia percebido...
[2018-01-09 16:45:08] "Artigo originalmente traduzido de: https://securit..."
[2018-01-09 16:45:19] Ele colocou ainda no comeco do texto
[2018-01-09 16:45:19] Mesmo via iPhone eu notei a semelhança, mas o cara deu uma de João sem braço...
[2018-01-09 16:45:25] Q eh uma traducao
[2018-01-09 16:45:37] Pq "copia"?
[2018-01-09 16:46:12] Quase uma semana depois...
[2018-01-09 16:46:37] Antes, sequer havia o link do artigo original
[2018-01-09 16:47:04] Há um histórico do grupo do raodsec
[2018-01-09 16:47:28] Ele só colocou o link depois que eu ,emocionei a semelhança
[2018-01-09 16:47:57] O Achises comparou, algo que eu não conseguia via celular (estou de férias) e viu o plágio
[2018-01-09 16:48:21] Só então ele admitiu que traduziu
[2018-01-09 16:48:35] Antes era um "artigo original"
[2018-01-09 16:58:11] http://attrition.org/errata/plagiarism/infosec_institute/infosec_institute_plagiarism.pdf
[2018-01-09 17:06:15] A treta é a seguinte: ele espalhou o texto falando que ele tinha escrito e só colocou o aviso de tradução depois que o pessoal chiou.
[2018-01-09 17:10:38] A falta de originalidade e "gozar com o p** dos outros" me desagrada muito...
[2018-01-09 17:12:18] Eu avisei da semelhança... Dai ele colocou um link, dizendo que realmente estava muito "parecido" (grupo raodsec do Telegram), dai o Anchises viu que era tradução (cópia de um texto em outra língua), dai ele colocou que era tradução...
[2018-01-09 17:12:35] O Brasil não é um país para amadores...
[2018-01-09 17:12:59] Não me parece acidental... A vocês parece?
[2018-01-09 17:14:21] Tá até parecendo a treta da apresentação sobre cisco na WebSecurity Fórum, onde o cara apresentou a pesquisa de outro cara... Mas não me recordo se ele citou o trabalho original!
[2018-01-09 17:14:50] Mas neste caso a falha foi da banca...
[2018-01-09 17:14:57] Que deixou passar
[2018-01-09 17:27:59] https://www.wsj.com/articles/u-s-spy-satellite-believed-lost-after-spacex-mission-fails-1515462479
Acredita-se que o satélite de inteligência norte-americano ZUMA não conseguiu órbita e foi perdido.
[2018-01-09 17:44:18] Na lista do Garoa? Não vi 🤔
[2018-01-09 17:44:38] Eu tenho, mas não sei o que comprar
[2018-01-09 17:52:28] SpaceX to static fire Falcon Heavy as early as Wednesday
http://ift.tt/2CJlCc4

Submitted January 09, 2018 at 06:39PM by michaelza199
via reddit http://ift.tt/2mc5KaU
[2018-01-09 18:03:47] SpaceX - Resumão de 2017: https://www.youtube.com/watch?v=Q0e8v1yNfYU
[2018-01-09 18:12:12] Saquei
[2018-01-09 18:12:45] Esse lance de direitos autorais ainda eh um problemao em mares internet
[2018-01-09 18:12:59] Foda :/
[2018-01-09 18:17:43] Só é... Lembro da nossa época, como ficávamos preocupados em citar os artigos e pesquisas que influenciaram nosso trabalho!
[2018-01-09 18:28:41] Vou postar a lista na wiki do Garoa
[2018-01-09 18:37:50] isso me manda em pvt seu facebook, tem um monte de bloq aqui
[2018-01-09 18:43:35] Priscila added Antonio Augusto
[2018-01-09 19:38:37] @abello , seja bem vindo
[2018-01-09 19:38:54] Obrigado!
[2018-01-09 19:39:49] Fui ontem na roda de conversa de python conhecer o lugar e achei mto bom :)
[2018-01-09 20:00:32] photo: /home/felipe/devel/github_garoa/Telegram_logs_Garoa_Hacker_Clube_Publico/media/Garoa_Hacker_Clube_(Público)/download_806122720_22981.jpg
[2018-01-09 20:08:12] Exatamente!!!
[2018-01-09 20:09:31] document: /home/felipe/devel/github_garoa/Telegram_logs_Garoa_Hacker_Clube_Publico/media/Garoa_Hacker_Clube_(Público)/download_1017943490086044137.webp
[2018-01-09 20:09:41] Ele falou q se inspirou no blog do projectzero
[2018-01-09 20:09:44] E como você viu que era “tradução”?
[2018-01-09 20:09:54] Viu...
[2018-01-09 20:09:57] Mas tinha referencia ao blog do project zero antes?
[2018-01-09 20:10:19] ou desde o inicio o cara nao referencia nada?
[2018-01-09 20:10:42] Não me recordo...
[2018-01-09 20:10:55] Só posso dizer que não havia nada do Security Intelligence
[2018-01-09 20:11:21] Sera q o blog do project zero copiou do security intelligence
[2018-01-09 20:11:23] Hehe
[2018-01-09 20:16:39] Tentei adaptar o carregador de outro note
[2018-01-09 20:27:16] poderia me passar o link do grupo, ou e' privado? : )
[2018-01-09 20:28:12] aaa
[2018-01-09 20:28:14] encontrei aq
[2018-01-09 20:28:17] vlw mesmo assim
[2018-01-09 20:28:19] : )
[2018-01-09 20:52:32] cads joined
[2018-01-09 20:53:11] *SEGURANÇA*
Alguém conhece o gerenciador gratuito de senhas DASHLANE?
Ele é confiável? Funciona?
[2018-01-09 20:54:34] Estamos buscando voluntários para ser assistente em atividades - e também para conduzir atividades.  Qualquer atividade que tenha nerdices ou fabricação envolvidas.
[2018-01-09 21:10:11] Confiável é meio subjetivo
[2018-01-09 21:18:08] É o grupo público do Roadsec
[2018-01-09 21:18:29] https://t.me/roadsec
[2018-01-09 21:18:53] Sei q vc já está lá, mas caso mais alguém queira entrar, o link tá ai
[2018-01-09 21:26:15] Alguém sabe como funciona o compressor de vídeo do Netflix?
[2018-01-09 21:28:43] Acho estranho porque a qualidade é ótima e pesa menos que os arquivos em torrent
[2018-01-09 21:30:20] Eu não sei, mas o Facebook disponibilizou o deles e parece que a taxa de compressão é bem boa
[2018-01-09 21:37:08] 👍🏻👍🏻
[2018-01-09 23:04:45] Gente, não sei se vocês viram mas o Vini deu uma boa limpa na geladeira e no fogão do Garoa. Sugiro que quem não puder dar um exemplo desse colabore de alguma forma
[2018-01-09 23:08:21] Justo
[2018-01-09 23:40:35] Galera, o @robson_couto traduziu toda a documentação do Arduino para o Português:
https://www.arduino.cc/reference/pt/
https://github.com/robsoncouto/reference-pt
[2018-01-09 23:43:38] Caralho
[2018-01-09 23:43:58] 👏🏻
[2018-01-09 23:46:42] show!!
