[2016-08-25 00:15:44] Hoje o Amauri, que participa do Grupy-SP, ficou muito interessado e quer ir na próxima terça-feira na noite do Processing...
[2016-08-25 00:35:41] Estava na iMasters hoje e pedi pizza no Quero Pizza... pedi a 17 e a 41... o motoboy ficou confuso "ué, você mudou da Costa Carvalho?"... hahahaha...
[2016-08-25 00:36:57] Hahahahahahahaha
[2016-08-25 00:44:18] hahahaha
[2016-08-25 00:45:17] kkkkk
[2016-08-25 00:45:45] temos que falar para ele mudar o sabor da 41 com a 42
[2016-08-25 08:14:08] Bom dia
Terça estarei lá.
Inclusive quero ver o que o Garoa precisa. Com certeza tem algo que posso fazer para colaborar.
[2016-08-25 08:15:57] Achei justo. Fabrício... Você já sabe pq 17 é um número mágico?
[2016-08-25 09:45:32] Não sei, mas gostaria de saber...
[2016-08-25 11:05:54] Nem a própria multcomercial tem
[2016-08-25 11:05:54] Se alguém tiver uma dica, agradeço 👍🏾
[2016-08-25 11:06:48] photo: /home/felipe/devel/github_tvdstaaij/telegram-history-dump/output/media/Garoa_Hacker_Clube_(Público)/download_803707647_82734.jpg
[2016-08-25 11:08:28] Cara 38 reais essa fonte
[2016-08-25 11:09:34] Eu tinha um tel intelbras, velho aqui. O modelo 610 na epoca acho que paguei uns 60 reais nele.
[2016-08-25 11:09:56] a mult é cara
[2016-08-25 11:10:01] Ele utiliza essa mesma bateria ai
[2016-08-25 12:29:30] Onde eu acho? Ou vc vende?
[2016-08-25 18:11:43] Galera,  alguém sabe se o mirante lab tem telegram? Ou sabe até que horas ficam abertos hoje?
[2016-08-25 21:04:17] Eu lembro da @mynameiserin toda vez que venho na IBM...
[2016-08-25 21:04:35] photo: /home/felipe/devel/github_tvdstaaij/telegram-history-dump/output/media/Garoa_Hacker_Clube_(Público)/download_803703310_84656.jpg
[2016-08-25 21:05:14] photo: /home/felipe/devel/github_tvdstaaij/telegram-history-dump/output/media/Garoa_Hacker_Clube_(Público)/download_803716450_81581.jpg
[2016-08-25 21:16:41] <3
[2016-08-25 21:32:04] Insano http://www.stevenjohnson.com/myworkbench.htm
[2016-08-25 22:04:50] @agaelebe tentei responder seu email. o email do tesoureiro do garoa tá bixado, retornou
[2016-08-25 22:05:24] resumindo, fiz sim um pagamento que estava faltando (de abril, não de junho, que junho tem data e valor na sua planilha sim) no dia 22/06 no valor de R$70,69
[2016-08-25 23:35:02] http://computerworld.com.br/exclusivo-cio-comenta-desempenho-da-ti-durante-rio-2016
