[2016-10-13 00:35:09] Ontem foi um dia histórico
[2016-10-13 00:35:09] document: /home/felipe/devel/github_tvdstaaij/telegram-history-dump/output/media/Garoa_Hacker_Clube_(Público)/download_706809934540439614.jpeg
[2016-10-13 01:23:04] document: /home/felipe/devel/github_tvdstaaij/telegram-history-dump/output/media/Garoa_Hacker_Clube_(Público)/download_803730445_74120.jpg
[2016-10-13 01:53:13] alguem disse: "Nao eh segundo, gente." Mas eh!!!
[2016-10-13 08:20:57] Gene Kogan, Francis Tseng: Machine Learning for Artists (2016–) — Monoskop Log
https://monoskop.org/log/?p=17733
[2016-10-13 10:15:35] Legal este material heim. 👍
[2016-10-13 11:19:45] photo: /home/felipe/devel/github_tvdstaaij/telegram-history-dump/output/media/Garoa_Hacker_Clube_(Público)/download_803718047_113544.jpg
[2016-10-13 11:20:21] Traga seu filho para o InterCon 2016!

O InterCon 2016 traz uma grande novidade para as crianças! Nessa edição, teremos uma sala reservada para crianças de 6 a 11 anos, com atividades de uma hora que darão uma introdução à programação e à robótica.

Em parceria com a Pólen, as crianças irão aprender fundamentos de programação através de scratch, totalmente tematizado, além de participarem da montagem de um circuito eletrônico em um robô com Leds e Paper Toy, trabalhando a criatividade e estimulando a criança com a metodologia maker, e muito mais!

A atividade será aberta para crianças que deverão estar inscritas e acompanhadas por um responsável legal (o responsável não precisa ser programador, nem estar inscrito no evento).

https://docs.google.com/forms/d/e/1FAIpQLSfVp95rv8dgcKk837hlCU5QUKXM_9Q0dtNkB0j837WDWHR06Q/viewform
[2016-10-13 15:53:43] MOnSter 6502
http://monster6502.com/

MOS 6502 recriado com 3218 transistores...
[2016-10-13 16:08:57] acho que esse projeto é do mesmo cara que fez esse aqui também: http://tubetime.us/?p=419
[2016-10-13 18:18:09] Sem energia elétrica na região do Garoa...
[2016-10-13 18:20:11] document: /home/felipe/devel/github_tvdstaaij/telegram-history-dump/output/media/Garoa_Hacker_Clube_(Público)/download_3070231601742076.webp
[2016-10-13 18:21:33] Não tinha um gerador eólico no Garoa?
[2016-10-13 18:25:01] tem gerador a combustao no armario
[2016-10-13 18:25:24] Combustão de que?
[2016-10-13 18:25:42] eles tem esse aspecto
[2016-10-13 18:25:44] photo: /home/felipe/devel/github_tvdstaaij/telegram-history-dump/output/media/Garoa_Hacker_Clube_(Público)/download_803701940_114297.jpg
[2016-10-13 18:25:56] Uhnnn sim
[2016-10-13 18:26:07] kkkk
[2016-10-13 18:26:16] Combustão de cera
[2016-10-13 18:26:24] isso, geram luz
[2016-10-13 18:29:38] Luz voltou...
[2016-10-13 18:31:57] Luz wireless?
[2016-10-13 18:41:53] O pequeno Miguel Terros esqueceu sua Carteira de Habilitação da Kidzania...
[2016-10-13 18:58:46] Oficina de geradores de luz.
[2016-10-13 18:58:46] photo: /home/felipe/devel/github_tvdstaaij/telegram-history-dump/output/media/Garoa_Hacker_Clube_(Público)/download_803711762_101092.jpg
[2016-10-13 19:03:27] Hoje em dia a moda é comburar hidrogênio, porém...
https://andersbateva.wordpress.com/2015/12/01/experimento-producao-de-hidrogenio-misturando-se-aluminio-e-soda-caustica/
[2016-10-13 19:14:06] @DQuadros ta no garoa?
[2016-10-13 19:16:57] Não, acho que hoje não vou.
[2016-10-13 19:18:53] po
[2016-10-13 19:47:37] Povo, venham... temos visitantes...
[2016-10-13 19:50:23] De São José dos Campos...
[2016-10-13 20:03:55] alguém usa adaptador ethernet genérico em mac?
[2016-10-13 21:36:44] Ngm no garoa?
[2016-10-13 21:50:32] Não... sai faz uns 15 minutos...
[2016-10-13 21:54:36] Eu tenho um
[2016-10-13 21:54:55] USB ethernet, né?
[2016-10-13 22:00:25] é, um BEM genérico
[2016-10-13 22:00:39] calma ai que deflagou greve na faculdade e vou me informar ;p
[2016-10-13 22:20:20] sim @Gutemhc, o negócio aqui não quer funcionar de forma alguma. Eu vou na parte do USB e não informa o nome do dispositivo.
[2016-10-13 22:22:15] Olá amigos, desculpa se não posso publicar aqui por questões hierárquicas ou algo do tipo, mas gostaria de avisar a todos sobre um evento de interesse que vai rolar na minha universidade em Santo André
Link para descrição do evento: http://www.lablivre.wiki.br/eventos/demohacking/
[2016-10-13 22:23:19] Sou muito fã dos trabalhos do garoa. Sempre acompanho digitalmente. Seria uma honra imensa confraternizar o clube de computação da minha universidade (do qual faço parte) com o grupo garoa
[2016-10-13 22:29:21] O evento tem como fundamento, a conciliação de conhecimentos em prol a manutenção da democracia. Por favor, se tiverem interesse, e houver alguma dúvida, falem comigo, há um ônibus gratuito da universidade que leva da estação Celso Daniel (Santo André) direto para o campus São Bernardo.
[2016-10-13 23:05:29] Eu não tive problemas, foi plug'n'play
[2016-10-13 23:05:56] Sabe qual chipset é o seu?
