[2017-10-11 08:25:28] photo: /home/felipe/devel/github_tvdstaaij/telegram-history-dump/output/media/Garoa_Hacker_Clube_(Público)/download_805509267_25962.jpg
[2017-10-11 08:51:25] Ba Dum Tssss
[2017-10-11 10:59:58] rsrsrs
[2017-10-11 11:48:59] tem coisas que depois de vistas não temos mais como "desver".... :-(
[2017-10-11 11:52:16] Olha eu fico feliz que o garoa não cai nesse texto aí
[2017-10-11 11:53:12] Tem uma impressora 3d sim, mas ninguém tá lá pra impressionar investidor. Fui tipo duas vezes em ambas tinha gente discutindo ideias. É um puta ambiente legal
[2017-10-11 13:04:28] Pessoal esse xamarin entrega o que promete? Tenho minhas descrenças com essa parada de desenvolvimento cross-platform.
[2017-10-11 13:15:36] Onde eu trabalho, fiz uma pesquisa sobre soluções multiplataforma, e o xamarin ficou em último lugar
[2017-10-11 13:16:28] E quais as outras opções que avaliou ?
[2017-10-11 13:16:35] Olha só! Mas em quais quesitos ?
[2017-10-11 13:17:11] flutter, Qt, react native, native script, unity entre outras
[2017-10-11 13:17:24] n requisitos
[2017-10-11 13:17:32] De comunidade a gosto pessoal da equipe
[2017-10-11 13:19:45] Nossa ainda bem que você falou @skhaz. Vou me informar mais.
[2017-10-11 13:32:41] Xamarin 'e ideal se voce nao quer se preocupar com UI e pretende usar Xamarin.Forms, caso contrario vai ter que escrever codigo para iOS e Android da mesma forma.

Ter uma equipe que sabe ou tem interesse de aprender C# 'e crucial
[2017-10-11 13:32:55] onde eu trabalho um dos jailbreaks foi o C#
[2017-10-11 15:15:09] Quem vai no Roadsec?  Com a mesa do Garoa? https://roadsec.com.br/saopaulo-pro2017/
[2017-10-11 15:16:24] 👆Eu vou...
[2017-10-11 15:17:03] Eu vou palestrar no Roadsec esse ano :-)
[2017-10-11 15:18:45] O link correto não seria esse?
https://roadsec.com.br/saopaulo2017/
[2017-10-11 15:19:05] Show! Parabéns, Juca!
[2017-10-11 15:59:33] ai zim!!!
[2017-10-11 16:02:48] O lance de pagar é que não estou acostumado!!
[2017-10-11 16:03:44] que lance de pagar ?
[2017-10-11 16:04:12] No pro eu não sei, no oficial tem uma page do dumont na wiki
[2017-10-11 16:04:15] inscrição no roadsec
[2017-10-11 16:06:53] estarei lá para prestigiar
[2017-10-11 18:18:47] Não é entrada franca
[2017-10-11 18:19:10] como assim?
[2017-10-11 18:19:12] rsrsrs
[2017-10-11 18:19:23] zueira ja comprei ingresso
[2017-10-11 18:20:18] 160 inteira   80 estudante  meia
[2017-10-11 19:05:55] Ederson Badeca joined
[2017-10-11 19:05:56] Hi Ederson Badeca !
[2017-10-11 21:01:08] https://m.imgur.com/gallery/1aFrH9w
