[2016-06-07 07:12:30] Bom dia, o que vocês acham da zeronet?
[2016-06-07 09:19:02] Ideia muito boa, mas não é a única, mas acho que funciona melhor com o Ethereum, que já foi construído baseado nesta ideia, de hospedar documentos e aplicativos de forma descentralizada...
[2016-06-07 09:21:02] @Fabiohirano poe na roda o seu robô pythônico de twitter fazfavor?
[2016-06-07 09:57:29] Fernando Freitas Alves - Tikal Tech joined
[2016-06-07 11:46:49] O que os menininhos fizeram?
[2016-06-07 11:52:29] Agora eh o Fábio com celular da Yumi
[2016-06-07 12:06:40] haha... Não... É a Yumi mesmo. Eu vi o bot dos garotos. Adorei.
[2016-06-07 12:06:40] Rá!
[2016-06-07 12:31:06] Sure
[2016-06-07 12:31:42] www.meleva.org
[2016-06-07 12:32:00] se nao fosse o slogan da loja, eu ate arriscaria comprar
[2016-06-07 12:33:38] +1
[2016-06-07 12:33:50] Se o site fosse responsivo tb comprava
[2016-06-07 12:52:49] caramba! E o logotipo tá todo cagado... todo pixelizado. Foi feito no MSPaint?
[2016-06-07 12:54:25] Epa, respeite o mspaint
[2016-06-07 12:54:41] 😂 😂 😂 😂
[2016-06-07 12:54:51] ainda se o ícone do carrinho de compras tivesse o mesmo nível de pixelização a gente até acreditava que foi recurso estilístico. Mas o anti-aliasing do carrinho é numa resolução muito mais fina que o pixelizado grosseiro do texto "meleva.org Loja Totalmente Confiável."
[2016-06-07 12:55:24] Até o site que tô brincando no github tá mais top kkkk
[2016-06-07 12:55:24] Rá!
[2016-06-07 12:55:27] http://webcenter.github.io/
[2016-06-07 12:59:55] photo: /home/felipe/devel/github_tvdstaaij/telegram-history-dump/output/media/Garoa_Hacker_Clube_(Público)/download_421937389_91294.jpg
[2016-06-07 13:04:07] O cara está planejando o golpe há muito tempo, tem coisa (positiva) dele desde de 2014
[2016-06-07 13:04:15] Muito engraçado
[2016-06-07 13:04:42] https://garoa.net.br/teste_sua_senha/
[2016-06-07 13:05:12] Não vou por minha senha de nove dígitos ai: 123456789
[2016-06-07 13:05:13] esse teste é o melhor.
[2016-06-07 13:06:19] esse teste é mais seguro que esse site
[2016-06-07 13:06:31] Minha senha era "dadada", mas tive que mudar...
[2016-06-07 13:06:34] porque não tem action no form e nem JS, quer dizer que a senha nao vai pra lugar nenhum
[2016-06-07 13:06:56] dadada só o nosso zuquembergue
[2016-06-07 13:07:09] Bazinga hahaha
[2016-06-07 13:11:18] Droga, vou ter que mudar de novo... minha nova senha era "Bazinga"...
[2016-06-07 13:42:48] @tilt4 quando nao tem action ele manda para a mesma pagina
[2016-06-07 13:43:02] o dado eh enviado sim e usado na contabilizacao de bazingas
[2016-06-07 13:45:06] Hahahaha...
[2016-06-07 13:45:06] hehehehe!
[2016-06-07 13:45:21] Hihihihi...
[2016-06-07 13:45:47] copiei o codigo num txt:
https://garoa.net.br/teste_sua_senha/index.php.txt
[2016-06-07 13:48:31] acho que valeria a pena colocar um checkbox, pra saber se a pessoa quer salvar no servidor,
[2016-06-07 13:48:43] rsrsrs
[2016-06-07 13:48:45] iriam clicar achando que é lembre-me
[2016-06-07 13:48:59] ou "este pc é privado"
[2016-06-07 13:48:59] 31/07/2013
[2016-06-07 13:49:03] faz tempo hein?
[2016-06-07 14:05:55] "deseja armazenar sua senha para consultas futuras?"
[2016-06-07 16:38:20] @fsanches obrigado pelos ajustes no git! :D
[2016-06-07 17:19:05] como vcs recebem esses dados?
[2016-06-07 17:19:51] ???
[2016-06-07 17:20:07] recebem a senha aberta e limpa pra ser usada rsrsr
[2016-06-07 17:20:21] document: /home/felipe/devel/github_tvdstaaij/telegram-history-dump/output/media/Garoa_Hacker_Clube_(Público)/download_135158025190113731.webp
[2016-06-07 19:22:47] ow yeah!
[2016-06-07 19:26:02] Somos um coletivo autônomo, sem filiação a nenhuma empresa ou partido político. Viemos de diversos movimentos - e nos unimos para propagar informação em tecnologias livres.

Queremos promover a autonomia tecnológica entre as mulheres. Nos organizamos para compartilhar nossos conhecimentos e experiências. Publicamos nesse site para possibilitar o acesso de todas. Entendemos que o conhecimento deve ser difundido na internet, mas jamais ficar restrito a ela.

A internet está cada vez mais comprometida por valores autoritários que impõem a censura e a vigilância. Fazem do estar na internet o estar em um espaço vigiado por governos e corporações. As tentantivas de censurar dados, conhecimento e a própria liberdade precisam encontrar resistência. Nós somos a resistência.

Lutamos por uma internet que não seja monopolizada pelas empresas, vigiada pelos Estados ou controlada por pessoas privilegiadas que acreditam ter mais direito de se expressar na internet do que as outras. Essa luta segue princípios anarquistas e se dá em muitas frentes de resistência (mas não limitando-se à): no debate sobre governança da internet (que é dominada pelos mesmos homens ricos e brancos de sempre), na luta contra os monopólios, na educação, difusão e massificação do uso de tecnologias livres, na defesa dos direitos humanos na internet (inclusive da privacidade), na defesa do uso de licenças livres para todas manifestações artísticas e científicas.

Você é mulher e compartilha dos nossos ideais? Venha construir conosco!

https://naoenoveladasoito.com.br
https://quitter.se/aufem
[2016-06-07 19:54:53] Sabem se tem alguém no Garoa?
[2016-06-07 19:59:26] status diz aberto.
[2016-06-07 20:01:05] Deve ter chegado alguém agora, valeu...
[2016-06-07 20:30:16]  joined
