[2017-12-19 00:13:25] Ops, mal aê...
[2017-12-19 01:16:11] mensagens removidas
[2017-12-19 01:21:27] alguém já abriu um dos genius novos? a estrela relançou no mesmo molde desde 2013 aparentemente, esses dias vi um numa loja de brinquedos
[2017-12-19 01:21:37] fiquei curiosa pra saber o que tem dentro do modelo novo
[2017-12-19 01:31:29] Hum... Tava com vontade de abrir um tbm
[2017-12-19 02:07:48] Já amei!!!
[2017-12-19 02:08:15] Já amei!!
[2017-12-19 02:09:47] Belo " crossing over" @mdente
[2017-12-19 08:24:36] https://medium.com/@ajazevedo/por-que-a-comunidade-de-segurança-da-informação-precisa-urgentemente-parar-os-especialistas-da-4772f35a5e94
[2017-12-19 08:33:25] achei bem bacana tb
[2017-12-19 09:21:17] Eu abri o novo Pense Bem e é um atmega. Nao duvido nada que seja algo similar para o Genius
[2017-12-19 10:02:11] Alguem usa com sucesso esse WeeChat ou alguma alternativa que reuna redes de mensageiros instantâneos? Tô bem cansado tendo que navegar entre várias janelas de sistemas que não falam entre si. O bitlbee (www.bitlbee.org) até funcionou por um tempo para rodar algumas dentro de um servidor IRC local, mas não suporta as redes mais recentes.
[2017-12-19 10:04:01] no desktop eu uso o Franz
[2017-12-19 10:48:47] Por falar em "especialista" da Globo, seguem dois vídeos para dar risada:
1 - https://youtu.be/ySyrYrjC3gU
2 - https://youtu.be/vAzntzrwv5U
[2017-12-19 10:49:28] kkkkkkk
[2017-12-19 10:49:34] Os dois vides sao hilarios
[2017-12-19 10:49:45] Nao sei como esse cara ainda nao virou meme
[2017-12-19 11:09:43] https://www.troyhunt.com/fixing-data-breaches-part-2-data-ownership-minimisation/
[2017-12-19 11:49:16] HAHAHAHAHAHA MEU DEUS!
não tem mais rede física, agora é só nuvem! Hahahahahahah 😂😂😂
[2017-12-19 11:52:36] pq vc acha q as passagens de avião estão mais caras? o avião precisa fazer uma rota maior para desviar dos servidores na nuvem
[2017-12-19 11:53:45] Os servidores usam uma tecnologia alienigina que burlam as leis da fisica
[2017-12-19 11:54:04] ninguem sabe disso
[2017-12-19 11:54:09] sou eu que to contando
[2017-12-19 11:54:15] guardem segredo
[2017-12-19 11:54:19] -_-
[2017-12-19 11:55:51] Hahahahahahah
[2017-12-19 11:56:17] https://youtu.be/iDbyYGrswtg
[2017-12-19 11:56:53] Esse seriado e muito bom kkkk
[2017-12-19 11:57:39] photo: /home/felipe/devel/github_garoa/Telegram_logs_Garoa_Hacker_Clube_Publico/media/Garoa_Hacker_Clube_(Público)/download_806121622_11059.jpg
[2017-12-19 11:57:40] Aguardando os novos associados.
[2017-12-19 12:27:25] Sim. Também aposto que é um atmel
[2017-12-19 12:28:15] Franz deixou de ser open source. Daí mudei para o Rambox
[2017-12-19 12:29:40] WeeChat é bom, achei chatinho para configurar
[2017-12-19 12:50:07] Vido, não achei informações sobre valores para associados. Aonde consigo essa informação?
[2017-12-19 12:50:34] Valores da mensalidade ou anuidade...
[2017-12-19 12:51:42] Pra ser um associado, existe umas etapas e aprovação no CMC
[2017-12-19 12:52:35] Se você quiser contribuir sem ter as responsabilidades, você pode entrar na categoria "Amigos do Garoa"
[2017-12-19 12:52:41] Hum, entendi.
[2017-12-19 12:53:49] Leonel  no site tem o Link do Paypal
[2017-12-19 12:53:51] http://sistema-tesouraria.herokuapp.com/
[2017-12-19 12:54:02] Legal. Eu preciso levar algumas coisas para o Garoa: um livro, uma CPU que está encostada e precisa de um pouco de carinho para funcionar. 
Vocês aceitam?
[2017-12-19 12:55:04] A principio a CPU não. Qual é o livro?
[2017-12-19 12:57:18] photo: /home/felipe/devel/github_garoa/Telegram_logs_Garoa_Hacker_Clube_Publico/media/Garoa_Hacker_Clube_(Público)/download_805513663_62509.jpg
[2017-12-19 12:58:16] Tenho também um teclado bluetooth, um modem TIM Fibra (acho que ainda tenho), um leitor externo de CD e DVD (somente leitor, sem gravador).
[2017-12-19 12:59:02] Tenho que largar essa vida de acumulador. rs...
[2017-12-19 12:59:31] Leonel. Aceitamos a doação do Livro. Obrigado.
[2017-12-19 12:59:50] Ótimo. Levarei lá em breve.
[2017-12-19 12:59:57] Se o Garoa não puder ficar com algo, pode ser doado para o ABC Makerspace... estão precisando de algumas coisas para o Wikilab...
[2017-12-19 13:01:12] Legal, Fabrizio. Posso levar também. O espaço fica em Santo André,  né?
[2017-12-19 13:13:01] Fica em São Bernardo do Campo, no campus II da UFABC, mas tem alguns membros que moram em Santo André.
[2017-12-19 13:41:56] http://mon.im/2017/12/konami-arcade-drm.html
[2017-12-19 13:54:49] Legal. Mas funcionou bem com o WhatsApp (principalmente)?
[2017-12-19 14:07:02] Só testei com o telegram, que tem api pública
[2017-12-19 14:15:01] e funcionou legal?
[2017-12-19 16:01:58] Podemos combinar para que eu leve algumas coisas lá. Vou fazer uma limpa na minha bagunça e separar.
[2017-12-19 16:28:12] sim, sem problemas
[2017-12-19 17:07:34] ?????
[2017-12-19 17:07:40] comprei um genius usado no ML
[2017-12-19 17:07:49] achei que estava comprando o original dos anos 80...
[2017-12-19 17:07:59] ...mas esse não entra pilhas D! é um dos novos!
[2017-12-19 17:08:32] Eita! Já vai abrir e matar a curiosidade quando chegar... rs
[2017-12-19 17:08:44] já chegou, por isso descobri agora 😆
[2017-12-19 17:08:55] achei ter visto 2 tampas de bateria na foto
[2017-12-19 17:09:01] não está funcionando, estou abrindo
[2017-12-19 17:10:07] Fotos do interior posteriormente, pr fvr
[2017-12-19 17:10:58] photo: /home/felipe/devel/github_garoa/Telegram_logs_Garoa_Hacker_Clube_Publico/media/Garoa_Hacker_Clube_(Público)/download_806123877_11072.jpg
[2017-12-19 17:11:05] nada de lâmpadas, tudo led!
[2017-12-19 17:11:51] os botões são microswitches, no original eram peças de metal soldadas à placa
[2017-12-19 17:13:09] essa placa perpendicular ao plano da outra pra mim é um indício de placas antigas ja kkkkkk
[2017-12-19 17:13:48] photo: /home/felipe/devel/github_garoa/Telegram_logs_Garoa_Hacker_Clube_Publico/media/Garoa_Hacker_Clube_(Público)/download_804722645_97302.jpg
[2017-12-19 17:13:48] photo: /home/felipe/devel/github_garoa/Telegram_logs_Garoa_Hacker_Clube_Publico/media/Garoa_Hacker_Clube_(Público)/download_806121259_11386.jpg
[2017-12-19 17:14:03] sem segredos do outro lado, o cérebro é só um COB :(
[2017-12-19 17:14:31] agora é descobrir por que não liga..
[2017-12-19 17:15:56] e se for mesmo o chip, engenharia reversa e substituição por atmega...
[2017-12-19 17:17:18] interessante que por dentro mantiveram o compartimento onde ia uma lâmpada extra no original...
[2017-12-19 17:19:04] Será que usaram o mesmo molde pra injetar o plástico? Dizem que essa peça custa caro e dura muito.
[2017-12-19 17:19:47] Ia dizer isso agora
[2017-12-19 17:19:48] sim, foram reutilizados todos os moldes do genius original
[2017-12-19 17:19:58] provavelmente reusaram o molde original
[2017-12-19 17:20:02] só não cortaram o segundo buraco de bateria
[2017-12-19 17:20:09] original = 4xAA 2xD
[2017-12-19 17:20:14] o novo vão só 4xAA
[2017-12-19 17:20:39] pois custa mais de 60k fazer um molde para injeção de plastico de qualidade
[2017-12-19 17:21:20] ao que tudo indica o defeito nesse é o segurador de bateria, está com quebra em alguma parte do circuito.. fácil!
[2017-12-19 17:21:40] na loja 260, na internet 150.. esse me custou 30 :p
[2017-12-19 17:26:47] #EpicWin
[2017-12-19 17:50:49] photo: /home/felipe/devel/github_garoa/Telegram_logs_Garoa_Hacker_Clube_Publico/media/Garoa_Hacker_Clube_(Público)/download_806119186_11459.jpg
[2017-12-19 17:50:49] photo: /home/felipe/devel/github_garoa/Telegram_logs_Garoa_Hacker_Clube_Publico/media/Garoa_Hacker_Clube_(Público)/download_806123011_10868.jpg
[2017-12-19 17:51:43] esses dois são os que vão pra placa.. o negativo estava quebrado e não fazia mais contato com a pilha (mas segurava como se fizesse, por isso de primeira não achei que fosse o problema)
[2017-12-19 17:52:42] consegui tirar toda a solda e soltar o contato de metal e dar uma entortada no que sobrou dele pra funcionar como contato negativo de novo, e.. 6v medidos dos contatos de novo! só soldar os cabos de volta
[2017-12-19 18:16:12] document: /home/felipe/devel/github_garoa/Telegram_logs_Garoa_Hacker_Clube_Publico/media/Garoa_Hacker_Clube_(Público)/download_5028432785421893642
[2017-12-19 18:18:46] document: /home/felipe/devel/github_garoa/Telegram_logs_Garoa_Hacker_Clube_Publico/media/Garoa_Hacker_Clube_(Público)/download_1017943490086044141.webp
[2017-12-19 18:27:29] Da hora!
[2017-12-19 18:29:57] 👏
[2017-12-19 18:31:40] Montaram um Genius gigante na frente do 
Shopping Cidade São Paulo, tá mais divertido do que ir no stand da M$ jogar Xbox...rsss
[2017-12-19 18:56:50] 👏
[2017-12-19 18:57:01] Esse é aquele do lado do masp?
[2017-12-19 18:57:11] Nops
[2017-12-19 20:50:22] Zé added Carlos Campos
[2017-12-19 22:46:35] vamos vender a CMC shapeoko do garoa então?
[2017-12-19 23:06:33] Valeu Ze
