[2017-06-03 08:07:10] https://www.texplained-store.com/en/Blog/8_how-it-is-made-zelda-botw-cartridge.html
[2017-06-03 09:29:54] photo: /home/felipe/devel/github_tvdstaaij/telegram-history-dump/output/media/Garoa_Hacker_Clube_(Público)/download_804740212_32964.jpg
[2017-06-03 09:39:41] document: /home/felipe/devel/github_tvdstaaij/telegram-history-dump/output/media/Garoa_Hacker_Clube_(Público)/download_289385726649304141.webp
[2017-06-03 10:39:02] Joao Renes joined
[2017-06-03 10:39:03] Hi Joao Renes !
[2017-06-03 10:39:30] 🖖😎
[2017-06-03 12:14:20] photo: /home/felipe/devel/github_tvdstaaij/telegram-history-dump/output/media/Garoa_Hacker_Clube_(Público)/download_803116410_64405.jpg
[2017-06-03 12:14:45] photo: /home/felipe/devel/github_tvdstaaij/telegram-history-dump/output/media/Garoa_Hacker_Clube_(Público)/download_361374996347489032.mp4
[2017-06-03 12:15:21] photo: /home/felipe/devel/github_tvdstaaij/telegram-history-dump/output/media/Garoa_Hacker_Clube_(Público)/download_803110544_83421.jpg
[2017-06-03 12:16:03] @mdente tá na santa?
[2017-06-03 12:32:35] ja sai fora
[2017-06-03 12:33:16] precisava de alguma coisa?
[2017-06-03 12:39:52] Kkk, eu moro perto, ia te encher o saco só
[2017-06-03 12:41:51] ah,  legal
[2017-06-03 12:42:21] se eu soubesse ia almoçar na sua casa... Rsrsrsrs
[2017-06-03 12:44:22] document: /home/felipe/devel/github_tvdstaaij/telegram-history-dump/output/media/Garoa_Hacker_Clube_(Público)/download_803119357_63428.jpg
[2017-06-03 12:44:54] Aqui nunca tem almoço kkk
[2017-06-03 12:56:40] Pensei que ele ia falar que ia levar comida pra vc heuaha
[2017-06-03 13:00:55] Por falar nisso, feliz aniversário! Muito bixcoito pra você!
[2017-06-03 13:13:39] Hauahauahau, espero que o povo do restaurante também me parabenize :3
[2017-06-03 13:14:05] Quer parabéns ou comer de graça? rs
[2017-06-03 13:14:15] Alias, Parabéns, Bixxxcoito!
[2017-06-03 13:25:16] Eu prefiro comer de graça, inclusive, no meu aniversário, quer quiser me convidar pra comer, prefiro
[2017-06-03 13:27:50] KKKKKKK, brigadaaaaaa
[2017-06-03 13:27:59] Comer de graça, pfvr
[2017-06-03 14:15:02] Não seria não. O retrace é sempre "apagado", sweep é um termo mais genérico. Logo mais nesse texto ele deve falar sobre como o feixe tem que "apagar" e o sincronismo necessário para isso
[2017-06-03 15:38:42] Gente, boa tarde
[2017-06-03 15:39:06] Alguém que usa o Windows já teve um problema ao inicializar que entra no diagnóstico direto
[2017-06-03 15:39:19] E não repara de jeito nenhum?
[2017-06-03 15:39:47] Já solucionei reinstalando o Windows,  mas tenho programas que pra instalar são downloads dw mais de 20 giga
[2017-06-03 15:40:01] Queria saber se alguém sabe uma alternativa
[2017-06-03 15:41:18] não restaura de forma alguma?
[2017-06-03 15:41:56] Pela restauração de sistema não resolve
[2017-06-03 15:42:10] Aquele que volta aplicativos a uma determinada data
[2017-06-03 15:42:28] E pelo reparo de inicialização da erro e volta sempre pra mesma tela
[2017-06-03 15:45:02] Qual versão do windows?
[2017-06-03 15:45:09] 10
[2017-06-03 15:45:37] Já solucionei uma vez em outro note, mas perdeu todos os programas
[2017-06-03 15:46:19] Sorte q era novo e só tinha office e mais alguns aplicativos, mas este meu note tem muita coisa q só instala por download de uns 30GB
[2017-06-03 15:46:27] Ou seja, tô lascado
[2017-06-03 15:47:02] é.. deu ruim hein
[2017-06-03 15:47:23] Queria ver se não tem nenhum outro jeito
[2017-06-03 15:47:43] Senão vou ter que reinstalar tudo... Aí fico 3 dias sem usar
[2017-06-03 15:47:44] Hahaha
[2017-06-03 15:57:59] photo: /home/felipe/devel/github_tvdstaaij/telegram-history-dump/output/media/Garoa_Hacker_Clube_(Público)/download_803119001_64359.jpg
[2017-06-03 15:58:57] Acabei de soldar. Havia partido os fios. Entrei aqui pra ver se achava alguma indicação de fone bom pra substituir, mas achei essa mensagem. Uma ótima idéia por sinal.
[2017-06-03 15:59:12] Agora tenho "garantia vitalícia Tabajara" nos fones
[2017-06-03 16:00:36] Usei o mesmo truque de queimar os fios com isqueiro. Foi uma merda para a solda pegar.
Que fique registrado pro próximo que for tentar: entrelace os fios antes de aplicar solda que fica mais fácil. Não consegui soldar direto um no outro.
[2017-06-03 16:03:53] Ahhhh
[2017-06-03 16:03:58] Restaurando foi
[2017-06-03 16:04:15] photo: /home/felipe/devel/github_tvdstaaij/telegram-history-dump/output/media/Garoa_Hacker_Clube_(Público)/download_803110544_83421.jpg
[2017-06-03 16:04:21] Demorou
[2017-06-03 16:04:24] Mas foi
[2017-06-03 18:26:57] Galera,,

A Ka está em fase de finalização da tese de doutorado sobre a "Educação em Hackerspaces Brasileiros".

O questionário no link abaixo foi elaborado para ser preenchido por participantes de hackerspaces.

Se vc faz parte, contribui ou apoia algum hackerspace brasileiro, peço que responda. São 19 questões, é bem rapidinho!
(sem contar que a diagramação está lindona! - valeu @gjuniioor )

Para responder, use o link https://gjuniioor.typeform.com/to/PtPr4F

Ela agradece muito, muito, muito mesmo!
@KaMenezes
RAUL HACKER CLUB/Salvador/BA
[2017-06-03 18:47:35] Preenchido, com muito carinho!
[2017-06-03 18:51:24] Muito massa.
Aonde e isso!?
[2017-06-03 19:49:32] Feito
[2017-06-03 19:49:41] Respondido
[2017-06-03 20:00:12] Se for o museu dos video-games, cuidado, o cara mete a faca com gosto.
[2017-06-03 20:00:35] não
[2017-06-03 20:01:08] é tipo um sucatao
[2017-06-03 20:01:21] Passa o end Dente
[2017-06-03 20:01:53] o atari era 80
[2017-06-03 20:02:11] Legal, tem umas lojinhas no começo da ponte Santa Efigênia, recomendo!
[2017-06-03 20:02:48] photo: /home/felipe/devel/github_tvdstaaij/telegram-history-dump/output/media/Garoa_Hacker_Clube_(Público)/download_803117986_65280.jpg
[2017-06-03 20:08:56] Valew
[2017-06-03 20:09:10] ☺️
[2017-06-03 20:09:30] Pronto
[2017-06-03 20:09:44] 😘
[2017-06-03 20:10:13] document: /home/felipe/devel/github_tvdstaaij/telegram-history-dump/output/media/Garoa_Hacker_Clube_(Público)/download_372589645583615009.webp
[2017-06-03 21:30:48] document: /home/felipe/devel/github_tvdstaaij/telegram-history-dump/output/media/Garoa_Hacker_Clube_(Público)/download_246108729936707743.webp
