[2017-10-09 00:02:21] https://twitter.com/SpaceX/status/917127765555503104
[2017-10-09 09:22:15] http://www.spacex.com/webcast
[2017-10-09 09:28:12] T-9min !
[2017-10-09 09:29:43] @fsanches tá ao vivo?
[2017-10-09 09:29:56] sim
[2017-10-09 09:30:05] no link de webcast acima
[2017-10-09 09:30:09] (no youtube)
[2017-10-09 09:51:28] https://twitter.com/SpaceX/status/917370442272215041
[2017-10-09 10:46:20] tem o canal do "Everyday Astronaut" no youtube que tá acompanhando o deploy dos 10 satelites ao vivo, e com comentarios em tempo real
[2017-10-09 10:46:41] https://www.youtube.com/watch?v=KtyyRvxzhlQ
[2017-10-09 10:47:20] canal excelente, recomendação do @fsanches
[2017-10-09 10:59:48] :-)
[2017-10-09 10:59:57] Esqueci de ver a cobertura com ele dessa vez...
[2017-10-09 11:00:11] acho que vou fazer isso depois de amanhã
[2017-10-09 11:00:41] o lançamento de hoje foi num foguete novo. O de 4a feira será num foguete reutilizado (que pousou meses atrás)
[2017-10-09 11:02:10] Aqui tem mais informações sobre a missão agendada para depois de amanhã:
 
https://www.reddit.com/r/spacex/comments/6yvn64/ses11echostar_105_launch_campaign_thread/
[2017-10-09 11:06:33] Nice!
[2017-10-09 18:19:10] Python Lab suspenso hoje - Aproveite e vá para a PythonBrasil13 em BH!
[2017-10-09 19:09:11] Alguém indo para o Garoa?
[2017-10-09 19:09:49] Invadiram o meu pc Windows e agora conseguem captar tudo o que eu digito, como posso obter provas desta invasão?
[2017-10-09 19:14:14] Rastreamento via IP, descobrir para onde está sendo enviado as informações
[2017-10-09 19:15:07] provavelmente deve usar algum proxy que dificulta encontrar quem é o responsável
[2017-10-09 19:17:59] prova dissertativa é foda, coloca multipla escolha que eu ajudo
[2017-10-09 19:18:05] E como isso seria feito sem os invasores saberem?
[2017-10-09 19:19:18] Como descobriu que estão captando o que você digita? Isto pode ser uma prova.
[2017-10-09 19:19:30] Hahahahahahahahahhaha
[2017-10-09 19:20:01] Os invasores zombam pessoalmente de mim pelo o que eu digito
[2017-10-09 19:21:26] Nossa
[2017-10-09 19:22:30] Usa outro aparelho para se conectar no modem / roteador, tiver log de atividade facilita
[2017-10-09 19:23:27] Cara tem N fatores. Analisar os logs será uma boa mesmo.
[2017-10-09 19:24:05] Se estão "constantemente" te monitorando. O jeito de não "descobrirem" seria fazer a varredura em off
[2017-10-09 19:24:21] se vc sabe quem é e a pessoa zomba de vc faça um boletim de ocorrência.
[2017-10-09 19:24:26] Sugeriram que eu utilizasse um sistema boot e transformasse o Windows em um honeypot, como eu poderia fazer isso?
[2017-10-09 19:25:28] Mas isso resultará em reais consequências para os invasores? Pois eu teria que fazer o B.O sem nenhuma prova.
[2017-10-09 19:26:03] zombar de vc é o crime
[2017-10-09 19:29:05] Em off tb pode ser feito, desconecta e veja quais endereços ips tão sendo requisitados
[2017-10-09 19:32:21] Caso eu soufresse uma invasão, acho que o cara ou a mina ficaria comovido com a minha triste vida de boletos
[2017-10-09 19:32:40] kkkkkkkkkk
[2017-10-09 19:33:55] Ou feliz, por poder alterar os boletos kkkkk
[2017-10-09 19:38:09] Usuário "vírgula" sem foto e com papo estranho removido do grupo.
[2017-10-09 19:38:35] tks
[2017-10-09 19:38:57] nossa paciência pra ladainha tem limite LOL
[2017-10-09 19:39:07] rsrsrs
[2017-10-09 19:39:28] estava falando iszo com o Alessandro
[2017-10-09 19:39:39] oi, eu sou o usuário "acento circunflexo", as paredes estão me ouvindo, mas não tenho provas.
[2017-10-09 19:39:50] rsrsrs
[2017-10-09 19:40:47] Carregar hacker no nome do clube tem seu custo meio salgado as vzs, pessoal confunde.
[2017-10-09 19:45:25] gente Garoa vai abrir hj?
[2017-10-09 19:46:24] foi de propósito. Pra poder ampliar a difusão do real significado da cultura hacker. Pra de fato disputar o significado, em vez de abrir mão e largar aos ratos.
[2017-10-09 19:49:15] Extremist User joined
[2017-10-09 19:49:16] Hi Lotnes !
[2017-10-09 19:50:28] Olá.
[2017-10-09 19:51:56] Está mais que certo, HC ainda é um conceito relativamente novo no Brasil.
[2017-10-09 20:01:41] Verdade. Muito suspeito.
[2017-10-09 20:04:26] Muito bom mesmo!
Mas é uma pena algumas pessoas não entenderem isto. Mas é questão de tempo pra isto acontecer.
[2017-10-09 20:08:14] sim. Por isso que temos o nosso FAQ
[2017-10-09 20:08:21] https://garoa.net.br/wiki/FAQ#Hackers
[2017-10-09 22:00:28] Show!
[2017-10-09 22:35:34] https://hardware.slashdot.org/story/17/10/09/2155259/alphabets-waymo-and-intel-are-launching-public-campaigns-to-build-trust-in-self-driving-cars
[2017-10-09 22:48:15] Boa noite !
[2017-10-09 22:48:34] photo: /home/felipe/devel/github_tvdstaaij/telegram-history-dump/output/media/Garoa_Hacker_Clube_(Público)/download_805509069_24124.jpg
[2017-10-09 22:48:54] Alguém sabe se essa borracha cinza é condutora ?
[2017-10-09 23:19:34] a meleca cinza colada na placa junto de alguns componentes ?
[2017-10-09 23:19:56] Não é não. Muito pelo contrário. Isso aí precisa ser isolante, senão daria curto nos circuitos.
[2017-10-09 23:21:01] Isso é usado pra aumentar a durabilidade do produto, evitando stress mecânico nos terminais dos componentes ou nos pontos onde fiação é soldada na placa.
[2017-10-09 23:21:12] é pra evitar que quebre com o movimento
[2017-10-09 23:21:31] já vi casos em que usaram cola quente
[2017-10-09 23:21:49] e já ví também "tijolão" de resina cobrindo tudo exageradamente
[2017-10-09 23:21:55] chega a ser bizarro
[2017-10-09 23:23:41] Cola quente não é condutiva.
[2017-10-09 23:24:57] Isso é cola quente ? Não parecia obrigado
[2017-10-09 23:25:22] Sim, é cola quente velha...
[2017-10-09 23:25:52] Obrigado pessoal
[2017-10-09 23:30:58] http://www.instructables.com/id/LED-Resin-Cubes/
[2017-10-09 23:46:24] Alguém já fez processo de recuperação de hd? Qual programa usaram? O caso foi um mac q estava dentro de um carro q se envolveu em um acidente imagino que deve ter perdido o setor de inicialização
[2017-10-09 23:48:51] nao
[2017-10-09 23:49:34] deve ter perdido não só isso
[2017-10-09 23:49:38] complicado...
[2017-10-09 23:49:54] eu não manjo de recuperação de HD não
[2017-10-09 23:50:33] mas ouvi dizer que em alguns lugares se usa sala-limpa pra substituir os mecanismos sem deixar entrar sujeira durante o "procedimento cirúrgico"
[2017-10-09 23:52:26] Que em tese, a agulha fica na parte de inicialização, no impacto é o que se perde, onde contem tipo de formatação e localização dos arquivos, aí tenta ler através de programas, caso não se obtenha sucesso, aí vão para o método que o Felipe disse, por tudo que já vi
[2017-10-09 23:52:41] Não sei qual o estado do HD. Mas quando tive problema com Mac o jeito foi bootar com um Linux em modo live e copiar os arquivos que eram importantes.

Não sei se é seu caso.
[2017-10-09 23:53:22] Desculpe. Não havia entendido que era dano físico.
[2017-10-09 23:53:48] Digo o mesmo.
[2017-10-09 23:55:21] Vou tentar colocar no linux, vou pegar o computador amanhã, mas um amigo teve o mesmo tipo de problema e teve que usar um programa para remapear o hd e localizar os arquivos, vou pesquisar um pouco, posto amanhã caso tenha sucesso
[2017-10-09 23:56:36] Beleza.
