[2016-08-13 00:45:37] Vai levar bolo amanhã no Garoa para comemorar esse marco na sua Vida?
[2016-08-13 02:11:32] quero
[2016-08-13 02:21:07] Cobra o @erickemi, Yumi
[2016-08-13 02:22:13] Traz bolo. Vai ter pokemon
[2016-08-13 09:22:46] Vai ter festa de aniversário hoje?
[2016-08-13 09:47:24] deveria
[2016-08-13 10:27:05] Sou a favor tbm
[2016-08-13 10:27:31] Alguém comprou na DX recentemente?
[2016-08-13 10:33:19] Eu, claro
[2016-08-13 10:35:26] Qto tempo está demorando?
[2016-08-13 10:42:56] O de sempre
[2016-08-13 10:43:14] Entre 1 e 2 meses
[2016-08-13 10:43:26] As vezes, uns 20 dias
[2016-08-13 10:43:33] Geralmente uns 40
[2016-08-13 10:43:51] últimas duas compras que eu fiz levaram menos de um mês, em torno de 20 dias
[2016-08-13 10:44:01] E ta caindo tudo na receita?
[2016-08-13 10:44:04] isso em Junho/Julho acho
[2016-08-13 10:44:05] Não
[2016-08-13 10:44:15] Mas tá caindo mais
[2016-08-13 10:44:25] os meus não passaram na alfândega
[2016-08-13 10:44:31] vieram direto
[2016-08-13 10:44:37] Uhnnn
[2016-08-13 10:44:39] agora não sei como está
[2016-08-13 10:44:55] Quantos % oda? O q vcs compraram?
[2016-08-13 10:45:02] Para chegar em 20 dias, eh prerequisitp não passar
[2016-08-13 10:45:31] eu comprei adaptadores cf—ide e sd—ide
[2016-08-13 10:45:39] Comprei uma lâmpada, mas é meio grande. Mas pelo preço compensava, mesmo se pagar imposto
[2016-08-13 10:46:04] Não tenho a estatística, mas minha sensação eh de uns 40℅ dos pacotes  taxados
[2016-08-13 10:46:21] Eh... Grande fodw
[2016-08-13 10:46:59] Geralmente taxam caixas, pacotes maiores, aí a sensação eh que taxam quase 100℅
[2016-08-13 10:47:54] agora dos eua comprei uma coisa que veio num envelope pequeno e taxaram
[2016-08-13 10:47:59] E eles taxam o preço certo do ex?
[2016-08-13 10:48:17] Preço certo da compra no DX
[2016-08-13 10:48:29] Não
[2016-08-13 10:48:35] foram 2 broches de metal, taxaram 50 reais
[2016-08-13 10:48:44] Eles taxam da cabeça deles, geralmente a mais
[2016-08-13 10:48:52] E ainda tem os 12 reais
[2016-08-13 10:49:55] da China acho que a única coisa que já taxaram foi meu kit arduino
[2016-08-13 10:50:32] dos eua e do Japão não veio sem taxar
[2016-08-13 10:51:02] ah, Reino Unido também
[2016-08-13 11:13:56] Alguém sabe como eu poderia usar processadores asic pra usar com data Mining?
[2016-08-13 12:08:11] Alguém aqui também curte speed runs de Games clássicos?
[2016-08-13 12:16:18] data mining ou mining?
[2016-08-13 12:38:32] Data mining
[2016-08-13 12:38:59] Tava pensando em tentar reduzir o processamento do meu machine learning em memória e o colocar em chips asic
[2016-08-13 12:54:04] qual algoritmo de machine learning vc ta usando? suspeito que, a menos que vc esteja usando algoritmo bem linearzinho, vc ta meio lascado
[2016-08-13 12:54:48] e se vc ta usando um algoritmo linear, vai ter mais ganho estudando outros algoritmos do que com asic
[2016-08-13 13:59:22] Melhor usar uma GPU
[2016-08-13 17:09:30] Ontem chegaram 2 Sonoffs* que eu comprei, não caiu na receita e demoraram somente 15 dias...
mas isso é raro acontecer...

*https://www.itead.cc/smart-home/sonoff-wifi-wireless-switch.html
[2016-08-13 17:18:16] pessoal alguem ai tá afim de dá uma intro ao python + dojo pra 5 pessoas no redbull basement? ou tem o material pra eu dá a oficina? data-hora seria 16/08 - 14h
[2016-08-13 17:38:25] Galera, vai rolar alguma coisa programada hoje? To querendo dar um pulo mas tá tão frio lá fora :|
[2016-08-13 17:40:44] Não tem nenhum evento no Garoa, mas estou aqui hoje...
[2016-08-13 17:47:13] Estou juntando coragem pra sair das cobertas
[2016-08-13 17:47:54] Parece interessante
[2016-08-13 17:48:08] Depois conta sua experiência
[2016-08-13 17:48:37] Bem, comprei o que queria
[2016-08-13 17:48:52] Um display pro rpi
[2016-08-13 17:52:30] agora nao posso mais beber e dirigir...
[2016-08-13 17:52:53] Nem água?
[2016-08-13 17:53:16] agua?
[2016-08-13 17:53:23] minha religiao nao permite
[2016-08-13 17:53:36] Enferruja?
[2016-08-13 17:54:02] document: /home/felipe/devel/github_tvdstaaij/telegram-history-dump/output/media/Garoa_Hacker_Clube_(Público)/download_368739082848698855.webp
[2016-08-13 17:54:49] quando eu era criança eu via comercial na tv dizendo pra não beber e dirigir e não entendia direito, daí ficava com medo quando meu pai bebia água e dirigia
[2016-08-13 17:57:13] Aproveitem seus fígados enquanto podem
[2016-08-13 17:57:37] O meu está começando a abrir o bico 🤕
[2016-08-13 18:28:34] Estou indo no Sukiya pegar alguma coisa para comer, se resolver vir é só esperar um pouco que volto já...
[2016-08-13 19:00:53] Voltei...
[2016-08-13 19:10:47] photo: /home/felipe/devel/github_tvdstaaij/telegram-history-dump/output/media/Garoa_Hacker_Clube_(Público)/download_803711791_74263.jpg
[2016-08-13 19:11:08] Uahaihauaha
[2016-08-13 19:33:46] Vide inbox
[2016-08-13 20:12:43] Não deu, mas pode ter pizza qualquer dia
[2016-08-13 20:12:48] Bolo tá caro
[2016-08-13 20:22:29] Interessante isso aí. Fiquei com vontade de fazer RE neles... Vou ver de pegar um também. Tem no DX?
[2016-08-13 20:34:47] Próximo sábado na Olido - inscrições: http://fablablivresp.art.br/cursos/curta/programacao-e-eletronica-com-arduino-garoa-hacker-club
[2016-08-13 20:34:56] photo: /home/felipe/devel/github_tvdstaaij/telegram-history-dump/output/media/Garoa_Hacker_Clube_(Público)/download_736936909623787532.webp
[2016-08-13 20:34:59] Não sei no DX, mas no Aliexpress eu sei que tem:
http://www.aliexpress.com/wholesale?SearchText=sonoff
[2016-08-13 20:35:41] 👍
[2016-08-13 20:51:07] Fabio Engenharia Social added Wrench
[2016-08-13 20:51:08] Hi Henrique !
[2016-08-13 20:56:47] Comprei a versão mais simples, que funciona com Wi-Fi, mas não com controles remotos com frequência de 433 MHz...
