[2016-07-09 13:14:12] Alguém no Garoa hj?
[2016-07-09 13:14:35] Está aberto agora...
[2016-07-09 13:15:08] Vou lá daqui a pouco, só vou comer alguma coisa antes
[2016-07-09 13:25:43] Hoje vai ter Curso de Introdução ao KiCAD, com o Marcelo. Se eu já não tivesse compromisso também iria...
[2016-07-09 13:26:21] Alguém indo para o Garoa agora é afim de almoçar la perto?

To chegando no garoa em uns 20min
[2016-07-09 13:40:43] Que horas?
[2016-07-09 13:43:47] Às 15h00... pode ver aqui os próximos eventos...
https://garoa.net.br/wiki/Eventos
ou na Página Principal:
https://garoa.net.br/wiki/Página_principal
[2016-07-09 13:51:13] Agora
[2016-07-09 13:51:20] Acabei de chegar
[2016-07-09 13:52:34] Hahahaha... o Michael estava perguntando para você, achei que estava perguntando do curso...
[2016-07-09 14:02:41] Só o @Biazzotto faz check in no garoa
[2016-07-09 14:05:16] Verdade... hahahaha...
[2016-07-09 14:05:22] Kkkk
[2016-07-09 14:10:34] photo: /home/felipe/devel/github_tvdstaaij/telegram-history-dump/output/media/Garoa_Hacker_Clube_(Público)/download_803705533_54497.jpg
[2016-07-09 14:11:04] Kkkk
[2016-07-09 14:43:38] corvolino joined
[2016-07-09 15:03:25] Tem alguém aqui que está no Garoa? Campainha quebrada
[2016-07-09 15:35:10] Algueeeem?
[2016-07-09 15:35:31] Sim
[2016-07-09 15:35:37] To abribdo
[2016-07-09 19:02:09] @AlexandreVillares já temos a versão 0.1 do "Garoa Prossesing Shield" :)
[2016-07-09 19:02:17] photo: /home/felipe/devel/github_tvdstaaij/telegram-history-dump/output/media/Garoa_Hacker_Clube_(Público)/download_803729763_17481.jpg
[2016-07-09 19:02:18] photo: /home/felipe/devel/github_tvdstaaij/telegram-history-dump/output/media/Garoa_Hacker_Clube_(Público)/download_702415129_111608.jpg
[2016-07-09 19:02:52] photo: /home/felipe/devel/github_tvdstaaij/telegram-history-dump/output/media/Garoa_Hacker_Clube_(Público)/download_803730171_17800.jpg
[2016-07-09 19:16:28] Eu faço layout e pago pela primeira leva, se quiser.
[2016-07-09 19:48:10] Legal!!
[2016-07-09 19:48:56] Eu gostaria bastante de fazer uma plaquinha mais profissional que o garoa dojo shield
[2016-07-09 19:50:31] Vou ver se crio uma pagina na wiki do garoa pra ele
[2016-07-09 20:01:02] \o/ valeu @Belimawr
[2016-07-09 20:01:47] Que demais!
[2016-07-09 20:03:04] Muito <3
[2016-07-09 20:10:22] document: /home/felipe/devel/github_tvdstaaij/telegram-history-dump/output/media/Garoa_Hacker_Clube_(Público)/download_826459275206328402.webp
[2016-07-09 20:11:00] @tiago, defina "mais profissional que o Garoa Dojo Shield"
[2016-07-09 20:51:31] esse pedaço eu também não entendi, o Garoa Dojo Shield é ultra lindo
[2016-07-09 20:53:15] Acho que o @Belimawr estava pensando em 'mais profissional como o Garoa Dojo Shield' ;)
[2016-07-09 21:02:27] Quando eu li, entendi "como o Garoa Dojo Shield", só percebi que estava "que" quando o Ramalho comentou...
