[2018-03-19 06:14:48] Ando pensando naquele
Amiga que foi responsavel pela metade dos timbres dos anos 80, amiga 1200, nao sei ai certo
[2018-03-19 06:16:57] Eu realmente queria que vcs fizessem oficinas ou encontros sobre, mostrar o console, as possibilidades, disquestes com os timbres, seria algo de ouro
[2018-03-19 06:20:21] Quando leio entrevistas de produtores de techno falando que começaram com amiga, zoom, outros samplers, adoro
[2018-03-19 06:24:51] Ja tentei pedir umas 2x pra dj ou producer trazer pra mim mas ficou caro, dai zoa
[2018-03-19 09:23:00] https://twitter.com/john_lam/status/888442492051259392
[2018-03-19 10:21:05] falando nisso, eu já te indiquei 100 vezes o livro 10print.org e você já conhecia né?
[2018-03-19 11:22:10] há algum modulo no mercado que reúna as funcionalidades do GPS e GSM ao mesmo tempo? Algo que traga as coordenadas e consiga realizar o envio
[2018-03-19 11:23:06] Ai-thinker A7
[2018-03-19 11:56:56] :-D
[2018-03-19 13:15:15] http://pt-br.lmgtfy.com/?iie=1&q=gps+gsm+arduino
[2018-03-19 14:06:03] vallew, não conhecia
[2018-03-19 16:21:24] https://www.theguardian.com/music/video/2017/nov/30/run-the-code-is-algorave-the-future-of-dance-music
[2018-03-19 16:33:45] alguem no garoa?
[2018-03-19 16:33:54] tenho a chave velha. Quero a chave nova
[2018-03-19 16:34:09] se eu for pra la agora vou conseguir abrir o portao da rua ?
[2018-03-19 16:34:34] mike tinha dito que ia deixar destrancado por algum tempo pra viabilizar que as pessoas atualizem suas chaves sem ficarem trancadas pra fora
[2018-03-19 16:38:07] Juca, acho que está trancado... o @lvido está com algumas cópias da chave, você pode combinar um jeito de pegar com ele...
[2018-03-19 16:38:31] @fsanches mandei no pvt
[2018-03-19 16:38:40] ok
[2018-03-19 16:38:45] esse truque eu ja conhecia
[2018-03-19 16:38:58] eu achei que tivessem ja instalado de vez a nova chave
[2018-03-19 16:39:04] No CMC vou levar as chaves
[2018-03-19 16:39:06] se ta assim ainda eu sei entrar
[2018-03-19 16:39:09] leval
[2018-03-19 16:39:12] legal
[2018-03-19 16:39:18] to indo pra la entao
[2018-03-19 16:39:20] tá mais
[2018-03-19 16:39:26] vou guardar minha chave velha de recordação
[2018-03-19 16:41:23] Que horas vc pretende chegar no garoa?
[2018-03-19 16:56:50] umas 19:30
[2018-03-19 17:58:28] photo: /home/felipe/devel/github_garoa/Telegram_logs_Garoa_Hacker_Clube_Publico/media/Garoa_Hacker_Clube_(Público)/download_804725258_158764.jpg
[2018-03-19 17:58:57] Galera, alguém poderia setar a temperatura de geladeira de maturação para 4oC ?
[2018-03-19 20:38:13] Juca, massa o canal
[2018-03-19 20:42:05] photo: /home/felipe/devel/github_garoa/Telegram_logs_Garoa_Hacker_Clube_Publico/media/Garoa_Hacker_Clube_(Público)/download_806009027_7835.jpg
[2018-03-19 20:54:09] Galera, tem um google calendar dos eventos do garoa?
[2018-03-19 21:06:31] Não tem, mas seria uma boa
[2018-03-19 21:07:21] Claro que tem! Chama "Próximos Eventos" na Wiki do Garoa...
[2018-03-19 21:08:03] Justo
[2018-03-19 21:08:10] Galera, tô querendo fazer um workshop do código do @garoahc_bot
Quem interessa?
[2018-03-19 21:08:28] Link do meu repositório no GitHub: https://github.com/rjmunhoz/garoa-chatbot/
[2018-03-19 21:08:44] É open source (claro) e aceita PRs
[2018-03-19 21:09:05] Tava pensando em falar qual a estrutura que usei, pq usei etc
[2018-03-19 21:10:58] @rjmunhoz ++
[2018-03-19 21:11:39] Nice
[2018-03-19 21:16:22] Viram que o Facebook permite subir sua chave publica para te mandar emails encriptados? Inclusive a de recuperação de senha...
[2018-03-19 21:22:20] Que foda!
Não tinha visto
[2018-03-19 21:23:28] photo: /home/felipe/devel/github_garoa/Telegram_logs_Garoa_Hacker_Clube_Publico/media/Garoa_Hacker_Clube_(Público)/download_804724710_160264.jpg
[2018-03-19 21:35:01] não já tinha isso de usar gpg no feisse? lembro de ter visto
[2018-03-19 21:43:23] \0/
[2018-03-19 21:44:40] Não sei... Tô vendo agora
[2018-03-19 21:44:59] Fui mudar umas paradas aqui no 2FA e vi isso
[2018-03-19 21:55:23] ahh, bele :)
[2018-03-19 21:56:16] 3D de pobre!
[2018-03-19 21:56:16] photo: /home/felipe/devel/github_garoa/Telegram_logs_Garoa_Hacker_Clube_Publico/media/Garoa_Hacker_Clube_(Público)/download_806010793_7551.jpg
[2018-03-19 21:58:57] photo: /home/felipe/devel/github_garoa/Telegram_logs_Garoa_Hacker_Clube_Publico/media/Garoa_Hacker_Clube_(Público)/download_806007430_7914.jpg
[2018-03-19 23:39:33] Pessoal, alguém ai manja de algum materal ao estilo do famoso "How to Design Programs" só que em português?
