[2017-07-28 00:26:14] To precisando de uma ajuda
[2017-07-28 09:05:52] @erickemi Feliz Aniversário
[2017-07-28 09:06:13] 🎂🎂🎂🎂
[2017-07-28 09:06:19] 🍻🍻🍻🍻🍻
[2017-07-28 09:14:16] Pode mandar a pergunta. Se alguém souber a resposta vai responder :)
[2017-07-28 09:25:15] https://github.com/xoreaxeaxeax/sandsifter
[2017-07-28 09:25:16] xoreaxeaxeax | sandsifter

The x86 processor fuzzer

Language: Python
Forks: 25
Stars: 319
Issues: 8
[2017-07-28 09:26:09] The sandsifter audits x86 processors for hidden instructions and hardware bugs, by systematically generating machine code to search through a processor's instruction set, and monitoring execution for anomalies. Sandsifter has uncovered secret processor instructions from every major vendor; ubiquitous software bugs in disassemblers, assemblers, and emulators; flaws in enterprise hypervisors; and both benign and security-critical hardware bugs in x86 chips.
[2017-07-28 09:34:05] WOW!!!!
[2017-07-28 09:34:25] Imaginei que ia te interessar haha
[2017-07-28 09:47:54] :-)
[2017-07-28 12:05:30] Quem conhece os túneis abandonados embaixo da Paulista?
[2017-07-28 12:07:14] wOw, conte-me mais.
[2017-07-28 12:11:07] dá pra acessar?
[2017-07-28 12:11:44] estou pesquisando
[2017-07-28 12:12:18] seria massa. se conseguir eu gostaria.
[2017-07-28 12:13:19] um colega engenheiro me contou a história, foram construidos há décadas, muito antes do metrô.  sempre passaram debates de como ser usados, mas nunca foram.  o metrô no fim passa por outro nível, parece.
[2017-07-28 12:13:58] me ajudem a investigar mais aí.  google tuneis paulista
[2017-07-28 12:15:54] Na minha busca por emprego, um amigo enviou isso pro grupo do whats, alguém aqui se candidataria ? 😂
[2017-07-28 12:16:11] http://g1.globo.com/Noticias/SaoPaulo/0,,MUL788138-5605,00.html
[2017-07-28 12:16:19] tinha uma ideia de a paulista ser um grande boulevar, com os carros passando por esse túnel e serem proibidos na superfície
[2017-07-28 12:16:27] photo: /home/felipe/devel/github_tvdstaaij/telegram-history-dump/output/media/Garoa_Hacker_Clube_(Público)/download_804721686_2452.jpg
[2017-07-28 12:16:32] Detalhe: 22 Galerias Publicas sendo usadas como Espaços Particulares
[2017-07-28 12:16:46] mas todas?
[2017-07-28 12:17:04] Todas o q?
[2017-07-28 12:17:50] Alguem sabe transformar uma geladeira aquelas marrom antiga em um freezer que gele a -30C ? ou somente o congelador pelomenos
[2017-07-28 12:17:56] Aquela passagem subterrânea da consolação não daria acesso ?
[2017-07-28 12:20:21] http://sao-paulo.estadao.com.br/noticias/geral,os-tuneis-quase-secretos-da-cidade-imp-,744646
[2017-07-28 12:20:51] todas as 22 usadas como particulares? To lendo aqui agora. tem algumas abandonadas
[2017-07-28 12:21:04] já to imaginando uns mezaninos pela calçada
[2017-07-28 12:21:05] De vez em quando são organizados passeios nessas galerias, passeios turisticos, historicos ou rolês de fotografia
[2017-07-28 12:21:30] tem mais detalhes de quem organiza?
[2017-07-28 12:21:58] Já fui lá várias vezes, talvez tenha alguma porta escondida, mas nunca vi.  Dá pra ir no estacionamento embaixo do conjunto nacional, me pareceu bem fundo.  Talvez tenham portas por lá.
[2017-07-28 12:24:09] Secretaria de cultura ou projetos especiais com autorizacao da prefeitura regional....teve um projeto um tempo atras chamado São Paulo Subterranea ou algo assim
[2017-07-28 12:25:01] que massa
[2017-07-28 12:25:23] tem uma foto na primeira matéria da galera descendo por um buraco
[2017-07-28 12:25:43] photo: /home/felipe/devel/github_tvdstaaij/telegram-history-dump/output/media/Garoa_Hacker_Clube_(Público)/download_803119295_102085.jpg
[2017-07-28 12:25:52] essa é do conjunto naiconal, segundo a matéria
[2017-07-28 12:29:07] Valeu Rodrigo 🎂
[2017-07-28 12:58:05] Que loucura
[2017-07-28 13:38:21] Vaga pra PHP
[2017-07-28 13:40:45] photo: /home/felipe/devel/github_tvdstaaij/telegram-history-dump/output/media/Garoa_Hacker_Clube_(Público)/download_803113794_102006.jpg
[2017-07-28 13:42:58] Haja saco essa imagem... já li umas 57x hoje
[2017-07-28 13:44:30] esses cara q fica floodando é foda
[2017-07-28 13:44:32] kkk
[2017-07-28 14:33:02] http://openjobs.com.br/vaga/programador-php-interessados-em-ser-ator-porno-15552
[2017-07-28 15:35:48] Man se é loco quem em plena conciencia faria isso
[2017-07-28 15:35:59] Que horror se vender assim
[2017-07-28 15:36:19] Programar em php credo
[2017-07-28 15:38:01] Virar literalmente garoto de programa 😂
[2017-07-28 15:55:23] Imagina: "Ohhh.... molecada do PHP. Parem o que vocês estão fazendo. quero ver os dois indo agora pro estúdio. A Bruninha faltou e nós estamos precisando gravar."
[2017-07-28 15:55:51] Mandaram essa imagem hoje em tudo quando foi canto, até grupo que não tinha nada com programação. Mandaram no grupo da minha família, poxa
[2017-07-28 15:56:26] E alguém se candidatou a vaga ?
[2017-07-28 15:56:39] É um novo nicho de marcado kkk
[2017-07-28 15:56:52] Tá todo mundo dando risada só. Acho que ninguém sério iria querer trabalhar nisso
[2017-07-28 15:57:15] @vmesel , Muda o PyFreelas para atender essa demanda kkkk
[2017-07-28 15:57:41] Mas duvido que eles precisem de alguém que saiba MUITO sobre PHP. É pra programar páginas deles acredito, nada de e-commerce ou essas merda
[2017-07-28 15:58:02] Se mandasse isso no grupo da minha família meus tiu tava tudo ligando pra caelum
[2017-07-28 16:41:28] Literalmente pra se foder Programando...
[2017-07-28 16:43:17] Antonio Henrique PC joined
[2017-07-28 16:43:17] Hi Antonio Henrique !
[2017-07-28 16:44:25] E trabalhar pra porra!
[2017-07-28 17:05:45] LOL
[2017-07-28 17:09:40] tentaram Cobol, mas não conseguiram fazer muitas cenas... Rsrsrsrs
[2017-07-28 17:30:33] Literalmente
[2017-07-28 17:31:06] Se partindo da idade dos atores.....
[2017-07-28 17:31:45] Atores/programAtores
[2017-07-28 17:31:51] Trabalhar duro... Não pode fazer corpo mole
[2017-07-28 17:32:08] Nem dar pra trás
[2017-07-28 17:35:01] É um anuncio com intuito de viral mesmo, tipo clickbait, igual quando a brasileirinhas anuncia vaga de estagio
[2017-07-28 17:37:51] Brasileirinhas tem convênio de estágio com a UFABC
[2017-07-28 17:54:20] É fácil de entender os motivos... muito mais fácil encontrar atores pornô no mundo da prostituição...
[2017-07-28 18:49:53] E aí galera, alguém já testou o AiThinker A7?
[2017-07-28 19:22:00] photo: /home/felipe/devel/github_tvdstaaij/telegram-history-dump/output/media/Garoa_Hacker_Clube_(Público)/download_803735958_152681.jpg
[2017-07-28 19:40:49] tem que viver em alguns mundos paralelos pra entender isso ai aehau
[2017-07-28 19:41:09] é o bolt
[2017-07-28 19:41:30] Rsrsrsrs
[2017-07-28 19:41:58] eu sei
[2017-07-28 19:42:09] Rsrsrsrs
[2017-07-28 19:42:13] da hora
[2017-07-28 19:42:15] Rsrsrsrs
[2017-07-28 20:23:49] que acham de a gente fazer algo com dados abertos, transparencia no garoa
[2017-07-28 20:24:37] fizemos algumas vezes e foi legal
[2017-07-28 20:26:38] Algo ? Pode me dar algum exemplo?
[2017-07-28 21:10:38] Ninguém veio no nos robôs hoje, alguém mais quer fazer alguma atividade adicional na sexta?
[2017-07-28 21:11:50] Tipo um dia de arrumar o espaço,  fazer e comer pizza, cerveja e dados abertos?
[2017-07-28 23:25:11] Topo 👍🏾
[2017-07-28 23:30:39] Topo :)
