[2017-02-02 00:05:06] Saudades Busão Hacker!
[2017-02-02 00:05:34] Festival Cultura digital.Br no Rio
[2017-02-02 00:51:02] Se nós não defendermos o significado correto da palavra hacker, ninguém vai fazer por nós
[2017-02-02 00:51:46] Erik palestrando na CPBR 👏
[2017-02-02 00:51:48] document: /home/felipe/devel/github_tvdstaaij/telegram-history-dump/output/media/Garoa_Hacker_Clube_(Público)/download_4943022305564426248.jpeg
[2017-02-02 00:51:51] document: /home/felipe/devel/github_tvdstaaij/telegram-history-dump/output/media/Garoa_Hacker_Clube_(Público)/download_4943022305564426249.jpeg
[2017-02-02 00:51:55] document: /home/felipe/devel/github_tvdstaaij/telegram-history-dump/output/media/Garoa_Hacker_Clube_(Público)/download_4943022305564426252
[2017-02-02 00:52:37] CARALHO
[2017-02-02 00:52:53] Proud @erickemi
[2017-02-02 00:53:24] document: /home/felipe/devel/github_tvdstaaij/telegram-history-dump/output/media/Garoa_Hacker_Clube_(Público)/download_71790434187216357.webp
[2017-02-02 00:56:22] Exatamente! Eu tenho o mesmo posicionamento que o Anchises e me lembro que quando nós fundamos o Garoa uns quase 6 anos atrás a decisão de usar o nome Hacker foi proposital e sabendo dessa treta. A gente topou comprar a treta! Pra tentar desfazer esses preconceitos que a sociedade criou em cima de um estereótipo de hacker=criminoso. Nossa concepção de Ética Hacker é herança dos hackers do Tech Model Railroad Club no MIT. Aliás... voltei a ler o livro do Steven Levy outro dia e fiquei com uma idéia na cabeça de que a gente devia ter um "kit de inscrição" para novos associados (com uma taxa de inscrição, além da primeira mensalidade). E nesse kit viria uma cópia do Hackers: Heroes of the Computer Revolution (Steven Levy - 1983).
[2017-02-02 00:59:32] Quando eu visse essa tonelada de gente, minha boca nem abria heueheu
[2017-02-02 01:01:06] photo: /home/felipe/devel/github_tvdstaaij/telegram-history-dump/output/media/Garoa_Hacker_Clube_(Público)/download_803115564_994.jpg
[2017-02-02 01:05:09] O Erik arrasou!!!!!
[2017-02-02 01:05:09] pro Erick ser atração de lotar, a CPBR deve estar muito chata 😂😂😂
[2017-02-02 01:05:18] Parabéns, mocinho!!!
[2017-02-02 01:05:41] Corolho heueheue
[2017-02-02 01:10:31] @fsanches num mundo perfeito eu concordo. Mais infelizmente a palavra Hacker e muita "pesada" vem com muito "bagagem". Tipo na prefeitura ninguem ouvi falar do MIT ou Steven Levy, maioridade sao gente muito basicas como esse cara querendo hackear o perfil de alguem... Voces optam para usar palavra hacker OK, cara chegou aqui pedindo ajuda de nos "criminosos" para hackear facebook ou alguma coisa e ninguem explicou que e hacker, so foi banido. entao como estamos em relacao desfazer o stereotipo? Ele sabe mais agora ou nao?
[2017-02-02 01:13:21] pois é.... ótima reflexão! Talvez a gente deveria ter algum protocolo melhor para banimento-educacional então... vamos pensar...
[2017-02-02 01:13:57] alguém aqui tem alguma idéia de como melhorar isso?
[2017-02-02 01:13:59] pelo menos mandar um link para um FAQ, sabe
[2017-02-02 01:14:03] pois é
[2017-02-02 01:14:09] e o Garoa tem um FAQ
[2017-02-02 01:14:13] puxa...
[2017-02-02 01:14:15] que vacilo
[2017-02-02 01:14:29] podemos talvez adicionar o FAQ à mensagem fixa do grupo ?
[2017-02-02 01:14:32] eu eu acho que eu ja vi exatamente isso
[2017-02-02 01:14:52] mas os script-kiddies certamente não vão ler FAQ
[2017-02-02 01:14:54] Pesado
[2017-02-02 01:14:57] Uahuahaau
[2017-02-02 01:15:29] https://garoa.net.br/wiki/FAQ#Hackers
[2017-02-02 01:16:20] beleza! vou adicionar ao meu protocolo-pé-na-bunda mencionar esse FAQ antes de chutar 😊
[2017-02-02 01:25:37] Oloco
[2017-02-02 01:25:41] Pegou pesado
[2017-02-02 01:25:55] Abriu com muita dor viu
[2017-02-02 03:54:56] Lord Sith Kiki em ação!
[2017-02-02 03:55:02] document: /home/felipe/devel/github_tvdstaaij/telegram-history-dump/output/media/Garoa_Hacker_Clube_(Público)/download_803112339_1164.jpg
[2017-02-02 07:12:25] Não dá pra colocar nesse "i" do grupo? Hj tá só "Be excellent to each other". Porque de vez em quando alguém usa a pinagem do grupo.
[2017-02-02 07:16:42] E o Jack podia mandar ler o Faq tbm
[2017-02-02 07:28:10] Bom dia
[2017-02-02 07:28:16] Alguém vai hj ao garoa ?
[2017-02-02 07:40:02] Pensei, mas não falei... Hehehe
[2017-02-02 07:41:36] Bom dia @Alceluiz 
Só consegui responder agora, sim este sábado vai ter e começa as 17hs
[2017-02-02 07:43:52] [2]
[2017-02-02 07:49:19] O/
[2017-02-02 07:52:00] Eu, uma vez, comentei sobre um "hardening" no "processo seletivo", para evitar algumas "tretas futuras" afastando gente como o "Coruja de TI", por exemplo, e como, com umas poucas ações, deixar o Garoa mais auto sustentável financeiramente...
A resposta que tive, de um associado, era para parar de fazer essas sugestões pois estava deixando o Garoa chato.
[2017-02-02 08:50:56] Ragnar Lothbrock joined
[2017-02-02 08:50:56] Hi Ragnar !
[2017-02-02 08:51:01] Hey
[2017-02-02 08:51:41] Hauahauauahaua
[2017-02-02 08:51:59] ?😅
[2017-02-02 08:52:53] Nickname estiloso
[2017-02-02 08:53:28] Hahahahah
[2017-02-02 09:00:52] Largando o posto aqui do Dumont ...temos um note e mochila.. q vai ficar  no espaço sem monitoramento..
[2017-02-02 09:01:43] photo: /home/felipe/devel/github_tvdstaaij/telegram-history-dump/output/media/Garoa_Hacker_Clube_(Público)/download_104205188025286932.webp
[2017-02-02 09:23:58] Parabéns Erick!!! 🔝🔝🔝🔝
[2017-02-02 10:03:30] Que família grande hein, @erickemi
[2017-02-02 10:29:19] Alguém indo de automóvel pra CP hoje na hora do almoço?
[2017-02-02 10:29:19] Queria levar um monitor pra usar na minha atividade
[2017-02-02 10:29:19] (trambolho no metrô)
[2017-02-02 10:40:50] eu vou amanha na CP
[2017-02-02 11:05:53] Acho que pode ser o momento de se retomar iniciativas desse tipo Eu acho super-válido educar os recém chegados (assim como filtrar mais cedo gente ruim)
[2017-02-02 11:10:58] 👏🏻👏🏻👏🏻
[2017-02-02 12:43:14] Boa tarde pessoal
[2017-02-02 12:43:21] Alguém me tira uma dúvida
[2017-02-02 12:43:40] A campus tem parte de acesso grátis?
[2017-02-02 12:50:51] Tem
[2017-02-02 12:52:39] 👍
[2017-02-02 12:52:43] Obrigado
[2017-02-02 12:53:39] https://www.youtube.com/watch?v=IvUU8joBb1Q
[2017-02-02 12:54:09] Hahhahahhahaha
[2017-02-02 12:56:29] :(
Eu acho q tem q questionar sim, tem q dar sugestões sim. 
Tem gente q acha que tem que flexibilizar a associação, tem gente que acha que tem que ser mais seletivo; o importante é discutir sempre e acharmos um meio termo bom p todos!
[2017-02-02 12:57:48] Defina hora do almoço ;) eu ainda to em casa, da tempo de te dar carona?
[2017-02-02 13:02:24] alguem do garoa tem placas de Raspbery para vender?
[2017-02-02 13:02:32] pode ser uma raspberry zero
[2017-02-02 13:02:56] Opa, tou chegando na estação Tietê já
[2017-02-02 13:02:57] Obrigado! Tou a caminho já.
[2017-02-02 13:08:51] http://campuse.ro/events/campus-party-brasil-2017/talk/the-dark-side-of-gaming/
[2017-02-02 14:00:10] https://www.youtube.com/watch?v=giS41utjlbU
[2017-02-02 14:10:07] http://www.theverge.com/circuitbreaker/2017/2/1/14468126/boston-dynamics-new-wheeled-robot-handle
[2017-02-02 14:58:57] Alguém conhece o hackerspace dumont
[2017-02-02 14:58:58] ?
[2017-02-02 14:59:35] Somos nozes
[2017-02-02 15:00:00] TDS os hackerspace, makerspace do Brasil
[2017-02-02 15:00:30] Dumont Hackerspace é o famoso robô gigante... de hackerspaces.
[2017-02-02 15:00:59] Ouvi uma palestra criticando que só se reúnem pra eventos
[2017-02-02 15:02:07] Mas saber aq.
[2017-02-02 15:02:14] Quem tá na campus?
[2017-02-02 15:04:49] A crítica não tem embasamento pelo seguinte: o Dummont é, por definição, a união de todos os hackerspaces brasileiros e, de propósito só acontece em eventos.
[2017-02-02 15:06:05] Na verdade... é ao contrário: nos eventos, pessoas de hackerspaces sentiram falta de espaços mão-na-massa estilo hackerspaces e, quando começaram a ponderar sobre ter a presença de hackerspaces locais nos eventos, a solução encontrada foi de dar um nome novo "Dummont" em vez de usar o nome dos hackerspaces locais.
[2017-02-02 15:08:20] Então não é verdade que o dummont "só se reune para eventos". O mais correto é entender que o "dummont" em cada cidade tem um nome diferente: em SP é Garoa, em Porto Alegre é MateHackers, em Brasilia é Calango, etc...
[2017-02-02 15:08:24] é um catamento de todos os hackerspaces que estiverem por aí tudo junto
[2017-02-02 15:08:42] +1
[2017-02-02 15:10:15] Massa. Obrigada por me ajudar entender. :D
[2017-02-02 15:11:00] manda o nome do palestrante, estou sem o que fazer nessa sexta...
[2017-02-02 15:15:51] Kkkkk
[2017-02-02 15:18:35] Em qual palestra você ouviu isso? Acho que vale a pena a gente esclarecer para o palestrante também, pq se ele disse isso provavelmente não entendeu o conceito
[2017-02-02 15:19:04] Pode deixar que a gente deixa o Oda amordaçado
[2017-02-02 15:19:39] Catamento é mais ou menos uma definição quase perfeita... hahahaha
[2017-02-02 15:19:54] document: /home/felipe/devel/github_tvdstaaij/telegram-history-dump/output/media/Garoa_Hacker_Clube_(Público)/download_40214259828785942.webp
[2017-02-02 15:20:14] Contenção de boatos/idéias/opiniões falsas ou mal embasadas é uma necessidade, embora cansativa.
[2017-02-02 15:20:18] (essa foi para o fabio)
[2017-02-02 15:20:23] ❤️
[2017-02-02 15:20:29] (essa foi para o Oda)
[2017-02-02 15:21:01] document: /home/felipe/devel/github_tvdstaaij/telegram-history-dump/output/media/Garoa_Hacker_Clube_(Público)/download_240639613071261720.webp
[2017-02-02 15:23:02] A propósito, @Juh_felix , se você estiver na #cpbr10 , dê uma passada na mesa do Dumont, pra conhecer pessoal dos hackerspaces Brasil afora
[2017-02-02 15:23:20] Estamos perto do Homem de Ferro
[2017-02-02 15:23:35] (Estamos = Dumont, eu ainda não chegeuei nessa paçoca)
[2017-02-02 15:25:41] Falando serio, esclarecer eh legal, mas eh o publico que precisa de esclarecimento. O cara nao merece esse respeito, subiu num palco e falou asneira com ar de autoridade sem ter feito uma busca nem no bing
[2017-02-02 15:27:29] Eu entendo seu posicionamento, mas minha veia professoral quer pegar esse fulano e ensinar pra ele. Minha veia sádica quer fazê-lo pra ver a cara de cachorro que cagou no lugar errado do fulano.
[2017-02-02 15:28:02] nao da para ensinar algo para um sujeito cuja a pagina inicial do navegador eh AOL
[2017-02-02 15:29:36] eh importante ao menos tentar esclarecer, pra evitar que a mensagem imprecisa continue sendo propagada em mais e mais palestras
[2017-02-02 15:29:51] se a pessoa vai entender ou nao e outra historia. Mas eh importante tentar explicar
[2017-02-02 15:30:07] uma opcao eh todo mundo aqui que for palestrar gastar uns 2 min falando do dumont
[2017-02-02 15:30:22] isso tambem eh, complementarmente, bom.
[2017-02-02 15:30:37] Acho que isso é quase mandatório
[2017-02-02 15:30:54] e se sobrar tempo, sugerir que apenas pessoas so palestrem sobre o que conhecerem
[2017-02-02 15:31:27] É pedir demais
[2017-02-02 15:31:31] kkkk
[2017-02-02 15:31:40] N pessoas esclarecendo contra 1 pessoa confundindo parece bom. Melhor ainda se puder ser N+1 pessoas esclarecendo. Ou pelomenos N pessoas esclarecendo e zero confundindo.
[2017-02-02 15:31:57] ai todo mundo vai embora e acaba a CP
[2017-02-02 15:32:58] aí a gente faz um Garoa Party. Que seria um monte de gente fazendo um monte de coisa e comendo esfiha e dando risada ao redor de computadores e outras nerdices durante uma semana inteira.
[2017-02-02 15:33:17] eita! mas isso EH o garoa... soh que no garoa eh o ano inteiro e tem cerveja
[2017-02-02 15:33:28] e menos gente infantil/mediocre
[2017-02-02 15:34:19] (PRONTO-FALEI !)
[2017-02-02 15:34:57] ou como os millenials dizem hoje em dia... #prontofalei :-P
[2017-02-02 15:36:07] hey, alguem se esqueceu de chamar o trump de facista hoje?
[2017-02-02 15:36:25] https://twitter.com/NatSecGeek/status/827018853150502912
[2017-02-02 15:36:37] ta ai uma oportunidade ;)
[2017-02-02 15:37:03] document: /home/felipe/devel/github_tvdstaaij/telegram-history-dump/output/media/Garoa_Hacker_Clube_(Público)/download_803110199_11554.jpg
[2017-02-02 15:45:33] Amores e amoras que estão na #cpbr10 , estarei estando indo para aí logo mais. Precisam de alguma coisa que possa ser adquirida em supermercados?
[2017-02-02 15:46:28] se precisarem vc estara levando?
[2017-02-02 15:47:49] É uma pesquisa que ele está fazendo sobre a necessidade de pessoas que estão confinadas em um local de um evento sem um supermercado próximo... 😂
[2017-02-02 15:48:44] ah bom! Achei que se precisassem ele estaria levando... grato pelo esclarecimento.
[2017-02-02 15:48:57] Hahahaha...
[2017-02-02 15:49:58] Fábio, traga 1 litro de leite. Se tiver ovos, traga meia dúzia.
[2017-02-02 15:50:43] Sou intolerante à lactose
[2017-02-02 15:52:09] Mas você queria saber o que *as pessoas* precisam. E não o que *você* precisa...
[2017-02-02 15:52:33] the needs of many outweigh the needs of one
[2017-02-02 15:52:46] Não, mas eu sou intolerante, não quer leites andando por aí nem no meu carro. Vai que meu filho vê um leite por aí e decide virar um.
[2017-02-02 15:52:58] lactofobia
[2017-02-02 15:53:08] Essa piada é igual àquela do PeterPan: doesn't get old!
[2017-02-02 15:53:33] Intolerância não será tolerada nesse grupo!
[2017-02-02 15:54:38] photo: /home/felipe/devel/github_tvdstaaij/telegram-history-dump/output/media/Garoa_Hacker_Clube_(Público)/download_328774854541050090.webp
[2017-02-02 15:54:47] Somos intolerantes à intolerantes?
[2017-02-02 15:55:18] Sou intolerante a quem não usa à crase corretamente.
[2017-02-02 15:55:29] Nunca aprendi a usar essa bagaça
[2017-02-02 15:55:51] sempre dá tempo de ainda aprender 😊
[2017-02-02 15:55:54] wtf
[2017-02-02 15:56:11] crase eh uma das poucas coisas que faz sentido em pt-br
[2017-02-02 15:56:39] fiquei tão triste quando aboliram a trema...
[2017-02-02 15:58:19] trankilo, pensei na sekencia: quem precisa de trema?
[2017-02-02 15:58:43] document: /home/felipe/devel/github_tvdstaaij/telegram-history-dump/output/media/Garoa_Hacker_Clube_(Público)/download_328774854541050098.webp
[2017-02-02 15:59:10] quase nao uso acentos, mas reconheco a utilidade da maior parte deles
[2017-02-02 15:59:22] document: /home/felipe/devel/github_tvdstaaij/telegram-history-dump/output/media/Garoa_Hacker_Clube_(Público)/download_803738906_17952.jpg
[2017-02-02 15:59:29] é aquelas de respeito mas não pratico
[2017-02-02 15:59:36] tipo veganismo
[2017-02-02 15:59:46] vegan-friendly...
[2017-02-02 15:59:46] isso
[2017-02-02 15:59:51] nao exagera, erin
[2017-02-02 15:59:52] kkkk
[2017-02-02 16:00:41] alias...
[2017-02-02 16:00:48] https://www.youtube.com/watch?v=DS1icEssOUM
[2017-02-02 16:00:59] vejamos...
[2017-02-02 16:05:14] Coloquei lá, obrigado pela sugestão, Henrique.
[2017-02-02 17:04:03] Carine Roos no Link Estadão: http://link.estadao.com.br/blogs/faca-voce-mesma/cities-for-everyone-diversidade-gerando-inovacao-no-urbanismo/
[2017-02-02 17:04:17] Carine Roos no Red Bull Station: http://www.redbullstation.com.br/eventos/cities-for-everyone-diversidade-gerando-inovacao-no-urbanismo/
[2017-02-02 17:04:32] Carine Roos no Jornal da TV Cultura de hoje: https://youtu.be/WR5EHLJ2PDY?t=1m28s
[2017-02-02 17:07:03] photo: /home/felipe/devel/github_tvdstaaij/telegram-history-dump/output/media/Garoa_Hacker_Clube_(Público)/download_803115770_1228.jpg
[2017-02-02 17:15:23] \o/
[2017-02-02 17:15:49] Algo proveitoso aí na CPBR?
[2017-02-02 17:18:17] photo: /home/felipe/devel/github_tvdstaaij/telegram-history-dump/output/media/Garoa_Hacker_Clube_(Público)/download_803735887_50221.jpg
[2017-02-02 17:18:28] Yabadabaduca joined
[2017-02-02 17:18:29] Hi Yabadabaduca !
[2017-02-02 17:19:36] /o\
[2017-02-02 17:20:44] Cmderos joined
[2017-02-02 17:20:45] Hi Cmderos !
[2017-02-02 18:40:43] Traduzindo o q o Juca disse: o Dumont é um "hackerspace virtual", q é montado em grandes eventos da área de ti, para que todos os participantes ou interessados em hackerspace tenham um ponto de encontro dentro do evento
[2017-02-02 18:41:30] O Dumont não existe, não tem associados, não tem sede, não tem projetos.
[2017-02-02 18:46:34] Eu to a caminho. Se precisarem de algo de fora, deem um berro
[2017-02-02 18:48:50] photo: /home/felipe/devel/github_tvdstaaij/telegram-history-dump/output/media/Garoa_Hacker_Clube_(Público)/download_803110873_19683.jpg
[2017-02-02 18:48:55] Wtf!?
[2017-02-02 19:07:13] 😭
[2017-02-02 19:18:39] não entendi
[2017-02-02 19:22:57] Olha imagem… Você disse que vai colocar um link de uma reportagem sobre a Karine, mas a legenda é do AVC da Marisa
[2017-02-02 19:28:19] A descrição é sobre o falecimento da Marisa.
[2017-02-02 19:28:31] Mas deve ser o programa inteiro né
[2017-02-02 19:28:51] ah, sim
[2017-02-02 19:28:55] verdade
[2017-02-02 19:29:00] ficou estranho
[2017-02-02 19:29:33] "é aquelas de respeito mas não pratico"
não faça esta comparação. tem muita diferença entre as consequências dessas duas ações.
[2017-02-02 19:29:47] mas o link do vídeo é, de fato, o link correto. É que é o vídeo do programa inteiro e essa foi a notícia do dia. Mas após 1 minuto e 28 segundos já se vê o conteúdo ao qual eu me refiro
[2017-02-02 19:55:19] photo: /home/felipe/devel/github_tvdstaaij/telegram-history-dump/output/media/Garoa_Hacker_Clube_(Público)/download_803114058_1297.jpg
[2017-02-02 19:55:50] Oficina do @villares no espaço FAB Lab dá prefeitura na #cpbr10
[2017-02-02 20:14:41] document: /home/felipe/devel/github_tvdstaaij/telegram-history-dump/output/media/Garoa_Hacker_Clube_(Público)/download_106530826916724829.webp
[2017-02-02 20:36:23] alguem no garoa hoje a noite?
[2017-02-02 21:17:40] 😂
[2017-02-02 22:23:30] não deu uma semana e meu button do Garoa tá enferrujando nas pontas
[2017-02-02 22:23:30] maldita chuva
[2017-02-02 22:29:12] N curte chuva mas frequenta o garoa?

Zoas
[2017-02-02 22:31:04] 🙄
[2017-02-02 22:32:57] Juca está na CPBR?
[2017-02-02 22:33:37] inda não
[2017-02-02 22:33:46] amanhã de tarde
[2017-02-02 22:33:58] e tu?
[2017-02-02 22:34:00] =)
[2017-02-02 22:34:07] onde tatu?
[2017-02-02 22:34:18] esse ano não vou... :( estou estudando
[2017-02-02 22:34:19] como é que tatu?
[2017-02-02 22:41:40] fodida e mal paga
[2017-02-02 22:42:40] Opa
[2017-02-02 22:42:42] Todos nós
[2017-02-02 22:45:12] compensa ir na CampusParty??
[2017-02-02 23:30:02] Galera vou só amanhã a tarde também.
Para quem
Não lembra eu comecei a frenquentar o Garoa nos encontros do Quebrando o Cerco...
[2017-02-02 23:31:22] Se alguém precisar de algo quando eu estiver indo aviso...
[2017-02-02 23:31:57] photo: /home/felipe/devel/github_tvdstaaij/telegram-history-dump/output/media/Garoa_Hacker_Clube_(Público)/download_803117610_1384.jpg
[2017-02-02 23:32:25] @anchisesbr falando sobre a corrida espacial pela ótica dos russos
[2017-02-02 23:32:50] Bacana!!!!
[2017-02-02 23:41:18] tem online?
[2017-02-02 23:41:34] 👏👏👏👏👏👏👏👏👏👏
[2017-02-02 23:49:59] Parece que não...
[2017-02-02 23:50:01] :(
