[2017-05-19 00:08:08] document: /home/felipe/devel/github_tvdstaaij/telegram-history-dump/output/media/Garoa_Hacker_Clube_(Público)/download_858174108288942870.webp
[2017-05-19 00:22:03] Alguém tem aí os stickers dos pinguins de Madagascar?
[2017-05-19 00:35:39] Boa noite
[2017-05-19 00:51:59] olá!
[2017-05-19 01:13:35] document: /home/felipe/devel/github_tvdstaaij/telegram-history-dump/output/media/Garoa_Hacker_Clube_(Público)/download_135158025190114360.webp
[2017-05-19 09:20:14] document: /home/felipe/devel/github_tvdstaaij/telegram-history-dump/output/media/Garoa_Hacker_Clube_(Público)/download_309446659895460286.webp
[2017-05-19 09:58:16] document: /home/felipe/devel/github_tvdstaaij/telegram-history-dump/output/media/Garoa_Hacker_Clube_(Público)/download_450714684086026720.webp
[2017-05-19 10:10:08] +1 pra esse artigo, denota amadurecimento da profissão
[2017-05-19 10:32:20] Valeu
[2017-05-19 11:20:28] existe ainda alguma forma de ir na bsides domingo?
[2017-05-19 11:20:58] site sold out...
[2017-05-19 12:12:01] Galera, tudo certo com vocês?

Eu gravei um vídeo explicando um pouco sobre a história do Machine Learning e Deep Learning!
Para quem quiser assistir, aqui está o link: https://youtu.be/b7Td2ublKME
[2017-05-19 12:52:31] http://thehackernews.com/2017/05/wannacry-ransomware-decryption-tool.html
[2017-05-19 13:27:34] Perfeito obrigado
[2017-05-19 18:02:19] Mike estou indo para o garoa, se precisar de ajuda me fala.
[2017-05-19 18:13:05] hummm tem bsides
[2017-05-19 18:13:51] Queria levar alguém do fundacao, será que arrumo uma entrada ?
[2017-05-19 18:53:50] Oi galera! Alguém poderia me hospedar até o Domingo?
[2017-05-19 18:57:13] Ainda sem espaço na casa nova. Se precisar de lugar barato e bom tem o Garoa Hostel. Councidentemente fica perto do garoa
[2017-05-19 19:43:06] Me manda um email
[2017-05-19 19:58:12] Sobre Hinode e Nippnflex, melhor do que mineira bitcoin hj em dia!
Demais trolar não levarei em conta, pq quando eu olho minha carteira eu... Choro
[2017-05-19 20:21:41] @oda :
[2017-05-19 20:21:51] photo: /home/felipe/devel/github_tvdstaaij/telegram-history-dump/output/media/Garoa_Hacker_Clube_(Público)/download_804740915_24274.jpg
[2017-05-19 20:25:53] R$16,65... deve ser o que, uma resistência de chuveiro soldada numa tomada
[2017-05-19 20:25:54] :p
[2017-05-19 20:26:09] não pera isso é parcela
[2017-05-19 20:26:26] caralho isso é muito caro por uma resistência de chuveiro
[2017-05-19 20:26:32] prefiro fazer na panela mesmo
[2017-05-19 20:26:53] Kw/H kkkk sempre erram isso.
kW.h
[2017-05-19 20:43:09] mas tem o "desiguiner"!
[2017-05-19 20:48:43] Imprime uma capinha para a panela na impressora 3D 😂
[2017-05-19 20:57:21] +1
[2017-05-19 21:32:05] Essa gente da Estônia é foda!
[2017-05-19 21:32:09] Olha que legal:
[2017-05-19 21:33:37] photo: /home/felipe/devel/github_tvdstaaij/telegram-history-dump/output/media/Garoa_Hacker_Clube_(Público)/download_803120706_55789.jpg
[2017-05-19 21:34:04] http://thonny.org uma IDE de Python para iniciantes
[2017-05-19 21:34:46] Tenho uma
[2017-05-19 21:35:00] Não tem só a resistência
[2017-05-19 21:35:19] Parece mais um secador de cabelo
[2017-05-19 21:39:48] https://m.youtube.com/watch?v=6dGrdlBa_6g -- faz com latão tipo as de Faxe
[2017-05-19 22:05:32] https://github.com/gentilkiwi/wanakiwi
[2017-05-19 22:05:34] gentilkiwi | wanakiwi

Automated wanadecrypt with key recovery if lucky

Language: C
Forks: 56
Stars: 182
Issues: 2
[2017-05-19 22:07:00] achei fodastico
[2017-05-19 22:27:34] document: /home/felipe/devel/github_tvdstaaij/telegram-history-dump/output/media/Garoa_Hacker_Clube_(Público)/download_803734937_104712.jpg
