[2016-10-07 00:53:39] https://www.quora.com/What-companies-are-using-Node-js-in-production
[2016-10-07 01:07:48] photo: /home/felipe/devel/github_tvdstaaij/telegram-history-dump/output/media/Garoa_Hacker_Clube_(Público)/download_803729993_70854.jpg
[2016-10-07 09:28:15] :)
[2016-10-07 09:29:00] :D
[2016-10-07 11:05:59] Renne Rocha joined
[2016-10-07 11:06:00] Hi Renne !
[2016-10-07 11:07:08] Olá, Renne!
[2016-10-07 11:07:26] Ola, bom dia!
[2016-10-07 11:08:52] Good dia!
[2016-10-07 11:16:17] photo: /home/felipe/devel/github_tvdstaaij/telegram-history-dump/output/media/Garoa_Hacker_Clube_(Público)/download_803729978_72048.jpg
[2016-10-07 11:17:41] Opá demorou rs...
[2016-10-07 11:30:25] https://archive.org/details/SaintIgnuciusBlessing3dPrinter
[2016-10-07 11:54:00] Quarta que vem é 12 de Outubro, quem vai fazer algo no HacKids no Garoa?
[2016-10-07 11:55:12] Eu
[2016-10-07 11:56:14] photo: /home/felipe/devel/github_tvdstaaij/telegram-history-dump/output/media/Garoa_Hacker_Clube_(Público)/download_135158025190114360.webp
[2016-10-07 11:56:24] Oficina de solda
[2016-10-07 12:00:19] Legal!
[2016-10-07 12:01:07] document
[2016-10-07 12:02:26] Obama vai trazer cerveja pra garotada
[2016-10-07 12:03:41] Acho que vou fazer oficina "como usar email, ferramenta antiga mais ainda é padrão"
[2016-10-07 12:14:52] E-mail já era
[2016-10-07 12:15:42] Qdo cair o telegram o pessoal vai ter que voltar pro sinal de fumaça
[2016-10-07 12:28:44] estamos voltando para os problemas de antes de 1990, quando "email" era algo proprietario de varias empresas que não se comunicavam entre si, como delphi, compuserve, etc - http://www.internethistorypodcast.com/2014/04/chapter-3-part-1-compuserve-prodigy-aol-and-the-early-online-services/
[2016-10-07 12:47:48] Pensei que esse vídeo não era para ser espalhado :P
[2016-10-07 13:16:56] na época
[2016-10-07 13:17:33] Naquela época poderia ser visto como promoção da empresa/marca. Hoje em dia virou mero registro histórico
[2016-10-07 13:58:37] o q q é?
[2016-10-07 14:01:07] Um dos kits que teremos para montagem.
[2016-10-07 14:02:16] Basicamente tem um 555 para gerar pulsos (com tempos crescentes) e um contador/decodificador 4017 para acionar sequencialmente os LEDs
[2016-10-07 14:02:23] https://garoa.net.br/wiki/Oficina_de_Solda_Hackids
[2016-10-07 14:15:50] 👏👏👏
[2016-10-07 14:18:56] Tem como colocar água nesse feijão para termos para a e-hal? Eu banco os componentes e placas extras.
[2016-10-07 14:26:04] Primeiro tem que convencer as pessoas de que e-mail tem utilidade, é fácil de usar, tem versatilidade, é padrão, etc. Usar não é difícil (como usar), o difícil é alguém se convencer de abrir uma aba que não seja o Facebook pra ver o que chegou (porquê usar). A menos que você esteja querendo ensinar como usar com criptografia, mas nisso não tenho como opinar, pois nunca ninguém me convenceu.
[2016-10-07 14:28:02] @aylons este kit aí é chinês. Mas não parece ser difícil projetar uma placa semelhante.
[2016-10-07 14:28:02] Oloko!!
[2016-10-07 14:29:00] ainda uso email para me comunicar com meus clientes e fornecedores. Eles me enviam respostas pelo mesmo sistema. Nunca tive problemas com isso!!!
[2016-10-07 14:29:34] Inclusive eu me sinto ate mais retro quando começo a paquerar uma amiga minha por email!! RSRS
[2016-10-07 14:30:30] Eu gosto de newsletters. Mas em geral quem me dá e-mail nunca abre, eu detesto a pessoa mais do que se não me desse nada. É que nem cheque sem fundo.
[2016-10-07 14:32:15] E-mail hoje em dia é mais profissional
[2016-10-07 14:32:51] Por isso as pessoas têm como obrigação chata burocrática, e quando chegam em casa se recusam a abrir.
[2016-10-07 14:32:55] Para conversas mais informais reina fb e whatsapp
[2016-10-07 14:33:47] eu me esforço para manter uma certa irreverencia quando falo com meus amigos por email!
[2016-10-07 14:34:14] sei lá! Mass gosto muito e defendo a pratica de envio de emails!! :D
[2016-10-07 14:59:03] document: /home/felipe/devel/github_tvdstaaij/telegram-history-dump/output/media/Garoa_Hacker_Clube_(Público)/download_1842540969984025.webp
[2016-10-07 14:59:05] Valeu, feito! Realmente, não faz sentido deixar aberto para qualquer dispositivo quando eu conheço todos que vão se conectar...
[2016-10-07 14:59:52] Mas a tendência acho q é cair em desuso até mesmo no mundo profissional. Hj em dia a maioria da interação q tenho com o pessoal do trampo é via whatz
[2016-10-07 15:02:04] photo: /home/felipe/devel/github_tvdstaaij/telegram-history-dump/output/media/Garoa_Hacker_Clube_(Público)/download_803703361_109264.jpg
[2016-10-07 15:04:22] Como toda maquina de altacapacidade, é refrigerado por liquido. E a coca fez um que parece que esta sendo refrigerado por Coca-Cola!!
[2016-10-07 15:04:29] Aqui o pessoal usa o e-mail na negociação comercial, então ele é melhor por permitir o registro
[2016-10-07 15:08:02] Quem pode ajudar um pouco a convidar gente para nosso Primeiro Encontro de Hardware Livre? - https://e-hal.org.br/
[2016-10-07 15:12:54] eu posso
[2016-10-07 15:13:05] só que sou do PR
[2016-10-07 15:14:00] Eu também estou compartilhando e falando aos amigos, mas sou da Bahia.
[2016-10-07 15:17:40] Estamos organizando caravanas, não quer ajudar a organizar a daí? Vem genre do Rio Grande do Sul já
[2016-10-07 15:18:05] Faz uma caravana. A gente pode fazer um esquema bacana nos preços das hospedagem se juntamos um grupo.
[2016-10-07 15:18:46] Quando vai ser?
[2016-10-07 15:19:13] Dos dias 29 a 31 de outubro (sábado até segunda)
[2016-10-07 15:20:22] Ficou muito em cima e não moro em Salvador (onde conseguiria mais gente para uma caravana), mas posso passar para o pessoal de lá tentar. Quem sabe conseguimos e eu vou junto.
[2016-10-07 15:21:35] Vou ver com hacker space da faculdade!
[2016-10-07 15:23:01] Manda bala! Qualquer coisa, eu ajudo na parte receptiva em São Paulo.
[2016-10-07 15:23:51] Algum tuiter para retuitar?
[2016-10-07 15:24:13] Ainda não, preciso fazer um. Farei hoje
[2016-10-07 15:24:33] É que não estou no feisse
[2016-10-07 15:24:46] Sem problemas, eu realmente queria fazer um já
[2016-10-07 15:25:04] O evento vai ser muito legal
[2016-10-07 15:25:22] Conseguimos vários nomes fantásticos
[2016-10-07 15:25:23] Eu queria ir só que moro longe
[2016-10-07 15:25:31] Onde mora?
[2016-10-07 15:25:39] Interior da Bahia
[2016-10-07 15:25:55] Qual cidade?
[2016-10-07 15:26:22] Jequié
[2016-10-07 15:26:37] Oxe, eu também moro no interior. Onde? Eu moro em Saúde, mas tô na chapada diamantina essa semana.
[2016-10-07 15:27:20] Pega uma carona com o Victor
[2016-10-07 15:27:38] Se sair um ônibus de Salvador, vocês só precisam se deslocar até o caminho dele
[2016-10-07 15:27:47] Alguém mora no PR pra me dar uma carona??
[2016-10-07 15:28:19] 😜
[2016-10-07 15:29:01] Onde no PR?
[2016-10-07 15:29:19] EU moro em Maringá
[2016-10-07 15:37:02] Acabo de ler uma reportagem que recebi por email (rsrs) onde fala sobre uma cafeteria em Londres que tem "Androids de Programa"!! kkk
[2016-10-07 15:37:34] Beleza, vou ver algo por perto
[2016-10-07 15:37:34] quem quiser ler! http://www.tecmundo.com.br/robotica/110181-cafeteria-tera-androides-programa-fazendo-sexo-oral-clientes.htm
[2016-10-07 15:37:56] Quem puder dar uma força pra divulgar via "crack-book" esta aqui o link - https://www.facebook.com/ehalbr/
[2016-10-07 15:38:29] Não conheço o lado da chapada
[2016-10-07 15:38:35] Nunca ouvi falar em saúde
[2016-10-07 15:38:38] :p
[2016-10-07 15:39:56] Saúde fica perto de Jacobina e Senhor do Bonfim. Tem 10 mil habitantes.
[2016-10-07 15:43:23] Senhor do Bonfim acho q já passei por lá haha longe
[2016-10-07 15:48:49] Eu acabei de ver uma coisa!!
[2016-10-07 15:49:30] posso ajudar a divulgar, mas não poderei ir nesse evento!!
[2016-10-07 15:49:43] tenho que dar um treinamento na minha igreja domingo!!
[2016-10-07 15:49:57] e pra mim fica um pouco complicado ir e voltar!
[2016-10-07 15:57:08] Ajudar com divulgar já é uma ajuda enorme, ficamos muito agradecidos
[2016-10-07 18:32:02] photo: /home/felipe/devel/github_tvdstaaij/telegram-history-dump/output/media/Garoa_Hacker_Clube_(Público)/download_803730996_72294.jpg
[2016-10-07 18:34:27] @TheSeventhGod @tilt4 e demais pessoas que mexem no estúdio, vocês sabem?
[2016-10-07 18:36:52] Tem que ta ai na estante
[2016-10-07 18:37:00] Embaixo dele
[2016-10-07 18:38:53] Meu RaspPi2 não dá boot, e o problema não é da sdcard. Alguém já passou por isso?
[2016-10-07 18:43:43] Já testou o sd em outra RPi2
[2016-10-07 18:47:02] Testei num RPi3, deu boot normal.
[2016-10-07 18:47:15] Embaixo dele tem um servidor mas nenhuma fonte
[2016-10-07 18:48:21] Fonte ok?
[2016-10-07 18:49:43] Estou estou só trocando o RPi2 pelo RPi3. O resto é tudo igual. Lapdock, cabos, Sdcard.
[2016-10-07 18:50:24] Tudo funciona no RPi3, mas o RPi2 fica com os dois leds acesos.
[2016-10-07 18:54:24] Ta usando algum tipo de tela/monitor?
[2016-10-07 18:55:49] Um lapdock
[2016-10-07 18:57:07] dois leds acesos é sinal de sdcard sem boot
[2016-10-07 18:58:56] Da uma olhada na configuração de vídeo, talvez esteja em um modo que o rpi2 não suporta
[2016-10-07 18:59:18] acho que mesmo assim o led de acesso pisca, não fica aceso sempre
[2016-10-07 18:59:26] não acho que seja vídeo, mas é o meu chute
[2016-10-07 18:59:49] vulgo "não acho que é, mas acho que é"
[2016-10-07 19:00:06] nunca encontrei esse problema nem alguém que tenha tido esse problema
[2016-10-07 19:00:15] mas se o Fernando está dizendo, é porque ele já viu
[2016-10-07 19:01:17] Já tive este problema mas não lembro como resolvi
[2016-10-07 19:01:35] Acho q só soprei ele
[2016-10-07 19:01:45] mas o pi2 funciona com o lapdock sem nenhuma alteração de config
[2016-10-07 19:02:12] só precisa de uma mudança pra saída de áudio usar o hdmi, mas nada além, o vídeo já aparece por padrão
[2016-10-07 19:02:47] se o rpi está recebendo força pelo lapdock então a HDMI está conectada, porque o lapdock fornece energia USB apenas quando detecta essa conexão
[2016-10-07 19:03:36] logo quando ele liga, o led de acesso deve piscar freneticamente
[2016-10-07 19:03:58] se não, na minha experiência, o chipset não encontrou o boot no cartão SD
[2016-10-07 19:04:11] eu checaria se o SD está bom, se foi gravado corretamente..
[2016-10-07 19:04:24] expandir o filesystem depois do primeiro boot com sucesso pode causar problemas também
[2016-10-07 19:04:39] e o rpi tem uma tendência a corromper o cartão sd se não for desligado direito
[2016-10-07 19:57:21] Assista a "Why is TV 29.97 frames per second?" no YouTube
https://youtu.be/3GJUM6pCpew
[2016-10-07 20:07:10] photo: /home/felipe/devel/github_tvdstaaij/telegram-history-dump/output/media/Garoa_Hacker_Clube_(Público)/download_826459275206328402.webp
[2016-10-07 20:18:37] Hahha
[2016-10-07 20:19:36] O mixer da behringer tá ligado em alguma caixa?
[2016-10-07 20:29:19] BotTalks:
Bot #1 >> What are your commands master.

Bot #2 >> I command you to do the macarena!

Bot #1 >> *does the macarena* does this please you, my master.
[2016-10-07 20:30:20] Muito melhor que /me@imandabot
[2016-10-07 21:02:02] https://youtu.be/kSPMTBTJZ3o
[2016-10-07 21:32:28] http://thecodinglove.com/post/146310649249/git-merge
[2016-10-07 22:46:51] photo
[2016-10-07 22:46:56] Wemos chegaram!
[2016-10-07 22:47:08] (Rápido até)
[2016-10-07 22:47:09] uhu
[2016-10-07 23:14:31] Legal
