[2016-09-14 00:41:09] https://www.vivaolinux.com.br/topico/Metasploit/Virus-Persistente?pagina=01
[2016-09-14 00:42:04] foi besta, mas rachei
[2016-09-14 01:23:04] Pessoal, hoje às 19h30 tem grupo de C++ no garoa! Vamos continuar hackeando o kicad.
[2016-09-14 01:27:12] O cara ainda acha ruim. Que mal humor
[2016-09-14 02:46:46] Gente... Sou troxa em Linux, mas tipo... Esse cara queria mandar um vírus pra alguém e ficou puto pq zoaram ele? É isso mesmo?
[2016-09-14 02:50:07] pode ser que ele so estivesse querendo estudar, vai saber...
[2016-09-14 02:50:26] mas esta botando o carro na frente dos bois
[2016-09-14 02:51:09] e foi isso que "explicaram" para ele, ao inves do sujeito achar graca e aprender algo, ficou putinho
[2016-09-14 02:55:40] alguém sabe algum grupo de R?
[2016-09-14 02:56:43] Hehe entendi.
[2016-09-14 07:15:27] Kkkkkk ... Sensacional
[2016-09-14 08:22:19] Ai sim!! Mandem fotos do encontro.
[2016-09-14 10:45:18] pessoal, quando falamos de linode esqueci de comentar isso:
[2016-09-14 10:45:19] https://www.linode.com/docs/linode-writers-guide/
[2016-09-14 10:45:52] vc pode submeter artigos e (se aprovados segundo esse guia ai) vc ganha 250 dolares
[2016-09-14 10:46:00] pelo paypal
[2016-09-14 10:51:45] Sexta, além do Nós Robôs tradicional, conversa com Caio Vassão: https://twitter.com/garoahc/status/776055305503408128
[2016-09-14 13:51:37] Achei muito adequado.
[2016-09-14 14:38:43] Fernando, Se houver gente interessado em mearm mais blender ou freecad ou os dois, pode contar comigo. Já era quase certeza de ir
[2016-09-14 14:40:00] Eu modelei no blender 3D as peças do mearm
[2016-09-14 14:54:08] O @malconxx do Cora Hacker Clube tá precisando de uma ajuda sobre organização de hackerspaces
[2016-09-14 14:54:21] @malconxx (Marco Aurélio)
[2016-09-14 14:55:30] Valeu
[2016-09-14 14:55:46] Vou enviar na lista
[2016-09-14 14:56:19] Quem quiser ajudar e dar opiniao.. etc
[2016-09-14 14:57:52] Marco added gabriel@nash:/#
[2016-09-14 14:57:53] Hi gabriel@nash:/# !
[2016-09-14 16:23:32] Falando em hacker space final do mês que vem farei uma visita ai
[2016-09-14 16:24:35] ;)
[2016-09-14 17:33:05] :)
[2016-09-14 17:54:03] uowwww!! ai sim
[2016-09-14 17:55:28] É só colar pra participar?
[2016-09-14 17:56:08] Sim!
[2016-09-14 17:56:29] Mas se quiser, pode adiantar algumas coisas
[2016-09-14 17:58:01] @malconxx manda na lista! e veja TB a categoria meta do nosso wiki, tem bastante coisa
[2016-09-14 17:58:33] sim! mas se der tempo tenta instalar o ambiente e fazer o build
[2016-09-14 17:58:42] to indo pro garoa
[2016-09-14 17:58:51] Inclusive tem um guia prático na wiki
[2016-09-14 17:59:04] Ok, vou ver aqui, valeu
[2016-09-14 17:59:11] Acho que vou
[2016-09-14 17:59:35] https://garoa.net.br/wiki/Grupo_de_Desenvolvimento_C%2B%2B_com_KiCAD
[2016-09-14 18:04:55] Cris Oliveira joined
[2016-09-14 18:44:21]  joined
[2016-09-14 18:44:22] Hi Ivar !
[2016-09-14 18:51:14] indo pro garoa!
[2016-09-14 18:51:31] se o transito ajudar, chego em 25 min.
[2016-09-14 18:52:04] caso contrario chego em 26 🚲
[2016-09-14 18:57:47] 😁
[2016-09-14 18:58:44] Boa noite, um assunto fora do contexto mas alguém sabe me dizer se a fonte não original para o Mac Air causa algum dano ao mesmo? Pois não tenho condições de pagar 650 em uma fonte original?
[2016-09-14 18:59:25] "A fonte não original"? Não deveria ser "uma fonte não original"?
[2016-09-14 18:59:40] http://www.righto.com/2016/09/why-you-shouldnt-use-cheap-macbook.html
[2016-09-14 19:00:19] Eu tenho a original, mas o fio está com mal contato
[2016-09-14 19:00:24] Se existe mais de uma fabricante/modelo de fonte, eu tenho que dizer que depende do modelo específico, e de certa forma da fabricante.
[2016-09-14 19:01:07] A experiência que tenho com fontes genéricas para MacBook é que nenhuma delas funcionaram
[2016-09-14 19:01:35] melhor arrumar a fonte original
[2016-09-14 19:03:11] Eu vi uma por 290, de 45w mas tenho receio e por este motivo continuo com a que veio nele mesmo
[2016-09-14 19:03:11] Vou dar uma olhada Erin.
Obrigada galera
[2016-09-14 19:04:35] Tentou encontrar reviews online? Tem gente que vive de testar equipamentos.
[2016-09-14 19:09:35] Se o problema é só o cabo, veja se não arranja alguém que conserte, ou veja como consertar no Garoa. Fontes boas são difíceis de achar
[2016-09-14 20:03:37] Tive o mesmo problema com o meu macbook pro, usei só o cabo da fonte paralela e mantive a fonte original já tem um ano e não tive problemas
[2016-09-14 20:03:42] Hello world!
[2016-09-14 20:24:36] photo: /home/felipe/devel/github_tvdstaaij/telegram-history-dump/output/media/Garoa_Hacker_Clube_(Público)/download_803712087_93843.jpg
[2016-09-14 20:25:08] Ela está assim
[2016-09-14 20:25:41] Eita
[2016-09-14 20:25:51] Passa fita isolante
[2016-09-14 20:25:55] photo: /home/felipe/devel/github_tvdstaaij/telegram-history-dump/output/media/Garoa_Hacker_Clube_(Público)/download_803701926_94228.jpg
[2016-09-14 20:26:09] Eu pensei mas fiquei com receitas de não funcionar mais depois
[2016-09-14 20:26:41] Comprei este Mac a uma semana usado e o cara não falou que a fonte estava assim
[2016-09-14 20:27:31] Sacanagem hein
[2016-09-14 20:27:41] Vou te mostrar meu cabo como está, pera
[2016-09-14 20:27:45] Foda... Mas vamos lá. Tem o cabo para vender no ebay ou algo assim?
[2016-09-14 20:27:53] kekeke, o cara preferiu vender o notebook do que comprar uma fonte nova?
[2016-09-14 20:27:55] Ok
[2016-09-14 20:28:39] Ele estava precisando de grana é eu aproveite o minhas economias e uma grana emprestada kkkk
[2016-09-14 20:28:54] Se tivesse menos de uma semana de compra, talvez você ainda tivesse "direito ao arrependimento" pra desfazer a compra.
[2016-09-14 20:29:06] Isso pq tem um cabo meio aberto como proteção em uma parte
[2016-09-14 20:29:07] photo: /home/felipe/devel/github_tvdstaaij/telegram-history-dump/output/media/Garoa_Hacker_Clube_(Público)/download_803717002_95292.jpg
[2016-09-14 20:29:37] Apple ow, uma bosta
[2016-09-14 20:29:40] photo: /home/felipe/devel/github_tvdstaaij/telegram-history-dump/output/media/Garoa_Hacker_Clube_(Público)/download_712233365838758699.webp
[2016-09-14 20:31:58] Jogue fita isolante
[2016-09-14 20:32:27] Pelo menos a bateria do notebook pode ser removida se a pessoa quiser, ou é que nem iPhone/iPad/iPod?
[2016-09-14 20:32:59] Não mesmo e depois dos mid2013 é tudo soldado
[2016-09-14 20:35:50] Eu esqueci o nome do q coloquei aqui como uma capa protetora antes de passar a fita
[2016-09-14 20:36:16] document: /home/felipe/devel/github_tvdstaaij/telegram-history-dump/output/media/Garoa_Hacker_Clube_(Público)/download_803729370_57541.jpg
[2016-09-14 20:36:27] Blz, se lembrar me avisa, amanhã farei isso
[2016-09-14 20:37:20] Os fios não tem uma capa protetora? Então, pega algum mais "rígido" corta ao meio e encaixa essa parte q tá sem proteção e passa a fita por cima
[2016-09-14 20:37:28] Deu para entender? Rs
[2016-09-14 20:40:32] Sim, entendi... Amanhã farei isso pq achar fita isolante no meu quarto a esta altura vai ser mais fácil comprar uma nova kkkkk
[2016-09-14 20:41:45] Minimalismo pode ajudar sua vida.
[2016-09-14 20:41:55] Beleza
[2016-09-14 20:48:27] E eu queria aproveitar para ver com vocês sobre retomarmos os encontros sobre segurança da informação
[2016-09-14 20:51:53] Nesse sábado o pessoal vai realizar o Fechando o Cerco, com a ideia de retomar esses papos... dá uma olhada na wiki se interessar.
[2016-09-14 20:52:47] Blz, vou ver e dependendo do horário dou uma passada no garoa
[2016-09-14 20:53:12] Obrigada à todos pela atenção e ajuda
[2016-09-14 21:28:35] Dá pra usar tubo termo retrátil também. Um amigo meu restaurou o cabo do carregador do MacBook dele assim. É um treco bem simples, você coloca o tubo envolta do fio e esquenta com um secador de cabelos, aí ele contrai e fica justinho. É bem barato, funciona bem e foi feito pra isso
[2016-09-14 21:39:20] Opa, bom saber, amanhã tentarei encontrar
[2016-09-14 21:39:34] Depois mostro para vocês o resultado 😉
[2016-09-14 21:39:53] Boa
[2016-09-14 21:50:40] Estou com o mesmo problema no meu carregador do MacBook. Mas no meu caso foram os gatos.
[2016-09-14 21:52:03] pessoal, chegarma uns quilos de WeMos (esp8266 facilitado), se alguem quiser um, da um toque
[2016-09-14 21:52:22] Eu quero
[2016-09-14 21:52:49] te levo no fds
[2016-09-14 21:53:16] to botando esp8266 ate no aquario
[2016-09-14 21:53:23] Hahaha
[2016-09-14 21:53:32] Virou um caminhão foi?
[2016-09-14 21:53:39] O que é isso?
[2016-09-14 21:53:40] tipo, enfeite no fundo do aquario
[2016-09-14 21:53:44] kkkk
[2016-09-14 21:56:20] fiquei pensando numa traducao, mas nao consegui, entao a resposta eh: Isso eh "joy"
[2016-09-14 21:57:47] Joy tipo de alegria, felicidade ou isso é outro algo que eu desconheço?
[2016-09-14 21:59:38] Pessoal, estou pensando em passar sábado de manhã no Garoa, alguém está afim?
[2016-09-14 21:59:43] Talvez à noite também
[2016-09-14 22:00:00] document: /home/felipe/devel/github_tvdstaaij/telegram-history-dump/output/media/Garoa_Hacker_Clube_(Público)/download_803717103_94881.jpg
[2016-09-14 22:03:28] photo: /home/felipe/devel/github_tvdstaaij/telegram-history-dump/output/media/Garoa_Hacker_Clube_(Público)/download_803718738_96248.jpg
[2016-09-14 22:07:41] Tipo esse?
[2016-09-14 22:07:45] photo: /home/felipe/devel/github_tvdstaaij/telegram-history-dump/output/media/Garoa_Hacker_Clube_(Público)/download_255942482762662250.webp
[2016-09-14 22:08:33] Hahahaha ok
[2016-09-14 22:08:52] Obrigado pela paciência com o noob
[2016-09-14 22:09:38] photo: /home/felipe/devel/github_tvdstaaij/telegram-history-dump/output/media/Garoa_Hacker_Clube_(Público)/download_24991512752292557.webp
[2016-09-14 22:11:14] document: /home/felipe/devel/github_tvdstaaij/telegram-history-dump/output/media/Garoa_Hacker_Clube_(Público)/download_357924926428020781.webp
[2016-09-14 22:11:54] Hail "Bob"!
[2016-09-14 22:14:35] eu acho bizarro que eu seja praticamente o unico subgeni do garoa (agora que o abdo esta fora)
[2016-09-14 22:14:52] Ah, nunca colou muito no Brasil
[2016-09-14 22:15:59] eh...
[2016-09-14 22:16:44] e eu so conheci por causa do slackware
[2016-09-14 22:24:45] Eu conheci pelo Slackware também, mas nunca usei Slackware
[2016-09-14 22:25:35] document: /home/felipe/devel/github_tvdstaaij/telegram-history-dump/output/media/Garoa_Hacker_Clube_(Público)/download_193628056395448992.webp
[2016-09-14 22:26:20] Não importa muito o sistema que dá suporte ao Emacs
[2016-09-14 23:13:21] se pá
[2016-09-14 23:19:39] Também estou querendo
