[2018-04-30 07:17:45] Eu não vejo problema nisso, desde que o uso do espaço não seja condicionado ao consumo, uma vez que você terá (muitas) despesas e necessitará apoio.
O Garoa também possui uma forma de monetização similar, c venda de bebidas que ficam disponíveis na geladeira, camisetas, cervejas artesanais produzidas no local.
[2018-04-30 09:15:57] cara, IMHO tu pode tocar o HS da forma que você e a sua comunidade acharem melhor. Se isto ajuda a manter a ideia viva sem cobrar mensalidade e tu acha que isto é honesto e justo, mete bronca!
[2018-04-30 11:53:45] https://garoa.net.br/wiki/Como_criar_um_hackerspace
[2018-04-30 12:01:20] É complicado o lugar onde é o hackerspace ser a casa de alguém. O ideal é ser um lugar imparcial pra todos que vai receber impacto caso alguém saia, pq brigas vão ter
[2018-04-30 12:02:56] A ideia é começar fazendo. Espaço por último. Se organiza primeiro, junta quem tá interessado em ser fundador, faz atividades em espaços públicos fazendo propaganda da existência e abertura pra novos membros, daí pega um "capital" de qm quer ser fundador e abre um espaço é que essa grana de pra sustentar pelo menos 3 meses do espaço
[2018-04-30 12:03:46] https://wiki.hackerspaces.org/Design_Patterns
[2018-04-30 12:03:54] As vzs o proprio dono da casa quer sair correndo :)
[2018-04-30 12:03:59] Exatamente
[2018-04-30 12:04:25] Até pq o que vai acontecer é todo mundo bagunçar a casa dele e sair fora
[2018-04-30 12:04:38] Aí ele que vive la tem que arrumar, uma hora enche o saco e da treta
[2018-04-30 12:05:42] Na primeira montanha de louça ou privada entupida, o hc já sofre sua primeira crise :)
[2018-04-30 12:27:26] Isso quando não tiver nego que quer ficar em horários que o dono da casa não tá, ou tá dormindo...
[2018-04-30 14:38:36] Diego, tudo isso é bem legal, mas acho melhor você ter ciência e clareza de que não é um hackerspace, mas que você vai organizar e hospedar uma série de atividades. E passar isso para outras pessoas. Tem bons exemplos práticos que os colegas já falaram aqui em cima, e no fundo, existem várias maneiras de construir uma comunidade e hackerspace é só mais uma. Se você tiver clareza, e as outras pessoas também, disso, pode funcionar.
[2018-04-30 14:52:18] document: /home/felipe/devel/github_garoa/Telegram_logs_Garoa_Hacker_Clube_Publico/media/Garoa_Hacker_Clube_(Público)/download_688784124302852376.webp
[2018-04-30 14:54:41] https://www.reuters.com/article/us-russia-telegram-protests/paper-plane-protesters-urge-russia-to-unblock-telegram-app-idUSKBN1I11O5
[2018-04-30 14:55:49] Aparentemente o Telegram não vai carregar os metadados do artigo, mas enfim
12k pessoas comparecem a um protesto em Moscou contra o bloqueio do Telegram na Rússia
[2018-04-30 15:07:51] e como vc define um hackerspace?
[2018-04-30 15:13:08] Excelente pergunta, que vai ter várias respostas. Mas acho que todos vão concordar que tem que ser um espaço que os hackers são os donos. Na casa de alguém, esse alguém sempre vai ser mais dono que os outros. Se tentar forçar outra coisa, a dinâmica vai degradar rapidamente.
[2018-04-30 15:17:25] Basicamente um espaço autônomo e independente sustentado por pessoas que usam e são alinhados a cultura hacker
[2018-04-30 15:30:51] pessoas que usam o que ?
[2018-04-30 15:33:12] discordo. vai dizer que o garoa nao tem donos?
[2018-04-30 15:34:14] Não tem
[2018-04-30 15:34:20] Que o usam*
[2018-04-30 15:34:34] os hackers são os "donos" e não uma universidade, ou um anfitrião, ou uma empresa ou um governo
[2018-04-30 15:35:10] É tipo criar um gato, enquanto tu da comida e cuida ele é teu
[2018-04-30 15:35:28] document: /home/felipe/devel/github_garoa/Telegram_logs_Garoa_Hacker_Clube_Publico/media/Garoa_Hacker_Clube_(Público)/download_244604348921808892.webp
[2018-04-30 15:35:32] a essência da coisa é não termos "rabo preso" com ninguém
[2018-04-30 15:37:49] Porisso eu disse "autônomo e independente"
[2018-04-30 15:37:58] Já tentaram algumas vezez
[2018-04-30 15:38:03] Mas não rolou
[2018-04-30 15:38:53] Eu tbm penso nessa forma
[2018-04-30 15:39:07] ja tentaram algumas vezes fazer algo que se propunha a ser um hackerspace mas era na casa de alguém....
[2018-04-30 15:39:58] pelo que entendi, o Afonso quis dizer uma organizaçao sem lideranças, onde as decisoes sao tomadas por todos, mas se foi isso, eu sinceramente discordo e até duvido que seja possivel existir um hackerspace assim
[2018-04-30 15:40:08] esse tipo de organizaçao precisa de líderes, independente de serem uma pessoa apenas, um grupo, da autonomia e das decisoes que delegam pros outros integrantes, continuam sendo líderes, caso contrário nao se sustenta
[2018-04-30 15:40:15] e o garoa tem líderes
[2018-04-30 15:40:22] não tem nada errado com isso
[2018-04-30 15:41:18] se for isso que ele quis dizer faz mais sentido, mas mesmo assim, também discordo que uma universidade ou qualquer outra coisa nao poderia abrir um hackerspace
[2018-04-30 15:42:12] bom, então concordamos que discordamos. :-)
[2018-04-30 15:43:56] kkkkkk
[2018-04-30 15:44:00] document: /home/felipe/devel/github_garoa/Telegram_logs_Garoa_Hacker_Clube_Publico/media/Garoa_Hacker_Clube_(Público)/download_285892071401719727.webp
[2018-04-30 15:45:31] as "lideranças" de fato existem. Mas são fluidas. Variam com o passar do tempo
[2018-04-30 15:47:14] e existem estruturas de deliberação em diversos hackerspaces como no Garoa. Temos, por exemplo, o Conselho Manda Chuva.
[2018-04-30 15:47:32] Pessoal, o hacker space está aberto?
[2018-04-30 15:47:42] o que é diferente de ter um "dono"
[2018-04-30 15:48:04] Tenho uma impressora e um computador sem HD para doação
[2018-04-30 15:48:12] Mas toda organização independente de qual for, precisa de pessoas na frente para representar. Mas o hackerspace não "depende" deles. Pq sempre vai ter alguem para representar o hackerspace.
[2018-04-30 15:48:25] O Área 31 não é assim? 🤔
[2018-04-30 15:48:31] Existe o conselho que qlqr pessoa com tempo e associado ao espaço pode ser membro e ajuda a decidir coisas macros
[2018-04-30 15:48:49] não quero nem saber. Quero ficar bem longe daquela gente!
[2018-04-30 15:49:08] O pc é antigo.
Processador intel duo 2.8gh
Ram 8gm ddr2

Veio mas pra algum projeto deve servir
[2018-04-30 15:50:11] Preconceito 🤣
[2018-04-30 15:50:24] Nem considero área 31 um hackerspace kkkk
[2018-04-30 15:50:24] Mas cada se define como quer
[2018-04-30 15:50:24] document: /home/felipe/devel/github_garoa/Telegram_logs_Garoa_Hacker_Clube_Publico/media/Garoa_Hacker_Clube_(Público)/download_244604348921808892.webp
[2018-04-30 15:50:42] sim, eles são cheios de preconceitos
[2018-04-30 15:57:23] Talvez hahah
E o comportamento do Bastos é bem “peculiar” mesmo, não estou defendendo
[2018-04-30 15:57:28] Mas eu quero chegar é no seguinte: dá pra dizer que não é hackerspace só por não gostar deles? Me parece aquela falácia do escocês de verdade. Esses dias eu tava vendo o MariaLab Hackerspace, que me parece muito pior, indo totalmente contra o que um hackerspace deveria ser, e eu nunca vi ninguém do Garoa sequer criticar, quanto mais alegar que “não é hackerspace de verdade”
[2018-04-30 15:57:42] Pelo contrário, o perfil do Garoa no Twitter segue aquilo lá
[2018-04-30 15:59:04] Gustavo Oliveira joined
[2018-04-30 15:59:39] *touché*
[2018-04-30 16:01:02] O que define um hackerspace? 🤔
[2018-04-30 16:02:20] Nao vi o Juca falando que eles nao eram um hackerspace, apenas que eles sao cheios de preconceitos e que ele quer ficar longe deles....
[2018-04-30 16:02:42] Qual o problema do MariaLab ??? Eu nao conheço....
[2018-04-30 16:04:10] De fato o MariaLab não é um hackerspace. Com base no pouco que sei sobre o grupo, elas iniciaram com a idéia de montar um espaço mas acabaram postergando a idéia priorizando outras ações mais importantes talvez para a causa do grupo. Aparentemente elas tem ainda a intenção de conseguir um espaço físico em breve. Ouvi rumores mas não tenho como confirmar a quantas anda isso.
[2018-04-30 16:07:24] Agora dói ouvir que MariaLab é "muito pior" que o Area31 "indo totalmente contra o que um hackerspace deveria ser". Eu sei que não foi exatamente essa a comparação que você fez, mas me dói ouvir isso por que o MariaLab é um coletivo engajado em reverter a discriminação às mulheres que permeia o mundo da tecnologia, enquanto o Area31 é quase como um antro de misoginia e ódio mascarado de clubinho hacker.
[2018-04-30 16:07:25] Putz gente
[2018-04-30 16:07:27] que merda
[2018-04-30 16:07:33] a Simone tá com um tumor no cérebro
[2018-04-30 16:07:34] https://www.youtube.com/watch?v=tpa4kp4lK60
[2018-04-30 16:07:43] apesar dela fazer um trabalho que degrada a imagem da mulher
[2018-04-30 16:07:48] porra... chorei vendo isso
[2018-04-30 16:09:54] Foi uma resposta junto pra ele e pro @tilt4, na verdade. Sinceramente, eu lembrei do A31 justamente porque o @fsanches falou em “algo que se propunha a ser um hackerspace mas era na casa de alguém” (inclusive ele podia estar se referindo ao próprio A31), então eu achei relevante trazer pra discussão. Concordando ou não com as atitudes da galera de lá, não dá pra fingir que ele não existe ou que não muda em nada o cenário dos hackerspaces no Brasil
[2018-04-30 16:13:27] O OHMS no Rio tbm era na casa de uma pessoa ... apesar de que ele se denominava um makerspace ....
[2018-04-30 16:14:23] atualmente no Rio, só tem o Carioca Hackerspace
[2018-04-30 16:14:27] O qual sou fundador
[2018-04-30 16:14:33] O OHMS era Makerspace
[2018-04-30 16:14:57] Depois virou uma empresa e agora não existe mais até aonde eu sei
[2018-04-30 16:15:33] eu acompanhava a lista deles, mas agora ja nao sei mais nada sobre eles....
[2018-04-30 16:16:18] O MariaLab certamente diz ter um hackerspace... https://twitter.com/marialabhackers
[2018-04-30 16:16:22] E essa sua mensagem ilustra perfeitamente o que eu estou dizendo. Tanto o Área 31 quanto o Maria Lab são organizações bastante centralizadas que se intitulam hackerspaces disseminam ideologia política (e é possível argumentar que ambos são polêmicos, discriminadores e extremistas, vai da visão de mundo de cada um) — com a diferença de que o Maria Lab ainda parece muito menos focado em tecnologia do que o A31
[2018-04-30 16:16:43] Fala direto pra mim
[2018-04-30 16:16:52] E eu pessoalmente não considero um hs
[2018-04-30 16:17:04] E sendo assim... por que um seria hackerspace e o outro não? 🤔
[2018-04-30 16:17:10] Ou ambos não são?
[2018-04-30 16:17:20] Cara, eu tava discutindo isso outro dia com um amigo.
No sentido certo da palavra, não existe Hackerspace no Brasil
[2018-04-30 16:17:43] Porque o conceito de Hackerspace que eu entendo é o do CCC e nem o Garoa "segue" o estilo CCC muito menos os outros HS no Brasil
[2018-04-30 16:18:05] Então sei lá, se o espaço se considerar um hackerspace é um hackerspace
[2018-04-30 16:18:14] A gente estava tendo essa conversa no grupo do CHS, não tava?
[2018-04-30 16:18:18] Só não concordo com espaços financiados pelo governo ou empresas serem hackerspaces.
[2018-04-30 16:18:21] Sim
[2018-04-30 16:18:22] Pois é cada um define o que é um hs assim como define o que é hacker
[2018-04-30 16:18:54] O CCC só membro sabe o que está rolando lá dentro. O que eu acho o mais legal e libertador, porque assim os caras podem fazer algumas coisas mais underground, sabe?
[2018-04-30 16:19:19] O garoa tem isso tb
[2018-04-30 16:19:22] Não foi a intenção ser indireto, tanto que te marquei ali. Se ficou parecendo, desculpa
[2018-04-30 16:19:27] Eu quase fui visitar o de Berlin, mas quando descobri que não dava para conhecer o espaço completamente, desanimei
[2018-04-30 16:19:36] Mas tem.que participar pra saber que isso existe no.garoa
[2018-04-30 16:19:40] Desde quando o MariaLab é discriminatório?! O rolê das mina é justamente fomentar a inclusão de mulheres na tecnologia!
[2018-04-30 16:20:01] O.movimento underground sempre existiu no garoa mas por ser underground não tem lógica fica berrando por aí o.que rola
[2018-04-30 16:20:12] So qm participa de verdade sabe
[2018-04-30 16:20:22] Acho que isso está fora do escopo da discussão aqui. E é uma coisa que, como eu disse, vai da visão de mundo de cada um...
[2018-04-30 16:20:51] Certamente há quem ache o Maria extremista e discriminatório, tal como há quem ache o A31
[2018-04-30 16:21:11] Eu não acho discriminatório, eu acho necessário, é difícil ter um ambiente seguro para as minas. Infelizmente
[2018-04-30 16:21:11] Eu acho importante que existam espaços como esses, mesmo que não sejam HS no sentido mais puro. Os Fablabs e o Engenho Maker são ótimas iniciativas, por exemplo.
[2018-04-30 16:21:14] Não estou discutindo quem está certo aqui
[2018-04-30 16:21:17] não estava em discussão até você colocar em discussão ;-P
[2018-04-30 16:21:25] Mais ou menos
[2018-04-30 16:21:37] Só citei um fato
[2018-04-30 16:21:45] Acho que o pessoal acha que é por causa disso
[2018-04-30 16:21:47] photo: /home/felipe/devel/github_garoa/Telegram_logs_Garoa_Hacker_Clube_Publico/media/Garoa_Hacker_Clube_(Público)/download_806010712_31656.jpg
[2018-04-30 16:22:17] Entre outras tentativas de inserir mulheres vedando o acesso aos homens.
[2018-04-30 16:22:58] essa é uma longa discussão
[2018-04-30 16:23:01] Sendo realista, se não vetar homem eles são.igual barata começa a brotar e ocupa a parada toda
[2018-04-30 16:23:03] É foda. Eu nunca entendi essa porra de cisgênero, queer, mariano, alien, etc
[2018-04-30 16:23:06] Aí perde o sentido
[2018-04-30 16:23:07] No caso, o fato de que pode ser considerado, tal como o A31
[2018-04-30 16:23:16] é controverso, mas é uma estratégia que faz sentido
[2018-04-30 16:23:30] Sim. Mas que fique claro aqui que acho que sim, tem que ter restrição aos homens em certos eventos de mina.
[2018-04-30 16:23:39] E convenhamos, o feminismo no século 21 fracassou completamente.
[2018-04-30 16:23:57] Ironicamente, tem mulher no A31, mas não homem no Maria Lab hahah
[2018-04-30 16:24:02] hoje estamos em 2018?!
[2018-04-30 16:24:10] Cis e trans é prefixo pra demonstrar alinhamento de gênero biológico com o mental/espiritual
[2018-04-30 16:24:20] Uma coisa não tem na a ver com a outra
[2018-04-30 16:24:54] Marialab eu não considero um hs porque falta o básico, o espaço fisico
[2018-04-30 16:25:07] Eu prefiro não entender. Todo dia inventam uma palavra nova que daqui há pouco quando for preencher o gênero em algum formulário vai ter 138120381321381031 opções
[2018-04-30 16:26:15] Não tentar entender, eu considero uma forma de preconceito
[2018-04-30 16:27:08] Não é cara, é que é complicação demais 😂
[2018-04-30 16:27:27] palavras costumam existir (ou serem criadas) pra facilitar a comunicação de conceitos.
[2018-04-30 16:27:40] Sim. Mas ao menos entenda que é preciso se referir ao indivíduo da maneira que ele entende ser a correta.
[2018-04-30 16:29:55] eu também acho e elas devem ter vivido na prática isso
[2018-04-30 16:30:52] mas vedar homem cisgênero ali é pra incluir uma mina que nasceu homem, ou um cara que nasceu mina
[2018-04-30 16:31:54] É que tipo, essa galera fica fazendo a descrição da exceção da exceção e putz, isso é 0.00001%
[2018-04-30 16:35:06] Eu mesmo já fui vetado em evento delas que eu era responsável pelo lugar que elas iam usar. Fiquei puto no momento, mas pensando.com calma percebi de outras situações e percebi que era isso
[2018-04-30 17:39:27] https://tech.slashdot.org/story/18/04/30/195225/on-this-day-25-years-ago-the-web-became-public-domain
[2018-04-30 17:52:58] Opa, manda detalhes da doação pra sabermos se terá uso para o Garoa. Pois já temos alguns computadores e impressoras. E dependendo do modelo não será interessante pra gente.
[2018-04-30 17:57:16] Não se espante se o número for muito maior que essa porcentagem que você chutou. Recusar-se a reconhecer um nome é o primeiro passo para fazer de conta que não existe e portanto faz parte das muitas opressões em questão...
[2018-04-30 17:57:29] Aqui no Mandacaru já abrimos espaços para mulheres como uma oficina de marcenaria só para elas e os homens não viram problema em não participar, abrimos o espaço para uma roda de conversa sobre visibilidade lésbica e eu era o responsável pelo espaço, não participei pq não quis, fiquei em outra sala. Aqui tem um grupo vinculado ao Mandacaru chamado ProgramADA e elas sempre pedem: homem, se vc for vir, traga uma mulher por favor
[2018-04-30 17:57:45] Assista essa palestra que você entenderá como se fazer um formulário sem ter 138120381321381031 opções: https://www.youtube.com/watch?v=Ao8NRyVTuGI&index=22&list=PLoxsuhBe-jd-05dqpM5keWIGIlNjNTRR9
[2018-04-30 17:58:41] Mas aí não dá pra botar o campo sex na db como bit/bool hehehe
[2018-04-30 17:58:52] Acho que o mais importante é ser um espaço livre
[2018-04-30 17:58:56] Eu também estou tentando no CHS ter algo do tipo, íamos ter mas a menina que estava de frente se mudou do país :(
[2018-04-30 18:00:29] photo: /home/felipe/devel/github_garoa/Telegram_logs_Garoa_Hacker_Clube_Publico/media/Garoa_Hacker_Clube_(Público)/download_806009134_32100.jpg
[2018-04-30 18:01:57] Neste dia eu tava na parte de dentro auxiliando no lanche e de prontidão caso a instrutora precisasse de ajuda.
[2018-04-30 18:02:05] Não me chamaram nenhuma vez
[2018-04-30 18:04:08] Tá muito errado issoai... Uma mulher trans é mulher independente da condição "biológica". O mesmo pros homens q são trans... O fato de se especificar o CIS em espaços ditos 'exclusivos' é pra exatamente incluir os homens q são trans...
[2018-04-30 18:04:12] Enfim
[2018-04-30 18:04:24] Primeira vez comentando aqui rs'
[2018-04-30 18:04:54] foi o que eu quis dizer.
[2018-04-30 18:05:45] É q não existe mina q era homem e tals neh...
[2018-04-30 18:06:14] verdade.
[2018-04-30 18:10:15] Depois de uma discussão como essa, fizemos uma roda de conversa aqui: Gênero e Sexualidade. Encheu mais que qualquer outra atividade
[2018-04-30 18:12:22] hehe
[2018-04-30 18:12:31] isso é ótimo
[2018-04-30 18:13:59] E deu bastante homens hétero cis viu?( Eles geralmente aqui não vão  nestes espaços de conversa)Isso o assunto comentário por uns dias na universidade. Um grupo de hackers abrindo as portas para o tema.
[2018-04-30 18:19:26] Sim. E isso  é aprendizado
[2018-04-30 18:25:32] Inclusive, aproveitando a deixa pra fazer propaganda, entre outras palestras, teremos uma sobre esse tema na CryptoRave2018
TECNOLOGIA ALÉM DO BINARISMO: ELE, ELA OU CIBORGUE?
https://cpa.cryptorave.org/pt-BR/cr2018/public/events/289
[2018-04-30 18:25:41] Programação completa: https://cpa.cryptorave.org/pt-BR/cr2018/public/schedule/
[2018-04-30 18:35:26] Que legal, será que tem a ver com o manifesto xenofeminista?
[2018-04-30 18:48:51] Eu n entendo 100% mas esse texto sempre me interessou 
http://www.laboriacuboniks.net/pt/index.html
[2018-04-30 18:51:02] Não sei. Os sites que ela disponibiliza no perfil dela são http://www.beatrys.info e https://www.zero42.org
