[2017-02-14 00:00:06] Hauhauhau
[2017-02-14 00:00:07] Okay
[2017-02-14 00:40:12] Seis fala dimais
[2017-02-14 00:41:17] document: /home/felipe/devel/github_tvdstaaij/telegram-history-dump/output/media/Garoa_Hacker_Clube_(Público)/download_946707149629687195.webp
[2017-02-14 08:07:16] Garoa Bikeshedding clube
[2017-02-14 08:28:16] 😂
[2017-02-14 08:28:43] Ta aí! Gostei!
[2017-02-14 09:47:41] photo: /home/felipe/devel/github_tvdstaaij/telegram-history-dump/output/media/Garoa_Hacker_Clube_(Público)/download_803111522_23910.jpg
[2017-02-14 10:37:28] Para os nerds apaixonados que seguem o calendário americano: http://www.evilmadscientist.com/2017/valentines5/#rssowlmlink
[2017-02-14 10:40:02] Bikeshedding é Brasil
[2017-02-14 13:56:09] Igor Garcia joined
[2017-02-14 13:56:10] Hi Igor !
[2017-02-14 13:56:44] ó quem tá aí
[2017-02-14 13:57:30] hehe fala Doodoo! Beleza? Tô loco pra chegar em SP e ir dar uma passada no GaroaHC.
[2017-02-14 13:57:49] tá vindo pra cá?
[2017-02-14 13:58:00] ahhh lembrei que sim, hehe. quando cê chega?
[2017-02-14 13:58:58] Aproveitando, queria ajuda da galera aqui. Eu sou membro do RaulHC (HC de Salvador-BA) e a galera tava conversando sobre o sistema de presença "Tem alguém no Raul?" que era um bot mas tá meio quebrado. Daí lembrei desse do Garoa (http://garoahc.appspot.com/) - como posso ter mais info sobre a app?
[2017-02-14 13:59:31] Tô chegando dia 28/3.
[2017-02-14 14:01:13] daora
[2017-02-14 14:09:05] ae
[2017-02-14 14:09:06] http://produto.mercadolivre.com.br/MLB-841542943-maquina-transformador-solda-250a-bivolt-ts-250-vonder-_JM
[2017-02-14 14:09:20] para quem for do garoa faco 300 reais
[2017-02-14 14:09:30] Falar a verdade a gente precisa refazer esse projeto aí, eu acho, né @Biazzotto ?
[2017-02-14 14:38:56] @fernandoGuisso pode compartilhar qual a solução atual? Tá funcionando?
[2017-02-14 14:39:24] de repente a gente juntava e faria uma solução inter-HCs hehe
[2017-02-14 14:49:30] mano
[2017-02-14 14:49:33] n faz app
[2017-02-14 14:49:55] compra um vps que recebe um POST de um servidor local ao HC
[2017-02-14 14:50:10] faz tudo na mão em uma tarde.. é um png que muda
[2017-02-14 14:50:55] vps de 10 dólares ao ano (se já não tiver um com o site de vocês) resolve
[2017-02-14 14:51:23] essa história de appspot já deu tanta dor de cabeça
[2017-02-14 14:52:31] é tipo hello world de framework javascript
[2017-02-14 14:52:54] 13 dependências
[2017-02-14 14:58:39] Eu gosto bastante do appengine :(
[2017-02-14 14:59:20] heroku
[2017-02-14 15:46:33] Se eu ganhasse um LED cada vez que alguém diz "precisa mudar o status do Garoa"... Vai lá, monta em paralelo com o atual e depois anuncia. Show me the code!
[2017-02-14 15:53:53] Nada específico aos autores das sugestões, só que já cansou.
[2017-02-14 15:55:03] Pior, só os "Porque vocês não ....". Inventar tarefa para os outros é tão barato quanto falar e é mais divertido.
[2017-02-14 15:58:28] quem vai saber te dizer é o leão e (se não me engano) o lechuga
[2017-02-14 15:58:35] eles fizeram a solução que está até hoje
[2017-02-14 15:59:31] faz um novo
[2017-02-14 15:59:44] como o DQ e como eu disse pra todos que deram a ideia desde do inicio dos tempos
[2017-02-14 15:59:55] faz um novo e mudar o codigo no RPI e ja era!
[2017-02-14 16:00:03] quinta eu tô no garoa
[2017-02-14 16:00:05] vou fuçar
[2017-02-14 16:00:23] Se não me engano, tem compatibilidade com http://spaceapi.net/intro
[2017-02-14 16:00:55] https://youtu.be/6fAsuCeNDE4
[2017-02-14 16:01:32] Um tanto off-topic, mas acredito que possa ajudar alguns de nós.
[2017-02-14 16:04:30] Tem alguma coisa no github do Garoa: https://github.com/garoa/Hackerspace-Status-API
[2017-02-14 16:04:32] garoa | Hackerspace-Status-API

Status API for Garoa Hacker Clube in São Paulo/Brazil

Language: Python
Forks: 2
Stars: 2
Issues: 0
[2017-02-14 16:27:24] http://calculon80.j89.se/
@fsanches @Belimawr
[2017-02-14 17:07:21] Que tal fazer uma hackathon para ajudar o garoa no carnaval, nestas linhas
[2017-02-14 17:07:24] https://docs.google.com/document/d/1rcapBfUed31l0c909DElNRU0R4n2VbTKExWMFX8GbT0/edit#
[2017-02-14 17:09:44] o que podemos dar de prêmios?
[2017-02-14 17:10:09] Alguém tem algo interessante para doar para a premiação?
[2017-02-14 17:32:57] Is hoje 
Mashup de jogos clássicos usando scratch!
https://www.facebook.com/GaroaHC/posts/1238740419537299
[2017-02-14 17:44:03] Falou TD, eu sou novo, então tô indo devagar, mas já q o past-CS tá falando, vou meter o Loko mesmo. Já falamos com o Leão, não adiantou mt. Vou fazer outro em paralelo então
[2017-02-14 17:47:31] faz um novo coloca no github e pede pra colocar as pubkey no PR
[2017-02-14 17:48:04] http://fermatslibrary.com/s/when-csi-meets-public-wifi-inferring-your-mobile-phone-password-via-wifi-signals
[2017-02-14 18:16:00] @mynameiserin valeu a dica. A API é tranquilo, eu tava mais curioso pra saber sobre o processo de check in / out. É um botão físico num Arduíno por exemplo? Ou uma mobile app? Se é uma mobile app, tem autenticação? Ou é uma interface web rodando numa máquina que fica no local ligada direto?
[2017-02-14 18:19:40] raspi 24/7 com sensor numa porta. porta aberta = garoa aberto
[2017-02-14 18:20:48] É um imã+interruptor na folha da porta e no batente.
[2017-02-14 18:21:07] Quando tem gente essa porta fica aberta
[2017-02-14 18:23:37] qual é essa porta? só por curiosidade
[2017-02-14 18:34:51] da sala de eletronica
[2017-02-14 18:35:24] q não é a q o pessoal tem chave, talvez pra caso vc queira chegar na encolha, tendeu
[2017-02-14 18:36:26] não entendi a parte de "chegar na encolha", rs. mas saquei
[2017-02-14 18:36:56] aí quem abre o garoa precisa também deixar essa porta aberta pro sensor avisar que o garoa tá aberto, é isso?
[2017-02-14 18:37:07] exato
[2017-02-14 18:37:07] e ao fechar, precisa fechar a porta.
[2017-02-14 18:37:15] exato
[2017-02-14 18:37:27] da pra dar um push na api tb
[2017-02-14 18:37:28] pelo histórico, vcs conseguem seguir isso? ninguém esquece de abrir/fechar a porta?
[2017-02-14 18:38:15] não, pq é mt calor, ninguém entra e deixa a porta fechada kkk
[2017-02-14 18:38:29] hahaha entendi
[2017-02-14 18:38:36] e fechar é obrigatorio pra não haver perdas né
[2017-02-14 18:38:47] quem sai por ultimo fecha td
[2017-02-14 18:38:59] ah, a da eletronica é a sala do lado da cozinha?
[2017-02-14 18:39:18] exato
[2017-02-14 18:39:31] é a porta principal digamos
[2017-02-14 18:41:40] pensando agora, tem bastante porta no garoa, né? haha
[2017-02-14 18:42:14] o sensor então fica na porta da sala pro corredor externo. entendi. é, fica difícil esquecer mesmo.
[2017-02-14 18:44:01] é o q falei, pro ar circular a gente abre tds as portas, tirando da sala suja e do estudio, mas sempre chega gente nova, então tem q ficar aberto pra gente mostrar o espaço
[2017-02-14 18:44:09] Baseado na nova SpaceAPI v0.13, para não quebrar a compatibilidade com todos os aplicativos.
Não precisa de PubNub, Firebase, etc...
[2017-02-14 18:45:53] 👍
[2017-02-14 19:00:54] Alguém já palestrou no TDC Florianópolis? O Call for papers termina hoje.
[2017-02-14 19:01:01] Eles pagam a passagem?
[2017-02-14 19:27:16] Que tal https://garoa.net.br/wiki/Hackathon_Carnahacking_2017
[2017-02-14 19:39:12] show, mas onde q eu vo arrumar premio pra cada categoria dessa kkk
[2017-02-14 19:40:10] me da um exemplo de projeto matrix e um de blade runner, n consegui visualizar nd
[2017-02-14 19:55:56] Não.
[2017-02-14 20:02:24] Então não vou nem inscrever, mal tenho grana pra pegar o ônibus 😂
[2017-02-14 20:03:12] Ano passado eu fiz com o Ramalho uma atividade no TDC4Kids em São Paulo, foi legal. Mas bancar Floripa não tou podendo.
[2017-02-14 20:04:05] MIKE QUE DEMAIS QUE FICOU ISSO!
[2017-02-14 20:21:50] Será que a gente consegue alguns prêmios ? Camisetas etc já ajudam. Gutem doou um Arduíno, eu consegui uns nodemcu
[2017-02-14 20:25:47] Matrix, um tipo de sniffer no esp8266, que acende umas luzes quando vê algo interessante, material de acompanhamento ensina como fazer um, o que é sniffing, etc
[2017-02-14 20:27:02] Blade runner unicórnio - qualquer coisa, menção honorária, algo engraçado
[2017-02-14 20:27:58] No fim do Blade runner tinha um unicórnio de origami que ninguém sabia o que queria dizer...
[2017-02-14 20:28:20] Mas era curioso
[2017-02-14 20:29:12] No fim não importa muito é um pouco de brincadeira
[2017-02-14 20:44:36] Tendeu
[2017-02-14 20:49:53] adorei
[2017-02-14 21:28:57] photo: /home/felipe/devel/github_tvdstaaij/telegram-history-dump/output/media/Garoa_Hacker_Clube_(Público)/download_804201858_15581.jpg
[2017-02-14 21:29:07] Bora ouvir um som em vinil
[2017-02-14 21:33:01] ovos presseley?!?! wtf
[2017-02-14 21:33:30] Opa! Psychobilly do ABC!
[2017-02-14 21:33:42] kkk
[2017-02-14 21:34:00] Mistura de Rock a Billy com Punk Rock
[2017-02-14 21:34:25] tem no youtube ou só no vinil?
[2017-02-14 21:36:12] OvosPresley 'e de Curitiba, eles tocam direto por aqui...
[2017-02-14 21:39:55] Tem no YouTube
[2017-02-14 21:40:15] Verdade. Kaes Vadius que é do ABC
[2017-02-14 21:40:50] Psycho Carnival Feelings
[2017-02-14 22:03:12] photo: /home/felipe/devel/github_tvdstaaij/telegram-history-dump/output/media/Garoa_Hacker_Clube_(Público)/download_803120763_5942.jpg
[2017-02-14 22:06:03] bem vindo ao área 31
[2017-02-14 22:07:03] Essa maluco suja o nome dos hackerspaces e ainda por cima dos mineiros
[2017-02-14 22:07:19] OPa
[2017-02-14 22:07:25] mineiro na area pra limpar nossa barra
[2017-02-14 22:07:26] hauahuahahu
[2017-02-14 22:07:31] Mano, mineiro é td tranquilo
[2017-02-14 22:07:37] #Area31NaoMeRepresenta
[2017-02-14 22:07:37] hahaha
[2017-02-14 22:07:39] sou meio mineiro tb
[2017-02-14 22:08:37] mano, aquele triangulo tem historia, tem um significa
[2017-02-14 22:08:47] o cara viaja demais
[2017-02-14 22:08:55] que triangulo ?
[2017-02-14 22:09:08] to sabendo disso nao
[2017-02-14 22:09:09] da bandeira uai
[2017-02-14 22:09:12] ahhh
[2017-02-14 22:13:02] cara, eu qdo comecei a participar da...digamos, cena, de hacking em BH e no Brasil, senti mta falta de algum acesso a mais informação, eventos lugar, galera... enfim. mesmo sabendo do area31 não foi possivel. Junto com isso e mais 2 novatos na brincadeira, resolvemos fazer montar o meetup, o 0x0d1a.  junta com isso umas postagens mto zuadas de alguns do area 31 que não sao coibidas pelos outros...
[2017-02-14 22:13:06] melhor nem envolver
[2017-02-14 22:13:08] :P
[2017-02-14 22:13:22] inclusive, vai tamo organizando mais um encontro pra dia 22
[2017-02-14 22:13:32] quem tiver em BH é bem vindo demais
[2017-02-14 22:14:05] vi la no grupo do roadsec, parabéns ai pela iniciativa
[2017-02-14 22:14:48] vlw o/
[2017-02-14 22:14:57] pena que vo ter que apoiar mais de longe
[2017-02-14 22:15:08] pq to indo pra sampa mes que vem :P
[2017-02-14 22:44:46] @thomas me desculpe nao consegui ir hoje, sai de maua as 19h nao daria tempo de chegar ai
[2017-02-14 22:49:24] Cortando uma rosca num anel de Moebius https://twitter.com/businessinsider/status/831648482142220288
[2017-02-14 23:06:20] 👍🏻
[2017-02-14 23:12:30] É de Mauá tbm?
[2017-02-14 23:28:25] <3
