[2017-09-21 01:54:00] Virginia Woolf joined
[2017-09-21 08:00:40] http://www.laweekly.com/news/nasa-engineer-sidd-bikkannavar-is-suing-the-government-for-searching-his-smartphone-8662896
[2017-09-21 09:01:40] Aproveitando o gancho, alguém ja testou essa paradinha aqui?
[2017-09-21 09:01:43] https://postmarketos.org/
[2017-09-21 10:16:59] Cara, tenho interesse ;)
[2017-09-21 10:41:18] Tem pré requisitos?
[2017-09-21 10:48:47] Começando a aprender python 🙋🏽‍♂
[2017-09-21 13:10:24] O q vcs usam pra criptografia de disco? Bitlocker acaba com o desempenho...
[2017-09-21 13:10:34] Ter vontade de contribuir código para um projeto de software livre. Ter noções básicas de python. Ter algum interesse por tipografia
[2017-09-21 13:11:43] criei um grupo do FontBakery no Telegram. Quem quiser acompanhar de perto o desenvolvimento e talvez colaborar um pouco com código, entre em contato comigo que eu adiciono no grupo.
[2017-09-21 13:48:41] pd me colocar la?
[2017-09-21 13:49:07] claro!
[2017-09-21 14:08:25] qual a melhor coisa para limpar notebook quando deixamos cair café no teclado
[2017-09-21 14:08:27] ?
[2017-09-21 14:09:56] Vixi, tirar o teclado e limpar com alcool isopropilico e nao enxarcou
[2017-09-21 14:10:03] agua e detergente neutro
[2017-09-21 14:10:03] :D
[2017-09-21 14:10:20] com ele desligado e fora do note
[2017-09-21 14:11:00] essas coisas é sempre bom avisar, né? :-D
[2017-09-21 14:12:01] é bom, mas nao precisa exagerar....
[2017-09-21 14:12:14] nunca se sabe.. kkk
[2017-09-21 14:12:26] rsrsrs
[2017-09-21 14:15:48] O última café que derrubaram no note e me ligaram foi assim:
- Derrubador de café:
Meu notebook não quer ligar.
- Evandro:
Quando aperta o botao de ligar, aparece alguma coisa na tela? pisca? acende alguma luz na frente?
- Derrubador de café:
Não... eu aperto e nada acontece.
- Evandro:
Está ligado na tomada? A bateria estava com carga?
- Derrubador de café:
Sim, esta ligado, a bateria estava normal.
- Evandro:
Então talvez seja só o botão com problema.
- Derrubador de café:
Será que deu problema depois que derrubei café?
[2017-09-21 14:21:53] Ou "só" queimou a placa .fim
[2017-09-21 14:24:12] uma vez derrubei cerveja no laptop. As teclas ficaram colando.
[2017-09-21 14:24:50] Ja fiz isso uma vez, tive que trocar
[2017-09-21 14:44:18] tenho um note que tá assim até hoje.. tem uns 10 anos que derrubei a cerva, nunca limpei
[2017-09-21 14:44:20] kkkk
[2017-09-21 14:49:54] VeraCrypt
[2017-09-21 14:59:16] LUKS. Mas eu faço um pouco diferente: https://tia.mat.br/posts/2017/05/08/coreboot_luks.html
[2017-09-21 15:07:37] Eu utilizo VeraCrypt
[2017-09-21 16:02:30] Pela minha experiência, café com leite não dá M. Mas mate... perdi um teclado mecânico de 650 contos por causa de mate :(
[2017-09-21 16:56:40] Alguém ai tem experiência com provedores de banda larga?
[2017-09-21 19:10:44] http://www.telesintese.com.br/internet-brasileira-ainda-sofre-efeito-do-furacao-maria/
[2017-09-21 20:19:14] photo: /home/felipe/devel/github_tvdstaaij/telegram-history-dump/output/media/Garoa_Hacker_Clube_(Público)/download_804728091_7324.jpg
[2017-09-21 20:19:20] Shopping Eldorado
[2017-09-21 20:20:39] document: /home/felipe/devel/github_tvdstaaij/telegram-history-dump/output/media/Garoa_Hacker_Clube_(Público)/download_768994957837995678.webp
[2017-09-21 20:44:02] Ótima iniciativa!
[2017-09-21 21:37:42] Alguém veio no Garoa e não conseguiu entrar hoje?
[2017-09-21 21:49:54] Ótimo modo de captura de dados.
[2017-09-21 22:06:45] Bora Aprender Node.js e Typescript na PRÁTICA ? 
27/09 - 19:00 - Online :D 
https://www.facebook.com/events/126454161340533
[2017-09-21 23:39:08] Erick, vai ficar grupo salvo pra gente assistir depois?
