[2017-03-26 11:48:57] #ghcamp
[2017-03-26 12:03:42] Eeee
[2017-03-26 13:42:40] Gustavo joined
[2017-03-26 13:42:41] Hi Gustavo !
[2017-03-26 14:01:19] Falta 1 semana para o #ghcamp !!!
[2017-03-26 14:02:23] O q ser isso?
[2017-03-26 14:23:56] Garoa Hacker Camp, 1 e 2 de abril
[2017-03-26 14:58:58] photo: /home/felipe/devel/github_tvdstaaij/telegram-history-dump/output/media/Garoa_Hacker_Clube_(Público)/download_803735489_74770.jpg
[2017-03-26 14:59:04] photo: /home/felipe/devel/github_tvdstaaij/telegram-history-dump/output/media/Garoa_Hacker_Clube_(Público)/download_803119039_25019.jpg
[2017-03-26 14:59:07] photo: /home/felipe/devel/github_tvdstaaij/telegram-history-dump/output/media/Garoa_Hacker_Clube_(Público)/download_803115398_25688.jpg
[2017-03-26 14:59:09] photo: /home/felipe/devel/github_tvdstaaij/telegram-history-dump/output/media/Garoa_Hacker_Clube_(Público)/download_803120813_25583.jpg
[2017-03-26 14:59:10] Po, as imgs não tinham vindo
[2017-03-26 14:59:39] Passei hoje lá para pagar
[2017-03-26 14:59:49] Boa tarde!!
Qyal o objetivo desse chat galera
[2017-03-26 15:00:02] Pode chegar dia 31
[2017-03-26 15:00:41] Se quiser chegar dia 31 a tarde pode ficar em casa
[2017-03-26 15:09:17] Comunidade de frequentadores e simpatizantes do Garoa Hacker Clube http://Garoa.net.br
[2017-03-26 15:09:33] Ha sim
[2017-03-26 15:20:01] Entao eu acho qvou sair ok
[2017-03-26 15:20:19] document: /home/felipe/devel/github_tvdstaaij/telegram-history-dump/output/media/Garoa_Hacker_Clube_(Público)/download_532578929706291973.mp4
[2017-03-26 15:26:49] document: /home/felipe/devel/github_tvdstaaij/telegram-history-dump/output/media/Garoa_Hacker_Clube_(Público)/download_532581072894972795.mp4
[2017-03-26 15:40:12] document: /home/felipe/devel/github_tvdstaaij/telegram-history-dump/output/media/Garoa_Hacker_Clube_(Público)/download_570680894554647.webp
[2017-03-26 15:53:02] 👏🏽👏🏽👏🏽👏🏽
[2017-03-26 15:56:16] Dominação mundial
[2017-03-26 17:43:57] Achei que isso a gente só contasse depois de alguns dias
[2017-03-26 18:00:22] Todas as noites
[2017-03-26 18:04:53] photo: /home/felipe/devel/github_tvdstaaij/telegram-history-dump/output/media/Garoa_Hacker_Clube_(Público)/download_803721504_95186.jpg
[2017-03-26 20:24:26] Alguem já mexeu com Raw sockets?
[2017-03-26 20:26:54] vish mano, eh domingo
[2017-03-26 20:30:06] Hey, quem vai na sexta para o Garoa Hacker Camp? Eu estou querendo ir, uma carona seria muito bem vinda.
[2017-03-26 20:30:36] Ou rachar o über, se precisar. Pode mandar mensagem em PVT quem estiver afim
[2017-03-26 20:33:42] @tilt4 tá indo sexta... acho que tem espaço no carro ainda
[2017-03-26 20:34:07] Toda hora é hora... rs
[2017-03-26 20:43:58] kkk
[2017-03-26 20:45:17] neste momento estou be maker: brincando com eggbot
[2017-03-26 20:49:40] document: /home/felipe/devel/github_tvdstaaij/telegram-history-dump/output/media/Garoa_Hacker_Clube_(Público)/download_5100690585065357315
[2017-03-26 20:50:25] photo: /home/felipe/devel/github_tvdstaaij/telegram-history-dump/output/media/Garoa_Hacker_Clube_(Público)/download_803734467_74840.jpg
[2017-03-26 20:53:15] Legal issaê
[2017-03-26 20:53:39] Preparando uma "easter egg hunting" pra Pascoa? rs
[2017-03-26 20:53:53] por ai
[2017-03-26 20:54:09] os moleques nao comem chocolate
[2017-03-26 20:54:18] ano passado entalhei ovos de avestruz para eles
[2017-03-26 20:54:23] mas fiz na mao
[2017-03-26 20:54:33] esse ano modernizei
[2017-03-26 21:04:18] Se eu conseguir consertar ele até lá sim kkk agora não sei como vou..
[2017-03-26 21:05:03] kkkk
[2017-03-26 21:05:23] bobear a cheroka vai estar pronta, so vir na manha
[2017-03-26 21:06:00] Beleza aí pego o povo no Garoa
[2017-03-26 21:06:14] mas tem que vir na manha
[2017-03-26 21:06:24] Com ela eu ando na manha kkk
[2017-03-26 21:06:28] Parece um barco
[2017-03-26 21:06:29] kkkk
[2017-03-26 21:06:38] vou ver com o meca e aviso
[2017-03-26 21:06:42] Beleza
[2017-03-26 21:08:28] qq coisa eu faco um bate e volta e pego uma leva
[2017-03-26 21:09:00] apertadinho cabe uns 4 na cherokinha
[2017-03-26 21:09:28] mas tb eh o seguinte: trem e busao chega facil aqui
[2017-03-26 21:09:40] busao mais facil
[2017-03-26 21:50:27] O problema é levar mala, coisaa
[2017-03-26 22:15:24] ah sim, temos uma zica: wifi nao esta legal onde vamos ficar
[2017-03-26 22:15:49] vou ver se levo uns rot para colocar de repetidor, mas se alguem tiver alguma coisa melhor, avise
[2017-03-26 22:31:19] O zeroésimo hacker camp fizemos sem wifi e foi de boa!!!
[2017-03-26 22:40:51] document: /home/felipe/devel/github_tvdstaaij/telegram-history-dump/output/media/Garoa_Hacker_Clube_(Público)/download_1045404939746018591.webp
[2017-03-26 22:41:05] Ou seja, não é o ideal, mas não é o fim do mundo
