[2017-11-13 02:31:27] https://twitter.com/elonmusk/status/929823757635481600
[2017-11-13 05:35:27] Não sei o que e, mas EMHO eu colocaria umas vias nesse plano para ele não ficar voando.
[2017-11-13 05:37:29] Share Tech Mono
[2017-11-13 06:48:53] Era só um exemplo pro villares, não é uma placa minha
[2017-11-13 07:37:22] Depois que eu percebi! Dá uma olhada na Share Tech Mono, fica LINDA nas placas.
[2017-11-13 07:37:37] https://fonts.google.com/specimen/Share+Tech+Mono
[2017-11-13 07:39:51] photo: /home/felipe/devel/github_garoa/Telegram_logs_Garoa_Hacker_Clube_Publico/media/Garoa_Hacker_Clube_(Público)/download_4922657765375082521.pdf
[2017-11-13 07:39:56] Comparação com a Arial dos designators
[2017-11-13 08:49:31] Matheus Pompeu joined
[2017-11-13 08:50:02] Oi, gente, novo aqui, conheci um pessoal que frequenta o garoa na Roadsec
[2017-11-13 08:52:58] Legal. Você viu que é a mesma pessoa que desenhou a Fira?
[2017-11-13 08:53:25] Seja bem-vindo!
[2017-11-13 08:53:54] Digo o mesmo haha
[2017-11-13 09:53:53] Bem vindo, Matheus.
[2017-11-13 09:55:30] bem vindo mano
[2017-11-13 10:02:51] document: /home/felipe/devel/github_garoa/Telegram_logs_Garoa_Hacker_Clube_Publico/media/Garoa_Hacker_Clube_(Público)/download_120138932577894447.webp
[2017-11-13 10:10:34] https://forum.fiozera.com.br/t/arqueologia-digital-resgate-historico-dos-computadores-pioneiros-do-brasil/156
[2017-11-13 10:10:34] photo: /home/felipe/devel/github_garoa/Telegram_logs_Garoa_Hacker_Clube_Publico/media/Garoa_Hacker_Clube_(Público)/download_804722660_69046.jpg
[2017-11-13 10:10:34] photo: /home/felipe/devel/github_garoa/Telegram_logs_Garoa_Hacker_Clube_Publico/media/Garoa_Hacker_Clube_(Público)/download_805514748_37279.jpg
[2017-11-13 10:10:34] @fsanches no Roadsec
[2017-11-13 10:26:39] http://www.businessinsider.com/how-hackers-can-compromise-your-computer-monitor-darkly-cybersecurity-ssl-mr-robot-red-balloon-security-2017-11
[2017-11-13 10:33:22] [Por que o Canadá se Tornou a Meca da Inteligência Artificial? (E o que o Brasil tem a ver com isso?) | Salomão Filho | LinkedIn] é bom. Dê uma olhada! https://www.linkedin.com/pulse/por-que-o-canad%C3%A1-se-tornou-meca-da-intelig%C3%AAncia-artificial-filho?trk=eml-email_feed_ecosystem_digest_01-recommended_articles-8-Unknown&midToken=AQEPWFY9rIekGg&fromEmail=fromEmail&ut=3dekmSU2bea801
[2017-11-13 11:49:42] Obrigado pelas boas vindas galera
[2017-11-13 12:16:33] @mdente blz? Você vai disponibilizar algum slide ou link sobre o rubber ducky?
[2017-11-13 12:29:03] Parabéns, Juca!
[2017-11-13 13:06:01] Infelizmente não pude ir a Roadsec
[2017-11-13 13:06:17] Tive apresentação do TCC que por sinal ocorreu tudo bem? Ufa! Rs
[2017-11-13 13:07:11] Parabéns pela apresentação também Juca. Acredito que tenha se saído bem também.
[2017-11-13 13:07:42] Alguém que estava por lá viu algo sobre Rubber Duck?
[2017-11-13 13:07:49] opa, blz? vou organizar, to pensando em fazer um vídeo e mostrar todas as formas possíveis
[2017-11-13 13:07:54] Vi que teria algo... gostaria de ter participado 😒
[2017-11-13 13:09:07] e no final das contas, o Cap Crunch não apareceu... confere?
[2017-11-13 13:10:02] Renato Barbosa joined
[2017-11-13 13:10:27] Q bom né
[2017-11-13 13:11:46] Quer fazer uma talk no QoC sobre Rubber Duck?
[2017-11-13 13:11:48] não sei dizer se é bom ou ruim, ele tem uma puta contribuição pra área... e até agora não vi acusações consistentes em relação a ele. Só tweets aleatórios.
[2017-11-13 13:14:11] Quis dizer, q bom pra mim kkkk
[2017-11-13 13:14:18] Apoio!
[2017-11-13 13:22:19] claro!
[2017-11-13 13:23:03] vou preparar alguma coisa que fale e demonstre em vários formatos
[2017-11-13 13:23:06] só não pode ser en sábado de aula
[2017-11-13 13:23:43] 👍
[2017-11-13 13:43:34] alguém ganhou zcash na roadsec?
[2017-11-13 13:44:46] obs: mais 5 membros no grupo atingimos a meta
[2017-11-13 13:49:02] 👍
[2017-11-13 13:55:10] Acusações de que? É o Crunch do apito 2600?
[2017-11-13 14:02:42] Sim. Alegaram que ele andou pegando uns novinhos aí... 
Mas foram tuítes, nenhuma acusação judicial até agora
[2017-11-13 14:13:11] y0ct0 joined
[2017-11-13 14:13:52] bem vindo
[2017-11-13 14:14:14] @y0ct0
[2017-11-13 14:15:08] tamo ae
[2017-11-13 14:23:08] não que "ter uma puta contribuição" diminua um crime... mas vocês me entenderam, né?
[2017-11-13 14:56:27] Sim. Relaxa... ;)
[2017-11-13 15:07:22] XP contrata Fernando Ulrich como economista-chefe de criptomoedas

Coluna do Broadcast
10 Novembro 2017 | 05h00
A XP Investimentos contratou o especialista em moedas digitais Fernando Ulrich para o cargo de economista-chefe de criptomoedas, dando mais um sinal de que a corretora está se movimentando no setor.

Sem alarde. Em setembro, a XP registrou a marca “XP Bitcoin” no Instituto Nacional de Propriedade Industrial (INPI), fomentando rumores de que a corretora possa operar bitcoins num futuro próximo. Procurada, a XP informou que estuda o mercado de moedas virtuais e analisa as possibilidades. A corretora destaca ainda que seu projeto de blockchain e moedas criptografadas ainda é muito incipiente e que está em fase de estudos e avaliação do mercado
[2017-11-13 15:20:24] ^ estamos nos movendo para ter um mercado um pouco mais líquido
[2017-11-13 15:27:05] 4
[2017-11-13 15:39:08] vish, vai abrir um portal na Costa Carvalho e vai sumir a casa inteira... rsrsrs
[2017-11-13 15:40:57] Inclusive o portal está aberto (tum-dum-pishhhh)
[2017-11-13 15:41:48] http://www.cmegroup.com/media-room/press-releases/2017/10/31/cme_group_announceslaunchofbitcoinfutures.html
[2017-11-13 15:44:16] rsrsrs
[2017-11-13 16:15:59] Eu não... fiquei meia hora e desisti... o cara não estava querendo nos atender lá, e eu tenho uma carteira ZCash...
[2017-11-13 16:16:38] blz
[2017-11-13 16:16:48] eu tb não consegui
[2017-11-13 16:35:17] https://www.derechosdigitales.org/10704/facebook-no-es-gratis-y-nunca-lo-sera/?utm_content=buffer3e7f6&utm_medium=social&utm_source=twitter.com&utm_campaign=buffer
[2017-11-13 17:09:07] document: /home/felipe/devel/github_garoa/Telegram_logs_Garoa_Hacker_Clube_Publico/media/Garoa_Hacker_Clube_(Público)/download_804726985_45485.jpg
[2017-11-13 17:09:13] Saiu esse parecer do banco central quando as cryptomoedas... Ainda não tive tempo de ler
[2017-11-13 17:12:55] Efe be ih usava acusações desse tipo pra destruir reputações
[2017-11-13 17:20:48] O Bacen quer implementar blockchain para determinados processos.
[2017-11-13 17:22:34] "the main goal is not to substitute or provide
a main settlement system, but to create a minimal funds transfer system to the
 nancial sector in case of a complete main RTGS meltdown."
[2017-11-13 17:22:37] Oh boy
[2017-11-13 17:27:32] Achei cabos on the Go, tava procurando
[2017-11-13 17:30:34] É necessária mais investigação para verificar se será capaz de resolver a questão da privacidade, e a avaliação de outras inovadoras abordagens.👏👏👏
[2017-11-13 17:31:20] Quando envolve o governo as coisas ficam bem diferentes
[2017-11-13 17:32:13] O nome vai ser HueCoin ou BrásCoin
[2017-11-13 17:33:09] @lvido antes que eu me esqueça: http://traffic.libsyn.com/dataskeptic/the-computational-complexity-of-machine-learning.mp3?dest-id=201630
[2017-11-13 17:34:34] Não sei se é interessante pra você mas o entrevistado falou muito sobre aplicação de machine learning no mercado mobiliário
[2017-11-13 17:34:46] Lembro que você estava estudando a respeito
[2017-11-13 17:36:23] Show. chegando em casa eu dou uma olhada
[2017-11-13 18:12:44] Gente, fui formatar meu HD externo, mas o cabo tava com mal contato e no meio da operação ele desconectou, agora o PC não tá reconhecendo mais o HD. Tentei dar um mount nele mas não vai
[2017-11-13 18:12:58] Alguém saberia me ajudar?
[2017-11-13 18:16:31] ja era
[2017-11-13 18:16:47] vc tem um belissimo peso de papel
[2017-11-13 18:16:58] ta no windows ou linux ?
[2017-11-13 18:17:12] se tiver no linux, ve se sobe o device, se subir da pra formatar
[2017-11-13 18:17:14] se não ja elvis
[2017-11-13 18:27:32] Linux
[2017-11-13 18:28:57] desconecte, espere alguns segundos, reconecte e veja se aparece no dmesg
[2017-11-13 18:29:23] "espere alguns segundos"
[2017-11-13 18:29:29] tem capacitor para descarregar não
[2017-11-13 18:29:37] usb é um saco assim mesmo
[2017-11-13 18:29:44] Bem, quando eu dou fdisk -l ele aparece
[2017-11-13 18:29:45] tipo suporte tecnico lvl1
[2017-11-13 18:29:49] opa
[2017-11-13 18:29:51] ai sim
[2017-11-13 18:29:54] só formatar
[2017-11-13 18:30:10] veja se a capacidade está certa
[2017-11-13 18:30:48] tô sem paciência hoje, vim ajudar o cara, quer falar mais ou esse aviso é o suficiente?
[2017-11-13 18:30:50] se o device sobe, só formatar por cima e susse
[2017-11-13 18:31:07] vai te catar mina, qsf sua falta de paciência
[2017-11-13 18:31:32] removido do grupo
[2017-11-13 18:31:52] Sim a capacidade tá certa
[2017-11-13 18:32:05] então o mbr está intacto, é so formatar com a ferramenta que preferir
[2017-11-13 18:32:08] Como que é o comando pra formatar mesmo?
[2017-11-13 18:32:29] Ah claro, tem várias, vou ver aqui
[2017-11-13 18:32:32] o gparted é uma interface gráfica pra gerenciar partições, recomendo se você não estiver acostumado com a linha de comando
[2017-11-13 18:34:33] Abri o gparted... Mas aparece na participação dele o aviso unallocated
[2017-11-13 18:34:41] Partição*
[2017-11-13 18:34:57] certo, isso simplesmente significa que não existe partições no hd, ou seja, ele está formatado
[2017-11-13 18:35:16] agora você cria uma nova partição no espaço vazio com o sistema de arquivos que preferir
[2017-11-13 18:35:28] por padrão, o linux usa ext4, o windows ntfs
[2017-11-13 18:35:32] Hmm, ok, acho que vou ter que criar aqui então
[2017-11-13 18:35:34] Valeu
[2017-11-13 18:36:38] Ah, já sei a merda que deu
[2017-11-13 18:36:57] Ele perdeu o partition table
[2017-11-13 18:37:24] o fato de não ter partições não necessariamente significa isso, mas isso resolve-se no gparted também
[2017-11-13 18:37:43] tem um menu onde diz "criar tabela de partições" ou a mesma coisa em inglês
[2017-11-13 18:37:46] Sim, já criei
[2017-11-13 18:37:47] escolha GPT
[2017-11-13 18:37:47] ok
[2017-11-13 18:40:17] Bem, eu mandei criar, tá falando que tem uma operação pendente
[2017-11-13 18:40:29] Significa que ele ainda está executando?
[2017-11-13 18:40:44] não, significa que você colocou na fila para ser executado
[2017-11-13 18:40:55] Eu vi a mensagem dsrespeitosa do cara lá e já estava me preparando pra banir, mas vi que você foi mais rápida, Erin. Se você não tivesse banido eu o teria feito. 👍
[2017-11-13 18:40:58] agora você clica no ✔️ pra executar
[2017-11-13 18:41:20] :)
[2017-11-13 18:41:21] Ah entendi
[2017-11-13 18:41:38] Agora sim
[2017-11-13 18:41:42] Valeu
[2017-11-13 18:41:46] sem problemas!
[2017-11-13 18:45:52] Pera, acho que deu erro, vou tentar de novo pq não vi o log
[2017-11-13 18:46:03] Fechei sem querer depois do erro
[2017-11-13 18:47:17] Had trouble writing out superblock
[2017-11-13 18:48:18] hmm
[2017-11-13 18:48:46] Calma deixa eu mostrar o log inteiro
[2017-11-13 18:49:05] photo: /home/felipe/devel/github_garoa/Telegram_logs_Garoa_Hacker_Clube_Publico/media/Garoa_Hacker_Clube_(Público)/download_805513199_38203.jpg
[2017-11-13 18:51:01] fazendo uma busca rápida isso pode indicar defeito no disco
[2017-11-13 18:51:08] faça um teste smart
[2017-11-13 18:51:26] tente rodar isto: sudo smartctl --test=short /dev/sdb
[2017-11-13 18:51:49] se disser que você não tem este comando, use sudo apt install smartmontools
[2017-11-13 18:52:53] isso iniciará o teste e te dirá quando o teste estiver pronto. depois que passar o tempo, digite sudo smartctl -a /dev/sdb e procure pelos resultados de teste SMART.
[2017-11-13 18:54:22] Blz, eu mandei criar a partição de novo
[2017-11-13 18:54:31] Se der erro mais uma vez
[2017-11-13 18:54:38] Aí eu faço isso aí
[2017-11-13 18:55:57] Agradeço desde agora a ajuda Erin
[2017-11-13 18:56:44] Bom, dessa vez tá demorando mais pra indicar o erro, o processo ainda está rodando
[2017-11-13 19:07:54] photo: /home/felipe/devel/github_garoa/Telegram_logs_Garoa_Hacker_Clube_Publico/media/Garoa_Hacker_Clube_(Público)/download_804730848_48027.jpg
[2017-11-13 19:08:10] photo: /home/felipe/devel/github_garoa/Telegram_logs_Garoa_Hacker_Clube_Publico/media/Garoa_Hacker_Clube_(Público)/download_804726185_47171.jpg
[2017-11-13 19:09:12] photo: /home/felipe/devel/github_garoa/Telegram_logs_Garoa_Hacker_Clube_Publico/media/Garoa_Hacker_Clube_(Público)/download_804725156_66210.jpg
[2017-11-13 19:09:40] Mas se alguém tiver tempo de ver, vai que deixei passar algo?
[2017-11-13 19:09:59] Agradeço mesmo a ajuda caras, desculpa o incomodo
[2017-11-13 19:10:33] você não esperou terminar o teste
[2017-11-13 19:10:40] Self_test_in_progress
[2017-11-13 19:10:43] na sua última foto
[2017-11-13 19:11:25] Ele saiu do programa sozinho eu acho
[2017-11-13 19:11:45] o SMART test não é um programa
[2017-11-13 19:11:50] Ou ele gera algum log?
[2017-11-13 19:11:52] você não leu a saída do comando
[2017-11-13 19:12:01] ele diz que horas o teste estará pronto
[2017-11-13 19:12:09] os testes curtos duram em torno de 2 minutos
[2017-11-13 19:12:22] após esse horário você abre o log com o último comando que te dei
[2017-11-13 19:12:46] Ah, ok
[2017-11-13 19:29:32] photo: /home/felipe/devel/github_garoa/Telegram_logs_Garoa_Hacker_Clube_Publico/media/Garoa_Hacker_Clube_(Público)/download_804730043_46804.jpg
[2017-11-13 19:30:06] não é isso que você quer, são os resultados do teste smart no final
[2017-11-13 19:31:15] photo: /home/felipe/devel/github_garoa/Telegram_logs_Garoa_Hacker_Clube_Publico/media/Garoa_Hacker_Clube_(Público)/download_804725768_67392.jpg
[2017-11-13 19:32:08] não estão offline, eles são atualizados quando o drive está offline
[2017-11-13 19:32:11] photo: /home/felipe/devel/github_garoa/Telegram_logs_Garoa_Hacker_Clube_Publico/media/Garoa_Hacker_Clube_(Público)/download_4933831449213141051.jpeg
[2017-11-13 19:32:16] offline = não está usado pelo sistema
[2017-11-13 19:32:25] completed without error é o que você estava procurando
[2017-11-13 19:32:29] o disco está ok então
[2017-11-13 19:32:45] então o seu problema em criar a partição é outro
[2017-11-13 19:33:01] mas pelo menos é corrigível
[2017-11-13 19:33:06] procure o erro em forums
[2017-11-13 19:34:04] Hmm, ok, então aquele erro de writing out superblock é o que tenho procurar como corrigir
[2017-11-13 19:34:18] Thanks
[2017-11-13 19:41:25] O mkef2fs tem um comando que checa por badblocks
[2017-11-13 19:41:31] Estou rodando aqui
[2017-11-13 19:42:27] O comando é mkef2fs -c -t ext4 /dev/sdb
[2017-11-13 19:42:41] Ou qualquer outro disco que seja
[2017-11-13 19:42:54] Caso alguém se interesse, sei lá
[2017-11-13 19:53:23] @Biazzotto , o seu Arduino que tem saída USB é esse Digispark? https://produto.mercadolivre.com.br/MLB-745992530-micro-arduino-digispark-kickstarter-attiny85-menor-q-pro-min-_JM
[2017-11-13 19:56:42] O que é fira? Sou muito leigo em design hahah
[2017-11-13 20:04:15] Uma fonte, uma família de fontes desenhada para a fundação Mozilla. Fira Sans, Fira Mono
[2017-11-13 20:06:25] Ah que legal!
[2017-11-13 20:06:32] Eu achei ela MUITO bonita nas PCBs
[2017-11-13 22:48:12] Não, o meu é o Mini SS Micro, ele tem um microcontrolador AtMega 32U4, o mesmo do Arduino Leonardo.
Esse aqui: http://s.aliexpress.com/NjyauENv
[2017-11-13 22:51:04] Está custando mais caro agora, comprei 3 por 10 dólares...
[2017-11-13 23:03:15] Eu achei ele na Aliexpress
