[2017-03-27 01:30:39] https://www.youtube.com/watch?v=dHJqGE1zJYo
[2017-03-27 09:55:03] MMORPG cujos controles são programas em javascript que o jogador faz 
https://screeps.com/
[2017-03-27 09:55:43] ja vi mas achei a mensalidade meio cara
[2017-03-27 09:55:57] tinha visto um gratuito, esqueci o nome
[2017-03-27 10:00:35] Pelo que vi, dá pra criar seu próprio server e conectar na malha, né
[2017-03-27 10:04:12] dá? nem vi isso
[2017-03-27 10:04:32] https://github.com/screeps/screeps
[2017-03-27 10:04:34] screeps | screeps

A standalone server for programming game Screeps

Language: JavaScript
Forks: 50
Stars: 583
Issues: 13
[2017-03-27 10:04:44] ah, dá sim, q legal http://support.screeps.com/hc/en-us/articles/209559605-Why-subscription-
[2017-03-27 10:20:04] Gladys Chalom joined
[2017-03-27 10:20:04] Hi Gladys !
[2017-03-27 11:56:41] Repassando...
[2017-03-27 11:56:41] Pessoal, quando tiver um tempinho, podem ajudar com essa pesquisa de temas/interesse no TDC2017 http://bit.ly/PythonTDC2017
[2017-03-27 12:11:45] Today's Top Stories
Uber rival Grab to raise massive round

Grab, the Singapore-based ride-hailing company that’s a main competitor to Uber in Southeast Asia, is in the process of raising more than $1.5 billion in a round led by Japanese tech conglomerate SoftBank (TKO: 9984), according to a Bloomberg report. The company previously secured a $750 million investment in September, valuing it at about $3 billion and bringing Grab's total raised to more than $1.4 billion.

 News of the funding comes about a month after Ola, a ride-hailing startup based in India, raised $330 million in another round that included funding from SoftBank. With that  financing, Ola’s valuation dropped to an estimated $3.5 billion from a peak of about $5 billion, a dip likely fueled in part by Uber stepping up investment in its own Indian business.

As for SoftBank, the news comes hot on the heels of last week's $300 million investment in office co-working company WeWork. While those funds and this Grab investment will likely come from SoftBank itself, future investments may be disbursed via its new $100 billion Vision Fund.
[2017-03-27 13:04:54] O que voces fazem quando recebem um email/SMS de golpista banker etc?
[2017-03-27 13:18:52] Se for SMS eu costumo reponder: "Eai mano.. to preso em bangu.. e tu?"
[2017-03-27 13:19:10] Se for email, eu respondo pedindo o próximo passo
[2017-03-27 13:36:07]  joined
[2017-03-27 13:36:08] Hi Max !
[2017-03-27 13:36:27] Hi
[2017-03-27 13:37:19] http://g1.globo.com/sao-paulo/noticia/drone-cai-e-atinge-mulher-durante-manifestacao-na-avenida-paulista-veja-video.ghtml
[2017-03-27 13:49:57] document: /home/felipe/devel/github_tvdstaaij/telegram-history-dump/output/media/Garoa_Hacker_Clube_(Público)/download_5102942384879042561.jpeg
[2017-03-27 16:45:41] Pessoal da Noite do Arduino. Gostaria de pedir licença para usar a sala de uso-geral para fazer uma sessão de streaming ao vivo do primeiro re-lançamento de um Falcon 9 da SpaceX na próxima 5a feira à noite. Era pra ser na 4a feira, mas o lançamento foi re-agendado para a 5a.
[2017-03-27 16:46:10] https://twitter.com/spacex/status/846428353435332608
[2017-03-27 16:46:39] https://www.reddit.com/r/spacex/comments/5sjrzj/ses10_launch_campaign_thread/
[2017-03-27 17:04:28] document: /home/felipe/devel/github_tvdstaaij/telegram-history-dump/output/media/Garoa_Hacker_Clube_(Público)/download_24991512752292796.webp
[2017-03-27 17:15:39] isso deve ser perguntado na lista
[2017-03-27 17:26:42] https://science.slashdot.org/story/17/03/27/203249/elon-musk-launches-neuralink-to-connect-brains-with-computers
[2017-03-27 17:27:20] beleza. É que faz 1 semana que tenho postado na lista sobre esse assunto e ninguém falou nada. Então concluí que o povo tá abandonando a lista de emails e migrando pra cá talvez
[2017-03-27 17:27:26] mas vou perguntar lá também
[2017-03-27 17:42:34] sobre fazer a coisa na noite do arduino?
[2017-03-27 17:42:40] nao vi
[2017-03-27 17:42:56] se vc postou sobre foguetes, nao interessei em ler
[2017-03-27 17:44:05] ok
[2017-03-27 17:44:27] acabei de mandar a mensagem sobre fazer durante 5a ou 6a (dependendo do acaso)
[2017-03-27 17:48:38] 👍
[2017-03-27 17:49:59] Se bobear, pode até atrasar a ponto de ficar pro Garoa Hacker Camp...
[2017-03-27 17:59:55] Ou seja, tudo de acordo com o plano
[2017-03-27 18:01:08] :-)
[2017-03-27 21:17:06] Recebi ontem pelo correio uma placa JAMMA Mortal Kombat 1 toda zoada :-P
[2017-03-27 21:17:22] vamo vê o que sai dela...
[2017-03-27 21:17:37] tem um capacitor ESFOLADO!!! hahaha
[2017-03-27 21:18:15] E todas EPROMs com as janelinhas expostas. Minha reação imediata (depois de dar um grito) foi correr buscar os adesivinhos pra tampar as janelas UV
[2017-03-27 21:18:37] Agora tá protegido, mas sabe-se lá o que se passou nos últimos 20 anos com essas EPROMs...
[2017-03-27 21:19:05] pela sujeira que tinha nessa placa, devia ser de um fliper de boteco sujo...
[2017-03-27 21:19:49] placa toda empoeirada e melada. Com umas manchas pretas, um misto de pó e gordura (ou capacitor/bateria vazados....)
[2017-03-27 21:21:01] o chato se essas EPROMs estiverem corrompidas é que elas não são soquetadas. Estão todas soldadas direto na placa.
[2017-03-27 21:22:32] pra verificar se estão OK (e possivelmente regravá-las) é necessário dessoldar os chipão DIP28 das EPROMs e soldar no lugar soquetes... dá um trabalho chatinho de fazer
[2017-03-27 21:23:04] aliás... acho que algumas são DIP32 talvez
[2017-03-27 21:32:11] Boa noite
[2017-03-27 21:33:02] Gente alguém sabe me dizer se o módulo Bluetooth le pode ser usado com o arduino uno
[2017-03-27 21:37:27] depende do módulo depende de como ele conecta e boa noite
[2017-03-27 21:38:22] Não tem clip pra elas ?
[2017-03-27 21:51:10] Nunca vi. E acho que não pode também. Por que a gravação envolve tensões mais altas que as de operação normal da placa. Acho que fritaria os outros chips.
[2017-03-27 21:51:28] clip pra dip28 e dip32 tem sim
[2017-03-27 21:51:29] E tem também que dar o banho UV nelas
[2017-03-27 21:51:47] mas não se regrava EPROM espetada na PCB, né?
[2017-03-27 21:52:15] eu diria que depende da eprom
[2017-03-27 21:52:16] talvez fazer só o dump seja OK
[2017-03-27 21:52:20] e depende do circuito
[2017-03-27 21:52:45] pois é... eu não gosto da sensação de arriscar à toa uma placa de 20 anos de idade
[2017-03-27 21:53:04] juca, teu gravador é o tl866?
[2017-03-27 21:53:29] tô pensando em colocar na minha lista de nice-to-have
[2017-03-27 21:54:01] sim
[2017-03-27 21:54:05] é bem bom mesmo
[2017-03-27 21:54:25] http://mamedev.emulab.it/fsanches/2014/10/14/dumping-gear-tl866cs/
[2017-03-27 22:32:18] https://yro.slashdot.org/story/17/03/27/2132253/facial-recognition-database-used-by-fbi-is-out-of-control-house-committee-hears
[2017-03-27 22:49:35] Toda placa de arcade que pego, chega nesse estado para pior...
