[2016-09-18 00:17:44] @Belimawr onde estao os duemilenove?
[2016-09-18 02:20:46] Mestre DQ, que tal portas lógicas usando componentes comuns em placas com entradas e saídas padronizadas exceto pra porta not que usaria a Metade das entradas e saídas?  São simples, úteis e Vc pode combinar as placas para funções mais elaboradas. No hack kids seriam úteis para ilustrar o que teria numa porta lógica de chip
[2016-09-18 02:21:30] As portas lógicas teriam Leds nas entradas e saidas
[2016-09-18 02:22:50] Para demonstrar o funcionamento. Com humores de fio Vc interliga protoboard com o modulo
[2016-09-18 02:24:01] And, or, not,
[2016-09-18 02:24:48] Duas entradas para and e or e uma pro not.
[2016-09-18 02:25:23] Com várias gera novas funções
[2016-09-18 02:26:09] Nand, nor, flip-flop
[2016-09-18 02:26:44] Qto mais placas, mais divertido
[2016-09-18 02:27:42] Sem uso, poderiam virar um quadro na parede
[2016-09-18 08:04:48] Nice
[2016-09-18 12:49:34]  joined
[2016-09-18 12:49:34] Hi Nicholas Fernando !
[2016-09-18 12:50:35] Pazer gente, meu nome é Nicholas!!!  Estudo la no Guaracy,  faço eletrônica,  e achei mto legal o Garoa
[2016-09-18 12:51:18] Eu posso simplesmente aparecer lá ou tenho q ir em horário específico?  Queria conhecer....
[2016-09-18 13:12:57] Pode aparecer sempre que tiver gente. É melhor ver no site do Garoa quando tem alguma atividade marcada , para garantir que vai ter alguém.
[2016-09-18 13:38:00] Certobvlw
[2016-09-18 15:55:18] Tou indo pra Paulista ver a exposição do Calder, quem quiser combinar um café...
[2016-09-18 15:56:28] (Calder pra mim é o patrono dos artistas hackers)
[2016-09-18 16:09:49] Cara, eu iria, mas estou voltando pra campinas
[2016-09-18 16:15:15] Estou fora de SP, mas valeu pela dica.
[2016-09-18 17:09:04] https://news.berkeley.edu/2016/09/13/a-statement-on-online-course-content-and-accessibility/
[2016-09-18 23:15:18] Eles estavam na minha caixa (a grande), mas acho que tiramos para o hackerspace intinerante. Não sei se voltaram para a minha caixa
