[2017-02-22 00:00:26] document: /home/felipe/devel/github_tvdstaaij/telegram-history-dump/output/media/Garoa_Hacker_Clube_(Público)/download_147119960081039417.webp
[2017-02-22 00:01:38] document: /home/felipe/devel/github_tvdstaaij/telegram-history-dump/output/media/Garoa_Hacker_Clube_(Público)/download_999077034489544855.webp
[2017-02-22 00:02:22] Parabens demaissss
[2017-02-22 00:03:51] @BadDrive Vai te fazer bem sair da casa dos teus pais. Você está incrivelmente inseguro, jovem.
[2017-02-22 00:04:05] Obrigado
[2017-02-22 00:04:22] Estou mesmo, vai ser tudo novo pra mim hahahahaha
[2017-02-22 00:04:31] document: /home/felipe/devel/github_tvdstaaij/telegram-history-dump/output/media/Garoa_Hacker_Clube_(Público)/download_246108729936707762.webp
[2017-02-22 00:05:04] document: /home/felipe/devel/github_tvdstaaij/telegram-history-dump/output/media/Garoa_Hacker_Clube_(Público)/download_505010926202650758.webp
[2017-02-22 00:05:46] document: /home/felipe/devel/github_tvdstaaij/telegram-history-dump/output/media/Garoa_Hacker_Clube_(Público)/download_532578839511984275.mp4
[2017-02-22 00:07:08] document: /home/felipe/devel/github_tvdstaaij/telegram-history-dump/output/media/Garoa_Hacker_Clube_(Público)/download_5001655562706878466
[2017-02-22 00:09:05] document: /home/felipe/devel/github_tvdstaaij/telegram-history-dump/output/media/Garoa_Hacker_Clube_(Público)/download_532582885371177225.mp4
[2017-02-22 00:10:47] Isso era um parabéns?
[2017-02-22 00:11:43] pois é né
[2017-02-22 00:11:49] pra você ver o nível
[2017-02-22 00:12:08] Entendi... Tava criptografado né?
[2017-02-22 00:12:39] o gutem soltou o "tudo" em plaintext...
[2017-02-22 00:13:04] Porra Gutem
[2017-02-22 00:28:56] Está aberto o CFP da Andsec 2017 - um evento bem legal na Argentina:

www.andsec.org/cfp
[2017-02-22 00:51:14] Desculpe, o 0day já foi devidamente isolado e removido
[2017-02-22 01:14:55] document: /home/felipe/devel/github_tvdstaaij/telegram-history-dump/output/media/Garoa_Hacker_Clube_(Público)/download_999077034489544731.webp
[2017-02-22 06:19:52] /
[2017-02-22 06:28:19] A todos que quiserem conhecer a linguagem de programação Python, convido para participar do seguinte evento:

Introdução ao Python, com Régis da Silva, na IBM:
http://meetu.ps/e/CwVs8/1YzYC/f
[2017-02-22 06:30:11] Eu fiz computação na Unicamp. Se ainda te sobrou alguma dúvida, dá um toque.
[2017-02-22 07:07:26] Caralho, sério que alguém passou na Unicamp e está afim de ficar enrolando um ano?
[2017-02-22 07:09:26] Pensei o mesmo. Rs.
[2017-02-22 07:10:10] Mas eu entendo. Tenho um filho adolescente e entendo perfeitamente a cabeça de um jovem confuso. Temos que ter paciência.
[2017-02-22 07:11:08] Os pais dele deveriam facilitar a decisão: ou ele estuda na Unicamp ou ele é expulso de casa. Assim já evita que ele fique confuso sobre sair de casa
[2017-02-22 07:12:46] Você não é pai, imagino. Rs.
[2017-02-22 07:13:00] Vocês leram que o jovem tem um sonho mais específico?
[2017-02-22 07:13:15] Bingo!
[2017-02-22 07:15:36] Porque começar o dia lendo que ele merece ser expulso é deprimente 😑
[2017-02-22 07:16:02] Completamente alinhado.
[2017-02-22 07:16:04] Gente, a faculdade específica importa muito pouco, desde que seja um ambiente bom e uma qualidade razoável. Muita gente boa na Unicamp. 

E... Sair de casa é uma excelente experiência nessa idade.
[2017-02-22 07:16:24] Ninguém aqui falou que era uma questão de merecimento
[2017-02-22 07:16:54] Mas não precisa traumatizar o filho, não é mesmo?
[2017-02-22 07:17:35] Olha, o pessoal aqui da Unicamp volta todo o fim de semana para a casa dos pais. É bizarro, e dificilmente um trauma
[2017-02-22 07:18:42] Separa as coisas. Estou falando da expulsão. Não dá unicamp. Separa as coisas. A unicamp pra mim é a melhor em computação no país. Mas obrigar um filho não é um método apropriado para o desenvolvimento psicológico.
[2017-02-22 07:19:57] Rapaz eu faço federal, ensino foda, qualidade 10/10 e tudo o que eu queria era estudar em outro lugar, isso eu faço ciencomp há 7 anos. Então, defendo a ideia do jovem em fazer o que ele quer para não se sentir conquistando com um objetivo que ele até queria mas poderia ter exatamente o que ele quer.
[2017-02-22 07:20:58] O bom dessa geração de agora com Enem é que o país inteiro pode ser explorado por você.
[2017-02-22 07:23:49] Super defendo a ideia de explorar. O que é bem o contrário de atrasar um ano toda a vida para ficar estudando para não sair da casa dos pais, por medo.
[2017-02-22 07:25:40] A idéia era só ser irônico para o fato de que ele estava confuso e tirar um fator que realmente não deveria ter tanto peso nesse momento para a decisão dele.
[2017-02-22 07:25:57] Perfeito. Mas orientando. Estimulando a ele dar esse passo. Não impondo com ameaças de expulsão.
[2017-02-22 07:26:43] Eu não ameaço ninguém, Rodrigo, olha o contexto. Não sou o pai dele
[2017-02-22 07:26:45] De qualquer forma, espero que entre em si e vá. Unicamp é foda pra caralho, em bom e velho português claro.
[2017-02-22 07:27:25] Jesus. Estou dizendo que os pais nãos devem ameaçar os filhos de expulsão.
[2017-02-22 07:27:38] Toma teu café e depois continuamos nosso papo rs.
[2017-02-22 07:34:46] Eu acho que mais que isso, que a partir se determinado nível, a diferença não importa e ele enrolar um ano é um problema muito maior. Até porque nada impede ele de mudar depois. E mais, sair de casa é um bônus, não um trauma, a não ser que dinheiro seja um problema
[2017-02-22 07:51:30] Gente... eu acordei agora é estou lesada ou vocês levaram a sério o termo "expulsão" nesse contexto? Eu vou comer um pão com facepalm e já volto. Me ficou claro que o Igor entendeu a zoeira ontem e sabe que ir pra unicamp não impedirá de ir pro ime depois conhecendo melhor os cursos e diferenças
[2017-02-22 08:01:22] A direção da conversa foi levando a hipótese de ter levado a expulsão a sério. Até por ser algo muito comum na minha cultura mexicana e, até onde sei, aqui no Brasil também. Então pode economizar teu facepalm e comer apenas o pão. :)
[2017-02-22 08:19:20] Take a look at @Sci_Phile's Tweet: https://twitter.com/Sci_Phile/status/834131901438910464?s=09
[2017-02-22 08:27:21] Sexta começa!

Sexta começam nosso carnahacking e a maratona hacker de criar projetos para o garoa de divertir/educar/decorar https://garoa.net.br/wiki/Carnahacking_2017

https://garoa.net.br/wiki/Hackathon_Carnahacking_2017
[2017-02-22 08:48:04] document: /home/felipe/devel/github_tvdstaaij/telegram-history-dump/output/media/Garoa_Hacker_Clube_(Público)/download_272479773299573138.webp
[2017-02-22 09:09:48] Galera, sei é que é absurdo, mas eu não me matriculei na federal, pq eu irei ter uma condição de vida e de estudos melhor aqui do que lá
[2017-02-22 09:10:05] É complicada essa decisão de irmos ou não pra faculdade em outra cidade
[2017-02-22 09:10:13] A minha complicava ainda mais
[2017-02-22 09:10:23] Mudar de estado
[2017-02-22 09:18:58] É, Campinas é do lado pelo menos. Apesar de que os ônibus pra Barão Geraldo demoram pacas, fazendo com que uma viagem de menos de 1:30 vire quase 3h.
[2017-02-22 09:27:44] ainda me pai...
[2017-02-22 09:41:50] @vmeselse voce nao for eu te expulso de casa
[2017-02-22 09:42:15] Treta sem fim, deixa eu pegar mais pipoca
[2017-02-22 09:44:11] Tá, acho que a discussão tá durando mais que deveria e já deixou de ser informativa para o @BadDrive...
Vamos lá, então:
1- Se por IME === Instituro de Matemática e Estatística, use a sigla IME-USP. Quando diz IME, na maioria do tempo, o pessoal pensará em Insstituto Militar de Engenharia
2- Em NENHUM Bacharelado você verá Segurança da Informação e Criptografia. No máximo, algum professor dirá que existem estes Campos.
3- Se tua onde for "Por fogo na Babilônia", faça Ciencia da Computação e depois tire Certificações da Area de Segurança.
4- Se, por outro lado, ao contrário da minha pessoa, a sua intenção é criar "muros altos", vá para Matemática Aplicada ao invés de Ciência da Computação. Você lidará mais com algoritmos que com Programação em si em Criptografia. Aqui IME-USP é uma boa
5- Se quer REALMENTE Criptografia, vá para Unicamp. O Diego Aranha é Professor lá e um dos melhores, quiça O MELHOR, Criptólogo Brasileiro
6- Se seus pais conseguem te bancar para sair de casa, deixa de mimimi e vai logo pra Unicamp
[2017-02-22 09:44:39] 7- Algumas pessoas se ofereceram para tirar dúvidas, chame-as em priv8 para isso
[2017-02-22 09:44:45] E essa conversa de jovem confuso é frescura, eu tenho 40 e ainda nao sei o que quero fazer vou mudando conforme vou achando coisas novas, meu filho nao quis fazer facudade mais se falar pra mim que quer ficar um ano parado dou pra adoção
[2017-02-22 09:44:52] Agora voltemos a nossa programação normal
[2017-02-22 09:45:37] E eu escolhendo entre umc e ubc
[2017-02-22 09:49:30] No IME tem o Routo Terada também, que ministra criptografia. Mas o enfoque é esse que as pessoas descreveram.
[2017-02-22 09:49:46] (IME-USP)
[2017-02-22 09:49:58] Eu nem consigo escolher distribuição Linux, que dirá faculdade
[2017-02-22 09:50:17] #IKnowTheFeeling
[2017-02-22 09:50:31] Te entendo perfeitamente, tem gente que reclama de boca cheia, eu tive que bancar minha faculdade (Anhanguera) fora ter que dividir o tempo entre ser mãe e universitária
[2017-02-22 09:51:54] O juca rola uma oficina de desasenmbler pa nois
[2017-02-22 09:52:11] Eu não consigo escolher framework JS imagina faculdade
[2017-02-22 09:53:52] Fácil pra mim é a marba
[2017-02-22 09:55:34] Fácil: não usa JS
[2017-02-22 09:57:07] ¬¬
[2017-02-22 09:57:58] =)
[2017-02-22 10:01:02] document: /home/felipe/devel/github_tvdstaaij/telegram-history-dump/output/media/Garoa_Hacker_Clube_(Público)/download_169467267627617209.webp
[2017-02-22 10:01:13] JS é vida!
[2017-02-22 10:01:36] document: /home/felipe/devel/github_tvdstaaij/telegram-history-dump/output/media/Garoa_Hacker_Clube_(Público)/download_326066319315173614.webp
[2017-02-22 10:03:52] Menos, jovem... 
Nem Eu, que era Frontend e agora sou Fullstack JS, falo uma coisa dessas
[2017-02-22 10:04:38] É pq tu ainda não programou seu Arduino com JS
[2017-02-22 10:05:39] http://www.universoracionalista.org/alexandra-elbakyan-e-verdade-eu-roubo-das-editoras-para-dar-aos-cientistas/
[2017-02-22 10:09:28] Eu vou conseguir rodar NodeJS direto no Microcontrolador? Low Level mesmo?
[2017-02-22 10:10:08] Você pode ensinar um pato a andar de skate. A pergunta é: você deveria fazer isso?
[2017-02-22 10:11:29] document: /home/felipe/devel/github_tvdstaaij/telegram-history-dump/output/media/Garoa_Hacker_Clube_(Público)/download_694481660414001313.webp
[2017-02-22 10:11:38] Parei então
[2017-02-22 10:12:20] Chorou, parou... rs
[2017-02-22 10:12:21] Eu crio duendes com js
[2017-02-22 10:18:05] document: /home/felipe/devel/github_tvdstaaij/telegram-history-dump/output/media/Garoa_Hacker_Clube_(Público)/download_858174108288942889.webp
[2017-02-22 10:18:19] Sim
[2017-02-22 10:27:02] document: /home/felipe/devel/github_tvdstaaij/telegram-history-dump/output/media/Garoa_Hacker_Clube_(Público)/download_803120715_8796.jpg
[2017-02-22 10:27:11] não achei nenhum pato de skate, vai esse mesmo
[2017-02-22 10:29:57] Não foi isso q eu entendi. Ele passou na Unicamp mas preferia ter passado no IME, e ai não sabe o que fazer. As sugestões que surgiram foram dele se matricular na unicamp para não perder a oportunidade
[2017-02-22 10:34:36] Enrolar um ano!? 
Primeiro, 1 ajo p quem tem 17 anos não é uma perda tão grande a longo prazo
Segundo, ninguém falou em enrolar. As sugestões foram "em vez de vc desistir de primeira e ir para o cursinho, se inscreve lá na Unicamp, tenta fazer o curso e, se não gostar, ai vc parte p cursinho e tentar IME"
[2017-02-22 10:36:05] Meu sonho é ter estudado na Federal de Santa Catarina 😍
#prontofalei
#chupaIME
[2017-02-22 10:37:52] Eu nem consigo escolher o café da manhã 😢
[2017-02-22 10:38:52] É compreensível, existem mais frameworks de JS do que faculdades...
[2017-02-22 10:45:35] Seu alberto ja disse so duas coisas sao infinitas a estupidez humana e framework em js
[2017-02-22 10:45:42] document: /home/felipe/devel/github_tvdstaaij/telegram-history-dump/output/media/Garoa_Hacker_Clube_(Público)/download_105872262401359942.webp
[2017-02-22 10:48:21] Meu sonho também... Passei em Eng Elétrica lá. Não pode ir. Fim
[2017-02-22 10:48:46] pode === pude
[2017-02-22 10:49:31] Mais aqui nao im porta a verdade so queremos expresar nossas opiniões se embasamentos e nossos fecais pensamentos 🤘🏿
[2017-02-22 10:50:17] Obrigado pelo esforço
[2017-02-22 10:50:47] Eu saí de São Paulo com 17 anos e fui estudar no Rio Grande do Sul, amava o curso, odiei o RS. Voltei. Faz a experiência
[2017-02-22 10:52:16] Fiz cursinho porque queria passar na USP, passei, vi que eu estudo mais fora da faculdade do que nela, é relativo.
[2017-02-22 10:52:24] Q fofo
[2017-02-22 10:54:16] Eu fiz universidade hacker e com dvd interativo
[2017-02-22 10:54:44] Pelo correio?
[2017-02-22 10:55:59] Instituto universal brasileiro junto e ao mesmo tempo que cursei o modulo de espião na mesma aclamada instituição
[2017-02-22 10:57:48] Pessoal, qual cor de botão para o Arcade?
[2017-02-22 10:58:29] @Gutemhc @mynameiserin  @Belimawr @tilt4 Vitor
[2017-02-22 10:58:41] Preciso responder até às 11:30
[2017-02-22 11:00:46] Azul e vermelho
[2017-02-22 11:02:18] 2 Brancos para o start. Aí cada Player usa 6 botões da mesma cor
[2017-02-22 11:02:22] voto por Vermelho
[2017-02-22 11:02:48] Ou preto, se o controle for preto
[2017-02-22 11:02:57] aí usamos vermelho como start
[2017-02-22 11:04:16] http://produto.mercadolivre.com.br/MLB-703793236-kit-arcade-2-comandos-20-botoes-2-controles-usb-pacoto-flip-_JM
[2017-02-22 11:04:35] Azul, verde, vêem, amarelo
[2017-02-22 11:04:39] 20 botões
[2017-02-22 11:07:01] Fazer Unicamp e decidir se vale a pena é bem diferente de nem vir.
[2017-02-22 11:09:28] Players: 8 vermelhos. 8 azuis. 
Extras: 2 verdes. 2 amarelos (Start, Créditos, i.e.)
[2017-02-22 11:41:10] feito
[2017-02-22 11:41:20] com alguma sorte chega para o carnaval, mas eu duvido...
[2017-02-22 11:41:39] agora arrumem a madeira para a caixa
[2017-02-22 11:41:51] ou uma caixa  que necessite apenas de furos
[2017-02-22 11:42:26] eu faria em compensado naval de 15, eh leve e forte
[2017-02-22 11:45:35] se preparem para gastar mais uns 100 reais em pecas...
[2017-02-22 11:45:49] ainda acho que foi cagada gastar 130 nisso ai ao inves de comprar um pronto por 300...
[2017-02-22 12:12:32] https://github.com/terkelg/awesome-creative-coding
c/c @villares  
Várias coisas com processing, entre muitas outras mais
[2017-02-22 12:21:12] não precisava ter comprado com os controles usb, tem mais que suficientes no garoa.. mas tudo bem
[2017-02-22 12:21:29] tem um kit igual do mesmo vendedor, só que sem os controles
[2017-02-22 12:29:16] photo: /home/felipe/devel/github_tvdstaaij/telegram-history-dump/output/media/Garoa_Hacker_Clube_(Público)/download_1007233353478307871.webp
[2017-02-22 12:29:23] Oq vcs acham?
[2017-02-22 12:34:50] @eduoda
[2017-02-22 12:47:47] Achamos que chegou tarde demais
[2017-02-22 12:50:38] mesmo se for uma doação pro garoa?
[2017-02-22 12:51:10] dependendo do jogo ter ate 4 jogadores
[2017-02-22 12:57:39] so vai precisar de um adaptador pois é de ps
[2017-02-22 12:57:53] tem este adotador no garoa?
[2017-02-22 13:47:04] Rodolpho Bertolini joined
[2017-02-22 13:47:05] Hi Rodolpho !
[2017-02-22 13:47:08] oi zente
[2017-02-22 13:56:17] O pior que é isso mesmo!
[2017-02-22 13:59:15] minha mãe flw para eu passar uns 6 meses lá para eu sentir como é e depois eu volto se eu não gostar
[2017-02-22 13:59:28] a faculdade que eu tou, pelo menos aqui em SP, ela é muito boa
[2017-02-22 14:01:32] só que tem aquela coisa, pública é uma puta faculdade, professores pesquisadores fodas, mas nem sempre vc vai trabalhar com as coisas mais novas do mercado
[2017-02-22 14:01:47] e que você tbm tem q estudar mais fora q dentro
[2017-02-22 14:02:04] bom... mas como encerramos este assunto há algum tempo, prefiro me manter calado
[2017-02-22 14:14:22] Não, eu digo no geral
Eu estudo mais fora do conteúdo da faculdade. A faculdade pra mim é diploma e networking.
[2017-02-22 14:14:59] nada que 20 reais não resolvam.. pior das hipóteses eu dôo um
[2017-02-22 14:15:25] mas isso é verdade
[2017-02-22 14:29:10] Quer ouvir a verdade? Então vc está lo lugar errado 😂
[2017-02-22 14:29:54] melhor trabalhar e pegar 25mil e comprar um certificado de bacharel em engenharia qualquer e ainda participa da festa #discordia #socialEngineering #trampoFacil
[2017-02-22 14:30:09] mas se quiser o mundo academico e todas suas fantasias a publica é perfeita
[2017-02-22 14:30:52] No meu caso, eu nem sabia q a UFSC existia... e achava que não ia passar no vestibular, então prestei só Usp, Unicamp, ITA e Fatec. Fui conhecer a UFSC qdo fui num congresso da SBC
[2017-02-22 14:30:56] Aproveitando, quem quiser, o Afonso ta vendendo uns
[2017-02-22 14:31:26] nao vou fazer desconto pra ti #freeMkt
[2017-02-22 14:32:34] falando em mkt, alguem já provou o Bis de Oreo, bom demais
[2017-02-22 14:32:39] poxa, já tava com os 20k na mão :(
[2017-02-22 14:33:15] Alguém teria paciência de me explicar: Como eu faço uma carteira segura pra guardar meus bitcoins, sem precisar baixar 12 gigas de dados?
[2017-02-22 14:33:31] Não tinha um político aí, que divulgaram a formação dele e a pós-graduação estava com data anterior à da graduação?
[2017-02-22 14:34:20] isso é muito comum em cargos executivos de multinacional, o cara saca muito mas precisa do papel de MBA etc ai compra lá
[2017-02-22 14:35:32] tem 3 tipos de carteiras cada uma depende do quanto de bitcoin tu vai guardar
[2017-02-22 14:35:54] La aonde, quero um de ciencias exitericas e de omeopatia
[2017-02-22 14:37:13] geralmente tu vai numa Uni* cria amizade com alguem do admin e eles de te passam o esquema
[2017-02-22 14:37:15] Eu tenho a incrível soma de 3 reais em bitcoins, que ganhei na palestra do Guisso :)
[2017-02-22 14:37:26] ou em grupos fechados de whatsapp e deepweb
[2017-02-22 14:39:56] O jeito mais simples e o um dos mais seguros
https://bitcoinpaperwallet.com/
[2017-02-22 14:40:55] Você pode criar uma Paper wallet:
https://bitcoinpaperwallet.com

De preferência, offline:
https://github.com/cantonbecker/bitcoinpaperwallet/archive/master.zip
[2017-02-22 14:41:41] Comprardiploma.net kkkkk
[2017-02-22 14:41:44] fechou, vou levar pro garoa entao
[2017-02-22 14:42:22] A vida como ela é:
Professor de universidade publica é medido por pesquisa. Praticamente todos são ótimos pesquisadores e nem todos tem o mínimo de didática. (Ou seja: eles manjam do que falam, mas talvez vc não entenda nada do que disseram)
Como eles tem emprego vitalício e não tem compromisso com didática, alguns cagam p os alunos e a grande maioria não se preocupa se a maioria da classe vai passar ou reprovar. Ou seja, eles tem total liberdade de cobrar conhecimento dos alunos e dar prova fudida. Vc vai estudar igual um camelo, aprender p caralho e vai tirar 5.0 na prova.
Como vc tem q estudar p caralho para conseguir passar raspando, vc vai desenvolver uma puta experiência em estudar e aprender sozinho. Isso é o q vc vai levar p o resto da vida.
Vc vai ver muita teoria e pouca prática. Vc não vai aprender a libguagem que é modinha hoje. A faculdade pública te prepara para o q vem depois de amanhã.
Sej professor vai te ensinar um monte de teoria que vai virar modinha daqui a 5 ou 10 anos.
Eu aprendi Orientação a Objetos lendo uma tese de mestrado. 3 anos depois alguma galera *começou* a usar C# e mais uns 3 anos depois virou modinha. Vi Java quando ninguém sabia o que é isso.
[2017-02-22 14:45:49] isso é verdade
[2017-02-22 14:45:51] O pior é aqueles professores que tem Doutorado de poha nenhuma e só le os slides de 1500 que eles fizeram, sem editar os erros, só fez o dr. pos. e essas coisas pra ganhar mais e ficar de boa
[2017-02-22 14:46:43] foda q tem casos e casos
[2017-02-22 14:46:55] n podemos falar isso de todos os professores
[2017-02-22 14:47:05] mano do ceu, vou tomar insulina que a groselha ainda ta rolando solta...
[2017-02-22 14:47:07] document: /home/felipe/devel/github_tvdstaaij/telegram-history-dump/output/media/Garoa_Hacker_Clube_(Público)/download_694481660414001275.webp
[2017-02-22 14:47:11] os bons sao como o anchises descreveu
[2017-02-22 14:50:14] Falando nos Doutores...
[2017-02-22 14:50:39] document: /home/felipe/devel/github_tvdstaaij/telegram-history-dump/output/media/Garoa_Hacker_Clube_(Público)/download_803734159_58833.jpg
[2017-02-22 14:51:17] MIstura com vodka e água tônica
[2017-02-22 14:52:46] Groselha tem que se Milani com leite
[2017-02-22 14:57:40] Eu tive vários professores que chegava na sala de aula de mãos vazias e, durante 2h00 interruptas, passavam uma matéria fodastica de cabeça
[2017-02-22 15:00:05] tem prof dos dois tipos, né
[2017-02-22 15:00:17] Mas acho q a maioria tinha uma cola num caderno
[2017-02-22 15:00:43] Sim, tem professor e aluno de todo tipo. Não dá p generalizar
[2017-02-22 15:02:13] acho só tive duas professoras desse tipo, uma de portugues q falava até latim e uma de geometria, q fazia td de cabeçå, ensina a gente usar a. cabeça mesmo
[2017-02-22 15:32:50] A pessoa precisa de professores e uma estrutura de ensino (faculdade, etc) para duas coisas:
- abrir a cabeça (e para isso precisa estudar coisas que não necessariamente estudaria por conta própria)
- aprender aquilo que não consegue ainda sozinho.
[2017-02-22 15:56:56] Professor é relativo, vide o garoa aprendo mais la que na faculdade o de fui aprender windows no 5 semestre e fortran
[2017-02-22 16:04:32] Vc dez faculdade para aprender windows!?
😳
[2017-02-22 16:05:09] Engenharia ainda mais aprendi pascal
[2017-02-22 16:06:50] Qdo fiz facu ninguém ensinou fortran. Um professoe simplesmente virou e disse q queria todos os programas da matéria dele em fortran. E a galera se virou p aprender na raça
[2017-02-22 16:07:49] Ninguém não nos ensinou Windows. No 4o ano tivemos q escrever um compilador do zero e no 4o ano (8o semestre) tinhamos que fazer um SO. Era isso ou não pegava diploma
[2017-02-22 16:08:02] #triestory
[2017-02-22 16:08:29] Ai seria bom, problema que quando fiz o mais novo da turma sem ser eu era um gerente do cidade internet ele tinha uns 45 na época
[2017-02-22 16:09:57] Mais tipo falaram de sco hpux e solaris tipo olha essa foto isso é um solaris
[2017-02-22 16:10:48] A unica coisa boa foi as aulas de cálculos muito foda
[2017-02-22 16:12:39] Solaris eu aprendi na raça, fuçando na faculdade e depois no estágio
[2017-02-22 16:47:37] Alguém pra ficar cobrando também ajuda muito as coisas acontecerem 🙂
[2017-02-22 16:56:19] Sim no meu caso a vida cobrou bastante, quando a agua bate huumm
[2017-02-22 17:03:07] galera, deixa eu perguntar pra vcs: vcs tem algum livro de gestão de projetos que vocês recomendam?
[2017-02-22 17:03:20] minha faculdade tá me cobrando isso e eu preciso aprender direito
[2017-02-22 17:04:36] ué, já tem cobrança antes do Carnavel?
[2017-02-22 17:04:48] sim ahahhaahha
[2017-02-22 17:24:01] Aula trote
#spoiler
[2017-02-22 17:33:06] André Perez joined
[2017-02-22 17:33:11] Hi André Luiz !
[2017-02-22 17:33:31] Alguém vai pro garoa hj?
[2017-02-22 17:37:08] http://hackathonglobo.com/
Inscrição aberta pra seleção do Hackathon da Globo desse ano
[2017-02-22 17:43:01] Talvez eu vá kkkkkk
[2017-02-22 17:44:17] com a chuva que tá aqui perto do butantã vou ficar até mais tarde no serviço e depois vou pra casa
[2017-02-22 17:52:44] Vou pra IBM, pro evento de Docker...
[2017-02-22 18:07:08] Boa sorte, fiquei na lista de espera e sem chance 😭😭😭
[2017-02-22 18:07:34] Mas para o de Python já chamei uns amigos e garantimos a vaga
[2017-02-22 18:17:42] Geralmente quando não tem mais vaga pra esse tipo de evento eu entro em contato com o organizador ou chego meio que sem saber, sempre funciona
[2017-02-22 18:23:54] Pensei nisso, mas preferi não arriscar, mas nos demais seguirei seu conselho
[2017-02-22 18:31:08] ja to no garoa
[2017-02-22 18:43:47] R.T. Saito joined
[2017-02-22 18:43:48] Hi Rt !
[2017-02-22 18:49:01] Onde compro?
[2017-02-22 19:03:31] Manda email para cs@garoa.net.br
[2017-02-22 19:04:59] document: /home/felipe/devel/github_tvdstaaij/telegram-history-dump/output/media/Garoa_Hacker_Clube_(Público)/download_362950403236561103.webp
[2017-02-22 19:07:25] Só se tiver um de humanas de brinde
[2017-02-22 19:33:13] Documento único para brasileiros é aprovado na Câmara - InfoMoney
http://www.infomoney.com.br/minhas-financas/consumo/noticia/6162408/documento-unico-para-brasileiros-aprovado-camara
[2017-02-22 19:53:02] Próxima vez avisa sou mentor podia ter ajudado, mais nem eu vou 😂 veio com sono.
[2017-02-22 19:54:12] Mudaram o nome, preferia cadastro único
[2017-02-22 19:54:26] Tipo registro geral
[2017-02-22 19:55:15] Imagina um grupo tomando geral da pm e o soldado grita todo mundo com o c.u. Na mao pra facilitar
[2017-02-22 20:32:58] photo: /home/felipe/devel/github_tvdstaaij/telegram-history-dump/output/media/Garoa_Hacker_Clube_(Público)/download_803721185_79488.jpg
[2017-02-22 20:38:23] Aí sim
[2017-02-22 20:48:17] onde?
[2017-02-22 20:48:46] Numa agência chique na zona sul
[2017-02-22 21:02:17] aiii zim!!! #afonsoparapresidente
[2017-02-22 21:49:50] photo: /home/felipe/devel/github_tvdstaaij/telegram-history-dump/output/media/Garoa_Hacker_Clube_(Público)/download_803115187_9506.jpg
[2017-02-22 21:50:12] photo: /home/felipe/devel/github_tvdstaaij/telegram-history-dump/output/media/Garoa_Hacker_Clube_(Público)/download_5008445266051727362.jpeg
[2017-02-22 21:51:04] photo: /home/felipe/devel/github_tvdstaaij/telegram-history-dump/output/media/Garoa_Hacker_Clube_(Público)/download_803114641_9587.jpg
[2017-02-22 22:06:57] document: /home/felipe/devel/github_tvdstaaij/telegram-history-dump/output/media/Garoa_Hacker_Clube_(Público)/download_694481660414001245.webp
[2017-02-22 22:08:38] Cara, Beats é a maior enganação
[2017-02-22 22:08:53] Mais que a Bel Pesce
[2017-02-22 22:09:36] é, mais esse foi da galeria pajé, já era de se esperar
[2017-02-22 22:09:44] oloko, n é pra tanto né
[2017-02-22 22:09:45] kkk
[2017-02-22 22:11:45] Sério. Tem um artigo no Medium, ano passado ou retrasado, que o pessoal desmonta, identifica as peças, faz um teste de qualidade, vê quanto custou para fabricar e quanto é vendido
[2017-02-22 22:13:22] Aí eles falam de outros fones na mesma faixa de preço, tipo Sennheiser, AKG, etc
[2017-02-22 22:13:29] Veredito dos caras: se você ler esse artigo e continuar comprando Beats, você é idiota
[2017-02-22 22:14:43] O bom é q ainda n tenho dinheiro pra comprar beats, mas obrigado por avisar :D
[2017-02-22 22:15:29] Pra mim Senheiser e Bose humilham o resto. Inclusive Sony.
[2017-02-22 22:16:08] Comprei um Sony no lugar de Bose e me arrependi, no quesito graves e qualidade geral de som.
[2017-02-22 22:16:36] Sou fanático por qualidade de som. Esses beats não tem nada a oferecer. Basta por no ouvido pra ver.
[2017-02-22 22:16:46] Falando em Bose, to vendendo uma caixona bluetooth, interessados?
[2017-02-22 22:16:57] $?
[2017-02-22 22:18:39] photo: /home/felipe/devel/github_tvdstaaij/telegram-history-dump/output/media/Garoa_Hacker_Clube_(Público)/download_803118691_9575.jpg
[2017-02-22 22:27:25] Sou muito discreto com meu som. Senão compraria. Belo equipamentinho tu tem aí.
[2017-02-22 22:28:42] Vlw, eu to louco pra escutar, mas é pra arrecadar verba, não posso usar, tenho q vender no plastico :"(
[2017-02-22 22:30:58] É beneficente?
[2017-02-22 22:32:32] é, em meu beneficio :P
[2017-02-22 22:34:27] Jajajajajaja
[2017-02-22 22:34:28] Entendi
[2017-02-22 22:35:51] Até pensei em doar, mas quem me deu quer ver a grana ser usada pra comprar uma passagem só de ida pro noiseBridge, se eu doar depois n tenho como comprar essa passagem
[2017-02-22 22:42:24] pago 500
[2017-02-22 22:55:12] Se descolar um Bose QuietConfort com preço bom, conversamos...
[2017-02-22 22:56:48] Anotado
[2017-02-22 23:00:57] Com preço bom será difícil.
[2017-02-22 23:22:58] Galera, o @andersonTomkelski é meio vergonhoso então pediu pra eu fazer uma propaganda dele, caso alguém tenha um trampo em SP ou tenha algum conhecido pra indicar, ele manja dos embarcados, C#, C++, Ruby e é membro do ELT, um dos melhores times de CTF do Brasil
[2017-02-22 23:57:30] Se eu arrumar uma entrevista pra ele te aviso pra você ir pra ele.
[2017-02-22 23:58:17] Não é pra tanto né, aí ele vai uai
