[2017-10-24 00:29:04] https://www.youtube.com/watch?v=W41uh2bS2Yc
[2017-10-24 00:46:33] Nossa, dava pra esses dois serem *mais* nerds? 😂
[2017-10-24 00:47:26] Imagino qto deve ter demorado pra acabar de furar a música do Indiana Jones nesse passo...
[2017-10-24 00:57:12] Pqp eles tiveram todo o trabalho de criar a máquina q fura o papel e nem se preocuparam em acoplar um motor ao eixo da caixinha de música pra não precisarem ficar girando a manivela...
[2017-10-24 00:58:43] Ver o cara girando a manivela pra passar 4,5m de papel é de doer...😖
[2017-10-24 01:16:55] Tinham que limitar o escopo do projeto hahaha
[2017-10-24 01:27:08] 😂
[2017-10-24 01:27:16] https://youtu.be/mYtvjijATa4
[2017-10-24 02:01:21] Thiago Fioratti joined
[2017-10-24 02:01:22] Hi Thiago !
[2017-10-24 08:14:48] Alguém aqui participa do Code for São Paulo?
[2017-10-24 08:14:48] http://www.esquina.net.br/2017/10/23/como-o-geoprocessamento-pode-nos-ajudar-a-ocupar-a-cidade/
[2017-10-24 10:17:53] Eu... quer dizer, participava antes de entrar na faculdade, hahahaha...
[2017-10-24 10:18:35] Vou mandar o link na página do Facebook...
[2017-10-24 10:21:54] Publiquei lá:
https://www.facebook.com/pg/codeforsaopaulo/posts/
[2017-10-24 11:22:31] :))
[2017-10-24 11:26:24] Guilherme Rizzo joined
[2017-10-24 11:26:24] Hi Guilherme !
[2017-10-24 11:28:26] Felipe Matheus joined
[2017-10-24 11:28:27] Hi Felipe !
[2017-10-24 11:35:04] photo: /home/felipe/devel/github_tvdstaaij/telegram-history-dump/output/media/Garoa_Hacker_Clube_(Público)/download_804728380_31162.jpg
[2017-10-24 11:36:47] vai uma sequencia de fotos...
[2017-10-24 11:36:57] photo: /home/felipe/devel/github_tvdstaaij/telegram-history-dump/output/media/Garoa_Hacker_Clube_(Público)/download_804725883_49939.jpg
[2017-10-24 11:36:58] photo: /home/felipe/devel/github_tvdstaaij/telegram-history-dump/output/media/Garoa_Hacker_Clube_(Público)/download_805513594_23822.jpg
[2017-10-24 11:36:58] photo: /home/felipe/devel/github_tvdstaaij/telegram-history-dump/output/media/Garoa_Hacker_Clube_(Público)/download_805512583_23965.jpg
[2017-10-24 11:36:59] photo: /home/felipe/devel/github_tvdstaaij/telegram-history-dump/output/media/Garoa_Hacker_Clube_(Público)/download_804723308_51238.jpg
[2017-10-24 11:37:00] photo: /home/felipe/devel/github_tvdstaaij/telegram-history-dump/output/media/Garoa_Hacker_Clube_(Público)/download_804725638_50794.jpg
[2017-10-24 11:37:01] photo: /home/felipe/devel/github_tvdstaaij/telegram-history-dump/output/media/Garoa_Hacker_Clube_(Público)/download_804725493_49952.jpg
[2017-10-24 11:37:01] photo: /home/felipe/devel/github_tvdstaaij/telegram-history-dump/output/media/Garoa_Hacker_Clube_(Público)/download_804727776_30388.jpg
[2017-10-24 11:37:01] photo: /home/felipe/devel/github_tvdstaaij/telegram-history-dump/output/media/Garoa_Hacker_Clube_(Público)/download_804722541_53683.jpg
[2017-10-24 11:37:49] Aqui é "Hacker Clube" então acho que o assunto é pertinente... 😄
[2017-10-24 11:41:36] Kkkkk isso aí já é suicídio
[2017-10-24 11:49:56] 😆
[2017-10-24 12:04:54] Obrigado!!!
[2017-10-24 12:11:09] photo: /home/felipe/devel/github_tvdstaaij/telegram-history-dump/output/media/Garoa_Hacker_Clube_(Público)/download_805513512_24068.jpg
[2017-10-24 12:11:58] 😂
[2017-10-24 12:12:39] e a mecânica? É 2004 ou 1992?? 😏
[2017-10-24 12:14:12] Caio Henrique joined
[2017-10-24 12:14:13] Hi Caio !
[2017-10-24 12:37:33] Legal isso ai mas e aquele projeto de wardriving
[2017-10-24 12:42:37] Olha q legalzinho: https://ozobot.com/
[2017-10-24 12:56:43] A última porca precisa ser parlock pra não soltar com a vibração...
[2017-10-24 12:57:17] 😂
[2017-10-24 12:57:28] O cara q conserta a gambiarra
[2017-10-24 12:58:20] Atividade pratica do curso teorico de ajustes incrementais aos coeficientes das molas...
[2017-10-24 12:58:46] 😂😂😂
[2017-10-24 12:58:53] Parece justo.
[2017-10-24 12:59:09] É, segura bem a corrente q passa...
[2017-10-24 12:59:21] Essa é CLÁSSICA !
[2017-10-24 12:59:56] Caramba!
[2017-10-24 13:00:23] AI CARAMBA!
[2017-10-24 13:00:43] Eu não consigo nem descrever o que é isso...
[2017-10-24 13:01:19] Arte?
[2017-10-24 13:01:26] Aí já "forçou a barra"...
[2017-10-24 13:01:51] No sentido, "olha só q Arte que o tonho da oficina mecânica fez!!"
[2017-10-24 13:02:26] Ele só cobrou o preço do grampo... rss
[2017-10-24 13:02:42] forçou a barra literalmente... kkk
[2017-10-24 13:03:36] document: /home/felipe/devel/github_tvdstaaij/telegram-history-dump/output/media/Garoa_Hacker_Clube_(Público)/download_328774854541050158.webp
[2017-10-24 13:06:23] ele tentou fazer um coletor de escape, cada tubo desse eh a saida da exaustao de um pistao/camara... cada tudo tem uma certo comprimento especifico se nao fode a compressao do motor auehauehau
[2017-10-24 13:06:28] pense numa bomba isso ai
[2017-10-24 13:07:25] photo: /home/felipe/devel/github_tvdstaaij/telegram-history-dump/output/media/Garoa_Hacker_Clube_(Público)/download_804723360_51727.jpg
[2017-10-24 13:07:28] ele tentou fazer isso
[2017-10-24 13:12:41] E conseguiu
[2017-10-24 13:12:51] Se o objetivo era fazer o motor explodir...
[2017-10-24 13:21:00] Hauahhaauhaha
[2017-10-24 13:23:35] uheuheuaeh
[2017-10-24 13:45:24] pessoal alguem pode me ajudar como descobrir o idioma desse teclado
[2017-10-24 13:46:06] photo
[2017-10-24 13:49:36] https://keyshorts.com/blogs/blog/44712961-how-to-identify-laptop-keyboard-localization
[2017-10-24 13:51:17] q legal
[2017-10-24 13:51:23] turco
[2017-10-24 13:51:27] https://en.wikipedia.org/wiki/%C5%9E
[2017-10-24 14:10:11] o duro que o ç que esta atrapalhando muito pq pelo turco q algumas teclas nao bate
[2017-10-24 14:10:55] "algumas"? E aquele G com acento em cima?? 😳
[2017-10-24 14:11:13] Eu diria, se for pra usar um layout convencional, melhor vc trocar o teclado
[2017-10-24 14:11:41] Ou pluga um USB
[2017-10-24 14:27:57] o grande problema e o ç
[2017-10-24 14:31:00] Esse note é seu?
[2017-10-24 14:33:59] https://www.ebay.com/itm/For-Sony-Vaio-VPC-EH-VPCEH-VPCEH1S1E-VPC-EH1S1E-Latin-Spanish-Keyboard-Black-/162558651312?hash=item25d9402bb0:g:6qkAAOSwceNZRynm
[2017-10-24 14:34:16] Resolve o seu problema?
[2017-10-24 14:42:18] eu ja fiz isso e fica sobrando uma tecla
[2017-10-24 14:42:21] e para um cliente
[2017-10-24 14:43:00] fez o q?
[2017-10-24 14:43:20] que tecla fica "sobrando"? É só ajustar o layout
[2017-10-24 14:43:24] no Windows
[2017-10-24 14:44:06] sim eu fiz isso mas no teclado fisico fica aberto duas teclas uma perto do enter e a outra perto do shit
[2017-10-24 14:44:12] shift
[2017-10-24 14:45:11] Cara, olha o layout desse teclado q te passei. Se não for exatamente idêntico ao do seu note, procure no ebay pelo modelo do note q vc encontra.
[2017-10-24 14:45:28] Nunca vi "sobrar" tecla - principalmente a shift...
[2017-10-24 14:45:41] pela foto me pareceram identicos. Não entendi...
[2017-10-24 14:49:10] sim perto do shift tem um tecla s com ç e essa tecla fica aberta
[2017-10-24 14:50:24] Ana Carolina Volpato Correia joined
[2017-10-24 14:50:24] Hi Ana Carolina !
[2017-10-24 14:50:49] Hi Jack e demais!
Que demais
[2017-10-24 14:52:23] Cara d boa... se o problema é só esse, troca o teclado, pega essa tecla joga um spray preto nela, cole ela por baixo no espaço q "sobrou" do rasgo com hot glue... problema solucionado. Ou então, devolva ao cliente e diga q é melhor ele plugar um teclado externo...
[2017-10-24 14:53:03] Milagre não dá pra fazer... se o corte da chapa é diferente...
[2017-10-24 14:53:50] sim se fosse usuário comum poderia fazer isso mas e para um diretor da empresa que eu trabalho e par ao nte dele particular
[2017-10-24 14:54:17] Certo. Boa sorte!
[2017-10-24 15:11:20] turco?
[2017-10-24 15:12:31] ja coloquei mas por causa do ç as telcas nao bate
[2017-10-24 15:51:17] Bruno Comitre joined
[2017-10-24 15:51:18] Hi Bruno !
[2017-10-24 16:25:32] Cara, talvez seja um usuário comum. A posição não (exatamente) indica o nível de conhecimento específico em tudo. Agora, comum ou não, o diálogo cabe a todos, ao invés de tentar fazer o milagre, dialogue com ele sobre o problema.

Trabalhei em um ambiente onde o diretor queria coisas absurdas. Penso que dava na ideia e ele acreditava que poderia ser feito e ainda por cima ficava furioso quando isso não acontecia. A unica solução era ser firme explicar com muita "clareza" as possíveis soluções. Como Werner disse, milagre não dá pra fazer, mostre a ele as opções e deixe que decida o melhor a ser feito
[2017-10-24 16:27:34] É... se o figura queria um note com teclado BR que tivesse comprado um note com teclado BR e não um note com teclado TK ou de marte, ou sei lá de que raios de país ele trouxe essa encrenca. É questão de se posicionar e mostrar o que dá para ser feito. Simples assim.
[2017-10-24 16:28:18] Verdade kkkkkkkk
[2017-10-24 16:30:36] Está parecendo alguns parentes que tenho, pensam que porque sou de TI consigo consertar fogão, máquina de costura, ar condicionado.... e por aí vai hahahahahaha
[2017-10-24 16:34:19] https://vidadeprogramador.com.br/2012/12/19/voce-podia-consertar-o-bebedouro-ne/
[2017-10-24 16:35:15] https://vidadeprogramador.com.br/2011/07/12/voce-e-do-suporte/
[2017-10-24 16:35:49] https://vidadeprogramador.com.br/2011/12/14/consertar-impressora/
[2017-10-24 16:36:07] Pois é hahahahahahahahahahaha
[2017-10-24 16:37:53] http://vidadeprogramador.com.br/2016/07/14/voce-sabe-mesmo-mexer-no-computador/
[2017-10-24 16:50:18] Teclado QWERTY comum, ABNT2 pois tem cedilha...
[2017-10-24 17:24:26] Bom dia pra você que foi comprar um presente no DX para uma criança e o presente foi retido pelo exército.
[2017-10-24 17:25:14] 👀
[2017-10-24 17:26:28] Não sei se me surpreendo com o exército ter retido ou com bom dia às 5 da tarde.
[2017-10-24 17:27:21] Ainda está de dia... exército classificou a luneta como "acessório para armas" =(
[2017-10-24 17:30:09] Se o exercito não sabe como parece um "acessório" para armas...
[2017-10-24 17:31:11] tinha estrelinhas na luneta... ES-TRE-LI-NHAAAAS
[2017-10-24 17:31:11] Meu irmão tem uma dessas. Realmente, parece uma mira de espingarda. Não sei onde ele arrumou.
Mas pode ser usada para mira de qualquer outra coisa. 
É desse tipo:
https://www.americanas.com.br/produto/18487264/luneta-mira-4x20-para-paintball-rossi-cbc-gamo?WT.srch=1&epar=bp_pl_00_go_pla_rlsa_novos_gmv&gclid=Cj0KCQjwybvPBRDBARIsAA7T2kgzXW2-60IMzfdlnXFxNHNW8x4uxFQkBRuJYco8ODIA-QOTDjT84FgaAoOeEALw_wcB&opn=YSMESP&sellerId=25449459000106
[2017-10-24 17:32:54] Até 6x de zoom e 32 de diâmetro da objetiva pode importar sem documentação...
[2017-10-24 17:33:33] É, como vc ficou sabendo disso?
[2017-10-24 17:35:13] corrigindo... Segundo artigo 17, são de uso e comercialização permitidas:

VII – dispositivos óticos de pontaria com aumento menor que seis vezes e diâmetro da objetiva menor que trinta e seis milímetros.
[2017-10-24 17:35:20] Qualquer coisa que relacione a armas, é enviado para analise do exercito, sem exceção. Já teve amigos meus que perderam pistolas de DreamCast e Playstation, o exercito alegou que poderiam ser transformadas em armamento....
[2017-10-24 17:35:42] no meu caso foi pra análise e depois retida
[2017-10-24 17:36:54] meu pêsames, já era.
[2017-10-24 17:38:38] Nossa, já comprei uma EMS TopGun III e recebi aqui!!
[2017-10-24 17:38:48] Mais arma q isso, impossível.
[2017-10-24 17:39:02] Era pra me prenderem
[2017-10-24 17:39:16] recebi tranquilo a TopGun. Dá google pra vcs verem como ela é
[2017-10-24 17:39:32] Se pedir para enviar por transportadora, não passa pelo exercito, se vier pelos correios, não tem choro...
[2017-10-24 17:39:36] E foi no começo desse ano
[2017-10-24 17:40:11] Bom nesse caso foi isso entao. Mas q furo na fiscalização então!!
[2017-10-24 17:40:30] Quer dizer q posso comprar um fuzil AR-15 e mandar entregar via UPS q eu recebo??
[2017-10-24 17:40:41] Só pagar a taxa?
[2017-10-24 17:41:17] Agora entendi como chega arna nas favelas...
[2017-10-24 17:41:21] *arma
[2017-10-24 17:42:04] eu não achei que precisasse pagar transportadora... era uma pequenininha roxa de estrelinhas!!!
[2017-10-24 17:42:05] Não tem furo, quando vc contrata a transportadora e declara que aquilo é brinquedo ou algo do genero, ele nem abrem a caixa para ver, só se perceberem algo muito estranho, tipo, uma arma para console pesar mais que o normal, ai a caixa é aberta para averiguação mas na maioria dos casos, só com raio-x para verem o que tem dentro.
[2017-10-24 17:43:13] Então é só pedir pra enviarem o cano separado do magazine (pra não dar peso em excesso) e declarar ambos como brinquedo? Entendi...
[2017-10-24 17:43:27] Continuo achando esquisito.
[2017-10-24 17:45:09] Se pegar no raio-x, babau, até tu vai preso.
[2017-10-24 17:45:36] Então tem raio-x pra entregas via transportadora tbm?
[2017-10-24 17:45:37] Infelizmente é uma politica de proteção ao estado que as vezes nem eu entendo.
[2017-10-24 17:45:56] Todas! EMS, UPS, TNT, Fedex...
[2017-10-24 17:45:57] Pensei q passava td batido.
[2017-10-24 17:46:13] Então deveria ter sido pego a minha TopGun...
[2017-10-24 17:46:18] E não foi.
[2017-10-24 17:46:26] Dei sorte então.
[2017-10-24 17:46:44] passaram debaixo da mesa do raio-x
[2017-10-24 17:46:49] Pode ser que a embalagem tenha ajudado ou passou batido mesmo
[2017-10-24 17:47:28] A embalagem, vc diz o pacote?
[2017-10-24 17:47:45] Tudo que envolve o produto
[2017-10-24 17:47:53] aquele embalado branco padrão com plastibolha dentro?
[2017-10-24 17:48:05] Não vejo por onde amigo...
[2017-10-24 17:48:18] Aposto como a luneta dela foi embalada igual ou parecido.
[2017-10-24 17:48:21] então deu sote
[2017-10-24 17:48:37] Tá certo.
[2017-10-24 17:48:44] mas EMS é transportadora, não correio comum
[2017-10-24 17:49:20] EMS é a marca do brinquedo, amigo...
[2017-10-24 17:50:09] https://www.correios.com.br/para-voce/correios-de-a-a-z/ems-mercadoria-expressa
[2017-10-24 17:50:12] Mas eu já tinha falado q foi enviado via transportadora - acho q foi UPS... mesmo assim, não quer dizer q não passa por inspeção.
[2017-10-24 17:50:21] Eu sei o que quer dizer EMS shipping amigo...
[2017-10-24 17:50:37] Compro da china faz teeempo... 😉
[2017-10-24 17:50:44] conheço todos os meios de envio.
[2017-10-24 17:50:54] compro da china a 10 anos
[2017-10-24 17:51:00] Apenas quis desfazer a confusão na sua cabeça
[2017-10-24 17:51:11] Vc pensou que eu comprei via EMS - estava enganado.
[2017-10-24 17:51:21] Parabéns pelos 10 anos.
[2017-10-24 17:51:27] pelo que escreveu, me pareceu
[2017-10-24 17:51:36] Já deu google na minha arma?
[2017-10-24 17:52:03] importação de peças eletrônicas é muito mais fácil do que transportar um brinquedo inteiro.
[2017-10-24 17:52:21] Isso te confundiu?
[2017-10-24 17:52:33] Mas blz.
[2017-10-24 17:53:36] Sim, é arma para console, se comprou pela Play Asia, certeza que mandaram por transportadora, o frete deles é bem alto.
[2017-10-24 17:54:06] Mas eu já falei q foi transportadora, e talz... qual é a sua dúvida?
[2017-10-24 17:54:27] e sim, comprei na Play Asia, exatamente como o google te disse...
[2017-10-24 17:54:32] e sim, paguei caro...
[2017-10-24 17:54:34] sim.
[2017-10-24 17:54:44] mas tá aqui, comigo./
[2017-10-24 17:55:06] Nenhuma, vc deu sorte, muitos amigos meus perderam acessórios assim mas mandaram vir pelo correio comum, ai se lascaram, exercito e apreensão.
[2017-10-24 17:55:11] não foi apreendida.
[2017-10-24 17:55:39] tá certo - correios pega, transportadora passa.
[2017-10-24 17:55:50] 👍
[2017-10-24 17:56:50] Passa na sorte, mas como as transportadoras sabem diferenciar acessório de armamento, vem mais fácil. Já nos correios, tudo que é prego, é arma.
[2017-10-24 17:58:44] Já tive pacotes de jogos meus reembalados 2x por essa merda da correio quando veio da China e Japão, esse nó cegos dos correios só fazem lambança.
[2017-10-24 18:04:37] blz. Mas era óbvio (para mim pelo menos) q a conversa estava em clima de brincadeira.
[2017-10-24 18:04:46] Parece q fui mal-interpretado pelo amigo.
[2017-10-24 18:05:01] Gente... acabou o assunto... move-on
[2017-10-24 18:05:27] Fique tranquilo @sergiovl pois não sou louco de comprar uma arma pela internet. 😃
[2017-10-24 18:05:31] ok
[2017-10-24 18:05:55] "A real jedi makes his own weapon"
[2017-10-24 18:52:18] Acho que se comprar um colete, passa direto
[2017-10-24 19:25:59] Tauan Queiroz joined
[2017-10-24 19:26:00] Hi Tauan !
[2017-10-24 19:26:24] Oi! 🙂
[2017-10-24 20:11:45] https://twitter.com/NoSQLBorat/status/367183793213292545
[2017-10-24 20:38:14] Pessoal. Alguém aqui com conhecimentos sobre RFID?
[2017-10-24 20:45:57] eu
[2017-10-24 20:45:59] nao
[2017-10-24 20:47:34] Sim ou nao? kkkk
[2017-10-24 20:52:27] sim e nao
[2017-10-24 21:50:15] um pouco
[2017-10-24 21:51:16] alias não
[2017-10-24 21:51:31] imagino que o Afonso leu nfc tb
[2017-10-24 21:55:44] Alguém ter conhecimento ficou vago
[2017-10-24 21:56:01] Então Dente. O que passei pra ele foi se me indicaria algum método de sniffar a comunicação entre uma RFID tag e um RFID reader?
[2017-10-24 21:56:23] saquei
[2017-10-24 21:56:56] vou procurar o artigo que li, nunca testei nada
[2017-10-24 21:57:03] Pelo Arduino (até então) li que não é possível.
[2017-10-24 21:57:19] e ja fui enganado pela embalagem de polenguinho
[2017-10-24 21:58:11] Um proxmark pesa atualmente no bolso. E o que tenho é um smartphone que estou procurando torná-lo um sniffar NFC mas até então sem sucesso.
[2017-10-24 21:58:18] Beleza.
[2017-10-24 21:58:25] Como assim? Rs
[2017-10-24 21:58:47] O Afonso me indicou antenas long-range
[2017-10-24 21:59:02] da próxima vez que vc for comer polenguinho vc vai lembrar desse diálogo
[2017-10-24 21:59:04] rsrsrs
[2017-10-24 21:59:23] 😂😂😂😂😂😂
[2017-10-24 22:00:02] Não funciona para todas as frequencias
[2017-10-24 22:00:20] quanto maior a frequencia, menos chance de funcionar
[2017-10-24 22:02:50] vc ta pensando num lance assim?
[2017-10-24 22:02:53] https://www.bishopfox.com/resources/tools/rfid-hacking/attack-tools/
[2017-10-24 22:03:04] Ah, entendi.
[2017-10-24 22:05:09] Boa dente. Quase isto. Vou explicar melhor.
[2017-10-24 22:06:32] Minha irmã comprou uma fechadura que destrava por RFID e por digital.

Ainda não instalou. Vai colocar no apartamento dela futuramente. Então peguei para "brincar um pouco" e gostaria de sniffar á comunicação que rola entre a tag e o leitor. Para poder pegar a chave da tag
[2017-10-24 22:06:46] Eu já tenho a chave porque veio padrão FFFF...
[2017-10-24 22:06:55] Mas gostaria de sniffar pra ver o processo.
[2017-10-24 22:07:07] cara, comecei a pesquisar, parece um bom mercado de segurança a se investir..
[2017-10-24 22:07:30] existem bolsas crianças m proteção, nada aqui no Brasil ainda
[2017-10-24 22:07:52] Até onde vi uma placa proxmark3 faria isto tranquilamente. Porém está custando 300 doletas
[2017-10-24 22:07:59] sei que aquela de arduino tem limitações
[2017-10-24 22:08:39] vi um cara que fez um eskema espetacular sem bateria
[2017-10-24 22:08:45] Então fui buscar alguma possibilidade com Arduino. E até onde li não é possível sniffar. Tem um smartphone aqui "sem uso" que poderia modificar o Android pra poder fazer isto. Mas não encontro nada kk
[2017-10-24 22:10:10] tenho um s3 tb aqui.. pensei a mesma coisa outro dia
[2017-10-24 22:10:14] Vi algo parecido também hehe só que não compensa pagar 1k só pra "brincar". Não na atual situação kkkk
[2017-10-24 22:10:41] Estou com um Moto X1 kkkkk
[2017-10-24 22:11:24] esse aqui
[2017-10-24 22:11:27] https://z4ziggy.wordpress.com/2017/07/21/zigfrid-a-passive-rfid-fuzzer/
[2017-10-24 22:11:47] Sidik joined
[2017-10-24 22:11:48] Hi Sidik !
[2017-10-24 22:11:48] como te disse só li o artigo
[2017-10-24 22:12:00] nunca apliquei nada
[2017-10-24 22:12:42] Vou ler
[2017-10-24 22:20:13] Tive uma idéia: fala p o diretor que vc pesquisou o tipo de teclado e essa é uma versão especial produzida para a International Space Station, e que vc não sabe como ele conseguiu pq foi produzido um lote pequeno e raro.
Enquanto ele fica todo feliz com a notícia, conta a verdade p o resto da galera e atualiza o seu Linkedin. Pelo menos vc se diverte bastante 😂
[2017-10-24 22:32:55] Ei Werner!!! Legal te ver aqui! 
Gente, apesar da pequena confusão (nada parecido q as tretas q já tivemos no Garoa), o Werner é um cara sensacional!!!
Não deixe de ir lá no Garoa!
[2017-10-24 22:46:09] photo: /home/felipe/devel/github_tvdstaaij/telegram-history-dump/output/media/Garoa_Hacker_Clube_(Público)/download_5154805038396211213.pdf
[2017-10-24 22:46:14] Bora virar a noite
[2017-10-24 22:46:18] Alguém tá servido?
[2017-10-24 22:58:01] #IDontKnowAnchises
