[2017-12-24 10:31:38] No natal do garoa vai ter especiarias maranhenses, pimentas da mulesta e tiquira
[2017-12-24 11:11:19] photo: /home/felipe/devel/github_garoa/Telegram_logs_Garoa_Hacker_Clube_Publico/media/Garoa_Hacker_Clube_(Público)/download_804725066_98615.jpg
[2017-12-24 11:16:07] Que zoado... Hauahhaauhaha
[2017-12-24 11:33:34] Farao Bonito joined
[2017-12-24 11:34:00] Boa tarde pessoal quero Ehi da claro funciona
[2017-12-24 12:03:19] Tá no lugar errado. Existe um monte de grupos no Telegram pra isso, mas esse não é...
[2017-12-24 12:04:50] Tbm
[2017-12-24 12:06:36] http://ipv6tree.bitnet.be
[2017-12-24 12:06:39] Heheheheh
[2017-12-24 12:07:27] Preciso de uma conexão IPv6
[2017-12-24 16:37:59] Como estão os preparativos para a super festa de Natal geek
[2017-12-24 16:39:10] Já tão arrumando o garoa pra festa
[2017-12-24 16:40:53] Vai ter ceia haxor e td mais
[2017-12-24 16:41:03] Só não vamos estar melhor que o maluf
[2017-12-24 16:41:07] https://g1.globo.com/df/distrito-federal/noticia/paulo-maluf-tera-arroz-com-passas-tutu-e-carne-assada-durante-ceia-de-natal-na-papuda.ghtml
[2017-12-24 16:41:25] Mas vai ter drinks exóticos
[2017-12-24 16:41:56] Qm for desnaturado só chegar
[2017-12-24 16:42:10] Vai ter uma galera brincando de ctf tb
[2017-12-24 17:04:49] Não tem ninguém nas ruas de sp
[2017-12-24 17:05:14] Não é uma época mágica?
[2017-12-24 17:05:44] Todomundo viajou, está assistindo tv, cozinhando, comendo ou bebendo.
[2017-12-24 17:27:28] Ou assando peru, tender, fazendo sobremesa, arrumando a mesa para a ceia...
[2017-12-24 17:30:08] photo: /home/felipe/devel/github_garoa/Telegram_logs_Garoa_Hacker_Clube_Publico/media/Garoa_Hacker_Clube_(Público)/download_806119149_14178.jpg
[2017-12-24 17:30:16] começando os trabalhos
[2017-12-24 17:43:24] Alguem tem um projetor pra emprestar?
[2017-12-24 17:43:43] Tamo com um Xbox aqui mas o projetor tá meio zuado
[2017-12-24 17:44:03] Tem 2 controles o Xbox?
[2017-12-24 17:44:56] 1
[2017-12-24 17:45:07] e 4 jogos
[2017-12-24 17:52:51] Eu tenho muito jogo na minha conta
[2017-12-24 17:53:53] Vou tentar levar mais um controle.. mas o projetor?
[2017-12-24 18:09:35] dá para consertar o projetor com o torno?
[2017-12-24 18:11:24] photo: /home/felipe/devel/github_garoa/Telegram_logs_Garoa_Hacker_Clube_Publico/media/Garoa_Hacker_Clube_(Público)/download_806117458_14023.jpg
[2017-12-24 18:11:26] Vcs tem como tentar outro cabo? Talvez o problema seja no cabo do projetor
[2017-12-24 18:14:57] Testamos. Não é
[2017-12-24 18:53:28] Podíamos fazer uma virada hacker no garoa
[2017-12-24 19:00:36] Ó o @fernandoGuisso ae
[2017-12-24 19:04:59] https://www.ted.com/talks/zeynep_tufekci_we_re_building_a_dystopia_just_to_make_people_click_on_ads/up-next#t-444048
[2017-12-24 21:23:25] Pessoal, feliz natal a todos :)
[2017-12-24 21:51:39] photo: /home/felipe/devel/github_garoa/Telegram_logs_Garoa_Hacker_Clube_Publico/media/Garoa_Hacker_Clube_(Público)/download_804729494_77615.jpg
[2017-12-24 21:52:34] 👏
[2017-12-24 21:53:22] photo: /home/felipe/devel/github_garoa/Telegram_logs_Garoa_Hacker_Clube_Publico/media/Garoa_Hacker_Clube_(Público)/download_804725740_99573.jpg
[2017-12-24 22:01:52] Mara!
[2017-12-24 22:48:13] https://twitter.com/MikeLeePearl/status/944386012008005633
[2017-12-24 22:51:22] photo: /home/felipe/devel/github_garoa/Telegram_logs_Garoa_Hacker_Clube_Publico/media/Garoa_Hacker_Clube_(Público)/download_804724808_100216.jpg
[2017-12-24 23:28:21] Arroz com passas ? Isso é pena pesada, onde está o pessoal dos direitos humanos nessas horas ? XD
[2017-12-24 23:52:06] Meu estômago deu erro 404 nem engov salva
