[2017-09-18 08:14:44] https://twitter.com/quasimondo/status/909719823470481408
[2017-09-18 09:14:51] Jarff Junior joined
[2017-09-18 11:05:09] Em washington est칚o convocando gente para ir numa reuni칚o do FCC e mostrar apoio  neutralidade da rede l치 --- https://news.slashdot.org/story/17/09/17/2343254/americans-plan-massive-net-neutrality-protest-next-week
[2017-09-18 11:55:49] https://www.youtube.com/watch?v=o1ZctJat4pU
[2017-09-18 20:24:41] quem quer ajudar a fazer cerveja?
[2017-09-18 20:24:57] vamos engarrafar, s치bado ou domingo
[2017-09-18 20:25:00] acho que sabado
[2017-09-18 20:25:31] Wellington Faria joined
[2017-09-18 20:26:36] Oi galera. Acabei de entrar aqui no grupo. Tenho interesse pelo Garoa. 游때
[2017-09-18 20:28:00] O clube 칠 melhor desfrutado presencialmente. Cola l치! Confira as atividades e se a porta est치 aberta em http://garoa.net.br
[2017-09-18 20:46:00] @michaelhoward9 como o @wellicfaria pode ficar sabendo se o engarrafamento da cerveja vai ser s치bado ou domingo?
[2017-09-18 20:47:26] O melhor jeito 칠 perguntar para o Vido
[2017-09-18 20:48:32] vou perguntar l치
[2017-09-18 20:49:20] Ontem eu andei num Tesla Model S em Montreal :-D
[2017-09-18 20:49:34] Pra ir do AirBnb pro aeroporto.
[2017-09-18 20:50:15] S치bado o DQ est치 mostrando como soldar fazendo o franzininho tambem
[2017-09-18 20:50:45] https://electrek.co/2016/06/10/tesla-model-s-taxi-fleet-montreal-airport/
[2017-09-18 20:51:01] https://garoa.net.br/wiki/Categoria:Eventos
[2017-09-18 20:54:33] Isso! S치bado  tarde a partir das 15h o clube vai estar aberto. Eu vou!
[2017-09-18 21:01:48] Esse horario me parece bom
