[2017-01-05 00:32:14] Qnd eu conseguir ir pros lados de lá eu levo então 😍😍
[2017-01-05 01:56:14] Acho válido, desde que você se sinta representado por eles. E lembrando que já existe uma contribuição obrigatória que é descontada do salário. A oposição é referente à outra contribuição, que no caso é opcional. No meu caso: não conheço nada do sindicato. Nem ninguém do meu trabalho que é afiliado. Eles só aparecem uma vez por ano na época do dicidio. Entenda por aparecer como sair na intranet do trampo. Antigamente, a gente podia fazer a oposição à cobrança por correio, com AR. inventaram um baita lero lero pra cancelar esse esquema e só aceitarem o presencial. Então enfim, adoraria confiar no role, mas não consigo
[2017-01-05 01:58:54] Pode parecer "teoria da conspiração" mas os "acordos sindicais" parecem ser algo bem casado e vendido. ;)
[2017-01-05 01:59:14] Bom para ambas as partes...
[2017-01-05 01:59:29] Menos para o trabalhador na maior parte das vezes.
[2017-01-05 11:22:13] olar gente. podem dar uma ajudinha? um amigo está com dificuldade em instalar o itunes pelo wine. ele é iniciante e eu manjo menos ainda, então se alguém puder dar uma luz.... 

Tá rolando essas duas mensagens de erro:
[2017-01-05 11:22:19] photo: /home/felipe/devel/github_tvdstaaij/telegram-history-dump/output/media/Garoa_Hacker_Clube_(Público)/download_803735551_20865.jpg
[2017-01-05 11:22:19] photo: /home/felipe/devel/github_tvdstaaij/telegram-history-dump/output/media/Garoa_Hacker_Clube_(Público)/download_803729443_141393.jpg
[2017-01-05 11:23:03] e antes que perguntem: ele filma coisas pelo ipad e precisa dar um jeito de transferir isso para o pc com linux. como é vídeo, são arquivos bem pesados, e é uma necessidade frequente.
[2017-01-05 11:23:55] Pelo Dropbox fica inviável?
[2017-01-05 11:25:39] não rolou.. tem arquivo de 6 GB
[2017-01-05 11:26:25] e considerando que o uso é frequente, o ideal é conseguir uma solução definitiva mais prática.
[2017-01-05 11:27:05] https://itunes.apple.com/us/app/fileapp-documents-files-reader/id297804694
[2017-01-05 11:27:11] - Robust wireless file transfer to computer via Wi-Fi (HTTP, FTP)
[2017-01-05 11:27:11] pq ele já tá quase desistindo do linux =/
[2017-01-05 11:27:31] Nunca usei... mas parece ser funcional
[2017-01-05 11:27:48] opa, interessante! xo dar uma olhada
[2017-01-05 11:44:10] Boa tarde, alguém sabe me indicar um lugar que possua curso de férias em programação, entre Python e Java?
[2017-01-05 11:44:14] Cursos rápidos
[2017-01-05 11:45:30] IME
[2017-01-05 11:45:46] vai lá e assiste as aulas se não fizer questão de certificado
[2017-01-05 11:45:51] já está rolando
[2017-01-05 11:59:32] Vou ver, obg
[2017-01-05 12:02:50] Alguém já fez o Nanodegree da Udacity?
[2017-01-05 13:06:04] Outras opções (não testei):
1. https://sourceforge.net/projects/gtkpod/
2. http://gpodder.org/
[2017-01-05 15:30:42] Esse dois funcionam bem só pra musicas e podcasts,
[2017-01-05 15:35:28] Pelo iPhone eu sei que ligando no USB vc entra direto no sistema de arquivos e pega as fotos. Deixa eu testar no iPad
[2017-01-05 15:50:58] Funciona. Usando o Ubuntu Mate, liguei o iPad no USB e escolhi "Trust on this computer" na tela do iPad. Em seguida o Ubuntu viu meu iPad como um disco, com uma pasta chamada DCIM, onde estão todos os arquivos de mídia do iPad. Aí é só procurar pelo dito cujo
[2017-01-05 15:52:10] Note que isso funciona para os arquivos gravados no device, e não para os sincronizados com iCloud
[2017-01-05 15:53:10] massa! vou repassar isso pra ele
[2017-01-05 16:40:05] photo: /home/felipe/devel/github_tvdstaaij/telegram-history-dump/output/media/Garoa_Hacker_Clube_(Público)/download_803735946_21052.jpg
[2017-01-05 16:40:07] Só para divertir vocês... meu autor favorito disse
[2017-01-05 16:50:14] https://recompilermag.com/issues/issue-2/reasoning-about-opaque-algorithms/
[2017-01-05 17:26:50] um amigo está fazendo
[2017-01-05 17:33:35] Pessoal adepto do camping Extra esta com promoção saldão de verão e tem barracas a partir de 69.90
[2017-01-05 17:35:00] chegou a ver se são boas?
[2017-01-05 18:07:54] qual Nanodegree ele esta fazendo?
[2017-01-05 18:10:56] Pelas fotos não da para ter ideia
[2017-01-05 18:11:55] eu dei uma olhada, acho que são as de 80 conto, tipo campus party... não aguenta chuva
[2017-01-05 18:12:04] nem chão irregular
[2017-01-05 18:13:25] Humm bom saber sou noob até nisso
[2017-01-05 18:37:04] Full stack
[2017-01-05 18:41:22] eu queria de full stackoverflow
[2017-01-05 18:44:19] ele gosta? vale a pena?
[2017-01-05 18:46:21] Todxs querem!
[2017-01-05 18:47:29] Valer a pena é relativo...
Ele tá pagando por algo que encontra de graça em outros lugares
[2017-01-05 18:47:47] E tá meio corrido pra estudar
[2017-01-05 18:48:02] Mas, até agora, não reclamou do curso
[2017-01-05 18:48:07] sim mais no final ele tem um papel que verifica o conhecimento, nao?
[2017-01-05 18:48:09] Mas ainda tá no início
[2017-01-05 18:48:16] essa e a idea, nao e?
[2017-01-05 18:49:20] Instituto Universal Brasileiro também dava um papel atestando conhecimento, mas nunca conheci ninguém no mercado de trabalho que tinha um dele
[2017-01-05 18:49:48] Se a Idéia é o "papel", existem soluções melhores
[2017-01-05 18:50:10] Se for de SP, impacta e GlobalCode, por exemplo
[2017-01-05 18:57:02] https://www.coursera.org/learn/ciencia-computacao-python-conceitos
[2017-01-05 20:38:13] Falando em coisas free https://github.com/open-source-society
[2017-01-05 20:41:50] Space walk streaming nesta madruga http://motherboard.vice.com/read/nasa-spacewalk-change-the-batteries-on-the-space-station?utm_source=mbtwitter
[2017-01-05 22:39:05] Alguém conseguiu fazer o rubberduck com Arduino?🌚
[2017-01-05 22:41:06] A um tempo atrás eu estava a analisar os sinais digitais de um teclado
[2017-01-05 22:41:50] Mas vi que já tem coisa pronta na internet, alterando o firmware do Arduino e gravando o duckscript nele
[2017-01-05 22:42:02] Tem até tutorial BR,
[2017-01-05 22:42:30] Mas não tive sucesso pra comunicar o chip🌚
[2017-01-05 22:42:37] Alguém já fez?
[2017-01-05 22:54:12] Yumi, os cursos que você indicou são esses? eles são todos no período da manhã mesmo?
https://www.ime.usp.br/verao/index.php/turmas/apresentacao.php
[2017-01-05 22:54:35] sim
[2017-01-05 22:58:54] Legal...pena que são em horários bem ruins
[2017-01-05 23:32:55] O @RCockles fez um:
https://youtu.be/lx7X2CvQJdE
[2017-01-05 23:41:30] Obrigado
