[2018-03-28 03:12:28] Richard joined
[2018-03-28 03:14:43] 🙏🏽
[2018-03-28 04:42:58] Será que algo pode ser feito para ajudar o Carlos Ruas?
https://youtu.be/BvqCQdPX36g
[2018-03-28 07:37:34] Que foda! Puta engenharia social!
[2018-03-28 08:32:54] Isso aconteceu no Domingo! Parece que o Facebook entrou em contato com ele ontem e agora ele está na burocracia para recuperar a página
[2018-03-28 08:46:20] Falar para não usar a mesma senha em vários lugares e cadeado verde não significa tá seguro necessariamente
[2018-03-28 09:19:05] fazer isso nao 'eh nem 10% da seguranca necessaria minima
[2018-03-28 09:29:55] Eu acho q 0 é melhor do que 10 né
[2018-03-28 09:30:25] se for pra fazer 10 e achar que ta seguro melhor fazer 0 e ser paranoico
[2018-03-28 09:30:28] auehaae
[2018-03-28 09:52:55] photo: /home/felipe/devel/github_garoa/Telegram_logs_Garoa_Hacker_Clube_Publico/media/Garoa_Hacker_Clube_(Público)/download_806121944_67434.jpg
[2018-03-28 09:52:59] Bom dia
[2018-03-28 09:53:05] Oportunidade!
[2018-03-28 10:01:40] Bom dia
[2018-03-28 10:03:38] https://tecnologia.uol.com.br/noticias/redacao/2018/03/25/facebook-registro-de-ligacoes-e-envio-de-mensagens.htm
[2018-03-28 13:21:41] Acho que entre outras razões, porque a gente precisa deles. Você pode escolher entre ficção a, b, c... Mas entre um livro acadêmico e outro, você não tem muita opção. É ou comprar ou piratear.
[2018-03-28 13:22:58] Publicação com tiragem baixa, público específico que vai ler e vai comprar, demanda baixa.
[2018-03-28 13:23:25] Geralmente precisa de uma revisão bem melhor em ortografia com gente especializada
[2018-03-28 13:23:47] O que não é o caso da versão em português do Ashcroft (Física do Estado Sólido)
[2018-03-28 13:23:48] Hahahahah
[2018-03-28 14:10:06] pessoal, to executando primeiro projeto com a raspberry : https://www.arena-maker.com/products/projeto-2-acione-as-saidas-do-raspberry-pi/
fiz como fala no site, porem vejam o erro que aparece
[2018-03-28 14:10:10] photo: /home/felipe/devel/github_garoa/Telegram_logs_Garoa_Hacker_Clube_Publico/media/Garoa_Hacker_Clube_(Público)/download_806124304_68408.jpg
[2018-03-28 14:10:18] alguém já passou por isso?
[2018-03-28 14:11:55] tá ativado a saida de GPIO nas confs?
[2018-03-28 14:11:59] do raspi?
[2018-03-28 14:13:17] http://www.pingo.io/docs/

https://github.com/pingo-io/pingo-py
[2018-03-28 14:14:15] document: /home/felipe/devel/github_garoa/Telegram_logs_Garoa_Hacker_Clube_Publico/media/Garoa_Hacker_Clube_(Público)/download_476026781787226382.webp
[2018-03-28 14:17:10] não está
[2018-03-28 14:17:37] ativa
[2018-03-28 14:17:40] se não não vai
[2018-03-28 14:18:03] vai no menu e ativa lá nas opções
[2018-03-28 14:18:07] ou edita nas confs
[2018-03-28 14:19:01] rasp PI configuration?
[2018-03-28 14:21:18] nesse artigo fala sobre a biblioteca GPIO
[2018-03-28 14:21:19] http://blog.fazedores.com/raspberry-pi-b-introducao-porta-gpio/
[2018-03-28 14:28:20] Mais do que nunca é hora de falar da importância da CryptoRave. Mais do que nunca é hora de compartilhar em todos os grupos que você faz parte.

A CryptoRave é um evento de muita resistência: voluntário, sem publicidade, sem terno, gravata e pão de queijo murcho. Financiada por todos nós. Construída por nós, com uma programação coletiva.

Ano passado 600 pessoas acreditaram e ajudaram a realizar o evento. Esse é um evento único no Brasil e que precisa continuar existindo.

É por esse motivo que nós agradecemos a cada um de vocês que, de alguma forma, em algum momento desses cinco anos apoiou a CryptoRave. Nem sempre dá para apoiar com dinheiro, mas divulgar para os/as amigos/as é sempre possível e muito importante.

Divulguem! <3

https://www.catarse.me/cryptorave2018
[2018-03-28 15:28:42] Gente, esse clube https://garoa.net.br/wiki/Turing_Clube ainda existe?
[2018-03-28 15:31:03] Faz tempo que não rola
[2018-03-28 15:31:22] 2014,
[2018-03-28 15:31:26] mas seria legal se rolasse =D
[2018-03-28 15:31:29] muito, btw
[2018-03-28 15:41:07] Que triste :'(
[2018-03-28 16:31:55] vc pode organizar
[2018-03-28 17:10:37] Posso ajudar se for de sábado!
[2018-03-28 17:10:48] posso assistir se for de sabado kk
[2018-03-28 17:12:34] @lvido @ianffcs @melostbr vocês iriam neste evento?
[2018-03-28 17:12:48] Se tiverem alguma proposta de atividade
[2018-03-28 17:24:01] idem, gostei bastante da proposta
[2018-03-28 17:24:05] Podemos atualizar a wiki e disponibilizar o espaço
[2018-03-28 17:24:41] Sábado iria ser ótimo!
[2018-03-28 17:24:57] Haha até topo viu?
[2018-03-28 17:25:11] Preciso criar minha página no Garoa ainda hahahha
[2018-03-28 17:43:37] Você pode adotar o nome para a sua atividade se quiser...
[2018-03-28 17:44:09] ;)
[2018-03-28 17:53:58] Será? É um ótimo nome (achei o atual meio "cafona" kk)
[2018-03-28 18:09:07] http://gbeced.github.io/pyalgotrade/
[2018-03-28 18:09:31] Tem suporte a trade de bitcoin
[2018-03-28 18:42:13] Sim! Só tu configurar a API
[2018-03-28 18:42:33] Afinal os retarda que trada bitcoin (tipo eu) usa a mesma estratégia da galera de stock
[2018-03-28 18:42:36] foi uma afirmação. heheheh
[2018-03-28 18:43:53] Então, a plataforma que eu estou usando é o Tryd5
[2018-03-28 18:43:55] https://www.tryd.com.br/manual/HTML/scripts.htm?toc=0
[2018-03-28 18:44:09] Ele tem suporte a scripts, mas é Java
[2018-03-28 18:45:03] Eu brinquei um pouco com o MetaTrader4... mas eu não progredi muito.
[2018-03-28 18:49:00] https://www.quantopian.com/algorithms/5abc0d1596c7b13ad7ed9609
[2018-03-28 19:11:43] não, tá legal o nome que você deu, é mais focado mesmo que o Turing Clube – vou por um link lá para o seu grupo...
[2018-03-28 19:16:11] Pronto, fica histórica a página do Turing Clube e tem link para a sua nova atividade.
[2018-03-28 19:17:17] Já tem data para começar, @melostbr ? Vi lá que ficou sexta mesmo... esta sexta já vai ter?
[2018-03-28 19:22:21] Vou começar a partir do dia 20 de abril, pra dar tempo do pessoal ver e participar
[2018-03-28 19:27:21] document: /home/felipe/devel/github_garoa/Telegram_logs_Garoa_Hacker_Clube_Publico/media/Garoa_Hacker_Clube_(Público)/download_114573964927303774.webp
[2018-03-28 19:28:19] ótimo!
[2018-03-28 19:46:16] photo: /home/felipe/devel/github_garoa/Telegram_logs_Garoa_Hacker_Clube_Publico/media/Garoa_Hacker_Clube_(Público)/download_804724387_166146.jpg
[2018-03-28 19:46:16] photo: /home/felipe/devel/github_garoa/Telegram_logs_Garoa_Hacker_Clube_Publico/media/Garoa_Hacker_Clube_(Público)/download_806117771_66867.jpg
[2018-03-28 19:46:16] photo: /home/felipe/devel/github_garoa/Telegram_logs_Garoa_Hacker_Clube_Publico/media/Garoa_Hacker_Clube_(Público)/download_806118317_67560.jpg
[2018-03-28 19:46:16] photo: /home/felipe/devel/github_garoa/Telegram_logs_Garoa_Hacker_Clube_Publico/media/Garoa_Hacker_Clube_(Público)/download_806006144_13447.jpg
[2018-03-28 19:46:16] São da semana passada. A primeira é dentro do prédio, tirada de cima do túnel do acelerador. A segunda é dentro do túnel onde vai o acelerador principal (o anel de armazenamento de elétrons) e a terceira são as primeiras peças do acelerador linear, que é o primeiro acelerador a ser instalado.
[2018-03-28 19:46:16] Achei que fossem gostar
[2018-03-28 19:46:53] A primeira é o Sirius por fora, as outras estão descritas na mensagem acima. Some um nos ordinais.
[2018-03-28 20:09:14] Você trabalha lá Aylons?
[2018-03-28 21:08:40] Sim
[2018-03-28 21:31:23] Maneiro! Faço mestrado em instrumentação física lá no CBPF
[2018-03-28 21:32:30] Que bacana, qual é mais exatamente o tema do mestrado?
[2018-03-28 21:33:31] Eletrônica para experimentos físicos, tem um pessoal que trabalha com o CERN, Fermilab, etc.
[2018-03-28 21:41:52] Ah, sim, isso eu entendi. Queria sabe detalhes mesmo, que eletrônica, e tal. Falando em fermilab, meu antigo estagiário trabalha com eles até hoje, foi lá mexer com placas do CMS (ou Atlas, sempre confundo).
[2018-03-28 21:42:50] Então, a gente vê toda a parte de eletrônica analógica, digital e processamento digital de sinais aplicado à Física. É bem interessante.
[2018-03-28 21:44:25] Sua dissertação vai falar de que?
[2018-03-28 21:46:01] Ainda não sei, comecei tem duas semanas 😂
Ainda estou transitando pelos laboratórios para conhecer o pessoal. Provavelmente vou desenvolver alguma eletrônica para algum dos detectores que estão desenvolvendo por lá.
[2018-03-28 21:47:27] O processamento de sinal lá é meio diferente do que eu estava acostumado a fazer, geralmente escrevia tudo em ARM, lá eles usam FPGA e vai ser uma baita oportunidade de colocar isso no meu Skillset
[2018-03-28 22:06:41] Não é tão difícil quanto parece. Pega o livre do Uwe Meyer que ele já explica muito. Além disso, dá uma olhada no DSP-cores no GitHub, tem bastante coisa muito útil lá.
[2018-03-28 22:06:52] A comunidade se ajuda bastante
[2018-03-28 22:07:56] O professor comentou sobre um software em C++ que eles usam para processamento de dados e foi desenvolvido pelo CERN, tem noção de que lib é essa?
[2018-03-28 22:09:16] Eu não mexo muito com processamento em CPU, mas sei quem sabe. Posso perguntar, se precisar
[2018-03-28 22:10:00] É que eu só vou ter aula com ele novamente segunda e não queria perturbar mandando pergunta por e-mail.
[2018-03-28 22:10:06] O pessoal que eu conheço e os projetos que eu acompanho nos experimentos são ligados ao trigger, que é feito em FPGA.
[2018-03-28 22:10:23] Cara, não é perturbar, manda bala
[2018-03-28 22:11:24] Alguém é muito fã da série 24h Ou simplesmente aceitar ria um box de dvds da série ?
[2018-03-28 22:11:46] photo: /home/felipe/devel/github_garoa/Telegram_logs_Garoa_Hacker_Clube_Publico/media/Garoa_Hacker_Clube_(Público)/download_806008213_13372.jpg
[2018-03-28 22:16:47] @vmesel é seu, parabéns!
[2018-03-28 22:16:55] document: /home/felipe/devel/github_garoa/Telegram_logs_Garoa_Hacker_Clube_Publico/media/Garoa_Hacker_Clube_(Público)/download_147119960081039388.webp
[2018-03-28 22:18:36] document: /home/felipe/devel/github_garoa/Telegram_logs_Garoa_Hacker_Clube_Publico/media/Garoa_Hacker_Clube_(Público)/download_606707282096422970.webp
[2018-03-28 22:18:39] Tks
[2018-03-28 22:18:43] Na verdade é pro meu pai
[2018-03-28 22:18:46] Mas tks dnovo
[2018-03-28 23:44:11] Pessoal, mandei as fotos porque já tem data marcada para visitação no LNLS e laboratórios no entorno: 26/05. É um baita evento, sempre muito legal!
[2018-03-28 23:46:59] Eu aceitaria :) Jack Boua rulez
[2018-03-28 23:53:38] Visitação aberta? Onde se Inscreve?
