[2017-05-10 06:19:47] caso algum dia bloqueiem o telegram no brasil
http://www.pro-gram.info/en
[2017-05-10 07:30:48] Bom dia @Gutemhc .
Quando terá mais desse kit e ainda é o mesmo valor?
Vou precisar de um
[2017-05-10 07:39:40] Tbm quero!
[2017-05-10 07:40:08] Bom dia
[2017-05-10 08:35:10] Vcs ainda tem aqueles passaportes do Garoa?
[2017-05-10 08:36:08] Ontem divulguei o link do evento da BSides para meu gestor e foi divulgado para os funcionários onde mencionei o Garoa
[2017-05-10 09:40:00] @Gutemhc OLha o Garoa já abre hoje por algum motivo ou apenas amanhã e sexta?
[2017-05-10 09:46:49] Amanhã e sexta, até onde sei
[2017-05-10 09:49:05] hum...
[2017-05-10 09:49:13] @Gutemhc se o cara do tor puder, hoje vc pode?
[2017-05-10 09:50:25] Não mais... Tenho um compromisso pra hoje. :(
[2017-05-10 09:53:25] De boa
[2017-05-10 09:53:30] Deixa pra amanhã mesmo
[2017-05-10 11:32:56] o node da chaosvpn ja esta funcionando no Garoa?
[2017-05-10 14:07:04] Essa semana alguem perguntou sobre um leitor de codigo de barras com arduino, aquilo deu andamento?
[2017-05-10 14:19:34] O FAQ está horrível. Não inspira confiança
[2017-05-10 14:48:13] @Latex_lin
[2017-05-10 15:42:01] To fazendo, to apanhando com o usb
[2017-05-10 15:42:10] Nao queria usar um shild
[2017-05-10 15:42:27] Vi que tem como ligar ele no serial
[2017-05-10 15:50:57] Muito legal!
[2017-05-10 16:16:34] Pessoal, aqui em SP é fácil achar uma casa de fontes? Eu perdi a fonte do meu monitor,a té comprei outra
[2017-05-10 16:16:36] mas não encaixou
[2017-05-10 16:17:44] Dai eu queria apenas trocar o encaixe mesmo
[2017-05-10 16:25:13] É no meio da Santa Efigênia
[2017-05-10 16:25:23] Eu só perguntar lá, Rei das Fontes
[2017-05-10 16:25:34] Eu fui hj lá
[2017-05-10 16:25:48] Outro dia sai da estação são Bento e tinha uma galera oferecendo panfleto para uma casa de fontes
[2017-05-10 16:25:55] Mas teve parada na cracolandia dai tava tudo muito fechado
[2017-05-10 16:26:13] Queria um lugar de boa pra eu levar o monitor r testar na hora
[2017-05-10 16:30:35] Ah é! Casa das Fontes 😁
[2017-05-10 16:30:56] santa ifigênea
[2017-05-10 16:30:58] espera abrir
[2017-05-10 16:31:55] photo: /home/felipe/devel/github_tvdstaaij/telegram-history-dump/output/media/Garoa_Hacker_Clube_(Público)/download_803734545_99420.jpg
[2017-05-10 16:31:57] Essa?
[2017-05-10 16:34:06] bah mano, fonte de 12V tem em qualquer eletrônica
[2017-05-10 16:36:04] Mas o problema é o contector vei
[2017-05-10 16:36:11] PReciso que a parada encaixe, né?
[2017-05-10 17:05:09] sim, tu não é preiba que anda por aí de smartphone? tira uma foto do conector, chê
[2017-05-10 17:06:04] além disto, conector de monitor segue padrão, não é que nem notebook que é uma guerra industrial
[2017-05-10 17:11:02] Olha lá !!!!
[2017-05-10 17:11:02] document: /home/felipe/devel/github_tvdstaaij/telegram-history-dump/output/media/Garoa_Hacker_Clube_(Público)/download_5219809935356854399.mp4
[2017-05-10 17:17:58] Cara, eu fui lá, ele falou que era padrão, chegou aqui em casa e essa misera não conectou :(
[2017-05-10 17:19:00] então a guerra industrial chegou nos monitores
[2017-05-10 17:22:30] Ahhhh então é assim que a Space X coloca os satelites no espaço...
[2017-05-10 20:09:48] document: /home/felipe/devel/github_tvdstaaij/telegram-history-dump/output/media/Garoa_Hacker_Clube_(Público)/download_5181900977749360651.mp4
[2017-05-10 20:39:43] Qu coisa looooocaaaa adorei
