[2017-03-04 04:33:05] Acho q ele se concentrou muito no modelo que VC indicou e não na ideia de usar qq hardware que não necessite de firmware não livre. Eu uso uma placa WiFi de chipset ar9565 no meu lenovo x1 carbon, usa um driver livre e não necessita de firmware não livre, mas não conheço as característica técnicas e se cai no mesmo problema que o chipset do dongle levantado pelo cara na issue, mas me parece ser minúscula e de tecnologia mais nova.
[2017-03-04 08:29:33] Essa aí usa firmware proprietário, mas não tem interface de carga de firmware e, portanto, é tratada como se o firmware fosse hardware.
[2017-03-04 09:48:41] Boa Assembleia Geral e boa festa de 101 anos para todos vcs!!!
[2017-03-04 09:55:35] 110 !
[2017-03-04 09:59:29] 110 !!!!! Desculpe
[2017-03-04 10:00:16] https://github.com/njanakiev/simulated-annealing
[2017-03-04 10:00:17] njanakiev | simulated-annealing

Implementation of Simulated Annealing in Processing

Language: Processing
Forks: 0
Stars: 0
Issues: 0
[2017-03-04 10:17:56] photo
[2017-03-04 10:17:58] Aos que vierem ao Garoa hoje, atentem-se aos bloquinhos (pois o Carnaval parece que nunca vai acabar)
[2017-03-04 10:25:23] Eita preula
[2017-03-04 10:57:22] meus alunos falam isso, me explica?
[2017-03-04 10:59:26] Eita preula === Minha nossa senhora Aparecida de perpétuo socorro mãe de Deus pai todo poderoso, fudeo
[2017-03-04 10:59:49] obrigado
[2017-03-04 11:03:50] http://www.dicionarioinformal.com.br/preula/
[2017-03-04 11:04:00] Explicando melhor kkkk
[2017-03-04 11:04:08] quem dera nao acabasse hahahah
[2017-03-04 11:04:16] não, tá ótimo
[2017-03-04 11:04:22] Nó
[2017-03-04 11:04:31] la em minas a Gente simplifica: nuuuuuuuuuuuu
[2017-03-04 11:05:05] DIga por você =)
[2017-03-04 11:06:34] Uso mais pra zuar com as pessoas, ex: Falou dá sua mãe, nuuuuuuu
[2017-03-04 11:07:01] Aí vc estende o uuuu até a pessoa irritar
[2017-03-04 11:07:21] hahahha
[2017-03-04 11:07:38] cara,mineiro sempre economiza,entao serve pra mta coisa hahahahah
[2017-03-04 11:10:44] Sim, me expressei mal ... pra mim é menos pior :p
[2017-03-04 13:35:32] photo: /home/felipe/devel/github_tvdstaaij/telegram-history-dump/output/media/Garoa_Hacker_Clube_(Público)/download_532580054987718735.mp4
[2017-03-04 13:35:34] Para os importadores
[2017-03-04 13:36:04] hauhauhauhahuahauh
[2017-03-04 13:36:11] muito verdade isso
[2017-03-04 13:36:37] respeito zero pelos correios e receita
[2017-03-04 13:37:00] sao so mais contra-peso para o crescimetno do pais
[2017-03-04 13:49:05]  joined
[2017-03-04 13:49:06] Hi Thiago !
[2017-03-04 13:52:10] Olá pessoal, me chamo Thiago e sou aqui de São Paulo. Conheci o garoa através do Luciano Ramalho e depois achei a wiki de vcs, queria conhecer mais a respeito e aprender coisas novas, achei os eventos publicados lá na Wiki mto interessantes :)
[2017-03-04 13:57:09] Só chegar chegar em algum desses eventos, pegou o endereço já?
[2017-03-04 14:01:15] Peguei sim, eu vou aparecer lá então :) Eu vi que tava rolando um curso de eletrônica que eu queria ter ido, nem sei se já acabou.
[2017-03-04 14:06:38] Acho q esse curso tinha vagas limitadas, vc vai ter q esperar o proximo
[2017-03-04 14:08:59] Thiago, você pode editar a página da wiki e incluir seu nome na lista de espera:
https://garoa.net.br/wiki/Mini_curso_de_eletrônica_básica
[2017-03-04 14:11:39] Opa! Feito! :)
[2017-03-04 14:12:41] Eu tenho que começar por aí, sou um ignorante no assunto rs
[2017-03-04 14:52:06] Já tivemos 4 aulas, se quiser, pode começar a estudar sozinho através do material já disponível, enquanto aguarda uma próxima turma.
[2017-03-04 14:54:08] Para quem está no Garoa, já estou a caminho, vou chegar um pouco atrasado, porque perdi o ônibus anterior.
[2017-03-04 15:51:57] Boa tarde, quem puder avisa ao Emerson que hj não irei na aula de servidor Linux... Vlw
[2017-03-04 16:14:43] Estamos a caminho do curso de servidores...
[2017-03-04 17:02:13] hey chicos, aqui hablais sobre seguridad y hakeo?
[2017-03-04 17:22:06] document: /home/felipe/devel/github_tvdstaaij/telegram-history-dump/output/media/Garoa_Hacker_Clube_(Público)/download_328774854541050087.webp
[2017-03-04 17:55:03] Alguém sabe o defeito desses ventisilva?  Compramos dois, e os dois deram exatamente o mesmo problema
[2017-03-04 17:55:29] Deve ter um firmware proprietário dentro
[2017-03-04 18:41:17] Ta rolando festa?
[2017-03-04 18:55:10] Sim... com direito a cachorro-quente...
[2017-03-04 18:55:18] !g0r added Matheus Carvalho
[2017-03-04 18:55:19] Hi Matheus !
[2017-03-04 19:12:25] Da tempo .se eu  chegar as 20hs?
[2017-03-04 19:41:42] photo: /home/felipe/devel/github_tvdstaaij/telegram-history-dump/output/media/Garoa_Hacker_Clube_(Público)/download_803110359_32013.jpg
[2017-03-04 19:50:38] Em que lugar de Guarulhos @mynameiserin ?
[2017-03-04 19:55:08] bosque maia
[2017-03-04 19:55:14] acabamos de sair
[2017-03-04 20:09:44] Deve ser o capacitor que vai no motor, deve estar zoado.
[2017-03-04 20:10:31] Tivemos que ir embora, nem vi os lanches...:(
[2017-03-04 20:11:32] Que legal...
[2017-03-04 21:24:27] Capacitor? Tipo, ele roda devagar? Qual o defeito?
[2017-03-04 21:28:03] O capacitor é para o arranque do motor, se ele estiver pifado, tem que ficar tentando dar arranque no motor do ventilador uma mão...
[2017-03-04 21:28:15] *na
[2017-03-04 21:30:30] Boa Noite,estou querendo conhecer o Garoa no Rio,quais são os dias??
[2017-03-04 21:58:15] Garoa no Rio?
[2017-03-04 22:05:10] tipo rock in rio só que pra hackers
[2017-03-04 22:06:00] sim...Garoa no Rio de Janeiro
[2017-03-04 22:06:09] quais são os dias??
[2017-03-04 22:06:09] fácil
[2017-03-04 22:06:13] os horarios??
[2017-03-04 22:06:21] qualquer dia, só pegar um avião pra são paulo
[2017-03-04 22:06:32] aí você conhece garoa, partindo do rio
[2017-03-04 22:06:38] document: /home/felipe/devel/github_tvdstaaij/telegram-history-dump/output/media/Garoa_Hacker_Clube_(Público)/download_532577873144324326.mp4
[2017-03-04 22:06:55] 😝
[2017-03-04 22:07:20] pow que vacilo
[2017-03-04 22:07:34] vacilão é quem não lê o site..
[2017-03-04 22:07:39] sacanagem
[2017-03-04 22:07:40] http://garoa.net.br
[2017-03-04 22:07:42] kkk
[2017-03-04 22:07:55] document: /home/felipe/devel/github_tvdstaaij/telegram-history-dump/output/media/Garoa_Hacker_Clube_(Público)/download_694481660414001323.webp
[2017-03-04 22:08:00] pinned the message
[2017-03-04 22:08:24] se a informação é mais rápida por aqui porque vou abrir um browser??
[2017-03-04 22:08:58] pra não falar merda, talvez
[2017-03-04 22:09:00] Pq a gente quer saber o pq vc quer visitar o garoa, e se vc quer visitar tem q saber o que é primeiro
[2017-03-04 22:09:38] ah sim,um encontro de nerds...
[2017-03-04 22:09:45] eu não nerd não
[2017-03-04 22:09:53] não sou*
[2017-03-04 22:10:07] cê que o quê aqui então meu chapa?
[2017-03-04 22:10:22] document: /home/felipe/devel/github_tvdstaaij/telegram-history-dump/output/media/Garoa_Hacker_Clube_(Público)/download_694481660414001192.webp
[2017-03-04 22:10:24] aprender
[2017-03-04 22:11:10] estou com uma dúvida então para mudar de assunto..
[2017-03-04 22:11:44] Não é um encontro de nerds irmão
[2017-03-04 22:11:59] fale por conta própria
[2017-03-04 22:12:08] quero dar um passo a mais em C++...aprendi os If´s else,,,switch e OO mas preciso dar um passo adiante,aprendi ponteiros..mas tana hora de ir alem com interfaces gráficas
[2017-03-04 22:12:19] está*
[2017-03-04 22:12:26] Não é SÓ um encontro de nerds
[2017-03-04 22:12:51] encontro de nerds e alguns faladores de linguiça
[2017-03-04 22:13:07] ok ok...
[2017-03-04 22:13:39] Tu quer fazer interface ou quer fazer aplicativinho pra celular?
[2017-03-04 22:14:10] não somos o google
[2017-03-04 22:14:11] eu não entendo bulufas de hardware,só entendo de software,estou criando um Sistema Especialista,uma I.A mas preciso de uma base de conhecimento
[2017-03-04 22:14:16] pensei no Jarvis
[2017-03-04 22:14:24] achei um projeto interessante
[2017-03-04 22:14:59] para meu desktop mesmo,talvez para mobile
[2017-03-04 22:15:56] não quero ficar preso ao Java,,achei Javamuito lento...
[2017-03-04 22:16:05] C++ é legal
[2017-03-04 22:16:41] fora que o Visual Studio é muito mais IDE que o Eclipse
[2017-03-04 22:16:55] mas deixando a IDE de lado..
[2017-03-04 22:17:22] eu não gostei muito de Java,,,achei penoso,,muito código para fazer algo simples
[2017-03-04 22:17:26] PHP não gosto..
[2017-03-04 22:17:33] linguagem muito gambiarra
[2017-03-04 22:17:37] mal projetada
[2017-03-04 22:17:46] estou estudando C# e estou gostando
[2017-03-04 22:17:54] integrei com o SQL SERVER
[2017-03-04 22:17:58] achei ótimo
[2017-03-04 22:18:09] está chovendo vaga para DBA
[2017-03-04 22:18:21] mas é mais fácil entrar como desenvolvedor
[2017-03-04 22:18:36] document
[2017-03-04 22:19:03] kkk
[2017-03-04 22:20:16] 😂😂😂😂😂😂
[2017-03-04 22:21:02] eu não sou nerd não...
[2017-03-04 22:21:13] que fique claro
[2017-03-04 22:21:32] esttou saindo e bebendo!!
[2017-03-04 22:21:34] shusahsua
[2017-03-04 22:21:39] brincadeira
[2017-03-04 22:22:26] mudando de assunto novamente..
[2017-03-04 22:22:36] estava usando o FreeBSD,,mas parei
[2017-03-04 22:22:40] @FilipeMandarino C/C++ Brasil
1) Não pode mandar Bom dia/tarde/noite.
2) Stickers são permitidos, com parcimónia.
3) Não viole leis do Brasil, porra!

Quem abusar dessas regras, toma um delete.  Se abusar demais, toma um delete de todo o histórico do usuário.

De resto, vale tudo.
https://t.me/ccppbrasil
[2017-03-04 22:22:42] pouco mercado aqui no rio..
[2017-03-04 22:23:09] mano esse logo
[2017-03-04 22:23:10] que
[2017-03-04 22:23:12] piada
[2017-03-04 22:23:13] de tio
[2017-03-04 22:23:16] amei
[2017-03-04 22:23:24] Amigo, deixa eu te contar, fez hello world, usou outra coisa q não windows, já é nerd
[2017-03-04 22:24:21] kkk...mas que não quero ser nerd...não quero,mulheres não gostam de nerd
[2017-03-04 22:25:31] Te recomendo sem dúvida alguma a ver o melhor
http://garoa.net.br
[2017-03-04 22:25:35] é a diferença entre razão e necessidade
[2017-03-04 22:25:47] Boa noite a todos....
[2017-03-04 22:25:53] buenas..
[2017-03-04 22:26:12] Onibus hacker??? Q parada é essa erin????
[2017-03-04 22:26:12] Se tivese me avisado eu colava la no bosque maia
[2017-03-04 22:26:36] https://www.facebook.com/onibushacker
[2017-03-04 22:26:40] http://onibushacker.org/
[2017-03-04 22:27:04] https://www.facebook.com/events/746430322181375
[2017-03-04 22:28:51] Cara, se vc tem problemas com mulheres não culpe os nossos, nós não temos esse problema
[2017-03-04 22:31:05] só vejo as mulheres bonitas com os caras que malham,levantam ferro na academia e conversam outras baboseiras
[2017-03-04 22:31:38] document: /home/felipe/devel/github_tvdstaaij/telegram-history-dump/output/media/Garoa_Hacker_Clube_(Público)/download_246108729936707743.webp
[2017-03-04 22:32:20] tenho que ir...vou sair,amanha papeamos mais
[2017-03-04 22:32:49] falando sério agora..
[2017-03-04 22:32:51] document: /home/felipe/devel/github_tvdstaaij/telegram-history-dump/output/media/Garoa_Hacker_Clube_(Público)/download_246108729936707758.webp
[2017-03-04 22:32:59] vou tentar ir no garoa essa semana..
[2017-03-04 22:33:13] mas não tenho nenhum projeto em mente..
[2017-03-04 22:33:13] Tá andando nos lugares errados
[2017-03-04 22:33:40] vi lá no face que a maioria dos projeto tem a ver com hardware
[2017-03-04 22:33:58] eu meio que foquei tudo em software
[2017-03-04 22:33:58] Não necessariamente
[2017-03-04 22:34:04] feicersburg
[2017-03-04 22:34:17] tudo bem blz
[2017-03-04 22:34:22] tenho que ir..
[2017-03-04 22:34:25] até +
[2017-03-04 22:34:52] document: /home/felipe/devel/github_tvdstaaij/telegram-history-dump/output/media/Garoa_Hacker_Clube_(Público)/download_532583783019319935.mp4
[2017-03-04 22:36:42] Saquei erin, legal o esquema do onibus
[2017-03-04 22:36:55] document: /home/felipe/devel/github_tvdstaaij/telegram-history-dump/output/media/Garoa_Hacker_Clube_(Público)/download_15405485050036454.webp
[2017-03-04 22:37:52] Erin te amo, vc alegra os meus dias, quase td dia tem gente pra vc zuar kkkk e eu racho o bico
[2017-03-04 22:38:21] document: /home/felipe/devel/github_tvdstaaij/telegram-history-dump/output/media/Garoa_Hacker_Clube_(Público)/download_694481660414001217.webp
[2017-03-04 22:44:47] Ae glr Garoa ta de parabéns, lugar MT dhr
[2017-03-04 23:00:19] document: /home/felipe/devel/github_tvdstaaij/telegram-history-dump/output/media/Garoa_Hacker_Clube_(Público)/download_999077034489544752.webp
