[2017-10-27 00:45:12] Falcon joined
[2017-10-27 00:45:13] Hi Falcon !
[2017-10-27 01:17:47] Nove ou Heavy ?
[2017-10-27 01:17:51] https://hardware.slashdot.org/story/17/10/26/2114253/us-voting-server-at-heart-of-russian-hack-probe-mysteriously-wiped
[2017-10-27 03:07:04] velho, eu to a uma caralhada de séculos tentando terminar um drone
[2017-10-27 03:07:30] tem algum dia no garoa que eu posso levar ele pra conseguir ajuda?
[2017-10-27 03:07:30] kk
[2017-10-27 09:10:54] http://idgnow.com.br/ti-corporativa/2017/10/26/crossover-recrutara-programadores-em-poa-com-salarios-de-r-321-mil-ao-ano/
[2017-10-27 09:28:19] http://t.me/CoinsWalletBot?start=RoUPBkBy
[2017-10-27 12:13:00] Preciso montar o meu. Podíamos ver um dia para isso
[2017-10-27 12:19:12] To Junto!
[2017-10-27 13:11:52] Dia do projeto órfão
[2017-10-27 13:12:14] Vai vir metade do planeta
[2017-10-27 13:13:04] pode levar mais de um projeto, Mike ?
[2017-10-27 13:28:29] Hum
[2017-10-27 13:28:42] Acho que o nome está errado
[2017-10-27 13:29:34] Virada dos projetos órfãos
[2017-10-27 13:29:42] Plural
[2017-10-27 13:30:22] Vou levar um monte
[2017-10-27 13:31:48] Uma sexta virando até sábado
[2017-10-27 13:47:37] Eu to com vontade de implementar o PPU do meu emuladorzinho de NES. To meio enroscado :/ fiz uma ppu ultra hiper rudimentar só pra ver pixels na tela mesmo. To pensando em fazer isso no Garoa.
[2017-10-27 13:51:05] photo: /home/felipe/devel/github_tvdstaaij/telegram-history-dump/output/media/Garoa_Hacker_Clube_(Público)/download_805509528_43284.jpg
[2017-10-27 13:51:41] Tá assim :P
[2017-10-27 14:06:16] minimalista
[2017-10-27 14:06:20] artístico
[2017-10-27 14:06:22] curti
[2017-10-27 14:15:22] rafael el joined
[2017-10-27 14:15:23] Hi rafael !
[2017-10-27 14:22:52] Boa Tarde Pessoal!!
Tudo bem com vocês?
Meu nome é Rafael.

Fiquei sabendo do garoa e de 'hacker space' através de um professor da unicamp.
Entrei no site algumas vezes e sempre quis conhecer mais a respeito. Mas apenas hoje descobri esse grupo do telegram.

Sou super noob em TI e programação. Mas um entusiasta em aprender.
[2017-10-27 14:28:39] Fique à vontade para aparecer! Geralmente quintas são legais para ir conhecer, são as noites de Arduino. Mas fique à vontade para ver os projetos que estão rolando pelo site e por aqui. Só chegar :)
[2017-10-27 14:34:47] Tem algum horário específico?
[2017-10-27 16:44:30] Marcelo Santos joined
[2017-10-27 16:44:31] Hi Marcelo !
[2017-10-27 16:44:32] pfvr!
[2017-10-27 17:00:32] Semana que vem?
[2017-10-27 17:00:43] Terça?
[2017-10-27 17:04:24] ja montei alguns drone posso ir ajudar talvez montar mais um haha
[2017-10-27 17:04:31] posso ir terca
[2017-10-27 17:05:31] Aí, @tilt4 é Mestre na Arte! Bora Fechar Terça!
[2017-10-27 17:10:39] se decidir ja publicar na lista
[2017-10-27 17:10:43] e coloca na agenda
[2017-10-27 17:38:35] Terça tem Processing... quarta?
[2017-10-27 17:45:53] photo: /home/felipe/devel/github_tvdstaaij/telegram-history-dump/output/media/Garoa_Hacker_Clube_(Público)/download_804725774_52884.jpg
[2017-10-27 18:23:49] Fábio Bispo joined
[2017-10-27 18:23:49] Hi Fábio !
[2017-10-27 18:25:33] Boa tarde Galera, Fábio do Mandacaru HackerSpace Feira de Santana-Bahia, to por aqui para acompanhar um pouco mais das discussões do Garoa
[2017-10-27 18:28:23] Seja bem-vindo!
[2017-10-27 18:29:33] Já que as pessoas estão se apresentando. Sou o Gabriel, cediado  em bh, juntando com galera de um coletivo de fazeção e tecnologia pra suprir as demandas pessoais que o curso de automação não atende
[2017-10-27 18:31:00] Observo o garoa por motivos de aprendizagem tecnica e principalmente organizacional, pro coletivo. Espero que a organização da wiki de vcs seja gpl3 kkkkk
[2017-10-27 18:37:22] Gostei do neologismo... "fazeção"... seja bem vindo, Gabriel...
[2017-10-27 18:42:07] Michael Richard joined
[2017-10-27 18:42:08] Hi Michael Richard !
[2017-10-27 18:54:06] 👍
[2017-10-27 18:55:05] Fala galera, boa noite.
Ontem o pessoal estava conversando sobre a vulnerabilidade no WPA2. Abaixo alguns recursos para entender melhor o funcionamento:
Site oficial: https://www.krackattacks.com/
Paper: https://papers.mathyvanhoef.com/ccs2017.pdf
Script de teste (AP próprio): https://github.com/vanhoefm/krackattacks-test-ap-ft
[2017-10-27 18:55:06] vanhoefm | krackattacks-test-ap-ft

userdata: (nil)

Language: Python
Forks: 339
Stars: 1270
Issues: 6
[2017-10-27 18:57:04] entunelar o desafio numa fila e pagar um comitê de filipinos que fica 24/7 resolvendo captcha a 1 USD por hora
[2017-10-27 18:58:36] muita gente pedindo licença pra dar opinião, não parece Brasil isso
[2017-10-27 19:19:32] só vou estar em sp
[2017-10-27 19:19:37] na quinta em diante
[2017-10-27 19:35:27] Então na sexta
[2017-10-27 19:55:01] Sexta é emenda de feriado, mas por mim, blz
[2017-10-27 20:00:36] acho que eu fecho
[2017-10-27 20:03:03] Meus nobres alguém no garoa?
[2017-10-27 20:06:20] O guarda chuva estava quebrado a um tempo atrás... Precisava saber pq estando fechado pego outro ônibus e vou pra casa
[2017-10-27 20:16:49] Oi Gente!
Sou Carol de Curitiba. Tudo?!
Olha só, recebi o convite para participar de um ambiente e achei bem interessante, a maioria das pessoas são aí de SP, então queria perguntar se alguém conhece, a Prospera.
www.prsp.me
[2017-10-27 20:32:49] O status voltou a funcionar, aparentemente está fechado mesmo...
[2017-10-27 20:36:09] :( meia volta então. Valeu @Biazzotto
[2017-10-27 20:51:16] Walter joined
[2017-10-27 20:51:17] Hi Walter !
[2017-10-27 21:18:10] Parece uma ong ancap...é cilada bino
[2017-10-27 21:41:15] Hahahahahaha
