[2017-03-19 06:13:44] Voltando ao assunto satélites. Os de Radioamadores são livres para quem tem indicativo.  O maior problema de uma constelação constante igual ao Iridium ou Inmarsat é a quantidade de satélites que você precisa e as estações base. Tem uma solução da Inmarsat mais barata, como modem mas bem mais difícil de se implementar.
[2017-03-19 06:15:22] Pra vocês terem uma ideia, há uns 5 anos atrás cheguei a trampar com comunicação boa satélite em navios, o minuto da ligação de um inmarsat M era 20 dólares. Hoje em dia está bem mais barato.
[2017-03-19 06:16:23] https://youtu.be/nq9wmxmSI70
[2017-03-19 06:16:50] A antena de um sistema mini-m   procurando os satélites
[2017-03-19 07:46:47] @MeduzaEyesBot
[2017-03-19 07:52:19] PasswordsCon Bochum 2016: http://www.youtube.com/playlist?list=PLdIqs92nsIzT2ao_wAJ2GCRKl_3zaebgb
[2017-03-19 09:19:36] https://twitter.com/RealSciMods/status/843357427064098816
[2017-03-19 10:49:03] Feliz aniversário @aylons !
[2017-03-19 10:49:23] Obrigado, Anchises!
[2017-03-19 11:06:35] Parabéns @aylons !!!
[2017-03-19 11:22:10] Obrigado!
[2017-03-19 11:23:27] Feliz aniversário, @aylons!
[2017-03-19 11:26:10] Parabéns @aylons  🎊🎁🎈🎉
[2017-03-19 11:27:49] document: /home/felipe/devel/github_tvdstaaij/telegram-history-dump/output/media/Garoa_Hacker_Clube_(Público)/download_858174108288942870.webp
[2017-03-19 11:47:16] Valeu, @sergiovl , @Biazzotto e @Mrlcosta !
[2017-03-19 11:57:02] @aylons parabéns
[2017-03-19 12:01:56] Gente! Oficina de marcenaria para mulheres no Garoa
[2017-03-19 12:01:59] https://docs.google.com/forms/d/e/1FAIpQLSfVwdwrB7uBguyf7yFVC0BIIa1upRck9lCNeaEtIy4eDEejjQ/viewform
[2017-03-19 12:02:37] Compartilhei
[2017-03-19 12:07:09] document: /home/felipe/devel/github_tvdstaaij/telegram-history-dump/output/media/Garoa_Hacker_Clube_(Público)/download_272479773299572988.webp
[2017-03-19 12:08:23] Não é tão fácil arrancar a telinha (que tava afundada pra dentro) sem destruir a parte de dentro do trigger e do echo. Não tenho as ferramentas adequadas e  minha primeira tentativa destruiu o sensor, rs.
Tenho mais três sensores avariados (ficaram expostos, interação pesada com o público) e posso ir na quinta no Garoa se alguém tiver a fins de tentar. Se tivermos sucesso posso doar pro Garoa ou pro Hackerspace Itinerante o material  recuperado 😊
[2017-03-19 12:15:20] \o/
[2017-03-19 13:02:23] Gente, derrubaram o Facebook? Alguém está sabendo de alguma coisa?
[2017-03-19 13:03:30] Ficou uns 40 minutos fora, tanto via Wi-Fi quanto no 4G aqui, queria saber se era coincidência ou se estava fora mesmo ..
[2017-03-19 13:05:52] Gatos pingados reclamando q n estava carregando
[2017-03-19 13:06:02] No Twitter
[2017-03-19 13:30:57] Aqui ficou fora entre 12:20 e 13:00, mais ou menos...
[2017-03-19 13:43:39] Valeu!
[2017-03-19 13:52:33] Ficou fora do ar mesmo, mas já voltou...
[2017-03-19 13:59:25] E o escândalo da carne adulterada? Estão acompanhando?
[2017-03-19 14:08:26] Galera... tem como fazer backup de uma conversa ou grupo do Telegram!?
[2017-03-19 14:11:08] Não testei ainda, mas conheço esse aqui:
https://github.com/LonamiWebs/Telebackup
[2017-03-19 14:11:09] LonamiWebs | Telebackup

Python3 interactive script that allows you to backup Telegram conversations

Language: Python
Forks: 1
Stars: 2
Issues: 1
[2017-03-19 14:15:38] Regis da Silva joined
[2017-03-19 14:15:39] Hi Regis !
[2017-03-19 14:16:08] Valeu pessoal
[2017-03-19 15:05:08] Alguém vai hoje no Garoa?
[2017-03-19 19:29:48] talvez eu vá
[2017-03-19 19:29:51] daqui a pouco
[2017-03-19 19:30:07] terminar a saga de reparo do karaokê bichado
[2017-03-19 20:16:15] Agora não vai rolar pra mim ... Boa sorte ae!
[2017-03-19 21:29:22] :-)
[2017-03-19 23:12:05] minha mãe tá ehue
