[2017-09-09 00:16:00] Joao Carlos joined
[2017-09-09 00:16:01] Hi Joao Carlos !
[2017-09-09 00:20:03] Assim que é bom haha
[2017-09-09 01:29:30] Que massa. China é animal mesmo.
[2017-09-09 05:40:45] Esse mesm
[2017-09-09 09:05:04] Anselmo Souza joined
[2017-09-09 09:05:05] Hi Anselmo !
[2017-09-09 10:02:06] document: /home/felipe/devel/github_tvdstaaij/telegram-history-dump/output/media/Garoa_Hacker_Clube_(Público)/download_1842540969984025.webp
[2017-09-09 13:17:28] Boa tarde. Alguem daqui veio no Hack Town em Santa Rita do Sapucai?
[2017-09-09 13:17:39] Sul de Minas Gerais
[2017-09-09 14:42:12] Pessoal, no próximo sábado acontecerá o 45o encontro do Guru-SP na TOTVS. Tem bastante palestra interessante. Quem quiser se inscrever e ver a agenda do encontro:
https://gurusp.org/encontros/45-encontro-do-guru-sp-na-totvs
Claro, de graça. :)
[2017-09-09 15:01:22] document: /home/felipe/devel/github_tvdstaaij/telegram-history-dump/output/media/Garoa_Hacker_Clube_(Público)/download_1842540969984056.webp
[2017-09-09 15:43:45] Parece que vai rolar um happy hour tb. A agenda está aqui:
https://gurusp.org/encontros/45-encontro-do-guru-sp-na-totvs

Vai ter até palestra de Perl!
[2017-09-09 16:08:01] nesse dia eu tenho pós
[2017-09-09 16:08:33] mas para o happy hour da pra colar se for umas 19h
[2017-09-09 16:28:40] happyhour hoje?
[2017-09-09 16:32:05] hj?
[2017-09-09 22:53:33] Em setembro na Noite de Processing, Tatyana Zabanova https://tatasz.deviantart.com/
