[2018-02-26 00:08:35] tks
[2018-02-26 08:17:38] Eu lembro de já ter visto algumas tirinhas melhores, mas de qquer forma a lista é engraçada:
http://unaaldia.hispasec.com/2018/02/las-10-mejores-vinetas-de-dilbert-de.html
[2018-02-26 08:33:03] photo: /home/felipe/devel/github_garoa/Telegram_logs_Garoa_Hacker_Clube_Publico/media/Garoa_Hacker_Clube_(Público)/download_804725264_142762.jpg
[2018-02-26 08:39:26] @Yumizinha PVT
[2018-02-26 10:39:03] 😂😂😂
[2018-02-26 10:42:54] Sdds tio @NelsonBrito , deu uma sumida uai
[2018-02-26 11:02:13] Galera, venham ajudar na CriptoRave, evento bem bacana e só funciona se a comunidade se emprenhar em conjunto, ajudem com temerzinhos ou divulgando nas suas listinhas de email, grupos de telegram, jabber e por ai vai
https://www.catarse.me/cryptorave2018
[2018-02-26 11:02:23] pinned the message
[2018-02-26 11:04:30] Boa! Vamo ae pessoal, é um evento grátis mas que não acontece se não tiver doação
[2018-02-26 11:10:02] This is the away man!!!
[2018-02-26 11:15:35] O meu é Samsung Ultrabook e preciso abrir a tampa para ter acesso à bateria. Não seria este o caso? A bateria é um item que pode e deve ser trocado, então não é integrada, apenas deve estar embutida.
[2018-02-26 11:39:13] Se for tentar abrir para tirar a bateria, veja muitos vídeos de gente fazendo isso antes porque as chances de quebrar uma aba de plástico e ficar tosco depois são grandes.
[2018-02-26 12:05:48] Já teve a chamada para palestrantes?
[2018-02-26 12:06:06] Ta tendo
[2018-02-26 12:06:16] Qual link?
[2018-02-26 12:06:31] Já foi
[2018-02-26 12:06:32] photo: /home/felipe/devel/github_garoa/Telegram_logs_Garoa_Hacker_Clube_Publico/media/Garoa_Hacker_Clube_(Público)/download_806120721_48689.jpg
[2018-02-26 12:06:38] Vc entra no link do catarse, faz sua doação ai lá em baixo tem o call for papers
[2018-02-26 12:06:50] Show
[2018-02-26 12:06:50] 😮
[2018-02-26 12:07:36] acabou o prazo, completar o quadro eh outra historia
[2018-02-26 12:07:39] :P
[2018-02-26 12:12:27] Esse ano as minhas palestras estão mais ofensivas no sentido de códigos e mais conteúdo focado.
[2018-02-26 12:12:32] Que ano passado
[2018-02-26 12:13:15] talk is cheap, show me the code
[2018-02-26 12:13:29] document: /home/felipe/devel/github_garoa/Telegram_logs_Garoa_Hacker_Clube_Publico/media/Garoa_Hacker_Clube_(Público)/download_244604348921808892.webp
[2018-02-26 12:15:16] Exatamente.
[2018-02-26 12:16:08] Nada de Nuttelagens
[2018-02-26 12:17:14] exatamente, show me code
[2018-02-26 12:17:25] link do github
[2018-02-26 12:17:32] endereço do pastebin
[2018-02-26 12:18:40] depoimentos de vitimas
[2018-02-26 12:19:22] tweet de ownados
[2018-02-26 12:19:32] foto no insta do invadido
[2018-02-26 12:30:18] Ta aberto ainda galera!!!
https://cpa.cryptorave.org/pt-br/cr2018/cfp/session/new
[2018-02-26 12:43:56] Quando eu chegar do trampo vou enviar
[2018-02-26 12:45:23] Obrigado 😘
[2018-02-26 12:59:10] La joined
[2018-02-26 13:18:35] Algum biologo ou cinetista para ajudar com um workshop de biohacking? alquem que facilitasse alguma oficina sobre bacterias, etc...
[2018-02-26 13:18:40] Pvtme
[2018-02-26 13:58:29] Até 24/3
[2018-02-26 14:03:47] Vei
[2018-02-26 14:03:54] Queria enviar
[2018-02-26 14:03:59] Uma palestra
[2018-02-26 14:04:20] Ensinando RSA e os paranaue de teoria dos números pra criptografia
[2018-02-26 14:04:26] Mas até hj n sei se envio
[2018-02-26 14:04:34] Manda!
[2018-02-26 14:04:55] argumentem pra mim
[2018-02-26 14:05:01] Pq eu deveria
[2018-02-26 14:05:03] Pq eu n sei
[2018-02-26 14:05:15] Pq se não você, quem então?
[2018-02-26 14:06:24] Faz, é bem legal palestrar, espalhar conhecimento, mostrar truques, explicar a importância da gente ter um orgão e uma política de algoritmos de criptografia brasileiros, por exemplo.
[2018-02-26 14:07:01] Primeira coisa a ter na mente é, vc quer compartilhar conhecimento? se tu quiser, qualquer coisa é bem vinda
[2018-02-26 14:07:35] montar palestra é cansativo
Eu estressei muito com a que dei na campus
[2018-02-26 14:07:44] Isso..
i see your point
[2018-02-26 14:08:06] Eu gostei de ter dado
[2018-02-26 14:08:30] Mas pra montar eu pesquisei muito pra n passar vergonha
[2018-02-26 14:08:53] E eu nem to confiante que eu lembro tudo dessa matemática aí
[2018-02-26 14:11:58] Mais um motivo pra dar, você relembra a matemática.
[2018-02-26 14:13:41] lol
[2018-02-26 14:14:12] porque vocês trouxeram as mensagens da bateria do notebook de milenios atrás em voga?
[2018-02-26 14:14:16] kkk
[2018-02-26 14:15:26] envia sim!
[2018-02-26 14:16:46] o primeiro motivo é porque como uma comunidade colaborativa quase todo mundo aqui vai te incentivar a passar conhecimento adiante hahaha
[2018-02-26 14:17:54] outro motivo é porque ensinando você acaba aprendendo pra caralho, as pessoas vem falar com você depois e trazem ideias novas ou fazem comentários fodas que trazem uma visao completamente nova da coisa
[2018-02-26 14:18:17] ok :/
[2018-02-26 14:18:55] Hmmmmmm
[2018-02-26 14:19:31] tipo
[2018-02-26 14:20:10] na minha opiniaozinha
[2018-02-26 14:20:26] não é só doando dinheiro que a gente constroi a cryptorave
[2018-02-26 14:20:50] mas da mesma forma como a gente vai la e aprende
[2018-02-26 14:21:05] ir la e ensinar é uma forma de retribuir isso
[2018-02-26 14:21:20] é isto, da sim a palestra
[2018-02-26 14:21:21] :p
[2018-02-26 14:34:43] sempre falo que a forma mais efetiva de aprender é ensinando, justamente pelo trabalho que dá pra ficar seguro em ensinar, o modo de pensar é que tu ta fazendo isso pra ti
[2018-02-26 14:37:12] Gosto! Quero!
Na CP tivemos até foto com quem foi pnwed segurando plaquinha... hehehhe
[2018-02-26 14:37:28] document: /home/felipe/devel/github_garoa/Telegram_logs_Garoa_Hacker_Clube_Publico/media/Garoa_Hacker_Clube_(Público)/download_244604348921808892.webp
[2018-02-26 14:40:20] kkk é bom pq vc tem que terminar o slide e não tem tempo pra colocar tudo que vc quer ai vira tres noites seguidas e passa tanto tempo no google que acaba aprendendo as coisa. sim isso foi um desabafo de sexta jaifjsnrjg
[2018-02-26 14:47:01] Ou vc pode Estudar, Entender o Tópico e depois Palestrar sobre algo que Conhece. Ao invés de ficar caçando Assunto pra Palestrar... ;) #FicaDica
c/c @vmesel
[2018-02-26 14:47:21] ahahhahahahah boa!
[2018-02-26 14:47:38] dps do toque q vc me deu, consegui fluir muito mais com palestras e conteudos
[2018-02-26 14:48:33] uai, foi o que eu fiz, falei sobre o que estudei em 2014
[2018-02-26 14:49:19] Que bom que ajudou! ;)
[2018-02-26 14:49:23] mas pega um slide pra montar que automaticamente surge 1837174821 problemas
[2018-02-26 14:50:47] Mãe mandando arrumar seu Qaurto não é 'problema', xôvem!
[2018-02-26 14:51:53] nsdjaiqijrnww eu ja tava até dormindo com aquele badusb abraçado pra entender porque em um computador não funcionava e em todos os outros sim
[2018-02-26 14:52:16] dominando o assunto ou não vc aprende
[2018-02-26 14:52:40] pq sempre surge coisa nova
[2018-02-26 14:52:47] e sempre surge problema
[2018-02-26 14:53:19] ;)
[2018-02-26 14:54:57] @fernandoGuisso add o Judocka aqui.
Acho que na BSides deveria ter Oficina de "Criptografia Assimétrica na Mão"... Só acho!
[2018-02-26 14:55:57] Fernando Guisso added Luckas Judocka
[2018-02-26 14:55:59] acho que um exemplo top é o chrome que tem proteção pra reflected xss, eu terminei os slides com demonstracoes todas no firefox, abri un blog pra ver tinha post novo falando de como quebrar isso pro chrome
[2018-02-26 14:58:12] @Judocka \o/
[2018-02-26 14:58:52] \o/
[2018-02-26 14:59:15] Acho que podia rolar sim
[2018-02-26 14:59:16] XD
[2018-02-26 14:59:40] Aê!
[2018-02-26 15:00:23] Ah, fato! TI é uma area que vc não pode parar de Estudar e tentar as coisas... #TryHarder
[2018-02-26 15:02:45] To brincando com sandbox escaping no AngularJS 1.x... Teoricamente, ele não devia permitir XSS, mas rola fazer
[2018-02-26 15:03:11] E, se vc tiver rodando Angular ServerSide, tu pode conseguir RCE
[2018-02-26 15:03:48] angular serverside merece ter uns rce
[2018-02-26 15:04:00] huahauahuahau
[2018-02-26 15:05:09] kkkk
[2018-02-26 15:05:13] tava pesquisando
[2018-02-26 15:05:35] To montando umas PoCs
[2018-02-26 15:05:35] tem um caso específico de xss que vira rce no wordpress
[2018-02-26 15:05:52] com o Angular, não?
[2018-02-26 15:06:25] sim
[2018-02-26 15:07:11] mas esses casos do node
[2018-02-26 15:07:35] ainda não tive tempo de ver pq o do xss Era uma apresentação da blackhat se não me engano
[2018-02-26 15:07:53] Mas parecem mais um rce apenas que xss2rce
[2018-02-26 15:10:20] https://github.com/Varbaek/xsser
[2018-02-26 15:11:09] ja vi aqui que tem xss pra rce em node tbm
[2018-02-26 15:19:00] Eu tenho 5 palestras diferentes só em maio fora as que eu vou dar nos outros meses e nas webinar (posso por o link aqui quando tiver?). Vai na fé tudo dá certo quando é pra disseminar conhecimento.
[2018-02-26 15:20:32] Boa idéia
[2018-02-26 15:22:44] Sim, tá mais pra RCE clássico
[2018-02-26 15:23:10] Pra num falar que fico na "bola de meia" e não compartilho nada: https://www.blackhat.com/docs/us-15/materials/us-15-Kettle-Server-Side-Template-Injection-RCE-For-The-Modern-Web-App-wp.pdf
[2018-02-26 15:23:19] Server Side Template Injection
[2018-02-26 15:23:52] Foi arrumado já, tava com o link errado
[2018-02-26 15:24:12] wordpress rce edition
[2018-02-26 15:38:25] Sim
[2018-02-26 15:38:38] Mas tô tentando submeter ele fala que não é permitido
Dps tento de novo
[2018-02-26 15:40:18] Ae galera vocês conhecem alguém com uma boa experiência em Unity para me indicar?
[2018-02-26 15:43:02] quem conseguir um rce no bot do roz ganha 100 real ele falou
[2018-02-26 15:43:36] auhuash, suave, o bot ta off kkk
[2018-02-26 15:43:50] kkk assim é fácil roz
[2018-02-26 16:00:37] Esse é o Hardening? Derrubar o Serviço?
[2018-02-26 16:00:48] Se não tem Serviço rodando, ninguem invade! rs
[2018-02-26 16:03:02] Que nem a urna, se é offline é 100% seguro
[2018-02-26 16:03:26] Tipo isso! #SQN
[2018-02-26 16:07:13] Segurança presume disponibilidade.
[2018-02-26 16:09:33] https://wiki.hackerspaces.org/Open_Day_2018
[2018-02-26 16:09:56] tem um "international open hackerspace day" no ultimo sabado de março
[2018-02-26 16:21:26] podemos organizar um evento no garoa
[2018-02-26 16:21:32] seria muito legal!
[2018-02-26 16:24:55] Bem vindo, @Judocka, curti pra caramba a atividade no sábado...
[2018-02-26 16:31:58] Último sábado de março:
= Arduino Day
= Python Sudeste
[2018-02-26 17:13:40] só faz mandar, fiz assim da 1 vez e foi.
[2018-02-26 17:21:39] Montar palestra dá trabalho. Mas é necessário para você estar afiada quando for ministra-la.
Eu acabei de montar uma e já está em fase de agendamento.

http://www.qsl.net/pu2lxn/
[2018-02-26 17:22:27] ai sim, proximas Campus já tem conteudo, uhuuuu
[2018-02-26 17:58:17] quem visitou alguns dos "social centers" que são comuns na europa?   https://en.wikipedia.org/wiki/Social_center
[2018-02-26 17:58:26] indymedia tinha alguns
[2018-02-26 19:29:02] 😱
[2018-02-26 19:29:13] Tirei o topico que estava fixo?
[2018-02-26 19:29:25] Ou só do meu?
[2018-02-26 19:32:49] Só do seu
[2018-02-26 19:33:09] 😉👍
[2018-02-26 19:33:11] Ufa rs
[2018-02-26 19:33:23] Vlw
[2018-02-26 20:18:06] Tá nada
[2018-02-26 20:18:43] document: /home/felipe/devel/github_garoa/Telegram_logs_Garoa_Hacker_Clube_Publico/media/Garoa_Hacker_Clube_(Público)/download_532531981418758385.webp
[2018-02-26 20:19:12] Quem fizer RCE ganha o direito de fazer um PR e arrumar heuueheue
[2018-02-26 20:20:23] PRivilege escalation
[2018-02-26 20:20:52] ele ta dando um vps pra quem conseguir
[2018-02-26 20:48:34] Pessoal existe algum bot para telegram que possa adicionar tarefas? Por exemplo , no grupo da faculdade,  adicionamos os trabalhos a serem entregues
[2018-02-26 20:50:05] Ou algum bot compatível com o google agenda
[2018-02-26 21:07:21] Conhece o ifttt ? Vc cria umas recipes.
[2018-02-26 21:23:20] Ohom aksoak
[2018-02-26 21:23:51] Se bem que
Foda-se, é o Server do WeDeploy
Máximo que rola é pegar o token do Bot e as credenciais do mongo
Nada demais
[2018-02-26 22:29:33] photo: /home/felipe/devel/github_garoa/Telegram_logs_Garoa_Hacker_Clube_Publico/media/Garoa_Hacker_Clube_(Público)/download_804729944_116617.jpg
[2018-02-26 22:29:41] Hackerspace de Natal
[2018-02-26 22:29:52] armaria
[2018-02-26 22:29:56] mais rapido que eu
[2018-02-26 22:29:57] HIODSAIDSHAIDHSA
[2018-02-26 22:30:25] ;-)
[2018-02-26 23:46:14] https://hackaday.com/2018/02/24/microchip-introduces-tiny-cheap-linux-modules/
[2018-02-26 23:55:13] logo bacaninha
