[2018-02-05 00:21:41] São parentes? kkk
[2018-02-05 00:40:02] haha, parece muito kkkk
[2018-02-05 01:12:30] Foi legal hoje
[2018-02-05 01:13:01] Conversamos bastante com o Mitch sobre hackerspaces
[2018-02-05 01:18:40] Foi bom mesmo
[2018-02-05 01:19:38] Talvez fosse legal editar a gravação da live no Facebook e publicar no YouTube do Garoa
[2018-02-05 01:20:34] Do bate papo que rolou hoje com o Mitch Altman
[2018-02-05 01:50:38] Fique a vontade... ;)
[2018-02-05 01:51:29] Pô, Victor, que pena. Foi divertido. 
Apareça quando der
[2018-02-05 01:52:27] 👏🏻👏🏻👏🏻
[2018-02-05 01:58:59] Apareça sempre que puder!!!
[2018-02-05 08:36:13] Massa :) queria ter ido mas estava de cama... Acordei hj zerado pelo menos
[2018-02-05 08:36:49] Algum tópico que foi highlight na conversa sobre hackerspaces?
[2018-02-05 10:07:41] Poderíamos fazer uma versão brazuca do TV B Gone, que fosse capaz de desligar os aparelhos de som dos carros. Muita gente sofre com os pancadões noite a dentro
[2018-02-05 10:09:13] É possível fazer algo assim?
[2018-02-05 10:09:24] Não
[2018-02-05 10:09:40] Só com EMP
[2018-02-05 10:09:43] Só me vem na cabeça aqueles EMPs dos filmes de ação hehe
[2018-02-05 10:09:47] Olhai eles hah
[2018-02-05 10:11:19] É só capturar os códigos de desligar dos controles
[2018-02-05 10:11:27] E dá pra reprogramar o tvbgone
[2018-02-05 10:11:36] Temos ainda uns 90 kits sobrando
[2018-02-05 10:11:54] Horas de conversas sobre hackerspaces e o resumo é que podem existir mil regras mas somente uma é realmente muito importante, be excellente to each other
[2018-02-05 10:13:35] Hahaha, awesome, total!
[2018-02-05 10:15:25] Minha sugestão seria usar o mesmo princípio do TV B Gone, desligar o rádio por infravermelho. A maioria dos aparelhos de som/DVDs automotivos funcionam com controle remoto também
[2018-02-05 10:16:17] Como o pessoal deixa as portas abertas quando estão tocando, não seria difícil acertar o sensor IR
[2018-02-05 10:17:23] Tem que testar porque já tive um desses e o próprio controle que vem nele é ruim de acertar o ir
[2018-02-05 10:17:28] Vcs estão vendendo o kit TV B Gone? Um amigo está interessado em adquirir um
[2018-02-05 10:17:39] Tinha que tá apontando exatamente na frente do som
[2018-02-05 10:18:07] E a distância não era boa
[2018-02-05 10:18:42] https://opensource.com/article/18/2/coining-term-open-source-software
[2018-02-05 10:19:16] https://www.gnu.org/philosophy/po/open-source-misses-the-point.de-en.html
[2018-02-05 10:31:01] Opa, sim, mas preço ainda indefinido. Acho que 60
[2018-02-05 10:31:26] Vou colocar no site até amanhã e te mando
[2018-02-05 10:32:35] Blza, valeu!
[2018-02-05 10:47:15] http://www.spacexstats.xyz/
[2018-02-05 10:47:48] Amanhã no Garoa vamos assistir ao vivo o lançamento inaugural do foguete Falcon Heavy, da SpaceX !
[2018-02-05 10:48:41] Mais info em: https://garoa.net.br/wiki/Foguetes
[2018-02-05 11:16:58] acho que dá para aumentar a luminosidade dos leds ou colocar mais
[2018-02-05 11:17:08] infra
[2018-02-05 11:19:02] Mas vem desmontado né? Podemos organizar uma oficina para varias pessoas montarem juntas os seus kits?
[2018-02-05 11:20:54] Sim!!
[2018-02-05 11:20:59] Precisa ser soldado ;)
[2018-02-05 11:23:58] Imagino que nao há ferro de solda pra todo mundo, rs
[2018-02-05 11:24:25] acho que há uma quantidade boa de ferros de solda no Garoa
[2018-02-05 11:24:54] Se não tiver pra todo mundo ao mesmo tempo, certamente dá pra ir revesando ao longo do dia
[2018-02-05 11:25:52] Eu tenho uns 50 funcionando, posso levar e fazer uma oficina
[2018-02-05 11:26:22] Uso na empresa e nos evebtos q nem a campus
[2018-02-05 11:37:23] o problema eh o receptor que fica escondido dentro do painel do som mas acho que depende da marca
[2018-02-05 11:50:44] 😭👏
[2018-02-05 12:46:39] Opa, que legal, vamos fazer uma atividade de montar tv-b-gone?  Que acham?
[2018-02-05 12:47:33] Quantas pessoas acham que cabem no garoa, sentadas e soldando?
[2018-02-05 12:50:20] Umas 15 por vez, juntando sala multi uso e bancada de eletrônica
[2018-02-05 12:59:16] precisamos voltar a fazemos oficinas de solda e eletronica
[2018-02-05 12:59:23] faz tempo que não temos
[2018-02-05 12:59:47] Será q conseguimos alguns TV-be-gones com o Mitch?
[2018-02-05 13:00:04] Se rolar essa do tvbgome eu apareço
[2018-02-05 13:00:25] Se estiverem vendendo, eu compro
[2018-02-05 13:01:58] Manda para mim tb
[2018-02-05 13:02:56] Sim Sim Sim
[2018-02-05 13:17:15] Eu quero tbm
[2018-02-05 13:27:22] Quando acham que fazemos?
[2018-02-05 13:28:03] Daqui uma semana, duas, tres?  Para ir convidando participantes?
[2018-02-05 13:36:24] Vamos precisar de algumas pessoas dando alguma assistencia de como soldar
[2018-02-05 13:36:57] Já que vamos fazer uma oficina de solda :)
[2018-02-05 14:01:59] Topo fazer mais de uma, não precisa ser uma só
[2018-02-05 14:07:35] Sim, dependendo da procura pode ser feito em duas ou três datas com grupos menores, não haveria problema de espaço nem material
[2018-02-05 14:12:08] Interessante!
[2018-02-05 14:21:13] Eu já dei essa oficina de solda do TV B Gone, só precisamos acertar a data.
[2018-02-05 14:27:39] uma vez eu fiz com o rafael, com um montão de gente.  acho que tinhamos um monitor para cada 6 pessoas mais ou menos
[2018-02-05 14:32:32] Tbm é legal, aprender e replicar
[2018-02-05 14:36:15] Caio joined
[2018-02-05 15:05:44] as vezes a gente usa o doodle para decidir datas
[2018-02-05 15:14:12] que tal daqui duas semanas? algum dia entre 19 fev e 24 fev?
[2018-02-05 15:15:48] @rafaelcamera
[2018-02-05 15:18:55] Eu fecho
[2018-02-05 15:40:44] Se tiver eu vou!
[2018-02-05 15:42:16] Ali por quinta ou sexta é uma boa, quero saber o preço do kit se possivel
[2018-02-05 16:19:28] Rafael está fazendo contas dos componentes ainda
[2018-02-05 16:23:58] 2
[2018-02-05 16:49:09] galera, alguém tem a apostila de LPI boa para estudar para a certificação?
[2018-02-05 16:52:08] Guia Foca de Linux tem tudo o que você precisa
[2018-02-05 16:52:18] boaa
[2018-02-05 16:52:19] verdade
[2018-02-05 16:52:26] tu tinha me dado essa dica e eu panguei agora
[2018-02-05 16:58:06] photo: /home/felipe/devel/github_garoa/Telegram_logs_Garoa_Hacker_Clube_Publico/media/Garoa_Hacker_Clube_(Público)/download_806123686_37220.jpg
[2018-02-05 17:00:04] Elon Musk é o CEO da SpaceX, Tory Bruno é o CEO da ULA (United Launch Alliance = Boeing + Lockheed Martin) e Jeff Bezos é o CEO da Blue Origin.
[2018-02-05 17:10:09] Igor Queiroz joined
[2018-02-05 17:11:09] Hi igor
[2018-02-05 17:18:26] E o Andrei?
[2018-02-05 17:23:36] algum fã aleatório hahaha
[2018-02-05 17:23:38] https://www.youtube.com/watch?v=Tk338VXcb24
[2018-02-05 17:34:52] O Bezos é fundador, CEO é outro cara.
[2018-02-05 17:36:56] hmmm... verdade! https://en.wikipedia.org/wiki/Blue_Origin
[2018-02-05 18:12:09] Um spam, se me permitem:
"Achou que não ia ter campanha de financiamento coletivo esse ano?

Achou errado, crypto-amiguinho!

A campanha financeira da 5ª edição da Cryptorave 2018 (4 e 5 de maio) já
está no ar!

São 60 dias para arrecadar R$ 70.000,00. É tudo ou nada.

A regra é a mesma: Ou batemos a meta, ou não há CryptoRave. (oh-no.jpg)

Curta, comente, compartilhe, GRITE (com capslock): Precisamos da ajuda
de tod@s para fazer a CryptoRave acontecer! <3

Apoie o maior evento aberto e gratuito de criptografia e segurança do
mundo! Apoie a CryptoRave!"
https://www.catarse.me/cryptorave2018
[2018-02-05 18:14:35] ✌🏻
[2018-02-05 18:19:09] Eu achei ele bem fraco pra parte de redes
[2018-02-05 18:54:33] Pra LPIC-1, tá otimo, aí é como tudo na Vida: Vai atrás de outros recursos
[2018-02-05 19:02:04] Galera, o @rjmunhoz esqueceu um Carregador USB-C ontem lá na Sala Multiuso... 
Lembro de alguem ter falado sobre alguem ter esquecido um carregador.
Alguem guardou em algum lugar? @michaelhoward9 @anchisesbr @tiagonaoexiste
[2018-02-05 19:09:41] Foi guardado, só não sei onde
[2018-02-05 19:12:03] Quero tirar o LPI tbm, muita empresa enchendo o saco
[2018-02-05 19:17:26] Roz' joined
[2018-02-05 19:21:34] Liber 777
[2018-02-05 19:22:36] Liber Legis
[2018-02-05 19:24:21] Alguém mais sabe de algo, galera?
[2018-02-05 19:24:34] Já procurei por tudo aqui, e não achei :/
[2018-02-05 19:27:46] Eu vi o carregador no garoa, só nao sei te precisar onde foi guardado, talvez o Mike possa saber.
[2018-02-05 19:28:53] Entendi
[2018-02-05 19:30:22] Mas tá lá sim, não entrou em nenhum vortex e sumiu não
[2018-02-05 19:38:44] o garoa eh o proprio vortex
[2018-02-05 19:39:08] document: /home/felipe/devel/github_garoa/Telegram_logs_Garoa_Hacker_Clube_Publico/media/Garoa_Hacker_Clube_(Público)/download_626950377790505063.webp
[2018-02-05 19:39:29] Kkk pois é :/
[2018-02-05 19:43:36] Pode-se fazer um achados e perdidos, contanto que não vire igual do metrô que tem de muleta a dentadura 😂
[2018-02-05 19:43:54] Kkkk eu ia sugerir isso
[2018-02-05 19:44:08] Pq fica foda depois, pra saber onde foi parar
[2018-02-05 20:24:32] hauhauhuha
[2018-02-05 20:24:58] como uma pessoa perde a muleta e a dentadura no metro
[2018-02-05 20:24:59] vira asset do garoa qnd esquece e nao acha
[2018-02-05 20:24:59] mds
[2018-02-05 20:27:21] :S
[2018-02-05 20:31:20] tudo que levo pro garoa tem meu nome
[2018-02-05 20:31:26] ate coisas que doei
[2018-02-05 20:31:38] Achados e perdidos do metrô é algo surreal, quando a imprensa está sem muitas pautas, costumam fazer reportagens sobre
[2018-02-05 20:35:29] Uma coisa legal da jbl é que os carregadores são laranjas e reagem na luz negra
[2018-02-05 20:35:52] igual os cartoes do banco neon
[2018-02-05 21:18:42] vamos decidir um dia para fazer uma atividade de solda com tv b gone?
[2018-02-05 21:18:43] https://doodle.com/poll/g75igzfnd6f7x2sc
[2018-02-05 21:33:23] Olha o tamanho do foguete comparado às pessoas que participaram duma coletiva de imprensa VIP aos pés do Falcon Heavy: https://www.reddit.com/r/spacex/comments/7vig7t/a_vip_media_event_at_the_base_of_falcon_heavy/
[2018-02-05 22:36:11] GENIAL !!!!! https://www.youtube.com/watch?v=LA_DrBwkiJA
