[2017-11-23 00:32:00] Lembra da briga do consulado americano com o Correios. Tem monopólio sim..
[2017-11-23 00:33:52] Para a envio de documentos oficiais. Você pode literalmente pegar um App e chamar um motoboy para uma encomenda, ou pagar a Fedex,ou DHL...
[2017-11-23 00:34:17] Pessoal, pergunta sobre eletricidade. O que gera menor perda: fio rígido ou maleável? Vamos considerar que ambos tem a mesma bitola e mesmo material...
[2017-11-23 00:35:55] Justiça decide que consulados dos EUA só podem enviar visto via Correios
[2017-11-23 00:36:28] Até onde eu saiba, isso é válido ainda
[2017-11-23 00:37:24] O passaporte é um documento oficial. Se duvida tanto, chama a Fedex e mata a dúvida
[2017-11-23 00:38:21] Os correios tem monopólio somente em correspondência oficial e outras coisas assim. O sedex não só não é monopólio como tem concorrência.
[2017-11-23 00:38:38] Exato. Documento Oficial é monopolio do Correios
[2017-11-23 00:39:34] Foi isso que falei, correios = monopólio
[2017-11-23 00:39:41] Fio multifilar,para a mesma bitola,tem mais perda porque na prática tem menos cobre.isso em dc e baixas frequências
[2017-11-23 00:40:10] Não,sedex não é monopólio. O correio não tem monopólio no envio de encomendas
[2017-11-23 00:40:54] Sobre Nomenclatura: Fio é sempre rigido. Cabo é flexivel
[2017-11-23 00:41:37] Fio é sempre monofilar seria mais rigoroso...
[2017-11-23 00:41:44] Só quis fazer uma crítica ao monopólio do correios que ainda existe em alguns tipos de documentos
[2017-11-23 00:41:48] E também uma tautologia
[2017-11-23 00:42:19] Ouvidoria do Correios seria o melhor lugar pra isso
[2017-11-23 00:42:37] Justo
[2017-11-23 00:43:31] Fio e Cabo de mesmo diametro^2 tem a mesma capacidade de condução... Quanto a perda, é o que o @aylons falou
[2017-11-23 00:44:12] Lembrando que, dependendo a aplicação, existem Norma Reguladora
[2017-11-23 00:45:31] Não,você refutou o que eu disse especificamente sobre os correios não terem monopólio de encomenda. E o preço da encomenda no mercado livre não vai cair se acabar o monopólio de coisas como envio de documentos oficiais e cartas, até porque já existe bastante concorrência no envio de encomendas.
[2017-11-23 00:48:49] Cabos sólidos e multifilares de mesmo awg tem mesma resistência e mesma perda porque os multifilares são especificados com um AWG equivalente ao sólido. Na prática,um cabo multifilar de mesmo AWG que um sólido é um pouco mais grosso
[2017-11-23 00:49:59] Vou dormir. Falow
[2017-11-23 01:12:07] Do Presidente Geisel, vem a lei que diz 


Art. 9º - São exploradas pela União, em regime de monopólio, as seguintes atividades postais:

I - recebimento, transporte e entrega, no território nacional, e a expedição, para o exterior, de carta e cartão-postal;

II - recebimento, transporte e entrega, no território nacional, e a expedição, para o exterior, de correspondência agrupada:

III - fabricação, emissão de selos e de outras fórmulas de franqueamento postal.

§ 1º - Dependem de prévia e expressa autorização da empresa exploradora do serviço postal;

a) venda de selos e outras fórmulas de franqueamento postal;

b) fabricação, importação e utilização de máquinas de franquear correspondência, bem como de matrizes para estampagem de selo ou carimbo postal.

§ 2º - Não se incluem no regime de monopólio:

a) transporte de carta ou cartão-postal, efetuado entre dependências da mesma pessoa jurídica, em negócios de sua economia, por meios próprios, sem intermediação comercial;

b) transporte e entrega de carta e cartão-postal; executados eventualmente e sem fins lucrativos, na forma definida em regulamento.
[2017-11-23 01:12:34] Mais em http://www.planalto.gov.br/ccivil_03/LEIS/L6538.htm
[2017-11-23 02:35:44] Boa kk
[2017-11-23 02:36:14] Mas enfim. Tem monopólio mas não 100%. Pronto kk
[2017-11-23 08:30:59] @clockwisehorror Cara, essa lei caiu. Isso é do tempo da ditadura militar. Foi substituída pela lei nº 11668/2008 sancionada pelo Lula que retira o monopólio no art. 6º.
[2017-11-23 08:31:23] II - a democratização do acesso ao exercício da atividade de franquia postal, assim definida no art. 1o desta Lei, sem prejuízo das atribuições da ECT previstas na Lei no 6.538, de 22 de junho de 1978;
[2017-11-23 08:34:13] (Me corrijam se eu estiver errado.)
[2017-11-23 09:59:18] 👍🏻
[2017-11-23 10:00:06] relaxa, nao precisa se estressar
[2017-11-23 10:17:53] "o preço da encomenda no mercado livre não vai cair se acabar o monopólio de coisas como envio de documentos oficiais e cartas, até porque já existe bastante concorrência no envio de encomendas." 👍
[2017-11-23 10:18:04] https://en.wikipedia.org/wiki/Tone_policing
[2017-11-23 10:32:59] desculpe o meu inglês fraco, nao entendi o recado
[2017-11-23 10:36:37] o recado é: assuma que falou bobagem ao invés de mudar de assunto acusando o coleguinha de estar estressado.
[2017-11-23 13:25:39] Mesmo com isenção dê impostos para todos os serviços prestados, incluindo os não exclusivos, os Correios fecharam o ano com prejuízo bilionário.

Em 2015 seu presidente recebia um salário mensal de 46 mil reais.

http://www.canaldootario.com.br/blog/os-correios-no-buraco-negro/

http://g1.globo.com/economia/noticia/2013/02/correios-sao-isentos-de-impostos-em-todos-os-servicos-decide-stf.html

http://mobile.valor.com.br/empresas/4995040/correios-prejuizo-deve-ter-sido-de-r-2-bi-em-2016-indica-presidente
[2017-11-23 13:27:15] Gostei da proposta da programação de hj, se parar de chover acho que tombo no Garoa
[2017-11-23 13:40:57] Tb curti, mas fiquei na dúvida se não aconteceu ontem (22).
[2017-11-23 13:46:48] Esse calendário do Wiki está um tanto terraplanista
[2017-11-23 13:47:22] Tem o grafico com os dados até 2017?
[2017-11-23 13:53:11] Recebi de um grupo de Bitcoin
[2017-11-23 14:04:38] Essa lei trata de franquias postais, faz alguma alteração. A lei que concede exclusividade de algumas atividades prós Correios não foi revogada tacitamente ou expressamente pela lei que apresentou.

""Sem prejuízo de suas atribuições, responsabilidades e da ampliação de sua rede própria, a Empresa Brasileira de Correios e Telégrafos - ECT poderá utilizar o instituto da franquia de que trata o caput deste artigo para desempenhar atividades auxiliares relativas ao serviço postal,  observado o disposto no § 3o do art. 2o da Lei no 6.538, de 22 de junho de 1978. ""
[2017-11-23 14:13:30] Na minha opinião, o monopólio dos correios deve existir. Questão de segurança nacional.
[2017-11-23 14:14:05] Para esclarecer, notem que o YK está falando não diverge do que eu já disse: "cartas e correspondências" não inclui envio de encomendas, pacotes e afins. Tanto que Fedex, DHL e mil empresas menores estão estão aí há anos, e qualquer um pode usar. De fato, se você comprar do submarino, ele vai tentar de mandar pela p*** da DirectLog, que é muuuito ruim, e se eles acharem que dá muito trabalho entregar na sua casa, a própria directlog coloca nos correios para eles entregarem. Sério.
[2017-11-23 14:14:43] Diga-se de passagem, o mesmo monopólio que os correios tem aqui, também tem nos EUA, onde os correios foram estatizados há alguns anos.
[2017-11-23 14:18:29] da Wikipedia, porque estou com preguiça: "the postal monopoly provides the Postal Service the exclusive right to deliver letters and restricts mailbox access solely for mail."
[2017-11-23 15:20:07] Galera estou achando essa discussão muito interessante. Acho os motivos super validos. Por favor continuem assim. #sqn
[2017-11-23 15:52:48] Pode crer, tive uma aula de informações conflitantes e que não sei quem está correto (pelo menos em grande parte), até que um dia eu me interesse profundamente pelo assunto e pesquise sem grandes interesses em defender um ponto de vista =]
[2017-11-23 16:12:49] Também acho.
[2017-11-23 16:13:06] Obrigado pela correção, então.
[2017-11-23 17:02:28] Alguém já se cadastrou no www.fretebras.com.br ?
[2017-11-23 17:33:01] Comprem um drone.
[2017-11-23 17:33:11] Resolve o problema da logística.
[2017-11-23 17:33:14] Pronto.
[2017-11-23 17:33:18] Próximo.
[2017-11-23 17:40:27] Façam como o povo, combinems na catraca do metrô.
[2017-11-23 18:54:39] Da última vez que fui em sp o cara comprou uma bike assim
[2017-11-23 18:55:02] já comprei um mac assim
[2017-11-23 19:21:39] https://github.com/diwi/PixelFlow
[2017-11-23 19:21:40] diwi | PixelFlow

A Processing/Java library for high performance GPU-Computing (GLSL). Fluid Simulation + SoftBody Dynamics + Optical Flow + Rendering + Image Processing + Particle Systems + Physics +...

Language: Java
Forks: 34
Stars: 319
Issues: 3
[2017-11-23 22:37:30] http://www.billboardliberation.com/partners.html
