[2018-04-06 01:57:22] "Esse é o Archives World Map, um projeto de mapeamento colaborativo de todas as instituições arquivísticas do planeta. Um objetivo que soa bastante ousado, mas que pode ser alcançado com a colaboração de todos que se dispuserem a ajudar na construção dessa base de dados." https://map.arquivista.net/
[2018-04-06 09:29:30] Que bacana
[2018-04-06 11:43:27] Vc já adicionou o calendário GHC ao seu Google Calendar? 8-)

https://calendar.google.com/calendar?cid=N3FtaDc0YmpsZWNqZTVlaGxscjNqYnAzdmdAZ3JvdXAuY2FsZW5kYXIuZ29vZ2xlLmNvbQ
[2018-04-06 13:30:04] Opa, redes, servidores Linux e Windows, suporte...
[2018-04-06 13:30:21] Obrigado Zé
[2018-04-06 13:40:43] :)
[2018-04-06 16:00:08] @fsanches  você já viu isso? https://classicreload.com/
[2018-04-06 16:23:26] Hoje à tarde entreguei alguns Panfletos do Garoa na palestra Radioamadorismo & Eletrônica que eu fiz na ETEC Guaracy Silveira.
[2018-04-06 16:33:24] Boa!
[2018-04-06 18:43:58] Olá, boa noite a todos !
[2018-04-06 18:51:07] boa noite~
[2018-04-06 18:52:09] document: /home/felipe/devel/github_garoa/Telegram_logs_Garoa_Hacker_Clube_Publico/media/Garoa_Hacker_Clube_(Público)/download_38846012097298894.webp
[2018-04-06 18:52:21] muito legal!
[2018-04-06 18:59:52] /
[2018-04-06 19:25:41] photo: /home/felipe/devel/github_garoa/Telegram_logs_Garoa_Hacker_Clube_Publico/media/Garoa_Hacker_Clube_(Público)/download_806022869_306.jpg
[2018-04-06 20:21:45] 😄😄😄😄😄
[2018-04-06 20:25:24] Hahahahahhahahahaha boa
[2018-04-06 21:06:01] /help@jackbot
[2018-04-06 23:35:38] Irene Soares joined
