[2017-09-08 03:34:16] https://www.bloomberg.com/news/articles/2017-09-07/from-software-to-staffers-tesla-and-spacex-share-more-than-musk
[2017-09-08 09:20:59] Hoje meio dia estamos fazendo a cerveja do garoa
[2017-09-08 09:25:12] https://www.facebook.com/GaroaHC/videos/964260313651979/ 😍😍😍
[2017-09-08 09:33:39] BR4S1L3IR0 X joined
[2017-09-08 09:33:40] Hi Mr. !
[2017-09-08 09:36:29] Z4ssX joined
[2017-09-08 09:36:30] Hi Z4ssX !
[2017-09-08 09:36:36] Hello
[2017-09-08 09:36:47] Caraca
[2017-09-08 09:57:56] Extremist User joined
[2017-09-08 09:57:57] Hi Tweek !
[2017-09-08 10:10:11] Garoa aberto
[2017-09-08 10:10:13] photo: /home/felipe/devel/github_tvdstaaij/telegram-history-dump/output/media/Garoa_Hacker_Clube_(Público)/download_804740530_117139.jpg
[2017-09-08 10:42:26] Fechado
[2017-09-08 10:42:32] document: /home/felipe/devel/github_tvdstaaij/telegram-history-dump/output/media/Garoa_Hacker_Clube_(Público)/download_694481660414001233.webp
[2017-09-08 11:24:55] document: /home/felipe/devel/github_tvdstaaij/telegram-history-dump/output/media/Garoa_Hacker_Clube_(Público)/download_5015054310187204614
[2017-09-08 11:31:56] Ja começaram os trabalhos ?
[2017-09-08 11:46:59] @fsanches : http://wrd.cm/2vSkVxP
[2017-09-08 11:47:59] yep
[2017-09-08 11:48:53] Ontem estavamos papeando sobre isso por aqui.
[2017-09-08 11:49:25] Eu tive o azar de zicar o buffering do streaming justo na contagem regressiva
[2017-09-08 11:49:51] photo: /home/felipe/devel/github_tvdstaaij/telegram-history-dump/output/media/Garoa_Hacker_Clube_(Público)/download_804725888_17506.jpg
[2017-09-08 11:50:13] aí eu dei um F5 na página e de repente o foguete já tava voando :-P
[2017-09-08 11:50:31] Receitinha de bolo
[2017-09-08 11:53:52] photo: /home/felipe/devel/github_tvdstaaij/telegram-history-dump/output/media/Garoa_Hacker_Clube_(Público)/download_804721552_42086.jpg
[2017-09-08 11:54:09] photo: /home/felipe/devel/github_tvdstaaij/telegram-history-dump/output/media/Garoa_Hacker_Clube_(Público)/download_803114571_99399.jpg
[2017-09-08 11:54:23] photo: /home/felipe/devel/github_tvdstaaij/telegram-history-dump/output/media/Garoa_Hacker_Clube_(Público)/download_804740850_120578.jpg
[2017-09-08 11:56:31] photo: /home/felipe/devel/github_tvdstaaij/telegram-history-dump/output/media/Garoa_Hacker_Clube_(Público)/download_804721251_41448.jpg
[2017-09-08 13:10:32] document: /home/felipe/devel/github_tvdstaaij/telegram-history-dump/output/media/Garoa_Hacker_Clube_(Público)/download_5015054310187204615
[2017-09-08 14:07:12] Patti joined
[2017-09-08 14:07:13] Hi Кейт !
[2017-09-08 14:25:24] photo: /home/felipe/devel/github_tvdstaaij/telegram-history-dump/output/media/Garoa_Hacker_Clube_(Público)/download_804721470_41763.jpg
[2017-09-08 14:30:28] Rafael joined
[2017-09-08 14:30:28] Hi Rafael !
[2017-09-08 14:31:49] Eae galera, tudo beleza?
[2017-09-08 14:37:22] document: /home/felipe/devel/github_tvdstaaij/telegram-history-dump/output/media/Garoa_Hacker_Clube_(Público)/download_5015054310187204616.pdf
[2017-09-08 14:37:27] document: /home/felipe/devel/github_tvdstaaij/telegram-history-dump/output/media/Garoa_Hacker_Clube_(Público)/download_5015054310187204617.pdf
[2017-09-08 14:40:50] document: /home/felipe/devel/github_tvdstaaij/telegram-history-dump/output/media/Garoa_Hacker_Clube_(Público)/download_5077955875763650570
[2017-09-08 15:35:50] victor joined
[2017-09-08 15:35:50] Hi victor !
[2017-09-08 19:25:18] https://youtu.be/g7A8h72RwdY
[2017-09-08 19:25:38] @eduoda
[2017-09-08 21:26:17] Buenas!, Se puderem, peço que votem no vídeo Cipave da escola Campos Verdes para que possam se classificar. Clique aqui para votar: http://www.cipave.rs.gov.br/campos-verdes-e-e-e-m?midia=campos-verdes-e-e-e-m Pode votar várias vezes basta sair e entrar novamente na página.
[2017-09-08 22:45:20] Apareceu um suporte de ultima hora e ficou tarde pra eu colar no garoa, perdi a brassagem :/
[2017-09-08 22:46:00] Esse hambúrguer estava uns 3 desvios padrões acima da média.
[2017-09-08 23:05:06] Não sei se já postaram aqui mas esse cara sempre surpreende https://www.youtube.com/watch?v=utfbE3_uAMA
[2017-09-08 23:08:50] É o cara que montou um iphone só com peça de repo, achei isso massa tbm
[2017-09-08 23:14:05] 👏👏👏
