[2018-03-02 00:07:48] guisso stfu
[2018-03-02 00:35:07] Teve um AVC nessa hora? por isso tá com a mão assim?
[2018-03-02 00:39:25] Rasp e split com 3 hdmi tem como dividir estendendo a area de trabalho ? preciso por 3 conteúdos distintos em 3 tvs alguém poderia me passar dica?
[2018-03-02 00:43:47] kkkkkkkkkkkkmkk
[2018-03-02 00:44:22] ctz que ce vai lamber uns formigueiros
[2018-03-02 00:44:22] pra ganhar follow
[2018-03-02 00:47:06] ?
[2018-03-02 00:48:47] ?
[2018-03-02 00:49:02] ?????
[2018-03-02 00:49:24] Não dá ideia... hauahauhau
[2018-03-02 00:52:09] ndnsnsmcmsk to dando ideia sim quero ver jaofkwjw
[2018-03-02 08:04:11] Não, isso ai foi um "oi beninas, turubom?"
[2018-03-02 08:19:29] seus videos vao ser com componentes que vendem no brazil?
[2018-03-02 08:19:37] senao nem vou ver
[2018-03-02 08:37:43] Da pra fazer alguma coisa sim só com resistores e leds 😂😂
[2018-03-02 08:45:13] aoUAHOUOAHA UFA!
[2018-03-02 08:53:05] No MercadoLivre você encontra de tudo... de Raiz a Nutella...
[2018-03-02 08:56:11] foi uma brincadeira por causa do 'oi beninas, turubom' que ele escreveu Fabricio :)
Eu comprei umas coisas na santa efigenia semana passada que estive em sampa, e to comprando mais algumas no filipeflop e ml :)
[2018-03-02 08:57:41] a intençao era ir no garoa, mas como nao abriu fui la pra santa, dia 10 agora vou pra sampa de novo, e tentar mais uma vez conhecer o garoa kkk
[2018-03-02 09:07:21] Já te usei de garoto propaganda da Roadsec lembra? Você leva jeito rs
[2018-03-02 09:14:02] Garoto de programa da Roadsec? 😱
[2018-03-02 09:15:30] Poh @M4BUSE vou virar iutuber, mas não precisa expor o passado
[2018-03-02 09:15:46] Muito bom o livro
[2018-03-02 10:32:55] Hoje o Garoa abrirá?
[2018-03-02 10:38:53] Tudo indica que sim
[2018-03-02 10:42:45] O @marcelocamposs disse que sim...
[2018-03-02 10:56:18] Sem ser o clássico do dennis ritchie, quais livros de C vcs recomendam?
[2018-03-02 10:57:30] photo: /home/felipe/devel/github_garoa/Telegram_logs_Garoa_Hacker_Clube_Publico/media/Garoa_Hacker_Clube_(Público)/download_804726371_120174.jpg
[2018-03-02 11:01:54] Hmmm... Obrigada!
[2018-03-02 11:13:34] algotimos em C
[2018-03-02 11:54:16] photo: /home/felipe/devel/github_garoa/Telegram_logs_Garoa_Hacker_Clube_Publico/media/Garoa_Hacker_Clube_(Público)/download_806119746_51142.jpg
[2018-03-02 12:17:35] photo: /home/felipe/devel/github_garoa/Telegram_logs_Garoa_Hacker_Clube_Publico/media/Garoa_Hacker_Clube_(Público)/download_806120654_51739.jpg
[2018-03-02 12:17:37] Pessoal, compartilho com todos o curso! Conheço a facilitadora e a metodologia, indico a todos. Rola desconto para os interessados, ontem rolou um Meetup sobre o evento e foi excelente. (info: www.globalcode.com.br/treinamentos/cursos/design-thinking-e-design-doing)
[2018-03-02 13:28:39] https://m.facebook.com/story.php?story_fbid=10155262431553244&id=513963243
[2018-03-02 13:48:04] https://twitter.com/hackadayio/status/969347290858172416?s=12
[2018-03-02 14:09:41] Comentei com dois amigos (do Peru e Colombia) sobre o espaço...
[2018-03-02 14:09:57] Posso mandar eles pintarem por lá hoje???
[2018-03-02 14:21:08] a vonts
[2018-03-02 15:44:19] Atualização da planilha galera: https://docs.google.com/spreadsheets/d/1Vvfec_sVQRFX4Q7vEkZqgZXYEvEV3MQzaDmMaR_rKZw
[2018-03-02 16:27:16] Arduino Day será em Maio? Procede?
[2018-03-02 16:29:53] https://groups.google.com/forum/#!topic/hackerspacesp/IC-BZiEUA2g

Pessoal

Este ano o Arduino day será comemorado no dia 31 de março (sábado), e o Garoa terá uma série de atividades

Deseja saber mais ? qual a programação ? ou dar uma oficina:
https://garoa.net.br/wiki/Arduino_Day_2018

O que é Arduino Day :
https://garoa.net.br/wiki/Arduino_Day
[2018-03-02 16:31:05] ok obrigado
[2018-03-02 17:01:33] perguntei sobre a data, pois ouvi uns boatos
[2018-03-02 18:51:04] Nova aquisição: Impressioning (A "Biblia" do Lockpick/Locksmith)
[2018-03-02 18:51:07] photo: /home/felipe/devel/github_garoa/Telegram_logs_Garoa_Hacker_Clube_Publico/media/Garoa_Hacker_Clube_(Público)/download_806121213_51488.jpg
[2018-03-02 18:55:53] ai sim, gosto bastante do tema
[2018-03-02 19:00:07] Aos poucos vou aumentando a coleção de Cadeados/Fechaduras tbm...
[2018-03-02 19:01:44] Toop man
[2018-03-02 19:07:59] Alguém vindo pro garoa?
[2018-03-02 19:37:48] Sim, o Marcelo falou que chega 19:30...
[2018-03-02 19:56:41] :) já chegou
[2018-03-02 21:03:05] Sobre o arduino day, levando só o notebook e um arduino sem nenhum acessório é suficiente?
[2018-03-02 21:07:27] Tem um e-mail na Wiki do arduíno day 2018
Acho que lá te respondem se não der certo aqui
[2018-03-02 21:59:21] Tá legal aí?
[2018-03-02 22:01:07] Nem colei, chuva chata aqui na minha quebrada
[2018-03-02 22:08:02] Opa, valeu!
