[2017-12-01 00:53:47] @fernandoGuisso manda as fotos da pizza
[2017-12-01 00:54:06] photo: /home/felipe/devel/github_garoa/Telegram_logs_Garoa_Hacker_Clube_Publico/media/Garoa_Hacker_Clube_(Público)/download_805513280_53177.jpg
[2017-12-01 00:54:06] photo: /home/felipe/devel/github_garoa/Telegram_logs_Garoa_Hacker_Clube_Publico/media/Garoa_Hacker_Clube_(Público)/download_804725449_83615.jpg
[2017-12-01 00:54:51] photo: /home/felipe/devel/github_garoa/Telegram_logs_Garoa_Hacker_Clube_Publico/media/Garoa_Hacker_Clube_(Público)/download_804729054_64326.jpg
[2017-12-01 00:54:56] photo: /home/felipe/devel/github_garoa/Telegram_logs_Garoa_Hacker_Clube_Publico/media/Garoa_Hacker_Clube_(Público)/download_804726930_60885.jpg
[2017-12-01 00:54:57] photo: /home/felipe/devel/github_garoa/Telegram_logs_Garoa_Hacker_Clube_Publico/media/Garoa_Hacker_Clube_(Público)/download_804729363_62713.jpg
[2017-12-01 00:54:58] document: /home/felipe/devel/github_garoa/Telegram_logs_Garoa_Hacker_Clube_Publico/media/Garoa_Hacker_Clube_(Público)/download_4974267827570606113.mp4
[2017-12-01 00:55:31] Essa de calabresa com abobrinha estava incrível
[2017-12-01 00:57:29] document: /home/felipe/devel/github_garoa/Telegram_logs_Garoa_Hacker_Clube_Publico/media/Garoa_Hacker_Clube_(Público)/download_806119440_1797.jpg
[2017-12-01 01:05:31] Gzuissss
[2017-12-01 01:05:43] Q isso, até babei aqui
[2017-12-01 01:05:46] Q vídeo
[2017-12-01 01:13:13] Vamos levantar fundos vendendo essa pizza. Eu sou voluntário pra fazer a entrega kkkk
[2017-12-01 02:01:47] @Biazzotto  olha o que a gente perdeu jahahahaha
[2017-12-01 05:19:06] Pois é, maninho...
[2017-12-01 05:35:32] A galera de barcelona fico maluca . . . Eles nao paravam de colocar e tirar o cell do modo avião pra ver se voltava xD
[2017-12-01 06:58:04] "O novo Kenedy, só que do Brazil" hahahahahahahahaha 😂😂😂
[2017-12-01 09:40:24] Olá pessoal. Sou novo por aki. Venho de Floripa aonde cresci e participaei ativamente do movimento Open Source, Hackerspace e outros. Moro em Sâo Paulo atualmente. Enquanto estive no sul desenvolvi algumas atividades ligadas ao Tarrafa, SOLISC, e outras. Pretendo participar ativamente da atividades do Garoa.
[2017-12-01 10:11:38] https://vimeo.com/70748579
[2017-12-01 10:24:31] https://www.youtube.com/watch?v=2BIx2x-Q2fE
[2017-12-01 11:01:50] seja bem vindo M2F0 !
[2017-12-01 11:10:04] Obrigado Lucas! 😃
[2017-12-01 11:10:17] BTW meu nome é Mario!
[2017-12-01 11:24:14] Sábado (02/12) vamos fazer upgrades na infra do Garoa, você está convidado a ajudar M2F0
[2017-12-01 11:25:16] Legal. Obrigado. De que horas até que horas?
[2017-12-01 11:25:26] Após as 12h
[2017-12-01 11:26:23] Tô dentro.
[2017-12-01 11:26:41] Como posso ajudar? É só aparecer por lá?
[2017-12-01 11:29:44] Só aparecer por lá
[2017-12-01 11:44:17] Fechado. Vou pegar o endereço no site.
[2017-12-01 11:50:08] preciso de um cabo FTDI para a atividade de amanhã no Garoa
[2017-12-01 11:50:14] alguém tem ?
[2017-12-01 12:32:08] Tem na circuitoteca
[2017-12-01 12:33:49] Não sei se tem cabo. Mas acho que tem o adaptador que precisa de cabo que talvez tenha no Garoa USB mini b
[2017-12-01 12:34:38] ou vou ver lá
[2017-12-01 12:55:12] Vocês vão stremar as demos de amanhã?
[2017-12-01 13:51:19] SpaceX Monthly Recap | November 2017 | Testing mishap, Moon first, and more funding!
https://www.youtube.com/watch?v=oEouVVuALj4

Submitted December 01, 2017 at 03:37PM by jclishman
via reddit http://ift.tt/2BBGUIA
[2017-12-01 13:51:28] Não.
[2017-12-01 14:37:41] https://garoa.net.br/wiki/Receita_de_Pizza
[2017-12-01 16:04:43] 🙌🍕 😋😋😋😋😋😋😋😋😋😋😋😋😋😋
[2017-12-01 16:09:54] http://www.dailymail.co.uk/sciencetech/article-5136115/Sale-1972-blue-box-created-Apple-founders.html
[2017-12-01 16:10:07] oldskool
[2017-12-01 16:10:19] phone phreakin' times...
[2017-12-01 16:24:15] Good Times... #Saudades
[2017-12-01 16:27:16] Ô, nem fala...
[2017-12-01 16:56:36] Woooow, que mara!!
[2017-12-01 17:02:45] http://www.dailymail.co.uk/sciencetech/article-1302414/Study-uncovers-possible-Rubiks-Cube-solution-Only-20-moves-needed.html
[2017-12-01 17:13:28] 43 bilhões de bilhões !!!!
[2017-12-01 17:13:54] (acho que não é bom arredondar um número desse tamanho)
[2017-12-01 17:14:22] 43,252003274489856 bilhões de bilhões !!!!
[2017-12-01 17:40:30] Não seria 43.252.003 trilhões?
[2017-12-01 17:42:17] aproximadamente...
[2017-12-01 17:43:20] 43.252.003.274.489.856.000 un
43.252.003.274.489.856 mil
43.252.003.274.490 milhões 
43.252.003.274 bilhões
43.252.003 trilhões 
43.252 quadrilhões
43 quinquilhões
[2017-12-01 17:43:25] aproximadamente, mas com um erro de 0,274489856 trilhões = 274,489856 bilhões
[2017-12-01 17:44:07] gradativamente mais e mais errado
[2017-12-01 17:45:20] o erro da sua ultima aproximação (43 quinquilhoes) deve ser maior que a quantidade de células em um ser humano
[2017-12-01 17:45:29] Kkk..  Se não me engano em estatística, a partir da terceira casa já é considerado margem insignificante
[2017-12-01 17:45:56] Não é erro..  É arredondamento 😋
[2017-12-01 17:46:26] Ah, OK. Eu não vou discutir hahaha
[2017-12-01 17:47:30] É erro mesmo..  Rsrs Pois o cálculo do google foi de todas as variáveis.  Não foi cálculo por amostragem
[2017-12-01 17:48:49] td isso por causa de um cubo mágico?
[2017-12-01 17:51:11] pessoal, alguém vai pro garoa hj?
[2017-12-01 17:51:25] alguém vai
[2017-12-01 17:54:03] Acho que vou amanha pra ver a breja
[2017-12-01 18:24:09] Opa breja é uma boa rss
[2017-12-01 18:24:16] Vai ser IPA ?
[2017-12-01 19:03:37] A última brassagem foi APA
[2017-12-01 19:18:36] photo: /home/felipe/devel/github_garoa/Telegram_logs_Garoa_Hacker_Clube_Publico/media/Garoa_Hacker_Clube_(Público)/download_806122105_1705.jpg
[2017-12-01 19:22:34] Engarrafar creio que será 09/12.....
[2017-12-01 19:34:56] document: /home/felipe/devel/github_garoa/Telegram_logs_Garoa_Hacker_Clube_Publico/media/Garoa_Hacker_Clube_(Público)/download_272479773299573004.webp
[2017-12-01 19:53:38] Que incrível !!!
[2017-12-01 19:53:38] Tava vendo isso aqui: https://www.axidraw.com/
[2017-12-01 19:56:04] ah
[2017-12-01 19:56:06] hehe
[2017-12-01 19:56:19] Quero uma, Papai Noel.
[2017-12-01 20:11:45] Algum dos Srs. teria um Clip Pomona soic8 para emprestar em um futuro próximo?
[2017-12-01 20:16:27] photo: /home/felipe/devel/github_garoa/Telegram_logs_Garoa_Hacker_Clube_Publico/media/Garoa_Hacker_Clube_(Público)/download_806124769_1660.jpg
[2017-12-01 20:16:33] @fsanches
[2017-12-01 20:35:25] Pessoal, boa noite?
Existe no garoa alguma atividade relacionada a ethical hacking / Hackaflag?
[2017-12-01 20:37:38] Essa eu posso te ajudar!!
todo sábado dia de CTF no garoa
[2017-12-01 20:38:00] se quiser ir amanha estaremos lá
[2017-12-01 20:38:17] Massa!
Vou passar la conhecer
[2017-12-01 20:38:27] Amanhã estarei es Santa Catarina
[2017-12-01 20:38:49] Mas em breve vou lá
[2017-12-01 20:39:02] Qual horário geralmente acontece?
[2017-12-01 20:40:57] o pessoal costuma chegar uma 14... e fica a tarde toda até de noite
[2017-12-01 20:48:19] Amanha a manutenção de infra do garoa não irá interferir ?
[2017-12-01 20:51:00] não tem problema... treinamos offline (VM) e estarei disposto a ajudar no que precisarem!!
[2017-12-01 21:08:17] Tranquilo, esse final de semana talvez eu passe domingo se houver gente por la
[2017-12-01 21:55:43] Sobre o AxiDraw
[2017-12-01 21:55:43] O sistema deve funcionar com um Gcode normal
O braço do eixo Y, que parece ter uma régua, funciona com um rolamento (bearing) em tijolo, tem algumas impressoras 3d com rolamentos assim, acho que principalmente as deltas, não cartesianas.
Aquele negócio azul de plástico na ponta é um mini motor servo.
Tem um NEMA17 em cada ponta e uma board na ponta da esquerda.
Não deve ser difícil replicá-la.
[2017-12-01 21:55:43] O motor servo ajusta a inclinação "/" da caneta. Um NEMA17 roda a correia. O outro faz o que?
[2017-12-01 23:09:28] Quem criou o grupo @MicroPythonBR fez muito bem ! Pena que está muito pouco movimetado 😞
[2017-12-01 23:17:39] Essa vai especialmente pro @fsanches -https://www.jpl.nasa.gov/news/news.php?release=2017-310
[2017-12-01 23:26:18] photo
[2017-12-01 23:27:11] Quem explica os desenhos?
[2017-12-01 23:42:21] Manutenção?
[2017-12-01 23:42:28] Amanhã que horas vão abrir?
[2017-12-01 23:42:43] 12h
[2017-12-01 23:42:55] Beleza! Valeu
[2017-12-01 23:43:26] Como que funciona para comprar a cerveja? Haha
[2017-12-01 23:43:39] Está explicado como fazer pra sair som do disco para os ETs
[2017-12-01 23:43:50] sstv
[2017-12-01 23:44:12] Você usa dinheiro
[2017-12-01 23:44:25] a primeira imagem é um círculo pra confirmar que decodificaram direito
[2017-12-01 23:44:32] Sagan, massa
[2017-12-01 23:44:39] 😆 sim, isso está tbm explicado. à esquerda, topo e abaixo
[2017-12-01 23:45:04] ??
[2017-12-01 23:45:27] Depois que terminar ou vaquinha antes de começar a fazer?
[2017-12-01 23:45:42] corretíssimo. E acredito q vc saiba tbm o q representam as do topo à direita... sem colar.
[2017-12-01 23:46:27] Ele foi um dos que chefiou para fazerem os Golden records
[2017-12-01 23:46:50] Foi em Cornell
[2017-12-01 23:46:55] sim. não tinha visto
[2017-12-01 23:47:08] Eu sei quem foi Carl Sagan... KKK!!
[2017-12-01 23:47:13] É só comparar as garrafas. Sem crise.
[2017-12-01 23:47:29] li uma vez, não lembro direito
[2017-12-01 23:47:35] sobre os outros desenhos
[2017-12-01 23:47:45] Sussa
[2017-12-01 23:47:51] Mas não sei o significado de "sagan massa". por isso o ??
[2017-12-01 23:48:05] Sério??
[2017-12-01 23:48:09] dica: NTSC
[2017-12-01 23:48:13] Tem a mensagem de arecibo
[2017-12-01 23:48:31] vc diz, no conteúdo do disco?
[2017-12-01 23:49:19] Esse não. Outra sonda levou essa mensagem
[2017-12-01 23:49:55] photo: /home/felipe/devel/github_garoa/Telegram_logs_Garoa_Hacker_Clube_Publico/media/Garoa_Hacker_Clube_(Público)/download_804729854_62836.jpg
[2017-12-01 23:50:03] @mynameiserin ring a bell?
[2017-12-01 23:51:11] s
[2017-12-01 23:51:26] a Pioneer?
[2017-12-01 23:51:41] e embaixo?
[2017-12-01 23:51:55] tem a ver com o de cima
[2017-12-01 23:59:41] photo: /home/felipe/devel/github_garoa/Telegram_logs_Garoa_Hacker_Clube_Publico/media/Garoa_Hacker_Clube_(Público)/download_806119761_2154.jpg
[2017-12-01 23:59:52] Chega de internet por hoje
