[2016-05-29 13:00:28] O que é um supergroup?
[2016-05-29 13:01:19] Qualquer um entra
[2016-05-29 13:01:28] Pode ter um monte de gente
[2016-05-29 13:23:32] 👍
[2016-05-29 13:43:16] Erin Pinheiro joined with an invite link
[2016-05-29 13:43:16] Hello Erin! Welcome to Garoa Hacker Clube 😁
[2016-05-29 13:43:33] Só precisava mudar a mensagem desse bot
[2016-05-29 13:47:58] /welcome@jh0ker_welcomebot
[2016-05-29 13:47:59] You need to send a message, too! For example:
/welcome Hello $username, welcome to $title!
[2016-05-29 13:49:20] /welcome Seja Bem Vindo $username, você está no super grupo do Garoa. Respeite a todos para não causar conflitos e foque nos assuntos relacionados ao Grupo.
[2016-05-29 13:49:21] Got it!
[2016-05-29 13:49:54] melhor? tira o bot e põe uma mensagem pinada com isso
[2016-05-29 13:50:00] aí não tem spam de bot a cada novo usuário
[2016-05-29 13:50:07] Bele
[2016-05-29 13:50:36] Vinicius Mesel removed Welcome Bot
[2016-05-29 13:50:38] Vinicius Mesel changed group name to "Garoa HC Super Grupo"
[2016-05-29 13:51:23] Seja Bem Vind@, você está no super grupo do Garoa. Respeite a tod@s para não causar conflitos e foque nos assuntos relacionados ao Grupo.
[2016-05-29 13:51:28] pinned the message
[2016-05-29 13:51:52] 👍
[2016-05-29 14:33:29] alguém no garoa?
[2016-05-29 14:33:44] esqueci duas notas fiscais de supermercado na mesa
[2016-05-29 14:36:54] Se o widget estiver funcionando, tá fechado
[2016-05-29 14:37:15] ultimamente tem estado pouco confiável...
[2016-05-29 14:39:01] É, mas ontem apareceu aberto um bom tempo, parece que tava rolando
[2016-05-29 14:39:48] não sei dizer... ouvi comentários na lista que tinha gente fazendo manutenção no código pra fazer voltar a funcionar. Mas não vi os detalhes. Talvez já tenham terminado.
[2016-05-29 14:39:51] Afonso arrumou
[2016-05-29 14:39:57] Ah, legal!
[2016-05-29 14:40:00] bom saber
[2016-05-29 14:40:19] leão mandou
[2016-05-29 14:40:46] usar navegador pra ver status é um saco
[2016-05-29 14:40:49] galera... que tal fazermos um esforço pra unificar os 3 grupos do telegram num só? Se bobear, agora que esse aqui é super grupo poderíamos botar o link de convite pra ele na página principal do wiki, né?
[2016-05-29 14:41:04] é a idéia
[2016-05-29 14:41:21] e aí fazer uma movimentação pra adicionar aqui (do-ocraticamente) todo mundo que já esteja nos outros
[2016-05-29 14:41:25] quando eu sai do garoa (umas 6h) Afonso estava dormindo/cohilando lá... deixei a porta fechada. Acredito que garoa deve estar fechado mesmo
[2016-05-29 14:41:37] e depois sugerir a deleção dos outros
[2016-05-29 14:41:47] boa ideia Juca
[2016-05-29 14:42:16] ah! e por uma questão de justiça e transparência, seria bom descobrir quem são os admins de todos os 3 grupos e todas essas pessoas virarem admin aqui
[2016-05-29 14:42:35] acho que supergroups não têm admins
[2016-05-29 14:42:36] assim não fica com divisão entre associados, visitantes e sei lá o que...
[2016-05-29 14:42:38] iirc
[2016-05-29 14:42:52] não, parece que tem sim
[2016-05-29 14:43:23] Eu tenho direito de adicionar pessoas nos outros 2. Mas não nesse aqui. Então alguma diferença tem.
[2016-05-29 14:48:28] Gabriel Almeida joined
[2016-05-29 14:48:44] Afonso Coutinho joined
[2016-05-29 14:50:29] Fernando Guisso joined
[2016-05-29 14:51:44] Concordo.
[2016-05-29 14:53:02] Fabricio Biazzotto ☂ added Luciano Ramalho
[2016-05-29 14:55:16] @Biazzotto ,  como eu faço pra conseguir adicionar pessoas aqui também?
[2016-05-29 14:56:30] Clica no nome do grupo, depois em Adicionar membro
[2016-05-29 14:56:55] Mas se não me engano já tem que estar na sua lista de contatos...
[2016-05-29 14:57:11] pra mim não aparece a opção de adicionar membro
[2016-05-29 14:59:35] O @vmesel ainda não configurou todos os administradores... Acho que precisa ser, mas pode sempre divulgar o link telegram.me/garoahc ou @garoahc.
[2016-05-29 14:59:52] saquei
[2016-05-29 15:01:58] Erick Emiliano joined
[2016-05-29 15:09:44] @fsanches add a galera de adm ai
[2016-05-29 15:09:45] Me add como admin ai
[2016-05-29 15:10:15] @tilt4 pronto
[2016-05-29 15:10:38] admin pls
[2016-05-29 15:10:40] apareceu agora pra mim a opção de ocnvidar pessoas, mas não a opção de definí-las como admin (o eu não to sabendo como faz)
[2016-05-29 15:10:50] acho que só o owner define admins
[2016-05-29 15:10:54] Todos podem chamar membros e deixo a responsa de add adms aqui ao afonso e ao juca
[2016-05-29 15:11:16] Vc tem q editar o grupo ai vai aparecer uma abinha admins
[2016-05-29 15:11:27] photo: /home/felipe/devel/github_tvdstaaij/telegram-history-dump/output/media/Garoa_Hacker_Clube_(Público)/download_702220199_88199.jpg
[2016-05-29 15:24:53] Heloá ♕ (Lô) joined
[2016-05-29 15:42:45] Aylons Hazzud joined
[2016-05-29 15:45:36] Felipe "Juca" Sanches added Aurelio Heckert
[2016-05-29 15:45:53] Bom... adicionei quase todo mundo
[2016-05-29 15:46:06] tem algumas pessoas que estão sem "@"
[2016-05-29 15:46:16] e não consigo adicionar
[2016-05-29 15:46:39] Mais um grupo pra deixar mudo :D
[2016-05-29 15:46:52] é uma opção, sim
[2016-05-29 15:46:56] a idéia é ter um grupo só
[2016-05-29 15:47:00] e deletar os outros
[2016-05-29 15:48:20] Acima de 200 pessoas o grupo já se auto-muta
[2016-05-29 15:48:47] as pessoas que estão nos outros 2 grupos mas não consegui chamar são:
[2016-05-29 15:48:47] E vc n fica recebendo notificações além da que as pessoas te citam em msgs
[2016-05-29 15:48:49] Erico Perrella 
Gabriel Almeira de Souza
kern V0ll
Luis Leão
Monica Rizzolli
Nelson Canton
Otto Heringer
Pacman Pereira
Samuel Grigolato
Vitor Fernandes
[2016-05-29 15:49:41] Eu estou aqui.
[2016-05-29 15:50:41] já que a maioria já está aqui, vamos mandar uma msg falando desse grupo nos outros e parar de usar/sair dos outros grupos. Ai naturalmente o pessoal migra para cá
[2016-05-29 15:53:25] ainda não sou admin daqui, tenho admin no outro grupo
[2016-05-29 15:54:40] Pronto @mynameiserin
[2016-05-29 15:54:46] obg
[2016-05-29 15:55:18] Se vc puder colocar a galera do garoa como adm vai ser bom
[2016-05-29 15:57:07] não parece me dar essa opção
[2016-05-29 15:57:11] OK. Eu sei que isso vai ser um baita dum barulho, mas eu estou agora encaminhando pra cá TODAS as fotos dos grupos antigos para não perdermos quando os grupos forem deletados. Agradeço se alguém souber uma forma menos bruta de fazer um backup de um grupo inteiro...
[2016-05-29 15:57:11] photo: /home/felipe/devel/github_tvdstaaij/telegram-history-dump/output/media/Garoa_Hacker_Clube_(Público)/download_802609787_25803.jpg
[2016-05-29 15:57:11] photo: /home/felipe/devel/github_tvdstaaij/telegram-history-dump/output/media/Garoa_Hacker_Clube_(Público)/download_802207925_27822.jpg
[2016-05-29 15:57:11] photo: /home/felipe/devel/github_tvdstaaij/telegram-history-dump/output/media/Garoa_Hacker_Clube_(Público)/download_702428685_32752.jpg
[2016-05-29 15:57:11] photo: /home/felipe/devel/github_tvdstaaij/telegram-history-dump/output/media/Garoa_Hacker_Clube_(Público)/download_802207840_27978.jpg
[2016-05-29 15:57:11] photo: /home/felipe/devel/github_tvdstaaij/telegram-history-dump/output/media/Garoa_Hacker_Clube_(Público)/download_802207208_27532.jpg
[2016-05-29 15:57:11] photo: /home/felipe/devel/github_tvdstaaij/telegram-history-dump/output/media/Garoa_Hacker_Clube_(Público)/download_702425304_77445.jpg
[2016-05-29 15:57:11] photo: /home/felipe/devel/github_tvdstaaij/telegram-history-dump/output/media/Garoa_Hacker_Clube_(Público)/download_802207294_32385.jpg
[2016-05-29 15:57:11] photo: /home/felipe/devel/github_tvdstaaij/telegram-history-dump/output/media/Garoa_Hacker_Clube_(Público)/download_802208243_32659.jpg
[2016-05-29 15:57:11] photo: /home/felipe/devel/github_tvdstaaij/telegram-history-dump/output/media/Garoa_Hacker_Clube_(Público)/download_702424091_38634.jpg
[2016-05-29 15:57:12] photo: /home/felipe/devel/github_tvdstaaij/telegram-history-dump/output/media/Garoa_Hacker_Clube_(Público)/download_802207226_33542.jpg
[2016-05-29 15:57:12] photo: /home/felipe/devel/github_tvdstaaij/telegram-history-dump/output/media/Garoa_Hacker_Clube_(Público)/download_802232860_33167.jpg
[2016-05-29 15:57:12] photo: /home/felipe/devel/github_tvdstaaij/telegram-history-dump/output/media/Garoa_Hacker_Clube_(Público)/download_702425407_84755.jpg
[2016-05-29 15:57:12] photo: /home/felipe/devel/github_tvdstaaij/telegram-history-dump/output/media/Garoa_Hacker_Clube_(Público)/download_802332259_34649.jpg
[2016-05-29 15:57:12] photo: /home/felipe/devel/github_tvdstaaij/telegram-history-dump/output/media/Garoa_Hacker_Clube_(Público)/download_702415155_37068.jpg
[2016-05-29 15:57:12] photo: /home/felipe/devel/github_tvdstaaij/telegram-history-dump/output/media/Garoa_Hacker_Clube_(Público)/download_702228743_84460.jpg
[2016-05-29 15:57:12] photo: /home/felipe/devel/github_tvdstaaij/telegram-history-dump/output/media/Garoa_Hacker_Clube_(Público)/download_702220919_96684.jpg
[2016-05-29 15:57:12] usando telegram desktop
[2016-05-29 15:57:12] photo: /home/felipe/devel/github_tvdstaaij/telegram-history-dump/output/media/Garoa_Hacker_Clube_(Público)/download_802332734_35150.jpg
[2016-05-29 15:57:12] photo: /home/felipe/devel/github_tvdstaaij/telegram-history-dump/output/media/Garoa_Hacker_Clube_(Público)/download_702425569_85270.jpg
[2016-05-29 15:57:12] photo: /home/felipe/devel/github_tvdstaaij/telegram-history-dump/output/media/Garoa_Hacker_Clube_(Público)/download_702218032_67346.jpg
[2016-05-29 15:57:12] photo: /home/felipe/devel/github_tvdstaaij/telegram-history-dump/output/media/Garoa_Hacker_Clube_(Público)/download_702415467_38269.jpg
[2016-05-29 15:57:12] photo: /home/felipe/devel/github_tvdstaaij/telegram-history-dump/output/media/Garoa_Hacker_Clube_(Público)/download_802609416_34017.jpg
[2016-05-29 15:57:12] photo: /home/felipe/devel/github_tvdstaaij/telegram-history-dump/output/media/Garoa_Hacker_Clube_(Público)/download_702415379_36631.jpg
[2016-05-29 15:57:12] photo: /home/felipe/devel/github_tvdstaaij/telegram-history-dump/output/media/Garoa_Hacker_Clube_(Público)/download_702424824_42179.jpg
[2016-05-29 15:57:12] photo: /home/felipe/devel/github_tvdstaaij/telegram-history-dump/output/media/Garoa_Hacker_Clube_(Público)/download_702429637_85285.jpg
[2016-05-29 15:57:12] photo: /home/felipe/devel/github_tvdstaaij/telegram-history-dump/output/media/Garoa_Hacker_Clube_(Público)/download_702425283_84981.jpg
[2016-05-29 15:57:12] photo: /home/felipe/devel/github_tvdstaaij/telegram-history-dump/output/media/Garoa_Hacker_Clube_(Público)/download_802207129_35283.jpg
[2016-05-29 15:57:12] photo: /home/felipe/devel/github_tvdstaaij/telegram-history-dump/output/media/Garoa_Hacker_Clube_(Público)/download_802208592_35034.jpg
[2016-05-29 15:57:12] photo: /home/felipe/devel/github_tvdstaaij/telegram-history-dump/output/media/Garoa_Hacker_Clube_(Público)/download_702415077_38085.jpg
[2016-05-29 15:57:12] photo: /home/felipe/devel/github_tvdstaaij/telegram-history-dump/output/media/Garoa_Hacker_Clube_(Público)/download_702223638_39467.jpg
[2016-05-29 15:57:12] photo: /home/felipe/devel/github_tvdstaaij/telegram-history-dump/output/media/Garoa_Hacker_Clube_(Público)/download_802332092_35015.jpg
[2016-05-29 15:57:12] photo: /home/felipe/devel/github_tvdstaaij/telegram-history-dump/output/media/Garoa_Hacker_Clube_(Público)/download_702222371_45610.jpg
[2016-05-29 15:57:12] photo: /home/felipe/devel/github_tvdstaaij/telegram-history-dump/output/media/Garoa_Hacker_Clube_(Público)/download_702428711_45799.jpg
[2016-05-29 15:57:12] photo: /home/felipe/devel/github_tvdstaaij/telegram-history-dump/output/media/Garoa_Hacker_Clube_(Público)/download_702222851_45526.jpg
[2016-05-29 15:57:13] photo: /home/felipe/devel/github_tvdstaaij/telegram-history-dump/output/media/Garoa_Hacker_Clube_(Público)/download_702222851_45526.jpg
[2016-05-29 15:57:13] photo: /home/felipe/devel/github_tvdstaaij/telegram-history-dump/output/media/Garoa_Hacker_Clube_(Público)/download_702222851_45526.jpg
[2016-05-29 15:57:13] photo: /home/felipe/devel/github_tvdstaaij/telegram-history-dump/output/media/Garoa_Hacker_Clube_(Público)/download_802232854_40302.jpg
[2016-05-29 15:57:13] photo: /home/felipe/devel/github_tvdstaaij/telegram-history-dump/output/media/Garoa_Hacker_Clube_(Público)/download_702222215_46984.jpg
[2016-05-29 15:57:13] photo: /home/felipe/devel/github_tvdstaaij/telegram-history-dump/output/media/Garoa_Hacker_Clube_(Público)/download_802609191_40846.jpg
[2016-05-29 15:57:13] photo: /home/felipe/devel/github_tvdstaaij/telegram-history-dump/output/media/Garoa_Hacker_Clube_(Público)/download_702222826_46681.jpg
[2016-05-29 15:57:13] photo: /home/felipe/devel/github_tvdstaaij/telegram-history-dump/output/media/Garoa_Hacker_Clube_(Público)/download_802232984_41871.jpg
[2016-05-29 15:57:13] photo: /home/felipe/devel/github_tvdstaaij/telegram-history-dump/output/media/Garoa_Hacker_Clube_(Público)/download_702415051_44835.jpg
[2016-05-29 15:57:13] photo: /home/felipe/devel/github_tvdstaaij/telegram-history-dump/output/media/Garoa_Hacker_Clube_(Público)/download_802332349_42526.jpg
[2016-05-29 15:57:13] photo: /home/felipe/devel/github_tvdstaaij/telegram-history-dump/output/media/Garoa_Hacker_Clube_(Público)/download_702223722_46898.jpg
[2016-05-29 15:57:13] photo: /home/felipe/devel/github_tvdstaaij/telegram-history-dump/output/media/Garoa_Hacker_Clube_(Público)/download_802332652_42472.jpg
[2016-05-29 15:57:13] photo: /home/felipe/devel/github_tvdstaaij/telegram-history-dump/output/media/Garoa_Hacker_Clube_(Público)/download_802132174_42313.jpg
[2016-05-29 15:57:13] photo: /home/felipe/devel/github_tvdstaaij/telegram-history-dump/output/media/Garoa_Hacker_Clube_(Público)/download_702415809_46643.jpg
[2016-05-29 15:57:13] photo: /home/felipe/devel/github_tvdstaaij/telegram-history-dump/output/media/Garoa_Hacker_Clube_(Público)/download_702220041_106334.jpg
[2016-05-29 15:57:13] photo: /home/felipe/devel/github_tvdstaaij/telegram-history-dump/output/media/Garoa_Hacker_Clube_(Público)/download_802132416_43810.jpg
[2016-05-29 15:57:13] photo: /home/felipe/devel/github_tvdstaaij/telegram-history-dump/output/media/Garoa_Hacker_Clube_(Público)/download_802609862_44149.jpg
[2016-05-29 15:57:13] photo: /home/felipe/devel/github_tvdstaaij/telegram-history-dump/output/media/Garoa_Hacker_Clube_(Público)/download_702424870_51426.jpg
[2016-05-29 15:57:13] photo: /home/felipe/devel/github_tvdstaaij/telegram-history-dump/output/media/Garoa_Hacker_Clube_(Público)/download_702425703_93307.jpg
[2016-05-29 15:57:13] photo: /home/felipe/devel/github_tvdstaaij/telegram-history-dump/output/media/Garoa_Hacker_Clube_(Público)/download_702222187_50243.jpg
[2016-05-29 15:57:13] photo: /home/felipe/devel/github_tvdstaaij/telegram-history-dump/output/media/Garoa_Hacker_Clube_(Público)/download_702218807_76701.jpg
[2016-05-29 15:57:13] photo: /home/felipe/devel/github_tvdstaaij/telegram-history-dump/output/media/Garoa_Hacker_Clube_(Público)/download_702424039_50724.jpg
[2016-05-29 15:57:13] photo: /home/felipe/devel/github_tvdstaaij/telegram-history-dump/output/media/Garoa_Hacker_Clube_(Público)/download_802610599_44946.jpg
[2016-05-29 15:57:13] photo: /home/felipe/devel/github_tvdstaaij/telegram-history-dump/output/media/Garoa_Hacker_Clube_(Público)/download_802610765_45292.jpg
[2016-05-29 15:57:14] photo: /home/felipe/devel/github_tvdstaaij/telegram-history-dump/output/media/Garoa_Hacker_Clube_(Público)/download_802132944_45262.jpg
[2016-05-29 15:57:14] photo: /home/felipe/devel/github_tvdstaaij/telegram-history-dump/output/media/Garoa_Hacker_Clube_(Público)/download_802132570_45504.jpg
[2016-05-29 15:57:14] photo: /home/felipe/devel/github_tvdstaaij/telegram-history-dump/output/media/Garoa_Hacker_Clube_(Público)/download_702220630_108897.jpg
[2016-05-29 15:57:14] photo: /home/felipe/devel/github_tvdstaaij/telegram-history-dump/output/media/Garoa_Hacker_Clube_(Público)/download_802208018_46279.jpg
[2016-05-29 15:57:14] photo: /home/felipe/devel/github_tvdstaaij/telegram-history-dump/output/media/Garoa_Hacker_Clube_(Público)/download_702425364_95431.jpg
[2016-05-29 15:57:14] photo: /home/felipe/devel/github_tvdstaaij/telegram-history-dump/output/media/Garoa_Hacker_Clube_(Público)/download_702223548_50797.jpg
[2016-05-29 15:57:14] photo: /home/felipe/devel/github_tvdstaaij/telegram-history-dump/output/media/Garoa_Hacker_Clube_(Público)/download_702220020_109358.jpg
[2016-05-29 15:57:14] photo: /home/felipe/devel/github_tvdstaaij/telegram-history-dump/output/media/Garoa_Hacker_Clube_(Público)/download_802332655_47187.jpg
[2016-05-29 15:57:14] photo: /home/felipe/devel/github_tvdstaaij/telegram-history-dump/output/media/Garoa_Hacker_Clube_(Público)/download_702424155_53994.jpg
[2016-05-29 15:57:14] photo: /home/felipe/devel/github_tvdstaaij/telegram-history-dump/output/media/Garoa_Hacker_Clube_(Público)/download_802610019_48231.jpg
[2016-05-29 15:57:14] photo
[2016-05-29 15:57:14] photo
[2016-05-29 15:57:14] photo: /home/felipe/devel/github_tvdstaaij/telegram-history-dump/output/media/Garoa_Hacker_Clube_(Público)/download_702218402_80520.jpg
[2016-05-29 15:57:14] photo: /home/felipe/devel/github_tvdstaaij/telegram-history-dump/output/media/Garoa_Hacker_Clube_(Público)/download_702425952_97452.jpg
[2016-05-29 15:57:14] photo: /home/felipe/devel/github_tvdstaaij/telegram-history-dump/output/media/Garoa_Hacker_Clube_(Público)/download_802609603_47810.jpg
[2016-05-29 15:57:14] photo: /home/felipe/devel/github_tvdstaaij/telegram-history-dump/output/media/Garoa_Hacker_Clube_(Público)/download_702223418_52785.jpg
[2016-05-29 15:57:14] photo: /home/felipe/devel/github_tvdstaaij/telegram-history-dump/output/media/Garoa_Hacker_Clube_(Público)/download_802232473_47946.jpg
[2016-05-29 15:57:14] photo: /home/felipe/devel/github_tvdstaaij/telegram-history-dump/output/media/Garoa_Hacker_Clube_(Público)/download_802208090_49672.jpg
[2016-05-29 15:57:14] photo: /home/felipe/devel/github_tvdstaaij/telegram-history-dump/output/media/Garoa_Hacker_Clube_(Público)/download_702222637_54723.jpg
[2016-05-29 15:57:14] photo: /home/felipe/devel/github_tvdstaaij/telegram-history-dump/output/media/Garoa_Hacker_Clube_(Público)/download_702223492_53359.jpg
[2016-05-29 15:57:14] photo: /home/felipe/devel/github_tvdstaaij/telegram-history-dump/output/media/Garoa_Hacker_Clube_(Público)/download_702428881_54009.jpg
[2016-05-29 15:57:14] photo: /home/felipe/devel/github_tvdstaaij/telegram-history-dump/output/media/Garoa_Hacker_Clube_(Público)/download_702222874_56192.jpg
[2016-05-29 15:57:14] photo: /home/felipe/devel/github_tvdstaaij/telegram-history-dump/output/media/Garoa_Hacker_Clube_(Público)/download_702219114_84162.jpg
[2016-05-29 15:57:14] photo: /home/felipe/devel/github_tvdstaaij/telegram-history-dump/output/media/Garoa_Hacker_Clube_(Público)/download_802332421_51309.jpg
[2016-05-29 15:57:15] photo: /home/felipe/devel/github_tvdstaaij/telegram-history-dump/output/media/Garoa_Hacker_Clube_(Público)/download_802609226_51448.jpg
[2016-05-29 15:57:15] photo: /home/felipe/devel/github_tvdstaaij/telegram-history-dump/output/media/Garoa_Hacker_Clube_(Público)/download_802232806_51915.jpg
[2016-05-29 15:57:15] photo: /home/felipe/devel/github_tvdstaaij/telegram-history-dump/output/media/Garoa_Hacker_Clube_(Público)/download_803711181_2087.jpg
[2016-05-29 15:57:15] photo: /home/felipe/devel/github_tvdstaaij/telegram-history-dump/output/media/Garoa_Hacker_Clube_(Público)/download_802132595_55847.jpg
[2016-05-29 15:57:15] photo: /home/felipe/devel/github_tvdstaaij/telegram-history-dump/output/media/Garoa_Hacker_Clube_(Público)/download_802609671_56266.jpg
[2016-05-29 15:57:15] photo: /home/felipe/devel/github_tvdstaaij/telegram-history-dump/output/media/Garoa_Hacker_Clube_(Público)/download_803718231_4872.jpg
[2016-05-29 15:57:15] photo: /home/felipe/devel/github_tvdstaaij/telegram-history-dump/output/media/Garoa_Hacker_Clube_(Público)/download_702219841_92226.jpg
[2016-05-29 15:57:15] photo: /home/felipe/devel/github_tvdstaaij/telegram-history-dump/output/media/Garoa_Hacker_Clube_(Público)/download_802609075_58508.jpg
[2016-05-29 15:57:15] photo: /home/felipe/devel/github_tvdstaaij/telegram-history-dump/output/media/Garoa_Hacker_Clube_(Público)/download_702218939_92508.jpg
[2016-05-29 15:57:15] photo: /home/felipe/devel/github_tvdstaaij/telegram-history-dump/output/media/Garoa_Hacker_Clube_(Público)/download_702424994_66204.jpg
[2016-05-29 15:57:15] photo: /home/felipe/devel/github_tvdstaaij/telegram-history-dump/output/media/Garoa_Hacker_Clube_(Público)/download_803703259_7578.jpg
[2016-05-29 15:57:15] photo: /home/felipe/devel/github_tvdstaaij/telegram-history-dump/output/media/Garoa_Hacker_Clube_(Público)/download_803705788_8175.jpg
[2016-05-29 15:57:15] photo: /home/felipe/devel/github_tvdstaaij/telegram-history-dump/output/media/Garoa_Hacker_Clube_(Público)/download_803711587_8404.jpg
[2016-05-29 15:57:15] photo: /home/felipe/devel/github_tvdstaaij/telegram-history-dump/output/media/Garoa_Hacker_Clube_(Público)/download_803703012_8632.jpg
[2016-05-29 15:57:15] photo: /home/felipe/devel/github_tvdstaaij/telegram-history-dump/output/media/Garoa_Hacker_Clube_(Público)/download_802207827_62106.jpg
[2016-05-29 15:57:15] photo: /home/felipe/devel/github_tvdstaaij/telegram-history-dump/output/media/Garoa_Hacker_Clube_(Público)/download_803721861_8844.jpg
[2016-05-29 15:57:15] photo: /home/felipe/devel/github_tvdstaaij/telegram-history-dump/output/media/Garoa_Hacker_Clube_(Público)/download_803707752_9476.jpg
[2016-05-29 15:57:15] photo: /home/felipe/devel/github_tvdstaaij/telegram-history-dump/output/media/Garoa_Hacker_Clube_(Público)/download_802232337_88460.jpg
[2016-05-29 15:57:15] photo: /home/felipe/devel/github_tvdstaaij/telegram-history-dump/output/media/Garoa_Hacker_Clube_(Público)/download_803721861_8844.jpg
[2016-05-29 15:57:15] photo: /home/felipe/devel/github_tvdstaaij/telegram-history-dump/output/media/Garoa_Hacker_Clube_(Público)/download_803703572_9380.jpg
[2016-05-29 15:58:10] Bot q arquiva o grupo
[2016-05-29 15:58:29] desconheço
[2016-05-29 15:58:55] tem mais umas 80 imagens ainda... eu preferiria fazer de outra forma... Alguém me ajuda?
[2016-05-29 15:59:27] Pra quem não viu a mensangem. Segue outra cópia do que eu disse agora há pouco antes desse flood aí em cima: "OK. Eu sei que isso vai ser um baita dum barulho, mas eu estou agora encaminhando pra cá TODAS as fotos dos grupos antigos para não perdermos quando os grupos forem deletados. Agradeço se alguém souber uma forma menos bruta de fazer um backup de um grupo inteiro..."
[2016-05-29 16:00:23] manda umas cinco por dia
[2016-05-29 16:00:27] o bom de dar forward pra cá é que continua no histórico pra todo mundo
[2016-05-29 16:00:40] nu, ó eu de cabelo comprido
[2016-05-29 16:00:55] Legal que além de termos salvo a gente vê também
[2016-05-29 16:00:56] e eu em brasília
[2016-05-29 16:02:53] ou subir tudo num googledrive da vida, sei lá
[2016-05-29 16:03:00] sobe tudo na wiki
[2016-05-29 16:03:29] é... a longo prazo acho legal selecionar as melhores e subir no wiki
[2016-05-29 16:03:37] sobe tudo
[2016-05-29 16:03:40] seleciona nada não
[2016-05-29 16:03:48] na wiki realmente é legal, ou algo mais direcionado a fotos
[2016-05-29 16:03:48] faz uma categoria dump do telegram
[2016-05-29 16:03:52] vou tirar aquela que fala de crente
[2016-05-29 16:04:30] falando em fotos.. eu estava pendando: a gente podia tirar mais fotos das coisas que acontecem no garoa e postar elas no facebook. Acho legal movimentar mais as redes sociais
[2016-05-29 16:04:54] tem muita coisa legal acontecendo no Garoa, mas acaba não tendo muita divulgação nas redes sociais
[2016-05-29 16:04:59] desde que pergunte a todas as pessoas: "Você tem algo contra publicar seu rosto no Facebook ?"
[2016-05-29 16:05:08] (eu levantarei a mão)
[2016-05-29 16:05:29] @fsanches Seu ponto é válido...
[2016-05-29 16:05:44] meu rosto acaba nunca aparecendo mesmo
[2016-05-29 16:05:56] toda foto de publicação em que eu apareço eu tô de costas :p
[2016-05-29 16:06:01] vide a última hackids
[2016-05-29 16:06:02] kkk
[2016-05-29 16:06:19] mesmo tomando esse cuidado, acho válido divulgar mais as coisas que acontecem no garoa
[2016-05-29 16:06:25] o ABCMakerspace faz muito isso
[2016-05-29 16:06:31] uhum
[2016-05-29 16:06:41] eu não tiro foto meio que por preguiça
[2016-05-29 16:06:46] pelo facebook parece que eles semore estão fazendo algo e no Garoa nada acontece
[2016-05-29 16:07:01] eu esqueço de tirar... mas vou tentar começar a tirar mais fotos
[2016-05-29 16:07:12] (e perguntar se posso postar no face ;)
[2016-05-29 16:09:22] Erin Pinheiro changed group name to "Garoa Hacker Clube (Público)"
[2016-05-29 16:09:33] A foto do hackids fez sucesso
[2016-05-29 16:09:44] :D
[2016-05-29 16:10:08] acho que podiamos postar a ourta que vc tirou de noite, divulgar que teve mais coisa, e que acabamos virando a noite lá
[2016-05-29 16:11:32] acho legal divulgar isso. essas bagunças/festinhas são bem legais e mostram um outro lado do garoa que é socializar, afinal não precisamos estar trabalhando em um projeto para ir ao Garoa. Ir só para bater papo já é muito legal
[2016-05-29 16:14:09] Juca, eu tava pra fazer a mesma coisa com as mídias :P
[2016-05-29 16:14:39] então vamos fazer
[2016-05-29 16:14:39] Mas eu salvei td também do antigo grupo
[2016-05-29 16:14:42] como faz?
[2016-05-29 16:15:05] Não acho tão bruto encaminha os arquivos para cá, afinal, o Telegram armazena os dados na nuvem...
[2016-05-29 16:15:28] Eu tinha já a maioria salvo na galeria
[2016-05-29 16:15:49] Acho que encaminhar tb funciona do mesmo jeito
[2016-05-29 16:16:18] Falta o bot aqui
[2016-05-29 16:16:18] Hehe
[2016-05-29 16:16:48] Se ninguém se opuser, dentro de 10 minutos vou fazer outro floods daqueles com o resto das fotos de um dos grupos antigos pode ser?
[2016-05-29 16:17:00] pode fazer
[2016-05-29 16:17:05] precisamos do bot aki
[2016-05-29 16:17:09] ele é divertido, kkkk
[2016-05-29 16:17:23] quem tinha colocado o bot no outro grupo?
[2016-05-29 16:17:24] Felipe "Juca" Sanches added Aurium's Bot
[2016-05-29 16:17:42] #voltabot ! hahaha
[2016-05-29 16:17:43] Rá!
[2016-05-29 16:17:55] Olá Bot!
[2016-05-29 16:18:05] Bem vindo bot
[2016-05-29 16:18:07] kkk
[2016-05-29 16:18:50] ok... peço muita calma a todos... lá vem a próxima onda de fotos...
[2016-05-29 16:21:02] Foi! Segunda leva de fotos, completando o backup de fotos do "Garoando na Terra dá Hacking! 😃"
[2016-05-29 16:21:02] photo: /home/felipe/devel/github_tvdstaaij/telegram-history-dump/output/media/Garoa_Hacker_Clube_(Público)/download_702218834_94817.jpg
[2016-05-29 16:21:02] photo: /home/felipe/devel/github_tvdstaaij/telegram-history-dump/output/media/Garoa_Hacker_Clube_(Público)/download_803703018_9387.jpg
[2016-05-29 16:21:02] photo: /home/felipe/devel/github_tvdstaaij/telegram-history-dump/output/media/Garoa_Hacker_Clube_(Público)/download_702228610_111637.jpg
[2016-05-29 16:21:02] photo: /home/felipe/devel/github_tvdstaaij/telegram-history-dump/output/media/Garoa_Hacker_Clube_(Público)/download_803703502_9155.jpg
[2016-05-29 16:21:02] photo: /home/felipe/devel/github_tvdstaaij/telegram-history-dump/output/media/Garoa_Hacker_Clube_(Público)/download_803717094_9643.jpg
[2016-05-29 16:21:02] photo: /home/felipe/devel/github_tvdstaaij/telegram-history-dump/output/media/Garoa_Hacker_Clube_(Público)/download_803707761_9490.jpg
[2016-05-29 16:21:02] photo
[2016-05-29 16:21:02] photo
[2016-05-29 16:21:03] photo: /home/felipe/devel/github_tvdstaaij/telegram-history-dump/output/media/Garoa_Hacker_Clube_(Público)/download_802332846_62612.jpg
[2016-05-29 16:21:03] photo: /home/felipe/devel/github_tvdstaaij/telegram-history-dump/output/media/Garoa_Hacker_Clube_(Público)/download_802232247_62256.jpg
[2016-05-29 16:21:03] photo: /home/felipe/devel/github_tvdstaaij/telegram-history-dump/output/media/Garoa_Hacker_Clube_(Público)/download_803705527_9438.jpg
[2016-05-29 16:21:03] photo: /home/felipe/devel/github_tvdstaaij/telegram-history-dump/output/media/Garoa_Hacker_Clube_(Público)/download_803716276_9322.jpg
[2016-05-29 16:21:03] photo: /home/felipe/devel/github_tvdstaaij/telegram-history-dump/output/media/Garoa_Hacker_Clube_(Público)/download_803711007_9913.jpg
[2016-05-29 16:21:03] photo: /home/felipe/devel/github_tvdstaaij/telegram-history-dump/output/media/Garoa_Hacker_Clube_(Público)/download_803712313_9459.jpg
[2016-05-29 16:21:03] photo: /home/felipe/devel/github_tvdstaaij/telegram-history-dump/output/media/Garoa_Hacker_Clube_(Público)/download_803711739_9879.jpg
[2016-05-29 16:21:03] photo: /home/felipe/devel/github_tvdstaaij/telegram-history-dump/output/media/Garoa_Hacker_Clube_(Público)/download_702222669_67984.jpg
[2016-05-29 16:21:03] photo: /home/felipe/devel/github_tvdstaaij/telegram-history-dump/output/media/Garoa_Hacker_Clube_(Público)/download_702424751_69536.jpg
[2016-05-29 16:21:03] photo: /home/felipe/devel/github_tvdstaaij/telegram-history-dump/output/media/Garoa_Hacker_Clube_(Público)/download_803718391_10435.jpg
[2016-05-29 16:21:03] photo: /home/felipe/devel/github_tvdstaaij/telegram-history-dump/output/media/Garoa_Hacker_Clube_(Público)/download_802332681_63645.jpg
[2016-05-29 16:21:03] photo: /home/felipe/devel/github_tvdstaaij/telegram-history-dump/output/media/Garoa_Hacker_Clube_(Público)/download_702415532_66232.jpg
[2016-05-29 16:21:03] photo: /home/felipe/devel/github_tvdstaaij/telegram-history-dump/output/media/Garoa_Hacker_Clube_(Público)/download_803705579_10882.jpg
[2016-05-29 16:21:03] photo: /home/felipe/devel/github_tvdstaaij/telegram-history-dump/output/media/Garoa_Hacker_Clube_(Público)/download_803703422_12060.jpg
[2016-05-29 16:21:03] photo: /home/felipe/devel/github_tvdstaaij/telegram-history-dump/output/media/Garoa_Hacker_Clube_(Público)/download_803701599_12800.jpg
[2016-05-29 16:21:03] photo: /home/felipe/devel/github_tvdstaaij/telegram-history-dump/output/media/Garoa_Hacker_Clube_(Público)/download_803712401_12973.jpg
[2016-05-29 16:21:03] photo: /home/felipe/devel/github_tvdstaaij/telegram-history-dump/output/media/Garoa_Hacker_Clube_(Público)/download_702222489_73386.jpg
[2016-05-29 16:21:03] photo: /home/felipe/devel/github_tvdstaaij/telegram-history-dump/output/media/Garoa_Hacker_Clube_(Público)/download_702222489_73386.jpg
[2016-05-29 16:21:03] photo: /home/felipe/devel/github_tvdstaaij/telegram-history-dump/output/media/Garoa_Hacker_Clube_(Público)/download_802207634_68327.jpg
[2016-05-29 16:21:03] photo: /home/felipe/devel/github_tvdstaaij/telegram-history-dump/output/media/Garoa_Hacker_Clube_(Público)/download_702222858_75857.jpg
[2016-05-29 16:21:03] photo: /home/felipe/devel/github_tvdstaaij/telegram-history-dump/output/media/Garoa_Hacker_Clube_(Público)/download_802610015_69342.jpg
[2016-05-29 16:21:03] photo: /home/felipe/devel/github_tvdstaaij/telegram-history-dump/output/media/Garoa_Hacker_Clube_(Público)/download_802208820_72285.jpg
[2016-05-29 16:21:03] photo: /home/felipe/devel/github_tvdstaaij/telegram-history-dump/output/media/Garoa_Hacker_Clube_(Público)/download_803707748_17649.jpg
[2016-05-29 16:21:03] photo: /home/felipe/devel/github_tvdstaaij/telegram-history-dump/output/media/Garoa_Hacker_Clube_(Público)/download_803721286_17703.jpg
[2016-05-29 16:21:04] photo: /home/felipe/devel/github_tvdstaaij/telegram-history-dump/output/media/Garoa_Hacker_Clube_(Público)/download_702424331_77541.jpg
[2016-05-29 16:21:04] photo: /home/felipe/devel/github_tvdstaaij/telegram-history-dump/output/media/Garoa_Hacker_Clube_(Público)/download_702222528_80201.jpg
[2016-05-29 16:21:04] photo: /home/felipe/devel/github_tvdstaaij/telegram-history-dump/output/media/Garoa_Hacker_Clube_(Público)/download_803716480_21911.jpg
[2016-05-29 16:21:04] photo: /home/felipe/devel/github_tvdstaaij/telegram-history-dump/output/media/Garoa_Hacker_Clube_(Público)/download_802609784_75287.jpg
[2016-05-29 16:21:04] photo: /home/felipe/devel/github_tvdstaaij/telegram-history-dump/output/media/Garoa_Hacker_Clube_(Público)/download_803705746_21876.jpg
[2016-05-29 16:21:04] photo: /home/felipe/devel/github_tvdstaaij/telegram-history-dump/output/media/Garoa_Hacker_Clube_(Público)/download_802208358_76505.jpg
[2016-05-29 16:21:04] photo: /home/felipe/devel/github_tvdstaaij/telegram-history-dump/output/media/Garoa_Hacker_Clube_(Público)/download_803718409_23207.jpg
[2016-05-29 16:21:04] photo: /home/felipe/devel/github_tvdstaaij/telegram-history-dump/output/media/Garoa_Hacker_Clube_(Público)/download_702228881_125436.jpg
[2016-05-29 16:21:04] photo: /home/felipe/devel/github_tvdstaaij/telegram-history-dump/output/media/Garoa_Hacker_Clube_(Público)/download_803703500_22988.jpg
[2016-05-29 16:21:04] photo: /home/felipe/devel/github_tvdstaaij/telegram-history-dump/output/media/Garoa_Hacker_Clube_(Público)/download_802132544_77726.jpg
[2016-05-29 16:21:04] photo: /home/felipe/devel/github_tvdstaaij/telegram-history-dump/output/media/Garoa_Hacker_Clube_(Público)/download_802332010_77837.jpg
[2016-05-29 16:21:04] photo: /home/felipe/devel/github_tvdstaaij/telegram-history-dump/output/media/Garoa_Hacker_Clube_(Público)/download_803717965_24771.jpg
[2016-05-29 16:21:04] photo: /home/felipe/devel/github_tvdstaaij/telegram-history-dump/output/media/Garoa_Hacker_Clube_(Público)/download_702223685_84807.jpg
[2016-05-29 16:21:04] photo: /home/felipe/devel/github_tvdstaaij/telegram-history-dump/output/media/Garoa_Hacker_Clube_(Público)/download_803703610_25113.jpg
[2016-05-29 16:21:04] photo: /home/felipe/devel/github_tvdstaaij/telegram-history-dump/output/media/Garoa_Hacker_Clube_(Público)/download_702415565_81041.jpg
[2016-05-29 16:21:04] photo: /home/felipe/devel/github_tvdstaaij/telegram-history-dump/output/media/Garoa_Hacker_Clube_(Público)/download_702218071_111399.jpg
[2016-05-29 16:21:04] photo: /home/felipe/devel/github_tvdstaaij/telegram-history-dump/output/media/Garoa_Hacker_Clube_(Público)/download_803718556_26954.jpg
[2016-05-29 16:21:04] photo: /home/felipe/devel/github_tvdstaaij/telegram-history-dump/output/media/Garoa_Hacker_Clube_(Público)/download_803716165_26812.jpg
[2016-05-29 16:21:04] photo: /home/felipe/devel/github_tvdstaaij/telegram-history-dump/output/media/Garoa_Hacker_Clube_(Público)/download_702415443_83179.jpg
[2016-05-29 16:21:04] photo: /home/felipe/devel/github_tvdstaaij/telegram-history-dump/output/media/Garoa_Hacker_Clube_(Público)/download_702218682_114063.jpg
[2016-05-29 16:21:04] photo: /home/felipe/devel/github_tvdstaaij/telegram-history-dump/output/media/Garoa_Hacker_Clube_(Público)/download_702222666_87429.jpg
[2016-05-29 16:21:04] photo: /home/felipe/devel/github_tvdstaaij/telegram-history-dump/output/media/Garoa_Hacker_Clube_(Público)/download_802207301_88388.jpg
[2016-05-29 16:21:04] photo: /home/felipe/devel/github_tvdstaaij/telegram-history-dump/output/media/Garoa_Hacker_Clube_(Público)/download_803716787_34086.jpg
[2016-05-29 16:21:04] photo: /home/felipe/devel/github_tvdstaaij/telegram-history-dump/output/media/Garoa_Hacker_Clube_(Público)/download_803711088_34536.jpg
[2016-05-29 16:21:05] photo: /home/felipe/devel/github_tvdstaaij/telegram-history-dump/output/media/Garoa_Hacker_Clube_(Público)/download_802207381_89785.jpg
[2016-05-29 16:21:05] photo: /home/felipe/devel/github_tvdstaaij/telegram-history-dump/output/media/Garoa_Hacker_Clube_(Público)/download_803703378_35946.jpg
[2016-05-29 16:21:05] photo: /home/felipe/devel/github_tvdstaaij/telegram-history-dump/output/media/Garoa_Hacker_Clube_(Público)/download_803721765_36422.jpg
[2016-05-29 16:21:05] photo: /home/felipe/devel/github_tvdstaaij/telegram-history-dump/output/media/Garoa_Hacker_Clube_(Público)/download_702415166_92495.jpg
[2016-05-29 16:21:05] photo: /home/felipe/devel/github_tvdstaaij/telegram-history-dump/output/media/Garoa_Hacker_Clube_(Público)/download_802232337_88460.jpg
[2016-05-29 16:21:05] photo: /home/felipe/devel/github_tvdstaaij/telegram-history-dump/output/media/Garoa_Hacker_Clube_(Público)/download_803726886_1430.jpg
[2016-05-29 16:21:05] photo: /home/felipe/devel/github_tvdstaaij/telegram-history-dump/output/media/Garoa_Hacker_Clube_(Público)/download_803730462_2497.jpg
[2016-05-29 16:21:05] photo: /home/felipe/devel/github_tvdstaaij/telegram-history-dump/output/media/Garoa_Hacker_Clube_(Público)/download_802610202_93793.jpg
[2016-05-29 16:21:05] photo: /home/felipe/devel/github_tvdstaaij/telegram-history-dump/output/media/Garoa_Hacker_Clube_(Público)/download_803705203_40795.jpg
[2016-05-29 16:21:05] photo: /home/felipe/devel/github_tvdstaaij/telegram-history-dump/output/media/Garoa_Hacker_Clube_(Público)/download_802332177_93057.jpg
[2016-05-29 16:21:05] photo: /home/felipe/devel/github_tvdstaaij/telegram-history-dump/output/media/Garoa_Hacker_Clube_(Público)/download_803721449_40616.jpg
[2016-05-29 16:21:05] photo: /home/felipe/devel/github_tvdstaaij/telegram-history-dump/output/media/Garoa_Hacker_Clube_(Público)/download_803707152_39729.jpg
[2016-05-29 16:21:05] photo: /home/felipe/devel/github_tvdstaaij/telegram-history-dump/output/media/Garoa_Hacker_Clube_(Público)/download_803717848_39667.jpg
[2016-05-29 16:21:05] photo: /home/felipe/devel/github_tvdstaaij/telegram-history-dump/output/media/Garoa_Hacker_Clube_(Público)/download_702218262_73160.jpg
[2016-05-29 16:21:05] photo: /home/felipe/devel/github_tvdstaaij/telegram-history-dump/output/media/Garoa_Hacker_Clube_(Público)/download_803716350_40892.jpg
[2016-05-29 16:21:05] photo: /home/felipe/devel/github_tvdstaaij/telegram-history-dump/output/media/Garoa_Hacker_Clube_(Público)/download_803726503_3596.jpg
[2016-05-29 16:21:05] photo: /home/felipe/devel/github_tvdstaaij/telegram-history-dump/output/media/Garoa_Hacker_Clube_(Público)/download_702228917_89112.jpg
[2016-05-29 16:21:05] photo: /home/felipe/devel/github_tvdstaaij/telegram-history-dump/output/media/Garoa_Hacker_Clube_(Público)/download_702415797_96139.jpg
[2016-05-29 16:21:17] pronto... não doeu, né?
[2016-05-29 16:22:44] fotos do outro grupo
[2016-05-29 16:22:44] photo: /home/felipe/devel/github_tvdstaaij/telegram-history-dump/output/media/Garoa_Hacker_Clube_(Público)/download_702223177_44806.jpg
[2016-05-29 16:22:44] photo: /home/felipe/devel/github_tvdstaaij/telegram-history-dump/output/media/Garoa_Hacker_Clube_(Público)/download_702425041_90320.jpg
[2016-05-29 16:22:44] photo: /home/felipe/devel/github_tvdstaaij/telegram-history-dump/output/media/Garoa_Hacker_Clube_(Público)/download_702222980_45050.jpg
[2016-05-29 16:22:44] photo: /home/felipe/devel/github_tvdstaaij/telegram-history-dump/output/media/Garoa_Hacker_Clube_(Público)/download_702223153_44014.jpg
[2016-05-29 16:22:45] photo: /home/felipe/devel/github_tvdstaaij/telegram-history-dump/output/media/Garoa_Hacker_Clube_(Público)/download_702428292_45152.jpg
[2016-05-29 16:22:45] photo: /home/felipe/devel/github_tvdstaaij/telegram-history-dump/output/media/Garoa_Hacker_Clube_(Público)/download_702220668_101731.jpg
[2016-05-29 16:22:45] photo: /home/felipe/devel/github_tvdstaaij/telegram-history-dump/output/media/Garoa_Hacker_Clube_(Público)/download_702228410_88994.jpg
[2016-05-29 16:22:45] photo: /home/felipe/devel/github_tvdstaaij/telegram-history-dump/output/media/Garoa_Hacker_Clube_(Público)/download_802610854_40062.jpg
[2016-05-29 16:22:45] photo: /home/felipe/devel/github_tvdstaaij/telegram-history-dump/output/media/Garoa_Hacker_Clube_(Público)/download_802332277_41746.jpg
[2016-05-29 16:22:45] photo: /home/felipe/devel/github_tvdstaaij/telegram-history-dump/output/media/Garoa_Hacker_Clube_(Público)/download_802208439_42649.jpg
[2016-05-29 16:22:45] photo: /home/felipe/devel/github_tvdstaaij/telegram-history-dump/output/media/Garoa_Hacker_Clube_(Público)/download_702219150_75927.jpg
[2016-05-29 16:22:45] photo: /home/felipe/devel/github_tvdstaaij/telegram-history-dump/output/media/Garoa_Hacker_Clube_(Público)/download_713314527_78284.jpg
[2016-05-29 16:22:45] photo: /home/felipe/devel/github_tvdstaaij/telegram-history-dump/output/media/Garoa_Hacker_Clube_(Público)/download_802609470_43685.jpg
[2016-05-29 16:22:45] photo: /home/felipe/devel/github_tvdstaaij/telegram-history-dump/output/media/Garoa_Hacker_Clube_(Público)/download_802132830_43717.jpg
[2016-05-29 16:22:45] photo: /home/felipe/devel/github_tvdstaaij/telegram-history-dump/output/media/Garoa_Hacker_Clube_(Público)/download_802207133_46065.jpg
[2016-05-29 16:22:45] photo: /home/felipe/devel/github_tvdstaaij/telegram-history-dump/output/media/Garoa_Hacker_Clube_(Público)/download_702429017_92982.jpg
[2016-05-29 16:22:45] photo: /home/felipe/devel/github_tvdstaaij/telegram-history-dump/output/media/Garoa_Hacker_Clube_(Público)/download_702222992_49944.jpg
[2016-05-29 16:22:45] photo: /home/felipe/devel/github_tvdstaaij/telegram-history-dump/output/media/Garoa_Hacker_Clube_(Público)/download_702415809_46643.jpg
[2016-05-29 16:22:45] photo: /home/felipe/devel/github_tvdstaaij/telegram-history-dump/output/media/Garoa_Hacker_Clube_(Público)/download_702218884_79877.jpg
[2016-05-29 16:22:45] photo: /home/felipe/devel/github_tvdstaaij/telegram-history-dump/output/media/Garoa_Hacker_Clube_(Público)/download_702220210_109546.jpg
[2016-05-29 16:22:45] photo: /home/felipe/devel/github_tvdstaaij/telegram-history-dump/output/media/Garoa_Hacker_Clube_(Público)/download_802208237_47871.jpg
[2016-05-29 16:22:45] photo: /home/felipe/devel/github_tvdstaaij/telegram-history-dump/output/media/Garoa_Hacker_Clube_(Público)/download_702218212_79952.jpg
[2016-05-29 16:22:45] photo: /home/felipe/devel/github_tvdstaaij/telegram-history-dump/output/media/Garoa_Hacker_Clube_(Público)/download_802208140_47269.jpg
[2016-05-29 16:22:45] photo: /home/felipe/devel/github_tvdstaaij/telegram-history-dump/output/media/Garoa_Hacker_Clube_(Público)/download_802610988_51634.jpg
[2016-05-29 16:22:45] photo: /home/felipe/devel/github_tvdstaaij/telegram-history-dump/output/media/Garoa_Hacker_Clube_(Público)/download_702231090_104537.jpg
[2016-05-29 16:22:45] photo: /home/felipe/devel/github_tvdstaaij/telegram-history-dump/output/media/Garoa_Hacker_Clube_(Público)/download_702222193_57849.jpg
[2016-05-29 16:22:45] photo: /home/felipe/devel/github_tvdstaaij/telegram-history-dump/output/media/Garoa_Hacker_Clube_(Público)/download_702415699_53573.jpg
[2016-05-29 16:22:45] photo: /home/felipe/devel/github_tvdstaaij/telegram-history-dump/output/media/Garoa_Hacker_Clube_(Público)/download_702228773_101190.jpg
[2016-05-29 16:22:45] photo: /home/felipe/devel/github_tvdstaaij/telegram-history-dump/output/media/Garoa_Hacker_Clube_(Público)/download_802609491_52244.jpg
[2016-05-29 16:22:46] photo: /home/felipe/devel/github_tvdstaaij/telegram-history-dump/output/media/Garoa_Hacker_Clube_(Público)/download_802332408_53629.jpg
[2016-05-29 16:22:46] photo: /home/felipe/devel/github_tvdstaaij/telegram-history-dump/output/media/Garoa_Hacker_Clube_(Público)/download_702424981_60235.jpg
[2016-05-29 16:22:46] photo: /home/felipe/devel/github_tvdstaaij/telegram-history-dump/output/media/Garoa_Hacker_Clube_(Público)/download_802207399_54347.jpg
[2016-05-29 16:22:46] photo: /home/felipe/devel/github_tvdstaaij/telegram-history-dump/output/media/Garoa_Hacker_Clube_(Público)/download_702428973_58072.jpg
[2016-05-29 16:22:46] photo: /home/felipe/devel/github_tvdstaaij/telegram-history-dump/output/media/Garoa_Hacker_Clube_(Público)/download_803712473_639.jpg
[2016-05-29 16:22:46] photo: /home/felipe/devel/github_tvdstaaij/telegram-history-dump/output/media/Garoa_Hacker_Clube_(Público)/download_803716867_8931.jpg
[2016-05-29 16:22:46] photo: /home/felipe/devel/github_tvdstaaij/telegram-history-dump/output/media/Garoa_Hacker_Clube_(Público)/download_803711181_2087.jpg
[2016-05-29 16:22:46] photo: /home/felipe/devel/github_tvdstaaij/telegram-history-dump/output/media/Garoa_Hacker_Clube_(Público)/download_803716290_12041.jpg
[2016-05-29 16:22:46] photo: /home/felipe/devel/github_tvdstaaij/telegram-history-dump/output/media/Garoa_Hacker_Clube_(Público)/download_803717858_10642.jpg
[2016-05-29 16:22:46] photo: /home/felipe/devel/github_tvdstaaij/telegram-history-dump/output/media/Garoa_Hacker_Clube_(Público)/download_702218594_96761.jpg
[2016-05-29 16:22:46] photo: /home/felipe/devel/github_tvdstaaij/telegram-history-dump/output/media/Garoa_Hacker_Clube_(Público)/download_802208281_68165.jpg
[2016-05-29 16:22:46] photo: /home/felipe/devel/github_tvdstaaij/telegram-history-dump/output/media/Garoa_Hacker_Clube_(Público)/download_702218961_100160.jpg
[2016-05-29 16:22:46] photo: /home/felipe/devel/github_tvdstaaij/telegram-history-dump/output/media/Garoa_Hacker_Clube_(Público)/download_702219374_99688.jpg
[2016-05-29 16:22:46] photo: /home/felipe/devel/github_tvdstaaij/telegram-history-dump/output/media/Garoa_Hacker_Clube_(Público)/download_702228874_115092.jpg
[2016-05-29 16:22:46] photo: /home/felipe/devel/github_tvdstaaij/telegram-history-dump/output/media/Garoa_Hacker_Clube_(Público)/download_803705438_13751.jpg
[2016-05-29 16:22:46] photo: /home/felipe/devel/github_tvdstaaij/telegram-history-dump/output/media/Garoa_Hacker_Clube_(Público)/download_702228808_115515.jpg
[2016-05-29 16:22:46] photo: /home/felipe/devel/github_tvdstaaij/telegram-history-dump/output/media/Garoa_Hacker_Clube_(Público)/download_802208592_66517.jpg
[2016-05-29 16:22:46] photo: /home/felipe/devel/github_tvdstaaij/telegram-history-dump/output/media/Garoa_Hacker_Clube_(Público)/download_802207757_68122.jpg
[2016-05-29 16:22:46] photo: /home/felipe/devel/github_tvdstaaij/telegram-history-dump/output/media/Garoa_Hacker_Clube_(Público)/download_803717115_13634.jpg
[2016-05-29 16:22:46] photo: /home/felipe/devel/github_tvdstaaij/telegram-history-dump/output/media/Garoa_Hacker_Clube_(Público)/download_803716803_14120.jpg
[2016-05-29 16:22:46] photo: /home/felipe/devel/github_tvdstaaij/telegram-history-dump/output/media/Garoa_Hacker_Clube_(Público)/download_803712300_13740.jpg
[2016-05-29 16:22:46] photo: /home/felipe/devel/github_tvdstaaij/telegram-history-dump/output/media/Garoa_Hacker_Clube_(Público)/download_803718159_14057.jpg
[2016-05-29 16:22:46] photo: /home/felipe/devel/github_tvdstaaij/telegram-history-dump/output/media/Garoa_Hacker_Clube_(Público)/download_702222282_72166.jpg
[2016-05-29 16:22:46] photo: /home/felipe/devel/github_tvdstaaij/telegram-history-dump/output/media/Garoa_Hacker_Clube_(Público)/download_803711421_22889.jpg
[2016-05-29 16:22:46] photo: /home/felipe/devel/github_tvdstaaij/telegram-history-dump/output/media/Garoa_Hacker_Clube_(Público)/download_803711546_14506.jpg
[2016-05-29 16:22:47] photo: /home/felipe/devel/github_tvdstaaij/telegram-history-dump/output/media/Garoa_Hacker_Clube_(Público)/download_802132001_75899.jpg
[2016-05-29 16:22:47] photo: /home/felipe/devel/github_tvdstaaij/telegram-history-dump/output/media/Garoa_Hacker_Clube_(Público)/download_803721338_18187.jpg
[2016-05-29 16:22:47] photo: /home/felipe/devel/github_tvdstaaij/telegram-history-dump/output/media/Garoa_Hacker_Clube_(Público)/download_702415201_82638.jpg
[2016-05-29 16:22:47] photo: /home/felipe/devel/github_tvdstaaij/telegram-history-dump/output/media/Garoa_Hacker_Clube_(Público)/download_803707273_23207.jpg
[2016-05-29 16:22:47] photo: /home/felipe/devel/github_tvdstaaij/telegram-history-dump/output/media/Garoa_Hacker_Clube_(Público)/download_802232309_76426.jpg
[2016-05-29 16:22:47] photo: /home/felipe/devel/github_tvdstaaij/telegram-history-dump/output/media/Garoa_Hacker_Clube_(Público)/download_803703375_23039.jpg
[2016-05-29 16:22:47] photo: /home/felipe/devel/github_tvdstaaij/telegram-history-dump/output/media/Garoa_Hacker_Clube_(Público)/download_702218194_108624.jpg
[2016-05-29 16:22:47] photo: /home/felipe/devel/github_tvdstaaij/telegram-history-dump/output/media/Garoa_Hacker_Clube_(Público)/download_803707997_24801.jpg
[2016-05-29 16:22:47] photo: /home/felipe/devel/github_tvdstaaij/telegram-history-dump/output/media/Garoa_Hacker_Clube_(Público)/download_802332733_77929.jpg
[2016-05-29 16:22:47] photo: /home/felipe/devel/github_tvdstaaij/telegram-history-dump/output/media/Garoa_Hacker_Clube_(Público)/download_802207633_82487.jpg
[2016-05-29 16:22:47] photo: /home/felipe/devel/github_tvdstaaij/telegram-history-dump/output/media/Garoa_Hacker_Clube_(Público)/download_803718699_25698.jpg
[2016-05-29 16:22:47] photo: /home/felipe/devel/github_tvdstaaij/telegram-history-dump/output/media/Garoa_Hacker_Clube_(Público)/download_803718306_27310.jpg
[2016-05-29 16:22:47] photo: /home/felipe/devel/github_tvdstaaij/telegram-history-dump/output/media/Garoa_Hacker_Clube_(Público)/download_803718694_28487.jpg
[2016-05-29 16:22:47] photo: /home/felipe/devel/github_tvdstaaij/telegram-history-dump/output/media/Garoa_Hacker_Clube_(Público)/download_802132202_81633.jpg
[2016-05-29 16:22:47] photo: /home/felipe/devel/github_tvdstaaij/telegram-history-dump/output/media/Garoa_Hacker_Clube_(Público)/download_802207847_82577.jpg
[2016-05-29 16:22:47] photo: /home/felipe/devel/github_tvdstaaij/telegram-history-dump/output/media/Garoa_Hacker_Clube_(Público)/download_803705026_27648.jpg
[2016-05-29 16:22:47] photo: /home/felipe/devel/github_tvdstaaij/telegram-history-dump/output/media/Garoa_Hacker_Clube_(Público)/download_803716966_29345.jpg
[2016-05-29 16:22:47] photo: /home/felipe/devel/github_tvdstaaij/telegram-history-dump/output/media/Garoa_Hacker_Clube_(Público)/download_803712520_34509.jpg
[2016-05-29 16:22:47] photo: /home/felipe/devel/github_tvdstaaij/telegram-history-dump/output/media/Garoa_Hacker_Clube_(Público)/download_702428786_92709.jpg
[2016-05-29 16:22:47] photo: /home/felipe/devel/github_tvdstaaij/telegram-history-dump/output/media/Garoa_Hacker_Clube_(Público)/download_803701880_34293.jpg
[2016-05-29 16:22:47] photo: /home/felipe/devel/github_tvdstaaij/telegram-history-dump/output/media/Garoa_Hacker_Clube_(Público)/download_803718146_34445.jpg
[2016-05-29 16:22:47] photo: /home/felipe/devel/github_tvdstaaij/telegram-history-dump/output/media/Garoa_Hacker_Clube_(Público)/download_702222255_93090.jpg
[2016-05-29 16:22:47] photo: /home/felipe/devel/github_tvdstaaij/telegram-history-dump/output/media/Garoa_Hacker_Clube_(Público)/download_702218200_119908.jpg
[2016-05-29 16:22:47] photo: /home/felipe/devel/github_tvdstaaij/telegram-history-dump/output/media/Garoa_Hacker_Clube_(Público)/download_803721508_34687.jpg
[2016-05-29 16:22:47] photo: /home/felipe/devel/github_tvdstaaij/telegram-history-dump/output/media/Garoa_Hacker_Clube_(Público)/download_802609249_87584.jpg
[2016-05-29 16:22:48] photo: /home/felipe/devel/github_tvdstaaij/telegram-history-dump/output/media/Garoa_Hacker_Clube_(Público)/download_802132092_87498.jpg
[2016-05-29 16:22:48] photo: /home/felipe/devel/github_tvdstaaij/telegram-history-dump/output/media/Garoa_Hacker_Clube_(Público)/download_802132914_89819.jpg
[2016-05-29 16:22:48] photo: /home/felipe/devel/github_tvdstaaij/telegram-history-dump/output/media/Garoa_Hacker_Clube_(Público)/download_802207871_89559.jpg
[2016-05-29 16:22:48] photo: /home/felipe/devel/github_tvdstaaij/telegram-history-dump/output/media/Garoa_Hacker_Clube_(Público)/download_803717386_36161.jpg
[2016-05-29 16:22:48] photo: /home/felipe/devel/github_tvdstaaij/telegram-history-dump/output/media/Garoa_Hacker_Clube_(Público)/download_702424661_97035.jpg
[2016-05-29 16:22:48] photo: /home/felipe/devel/github_tvdstaaij/telegram-history-dump/output/media/Garoa_Hacker_Clube_(Público)/download_803717811_36686.jpg
[2016-05-29 16:22:48] photo: /home/felipe/devel/github_tvdstaaij/telegram-history-dump/output/media/Garoa_Hacker_Clube_(Público)/download_803712611_37178.jpg
[2016-05-29 16:22:48] photo: /home/felipe/devel/github_tvdstaaij/telegram-history-dump/output/media/Garoa_Hacker_Clube_(Público)/download_702415134_92987.jpg
[2016-05-29 16:22:48] photo: /home/felipe/devel/github_tvdstaaij/telegram-history-dump/output/media/Garoa_Hacker_Clube_(Público)/download_803711691_37064.jpg
[2016-05-29 16:22:48] photo: /home/felipe/devel/github_tvdstaaij/telegram-history-dump/output/media/Garoa_Hacker_Clube_(Público)/download_803726711_1465.jpg
[2016-05-29 16:22:48] photo: /home/felipe/devel/github_tvdstaaij/telegram-history-dump/output/media/Garoa_Hacker_Clube_(Público)/download_802208305_93862.jpg
[2016-05-29 16:22:48] photo: /home/felipe/devel/github_tvdstaaij/telegram-history-dump/output/media/Garoa_Hacker_Clube_(Público)/download_802609249_92143.jpg
[2016-05-29 16:22:48] photo: /home/felipe/devel/github_tvdstaaij/telegram-history-dump/output/media/Garoa_Hacker_Clube_(Público)/download_803705814_39303.jpg
[2016-05-29 16:22:48] photo: /home/felipe/devel/github_tvdstaaij/telegram-history-dump/output/media/Garoa_Hacker_Clube_(Público)/download_802132100_92739.jpg
[2016-05-29 16:22:48] photo: /home/felipe/devel/github_tvdstaaij/telegram-history-dump/output/media/Garoa_Hacker_Clube_(Público)/download_803707008_39162.jpg
[2016-05-29 16:22:48] photo: /home/felipe/devel/github_tvdstaaij/telegram-history-dump/output/media/Garoa_Hacker_Clube_(Público)/download_802609025_91828.jpg
[2016-05-29 16:22:48] photo: /home/felipe/devel/github_tvdstaaij/telegram-history-dump/output/media/Garoa_Hacker_Clube_(Público)/download_803717233_41507.jpg
[2016-05-29 16:22:48] photo: /home/felipe/devel/github_tvdstaaij/telegram-history-dump/output/media/Garoa_Hacker_Clube_(Público)/download_803716835_40944.jpg
[2016-05-29 16:22:48] photo: /home/felipe/devel/github_tvdstaaij/telegram-history-dump/output/media/Garoa_Hacker_Clube_(Público)/download_702228833_74622.jpg
[2016-05-29 16:22:48] photo: /home/felipe/devel/github_tvdstaaij/telegram-history-dump/output/media/Garoa_Hacker_Clube_(Público)/download_702415797_96139.jpg
[2016-05-29 16:22:48] photo: /home/felipe/devel/github_tvdstaaij/telegram-history-dump/output/media/Garoa_Hacker_Clube_(Público)/download_702223098_32736.jpg
[2016-05-29 16:23:33] e o resto. Pronto. Acabou o backup 😊
[2016-05-29 16:23:33] photo: /home/felipe/devel/github_tvdstaaij/telegram-history-dump/output/media/Garoa_Hacker_Clube_(Público)/download_702219229_63242.jpg
[2016-05-29 16:23:34] photo: /home/felipe/devel/github_tvdstaaij/telegram-history-dump/output/media/Garoa_Hacker_Clube_(Público)/download_802207300_26888.jpg
[2016-05-29 16:23:34] photo: /home/felipe/devel/github_tvdstaaij/telegram-history-dump/output/media/Garoa_Hacker_Clube_(Público)/download_802232534_28661.jpg
[2016-05-29 16:23:34] photo: /home/felipe/devel/github_tvdstaaij/telegram-history-dump/output/media/Garoa_Hacker_Clube_(Público)/download_802610448_30951.jpg
[2016-05-29 16:23:34] photo: /home/felipe/devel/github_tvdstaaij/telegram-history-dump/output/media/Garoa_Hacker_Clube_(Público)/download_532531981418758148
[2016-05-29 16:23:34] photo: /home/felipe/devel/github_tvdstaaij/telegram-history-dump/output/media/Garoa_Hacker_Clube_(Público)/download_802207232_32088.jpg
[2016-05-29 16:23:34] photo: /home/felipe/devel/github_tvdstaaij/telegram-history-dump/output/media/Garoa_Hacker_Clube_(Público)/download_702428402_37266.jpg
[2016-05-29 16:23:34] photo: /home/felipe/devel/github_tvdstaaij/telegram-history-dump/output/media/Garoa_Hacker_Clube_(Público)/download_802232975_32316.jpg
[2016-05-29 16:23:34] photo: /home/felipe/devel/github_tvdstaaij/telegram-history-dump/output/media/Garoa_Hacker_Clube_(Público)/download_802208368_33753.jpg
[2016-05-29 16:23:34] photo: /home/felipe/devel/github_tvdstaaij/telegram-history-dump/output/media/Garoa_Hacker_Clube_(Público)/download_702415094_43104.jpg
[2016-05-29 16:23:34] photo: /home/felipe/devel/github_tvdstaaij/telegram-history-dump/output/media/Garoa_Hacker_Clube_(Público)/download_802232765_32471.jpg
[2016-05-29 16:23:34] photo: /home/felipe/devel/github_tvdstaaij/telegram-history-dump/output/media/Garoa_Hacker_Clube_(Público)/download_702429651_82163.jpg
[2016-05-29 16:23:34] photo: /home/felipe/devel/github_tvdstaaij/telegram-history-dump/output/media/Garoa_Hacker_Clube_(Público)/download_702228891_81363.jpg
[2016-05-29 16:23:34] photo: /home/felipe/devel/github_tvdstaaij/telegram-history-dump/output/media/Garoa_Hacker_Clube_(Público)/download_702428902_45157.jpg
[2016-05-29 16:23:34] photo: /home/felipe/devel/github_tvdstaaij/telegram-history-dump/output/media/Garoa_Hacker_Clube_(Público)/download_802609028_40287.jpg
[2016-05-29 16:23:34] photo: /home/felipe/devel/github_tvdstaaij/telegram-history-dump/output/media/Garoa_Hacker_Clube_(Público)/download_802132539_40669.jpg
[2016-05-29 16:23:34] photo
[2016-05-29 16:25:55] Tem várias fotos que não precisaríamos subir no wiki
[2016-05-29 16:26:19] pq foram meramente parte de alguma conversa, mas não são realmente interessantes pra quem visita o wiki do Garoa
[2016-05-29 16:26:38] por isso que acho que se formos subir fotos daqui no wiki teríamos que fazer uma seleção manual
[2016-05-29 16:26:48] enfim...
[2016-05-29 16:28:03] e a arquivação?
[2016-05-29 16:28:27] oi?
[2016-05-29 16:28:39] se é pra arquivar arquiva tudo
[2016-05-29 16:28:43] aqui acho volátil
[2016-05-29 16:28:48] é verdade
[2016-05-29 16:28:52] tmb acho
[2016-05-29 16:28:54] Oi, tudo bem?
[2016-05-29 16:29:00] oi, tudo, e vc?
[2016-05-29 16:29:07] tc de onde?
[2016-05-29 16:29:19] sp, sp e vc?
[2016-05-29 16:29:24] De Poá
[2016-05-29 16:29:40] tá rolando algo no Garoa hoje?
[2016-05-29 16:30:01] ou o povo já voltou pras respectivas casas?
[2016-05-29 16:30:29] tô em casa desde as 3 da manhã de hoje
[2016-05-29 16:30:58] vixe! Então já tá na hora de voltar pro respectivo hackerspace!
[2016-05-29 16:31:11] tá na hora de fazer trabalho da faculdade
[2016-05-29 16:31:19] ouch!
[2016-05-29 16:31:25] pelo menos é assembly!
[2016-05-29 16:31:38] quem ???? é java
[2016-05-29 16:31:41] OUCH!
[2016-05-29 16:36:13] Eu tô reabastecendo minha avó. Ela estava três dias sem ler.
[2016-05-29 16:46:15] Felipe "Juca" Sanches changed group photo
[2016-05-29 16:46:35] botei uma imagem um pouco diferente, pra diferenciar dos outros por enquanto
[2016-05-29 16:47:20] O guarda-chuva tava desalinhado com o círculo. Pensei em ajustar a posição, mas aí ia ficar idêntico ao do outro grupo.
[2016-05-29 16:47:55] mas pra frente a gente muda de novo...
[2016-05-29 16:50:45] Pessoal
[2016-05-29 16:50:56] Em vez de ficarem assistindo Faustão
[2016-05-29 16:51:04] Venham pro Garoa
[2016-05-29 16:51:08] Ta aberto
[2016-05-29 16:53:13] Felipe "Juca" Sanches changed group photo
[2016-05-29 16:54:06] permitam-me um pequeno ajuste nas cores...
[2016-05-29 16:54:14] Felipe "Juca" Sanches changed group photo
[2016-05-29 16:54:24] agora sim!
[2016-05-29 16:54:39] Widget funcionando :)
[2016-05-29 16:55:33] Eu sei eu que arrumei
[2016-05-29 16:55:38] Kkk
[2016-05-29 16:56:27] Me mandem seus macs pra eu colocar na lista de macs
[2016-05-29 16:56:39] Hehe
[2016-05-29 16:56:39] hehe...
[2016-05-29 16:56:42] Ai aparece o nome de qm ta so conectando na wifi daqui
[2016-05-29 16:56:52] eu não uso mac, uso linûx...
[2016-05-29 16:56:56] LOL
[2016-05-29 16:58:54] Lol
[2016-05-29 16:59:26] seria bom o avatar do grupo mudar com status do garoa
[2016-05-29 17:37:08] kd a galera do micropython?
[2016-05-29 17:47:37] Eu... aqui... está quase pronto o bot... só não sei se é possível alterar a imagem do grupo, mas ele deverá avisar toda vez que o status do Garoa for alterado...
[2016-05-29 17:51:04] haha, seria legal mesmo!
[2016-05-29 17:51:05] hehehehe!
[2016-05-29 17:53:56] ja serve
[2016-05-29 17:54:54] tinha um negócio que alguém tinha feito em pushbullet que avisava quando mudava
[2016-05-29 17:55:02] muuuuuuito tempo atrás
[2016-05-29 17:55:13] quando pushbullet era relevante
[2016-05-29 18:39:18] Foram deletados os grupos telegram anteriores? Ou ainda vamos deletar?
[2016-05-29 18:53:17] foideletado
[2016-05-29 18:58:47] Afonso Coutinho added Luiz J. Trainor
[2016-05-29 18:59:31] Podia pelo menos colocar o recurso de avisar que o Garoa está aberto ou não no Aurium
[2016-05-29 19:00:29] show me the code
[2016-05-29 19:00:30] Aqui Sanches: https://gitlab.com/raulhc/telegram-bot/blob/master/telegram-bot
[2016-05-29 19:05:14] document: /home/felipe/devel/github_tvdstaaij/telegram-history-dump/output/media/Garoa_Hacker_Clube_(Público)/download_6052948949860382.webp
[2016-05-29 19:05:22] quem tem a moral de fazer esse projeto pra fazermos pro garoa?
[2016-05-29 19:07:35] photo: /home/felipe/devel/github_tvdstaaij/telegram-history-dump/output/media/Garoa_Hacker_Clube_(Público)/download_421940963_83620.jpg
[2016-05-29 19:10:23] Mtem uma dessa e nao presta e nao eh MAKER
[2016-05-29 19:10:24] kkkk
[2016-05-29 19:10:27] Rá!
[2016-05-29 19:16:53] esse enedereco do gitlab tá 404
[2016-05-29 19:21:07] Que fofa... Queria que a minha estivesse entre nós pra eu jogar dominó com ela
[2016-05-29 19:21:41] Mas não é mais?
[2016-05-29 19:24:10] https://gitlab.com/raulhc/telegram-bot/tree/master/
[2016-05-29 19:25:09] Interessante, feito em CoffeeScript...
[2016-05-29 19:26:24] WTF?
[2016-05-29 19:28:06] Bot, mostre 2 notícias do feed Hackerspace Itinerante...
[2016-05-29 19:28:07] Vou buscar as 2 notícias em https://ohackerspacenapraca.wordpress.com/feed/
[2016-05-29 19:28:08] Hackerspace Itinerante — 25 de maio, 16:09 
1º Livraria dos FabLabs
[2016-05-29 19:28:09] Hackerspace Itinerante — 18 de abril, 10:00 
2º Hackerspace na Praça, 18 Abril 2015
[2016-05-29 20:01:01] Qual o algoritmo para ver as noticias. São sempre as mais atuais?
[2016-05-29 20:41:27] Acho que sim, dá uma olhada no código, ou pergunta pro @aurium, que desenvolveu o bot...
[2016-05-29 20:43:37] https://gitlab.com/raulhc/telegram-bot/blob/master/telegram-bot.coffee
[2016-05-29 20:47:41] photo: /home/felipe/devel/github_tvdstaaij/telegram-history-dump/output/media/Garoa_Hacker_Clube_(Público)/download_532579372087903035.mp4
[2016-05-29 20:48:18] @tilt4 😂😂😂😂😂
[2016-05-29 21:06:13] Kkkk
[2016-05-29 21:06:13] Rá!
[2016-05-29 21:44:39] O bot que estou preparando fará isso... o @AuriumBot foi preparado para o Raul Hacker Club...
[2016-05-29 21:44:42] Bot, tem gente no RaulHC?
[2016-05-29 21:44:44] Parece que não tem gente no RaulHC agora.
[2016-05-29 21:50:15] Galera teve hamburger hoje aqui
[2016-05-29 21:50:25] e arrumei a cozinha
[2016-05-29 21:50:28] ta brilhando
[2016-05-29 21:50:57] se alguem me chamar de bagunceiro de novo fala pra me falar pessoalmente #polemica
[2016-05-29 21:51:07] document: /home/felipe/devel/github_tvdstaaij/telegram-history-dump/output/media/Garoa_Hacker_Clube_(Público)/download_248346008465965454.webp
[2016-05-29 21:53:09] O Luiz lavou a louça
[2016-05-29 21:53:18] e disse que tava tudo entupido de legumes
[2016-05-29 21:53:28] tive que usar a dremel pra desentupir
[2016-05-29 23:59:15] Fico feliz que o Luiz tenha voltado pro Garoa.
