[2018-03-30 00:05:33] Quando e onde é?
[2018-03-30 00:07:15] esse fds
[2018-03-30 00:08:11] o/
[2018-03-30 00:08:47] document: /home/felipe/devel/github_garoa/Telegram_logs_Garoa_Hacker_Clube_Publico/media/Garoa_Hacker_Clube_(Público)/download_819308193313194101.webp
[2018-03-30 05:51:36] Eu também, só que vou chegar um pouco mais tarde hoje, porque não consegui dormir muito bem...
[2018-03-30 07:54:27] 🤚
[2018-03-30 10:47:10] Amanhã vou abrir o Garoa às 10h https://garoa.net.br/wiki/International_Open_Day_2018
[2018-03-30 11:32:41] Galera,

O e-book do meu amigo Renato Cambraia estará gratuito hoje na Amazon:
https://www.amazon.com.br/dp/B0763V9GMM
[2018-03-30 12:25:07] Nem sei se vou mas já contribuí. Estou viciada em camisetas de evento xD
[2018-03-30 12:26:02] Pessoal, eu vou para o roadsec brasilia... queria levar uns adesivos do garoa para meus amigos de lá
[2018-03-30 12:43:14] Legal
[2018-03-30 12:44:01] Quero
[2018-03-30 12:46:32] Pessoal comprei um raspberry pi 3 e queria imprimir um case. Como faz pra usar a impressora?
[2018-03-30 13:05:23] Não sei como faz, mas qual case tu quer imprimir?
[2018-03-30 13:10:43] Quero imprimir um que projetei
[2018-03-30 13:11:19] Hm. Depois manda
[2018-03-30 13:16:24] Pra vc?
[2018-03-30 13:20:23] Sim, por favor. Queria dar uma olhada no design que tu fez.
[2018-03-30 14:16:25] RT: "Como faz pra usar a impressora?"
[2018-03-30 14:44:46] Dia 14 vai ter um 'curso' da impressora 3D no Garoa
[2018-03-30 15:04:30] "Exclusivo pra associados" procede ?
[2018-03-30 15:17:51] soa bem bizarro isso 😐
[2018-03-30 15:19:27] ++
[2018-03-30 15:22:13] Mas como existem as fablabs, então não vou criar polemica.
[2018-03-30 15:47:24] Olha eu conversei com o responsável e entendi a lógica
[2018-03-30 15:48:20] é um primeiro curso só pra associados mesmo, pq para poder usar a impressora precisa ter um associado abrindo o espaço e que possa replicar esse conhecimento, e a maioria dos associados não estava sabendo fazer isso.
[2018-03-30 15:49:32] assim logo mais as pessoa vão poder aprender com esses associados e vai poder rolar outros 'cursos'  abertos
[2018-03-30 16:48:30] photo: /home/felipe/devel/github_garoa/Telegram_logs_Garoa_Hacker_Clube_Publico/media/Garoa_Hacker_Clube_(Público)/download_806117876_69852.jpg
[2018-03-30 16:48:38] pascoa chegando
[2018-03-30 18:16:17] Boa noite à todos.
Alguém poderia me ajudar com um erro que está dando ao tentar executar um programa simples em React?
[2018-03-30 18:16:28] Segue foto do erro
[2018-03-30 18:20:59] photo: /home/felipe/devel/github_garoa/Telegram_logs_Garoa_Hacker_Clube_Publico/media/Garoa_Hacker_Clube_(Público)/download_805512221_127777.jpg
[2018-03-30 18:54:14] Alguém no garoa agora?
[2018-03-30 20:34:53] Yasodara Córdova falando sobre consultas públicas e Machine Learning, A.I. e gastos públicos, dados e decisão descentralizada - democracia colaborativa!   

Em evento do PUB-Boston (Pesquisadores Universitários Brasileiros em Boston)

Streaming ao vivo AGORA AQUI:
 https://www.youtube.com/watch?v=lgl_a2Asv18

Obs:
 Tem um outro palestrante no finzinho da apresentação dele agora, já na sessão de perguntase respostas. A Yaso entra em seguida.
