[2017-05-13 00:07:05] Gente, aí no garoa tem sensor de tag NFC
[2017-05-13 00:07:16] ?
[2017-05-13 00:09:37] Para Arduino e em geral?
[2017-05-13 09:15:57] Sergio Gaiotto joined
[2017-05-13 09:15:57] Hi Sergio !
[2017-05-13 09:23:35] Hoje estarei depois das 14
[2017-05-13 09:25:53] Aqui no bairro tem 3
[2017-05-13 09:26:02] Saidinha de dia das mães
[2017-05-13 09:28:16] photo: /home/felipe/devel/github_tvdstaaij/telegram-history-dump/output/media/Garoa_Hacker_Clube_(Público)/download_804206172_53887.jpg
[2017-05-13 09:42:37] blz,  se eu avançar legal no Arduino com leitor de código de barras deixo um link aqui
[2017-05-13 09:43:31] A ok to vendo aqui também achei um link se for bom ja passo
[2017-05-13 10:53:19] To ligado
[2017-05-13 12:13:02] This song tell about fishermen march.   

 March of the Fishermen

My ships heading to the sea

I'm going to work, my dear.

God willing, when I come back from the sea,

I will bring along a good fish.

My fellows are coming back too

and we will thank our Lord (God).

 

The Morning Star follows me,

lighting my way.

I know that I'm never alone

because there's someone thinking about me.

 

Goodbye, goodbye

Fisherman, don't forget me.

I will pray that the weather is good, my dear,

that it is not bad.

I will make a soft bed for you,

perfumed with rosemary.
[2017-05-13 15:23:36] Garoa ta aberto?
[2017-05-13 16:08:31] Vou estar no garoa hoje a partir das 17
[2017-05-13 16:09:19] Ok
[2017-05-13 16:55:47] Qual o modelo do leitor de código de barras que você tem?
[2017-05-13 17:21:57] https://www.reddit.com/r/hacking/comments/6azt7e/microsoft_patches_windows_xp_to_fight_wannacrypt/
[2017-05-13 18:11:48] Zé added Gabriel Oliveira
[2017-05-13 18:11:50] Hi Gabriel !
[2017-05-13 19:05:27] Alguém confirma?

http://sensorstechforum.com/wncry-file-virus-remove-restore-files/
[2017-05-13 21:33:55] photo: /home/felipe/devel/github_tvdstaaij/telegram-history-dump/output/media/Garoa_Hacker_Clube_(Público)/download_803111362_71188.jpg
[2017-05-13 21:34:04] Habemus pium
[2017-05-13 21:34:48] Mas recomenda-se não apoiar (e evitar uso) até 3a feira, pois o cimento ta fresco
[2017-05-13 21:43:36] 🎉🎉🎉
[2017-05-13 22:16:13] ;)
[2017-05-13 22:32:15] Oi boa noite a todos ! Peço desculpe, se ofendi alguém em citar o Duzeru e o Kim Tu, que baseado do Debian, por sua vez é desenvolvido por Brasileiro, como Kurumin de Carlos Marimoto... E o novo agora é que para segurança Kurupira OS, baseado no debian também... Todos Brasileiros... Gaúcho GNU/Linux, Creio que associação  (ASL), é para divulgação solfware Livre, código aberto...
[2017-05-13 23:14:32] photo: /home/felipe/devel/github_tvdstaaij/telegram-history-dump/output/media/Garoa_Hacker_Clube_(Público)/download_803119611_52000.jpg
[2017-05-13 23:35:22] A @danielammorais está participando do Hackathon da Globo... 😃
