[2017-06-10 00:59:10] https://www.theverge.com/2017/6/9/15768758/nasa-astronaut-class-2017-robb-kulin-zena-cardman-interview
[2017-06-10 01:00:53] document: /home/felipe/devel/github_tvdstaaij/telegram-history-dump/output/media/Garoa_Hacker_Clube_(Público)/download_826459275206328386.webp
[2017-06-10 01:14:50] https://gfycat.com/BouncyThornyAgama
[2017-06-10 10:40:37] document: /home/felipe/devel/github_tvdstaaij/telegram-history-dump/output/media/Garoa_Hacker_Clube_(Público)/download_803114028_67471.jpg
[2017-06-10 11:17:18] @Gutemhc Tô vendo aqui o kit de Raspberry (parece até que tô falando de depilação, né? "Raspe e Berre")
[2017-06-10 11:17:41] Tô na dúvida sobre aqueles dissipadores
[2017-06-10 11:18:04] São essenciais? Tipo... se não usar o bicho frita/queima?
[2017-06-10 11:21:29] O dissipador é bom pra qnd tiver usando algo que deixa o processador topado
[2017-06-10 11:21:36] Se não ele dura alguns meses
[2017-06-10 11:22:04] Eu tinha um b antigo que durou 8 meses pq ficou rodando uns negócios pesados
[2017-06-10 11:22:13] claro
[2017-06-10 11:22:21] eu não vou ser idiota de não instalar
[2017-06-10 11:22:44] Acho que todo cuidado é pouco
[2017-06-10 11:22:45] só achei curioso um produto vir com um saquinho com os dissipadores
[2017-06-10 11:22:50] em vez de já vir colado
[2017-06-10 11:23:04] É pq tem projeto que não precisa
[2017-06-10 11:23:21] Tipo se tu usar pra acessar internet de boa não precisa
[2017-06-10 11:23:28] Tipo um totem de informações
[2017-06-10 11:23:32] Coisas simples
[2017-06-10 11:23:52] Agora fazer um servidor, roteador, firewall, media center.. Ai tem que ter
[2017-06-10 11:24:12] Se fizer overclock ai tem que meter uma ventoinha
[2017-06-10 11:25:37] aproveitando o assunto
[2017-06-10 11:26:00] alguem ja fez aquele esquema de deixar imerso em oleo mineral um raspberry pi?
[2017-06-10 11:27:06] É uma coisa antiga isso o povo fazia com placa mãe
[2017-06-10 11:27:31] Mas watercooler é mais efetivo e menor e menos bagunça
[2017-06-10 11:27:59] mmmm
[2017-06-10 11:28:01] pode crer
[2017-06-10 11:28:39] Pq pra por no óleo tem que ficar  no centro do recipiente
[2017-06-10 11:28:43] Water-cooler no rasp?
[2017-06-10 11:29:09] Ai ocupa espaço demais
[2017-06-10 11:30:16] http://www.instructables.com/id/Raspberry-Pi-Water-Cooler/
[2017-06-10 11:30:21] photo: /home/felipe/devel/github_tvdstaaij/telegram-history-dump/output/media/Garoa_Hacker_Clube_(Público)/download_803110827_87399.jpg
[2017-06-10 11:30:50] Todos os clusters de rpi bons usa watercooler
[2017-06-10 11:31:42] saquei
[2017-06-10 11:32:45] Tá pela santa?
[2017-06-10 11:33:18] document: /home/felipe/devel/github_tvdstaaij/telegram-history-dump/output/media/Garoa_Hacker_Clube_(Público)/download_560220067913008430.webp
[2017-06-10 11:33:34] Meme boy
[2017-06-10 11:43:18] 😳
[2017-06-10 11:43:36] Alguém sabe um grupo de full stack e de front end ?
[2017-06-10 11:47:36] http://listatelegram.github.io
[2017-06-10 11:56:57] Quase troll
[2017-06-10 11:57:02] Dava mastigado po
[2017-06-10 11:57:23] photo: /home/felipe/devel/github_tvdstaaij/telegram-history-dump/output/media/Garoa_Hacker_Clube_(Público)/download_803120408_68944.jpg
[2017-06-10 12:28:19] LOL
[2017-06-10 12:36:07] Não são essenciais, mas é como o @tilt4 falou
[2017-06-10 12:36:29] Ainda mais se for manter ele no case, que é fechado
[2017-06-10 12:37:02] Eles vem separados porque Eu compro as peças separadas na China e monto o kit
[2017-06-10 12:37:29] To vendo de trazer cabo HDMI também, mas, por enquanto, tá mais barato comprar no Brasil mesmo
[2017-06-10 12:37:34] legal seria um case de aluminio bolado com contato nos chips
[2017-06-10 12:37:42] ai resfria o case todo
[2017-06-10 12:37:47] ficaria bacana auehaue
[2017-06-10 13:54:58] @grupos_ti
[2017-06-10 16:28:51] tipo esse @tilt4?  : http://blog.everpi.net/2014/05/raspberry-pi-case-aluminio-resistente.html?m=1
[2017-06-10 16:29:30] o iceberg
[2017-06-10 16:31:38] É
[2017-06-10 16:46:44] https://m.omelete.uol.com.br/series-tv/noticia/morre-adam-west/
[2017-06-10 16:46:52] RIP Batman 😢
[2017-06-10 17:17:25] document: /home/felipe/devel/github_tvdstaaij/telegram-history-dump/output/media/Garoa_Hacker_Clube_(Público)/download_826459275206328396.webp
[2017-06-10 20:03:00] photo: /home/felipe/devel/github_tvdstaaij/telegram-history-dump/output/media/Garoa_Hacker_Clube_(Público)/download_803734330_117697.jpg
[2017-06-10 20:03:05] photo: /home/felipe/devel/github_tvdstaaij/telegram-history-dump/output/media/Garoa_Hacker_Clube_(Público)/download_5046484545851883527
[2017-06-10 20:03:13] photo: /home/felipe/devel/github_tvdstaaij/telegram-history-dump/output/media/Garoa_Hacker_Clube_(Público)/download_803734293_117713.jpg
[2017-06-10 20:03:39] Um hackerspace organizado 😍
[2017-06-10 20:04:14] Tá na bahia?
[2017-06-10 20:04:33] 👍
[2017-06-10 20:04:54] Raul Hacker Club 😍
[2017-06-10 20:05:28] Cool
[2017-06-10 20:28:52] photo: /home/felipe/devel/github_tvdstaaij/telegram-history-dump/output/media/Garoa_Hacker_Clube_(Público)/download_804206685_69639.jpg
[2017-06-10 20:29:17] Morram de inveja. O Raul tem um controle de arcade feito numa caixa de papelão 😍
[2017-06-10 20:31:53] document: /home/felipe/devel/github_tvdstaaij/telegram-history-dump/output/media/Garoa_Hacker_Clube_(Público)/download_858174108288942872.webp
[2017-06-10 20:32:10] photo: /home/felipe/devel/github_tvdstaaij/telegram-history-dump/output/media/Garoa_Hacker_Clube_(Público)/download_803112470_70232.jpg
[2017-06-10 21:28:15] To dentro @Gomex
[2017-06-10 21:29:14] photo: /home/felipe/devel/github_tvdstaaij/telegram-history-dump/output/media/Garoa_Hacker_Clube_(Público)/download_803111224_88383.jpg
[2017-06-10 21:29:44] Kkkk
[2017-06-10 21:30:16] Só vc pra fazer uns esquema assim, eu com 5 jumpers ja me perco
[2017-06-10 21:30:34] E o pior é que a parada não funcionou... :-P
[2017-06-10 21:30:47] (ainda)
[2017-06-10 21:33:15] eu acho que o problema está no oscilador a cristal. Não consegui medir a frequencia dele no medidor do lab
[2017-06-10 21:33:34] deveria dar 16MHz, mas no frequency counter não deu nada. Zero!
[2017-06-10 21:33:52] vou testar com mais calma algum outro dia o circuitinho de geração de clock
[2017-06-10 21:34:00] sem clock não tem como o bicho funcionar mesmo
[2017-06-10 21:34:26] Eu pensei em usar um gerador de função. Mas o do Garoa só gera até 2 MHz
[2017-06-10 21:35:39] então de ultima hora gambiarrei um oscilador com porta NOT (7404) e cristal, mas não sei se fiz certo. Essa é a parte mais crítica e também a que eu menos revisei, por que só foi bolado de ultima hora. Acho que diagnosticando com um pouco mais de calma eu acabo acertando cedo ou tarde
[2017-06-10 21:36:55] document: /home/felipe/devel/github_tvdstaaij/telegram-history-dump/output/media/Garoa_Hacker_Clube_(Público)/download_272479773299573147.webp
[2017-06-10 21:36:59] Another world?
[2017-06-10 21:37:05] oh yeah!
[2017-06-10 21:37:17] https://garoa.net.br/wiki/AnotherWorld_JAMMA
[2017-06-10 21:37:58] Eu já fiz muita coisa no lado do software. Agora estou me aventurando um pouco no hardware também
[2017-06-10 21:38:10] esse circuito da protoboard é uma pedaço da placa de vídeo
[2017-06-10 21:38:23] bem... no momento é uma "placa" em form-factor de espaguete :-P
[2017-06-10 21:39:19] se bem que o software é já uma boa parte do hardware também, dado que estou já com o emulador funcionando 99% perfeito
[2017-06-10 21:39:28] photo: /home/felipe/devel/github_tvdstaaij/telegram-history-dump/output/media/Garoa_Hacker_Clube_(Público)/download_803115502_68673.jpg
[2017-06-10 21:39:36] O que é?
[2017-06-10 21:39:52] uia!
[2017-06-10 21:40:09] E eu aqui fazendo shield e encodando mensagem na orientação dos resistores hehe
[2017-06-10 21:41:12] é um gerador de sinal de vídeo em resolução 320x200 com uma imagem fixa gravada em EPROM com 1 bit de profundidade por cor (ou seja, um total de 7 cores + preto). O circuito temporiza os sinais de sincronismo horizontal e vertical e endereça a EPROM para gerar os sinais de cores R, G e B
[2017-06-10 21:41:26] Lendo aqui...looks nice
[2017-06-10 21:42:17] também gera os sinais internos de VBLANK / HBLANK / VRESET / HRESET
[2017-06-10 21:43:04] É uma enorme suruba de eletrônica digital. Não sei como eu achei que isso ia funcionar de primeira. Às vezes eu acho que eu tenho coragem/otimismo demais e quebro a cara :-P
[2017-06-10 21:44:20] De tudo isso ai...não entendi foi nada...totally noob em eletrônica
[2017-06-10 21:44:27] Domingão eu vou dedicar ao software de novo
[2017-06-10 21:44:29] document: /home/felipe/devel/github_tvdstaaij/telegram-history-dump/output/media/Garoa_Hacker_Clube_(Público)/download_1527281080443338828.webp
[2017-06-10 21:45:31] Seria um simulador de arcade em hardware livre?
[2017-06-10 21:45:33] ou melhor... domingão vai ser = software XOR esposa
[2017-06-10 21:46:34] Uma reimplementação da máquina virtual de um jogo clássico da década de 90, mas feito em hardware de verdade, na forma de uma placa de fliperama real
[2017-06-10 21:48:52] Como assim? Conta mais
[2017-06-10 21:49:29] você corroeu essas plaquinhas aí no percloreto ?
[2017-06-10 21:50:22] Looks nice
[2017-06-10 21:51:52] Conta++
[2017-06-10 21:52:11] CNC
[2017-06-10 21:52:35] Projetei no fritzing
[2017-06-10 21:52:54] legal
[2017-06-10 21:53:21] estou conversando com o Oda pra fazer umas PCBs também usando uma mini-CNC dele
[2017-06-10 21:54:07] Bobagem. Eram 11 unidades e encodei uma MSG em ASCII quando soldei os resistores smd (não da pra ver na foto, label virado de ponta cabeça é 1)
[2017-06-10 21:54:48] 10 unidades, 4 resistores cada = 10 nibbles = 5 bytes hehe
[2017-06-10 21:56:18] Mas o q q vai virar isso ai?
[2017-06-10 21:56:37] dá pra usar 5 bits por caractere com um subset da tabela ASCII
[2017-06-10 21:56:53] vulgo, posição da letra no alfabeto
[2017-06-10 21:57:00] com 0 = A
[2017-06-10 21:57:07] 1 = B
[2017-06-10 21:57:08] etc...
[2017-06-10 21:57:20] 26 letras... 5 bits
[2017-06-10 21:58:16] Projetei no fritzing, dei uns retoques no Inkscape (espessura de uns pads, e um hack pra furar a PCB junto com o job do corte do outline) e gerei o gcode no fabmodules
[2017-06-10 21:58:32] da hora
[2017-06-10 21:58:42] tá trampando feliz então :-)
[2017-06-10 21:59:00] Foi para um evento. Dado de lembrança aos palestrantes.
[2017-06-10 21:59:35] Feliz mesmo vou ficar quando sobrar um tempo pra sniffar o que o host proprietário da CNC manda pela usb
[2017-06-10 21:59:46] hahaha
[2017-06-10 22:00:20] Mas acho que ele manda plain gcode pela USB serial mesmo
[2017-06-10 22:00:57] Inclusive da pra escolher o dialeto de gcode q vc vai carregar nela
[2017-06-10 22:01:45] Alias belo hack aquele do seu amigo com o pincel e mascara de corrosão. Mas não tem penup/pendown ne?
[2017-06-10 22:04:24] acho que tem sim, por que ele tá controlando o movimento com um frame de impressora 3d
[2017-06-10 22:05:14] Ah entendi
[2017-06-10 22:05:40] Ele usa o z da impressora então
[2017-06-10 22:05:43] o "amigo meu" em questão é o irmão do Armando Neto
[2017-06-10 22:05:53] Legal
[2017-06-10 22:06:22] Po, vou ver se consigo colocar uma dremel na minha MM2 então
[2017-06-10 22:06:46] A dremel com aquele bico extensor sabe
[2017-06-10 22:06:55] Acho q no garoa tinha
[2017-06-10 22:10:05] bom... boa sorte pra não perder passos... hahaha (ou aumentar a corrente pra ganhar torque e fritar os drivers dos motores de passo LOL)
[2017-06-10 22:22:40] photo: /home/felipe/devel/github_tvdstaaij/telegram-history-dump/output/media/Garoa_Hacker_Clube_(Público)/download_803735929_118223.jpg
