[2016-06-16 07:51:07] Só ficar ligado nesse channel, eles postam esses livros disponibilizados
[2016-06-16 07:51:07] Saca só:
https://telegram.me/PacktPubDaily
[2016-06-16 09:04:11] http://www.zdnet.com/article/how-to-hack-facebook-with-a-phone-number/
[2016-06-16 09:13:25] Não se esqueça da criptografia
[2016-06-16 09:23:09] Pelo menos não é aberta, usa WPA, menos insegura do que a do Starbucks, por exemplo... mas concordo, criptografia nunca é demais...
[2016-06-16 09:31:48] Wpa e afins não serve para nada
[2016-06-16 09:32:08] Tem que usar ponta a ponta
[2016-06-16 09:32:39] Concordo, por isso não disse "mais segura" e sim "menos insegura"...
[2016-06-16 09:33:05] O problema nesse caso não sao os outros usuários e sim, mais do que nunca, o dono da rede
[2016-06-16 09:33:16] Não, wpa não deixa nada mais seguro
[2016-06-16 09:33:59] Wpa eh inútil e só serve para teles ganharem mais vendendo n vezes o mesmo produto
[2016-06-16 13:15:10] @eduoda na E3 foi falado que a pulseira do pokemon go vai ser 35 dollars
[2016-06-16 13:16:23] https://www.youtube.com/watch?v=qqbsdqjgj-k&feature=share
[2016-06-16 13:21:25] da pra ver no demo no video que vai ter uma moedinha pra agilizar evolucao e etc
[2016-06-16 13:21:32] que deve ser ai que vao ganhar dinheiro
[2016-06-16 13:21:58] Bem pagável essa pulseira
[2016-06-16 13:22:17] Eu vi uns pedaços
[2016-06-16 13:23:24] Ainda não consegui entender direito o esquema
[2016-06-16 13:32:30] tem uma demostracao lá o dev coloca um ratata no palco em cima da mesa ai o carinha lá tenta capturar
[2016-06-16 13:32:42] mas pelo que vi o negocio vai gastar uma bateria do kct
[2016-06-16 13:33:07] tem opcao de nao usar a camera ai o jogo cria um cenario tosco lá
[2016-06-16 13:33:25] mas se usar tudo, tem que ligar camera, bluetooth, wifi/3g
[2016-06-16 13:33:44] e a pulseira avisa quando tem pokemon perto sem tá com o celular na mão
[2016-06-16 14:00:06] https://www.humblebundle.com/books/make-electronics-book-bundle?utm_source=Social&utm_medium=Link&utm_campaign=Humble_Books_Bundle_MAKE_Electronics
[2016-06-16 14:00:19] Tá bem tentador esse bundle
[2016-06-16 14:00:43] um dos livros é a edição nova do primer Make: Electronics que eu doei pro Garoa
[2016-06-16 14:01:54] A enciclopédia de componentes é bem legal também
[2016-06-16 17:51:34] @tilt4 Que medo, o Garoa está aberto, e a única pessoa presente é o Aleph...
[2016-06-16 17:52:01] photo: /home/felipe/devel/github_tvdstaaij/telegram-history-dump/output/media/Garoa_Hacker_Clube_(Público)/download_803730293_9752.jpg
[2016-06-16 17:53:13] isso deve ser por causa dauqle esqueminha de verifdicar o MAC conectado na rede e listar;... talvez o nome dele esteja hardcoded ou acossiado a algum equipamento do garoa...
[2016-06-16 17:55:27] navalha de occam diz que é troll
[2016-06-16 17:55:28] o esquema de verificar o MAC é outra coisa.
[2016-06-16 17:55:50] aliás esqueci de mandar pro afonso meus MACs
[2016-06-16 17:56:31] @tilt4 ou quem mais puder adicionar Erin = 5c:c9:d3:39:03:65
[2016-06-16 17:56:47] deixou de ser pela planilha do google drive?
[2016-06-16 17:56:55] parece que sim, o afonso que tava mexendo
[2016-06-16 17:57:10] não sei como está agora, só lembro que na época ele pediu os macs pra adicionar
[2016-06-16 17:57:18] na hora eu não tava perto do meu laptop pra ver
[2016-06-16 17:57:43] (e o mac que tava na planilha antiga era meu laptop antes desse)
[2016-06-16 17:58:29] @til
[2016-06-16 17:59:42] @tilt4 Tiago = 34:97:f6:2f:3f:4e
[2016-06-16 18:00:19] podia ter um esqueminha de mandar via web e ele adiciona
[2016-06-16 18:00:24] dá pra fazer fácil com php
[2016-06-16 18:01:50] Daqui a pouco estou indo para o Garoa, estou no Google Campus agora...
[2016-06-16 18:29:05] @mynameiserin continua sendo a planilha.
[2016-06-16 18:29:13] ah
[2016-06-16 18:30:52] ao inves de ser via web poderia ter um totem no garoa que registra isso.
[2016-06-16 18:31:37] Tem um Totem no Garoa, que até onde sei não está em uso...
[2016-06-16 18:33:24] vamos dar um uso pro cobalt cube do ramalho
[2016-06-16 18:37:49] alguém que estiver no garoa consegue me ver o modelo do Cobalt? tá em cima do rack da sala de eletrônica
[2016-06-16 18:38:05] quero saber se é o modelo 1 de 1998 (Qube 2700) ou o modelo 2 (2800)
[2016-06-16 18:38:58] bom, de acordo com a wiki é o primeiro, 2700
[2016-06-16 18:39:04] deve estar certo lá
[2016-06-16 18:40:42] qube2700
[2016-06-16 18:40:47] 16mb RAM, no config padrão... parece-me que é uma memória SIMM convencional
[2016-06-16 18:40:51] brigada ❤️
[2016-06-16 18:41:13] vou ver se consigo upar essa RAM e trocar o HDD próxima vez que estiver no garoa
[2016-06-16 18:41:23] guardar o HDD antigo porque contém coisas do ramalho nele
[2016-06-16 18:41:27] photo: /home/felipe/devel/github_tvdstaaij/telegram-history-dump/output/media/Garoa_Hacker_Clube_(Público)/download_802232299_100635.jpg
[2016-06-16 18:41:44] sim... e a seta está induzindo a usar errado
[2016-06-16 18:43:57] no garoa ao inves de ter um plaquinha como usar teria uma de "so usa quem fez o curso com alguem que fez o curso"
[2016-06-16 18:44:10] 2700 usa EDO RAM de 72 pinos
[2016-06-16 18:44:59] hmm... não tenho em casa, a que eu tenho sobrando é SDRAM
[2016-06-16 18:44:59] 😂😂😂
[2016-06-16 18:47:20] na placa mãe pentium que eu guardei pra montar tem 2 pentes de EDO RAM, mas não sei de quanto
[2016-06-16 18:47:34] um dia desses preciso caçar nas sucatarias da sta ifigênia
[2016-06-16 18:49:15] daí dá pra colocar um IDE qualquer no qube (achei que fosse SCSI mas estava enganada) e instalar debian por netinstall
[2016-06-16 18:50:00] http://www.cyrius.com/debian/cobalt/install/
[2016-06-16 18:50:12] projetinho pro mês
[2016-06-16 18:51:06] ah, nvm. esse guia não suporta o qube 1
[2016-06-16 18:51:13] só a partir do qube 2
[2016-06-16 18:52:43] https://www.linux-mips.org/wiki/Cobalt
[2016-06-16 18:53:14] aqui deve ter mais info. uma lista de emails disse que "alguém conseguiu instalar num 2700" mas como tudo que é obscuro nessa internet, não tem fontes
[2016-06-16 18:55:24] último netbsd que o cobalt parece rodar é o 5.2.2
[2016-06-16 18:56:48] http://www.netbsd.org/ports/cobalt/restorecd-howto.html
[2016-06-16 18:57:02] http://ftp.netbsd.org/pub/NetBSD/arch/cobalt/restore-cd/5.2.2/
[2016-06-16 18:57:08] enfim, catalogado
[2016-06-16 18:57:15] um dia volto pra esse projeto
[2016-06-16 18:57:23] #cobalt (pra marcar)
[2016-06-16 18:58:20] mano, dá pra rodar netbsd num dreamcast. que foda.
[2016-06-16 19:03:43] Deve ter port de NetBSD até para Tamagotchi, hahahaha...
[2016-06-16 19:05:18] os novos usam um 6502 integrado
[2016-06-16 19:07:44] alguém aí quer marcar um dia pra bater perna na sta Ifigênia procurar velharias?
[2016-06-16 19:08:45] sexta e segunda de manhã eu to livre
[2016-06-16 19:08:57] Eu to precisando ir na sta ifigenia... mas  só vou poder mais para o final do mês
[2016-06-16 19:10:09] Estarei livre só a partir do meio de Agosto... férias...
[2016-06-16 19:10:15] Eu talvez vá lá amanhã
[2016-06-16 19:10:50] Onde é essa planilha dos Macs??? Tb quero
[2016-06-16 19:10:51] Não consegui achar essa planilha dos Macs??? Tb quero. :-(
Isso é mesmo um endereço?
[2016-06-16 19:11:03] Morre bot
[2016-06-16 19:12:37] onde é meu próprio umbigo?
[2016-06-16 19:12:38] Não consegui achar meu próprio umbigo?. :-(
Isso é mesmo um endereço?
[2016-06-16 19:12:45] não vi nenhuma alteração na wiki.
[2016-06-16 19:13:02] catalogado aqui
[2016-06-16 19:13:22] joga os links la vai que mais alguem se interessa.
[2016-06-16 19:14:45] editar wiki é coisa de estagiário ;)
[2016-06-16 19:14:45] quando chegar em casa eu vejo
[2016-06-16 19:15:46] Por falar nisso, preciso colocar na Wiki algumas coisas sobre o MicroPython na ESP8266.
Pretendo criar uma página dentro da já existente, do ESP8266, para deixar mais organizado.
[2016-06-16 19:16:15] quero ler valores de osci+baro+temp e jogar pra um esp
[2016-06-16 19:16:20] qual o melhor jeito?
[2016-06-16 19:17:14] aqueles sensores i2c
[2016-06-16 19:17:15] coloca todos no mesmo barramento
[2016-06-16 19:17:18] e escreve a lib para ler os valores deles
[2016-06-16 19:17:40] como já tem lib para arduino é "só" portar para pythonj
[2016-06-16 19:20:02] eles todos sao i2c/spi
[2016-06-16 19:20:55] https://micropython.org/resources/docs/en/latest/wipy/library/machine.I2C.html
[2016-06-16 19:21:29] vou fazer os bagulho com micropython e vou dá oficina
[2016-06-16 19:21:42] e vcs que ja sabem nao fazem
[2016-06-16 19:28:51] Afonso ++
[2016-06-16 19:29:13] Afonso ++++
[2016-06-16 19:30:12] No meu caso é falta de prática, de foco e muita preguiça... vou pegar hoje uns sensores no Garoa, ver se consigo fazer algo interessante e documentar na Wiki...
[2016-06-16 19:31:22] no meu caso é falta de foco mesmo, tento tocar 1000 projetos ao mesmo tempo, kkk
[2016-06-16 19:31:45] mas vou fazer um debugger para arduino com o micropython
[2016-06-16 19:31:49] que vou usar no meu seguidor de linha
[2016-06-16 19:31:49] ai devo documentar
[2016-06-16 19:32:11] seguidor de linha vai a 1cm/h?
[2016-06-16 19:32:51] Gente, uma das únicas escolas públicas da Olimpíada Brasileira de Robótica e uma das únicas que usam arduino nos robôs... estão precisando de grana pro transporte pra competição.
[2016-06-16 19:32:55] https://www.vakinha.com.br/vaquinha/campanha-para-o-transporte-dos-alunos-competicoes-de-robotica
[2016-06-16 19:33:23] acabaram de abrir vakinha
[2016-06-16 19:39:34] pinned the message
[2016-06-16 19:53:37] Compartilha o link aqui
[2016-06-16 19:53:53] tá até pinado, anchises :P
[2016-06-16 19:54:13] faltou interpretação de texto
[2016-06-16 20:01:38] tem alguem no garoa?
[2016-06-16 20:03:05] sim.
[2016-06-16 20:05:11] qm?
[2016-06-16 20:09:18] o aleph
[2016-06-16 20:45:13] joguei no Twitter do Garoa
[2016-06-16 23:59:14] Como sempre, fui pro Garoa planejando fazer uma coisa e fiz outra(s)... 😂😂😂
