[2016-06-15 08:43:45] Harley-Davidson promises electric motorbikes within five years

Harley-Davidson has announced that it plans to sell electric motorbikes "within the next five years". The company has been teasing electric motorcycle concepts for years, but this is the first firm indication that it plans to put them in the hands of consumers. While some commentators remain sceptical, Harley has been talking about its quest for battery technology long-lasting enough to work in its cruisers for several years.
[2016-06-15 09:48:39] Livros gratuitos de segurança da informação essa semana https://www.packtpub.com/packt/offers/free-learning
[2016-06-15 10:07:14] Saca só:
https://telegram.me/PacktPubDaily
[2016-06-15 11:02:34] GENIO
[2016-06-15 11:02:55] fabio++
[2016-06-15 11:11:26] lançamento da SpaceX agora!
[2016-06-15 11:11:30] começou o streaming
[2016-06-15 11:11:37] em spacex.com/webcast
[2016-06-15 11:41:40] A gente pegou uns protótipos de moto elétrica da Kasinski (que abriu concordata) lá no LHC. A idéia é usar baterias de lipo ao invés de chumbo acido. Já modificaram parte do circuito, mas não sei como que tá.
[2016-06-15 11:43:45] da hora
[2016-06-15 11:45:44] Mas é uma scooter, não uma harley. :P
[2016-06-15 11:45:59] ela eh funcional?
[2016-06-15 11:46:09] digo, antes de comecar as modificacoes
[2016-06-15 11:46:17] era algo viavel?
[2016-06-15 11:48:47] Sim, andaram com ela na rua e tal
[2016-06-15 11:49:06] Não dá nem pra dizer que é elétrica exceto pelo fato que não faz barulho
[2016-06-15 12:01:42] Quem ainda não manja de git, vai rolar um hangout (primeira contribuição de um participante da iniciativa "Help Somebody")

https://plus.google.com/events/cn9sqr79dfotngr5acrjc1a2jcs
[2016-06-15 12:06:37] acho ruim dessas coisas de git eh que sempre param no basico... ninguem precisa do basico, isso qq 15min de leitura resolve
[2016-06-15 12:06:51] e na vida real esse basico nao serve para muita coisa...
[2016-06-15 12:07:16] tava pensando em um encontro de git-fu
[2016-06-15 12:08:19] cada um vai la e conta de uma situacao bizarra e que jung-fu usou para resolver (ou nao) e a gente discute
[2016-06-15 12:08:39] *kung-fu
[2016-06-15 12:23:31] Estou no Google Campus São Paulo, o Luís Leão está por aqui, mas não o conheço ainda... hahahaha...
[2016-06-15 12:23:32] Rá!
[2016-06-15 12:24:37] photo
[2016-06-15 12:24:58] O leão eh joia
[2016-06-15 12:30:30] Me perguntam disso sempre, posso divulgar?
[2016-06-15 12:31:56] Leão é o Google boy do garoa rs
[2016-06-15 12:32:24] manda
[2016-06-15 12:33:00] Manda bala? :-)
[2016-06-15 12:33:19] sim
[2016-06-15 12:39:31] Sim, pode, também estou divulgando... 😉
[2016-06-15 12:40:11] Blz!
[2016-06-15 12:48:25] Tenho quase certeza que era ele no 6° andar, mas como não tinha certeza, não achei prudente falar com ele...
[2016-06-15 12:49:10] O leão não eh fácil de confundir
[2016-06-15 12:49:17] Devia ser ele sim
[2016-06-15 12:50:11] O Leão tava aí segunda
[2016-06-15 12:50:20] Quando eu fui ele tava
[2016-06-15 12:53:54] Quando tinha juba era mais fácil de achar
[2016-06-15 13:02:05] @Biazzotto tá aí ainda? Vou mais tarde aí
[2016-06-15 13:14:38] Já sai, estava no horário de almoço, mas vou voltar lá por volta das 18:00...
[2016-06-15 14:47:32] Gosto da ideia, vamos fazer?
[2016-06-15 14:49:45] vamos
[2016-06-15 14:50:45] Garoa kung fu? git fu?
[2016-06-15 16:08:05] https://github.com/LabHackerSP/arduino-morse-box
[2016-06-15 16:34:04] .--. .- .-. .- -. --. .- .-. .. -.-. ..- - .. .-. .. -- .. -.-. ..- .- .-. ---
[2016-06-15 16:34:26] um bot disso iria ajudar no CTF
[2016-06-15 16:34:37] manda o texto e ele já converte as porra toda
[2016-06-15 16:34:50] morse, binário, hexadecimal, ...
[2016-06-15 16:50:21] ia mesmo
[2016-06-15 16:50:37] galera, o q vcs usam para documentação de projetos?
[2016-06-15 16:50:50] bloco de notas
[2016-06-15 16:50:53] post it
[2016-06-15 16:51:02] telegram
[2016-06-15 16:51:46] falo para empresas
[2016-06-15 16:51:52] o q vcs recomendariam então?
[2016-06-15 16:52:53] dois post its
[2016-06-15 16:53:13] Então, depende do tipo de aplicação que a empresa usa/gosta
[2016-06-15 16:53:29] algumas metodologias são proibidas conforme o tipo de ISO que a empresa possui
[2016-06-15 16:53:52] post it colorido
[2016-06-15 16:54:28] post-it timbrado
[2016-06-15 16:54:50] Você já sabe qual empresa é?
[2016-06-15 16:55:50] então, eu preciso definir isso
[2016-06-15 16:55:55] seria num ambiente linux
[2016-06-15 16:56:06] mano, comenta o codigo direito
[2016-06-15 16:56:16] e depois usa qq doxygen whaever da vida
[2016-06-15 16:56:18] programa em ruby que nao precisa de documentacao
[2016-06-15 16:56:21] faz vlog com gopro
[2016-06-15 16:56:30] Afonso++
[2016-06-15 16:56:31] Arquivo de texto
[2016-06-15 16:56:57] markdown justificado em 80 colunas https://raw.githubusercontent.com/Treeki/network-q-formats/master/BUN/README.md
[2016-06-15 16:57:04] Post-it colorido é legal também
[2016-06-15 16:57:14] a questão é q eu n sou o developer, eu sou o carinha da documentação
[2016-06-15 16:57:14] photo: /home/felipe/devel/github_tvdstaaij/telegram-history-dump/output/media/Garoa_Hacker_Clube_(Público)/download_802207830_100585.jpg
[2016-06-15 16:59:16] entao da uma olhada em uml
[2016-06-15 16:59:32] ta fudido, vai ter que ficar desenhando bonequinho
[2016-06-15 17:00:31] Oda, seus moleques já têm um desses?
[2016-06-15 17:00:37] cara, eu sou tao feliz de nao ter que usar essas coisas :D
[2016-06-15 17:00:43] digo, o UML
[2016-06-15 17:00:50] nao mais... ja usei muito :P
[2016-06-15 17:01:01] Yumi, aqui em casa pode tudo, so nao pode python
[2016-06-15 17:01:11] nem lego?
[2016-06-15 17:01:35] lego pelo menos da para vender e comprar outra coisa
[2016-06-15 17:01:55] Uml meu pesadelo
[2016-06-15 17:02:05] acho que vou fazer um experimento com eles, ensinar fortran para um e haskell para o outro
[2016-06-15 17:03:52] ensina plankalkül
[2016-06-15 17:07:52] que da hora... o Oda pode fazer vários experimentos
[2016-06-15 17:08:25] posso ter um filho que faz device driver e outro que faz analise numerica
[2016-06-15 17:08:31] ai um aprende C e outro Fortran
[2016-06-15 17:08:58] Hahahahaha
[2016-06-15 17:08:58] hehe...
[2016-06-15 17:23:26] http://justinhileman.info/article/git-pretty/git-pretty.png
[2016-06-15 17:33:06] o comentario nao foi: "falando em git e uml..."
[2016-06-15 18:08:04] Campus São Paulo
[2016-06-15 18:08:08] Voltei ao Campus, estou no 5º andar... se alguém, por um acaso, estiver por aqui...
[2016-06-15 18:15:10] Encontrei o @erickemi, pena que já estava de saída..
[2016-06-15 18:21:43] photo: /home/felipe/devel/github_tvdstaaij/telegram-history-dump/output/media/Garoa_Hacker_Clube_(Público)/download_802610782_99746.jpg
[2016-06-15 18:23:34] sorte tua do @erickemi ta de saida, ele eh muito chato
[2016-06-15 18:25:43] Afonso, quero qualquer hora visitar o Makerspace da Redbull...
[2016-06-15 18:26:21] Piadinha non-related ao momento, mas só pra n perder a piada
[2016-06-15 18:27:36] a gente podia fazer adesivos disso, quando algo for jucado a gente cola
[2016-06-15 18:27:54] Hahahaha... boa...
[2016-06-15 18:27:54] hehehehe!
[2016-06-15 18:28:33] o código fonte é a documentação mais completa
[2016-06-15 18:29:00] concordo, o problema é como a gente pode passar o codigo fonte de um projeto para quem é de suporte?
[2016-06-15 18:29:00] Não sei quem é de suporte?. :-(
[2016-06-15 18:29:31] sr. tautologia
[2016-06-15 18:30:02] Enquanto isso, ative a webcam, coloque o fone, aperte o play, e curta os efeitos...
https://nithi-p.github.io/finalproject/

Feito com Processing P5.JS...
[2016-06-15 18:30:18] algo na linha do q o Oda disse, poe tudo no código, gera o manual em 1 linha de codigo
[2016-06-15 18:30:41] s/codigo/comando/
[2016-06-15 18:31:08] se for pydoctest já mata dois coelhos com uma cajadada só.
[2016-06-15 18:31:39] mas depende da aplicação, da qualificação do pessoal de suporte, do cliente do canal de suporte.
[2016-06-15 18:32:09] olha, pessoalmente, eu gosto de ter uma visao geral da coisa, entender as principais coisas, para isso um diagrama de blocos (ou uml) eh otimo
[2016-06-15 18:32:34] por ex, uma coisa eh documentar uma API pra desenvolvedores, outra eh documentar um sistema para um telemarketing ajudar um usuário perdido
[2016-06-15 18:32:35] eu bato o olho e ja sei do que se trata, nao precisa aprofundar muito, dai vou no pedaco de codigo que preciso e entendo aquele pedaço
[2016-06-15 18:33:04] ter que ler todo o codigo geralmente eh inviavel... infelizmente
[2016-06-15 18:33:05] manual de uso é diferente de documentacao de codigo
[2016-06-15 18:33:15] outra eh documentar para programadores que vão mexer no código no futuro.
[2016-06-15 18:33:38] gente, vamos la... o usuario que se foda, ne? kkk
[2016-06-15 18:34:12] e ainda mais com os usuarios que temos, nem adianta escrever nada, tem eh fazer uma interface para la de intuitiva
[2016-06-15 18:34:19] o usuario de uma API
[2016-06-15 18:34:21] que falo
[2016-06-15 18:34:30] o cara so precisa saber os parametros e protocolo
[2016-06-15 18:34:34] nao precisa saber o que tem por tras
[2016-06-15 18:34:39] ai eh uma manual de uso
[2016-06-15 18:36:28] entendo
[2016-06-15 18:36:40] bom, ainda gosto de um bom desenho ou um texto mesmo com uma visao geral
[2016-06-15 18:36:50] diminui muito o trabalho
[2016-06-15 18:37:47] uma coisa que o pitanga falou eh muito legal: o teste
[2016-06-15 18:38:02] tdd eh um saco no comeco, mas para manutencao eh lindo
[2016-06-15 18:56:01] cara, depois q comecei a usar (não canonicamente, claro) no dia a dia vai de boa.
[2016-06-15 18:56:26] só funciona se vc conhecer bem a linguagem e o framework. senão tem q focar testando o teste ai fodeu
[2016-06-15 18:57:20] então, essa doc são para os três cenários q vc disse
[2016-06-15 18:58:07] eh, da pra usar a mesma ferramenta pra tudo
[2016-06-15 19:03:47] Também acho, esse @erickemi tá insuportável
[2016-06-15 19:04:17] Cuidado que tem um cara chato por lá também
[2016-06-15 19:04:46] Hahahaha...
[2016-06-15 19:04:47] Rá!
[2016-06-15 19:42:05] Desenvolvimento de CI digital é super TDD: se costuma fazer um modelo do comportamento do hardware, aí se usa isso para criar e testar uma testbench, e depois se usa esta testbench para avaliar o hardware
[2016-06-15 19:46:09] @aylons respondeu o dudle?
[2016-06-15 19:46:31] https://dudle.inf.tu-dresden.de/ebrahal_org/
[2016-06-15 19:46:37] Sim, não está lá?
[2016-06-15 19:46:46] sim, agora que te achei la
[2016-06-15 19:46:58] sei la, li e nao vi
[2016-06-15 19:47:19] esse dudle precisava de uma seria refatoracao da interface...
[2016-06-15 19:47:20] kkkk
[2016-06-15 19:47:24] hehehehe!
[2016-06-15 19:48:11] Beleza.
[2016-06-15 20:41:03] Perdi a apresentação no Campus, esqueci de me inscrever, conclusão, resolvi vir para o Garoa, hahahaha...
[2016-06-15 20:41:04] hehe...
[2016-06-15 20:42:02] document: /home/felipe/devel/github_tvdstaaij/telegram-history-dump/output/media/Garoa_Hacker_Clube_(Público)/download_193628056395448992.webp
[2016-06-15 20:44:38] Até o Ramalho está aqui hoje... coisa rara atualmente..
[2016-06-15 20:59:14] Vai ficar até que horas aí?
[2016-06-15 21:16:46] O que rola lá no Google Campus?
[2016-06-15 21:24:11] Fabricio Biazzotto ☂ added 
[2016-06-15 21:44:07] É um espaço de coworking e interação social, possui internet gratuita, um espaço aberto para apresentações, palestras e até cursos, alguns andares são exclusivos para as startups residentes, mas no geral é bem legal...
Me inscrevi pelo site www.campus.co/sao-paulo passei lá e já retirei o meu crachá de acesso... é em frente ao Escambo Hostel...
[2016-06-15 22:31:08] Que legal! Quero conhecer
[2016-06-15 22:38:29] Vai lá, é muito bom o espaço
[2016-06-15 22:39:29] E a internet é boa hehe
[2016-06-15 22:39:30] Rá!
[2016-06-15 22:40:03] Pena que só fica até às 19hrs
[2016-06-15 22:43:49] que é a hora em que começam as atividades no Garoa !!!! :-D
[2016-06-15 22:48:52] Sim... fiz isso hoje, Campus até 19:00, depois fui pro Garoa e fiquei até depois das 22:00.
[2016-06-15 23:16:54] acabei de me inscrever lá
[2016-06-15 23:17:00] vamos ver...
[2016-06-15 23:50:50] Kali Linux – Assuring Security by Penetration Testing
https://www.packtpub.com/packt/offers/free-learning
disponível por 20h.
