[2017-08-05 09:57:50] Se refere ao CRISPR?
[2017-08-05 10:00:07] Não, me refiro a extração de DNA. http://www.instructables.com/id/5-minute-DNA-Extraction-in-a-Shot-Glass/
[2017-08-05 10:01:09] Tô atrás desse Anti Public. Achei algumas versões, mas nada do completo, que tem 18GB...
[2017-08-05 10:13:23] Tô me arrumando pra ir agora vou de trem TB se alguém for de carro seria bom pra rachar gasosa
[2017-08-05 11:12:21] https://twitter.com/molleindustria/status/893836741630726145
[2017-08-05 13:21:37] Ah sim obrigado, o problema é que eu preciso de algo um pouco mais visual e chamativo por ser uma feira de ensino médio ^^ se vc puder dar uma outra ideia agradeceria muito xD
[2017-08-05 13:37:38] Extração de DNA com laser.
[2017-08-05 13:55:45] E fogos de artifício
[2017-08-05 14:40:33] Fazer extração de dna com morangos
[2017-08-05 14:40:47] Isso é bem fácil de fazer
[2017-08-05 15:06:03] Algum desenvolvedor web full stack que saiba bem c# nível sênior? Para indicação para vaga de uma amiga Head Hunter
[2017-08-05 15:06:17] Não sei nada a vaga
[2017-08-05 15:07:30] br.linkedin.com/in/alexandra-soares
[2017-08-05 15:36:00] Tem gente por ai que dá vontade de extrair o DNA com uma cadeira mesmo! Ou taco de golfe 😁
#paz
[2017-08-05 15:53:09] Me manda no email o perfil da vaga
[2017-08-05 15:53:18] Ulisses_xavier@hotmail.com
[2017-08-05 16:35:36] E aí Galera, vamos começar o grupo de estudos pra se tornar Rádio Amadores?
[2017-08-05 16:51:04] Particularmente eu tenho uma admiração por radio amador, até penso em adquirir... mas não conheço nada
[2017-08-05 21:34:43] Garoa Hacker Camp é um acampamento hacker inspirado em eventos como o Chaos Communication Camp, Hacking at Random, entre outros. O objetivo é realizar um evento fora da zona de conforto da nossa sede, promovendo a confraternização entre os frequentadores do Garoa Hacker Clube e de outros hackerspaces brasileiros (existentes ou em formação). Além de tudo, é mais um momento para trocar ideias, aprender, ensinar e, principalmente, hackear ao ar livre.

Quando:
de 29 de setembro a 01 de outubro

Mais informações:
https://garoa.net.br/wiki/Garoa_Hacker_Camp_2017_-_2a._edição
[2017-08-05 21:34:54] pinned the message
[2017-08-05 22:11:50] TEnho
[2017-08-05 22:12:45] Algumas pessoas só precisam de um 'high five'... Na cara... Com um taco de baseball.
[2017-08-05 22:13:00] Já é!
[2017-08-05 22:15:59] Cade as apostilas? kkkk
[2017-08-05 22:16:47] Como foi o SteamCom?
[2017-08-05 22:18:21] bora!
[2017-08-05 22:23:30] Já vou comprar o rádio
[2017-08-05 22:24:59] Vou mandar na Lista
[2017-08-05 22:25:25] Foi legal. Umas fantasias muito locas! Bem elaboradas
[2017-08-05 22:25:40] Amanhã to lá, novamente, para implatar um Biochip
[2017-08-05 22:27:39] Dahora
