[2016-07-31 16:37:58] photo: /home/felipe/devel/github_tvdstaaij/telegram-history-dump/output/media/Garoa_Hacker_Clube_(Público)/download_803711482_66336.jpg
[2016-07-31 16:38:04] Olá! Algum jovem pode ajudar nmeu MacBook idoso (3-1, OS X 10.5.8) a atravessar a rua até o Ubuntu 10.04.4??? (Segui a dica da "community", mas falta alguma coisa...) :-(
[2016-07-31 16:47:11] https://www.flickr.com/photos/felipesanches/3686939246/in/dateposted-public/
[2016-07-31 16:47:43] \o/
[2016-07-31 20:26:01] Galera, eu e o @renanpalmeira vamos desenvolver um mesmo projeto de duas formas diferentes. Este é um desafio que estou propondo a ele e iriamos desenvolver um mesmo projeto com duas linguagens diferentes, tecnologias diferentes e colocariamos no GitHub para vocês verem o desafio. Vocês tem alguma sugestão de ideia do q fazer?
[2016-07-31 20:45:31] Quais linguagens vcs vão comparar?
[2016-07-31 20:51:24] Qualquer uma, a gente não tem nenhuma preocupação com isso
[2016-07-31 20:54:04] É que dependendo do que for da para "sacanear" e escolher algo que é bem mais simples em em uma delas, kkkk
[2016-07-31 21:16:27] ótimo, @vmesel , façam pra mim um wrapper para o P5JS em Brython e outro em Skulpt...
[2016-07-31 21:18:43] Vejam uma prova de conceito em Brython:  http://jsfiddle.net/villares/g2sL3eza/
[2016-07-31 22:07:47] Você gostaria de palestrar sobre algum assunto no Grupy-SP dia 13/08?
Inscreva-se em https://www.meetup.com/pt-BR/Grupy-SP/events/232869373/
contamos com você.
[2016-07-31 22:10:49] Alguém aqui se interessa em aprender como funciona uma CPU por dentro ?
[2016-07-31 22:11:02] Eu
[2016-07-31 22:11:13] abri uma thread sobre isso na lista de emails...
[2016-07-31 22:11:47] Estou lendo um PDF chamado "Arquitetura e organização de computadores", acho que quando tiver acabado vou ter uma noção básica
[2016-07-31 22:17:23] https://groups.google.com/forum/#!topic/hackerspacesp/To03oUeCNI4
[2016-07-31 22:17:50] veja essa thread aí. Veja se te interessa.
[2016-07-31 22:21:24] Inline, você está inscrito na lista de emails do Garoa também ?
[2016-07-31 22:35:14] Mais alguém aqui interessado em estudo de projeto de CPUs?
[2016-07-31 22:42:14] Muito obrigado!
[2016-07-31 22:42:29] Não, onde posso me inscrever?
[2016-07-31 22:54:13] https://garoa.net.br/wiki/Como_participar
[2016-07-31 22:54:33] nessa página tem as instruções sobre como se inscrever na lista de emails
[2016-07-31 22:54:47] você já visitou o clube alguma vez?
[2016-07-31 23:34:38] Dia 13/08 teremos mini-curso de Shell Script no Grupy-SP
https://www.meetup.com/pt-BR/Grupy-SP/events/232869373/
levem seu notebook.
