[2017-01-28 01:26:58] Thalles Gremi added 
[2017-01-28 01:26:58] Hi Henrique !
[2017-01-28 10:55:16] Renata Marques Fabro joined
[2017-01-28 10:55:17] Hi Renata !
[2017-01-28 11:45:31] Anoel Azeredo Junior joined
[2017-01-28 11:45:31] Hi Anoel !
[2017-01-28 12:35:59] Não chamar as minas de princesa e feminazi é um passo!
[2017-01-28 12:58:58] Deuses me livrem das feminazi radfem.. princesa ok
[2017-01-28 13:16:46] Make Garoa um espaço seguro pras mina again
[2017-01-28 13:17:16] Apoiado! 👍👍👍
[2017-01-28 13:24:21] Mano, se tu chega me chamando de princesa, nem precisa falar mais nada z.z
[2017-01-28 13:24:29] Vai se ferrar
[2017-01-28 13:26:23] https://garoa.net.br/wiki/Carnahacking_2017
[2017-01-28 13:27:15] A confirmar, mas na Noite de Processing da terça de Carnaval
[2017-01-28 13:27:31] Monica deve falar de arte gerativa
[2017-01-28 13:28:25] e eu de Processing Modo Python
[2017-01-28 13:28:36] Que demais
[2017-01-28 13:28:42] Vou tentar vir
[2017-01-28 13:28:47] :))
[2017-01-28 13:29:05] Oi princesa
[2017-01-28 13:29:44] document: /home/felipe/devel/github_tvdstaaij/telegram-history-dump/output/media/Garoa_Hacker_Clube_(Público)/download_997587406687305812.webp
[2017-01-28 13:31:55] que tal a gente fazer um "garoa hacker faire" no arduino day, 4 abril, e chamar todos para mostar projetos
[2017-01-28 13:33:13] melhor no carnaval talvez
[2017-01-28 13:33:45] Abril tá muito longe. No carnaval é melhor mesmo!
[2017-01-28 13:35:25] photo: /home/felipe/devel/github_tvdstaaij/telegram-history-dump/output/media/Garoa_Hacker_Clube_(Público)/download_803709900_38543.jpg
[2017-01-28 13:36:19] heh
[2017-01-28 13:36:27] só não pode usar essas cores e esse layout
[2017-01-28 13:37:31] e como o Garoa é Hacker *Clube* (e não Club) acho que o nome do evento deveria ser "Garoa Hacker Feira" :-)
[2017-01-28 13:38:04] Feira Hacker do Garoa
[2017-01-28 13:38:21] Tipo uma feira de ciências
[2017-01-28 13:39:29] Ou mantém o garoa hacker Faire e muda o nome pra garoa clube hacker
[2017-01-28 13:39:47] Ou clube hacker garoa
[2017-01-28 13:44:54] Juro que esperava um xingamento mais pesado, tipo "Hacker do Bem" ou "Maker que aparece na Globo"
[2017-01-28 13:45:46] "você não passa de um MAKER!!!" LOL
[2017-01-28 13:46:03] photo: /home/felipe/devel/github_tvdstaaij/telegram-history-dump/output/media/Garoa_Hacker_Clube_(Público)/download_803110163_16964.jpg
[2017-01-28 13:46:44] Acho que tem que traduzir a palavra "hacker"
[2017-01-28 13:47:00] Isso eu deixo em pvt
[2017-01-28 13:47:19] Feira de Projetos do Garoa
[2017-01-28 13:47:54] Feira de Escovar bit e Piscar LED
[2017-01-28 13:48:14] Feira de Geringonças do Garoa
[2017-01-28 13:48:34] Feira Livre do Garoa (qdo for sobre SL)
[2017-01-28 13:49:23] hahaha
[2017-01-28 13:49:35] Garoa Hacker Feirrar
[2017-01-28 13:49:47] Feira do Livre
[2017-01-28 13:50:45] EXPO-Gambi
[2017-01-28 13:50:48] document: /home/felipe/devel/github_tvdstaaij/telegram-history-dump/output/media/Garoa_Hacker_Clube_(Público)/download_803113440_294.jpg
[2017-01-28 13:51:39] esse é o esboço do cartaz
[2017-01-28 13:53:15] cada um pode make o seu
[2017-01-28 13:54:06] Pavilhão do Mau-Contato
[2017-01-28 13:54:31] tudo bem ter um duzia de cartazes
[2017-01-28 13:58:35] Justo!
[2017-01-28 14:08:52] usar a palavra hacker tem duas vantagens a meu ver - atrair as pessoas certas e espantar as pessoas erradas...
[2017-01-28 14:11:10] Boa
[2017-01-28 14:13:44] Eu já vejo pelo contrário, atrair as erradas e espantar as certas kkk
[2017-01-28 14:14:40] bom tem muitas palavras disponiveis no dicionario
[2017-01-28 14:15:26] Hoje vai rolar algo a noite no garoa?
[2017-01-28 14:15:28] Não, mas eu acho legal usar hacker sim pra gente mostrar pra a galera o q realmente significa a palavra
[2017-01-28 14:15:34] photo: /home/felipe/devel/github_tvdstaaij/telegram-history-dump/output/media/Garoa_Hacker_Clube_(Público)/download_803735574_47973.jpg
[2017-01-28 14:15:53] Feira do Pastel Pizza e Rardiueri Livre
[2017-01-28 14:16:31] esta lotado de eventos no garoa hoje
[2017-01-28 14:16:56] Que horas inicia e vai ate ?
[2017-01-28 14:17:14] www.garoa.net.br
[2017-01-28 14:18:55] Nunca fui ao local, estou querendo ir hoje conhecer
[2017-01-28 14:19:03] Quem me indicou aqui foi o Mauro Baraldi
[2017-01-28 14:19:29] E conheco o Mauricio Mudrik, que sei que frequenta o local
[2017-01-28 14:42:41] Sim, hoje a partir das 15:00 tem Curso de Eletrônica e Quebrando o Cerco, às 18:00 vai ter curso de Servidores Linux... pretendo continuar no Garoa até umas 23:00...
[2017-01-28 14:53:05] Só vem! ;)
Mudrik tá aqui já.
Mauro faz um tempo que não aparece
[2017-01-28 14:55:33] Só uma dica, encontro de segurança, cuidado com seus dados entrando em redes desconhecidas 😂😂😂😂😂
[2017-01-28 15:15:26] Jonas Degrave joined
[2017-01-28 15:15:26] Hi Jonas !
[2017-01-28 15:16:27] Olá, bom dia
[2017-01-28 15:17:36] "Alohomora" <casts spell>
[2017-01-28 15:17:55] ~ spell fails ~
[2017-01-28 15:19:02] <inspect door>
[2017-01-28 15:19:24] ~ door is locked, turquoise paint is freesh ~
[2017-01-28 15:19:54] Entra ai Jonas
[2017-01-28 15:21:12] Ahuahaua
[2017-01-28 15:21:56] "sou noob, não tenho essa skill"
[2017-01-28 15:21:58] kkkk
[2017-01-28 15:36:24] @Gutemhc já estou a caminho e @Biazzotto ficarei para as 18hs tbm sobre sobre servidores Linux
[2017-01-28 15:36:53] Até mais galera
[2017-01-28 16:34:24] Freddy joined
[2017-01-28 16:34:24] Hi Freddy !
[2017-01-28 17:39:41] Ontem marcou os 50 anos do acidente da missão Apollo 1
[2017-01-28 17:39:46] http://spaceflightnow.com/2017/01/27/apollo-1-tragedy-remembered-50-years-later/
[2017-01-28 17:51:05] Luiz Roberto joined
[2017-01-28 17:51:05] Hi Luiz !
[2017-01-28 19:03:53] Guilherme Kenzo joined
[2017-01-28 19:03:54] Hi Guilherme Kenzo !
[2017-01-28 20:50:31] Diego joined
[2017-01-28 20:50:32] Hi Diego !
[2017-01-28 21:09:44] @Gutemhc e para o pessoal que tentou resolver o desafio Web (Bypass), hoje disponibilizei o writeup: https://youtu.be/iMdMtbKmvzc
[2017-01-28 21:29:07] Esse é aquele q tinha um login PHP?
[2017-01-28 21:29:38] Esse mesmo
[2017-01-28 21:30:14] Vou dar uma olhada, vlw mesmo hehe
[2017-01-28 21:31:15] Source rola?
[2017-01-28 21:34:00] Por enquanto não, vou ver se lanço o docker
[2017-01-28 21:35:27] boa
[2017-01-28 21:37:06] Ui, ele usa docker! Ai sim
[2017-01-28 21:47:43] como que vc deduziu que se nao era um banco musq
[2017-01-28 21:47:48] mysql era um mongodb?
[2017-01-28 21:49:47] 🤔
[2017-01-28 21:52:58] Na descrição do problema eu indico que há um novo elemento na stack de desenvolvimento. Da stack você tem certeza: Linux, PHP e Apache. Fica faltando confirmar que é MySQL, se não for, você reduz sua possibilidade. A questão é: Quando você tenta bypassar uma tela de login, pq você assume que é SQL Injection e não NoSQL? :)
[2017-01-28 21:53:24] Poderia ser qualquer banco..
[2017-01-28 21:53:39] a questao é.. vc nao tentou postgre, mssql, oracle.. e foi direto no nosql
[2017-01-28 21:54:03] Ele fez o desafio @anarcoder
[2017-01-28 21:54:07] vc tentou cada um ate cuspir o erro do banco?
[2017-01-28 21:54:09] O video é um writeup
[2017-01-28 21:54:19] aaaaaaa malandramente
[2017-01-28 21:54:23] kkkk
[2017-01-28 21:54:29] Ah, aueheua
[2017-01-28 21:54:33] Achei que você não sabia disso
[2017-01-28 21:54:37] Ops
[2017-01-28 21:54:40] Achei que já sabia disso
[2017-01-28 21:55:03] eu nao achei muito boa a dica.. ha um novo elemento... nao ha nada novo.. vc substituiu um banco por outro
[2017-01-28 21:55:07] Eu fiz o caminho feliz.. :P
[2017-01-28 21:55:16] Foi um dos desafios da Roadsec
[2017-01-28 21:55:20] Substituir é ter algo novo. Não?
[2017-01-28 21:55:58] bom quando eu li na descricao.. vc disse que tem um novo elemento dentro da arquitetura que vc descreveu
[2017-01-28 21:56:18] Sim, isso pode significar um elemento a mais ou uma substituição.
[2017-01-28 21:56:22] Isso não deixei claro.
[2017-01-28 21:56:35] linux (sistema operacional), apache(servidor web), o php que é teu back end .. e?? falta o que? um banco de dados
[2017-01-28 21:56:57] se vc troca um banco por outro eu achei que ficou um pouco confuso
[2017-01-28 21:56:58] Justo.
[2017-01-28 21:57:03] qdo vc fala que tem um novo elemento..
[2017-01-28 21:57:14] Sim, no vídeo eu menciono isso.
[2017-01-28 21:57:33] de boas.. mas de qualque forma eu gostei
[2017-01-28 21:57:35] =)
[2017-01-28 21:57:44] Massa. :)
[2017-01-28 22:05:21] curti
[2017-01-28 22:17:45] Hoje vi um negócio interessante, uma máquina CNC grande para cortar isopor
[2017-01-28 22:31:17] cortava com fio quente?
[2017-01-28 23:30:15] @manoelt valeu pelo video! 20 min bem gastos! 😊
[2017-01-28 23:32:24] Valeu, @cassias :)
