[2016-11-09 00:22:09] Ninguém mais vai palestrar no 9º aniversário do @grupysp ? http://bit.ly/2fd7HAe
[2016-11-09 00:42:42] @villares  isso matemaquina
[2016-11-09 00:45:27] ah…achei por um instante que você estava falando disto: https://en.wikipedia.org/wiki/Metamagical_Themas
[2016-11-09 08:42:07] Impressora 3d é o futuro
[2016-11-09 10:33:08] https://www.theguardian.com/commentisfree/2016/nov/09/donald-trump-us-president-nightmare
[2016-11-09 10:52:44] No Garoa não, falamos de política...
[2016-11-09 11:05:11] Make Garoa Great again
[2016-11-09 11:09:42] Ainda bem que eu falo de "não política", hahahaha...
[2016-11-09 11:39:47] Porque?
[2016-11-09 11:40:23] Garoa é a política que gostaríamos que o Brasil tivesse
[2016-11-09 11:40:38] Aí sim
[2016-11-09 11:43:10] Tem alguém que curte programar em python aqui?
[2016-11-09 11:50:14] o/    e você pode encontrar mais gente no https://telegram.me/grupysaopaulo tb…
[2016-11-09 11:50:48] Legal!
[2016-11-09 11:50:55] Também tenho um grupo depython
[2016-11-09 11:54:33] É com muita alegria que o projeto I Could Kill For Python se torna hoje oficialmente um filho da Vault!

Um grupo voltado exclusivamente para o aprendizado e/ou aprofundamento de uma das linguagens de programação mais poderosas e versáteis: o Python.
Você também poderá ter acesso ao drive do grupo, com diversos arquivos e + de 20 cursos sobre a linguagem e em constante desenvolvimento ;)

Nesse momento estamos precisando de voluntários, para nos ajudar a escrever um livro sem fins lucrativos sobre criptografia aplicada ao python (também precisamos de editores, designers ou no que você for melhor!). Mais infos sobre o livro: @marcelcarvalho

Um grupo Vault,
@ickfp | telegram.me/ickfp | github.com/ickfp
[2016-11-09 11:56:13] Frank joined
[2016-11-09 11:56:14] Hi alguém !
[2016-11-09 11:56:35] Hi Jack!
[2016-11-09 12:22:43] hijack ! :-)
[2016-11-09 12:22:50] Lenda urbana, desmarcada pelos Mitch Busters...
[2016-11-09 12:23:42] Se não falar de política, alguém fala por você (não tem vácuo no Poder).
[2016-11-09 12:25:00] "Mitch" :-)
[2016-11-09 12:42:50] #makegaroagreatagain
[2016-11-09 12:46:29] Se você quer discutir política, posso te indicar alguns grupos mais apropriados. Sugiro começar pelo https://telegram.me/hackersbrasil
Cada um no seu quadrado...
[2016-11-09 12:55:05] Passando para lembrar que é impossível não falar de política.  Tudo o que fazemos, até escovar os dentes, é político. (Mas pode estar se referindo à politica partidária)...
[2016-11-09 13:00:31] Pior ainda: se nós não fizermos política (isto é, se nos omitirmos), alguém sempre fará por nós!

Mas uma coisa é uma coisa e outra coisa é outra coisa. Aqui não é um grupo para discutir política partidária. Se quer fazer isso, procure outros grupos no telegram ou vai para o Facebook 😂
[2016-11-09 13:18:41] carajo, @anchisesbr , que merda de grupo eh esse que vc indicou? kkkk
[2016-11-09 13:22:56] ~processos disruptivos~
[2016-11-09 13:25:03] document: /home/felipe/devel/github_tvdstaaij/telegram-history-dump/output/media/Garoa_Hacker_Clube_(Público)/download_901807295229329443.webp
[2016-11-09 13:35:44] Tem piores... "o fundo do poço sempre é mais embaixo"
[2016-11-09 13:49:34] Não pode falar de política... Por isso que o país continua do mesmo jeito... E por isso que quem tem poder faz tudo que dá na telha.
[2016-11-09 13:53:47] vamos falar de arduino
[2016-11-09 13:53:49] de esp
[2016-11-09 13:55:55] document: /home/felipe/devel/github_tvdstaaij/telegram-history-dump/output/media/Garoa_Hacker_Clube_(Público)/download_527769605716836501.webp
[2016-11-09 14:01:51] Claro que pode falar de política!!! Por isso mesmo que existem grupos mais politizados no Telegram, e por isso mesmo que existe o Facebook!!!!
[2016-11-09 14:04:28] Ou melhor: em vez de discutir política só no grupo hackersbrasil e ver porn no grupo brasil-underground, vamos fazer tudo isso aqui!!! Peraí que eu já vou dar fwd dor porn deles dessa semana...
[2016-11-09 14:04:34] OK, de boas.
[2016-11-09 14:05:06] Receita
[2016-11-09 14:05:14] Ops... To sentindo uma treta
[2016-11-09 14:08:40] Não. Já acabou.
[2016-11-09 14:12:06] document: /home/felipe/devel/github_tvdstaaij/telegram-history-dump/output/media/Garoa_Hacker_Clube_(Público)/download_58023844232823441.webp
[2016-11-09 14:14:09] To curtindo esses stickers novos, eu não tinha eles ainda. kkk
[2016-11-09 14:15:47] document: /home/felipe/devel/github_tvdstaaij/telegram-history-dump/output/media/Garoa_Hacker_Clube_(Público)/download_135158025190113535.webp
[2016-11-09 15:47:59] Sábado dia 12/11 tem GDGDevFest https://sp.devfest.com.br/
[2016-11-09 15:59:47] document: /home/felipe/devel/github_tvdstaaij/telegram-history-dump/output/media/Garoa_Hacker_Clube_(Público)/download_272479773299573000.webp
[2016-11-09 16:12:39] Desconto de 50 reais, somente hoje, use o código STAYUDACIOUS
Uma oferta da Udacity (Luis Leão)
[2016-11-09 16:14:43] Boa
[2016-11-09 16:26:02] Hahahha, falar de política no Facebook.... Um monte de curtida puxa-saco, gente se organizando pra denunciar as contas dos adversários, gente xingando, puxando cabelo, e postando meme de Hitler.
[2016-11-09 16:28:58] Recebi agora no e-mail...
[2016-11-09 16:34:17] que engraçado esse grupo hoje... povo falando sobre falar de política
[2016-11-09 16:50:36] Desde que falar de política virou  ofender, muita gente ficou assim
[2016-11-09 16:51:29] acho melhor falar de religiao, eh mais racional
[2016-11-09 16:51:45] Que bom, que vc apareceu. É amanhã a aula na ETEC? Qual o endereço?
[2016-11-09 16:51:54] Tem alguém do ônibus hacker?
[2016-11-09 16:52:51] Amanhã na etec Guaracy Silveira - R. Ferreira de Araújo, 527 - Pinheiros, São Paulo - SP, 05428-001
[2016-11-09 16:53:26] Estarei lá as 19:00
[2016-11-09 16:53:36] document: /home/felipe/devel/github_tvdstaaij/telegram-history-dump/output/media/Garoa_Hacker_Clube_(Público)/download_41149003626184901.webp
[2016-11-09 16:53:40] Vamos ter uma mesa para colocar computador e Arduíno e conversar com alunos
[2016-11-09 16:53:51] ok
[2016-11-09 16:56:09] document: /home/felipe/devel/github_tvdstaaij/telegram-history-dump/output/media/Garoa_Hacker_Clube_(Público)/download_803712278_131491.jpg
[2016-11-09 16:56:26] apaga que dá tempo
[2016-11-09 16:57:07] Cheguei atrasado pra parte de política?
[2016-11-09 16:57:48] document: /home/felipe/devel/github_tvdstaaij/telegram-history-dump/output/media/Garoa_Hacker_Clube_(Público)/download_350346259065733351.webp
[2016-11-09 17:01:51] Arruma este user
[2016-11-09 17:18:43] Chegou atrasado pra Vida...
[2016-11-09 17:19:42] document: /home/felipe/devel/github_tvdstaaij/telegram-history-dump/output/media/Garoa_Hacker_Clube_(Público)/download_803705474_130777.jpg
[2016-11-09 17:26:46] IÉÈÈÈÈÈ....!!!!!!
[2016-11-09 17:30:42] Alguém interessado em um freelancer com experiência em Python e ciência(bioinformática). Estou procurando freela de qualquer área que esteja disposto a ensinar um pouco sobre o business e que permita um tempo de adaptação ao entendimento da ferramenta. Entendo de Python, Bancos de Dados SQL, Django, Flask, Testes, DevOps e tudo o mais
[2016-11-09 17:33:23] photo
[2016-11-09 17:41:15] Cara de moleque...
[2016-11-09 17:43:03] :D
[2016-11-09 17:43:48] Cadete da Polícia Federal?
[2016-11-09 17:44:07] Hahahaha...
[2016-11-09 17:44:10] olha o ombro do Japa!
[2016-11-09 18:15:19] Não vai dar pra ir amanhã na Etec :( 
De molho.
[2016-11-09 18:23:06] Amanhã vai ser só na Etec ou o Garoa também vai abrir?
[2016-11-09 18:24:12] Vai ter curso de férias de matemagica no ime
[2016-11-09 18:24:12] Qualquer um com 60 reais pode fazer
[2016-11-09 18:26:28] Uia!
[2016-11-09 18:27:09] Vai ter nos dois lugares (até onde entendi)
[2016-11-09 18:46:00] Aula sobre?
[2016-11-09 19:11:08] Noite do arduino, vamos fazer atividades com microcontroladores
[2016-11-09 19:33:57] Leandro Monteiro Dal Bó SME-SP joined
[2016-11-09 19:33:58] Hi Leandro dal Bó SME-SP !
[2016-11-09 19:34:39] Estarei apoiando no que for necessário
[2016-11-09 19:57:21] Se puder aparecer com o computador e algum projeto de Arduíno para mostrar, seria ideal
[2016-11-09 19:58:11] Vamos no Garoa, e também na ETEC
[2016-11-09 20:03:43] Liberaram os alunos da aula - então vão todos lá com a gente
[2016-11-09 20:12:32] 120 alunos
[2016-11-09 21:26:39] Hi!
[2016-11-09 21:26:40] Hi there! What is your name?
[2016-11-09 21:26:58] My name is Leandro!
[2016-11-09 21:27:11] My name is Leandro! And yours?
[2016-11-09 21:27:12] Hi Leandro, was it you I was speaking to a while back?                    I am bored! I would like to talk about astronomy.
[2016-11-09 21:27:44] Hi Jack
[2016-11-09 21:28:04] No, thanks, I want to talk about free technology worker-owned cooperatives!
[2016-11-09 21:28:05] Let's change the subject ... Shall I tell you a joke?
[2016-11-09 21:28:19] Please!
[2016-11-09 21:28:21] You are very polite.
[2016-11-09 21:28:35] Sure?
[2016-11-09 21:28:36] OK, here is a question fo you ... What is your favourite book?
[2016-11-09 21:29:11] Engraçado esse Jack
[2016-11-09 21:29:20] Poise
[2016-11-09 21:30:00] Mutual Aid: A Factor of Evolution
[2016-11-09 21:30:01] Shall I tell you something about evolution?
[2016-11-09 21:30:08] Yes!
[2016-11-09 21:30:09] Carry on then. I'm waiting for your next question.
[2016-11-09 21:30:19] Hahahah!
[2016-11-09 21:30:20] That amused you, didn't it?
[2016-11-09 21:31:10] não passou no teste de turing
[2016-11-09 21:31:51] document: /home/felipe/devel/github_tvdstaaij/telegram-history-dump/output/media/Garoa_Hacker_Clube_(Público)/download_803716812_130913.jpg
[2016-11-09 21:33:50] hahaha
[2016-11-09 21:44:01] Tenho dois robôs seguidores em construção
[2016-11-09 22:33:40] Seria ótimo
[2016-11-09 22:34:51] Parece que eles tem muitas aulas de eletrônica mas não tanto de programação, é o que estão com falta
[2016-11-09 22:40:50] Oi pessoal, estava vendo o comentário sobre NFC, mas tem algo sem ser o celular para recarregar bilhete único?
[2016-11-09 23:53:57] Estimadas pessoas, hackers, ativistas, criadoras, utilizadoras, modificadoras, aplicadoras, adaptadoras, disseminadoras de tecnologias que libertam, de métodos inovadores de melhorar a vida das pessoas, os processos produtivos, a gestão dos recursos, e que valorizam a interação entre as pessoas e a sociedade ao redor.

Um grupo heterogêneo de pessoas como nós vem se dedicando à criação de uma cooperativa de produção de soluções de software livre, hardware livre, robótica livre, entre outros temas afins como produção de audiovisual, cobertura e registro de eventos ao vivo, entre outras, e está convidando pessoas interessadas a construir este projeto. Como a maioria dos projetos, requer habilidades e conhecimentos não apenas técnicos mas, também, sociais, políticos, econômicos e jurídicos.

Estamos trabalhando ainda internamente, o projeto está nascendo fora de São Paulo e temos um pequeno grupo se formando aqui; esta idéia não pode passar longe do Garoa e de outros espaços e grupos afins, porém estamos buscando pessoas com alto nível de concordância com princípios como trabalho em equipe (super-heróis e cowboys and cowgirls precisarão antes se reeducarem), rejeição a todos os tipos de dominação e discriminação (incluindo, mas não limitando a patriarcado, racismo, homofobia, fundamentalismo religioso, formação acadêmica e origem social), cultura organizacional orientada pela ética, transparência de informações, autonomia (não às relações de dependência!), auto-organização, democracia interna, rotatividade nas diversas funções produtivas e administrativas (não pode se cristalizar uma casta de elite dominante) e assim por diante - sem contar os free software principles e o agile manifesto!

Já temos algumas pessoas entre elas engenheiras de aplicações, de infraestrutura de nuvem, automatização, hardware, robótica, produtoras de audiovisual e precisamos de, no mínimo, 20 pessoas altamente alinhadas em princípios e práticas para fundar a mais nova free technology worker-owned cooperative!

Estamos nos inspirando assim:
https://www.techworker.coop/
http://ica.coop/en/media/co-operative-stories/free-software-cooperative
https://www.facebook.com/facttic
https://pillku.org/article/las-tecnologias-libres-son-tecnologias-cooperativa/
http://libre.coop/
https://iotcomicbook.org/
    en: https://iotcomicbook.files.wordpress.com/2013/10/iot_comic_book_special.pdf
    pt-br: https://iotcomicbook.files.wordpress.com/2013/10/iot_comic_book_special_br.pdf

Como outras cooperativas, temos estimado interesse em trabalhar com educação participativa e produtiva, o que converge muito com os clubes e espaços hackers como o Garoa, porém precisamos todas e todos de renda e queremos gerar essa renda (e excedentes) cooperativamente. Da mesma forma queremos distribuí-la em projetos educativos para incluir comunidades periféricas na produção tecnológica.

Também estamos restringindo os membros fundadores a pessoas sem vínculo com partidos e/ou empresas, seja como sócio ou funcionário, ou dispostas a se desvincularem no ato de fundação da cooperativa, o que deve occorrer nos próximos meses. Após a fundação, temos alguns funcionários públicos e outras pessoas que pretendem atuar em conjunto em projetos da cooperativa. 

Pessoas interessadas em construir junto este projeto, vamos bater um papo no Garoa sexta-feira 11/11 às 21h e que seja a primeira de muitas reuniões até legalizar essa cooperativa! E que ela seja uma entre muitas novas cooperativas de tecnologia, inovação, mídia e conhecimento, formando uma grande federação com as outras já existentes!
