[2017-01-27 00:00:07] Ou tenta outras coisas
[2017-01-27 00:01:10] Achei q vc ia falar q era o porte físico e a barba q tava faltando
[2017-01-27 00:04:00] Nam
[2017-01-27 00:04:21] Tem muitas que gostam do não gordos barbudos
[2017-01-27 00:06:38] Tu tem que sair do mato primeiro
[2017-01-27 00:06:49] Só fica ordenhando vaca ai
[2017-01-27 00:07:13] Não vai ter jeito com as minas nunca
[2017-01-27 00:09:43] document: /home/felipe/devel/github_tvdstaaij/telegram-history-dump/output/media/Garoa_Hacker_Clube_(Público)/download_4922460269893910548
[2017-01-27 00:50:49] http://project2612.org/
[2017-01-27 01:04:26] Delicado igual um Bate Estaca... Hehehe
[2017-01-27 02:00:35] Kkkkk
[2017-01-27 02:24:11] photo: /home/felipe/devel/github_tvdstaaij/telegram-history-dump/output/media/Garoa_Hacker_Clube_(Público)/download_803110171_15102.jpg
[2017-01-27 07:56:43] Boa!
[2017-01-27 09:59:49] Famoso matuto
[2017-01-27 10:00:32] Acabei de ler este livro... ele apareceu grátis várias vezes nos últimos meses. Talvez porque lançaram uma segunda edição.
[2017-01-27 10:02:24] No geral eu gostei do livro, mas não é o que eu consideraria um "cookbook".
[2017-01-27 12:05:13] Vale o investimento, afinal, é gratuito né... 😉
[2017-01-27 13:03:50] Nem sempre o que é gratuito vale o investimento. Tem que se considerar o tempo que você irá dedicar fazendo o download e, de fato, tentando ler o treco. Às vezes não vale nem o investimento de tempo. 😊
[2017-01-27 13:05:01] Ou às vezes o material é muito bom, mas o seu tempo vale mais sendo investido em outra coisa. Por exemplo, lendo outro livro que valha mais ou fazendo qualquer outra coisa que você julgue ser um investimento melhor.
[2017-01-27 13:06:10] A Wikipédia inteira é gratuita. Nem por isso vale o investimento eu passar o resto da vida lendo todos os artigos 😊
[2017-01-27 17:26:37] Alguém no garoa agora? Alguém indo?
[2017-01-27 17:30:00] O @rodzil deve chegar umas 18h30
[2017-01-27 17:45:00] Estou indo para casa pegar o note
[2017-01-27 17:45:00] Ja ja colo lá
[2017-01-27 17:55:32] Estoy aqui
[2017-01-27 17:57:20] Bota música da Shakira na cabeça dos outros
[2017-01-27 17:58:37] hahaha pensei na mesma música, isso entrega idade
[2017-01-27 18:07:28] Servimos bem para servir sempre
[2017-01-27 18:08:01] êêê slogan de padaria
[2017-01-27 18:17:59] :)
[2017-01-27 18:21:47] pãozinho não sai faz um tempo, mas uma pizza de vez em quando sim
[2017-01-27 18:22:25] É um slogan livre :)
[2017-01-27 20:29:12] Hj tem o que?
[2017-01-27 20:29:52] Robô né?
[2017-01-27 20:30:55] Pizza, cerveja, musica 8 bits, paranóia, genéricos de arduino chineses que custam menos que um pão na chapa para dojos, little bits... e dizem que tem robôs
[2017-01-27 20:31:50] Boa noite o quebrando o cerco começa amanhã as 15, este horário ainda estarei saindo do serviço, se eu chegar aí as 16/16:30 será que dá para pegar algum aprendizado ainda?
[2017-01-27 20:31:50] Detalhe: sairei de São Caetano
[2017-01-27 20:44:13] Se não conseguir pegar conteúdo do Quebrando o Cerco, pode pegar o conteúdo do Linux para Servidores... um servidor mal configurado pode deixar muitas brechas de segurança...
[2017-01-27 20:45:29] A ideia é ir até as 18h, então ainda pega algo
[2017-01-27 21:35:48] Operação Serenata de Amor, no Jornal Nacional
http://globoplay.globo.com/v/5608268
[2017-01-27 21:36:02] document: /home/felipe/devel/github_tvdstaaij/telegram-history-dump/output/media/Garoa_Hacker_Clube_(Público)/download_4927495749681283310
[2017-01-27 21:50:40] 👍
[2017-01-27 22:01:51] Blz, amanhã estarei indo lá e vê se levo uma amiga de volta ao Garoa 😉
