[2017-04-28 08:58:12] Bom dia pessoal
[2017-04-28 08:58:27] Estou precisando de uma ideia
[2017-04-28 08:58:58] Quero desenvolver o projeto de um robô bem simples para fins educacionais
[2017-04-28 08:59:31] Então seria um arduino, dois motores, e alguma espécie de sensor simples
[2017-04-28 08:59:44] Minha dívida é
[2017-04-28 09:00:05] Qual seria o tipo de sensor mais adequado
[2017-04-28 09:00:20] Que seja simples e barato
[2017-04-28 09:00:47] Principalmente, que de pra fazer um projeto com o arduino
[2017-04-28 09:01:14] Tipo que coisa que com uma programação simples ele já saia funcionando
[2017-04-28 09:25:33] cara, eu arriscaria do HC-SR04, ultrasonico junto a um servo... aí tu pode fazer um hover. 😊
[2017-04-28 09:25:49] ou tu pode usar o módulo bluetooth e controlar pelo smartphone.
[2017-04-28 09:26:54] Olha um projetinho legal, utilizando o HC-SR04: http://www.instructables.com/id/Arduino-HC-SR04-Ultrasonic-Rover/
[2017-04-28 09:27:46] Vale lembrar que não precisa utilizar Motor Shield todo, apenas um L293 resolve.
[2017-04-28 09:44:21] Obrigado!
[2017-04-28 10:06:51] photo: /home/felipe/devel/github_tvdstaaij/telegram-history-dump/output/media/Garoa_Hacker_Clube_(Público)/download_803721283_112759.jpg
[2017-04-28 10:08:13] awesome!
[2017-04-28 10:08:29] Pena q n tem nenhuma atividade sendo tocada hj né :(
[2017-04-28 10:09:08] Sim :( nem de biohacking
[2017-04-28 10:10:28] https://spaceflightnow.com/2017/04/27/cassini-contacts-earth-after-flying-inside-saturns-rings/
[2017-04-28 10:35:25] greve geral
[2017-04-28 12:03:42] Não quis dizer hj de hj, dia 28 de abril, to falando que não tem nada a algum tempo até hj.
[2017-04-28 12:04:16] Pra quem quer aprender um pouco mais sobre Smart Contracts e Dapps, dia 7 de maio, as 15h, no Garoa 💋💋 
https://garoa.net.br/wiki/BlackBlockChain
[2017-04-28 12:10:05] Uma atividade de biohacking importante pra se pensar  seria inventar uma máquina de circulação extracorpórea de sangue para animais não humanos. Até hoje a Ciência não conseguiu criar uma. Quem sabe a criatividade hacker?
[2017-04-28 12:31:50] Esse é o tipo de desafio que gostaria de participar...
[2017-04-28 12:32:20] Tenho uma amiga Eng Biomédica, mas é do Interior. Quando ela estiver em SP, vou ver de levar ela no Garoa
[2017-04-28 12:33:26] Enquanto isso, Eu e o @vmesel começamos a falar de PCR e acabamos meio que abandonando o tema
[2017-04-28 12:34:21] To com algumas lentes de "Laser Points" para uma Oficina de Microscopio DIY, mas falta o resto do material
[2017-04-28 12:35:11] que é, basicamente, pedaços de acrilico, madeira, parafusos com porcas e arruelas, led e bateria
[2017-04-28 13:03:58] Gutem, madeira, parafusos, porcas, arruelas e led não tem no Garoa?
[2017-04-28 13:13:14] Tão acompanhando? http://dqsoft.blogspot.com.br/2017/04/z80-na-protoboard-rom-e-z80.html
[2017-04-28 13:30:21] Muito legal isso
[2017-04-28 17:16:44] Provavelmente tem
[2017-04-28 17:19:52] pessoal GHCamp III dias 29, 30/set e 01/out
[2017-04-28 17:20:36] Revenge of the Sith
[2017-04-28 17:35:35] Pra comemorar meu aniversário, que é dia 26 =)
[2017-04-28 17:41:31] document: /home/felipe/devel/github_tvdstaaij/telegram-history-dump/output/media/Garoa_Hacker_Clube_(Público)/download_1045404939746018469.webp
[2017-04-28 17:55:24] Esse será em Paranapiacaba?
[2017-04-28 18:00:31] Aha, uhu! Nós vamos comer seu bolo!
[2017-04-28 18:36:41] photo: /home/felipe/devel/github_tvdstaaij/telegram-history-dump/output/media/Garoa_Hacker_Clube_(Público)/download_803721418_114297.jpg
[2017-04-28 18:39:15] pfffff kkkkkkkkkkk quase morri de dar risada
[2017-04-28 20:55:00] @fernandoGuisso qual é o nome daquele tipo de arte que você mandou aqui daquele CTF?
Faz uns dias que mandou já
[2017-04-28 21:02:08] https://twitter.com/CNN/status/854228426173108224?s=09
[2017-04-28 21:02:58] Rapaz, fui perguntar, pq eu não sei o nome não
[2017-04-28 21:03:08] Não é steampunk q vc tá falando né?
[2017-04-28 21:03:40] Eu acho que sim.
Mas eu não lembrava desse nome deixa eu pesquisar aqui...
[2017-04-28 21:03:41] Aí, o cara disse q é cyberpunk
[2017-04-28 21:05:19] Beleza mannnnnn obrigado
[2017-04-28 21:06:51] steampunk é tipo fallout, uma realidade alternativa onde a sociedade não evolui tecnologicamente
[2017-04-28 21:07:26] cyberpunk é tipo morador de rua com wifi e macbook
[2017-04-28 21:07:43] gambiologia e pa
[2017-04-28 21:24:11] Não... SteamPunk seria algo como Era Vitoriana Inglesa onde TODA Tech é baseada em Vapor
[2017-04-28 21:24:16] Inclusive computadores
[2017-04-28 21:24:33] Fallout é Pós Apocaliptico
[2017-04-28 21:25:51] CyberPunk é "Low Life, High Tech"... Implantes corporais e proteses bionica são comuns e de facil acesso. Moradores de rua tem elas, bem como computadores e sabem programar, por exemplo
[2017-04-28 21:28:57] Para mim eh tudo gente grande arrumando desculpa para usar a capa do batman
[2017-04-28 21:31:12] 😂😂😂
[2017-04-28 21:36:10] http://money.cnn.com/video/technology/2017/04/28/elon-musk-boring-company-releases-video.cnnmoney/index.html
[2017-04-28 22:01:18] #fanboy kkkk
[2017-04-28 22:03:27] Falando em implante......
[2017-04-28 22:06:29] No fundo, é! rs
[2017-04-28 22:06:37] #Partiu?
[2017-04-28 22:07:13] #bora
#fodase
[2017-04-28 22:07:16] Ahahahhahahaah
[2017-04-28 22:08:17] Gosto assim! rs
[2017-04-28 22:08:53] acho que semana que vem chegam os primeiros imãs para fazer alguns testes de revestimento
[2017-04-28 22:09:08] "vamos" tentar produzir aqui no Brasil
[2017-04-28 22:09:24] onde "vamos" é basicamente Eu mesmo... rs
[2017-04-28 22:10:59] Imaaaaa
[2017-04-28 22:11:48] Muito loko também.....
[2017-04-28 22:12:04] Cara, se eu for fazer vasectomia, bobear já peço para botar um imã por perto
[2017-04-28 22:12:20] document: /home/felipe/devel/github_tvdstaaij/telegram-history-dump/output/media/Garoa_Hacker_Clube_(Público)/download_55490225845045047.webp
[2017-04-28 22:12:26] Rsrsrsrs
[2017-04-28 22:20:23] Faz mais 2 filhos antes de fechar a fábrica!
[2017-04-28 22:22:14] Produzir uq?
[2017-04-28 22:30:28] Imã para colocar no p...
[2017-04-28 22:30:36] Pé?
[2017-04-28 22:34:03] Sobre o hacker camp...
Sim, estou combinando com o pessoal da Steamcon de fazermos um camp junto com o evento deles, em Paranapiacaba. Não está confirmado ainda mas tem grande chance ;) vai ser em Agosto.
Além disso, teremos o segundo garoa hacker camp deste ano, sugestão do @eduoda
[2017-04-28 22:37:53] document: /home/felipe/devel/github_tvdstaaij/telegram-history-dump/output/media/Garoa_Hacker_Clube_(Público)/download_61206384934388060.webp
[2017-04-28 22:53:22] Imãs para implantes "sensoriais"
[2017-04-28 22:54:54] Tô ligado, aquela gambiarra w faz no dedo e o povo acha q tá sentindo a corrente passando
[2017-04-28 22:56:05] document: /home/felipe/devel/github_tvdstaaij/telegram-history-dump/output/media/Garoa_Hacker_Clube_(Público)/download_41149003626184875.webp
[2017-04-28 23:06:11] Ou no pé, como disse o Anchises
[2017-04-28 23:15:11] Se duas pessoas que tem isso na ponta do dedo encostarem seus dedos, elas ficam coladas!
[2017-04-28 23:15:16] ?
[2017-04-28 23:16:37] Seria fofo, tipo materializar a frase: "achei minha alma gêmea"
[2017-04-28 23:20:25] Aos responsáveis dá BSides Kids, @anchisesbr @yumizinha @Fabiohirano 
Quantas crianças costumam aparecer no evento?
[2017-04-28 23:27:03] Entre 10 e 50. Ultimamente, tendendo a 50 ou mais
[2017-04-28 23:34:56] 😱😱😱😱😱
[2017-04-28 23:35:27] Eita, eu não sei o q fazer com 50 crianças juntas não​, oloko
[2017-04-28 23:36:00] Mas isso tudo de uma vez?!?!
[2017-04-28 23:56:37] Quer moleza?
[2017-04-28 23:56:43] Rs
