[2016-11-29 00:54:24] engraçado... a gente fala aqui sobre pinto e a galera responde. Mas depois de um link técnico: silêncio.... :-(
[2016-11-29 00:55:25] escreve um link técnico sobre pinto
[2016-11-29 00:55:49] IoToy
[2016-11-29 00:57:05] 🐣ta ae meu pinto
[2016-11-29 00:57:12] Colaboração pro grupo
[2016-11-29 01:29:39] é o horário do sono
[2016-11-29 01:35:08] Grande Judá que bacana se entendi vc quer criar miniaturas de arcade....que massa eu busco coisas para fazer com rpi topo ajudar
[2016-11-29 01:35:20] #juca
[2016-11-29 01:37:41] O passo zero é rodar o MAME no RPi e ver se os jogos Gholly Ghost ou Galaxy Force II rodam com performance boa
[2016-11-29 01:50:54] Bora testar ...  será qye rasbian é uma boa opção para essa tarefa?
[2016-11-29 01:52:15] http://sourceforge.net/projects/mame4allpi/
[2016-11-29 01:53:00] Achei essa versão do mame otimizada para rpi acho que é um bom começo
[2016-11-29 01:55:48] não sei dizer
[2016-11-29 01:55:53] pra saber, só tentando
[2016-11-29 01:56:08] suspeito que não rode legal no RPi 1
[2016-11-29 01:56:24] acho que vai ter que usar um modelo mais novo, pra dar conta do recado
[2016-11-29 01:57:20] Tenho um rpi3 😊 acho que rola
[2016-11-29 02:14:51] pinto é bom, rola tb, mas tenho um pi Zero, será q vai?
[2016-11-29 02:15:55] vc usa a saída hdmi ou um display LCD?
[2016-11-29 02:16:21] Consegui rodar nos dois
[2016-11-29 02:16:54] legal
[2016-11-29 02:17:14] me avisa, por favor, sobre a performance depois que você rodar o MAME
[2016-11-29 02:17:21] Da um trabalho para configurar com perfeição no vga mas vai
[2016-11-29 02:18:17] Blza hj já encerrei aqui ... Vou qui e sexta no Garoa daí testo
[2016-11-29 02:18:30] beleza
[2016-11-29 06:23:22] Show, Juca... há uns anos perguntei para ums amigos qual era o nome desse jogo (Gholly Ghost)... além de não responderem, ainda me convenceram de que não existia, e que era fruto da minha imaginação... hahahaha...
[2016-11-29 08:58:29] document: /home/felipe/devel/github_tvdstaaij/telegram-history-dump/output/media/Garoa_Hacker_Clube_(Público)/download_55490225845046394.jpeg
[2016-11-29 08:59:15] Obra do Sirius por dentro, foto de ontem, acho.
[2016-11-29 09:16:26] Uma busca achou isto: http://choccyhobnob.com/articles/benchmarks-for-mame-on-raspberry-pi/
[2016-11-29 09:50:21] Fábio <Smart Vorax> joined
[2016-11-29 09:50:21] Hi Fábio !
[2016-11-29 10:10:19] Interessa
[2016-11-29 10:10:23] Interessante
[2016-11-29 10:35:17] Gente, quero agradecer todos do Garoa pelo aprendizado desse ano! Seu que ele ainda não acabou, mas como hoje teremos a última noite de processing do ano, estou em clima de comemoração. Foi ótimo conhecer gente nova, generosa, aprender, trocar, errar, experimentar. Espero que hoje seja uma festa, conlusão de um ciclo e início de um novo. Villares, obrigada pela caminhada conjunta <3 Venham todos! Fizemos até um botton comemorativo!
[2016-11-29 10:35:27] document: /home/felipe/devel/github_tvdstaaij/telegram-history-dump/output/media/Garoa_Hacker_Clube_(Público)/download_789525747621429288.jpeg
[2016-11-29 10:41:15] 😍
[2016-11-29 10:57:09] 😊
[2016-11-29 11:01:44] document: /home/felipe/devel/github_tvdstaaij/telegram-history-dump/output/media/Garoa_Hacker_Clube_(Público)/download_532584040717367790.mp4
[2016-11-29 11:13:17] document: /home/felipe/devel/github_tvdstaaij/telegram-history-dump/output/media/Garoa_Hacker_Clube_(Público)/download_309446659895460289.webp
[2016-11-29 11:34:10] Qual a previsão para finalização das obras e começar a operar?
[2016-11-29 11:35:18] Começa a ocupar antes do fim das obras
[2016-11-29 11:35:28] No fim do ano que vem
[2016-11-29 11:56:44] 👍
[2016-11-29 12:01:41] No primeiro semestre de 2018 começa o comissionamento
[2016-11-29 13:22:28] 🙌🏾✨✨🍻😀
[2016-11-29 13:38:11] Hangout Hoje:  https://www.youtube.com/watch?v=MJTMQ9oPA5w
[2016-11-29 17:17:29] 👍😘😎
[2016-11-29 17:18:10] Hoje é atividade festiva no Garoa?
[2016-11-29 17:18:14] Uhulll adoro
[2016-11-29 17:23:16] A partir de que horas vocês vão estar no Garoa, Monica @villares  ?
[2016-11-29 17:24:00] 18h30 já devo estar lá
[2016-11-29 17:25:01] Chego as 18:30 com ale
[2016-11-29 17:28:40] 👍🏾
[2016-11-29 17:36:56] Poxa, nem vou conseguir ir, trabalho até tarde mas queria um
[2016-11-29 18:07:18] Tô na Bienal, saio daqui a pouco, vou comer algo e vou pro Garoa...
[2016-11-29 18:36:03] Já estamos aqui
[2016-11-29 18:46:06] Já estou a caminho!
[2016-11-29 20:16:04] photo: /home/felipe/devel/github_tvdstaaij/telegram-history-dump/output/media/Garoa_Hacker_Clube_(Público)/download_803701378_142850.jpg
[2016-11-29 20:43:42] photo: /home/felipe/devel/github_tvdstaaij/telegram-history-dump/output/media/Garoa_Hacker_Clube_(Público)/download_803703379_142829.jpg
[2016-11-29 20:53:06] Mano... O que está rolando?
[2016-11-29 20:54:20] Noite de processing e synth
[2016-11-29 21:17:15] DJ HAHAH
[2016-11-29 21:17:30] Tá tendo afterparty do Processing
[2016-11-29 21:25:03] photo: /home/felipe/devel/github_tvdstaaij/telegram-history-dump/output/media/Garoa_Hacker_Clube_(Público)/download_803712910_143818.jpg
[2016-11-29 21:30:17] Isso que é sonho de ter uma filha hein!!! kkkk
[2016-11-29 22:51:19] XXX / Érobos joined
[2016-11-29 22:51:20] Hi Matt !
[2016-11-29 22:55:09] @anchisesbr animal a decoração do Garoa, valeu!
[2016-11-29 22:56:26] Valeu pela ajuda e pelas compras gente!
[2016-11-29 23:21:30] Ficou sensacional @Yumizinha  e @anchisesbr  :)
