[2016-09-23 02:45:51] photo: /home/felipe/devel/github_tvdstaaij/telegram-history-dump/output/media/Garoa_Hacker_Clube_(Público)/download_803701193_100026.jpg
[2016-09-23 02:45:53] photo: /home/felipe/devel/github_tvdstaaij/telegram-history-dump/output/media/Garoa_Hacker_Clube_(Público)/download_803701738_101055.jpg
[2016-09-23 02:46:41] Apenas como referências, acabei de passar no extra e tinha essas 2 tvs em "promoção" (nem sei se está barato mesmo)
[2016-09-23 02:47:02] Aproveitei e comprei um monte de salsicha para sábado
[2016-09-23 08:15:19] Certa vez meu pai veio me visitar, então fui ao Extra (na Brigadeiro) pra comprar uns queijos pra uma tábua de frios, já que ele gosta muito. Voltei com uma TV, e acho até que esqueci do queijo. Até hoje minha TV recebe o carinhoso nome de "Queijinho".
[2016-09-23 09:22:14] Está caro
[2016-09-23 09:53:18] Lançamos o site da próxima BsidesSP - ainda tá um pouco tosco, mas já quebra o galho. Para quem não anotou na agenda, vai ser no fim de semana de 19 e 20/11, então fica mais fácil para o pessoal que vier no Roadsec SP colar também na BSides: 
http://sp13.securitybsides.com.br
Daqui a pouco eu coloco a pagina de CFP.
[2016-09-23 12:08:28] achei que ta legal!
[2016-09-23 12:08:53] o modelito do e-hal fia a disposicao se quiserem usar um dia
[2016-09-23 12:33:43] Boa!
[2016-09-23 14:15:26] Olha, Anchises, recomendo. Fácil de mexer e ficar bonito
[2016-09-23 14:23:02] E ai a gente já testa a segurança tb :)
[2016-09-23 14:47:30] Para se a lembrar do Arthur Dent... http://followthecolours.com.br/just-coolt/the-pilot-traducao-simultanea/
[2016-09-23 14:48:10] Babel fish... robotico
[2016-09-23 14:54:05] http://hotsite.fiesp.com.br/hackathon
[2016-09-23 14:54:47] A descrição está desatualizada mas o link está certo
[2016-09-23 17:13:55] Cuidado, na América a SmarTV assiste VOCÊ.
[2016-09-23 17:21:27] photo: /home/felipe/devel/github_tvdstaaij/telegram-history-dump/output/media/Garoa_Hacker_Clube_(Público)/download_803718507_101368.jpg
[2016-09-23 17:21:53] Hora de descontração.
[2016-09-23 17:22:35] document: /home/felipe/devel/github_tvdstaaij/telegram-history-dump/output/media/Garoa_Hacker_Clube_(Público)/download_368739082848698861.webp
[2016-09-23 17:45:45] Roberto Rangel joined
[2016-09-23 17:45:45] Hi Roberto !
[2016-09-23 17:46:11] Enton Nascimento joined
[2016-09-23 17:46:12] Hi Elton !
[2016-09-23 17:46:26] I awe!!
[2016-09-23 18:04:37] Tem esse adaptador para o ESP8266 ESP12E, mas custa 12,90 reais:
http://produto.mercadolivre.com.br/MLB-791525612-placa-adaptadora-esp-12e-em-protoboard-_JM

A vantagem é que se adapta muito melhor á protoboard...
[2016-09-23 18:20:00] @rg3915 Pode agendar o Coding Dojo do Grupy-SP, pode ser no período da manhã ou da tarde, pois não irá conflitar com o "Quebrando o Cerco" ou com o "OnLine".

Só seguir as instruções:
https://garoa.net.br/wiki/Como_Criar_um_Evento
[2016-09-23 18:21:53] quebrando é só no último sabado do mês
[2016-09-23 18:31:26] Alguém entende de xenserver aqui?
[2016-09-23 19:23:09] Apgaua joined
[2016-09-23 19:23:10] Hi Apgaua !
[2016-09-23 19:55:12] para todos os efeitos, nao tem internet no garpa
[2016-09-23 19:55:14] garoa
[2016-09-23 19:55:44] you've been warned
[2016-09-23 19:57:02] Mas tem sinal de wifi próximo né?? 😈😈
[2016-09-23 19:57:17] Hehe
[2016-09-23 20:21:07] photo: /home/felipe/devel/github_tvdstaaij/telegram-history-dump/output/media/Garoa_Hacker_Clube_(Público)/download_803703599_100204.jpg
[2016-09-23 21:04:56] #crisenogaroa
[2016-09-23 22:58:12] Quando abre as inscrições para o BSides?
