[2016-12-12 06:40:16] Já foi, hoje não mais pois se fosse acabaria com a unicidade da decomposição de números compostos em fatores primos. Ex.: 6=2.3 é a única decomposição em fatores primos de 6. Se 1 fosse primo poderíamos ter 1.2.3 ou 1.1.2.3, etc. Oq invalidaria essa propriedade
[2016-12-12 06:41:47] Tenho interesse nisso, sou matemático e estou tentando montar um grupo de estudo em criptografia na faculdade onde trabalho.
[2016-12-12 06:46:38] Oq houve com o grupo do Garoa?
[2016-12-12 07:01:28] So no euclides estendido? rs
[2016-12-12 07:02:38] eu tive essa materia na faculdade foi a mais legal de todas..
[2016-12-12 07:02:50] matematica aplicada a criptografia
[2016-12-12 07:04:02] Opa
[2016-12-12 07:04:10] Falou my language
[2016-12-12 07:04:13] document: /home/felipe/devel/github_tvdstaaij/telegram-history-dump/output/media/Garoa_Hacker_Clube_(Público)/download_647710020611342495.webp
[2016-12-12 07:04:21] document: /home/felipe/devel/github_tvdstaaij/telegram-history-dump/output/media/Garoa_Hacker_Clube_(Público)/download_497148546185691249.webp
[2016-12-12 07:04:37] Também gosto
[2016-12-12 08:04:45] Eles estão todos lá no garoa. Só a última atividade que foi cancelada
[2016-12-12 08:10:50] galera, como explicar para um leigo em bitcoin q está há um mês no negócio q usar carteiras de sites online e traders não é seguro e como tbm explicar para um cara desse que ele deixar o dinheiro na trader ele pode correr o risco de se ferrar(a pessoa acha q o dinheiro está na blockchain)
[2016-12-12 08:13:53] copia e cola isso
[2016-12-12 08:14:13] falei pra ele isso pessoalmente
[2016-12-12 08:14:16] ele continua operando
[2016-12-12 08:15:15] Eu tenho coração peludo. Deixa perder grana
[2016-12-12 08:15:24] ia fazer isso memso
[2016-12-12 08:15:27] acho q merece
[2016-12-12 08:15:41] O último encontro marcado no site tem data de 23/01/16, onde fico sabendo as atualizações e novas datas?
[2016-12-12 08:16:04] é o mesmo site que este cara do video tá usando: https://youtu.be/jzWWQ-DHSlA
[2016-12-12 08:18:30] Esse está certo. O de dezembro que cancelou
[2016-12-12 08:19:16] @Yumizinha além disso, o cara tá usando um robo trader
[2016-12-12 08:19:24] e se vc for olhar o codigo do cara
[2016-12-12 08:19:47] http://prntscr.com/die9dq
[2016-12-12 08:19:53] criptografado hUSAHUUHASSAHUSAHUA
[2016-12-12 08:47:59] Que tal um evento sobre Bitcoin e blockchain no Garoa? Aí vc convida ele rs. Se ele não for, dane-se 😀#Euvou
[2016-12-12 08:48:20] vc sabe q isso seria bem bacana
[2016-12-12 08:48:32] pena q é foda usar btc no dia  adia
[2016-12-12 08:48:43] é quase uma poupança que corre risco de desvalorizar
[2016-12-12 08:51:48] Vini, conta pra ele do que já aconteceu no passado com empresas que "cuidavam" das carteiras dos clientes. Aquela japonesa e uma outra.
[2016-12-12 08:52:03] Certo dia, "foram hackeados" e os donos sumiram.
[2016-12-12 08:52:06] Rsrs
[2016-12-12 08:52:57] Eu topo! Especialmente se for sobre blockchain.
[2016-12-12 10:22:52] https://www.youtube.com/watch?v=UdmHHpAsMVw
[2016-12-12 10:23:35] hoje vai ter um lançamento diferente: a NASA vai lançar 8 mini-satélites usando um foguete que será solto no ar a partir de um avião
[2016-12-12 10:23:49] (se eu entendi direito)
[2016-12-12 10:29:26] sim, é isso mesmo
[2016-12-12 10:29:39] parece que o avião vai voar agora
[2016-12-12 10:29:49] e cerca de uma hora depois vai lançar o foguete
[2016-12-12 10:29:54] Show
[2016-12-12 10:30:33] Matemática...
[2016-12-12 10:31:53] eles estão agora aguardando o taxiamento do "chase plane" que é a outra aeronave que vai transmitir vídeo do lançamento
[2016-12-12 10:39:46] o avião levantou voo
[2016-12-12 10:39:58] agora estamos aguardando a decolagem do chase plane
[2016-12-12 10:44:38] o chase plane (um F18) decolou :-)
[2016-12-12 10:45:00] http://spaceflightnow.com/2016/12/12/cygnss-mission-status-center/
[2016-12-12 10:57:14] o caça está voando lado-a-lado com o avião-lançador
[2016-12-12 10:57:21] as imagens são muito legais!
[2016-12-12 10:58:00] photo: /home/felipe/devel/github_tvdstaaij/telegram-history-dump/output/media/Garoa_Hacker_Clube_(Público)/download_803716786_151518.jpg
[2016-12-12 11:33:07] Existe o conceito de cold wallet e hot wallet.

A cold wallet deve ficar com a maior parte dos bitcoins, armazenado em um dispositivo totalmente offline, e de confiança, de preferência com redundância (mais de um backup).

As hot wallets são usadas para trading, armazenam pouco valor, e de preferência deve possuir várias, em mais de trader, para reduzir os riscos de operação.
[2016-12-12 12:04:57] Fala para ele ler sobre o Crash do Mtgox
[2016-12-12 14:07:17] Parece que eles tiveram um problema na bomba hidráulica e cancelaram o lançamento, será refeito amanhã as 11:30. No canal  Space Today (em pt br) vai ter live.
[2016-12-12 15:17:49] Christian joined
[2016-12-12 15:17:50] Hi Christian !
[2016-12-12 18:01:04] Aviso aos proprietários
[2016-12-12 18:01:20] Better Embedded System SW: Better Reboot Your Boeing 787 Every Three Weeks
https://betterembsw.blogspot.com.br/2016/12/better-reboot-your-boeing-787-every.html?utm_content=buffer07067&utm_medium=social&utm_source=facebook.com&utm_campaign=buffer&m=1
[2016-12-12 18:24:28] Espero que esse post chegue em quem tem que chegar... Tipo os mecânicos de Linhas Aéreas.
[2016-12-12 18:32:14] Alguém vai abrir o Garoa hoje?
[2016-12-12 18:43:10] Alguém vai abrir o Garoa?
[2016-12-12 20:07:33] nao
[2016-12-12 21:15:47] Leandro Silva joined
[2016-12-12 21:15:48] Hi Leandro !
