[2017-05-05 00:17:16] Garoa aberto?
[2017-05-05 03:03:11]  joined
[2017-05-05 03:03:12] Hi Andreas !
[2017-05-05 10:05:12] Yeah!!!!
[2017-05-05 10:05:37] Instalação feita com sucesso ontem de noite!
[2017-05-05 10:07:26] Para quem vai na BSidesSP, nós temos um grupo do Telegram para falar sobre o evento: https://t.me/BSidesSaoPaulo
[2017-05-05 10:11:32] irei brincar um pouco depois vou terminar um projeto
[2017-05-05 10:41:08] https://cpa.cryptorave.org/pt-BR/CR2017/public/events
[2017-05-05 10:41:31] Começando hoje a cryptorave
[2017-05-05 10:42:16] queria muito ir pena que sou do interior
[2017-05-05 11:21:40] 😀
[2017-05-05 11:23:16] quero fazer uma vista ae no Garoa !
[2017-05-05 11:29:38] wikileaks new
https://www.reddit.com/r/WikiLeaks/comments/69ethl/wikileaks_vault_7_part_viii_archimedesfulcrum/
[2017-05-05 11:29:43] coisinha boa
[2017-05-05 12:41:20] Boa tarde,Link para cadastro de entrada está disponível?
[2017-05-05 12:42:33] fallout é steampunk porque como eu disse, a civilização estagnou tecnologicamente e culturalmente nos anos 50
[2017-05-05 12:43:26] exato a produtora desse jogo gosta de jogos do genero steampunk outro titulo famoso é bioshock
[2017-05-05 12:44:23] no jogo original que é o wasteland, as referências ao mundo pré apocalipse são da época de lançamento do jogo
[2017-05-05 12:44:46] no caso o wasteland é mais cyberpunk mesmo
[2017-05-05 12:45:12] tem inclusive os médicos fabricando androides e botando implantes robóticos nas pessoas
[2017-05-05 12:45:47] em falar nisso cyberpunk 2077 será muito bom
[2017-05-05 12:45:53] lançou video semana passada
[2017-05-05 12:45:56] do combat
[2017-05-05 12:46:05] true story
[2017-05-05 13:26:49] Também sou e não é de SP
[2017-05-05 14:22:49] tu palestra que horas, @corvolino ?
[2017-05-05 14:26:33] Dia 6 9:30, minha intenção é falar para iniciantes, se tiver umas 5 pessoas já tá mara
[2017-05-05 14:28:49] tem algum palestrante sobre redes anonimatos,meshnet,p2p? no garoa?
[2017-05-05 15:24:11] Como você terá certeza de que o CI que você está comprando faz apenas o que o datasheet diz?
[2017-05-05 15:24:32] Exatamente isto @fsanches
[2017-05-05 15:25:01] Você entendeu o meu ponto.
[2017-05-05 15:26:38] #OFFTOPIC

Sei que é de fora do escopo do grupo, mas alguém aqui sabe onde eu posso mandar fabricar lentes sob medida? Preciso de uma biconvexa e de uma plano-convexa. Ainda preciso calcular a distância focal de cada uma delas.

Estou fazendo um protótipo onde irão duas lentes. Um amigo daqui do grupo vai fabricar o suporte destas lentes em impressora 3D pra mim.
[2017-05-05 15:40:10] Quem irá hoje para a Cryptorave?
[2017-05-05 15:41:19] Eu
[2017-05-05 15:43:08] Isso não é off-topic aqui !
[2017-05-05 15:43:50] Então a gente se tromba lá fElho
[2017-05-05 15:47:07] Haha, ainda bem
[2017-05-05 15:47:25] Eu estava pensando em ir numa óptica, mas não sei se é mais apropriado para isto.
[2017-05-05 15:47:54] Como se trata de um protótipo, eu não quero ter que gastar lá uns 1000,00 para testar uma ideia.
[2017-05-05 15:48:09] E ainda tem a parte de impressão 3D e outros equipamentos que vão me custar um monte.
[2017-05-05 15:48:59] Pensei em tirar uma lente de uma lupa, mas eu preciso de uma plano-convexa para corrigir o feixe e deixar ele retílineo.
[2017-05-05 15:50:21] Não sei se teria como colocar uma backdoor em um chip TTL, praticamente impossível. Já outros chips, só removendo o invólucro de epoxi com ácido para analisar o circuito.
[2017-05-05 15:50:45] Pense em processadores.
[2017-05-05 15:51:30] photo: /home/felipe/devel/github_tvdstaaij/telegram-history-dump/output/media/Garoa_Hacker_Clube_(Público)/download_803119918_24470.jpg
[2017-05-05 15:51:30] photo: /home/felipe/devel/github_tvdstaaij/telegram-history-dump/output/media/Garoa_Hacker_Clube_(Público)/download_803117827_24436.jpg
[2017-05-05 15:52:10] Is the Intel Management Engine a backdoor? - TechRepublic
http://www.techrepublic.com/article/is-the-intel-management-engine-a-backdoor/
[2017-05-05 15:52:43] Talvez seja um troll.
[2017-05-05 15:53:05] Fazendo assim ó: http://www.righto.com/search/label/Z-80
[2017-05-05 15:53:25] Mas eu já vi tanta coisa bizarra, que eu não duvido mais de nada.

Se eu fizesse parte de uma agência se segurança, eu faria backdoors em hardware. Faz mais sentido do que backdoors em software.
[2017-05-05 15:54:14] Ken Shirriff é especialista em engenharia reversa em processadores...
[2017-05-05 15:54:25] Isto é engenharia reversa usando microscópio.
[2017-05-05 15:54:46] O que estou dizendo é que as backdoors (se é que elas existem) viriam de fábrica.
[2017-05-05 15:55:19] E eu quero saber como você vai enxergar no microscópio os transistores a 5~8nm da Intel
[2017-05-05 15:55:21] Não tem jeito melhor em descobrir backdoor em processador, só dissecando mesmo!
[2017-05-05 15:56:01] Eu não sei, mas deve ter alguém que manje dos paranaues...
[2017-05-05 15:56:17] @sergiovl leia isto aqui
[2017-05-05 15:56:43] Há um módulo nos processadores Intel que tem acesso a todo o hardware. Isto não lhe parece estranho?
[2017-05-05 15:56:48] isso é real
[2017-05-05 15:56:51] saiu faz 2 dias
[2017-05-05 15:56:52] Desculpe, sem tempo
[2017-05-05 15:56:56] hoje ja saiu mais um exposed
[2017-05-05 15:57:06] https://www.reddit.com/r/WikiLeaks/comments/69ethl/wikileaks_vault_7_part_viii_archimedesfulcrum/
[2017-05-05 15:57:18] Isto daí já tem um tempo.
[2017-05-05 15:57:25] sim
[2017-05-05 15:57:38] https://hardware.slashdot.org/story/17/05/01/228211/intel-patches-remote-execution-hole-thats-been-hidden-in-its-chips-since-2008
[2017-05-05 15:57:38] http://www.phoronix.com/scan.php?page=news_item&px=INTEL-SA-00075
[2017-05-05 15:57:59] Backdoors em hardware são reais.
[2017-05-05 15:58:18] a nsa ja faz isso a mais de 15 anos
[2017-05-05 15:58:22] O que eu sugeri láaaa em cima é que a única forma de nos livramos disto é fabricando processadores em casa.

Talvez isto ainda demore dezenas de anos para se tornar realidade.
[2017-05-05 15:58:27] so leigos em informação na sabem
[2017-05-05 15:58:40] eles tem um projeto fechado com tais laços
[2017-05-05 15:58:40] E talvez nunca se torne, já que processadores são jóias delicadas.
[2017-05-05 15:58:50] interceptao dados por via radio
[2017-05-05 15:58:55] trabalhoso mas funciona
[2017-05-05 16:00:33] https://wikileaks.org/vault7/releases/#Archimedes
[2017-05-05 16:00:36] Só faz mais sentido ter backdoors em hardware e não em software. Software não é facilmente portável, software atualiza e, embora seja complexo, é possível fazer engenharia reversa.

A backdoor em hardware é impossível de ser tirada. Não é fácil de ser detectada e vai em cada processador.

Pensem em câmeras, computadores, smartphones. 

Se eu quisesse fazer um programa de vigilância global, obrigaria as fabricantes de processadores a colocarem um backdoor em cada chip que processador que saia da fábrica.
[2017-05-05 16:03:12] QUANTUM (programa de vigilância) é o codinome de um programa secreto da NSA, que invade e monitora computadores off-line , em todo o mundo, via ondas de rádio. [7] Foi revelado pelo The New York Times em 14 de janeiro de 2014, com base em documentos fornecidos por Edward Snowden.
A tecnologia secreta, permite à NSA inserir e alterar dados em computadores, mesmo que eles não estão conectados à Internet. Quantum também ataca efetivamente iPhones e servidores de redes. Com o tempo, a NSA atualizou a tecnologia para torná-lo mais fácil de acessar os sistemas de computador sem a necessidade de acesso físico.
Com QUANTUM, a NSA acessa computadores através de ondas de rádio m emitidas a partir de uma variedade de dispositivos personalizados, colocados à disposição da NSA pela pela Unidade da NSA chamada Operações de acesso adaptado (TAO). Uma estacão receptora e transmissora de ondas de rádio, também colocada à disposição da NSA pela TAO , pode acessar o computaodr atacado e captar os sinais que se destinam aos sistemas de análise e armazenamento de dados da NSA.
O QUANTUM se utiliza de um destes dispositivos, o de codinome "Cottonmouth I", que é uma USB na qual foi inserida de maneira não perceptível, uma placa de circuito impresso que é, na verdade, um transmissor-receptor de ondas de rádio usado para transmitir e receber dados do computador que esta sendo alvo de ataque pela NSA
e por ai vai
[2017-05-05 16:04:06] Será que isto tem alguma relação com as backdoors da Qualcomm?
[2017-05-05 16:04:15] acredito que sim
[2017-05-05 16:04:26] so que ninguem ligou os pontos com isso pois falta de informação
[2017-05-05 16:04:33] https://pt.wikipedia.org/wiki/Qualcomm
[2017-05-05 16:04:33] Hackers podem usar ondas sonoras para controlar o seu smartphone: http://gizmodo.uol.com.br/hackers-ondas-sonoras/
[2017-05-05 16:04:34] mas pelo que vi é tudo ligado
[2017-05-05 16:04:43] sim isso mesmo
[2017-05-05 16:04:46] Isto aqui é bizarro.
[2017-05-05 16:04:54] @chaosboy és de computação?
[2017-05-05 16:04:57] bate com o documentos do QUANTUM
[2017-05-05 16:05:06] Manja de criptoanálise e side-channel attacks?
[2017-05-05 16:05:13] sim sou especializado em darknet e criptografia
[2017-05-05 16:05:25] meu hobbie é brincar com topologia
[2017-05-05 16:06:05] Legal
[2017-05-05 16:06:26] Eu iria para área de cripto. Mas acabei indo para microeletrônica.
[2017-05-05 16:06:53] acho legal essa area
[2017-05-05 16:07:12] Parei de estudar cripto no início deste ano, logo quando eu estava começando a entender curvas elípticas.
[2017-05-05 16:07:43] isso é lindo  é classico
[2017-05-05 16:08:36] Você trabalha com isto?
[2017-05-05 16:08:41] https://www.pcgamesn.com/nvidia/production-process-details-stolen
[2017-05-05 16:09:17] sim  porem prefiro nao divulgar o nome do meu cliente
[2017-05-05 16:09:28] Tudo bem
[2017-05-05 16:09:50] O quê em "criptografia" você trabalha?
[2017-05-05 16:10:16] Criptografia aplicada, criptoanálise, auditoria...
[2017-05-05 16:10:44] criptoanalise
[2017-05-05 17:02:17] http://thehackernews.com/2017/05/hacking-wordpress-blog-admin.html
[2017-05-05 17:04:04] https://i.imgur.com/lD5nY9Q.jpg
[2017-05-05 20:34:57] Desculpe a ignorância... o que são backdoors?
[2017-05-05 20:35:29] hoje começa a criptorave
[2017-05-05 20:46:32] Ignorância é não querer saber, desculpo sim, Backdoor é uma brecha na autenticação, as vezes proposital para se ter acesso a algum sistema, as vezes não proposital.
[2017-05-05 20:47:21] Não precisa ser na autenticacao, mas qualquer método que seja uma brecha para bypassar alguma coisa
[2017-05-05 20:50:37] Bom evento, ando morto de cansaço...
[2017-05-05 20:52:36] Começou
[2017-05-05 20:59:23] 🎉
[2017-05-05 21:35:01] https://cpa.cryptorave.org/pt-BR/CR2017/public/schedule/1
