[2017-06-23 12:54:10] Nessa semana teremos 2 lançamentos da SpaceX. Um Falcon 9 usado vai voar pela segunda vez hoje a partir de Cabo Canaveral, na Flórida, às 3 da tarde. E um Falcon 9 novinho vai voar no domingo a partir da base da força aérea em Vandenberg, na Califórnia. Ambos terão transmissão ao vivo a partir do site http://www.spacex.com/webcast
[2017-06-23 12:54:41] https://twitter.com/SpaceX/status/878259699367297025
[2017-06-23 13:21:57] photo: /home/felipe/devel/github_tvdstaaij/telegram-history-dump/output/media/Garoa_Hacker_Clube_(Público)/download_803120540_75944.jpg
[2017-06-23 14:04:58] photo: /home/felipe/devel/github_tvdstaaij/telegram-history-dump/output/media/Garoa_Hacker_Clube_(Público)/download_803114468_75979.jpg
[2017-06-23 14:16:49] https://www.tecmundo.com.br/camera-digital/118212-pesquisadores-desenvolvem-camera-100-digital-sem-lentes.htm
[2017-06-23 15:29:21] https://twitter.com/elonmusk/status/878313692986621953
[2017-06-23 15:30:54] document: /home/felipe/devel/github_tvdstaaij/telegram-history-dump/output/media/Garoa_Hacker_Clube_(Público)/download_24991512752292796.webp
[2017-06-23 15:53:56] começando
[2017-06-23 16:09:10] 60 segundos...
[2017-06-23 16:19:58] conveniente essa perda de sinal, hein? acho que foi montagem, hahaha
[2017-06-23 16:20:19] pousou torto mas pousou na plataforma...
[2017-06-23 16:20:40] costuma cair o sinal por conta de interferência do próprio foguete se aproximando
[2017-06-23 16:20:49] saquei
[2017-06-23 16:20:54] a balsa fica no meio do nada no oceano. O link é via satélite
[2017-06-23 16:22:06] eu não costumo acompanhar o space x, manjo nada
[2017-06-23 16:25:57] bom... domingo tem mais um :-)
[2017-06-23 16:29:04] esse de agora também vai pousar?
[2017-06-23 16:29:57] o de domingo vai ser na costa oposta, na Califórnia
[2017-06-23 16:30:11] Em, sim, vai tentar pousar também
[2017-06-23 16:30:15] mas será um foguete novo
[2017-06-23 16:30:33] esse de hoje era um foguete usado. Esse foi o segundo vôo e segundo pouso desse.
[2017-06-23 16:30:54] https://twitter.com/SpaceX/status/878334097596203010
[2017-06-23 16:30:59] massa
[2017-06-23 16:31:20] mas digo, esse stage 2 que tá passando pela africa agora vai pousar tb? esse de agora?
[2017-06-23 16:31:25] o segundo estágio acabou de chegar na costa da África :-P
[2017-06-23 16:31:43] sim, to vendo
[2017-06-23 16:32:34] nem sempre rola, mas às vezes eles conseguem mostrar imagens do satélite sendo solto em órbita, separando do segundo estágio e terminando oficialmente a missão
[2017-06-23 16:34:15] ah, entendi. eu não sabia nem que a ideia era lançar um satelite. haha
[2017-06-23 16:34:32] Próximo lançamento será no domingo. Segue detalhes abaixo: https://www.reddit.com/r/spacex/comments/6bp4fj/iridium_next_constellation_mission_2_launch/
[2017-06-23 16:35:07] hahaha. O render 3D do webcast deu uns glitches.
[2017-06-23 16:35:35] momentaneamente mostrou o estágio 2 de volta sobre a costa da flórida
[2017-06-23 16:35:48] e ficou pra trás um traço errôneo na trajetória
[2017-06-23 16:35:58] cruzando o planeta
[2017-06-23 16:36:35] o contador de tempo também tá meio bugado hoje. Com um pouco de flickering
[2017-06-23 16:37:02] ouvi dizer que é feito em javascript e webgl
[2017-06-23 16:38:45] to falando que é montagem. igual ao homem na lua. :D
[2017-06-23 16:39:05] :-P
[2017-06-23 16:40:02] aiai..
[2017-06-23 16:40:12] uiui..
[2017-06-23 16:40:59] Isso seria ainda do projeto Iridium paralisado a anos atrás por falta de verba para lançar os satélites pela NASA?
[2017-06-23 16:42:06] Será o segundo lançamento da nova geração da frota de satélites Iridium.
[2017-06-23 16:42:11] https://twitter.com/elonmusk/status/878334920141135872
[2017-06-23 16:44:43] 👏
[2017-06-23 16:45:05] vamos ver o satélite indo embora...
[2017-06-23 16:45:36] foi-se...
[2017-06-23 16:45:39] :-)
[2017-06-23 16:46:26] O que eles deveriam fazer agora é um jeito de resgatar esse estágio 2 que não volta pra Terra...
[2017-06-23 16:47:14] pois é...
[2017-06-23 16:47:24] mas isso é absurdamente mais difícil
[2017-06-23 16:48:01] dado que a energia é cubicamente proporcional à velocidade
[2017-06-23 16:48:32] Bom, o mais absurdo era o foguete principal voltar, isso já conseguiram fazer com maestria...
[2017-06-23 16:49:28] Eles já disseram que vão tentar. Mas também que é absurdamente difícil. O ponto de vista otimista é que eles não tem nada a perder tentando.
[2017-06-23 16:50:38] Certamente, como já conseguiram grandes feitos, vai que agora conseguem mais esse
[2017-06-23 16:52:14] mas o que mais me empolga é o iminente vôo inaugural do Falcon-Heavy, que deve acontecer em algum momento ainda este ano. https://www.youtube.com/watch?v=4Ca6x4QbpoM
[2017-06-23 16:54:49] Esse vai ser animal, pense na potencia desse foguete!
[2017-06-23 16:55:18] Será o foguete mais potente em operação no mundo
[2017-06-23 16:55:35] hoje em dia o mais potente é o Delta 4 Heavy, da United Launch aliance
[2017-06-23 16:56:24] mais que o Delta 4 Heavy, (e que o Falcon Heavy) só o Saturn V, que levou a humanidade à Lua
[2017-06-23 16:57:14] ia falar dinheiro, mas aparentemente isso não é problema pra eles
[2017-06-23 16:57:51] Aí por volta de 2020 (e pouco) veremos o vôo inaugural do colossal ITS (Interplanetary Transport System) https://www.youtube.com/watch?v=0qo78R_yYFA
[2017-06-23 16:58:51] vamos começar uma flame: Musk > Jobs
[2017-06-23 16:59:05] no, thanks
[2017-06-23 17:05:04] Dinheiro é problema sim. Saiu um artigo essa semana no Business Insider afirmando que a SpaceX gastou cerca de 1 bilhão de dólares no desenvolvimento de foguetes reutilizáveis e fazendo uma estimativa de quanto tempo vai levar para o restorno do investimento, agora que os foguetes começaram a conseguir pousar e voar novamente. http://www.businessinsider.com/spacex-reusable-rocket-launch-costs-profits-2017-6?r=US&IR=T&IR=T/#like-other-orbital-class-rockets-the-falcon-9-has-two-main-rocket-stages-and-a-payload-fairing-the-first-stage-booster-is-the-biggest-section-2
[2017-06-23 17:06:44] A previsão de acordo com o modelo financeiro mais pessimista dos 3 modelos esboçado pela Business Insider fala em retorno do investimento em cerca de 5 anos!
[2017-06-23 17:07:06] Me parece uma notícia muito boa!
[2017-06-23 17:08:04] Mas não explica como vão pagar o próximo grande projeto que é o foguete pra colonizar Marte, o Interplanetary Transport System...
[2017-06-23 17:08:42] só 5? parece ótima! se comparar com a situação das instituições públicas brasileiras é 4x menos!?
[2017-06-23 17:08:43] https://twitter.com/elonmusk/status/875770056323420160
[2017-06-23 17:09:42] pois é... também acho.
[2017-06-23 17:09:54] elon musk falou pouco sobre o projeto de terraformar, to super ansioso
[2017-06-23 17:11:06] E eles levaram 15 anos da abertura da empresa até pousar um Falcon 9... recuperar o investimento em 5 anos me parece uma previsão de tempo bem curto e de muito sucesso, mesmo
[2017-06-23 17:11:44] vixe... Isso aí não vamos ver em vida...
[2017-06-23 17:13:44] tenho esperanças num possível breakthrough, nem que seja primitivo e leve agua em pó *risos*
[2017-06-23 17:19:25] Sério, para um projeto foda desse, ter previsão de lucro já é fantástico.
[2017-06-23 18:34:05] Não só tem previsão de lucro como tem como princípio ser a estratégia de financiamento prum projeto ainda mais ousado, que é construir a infraestrutura necessária para a criação de uma cidade com 1 milhão de habitantes em Marte.
[2017-06-23 20:38:13] https://makezine.com/2017/06/13/open-source-ideals-engineering-genius-helm-adafruit-maker-revolution-manufacturing/
