[2016-11-03 00:13:43] Confira esta vaga na EY: https://www.linkedin.com/jobs2/view/210164919
[2016-11-03 07:46:42] Estava sim, mas só vi sua msg agora, kkkk

Mal consigo acompanhar esse grupo....
[2016-11-03 08:28:08] não de acordo com a gpl
[2016-11-03 08:30:44] se você linkou seu código com codigo GPL (não importa se são 100 ou um milhão de linhas), você tem que passar o código para quem recebeu o binário e a obra completa passa a ser regida pela GPL. quem recebeu o código, se repassar o binário, tem que repassar com todos os direitos que recebeu.
[2016-11-03 08:38:37] Toshio joined
[2016-11-03 08:38:38] Hi Claudio !
[2016-11-03 11:58:01] Pedro T. R. Pinheiro joined
[2016-11-03 11:58:02] Hi Pedro !
[2016-11-03 13:25:24] https://twitter.com/juca_gnu/status/794194023963643904
[2016-11-03 13:39:53] D'angelo Martins joined
[2016-11-03 13:39:54] Hi Dmud0 !
[2016-11-03 13:40:09] /addchannel@ChannelsStatBot
[2016-11-03 13:41:26] @fsanches Não funcionou o https://fontbakery.appspot.com/ pra mim
[2016-11-03 14:06:59] Agora que eu consegui ler tudo. Que legal que gostaram da atividade Glitch Nights
[2016-11-03 14:07:14] Quem tiver brinquedos eletronicos de criança (tecladinhos "da barbie"), Pense Bem, Genius, com luzinhas, etc) não jogue fora, doe pra gente fazer Circuit Bending nas Gitch Nights. 😅
[2016-11-03 14:10:08] Rubens Arena joined
[2016-11-03 14:10:09] Hi Rubens !
[2016-11-03 14:27:36] por que não funcionou?
[2016-11-03 14:27:41] o que aconteceu?
[2016-11-03 14:27:56] não apareceu nada no terceiro passo
[2016-11-03 14:28:10] importe a fonte garoa bold
[2016-11-03 14:28:30] ok, vou tentar
[2016-11-03 15:26:02] Alguém vai para o Garoa hj?
[2016-11-03 15:28:09] Pretendo dar uma passada.
[2016-11-03 15:50:47] Ey
[2016-11-03 15:50:50] Eu
[2016-11-03 15:50:54] Ainda não chegou o Fim do Mundo, portanto tem Noite do Arduino
[2016-11-03 15:51:07] atmega!
[2016-11-03 15:51:23] hmmm... atmel avr8 !
[2016-11-03 15:51:29] correto
[2016-11-03 15:51:38] noite do microcontrolador generico
[2016-11-03 15:51:42] :-)
[2016-11-03 15:52:07] Noite das MCUs
[2016-11-03 15:53:12] algum dia vai existir um aberto
[2016-11-03 15:53:22] https://en.wikipedia.org/w/index.php?title=Microcontroller_unit
[2016-11-03 15:54:22] Daqui 5 anos a CPU do Patinho Feio cairá em domínio público. E então poderemos dizer que o Brasil tem uma CPU de hardware livre! LOL
[2016-11-03 15:55:23] Os esquemáticos já estão disponíveis na internet (sempre estiveram disponíveis ao público, só que até ano passado só mediante consulta na biblioteca).
[2016-11-03 15:56:12] Entretanto, o direito autoral ainda não caducou, e os projetistas na época provavelmente (certamente!) desconheciam questões de licenciamento livre de tecnologia.
[2016-11-03 15:56:58] Legal, vou conhecê-los hj
[2016-11-03 16:07:30] Leonardo joined
[2016-11-03 16:07:30] Hi Leonardo !
[2016-11-03 16:56:40] Que legal !!! 👍
[2016-11-03 17:13:25] Futuro próximo. Deve rolar logo o kickstarter de um mcu aberto, da Colômbia
[2016-11-03 17:13:52] Nas últimas noites que eu estive tinha mais ESP8266 que atmega.
[2016-11-03 17:38:05] Algo a ver o Barragán, cuja tese de mestrado deu origem ao Wiring que foi chupinhado por um dos orientadores dele, o Banzi?
[2016-11-03 17:43:39] Ainda tem pra vender o Garoa Dojo Shield?
[2016-11-03 17:58:44] Por enquanto não, infelizmente :(
[2016-11-03 18:38:50] Não sei, não conheço à história para ligar os pontos.
[2016-11-03 19:27:16] Tem alguém no garoa?
[2016-11-03 19:31:14] http://garoahc.appspot.com parece estar funcionando
[2016-11-03 19:32:02] Está funcionando...
[2016-11-03 19:32:29] Obrigado Fabio, não conhecia esse link... O DQ abriu pra mim
[2016-11-03 19:33:03] Na página principal também aparece...
[2016-11-03 19:46:27] Sem problemas! Boa visita! :)
[2016-11-03 20:08:38]  joined
[2016-11-03 20:08:39] Hi Nelthar !
[2016-11-03 20:09:52] Hi Jack ! ;)
[2016-11-03 20:12:53] @DQuadros eu estava pesquisando hoje sobre coding dojo  e isso me levou a conhecer o site de vcs, me deu uma vontade de entrar nesse clube... Pena que moro longe 😕. Também me apaixonei pelo seu blog, amor a primeira vista hehe ❤
[2016-11-03 22:09:20] Algum ex aluno da etec Guaracy ?
[2016-11-03 22:10:04] Vamos lá na semana que vem, seria legal se algum ex aluno for também
