[2017-05-08 06:57:12] MIke voce tem algum grupo de meshnet aqui no telegram?
[2017-05-08 07:13:42] Porra... Seria massa se tivesse
[2017-05-08 07:14:32] sim , desconheço uma comunidade meshnet no brasil 
existia no rio grande do sul e outros estados porem nunca mais vi nada sobre elas
[2017-05-08 09:04:06] Bom dia ráquers
[2017-05-08 09:04:44] Alguém sabe me dizer de um lugar que tenha impressão colorida barata? De preferência frente e verso
[2017-05-08 09:57:28] Pessoal, alguém tem o contato dá galera que está organizando isto? Nós aqui do Centro de tecnologia acadêmica queremos entrar em contato com eles.
[2017-05-08 10:00:21] Tem o ale Siqueira, me mandou uns panfletos na crypto
[2017-05-08 10:01:24] Mandei msg pra ele
[2017-05-08 10:04:44] Toshio added Sickeira
[2017-05-08 10:04:44] Hi Sickeira !
[2017-05-08 10:05:05] O Sickeira é do wikilab
[2017-05-08 10:07:11] Welcome aboard!
[2017-05-08 10:07:12] Tem um grupo
[2017-05-08 10:07:30] Quem quiser ser incluído diz aí
[2017-05-08 10:12:35] Eu tenho, me manda mensagem no Pvt
[2017-05-08 10:19:46] Estamos buscando estes hardwares compatíveis http://libremesh.org/docs/hardware/index.html
[2017-05-08 10:47:05] Bota pfv
[2017-05-08 11:04:55] Bom dia...
[2017-05-08 11:05:36] Tenho contato com o meu xará, Sergio Amadeu que está encabeçando o projeto.
[2017-05-08 11:06:28] Dessa lista, mais provável pegar os TP-Links, os Ubiquitis são uma fortuna...
[2017-05-08 11:26:14] Tplink wdr4300 não é tão barato também
[2017-05-08 11:26:45] Pessoal aqui em SP tem usado o wdr3500 que é bom mas não tão caro
[2017-05-08 11:29:36] O wr842nd é carne de vaca, tem aos montes no ML, deve ter na santa também, mas tem que procurar nas lojas de usados...
[2017-05-08 13:48:26] Poderia me passar o contato dele, nós do CTA, gostaríamos de fazer uma proposta de colaboração.
[2017-05-08 13:50:04] samadeu1(Skype)
https://www.facebook.com/sergioamadeu (Face)
[2017-05-08 13:51:17] Muito obrigado!!
[2017-05-08 16:45:13] estamos configurando um tplink wa850re e um 842nd com a firmware freifunk
[2017-05-08 17:07:35] 👍
[2017-05-08 17:25:46] Acho que GNU e software livre são coisas diferentes. Não são necessariamente o tipo de política que me referi
[2017-05-08 17:27:18] E vc consegue esclarecer a diferenças entre essas "políticas"?
[2017-05-08 17:28:55] Software Livre é a luta pela liberdade de uso de software, de copiar, modificar, de usar.
Marxismo é luta de classes. 

O que uma coisa tem a ver com a outra?
[2017-05-08 17:30:35] E quais as relações entre os dois?
[2017-05-08 17:32:39] Vc "definiu" cada uma e fez uma pergunta, mas acho que o ônus de esclarecer isso ainda está contigo se pra ti faz sentido a distinção entre diferentes tipos de política. Acho válido esclarecer isso pra ficar claro o que vc pediu.
[2017-05-08 17:38:39] Nenhuma.
[2017-05-08 18:18:18] Tem alguém, ou vai alguém que manha de eletrônica hoje no garoa ?
[2017-05-08 18:20:16] Manja 👌
[2017-05-08 18:22:05] Euu
[2017-05-08 18:22:17] Por favor 👼
[2017-05-08 18:27:22] Igor joined
[2017-05-08 18:27:22] Hi Igor !
[2017-05-08 18:30:06] Mike gostaria de entrar no grupo
[2017-05-08 20:30:16] @eduoda parece tua cara https://www.youtube.com/watch?v=NFvMC3l3fGY
[2017-05-08 20:44:13] document: /home/felipe/devel/github_tvdstaaij/telegram-history-dump/output/media/Garoa_Hacker_Clube_(Público)/download_1045404939746018613.webp
[2017-05-08 21:49:51] Fabiano joined
[2017-05-08 21:49:52] Hi Fabiano !
[2017-05-08 21:52:42] Por acaso trombei nessa belezinha e achei legal
[2017-05-08 22:00:38] 👏👏👏
[2017-05-08 23:35:22] Ambos são política. Não dá pra quer proibir um debate e permitir o outro só por que você gosta de um e não gosta do outro.
