[2018-01-10 00:20:42] tnks!
[2018-01-10 02:42:46] photo: /home/felipe/devel/github_garoa/Telegram_logs_Garoa_Hacker_Clube_Publico/media/Garoa_Hacker_Clube_(Público)/download_805513918_74143.jpg
[2018-01-10 02:42:46] Está funcionando :-D
[2018-01-10 02:47:10] https://forum.fiozera.com.br/t/resgate-historico-do-computador-patinho-feio-usp-1971/58
[2018-01-10 02:49:01] 🙌😀
[2018-01-10 04:10:27] já dá pra jogar space invaders?
[2018-01-10 05:37:19] Uau!!! Parabéns!!! 👏👏👏
[2018-01-10 08:18:52] oi, gente, bom dia! tudo bem? publicamos ontem o relatório fruto do nosso monitoramento do debate sobre a reforma do CGI (consultas públicas e audiência pública), analisando o contexto político e sistematizando as contribuições enviadas.

buscamos mapear os pontos em debate, os principais argumentos levantados e os agentes engajados, usando uma metodologia similar a que utilizamos nas consultas públicas do decreto do MCI e do APL de dados pessoais.

adoraríamos receber comentários! a íntegra está disponível aqui:

http://www.internetlab.org.br/pt/conjuntura/o-que-esta-em-jogo-no-debate-sobre-o-cgi-br/
[2018-01-10 08:32:59] https://en.m.wikipedia.org/wiki/Modified_Modular_Jack
[2018-01-10 08:33:10] Oi gente blz?
[2018-01-10 08:33:26] Alguem sabe onde posso conseguir um conector desse acima?
[2018-01-10 08:34:13] (Mais precisamente um cabo DB9-MMJ, utilizado em antigos computadores DEC, mas se tiver so o conector eu faço o cabo)
[2018-01-10 09:31:00] Ainda não. Essa placa aó é só o estágio de decodificação dos opcodes, para identificar qual instrução determinado valor numérico de opcode representa. O computador inteiro ainda precisa de muito mais placas para de fato fazer o sequenciamento de micro-operações, geração e distribuição de sinais de clock, interfaceamento com memória, dispositivos de entrada e saída, fluxo de dados (com os registradores de uso geral), uma ULA simples com somador e incrementador, interface com o painel frontal (drivers para as luzes, flipflops para os botões) etc...
[2018-01-10 09:31:35] Pra você ter uma idéia, o computador inteiro ocupa 16 folhas de esquemáticos e essa placa aí é apenas uma dessas folhas.
[2018-01-10 11:30:30] document: /home/felipe/devel/github_garoa/Telegram_logs_Garoa_Hacker_Clube_Publico/media/Garoa_Hacker_Clube_(Público)/download_24991512752292796.webp
[2018-01-10 11:53:24] X1c0 joined
[2018-01-10 12:52:49] https://twitter.com/dseabraoliveira/status/951086682681544704
[2018-01-10 12:59:01] document: /home/felipe/devel/github_garoa/Telegram_logs_Garoa_Hacker_Clube_Publico/media/Garoa_Hacker_Clube_(Público)/download_207947112288094023.webp
[2018-01-10 15:18:37] Pessoal, , sábado vamos fazer uma organização no deposito do Garoa. Quem puder vir para ajudar, agradeço :)
[2018-01-10 15:24:49] Sabado tbm tem marcado uma Brassagem de Cerveja, para retomada das atividades etilicas.
[2018-01-10 15:59:14] Tem é? Então, por favor, avisar o responsável pela atividade para postar na Wiki...
[2018-01-10 16:10:52] Qual o horário da brassagem. Pela manha?
[2018-01-10 16:12:31] Não sou o resp pela atividade, mas habitualmente ocorre a partir de 12:00
[2018-01-10 16:38:33] Não falei que é vc o resp, falei pra avisar o resp, pois não tem na Wiki e o ultimo email sobre brassagem na lista publica  é do meio do ano passado e aqui no Telegram, a ultima menção de brassagem é de 29/10/17
Logo, a Atividade não existe esse sáb.
[2018-01-10 16:39:37] Zoado isso de atividade que não está na wiki :(
[2018-01-10 16:41:19] E não é problema de cache. Fui ver se estava editada a Wiki e fosse delay do cache, mas não...
Não colocaram na Wiki.
[2018-01-10 16:59:46] Onde está que vai ter? O responsável confirma?
[2018-01-10 17:19:21] O conselho cervejeiro está em deliberação a respeito e confirmará tão logo alcance um consenso.
[2018-01-10 17:26:57] Sobre a cerveja, ontem consegui o contato de um ilustrador da Marvel e da dreamworks, mostrei o Garoa e ele achou sensacional e se dispôs para criar um rotulo legal, fico no aguardo se vcs topam
[2018-01-10 17:28:24] Na minha próxima visita tratei algumas garrafas para degustar em casa!!!
[2018-01-10 17:30:10] Por falar em garrafas, por favor tragam.  Mas tem que ser garrafa com tampa que exige abridor, aquela de rosquear não dá para colocar tampinha nova.
[2018-01-10 17:32:23] O ideal é flip-top, como a hacker-pshorr  http://www.beersofeurope.co.uk/media/catalog/product/cache/1/image/9df78eab33525d08d6e5fb8d27136e95/pimages/HackerPschorrMunchnerRadler.jpg
[2018-01-10 17:32:44] Show, gostou?
[2018-01-10 17:34:56] Curti para kct...
[2018-01-10 17:51:42] document: /home/felipe/devel/github_garoa/Telegram_logs_Garoa_Hacker_Clube_Publico/media/Garoa_Hacker_Clube_(Público)/download_150229821346022369.webp
[2018-01-10 18:00:37] Já topei!
[2018-01-10 18:05:26] Legal, ai sim
[2018-01-10 18:14:57] Tenho uma similar a essa aqui
[2018-01-10 18:15:04] ☎Alô! De onde falam?
- Google´s pizza.
... - Mas este telefone não era da Pizzaria do Gordo?
- Sim senhor, mas a Google comprou.
- OK. Anote meu pedido.
- O Senhor vai querer a de sempre?
- A de sempre? Você me conhece?
- Segundo nossa planilha de dados do identificador de chamadas, nas últimas 12 vezes, o senhor pediu meia quatro queijos, meia calabresa, massa grossa.
- Tá! Vai esta mesmo...
- Posso sugerir-lhe, desta vez, meia ricota, meia rúcula com tomate seco.
- O quê? Odeio verduras.
- É que seu colesterol não anda bom, senhor...
- Como você sabe?
- Cruzamos o número de sua linha fixa com seu nome, pelo guia de assinantes. 
Temos o resultado dos seus exames de sangue dos últimos 7 anos.
Além disso, segundo dados da seguradora, o senhor tem consultado um cardiologista. 
- Ok, mas eu não quero essa pizza! Já tomo remédio...
- Desculpe-me, mas o senhor não tem tomado remédio regularmente. 
Pelo nosso banco de dados comerciais, faz 4 meses que o senhor adquiriu uma caixa com 30 comprimidos para colesterol com desconto na Rede Drogasil, onde é cadastrado.
Parcelou em 3 vezes sem acréscimo, conforme informações da administradora do seu cartão Visa final 5692.
- Posso ter comprado com cheque ou dinheiro, seu esperto...
- Só se foi em dólares não declarados.
O senhor emitiu apenas 2 cheques nos últimos 3 meses, segundo seus dados bancários.
Suas retiradas em dinheiro costumam ser de R$ 750,00 e ocorrem pouco antes do dia 10, possivelmente para pagar sua empregada que recebe esse salário desde maio. 
- Até o salário da empregada... Como você sabe?
- Pelo valor do INSS que o senhor recolhe mensalmente através do banco online.
- Vá se danar, seu metido!
- Me desculpe, senhor, utilizamos tais informações apenas com a intenção de ajudá-lo. 
- Chega! Estou de saco cheio de google, facebook,  twitter, Whats App, tablets, falta de privacidade. Vou para as ilhas Fiji ou, sei lá, para outro lugar sem internet, TV a cabo, onde celular não dê linha e com ninguém para me vigiar.
- Entendo senhor... Só uma última coisinha...
- O que foi agora?
- Seu passaporte está vencido.
[2018-01-10 18:27:55] Baseado em fatos reais
[2018-01-10 18:56:43] É para isso que serve a lista de eventos na wiki!!!
[2018-01-10 19:00:38] photo: /home/felipe/devel/github_garoa/Telegram_logs_Garoa_Hacker_Clube_Publico/media/Garoa_Hacker_Clube_(Público)/download_806118031_23015.jpg
[2018-01-10 19:15:24] photo: /home/felipe/devel/github_garoa/Telegram_logs_Garoa_Hacker_Clube_Publico/media/Garoa_Hacker_Clube_(Público)/download_805514091_74660.jpg
[2018-01-10 19:19:53] M. Rejewski joined
[2018-01-10 19:44:17] Boa noite pessola
[2018-01-10 19:44:40] Estou com uma ideia de projetar uma solução para ajudar a agricultura familiar
[2018-01-10 19:44:52] Algum projeto de irrigação automatizada com arduino
[2018-01-10 19:45:09] E gostaria de disponibilizar parte do projeto no github
[2018-01-10 19:45:15] nós temos algo disso na wiki
[2018-01-10 19:45:17] Alguém gostaria de embarcar nesta?
[2018-01-10 19:53:36] Vou procurar na wiki
[2018-01-10 20:06:36] Nao tenho experiencia com arduino ainda, mas a temática me interessa bastante
[2018-01-10 20:06:36] Alguém gostaria de embarcar nesta?
[2018-01-10 20:07:38] GotaSerena++ não inventa Guisso
[2018-01-10 20:07:54] document: /home/felipe/devel/github_garoa/Telegram_logs_Garoa_Hacker_Clube_Publico/media/Garoa_Hacker_Clube_(Público)/download_1244824411647770764.webp
[2018-01-10 20:20:07] http://www.bbc.com/news/av/technology-42634501/ces-2018-ikeyp-smart-safe-proves-easy-to-crack-open assistam
[2018-01-10 20:27:38] Alguém ai está conseguindo baixar,artigo do sci hub? estou tentando um e não rola
[2018-01-10 20:37:26] https://sci-hub.tw/
[2018-01-10 20:37:34] duh
[2018-01-10 20:37:47] ta tendo B.O. para baixar sem indicar o DOI
[2018-01-10 20:37:49] tentei baixar artigos e deu como não existente
[2018-01-10 20:38:01] eu tenho doi
[2018-01-10 20:38:13] vamo pro priv8
[2018-01-10 20:38:21] 😍
[2018-01-10 20:38:34] document: /home/felipe/devel/github_garoa/Telegram_logs_Garoa_Hacker_Clube_Publico/media/Garoa_Hacker_Clube_(Público)/download_354837738295398744.webp
[2018-01-10 20:44:18] respeita carai
[2018-01-10 20:51:14] photo: /home/felipe/devel/github_garoa/Telegram_logs_Garoa_Hacker_Clube_Publico/media/Garoa_Hacker_Clube_(Público)/download_804729674_86323.jpg
[2018-01-10 20:55:36] 👏👏👏
[2018-01-10 20:59:33] document: /home/felipe/devel/github_garoa/Telegram_logs_Garoa_Hacker_Clube_Publico/media/Garoa_Hacker_Clube_(Público)/download_532531981418758378.webp
[2018-01-10 21:01:15] Alguém já comprou mini projetor?
[2018-01-10 21:01:23] uhu
[2018-01-10 21:14:23] Esse é da bsides, só emprestado mesmo
[2018-01-10 21:14:55] me refiro a projetor mini, não esse específico
[2018-01-10 21:19:20] To sabendo não, eu to procurando o modelo legal, q não seja mini, pra passar pro oda
[2018-01-10 21:31:42] Eu tenho um Pico da Aaxa. Quebra um galho.
[2018-01-10 21:32:35] ele é do mesmo preço que um projetor normal, né?
[2018-01-10 21:41:13] Joao Paulo joined
[2018-01-10 23:17:42] Vi uma demo de um vendedor e achei a qualidade até muito boa. Só nao sei qual era a resolução nativa.
[2018-01-10 23:17:51] https://www.meetup.com/pt-BR/Garoa-Hacker-Clube/events/tgtkfpyxcbrb/
