[2017-04-24 00:06:15] Onde foi isto?
[2017-04-24 00:47:42] Vi no Facebook...
[2017-04-24 00:50:00] Eu queria saber o site :/
[2017-04-24 00:50:07] Acho que é um chan
[2017-04-24 08:25:36] Foi uma piada de algum subrredit.
[2017-04-24 08:25:52] É fake, vi no twitter tem um tempo.
[2017-04-24 08:26:21] Se quiser, assim q eu entrar pelo note acho a fonte de novo e te mando
[2017-04-24 08:49:10] BTW, achei: https://www.reddit.com/r/ProgrammerHumor/comments/65l9yq/logins_should_be_unique/
[2017-04-24 12:26:40] Show HN: Stack: tiling WM for Windows - https://losttech.software/stack.html
[2017-04-24 13:32:04] http://www.darkreading.com/endpoint/the-architecture-of-the-web-is-unsafe-for-todays-world/a/d-id/1328529
[2017-04-24 13:32:40] minha dose de vergonha alheia do dia...
[2017-04-24 13:36:26] o cara fez um puta artigo e tal pra no final dizer que o "novo modelo" q pode "salvar a internet" é 01 fucking sandboxing?
[2017-04-24 13:36:27] "It's called browser isolation: run a browser on a remote, virtual host, where all the Web content is contained in a secure, disposable environment. Interaction with the virtual browser is via an encrypted remote display protocol. This neuters Web threats. By only touching pixels, users can't bring malicious content such as ransomware, drive-by downloads, or other dangerous content into their network or device."
[2017-04-24 13:43:41] HUAHUAHUAHUAHUAHUAH
[2017-04-24 13:44:40] Pingo tá internado de novo 😥
[2017-04-24 13:49:40] Se alguém quiser ajudar o Pingo, me escreva inbox.
[2017-04-24 14:53:23] Os tratamentos dele já passaram dos 3K
[2017-04-24 15:37:11]  joined
[2017-04-24 15:37:12] Hi Edward Hector !
[2017-04-24 15:40:59] 444 !
[2017-04-24 17:19:45] isso é um erro http ou...?
[2017-04-24 17:43:28] ou
[2017-04-24 17:43:51] (é o número de pessoas aqui nesse grupo :-D)
[2017-04-24 17:44:21] ah
[2017-04-24 17:46:37] só tem um bot aqui?
[2017-04-24 17:47:20] traz a máquina de voight-kampff, vamos descobrir
[2017-04-24 17:47:26] verdade...
[2017-04-24 17:47:27] hehehe
[2017-04-24 17:47:39] é o número de membros aqui
[2017-04-24 17:47:50] é que aqui aponta 445
[2017-04-24 18:06:18] Boa noite, será que alguém aqui trabalha com recuperação de hd ou dados ?
[2017-04-24 19:10:50] Mas é que tem que descontar a NSA que não é membro.
[2017-04-24 19:15:46] então no caso precisamos acrescenter mais 1 (?)
[2017-04-24 19:18:21] É que o Telegram conta como membro, daí subtraímos 1 e o Felipe tá certo.
[2017-04-24 19:23:09] mas no caso da NSA, acho que eles não precisam ter 1 membro aqui. hehe
[2017-04-24 21:57:21] Eu e Francisco passamos no Largo das batata, estava legal
[2017-04-24 21:57:58] Fizeram umas palestras boas, e exposições de ciências
[2017-04-24 21:58:29] Legal, não pude ir...
[2017-04-24 21:58:54] photo: /home/felipe/devel/github_tvdstaaij/telegram-history-dump/output/media/Garoa_Hacker_Clube_(Público)/download_803116090_42156.jpg
[2017-04-24 21:59:37] Chuva atrapalhou um pouco mas mesmo assim ficou bastante gente
[2017-04-24 22:00:24] photo: /home/felipe/devel/github_tvdstaaij/telegram-history-dump/output/media/Garoa_Hacker_Clube_(Público)/download_803734736_91069.jpg
[2017-04-24 22:01:06] Essa garota falou super bem
[2017-04-24 22:03:00] Li uma reportagem da folha a mulher reclamando q não foi mais gente, pouco cientistas e etc
[2017-04-24 22:06:55] E apesar dos discursos de 'precisamos popularizar a ciência, fazer divulgação científica' as universidades privadas sequer estavam sabendo. Comentei com um amigo professor da FMU e ele nem ficou sabendo que haveria a Marcha..
[2017-04-24 22:10:14] Show
[2017-04-24 23:03:20] http://link.estadao.com.br/blogs/codigo-aberto/o-produto-e-voce/
