[2016-06-18 00:09:10] Ainda não tive o momento criativo. A Erin sugeriu que fizéssemos um Garota hacker clube com o t sendo o cabo do guarda-chuva.
[2016-06-18 00:09:20] Faltou dote artístico
[2016-06-18 00:09:29] gastei tudo no Hard hack
[2016-06-18 00:11:04] a minha sugestão era o logo do garoa com o cabo do guardachuva substituido pela parte de baixo do símbolo de vênus (♀) e talvez com um T arranhado/rabiscado entre o O e A de garoa
[2016-06-18 00:17:24] Parece fácil de fazer. Tô meio enrolado nesse fds, mas posso tentar na segunda se ninguém fizer antes.
[2016-06-18 00:17:43] pensei em pedir pro tony dar uma mão
[2016-06-18 00:17:48] mas ainda não falei com ele
[2016-06-18 00:18:37] Ah, aí já foi no mestre. :)
[2016-06-18 00:19:24] Mas qualquer coisa passo no garoa segunda, ou tento do trampo se conseguir uma brecha
[2016-06-18 00:44:47] http://m.olhardigital.uol.com.br/noticia/robo-foge-de-centro-de-estudos-na-russia-e-causa-congestionamento/59416
[2016-06-18 00:46:14] Andou até a bateria acabar...
[2016-06-18 02:06:13] https://www.packtpub.com/packt/offers/free-learning
[2016-06-18 10:12:35] Gente, alguém sabe onde comprar acetona PA (99%) aqui em SP (loja física, gostaria de comprar ainda hoje)
[2016-06-18 10:27:44] Porra @LucasVido... cuidado das próximas vezes
[2016-06-18 11:30:51] Você pode encontrar na Didática, mas a venda de acetona é controlada pela PF.
[2016-06-18 11:37:08] Se for que nem b25 eh só deixar o rg
[2016-06-18 11:37:46] é, eu ouvi dizer que para pequenas quantidades é só fazer um cadastro simples na loja
[2016-06-18 11:38:02] Quem não comprou o lapdock eh mulher do padre
[2016-06-18 11:38:06] https://www.sparkfun.com/products/13896
[2016-06-18 14:12:47] Alexandre Lintz joined
[2016-06-18 14:17:36] Eu tenho seis... esse padre aí não chega nem perto, hahahahaha...
[2016-06-18 14:17:37] Rá!
[2016-06-18 14:39:57] @fsanches : http://www.righto.com/2016/06/y-combinators-xerox-alto-restoring.html
[2016-06-18 14:42:31] :-)
[2016-06-18 14:51:01] photo: /home/felipe/devel/github_tvdstaaij/telegram-history-dump/output/media/Garoa_Hacker_Clube_(Público)/download_802207426_102054.jpg
[2016-06-18 14:51:57] Já instalei (com cola quente) todos os LEDs do lado direito do painel. Ainda faltam os do lado esquerdo.
[2016-06-18 14:52:09] E falta fazer toda a solda dos componentes ainda
[2016-06-18 14:52:21] só fiz instalação mecânica até agora
[2016-06-18 15:12:49] Bacana!
[2016-06-18 15:13:29] Show!
[2016-06-18 15:21:04] ícone do underground. baita emulador, juca. parabéns.
[2016-06-18 15:21:50] Legal Juca!
[2016-06-18 15:32:06] @fsanches, quando será mesmo o lançamento do Ariane 5?
[2016-06-18 15:33:47] era pra ter sido ontem. Mas por ocndições climáticas jogaram pra hoje. Vai ser daqui aproximadamente 1 hora.
[2016-06-18 16:07:56] fuçando na biblioteca da engenharia elétrica da Poli teses de mestrado relacionadas ao Patinho Feio eu achei uma chamada "Projeto de um processador microprogramado." de 1975
[2016-06-18 16:08:14] e nos apêndices dela tem uma descrição do instruction set do computador G-10
[2016-06-18 16:08:17] que veio depois do Patinho
[2016-06-18 16:09:04] e além do instruction set tem também uma descrição geral do computador que parece ser bem detalhada a ponto de viabilizar escrever um emulador do G10 também
[2016-06-18 16:09:50] alguém se aventura? :-)
[2016-06-18 16:12:48] eu posso orientar um padawan que queira aprender a escrever emuladores :-)
[2016-06-18 16:17:57] http://spaceflightnow.com/2016/06/17/photos-ariane-5-on-the-launch-pad-for-heavy-lift-mission/
[2016-06-18 16:18:38] photo: /home/felipe/devel/github_tvdstaaij/telegram-history-dump/output/media/Garoa_Hacker_Clube_(Público)/download_803712713_48104.jpg
[2016-06-18 16:18:54] document: /home/felipe/devel/github_tvdstaaij/telegram-history-dump/output/media/Garoa_Hacker_Clube_(Público)/download_826459275206328386.webp
[2016-06-18 16:25:11] e sexta-feira que vem tem um Atlas 5: http://spaceflightnow.com/launch-schedule/
[2016-06-18 16:26:27] O Ariane 5 hoje vai lançar 2 satélites
[2016-06-18 16:26:59] um é para transmissão de TV via satélite e vai ficar numa órbita geo-estacionária em cima dos EUA
[2016-06-18 16:27:08] olha o tamanho do bicho:
[2016-06-18 16:27:09] http://www.spaceflightinsider.com/wp-content/uploads/2015/08/Echostar17Jupiter1_SSL-1.jpg
[2016-06-18 16:27:40] photo
[2016-06-18 16:29:37] o outro satélite que será colocado em órbita neste mesmo lançamento daqui a pouco servirá para realizar operações bancárias seguras via satélite para bancos da Indonésia
[2016-06-18 16:30:56] o lançamento será daqui da América do Sul, a partir da base de lançamento de Korou, na Guiana Francesa
[2016-06-18 16:31:07] Por isso que a contagem regressiva é em francês
[2016-06-18 16:34:05] o programa espacial brasileiro colabora com esses lançamentos por meio do Centro de Lançamento Barreira do Inferno, que rastreia os sinais de telemetria do foguete Ariane e os retransmite para a Agência Espacial Européia
[2016-06-18 16:34:56] por que chega um momento durante o lançamento que a base de Korou perde contato com o foguete por conta da distância (e creio que também pela curvatura da Terra talvez?)
[2016-06-18 16:35:36] e nesse momento o foguete está sobrevoando o norte do Brasil e continuando acima do oceano atlántico
[2016-06-18 17:41:20] lançamento em 3 minutos
[2016-06-18 17:41:46] ao vivo via streaming aqui: http://spaceflightnow.com/2016/06/17/va230-mission-status-center/
[2016-06-18 17:47:00] resetaram a contagem regressiva para 7 minutos on-hold.
[2016-06-18 17:47:09] daqui a pouco eles soltam o relógio de nono
[2016-06-18 17:47:12] de novo
[2016-06-18 17:47:59] neste momento o time está acertando os ponteiros pra lidar com o problema que acendeu a luz vermelha (não foi dito no streaming qual foi a razão da interrupção da sequencia de lançamento)
[2016-06-18 17:48:17] esses ultimos 7 minutos são controlados automaticamente por computador
[2016-06-18 17:48:41] se não houver nenhuma sinalização de anomalias, o computador lança o foguete sozinho
[2016-06-18 17:49:24] mas se detectar qualquer problema, eles cancelam o procedimento, resetam o contador e agendam outra sequencia automatica desses 7 minutos finais (que é o que estamos aguardando acontecer daqui a pouco)
[2016-06-18 18:33:19] opa! Soltou o relógio
[2016-06-18 18:33:27] lançamento em 6 minutos
[2016-06-18 18:33:35] essa é a última chance de hoje
[2016-06-18 18:34:03] se houver outra anomalia, não dá mais pra resetar o relógio dentro da janela de lançamento de hoje
[2016-06-18 18:34:05] vamos ver...
[2016-06-18 18:34:08] acho que agora vai
[2016-06-18 18:34:30] streaming rolando aqui: http://spaceflightnow.com/2016/06/17/va230-mission-status-center/
[2016-06-18 18:36:56] Tem transmissão sem flash?
[2016-06-18 18:37:03] tem
[2016-06-18 18:37:31] livestreamer http://original.livestream.com/spaceflightnow best
[2016-06-18 18:37:55] rode esse comando no terminal
[2016-06-18 18:38:09] o programa livestreamer captura o feed de video e toca no vlc
[2016-06-18 18:38:10] Eu sei ler RSS. :-)
 Se quiser que eu anuncie as novidades aqui, mas não sabe como, diga "@AuriumBot feed help"
[2016-06-18 18:38:29] oxe... é flash tb
[2016-06-18 18:38:37] https://github.com/chrippa/livestreamer/
[2016-06-18 18:38:59] hummmm
[2016-06-18 18:39:59] 3.. 2.. 1..
[2016-06-18 18:40:11] 🚀
[2016-06-18 18:43:17] 2,5 km por segundo...
[2016-06-18 18:44:18] 3km/s
[2016-06-18 18:44:32] $ sudo aptitude install livestreamer
😄👍
[2016-06-18 18:44:46] deu tempo pra vc aurium?
[2016-06-18 18:44:51] ou ainda tá instalando ?
[2016-06-18 18:45:05] To assistindo!
[2016-06-18 18:45:06] 3,5km/s
[2016-06-18 18:45:26] $ livestreamer http://original.livestream.com/spaceflightnow best
[2016-06-18 18:45:28] Estou usando livestreamer para assistir, mas não ficou em tela cheia aqui...
[2016-06-18 18:45:30] perdeu o lançamento? ou deu tempo de ver o lançamento ?
[2016-06-18 18:46:20] vixe... esse negócio acelera demais!!!
[2016-06-18 18:46:23] 4,5km/s
[2016-06-18 18:47:16] vai subir até a velocidade máxima de absurdos 9.3 kilometros por segundo!
[2016-06-18 18:47:34] Natal acabou de receber o sinal do foguete
[2016-06-18 18:47:56] Quanto menor a resistência do ar, mais rápido, certo?
[2016-06-18 18:52:31] comercial que nunca acaba!
[2016-06-18 18:53:09] Sumiram os dados do foguete... queria saber a velocidade e altitude atuais...
[2016-06-18 18:53:32] Voltou...
[2016-06-18 18:53:40] já deve ter passado de 8k/s
[2016-06-18 18:53:48] noooo
[2016-06-18 18:56:07] quanto menos massa, mais aceleração para a mesma força de propulsão
[2016-06-18 18:56:22] quanto mais tempo de voo, menos combustível, portanto menos massa
[2016-06-18 18:56:30] ou seja, acelera cada vez mais rápido
[2016-06-18 18:56:50] em particular, quando solta os boosters laterais, perde bastante massa também de uma vez só
[2016-06-18 19:00:30] Entendi... conforme o combustível é consumido, esses módulos que estão lá somente para armazenar o combustível, não são mais necessários e são descartados, reduzindo a massa e aumentando a velocidade, certo?
[2016-06-18 19:03:16] sim, mas, como Juca disse, simplesmente por queimar combustível vc já está perdendo massa e a cada segundo o jato consegue produzir mais aceleração por estar empurrando menos massa.
[2016-06-18 19:27:12] Durante os comerciais, rodei:
$ livestreamer http://original.livestream.com/spaceflightnow best -p mpv
apertei F e pude rodar em tela cheia...
[2016-06-18 19:29:00] Descobri que poderia ter rodado direto:
$ livestreamer http://original.livestream.com/spaceflightnow best -p mpv\ -fs
[2016-06-18 19:38:56] just in time!
[2016-06-18 20:00:20] :-)
[2016-06-18 20:10:56] A copsub deve lançar o Nexø1 em breve
[2016-06-18 20:19:49] auriumbot o que é arianespace?
[2016-06-18 20:19:50] A Wikipédia diz que "A Arianespace SA é uma empresa francesa fundada em 1980, com a finalidade de produzir, operar e comercializar os foguetes espaciais Ariane 4 e Ariane 5 que fazem parte do programa espacial Ariane. A Arianespace é um dos sócios das operações comerciais do veículo de lançamento Soyuz da firma Starsem." 
Saiba mais sobre Arianespace.
[2016-06-18 20:21:21] os comerciais das empresas que estavam lançando os satélites entremeados ao streaming poderiam muito ter sido gravados na década de 90
[2016-06-18 20:51:45] Hehehehe... É mesmo.
[2016-06-18 20:51:46] Rá!
