[2017-12-09 02:27:05] Confira o Tweet de @PiadasNerds: https://twitter.com/PiadasNerds/status/939265719979724803?s=09
[2017-12-09 06:41:11] 😂😂😂😂😂😂😂😂😂😂
[2017-12-09 07:25:47] Goodu Marines joined
[2017-12-09 08:41:29] 706f7a7a6f6c696e69 joined
[2017-12-09 10:33:57] https://exchangewar.info/
[2017-12-09 10:34:24] Iota está ganhando destaque
[2017-12-09 10:41:13] Aylons Hazzud added Janito
[2017-12-09 11:54:36] Bom dia!
[2017-12-09 11:55:12] Aos que acham que o MSX é uma plataforma morta, resultado da MSXdev`17: http://www.msxdev.org/msxdev-archive/msxdev17/msxdev17-final-report/
[2017-12-09 12:47:19] photo: /home/felipe/devel/github_garoa/Telegram_logs_Garoa_Hacker_Clube_Publico/media/Garoa_Hacker_Clube_(Público)/download_806124072_6128.jpg
[2017-12-09 12:49:26] photo: /home/felipe/devel/github_garoa/Telegram_logs_Garoa_Hacker_Clube_Publico/media/Garoa_Hacker_Clube_(Público)/download_804727339_67752.jpg
[2017-12-09 12:50:29] Galera, se o lixo estiver cheio. Vocês podem colocar pra fora
[2017-12-09 13:07:44] Evan joined
[2017-12-09 15:34:08] document: /home/felipe/devel/github_garoa/Telegram_logs_Garoa_Hacker_Clube_Publico/media/Garoa_Hacker_Clube_(Público)/download_58023844232823455.webp
[2017-12-09 15:37:02] pooooutz!! As baratas agradecem!
[2017-12-09 17:24:33] photo: /home/felipe/devel/github_garoa/Telegram_logs_Garoa_Hacker_Clube_Publico/media/Garoa_Hacker_Clube_(Público)/download_806121448_6191.jpg
[2017-12-09 17:27:00] Tem alguém agora no Garoa?
[2017-12-09 17:30:00] segundo a página ta aberto lá nesse momento, deve ter alguém
[2017-12-09 17:30:31] https://garoa.net.br/wiki/P%C3%A1gina_principal
[2017-12-09 17:36:41] POis é o problema não é a falta de lixeiras. E sim a falta de pessoas que coloquem o lixo pra fora :0
[2017-12-09 17:37:20] Embora eu acharia legar ter aquelas lixeirinhas coloridas pra separar o reciclavel. Mas não sei se seiram corretamente.
[2017-12-09 21:59:33] photo: /home/felipe/devel/github_garoa/Telegram_logs_Garoa_Hacker_Clube_Publico/media/Garoa_Hacker_Clube_(Público)/download_806119623_5979.jpg
[2017-12-09 22:02:08] ?
[2017-12-09 22:17:01] moderadores? @fsanches ????
[2017-12-09 22:17:06] Spam, alguém precisa apagar e babies
[2017-12-09 23:04:27] Alguém sabe onde consigo um motor de 1rpm confiável??
[2017-12-09 23:14:24] Por um tempo tivemos 2 lixeiras na cozinha, com plaquinha de papel mesmo indicando que uma era p lixo reciclável, e acho q funcionou relativamente bem enquanto a plaquinha durou
[2017-12-09 23:15:10] document: /home/felipe/devel/github_garoa/Telegram_logs_Garoa_Hacker_Clube_Publico/media/Garoa_Hacker_Clube_(Público)/download_685276342907830884.webp
[2017-12-09 23:15:11] @lvido @villares
[2017-12-09 23:25:12] postagem removida e usuário banido do grupo
