[2018-01-30 06:55:15] Check out @errorinn’s Tweet: https://twitter.com/errorinn/status/865335238582468608?s=09
[2018-01-30 07:22:10] Vish
[2018-01-30 07:28:35] Provas (e depedendendo do professor isso é levado ao extremo) não avaliam se você sabe a disciplina ou não, apenas se você sabe resolver (porque decorou, escreveu do jeito que o professor quis, sabe os 'truques', etc) um punhado de dois ou três exercícios
[2018-01-30 09:20:31] https://www.facebook.com/events/166818653949634/
[2018-01-30 09:20:36] Vale a pena
[2018-01-30 09:24:30] Fazemos diversos estilos, é possível ser feito sim
[2018-01-30 09:40:48] Vinicius Melo joined
[2018-01-30 09:41:53] Opa, e ae galera!
[2018-01-30 09:42:10] Estou aqui em São Paulo esses dias, queria visitar a sede
[2018-01-30 09:46:55] https://hackaday.com/2018/01/29/take-a-deep-breath-thanks-to-a-3d-printed-fume-extractor/
[2018-01-30 09:46:55] http://www.instructables.com/id/Multi-Attatchment-Fume-Extractor/
[2018-01-30 10:58:33] Anderson Mendes joined
[2018-01-30 12:17:30] Ai galera, quem for vir na campus
[2018-01-30 12:17:40] estamos no Dumont Hacker Space
[2018-01-30 12:17:48] (vulgo HS itinerante)
[2018-01-30 12:18:22] estamos na mesa entre a radio geek e a menina verde do powerpuff girls
[2018-01-30 13:22:12] Nunca fui na campus, tem alguma parte do evento free? só para ver algumas palestras ou oficinas?
[2018-01-30 13:22:38] Tem uma area free, só chegar
[2018-01-30 13:26:33] Opa...vou sim ✌️
[2018-01-30 13:30:35] tem uma área de exposição que é aberta ao público, mas.....
a parte dahora (imho) é a das bancadas! Lá que rolam as nerdices! kkk
[2018-01-30 14:29:05] Versão brasileira
http://piaui.folha.uol.com.br/c/app-de-esportes-expoe-rotina-de-militares-e-agentes-no-brasil/
[2018-01-30 15:12:28] Vou chegar!
[2018-01-30 15:33:29] A noite chego por ai
[2018-01-30 15:34:10] Devo chegar por vota das 18h e pouco
[2018-01-30 15:40:38] Ueba! Vc estará na Campus Party!?
[2018-01-30 15:41:46] Sim! Já estou aqui
[2018-01-30 15:42:00] Hora de retribuir aquela visita que fez ao Raul 😁
[2018-01-30 15:45:03] Sim!!!
[2018-01-30 15:45:28] Só temos atividade marcada no Garoa hj a noite, e depois no sábado e domingo
[2018-01-30 15:46:03] A área free é a de exposição apenas
[2018-01-30 15:47:30] Manda foto!!!
[2018-01-30 15:59:25] photo: /home/felipe/devel/github_garoa/Telegram_logs_Garoa_Hacker_Clube_Publico/media/Garoa_Hacker_Clube_(Público)/download_804722931_124979.jpg
[2018-01-30 16:01:52] Não tem uma fotinha menos deprê!?
[2018-01-30 16:02:19] Coloquei essa informação no nosso wiki
[2018-01-30 16:02:24] Está miado hein?
[2018-01-30 16:02:58] https://www.revistaoutsider.com.br/campus-party-brasil-11-robotica-e-realidade-virtual/
[2018-01-30 16:08:54] husahusauhsuhahuas
[2018-01-30 16:08:57] tá de boa até
[2018-01-30 16:10:27] photo: /home/felipe/devel/github_garoa/Telegram_logs_Garoa_Hacker_Clube_Publico/media/Garoa_Hacker_Clube_(Público)/download_804729931_101803.jpg
[2018-01-30 16:10:32] só os hackers online
[2018-01-30 16:10:37] na mesa do dumont
[2018-01-30 16:11:26] @fernandoGuisso me da acesso na pagina do dumont
[2018-01-30 16:11:54] Vou acampar a partir de quinta. :)
[2018-01-30 16:12:47] Temos banner do dumont ai?
[2018-01-30 16:12:55] nao
[2018-01-30 16:13:07] photo: /home/felipe/devel/github_garoa/Telegram_logs_Garoa_Hacker_Clube_Publico/media/Garoa_Hacker_Clube_(Público)/download_806123485_34171.jpg
[2018-01-30 16:13:14] Não levaram ou não acharam ele?
[2018-01-30 16:13:16] tem o vidro escrito apenas
[2018-01-30 16:13:41] acredito q n possa ter
[2018-01-30 16:13:41] Parece que não pode
[2018-01-30 16:13:52] Legal o vidro com a indicação invisível! 
#sarcasmo
[2018-01-30 16:13:53] se bem que o hacker security trouxe
[2018-01-30 16:13:54] segundo o q uns amigos meus q são expositores falaram
[2018-01-30 16:13:59] Achei inútil tbm
[2018-01-30 16:14:00] se colocasse um papel preto atras desse vidro daria um contraste e daria para enxergar
[2018-01-30 16:14:17] cartolina preta
[2018-01-30 16:15:10] Pedi pro Thalis, vai demorar um pouco
[2018-01-30 16:15:37] Vou fazer o nome com mdf, mas vai demorar um pouco, é por faro do evento
[2018-01-30 16:16:04] @fernandoGuisso  cade voce man??? #saudades
[2018-01-30 16:22:32] @fernandoGuisso minino agilizado! Gosto assim! #kudos
[2018-01-30 16:23:26] tipo
[2018-01-30 16:23:35] essa placa não ta nem na frente da mesa
[2018-01-30 16:23:43] pq choveu exatamente em cima da mesa
[2018-01-30 16:23:52] e alocaram a gente na do lado
[2018-01-30 16:24:47] talvez se trouxer sem o cabo, só o cartaz não tem problema
[2018-01-30 16:25:00] vou ver com o pessoal da hacker security Como eles entraram
[2018-01-30 16:36:32] é obvio, tem uma puta duma cortadora a laser aqui
[2018-01-30 16:37:38] E pq você não foi lá?
[2018-01-30 16:37:50] preguiça ahahahha
[2018-01-30 16:38:05] Então não desmereça o coleguinha!
[2018-01-30 17:28:04] photo: /home/felipe/devel/github_garoa/Telegram_logs_Garoa_Hacker_Clube_Publico/media/Garoa_Hacker_Clube_(Público)/download_806120335_33344.jpg
[2018-01-30 17:28:11] achei que esse dia não ia chegar
[2018-01-30 17:33:23] Uindão cada dia se superando
[2018-01-30 17:33:52] http://www.spacex.com/webcast
[2018-01-30 17:34:24] hmmm... o Telegram memorizou a descrição antiga :-P
[2018-01-30 17:35:32] A descrição nova é:

SpaceX is targeting a Falcon 9 launch of the GovSat-1 satellite to a Geostationary Transfer Orbit (GTO) from Space Launch Complex 40 (SLC-40) at Cape Canaveral Air Force Station, Florida. The launch window opens on Tuesday, January 30, at 4:25 p.m. EST, or 21:25 UTC, and closes at 6:46 p.m. EST, or 23:46 UTC. The satellite will deploy approximately 32 minutes after launch.

Falcon 9’s first stage for the GovSat-1 mission previously supported the NROL-76 mission from LC-39A in May 2017. SpaceX will not attempt to recover Falcon 9’s first stage after launch.

You can watch the mission live below and find more information about the mission in our press kit.
[2018-01-30 17:41:32] Olha uma utilidade pro bitcoin aparecendo...
https://www.cryptocurrencyfreak.com/2018/01/30/free-software-foundation-receives-1-million-btc-pineapple-fund/
[2018-01-30 17:42:08] Não é 1 milhão de BTC. É o equiv. a 1 milhão de dólares em BTC :-P
[2018-01-30 17:51:10] Poxa 1million BTC seria fantástico. Até o Hurd saía
[2018-01-30 17:54:13] Na cotação de 1 BTC = 10382,00 USD, seria uma doação de US$10.367.000.000
Dez bilhões de doletas
[2018-01-30 17:54:52] Mas o que ia ter de ataque nessa transação ia ser bonito de acompanhar
[2018-01-30 17:56:47] bilhões né!
[2018-01-30 17:57:27] Sim. Arrumei.
[2018-01-30 18:02:34] blz, embora essa quantidade de zeros acabe por não fazer diferença de tantos que são!!
[2018-01-30 18:03:30] é que acho que o (número de btc disponíveis)x(valor de cada btc) ainda não chegou no trilhão
O senhor tem razão em apontar meu erro.
[2018-01-30 18:04:17] Ashaushaus
[2018-01-30 18:04:22] Mas não saiu o Hurd já?
[2018-01-30 18:04:51] Eu lembro que tinha até uma versão de Debian com ele se n me engano
[2018-01-30 18:05:50] Ah é de teste/instável ainda deixa pra lá xp
[2018-01-30 18:10:32] Dá bilhão
[2018-01-30 18:16:16] Mas a FSF faz muitas coisas melhores com 1 milhão de dólares extra do que desenvolvimento do hurd
[2018-01-30 18:16:36] aliás... se não me engano a FSF não paga programadores hoje em dia
[2018-01-30 18:16:43] antigamente sim, hoje em dia não mais
[2018-01-30 18:16:56] acho que todo trabalho no hurd é voluntário
[2018-01-30 18:17:08] por diversão de nerds de computação
[2018-01-30 18:17:30] gente que gosta de escrever kernel
[2018-01-30 18:17:44] e que tem interesse na abordagem diferente que o Hurd usa
[2018-01-30 18:27:47] A piada era justamente que até a última prioridade ia sair, se fossem 1 mi BTC
[2018-01-30 18:28:42] Com 1mi BTC, garanto que sobraria um troco dos advogados para pagar uns engenheiros
[2018-01-30 18:35:07] ;-)
[2018-01-30 18:35:19] acho que o que eles mais gastam hoje em dia é com advocacy
[2018-01-30 18:35:24] organização de campanhas
[2018-01-30 18:35:30] conferencia LibrePlanet
[2018-01-30 18:35:34] manutenção de servidores
[2018-01-30 18:35:51] impressão dos panfletos e do newsletter
[2018-01-30 18:36:08] e salário do quadro de funcionários (que é bem pequeno!)
[2018-01-30 18:39:03] @fsanches olha so o que eu achei no deposito
[2018-01-30 18:39:17] photo: /home/felipe/devel/github_garoa/Telegram_logs_Garoa_Hacker_Clube_Publico/media/Garoa_Hacker_Clube_(Público)/download_806120941_34230.jpg
[2018-01-30 18:39:37] photo: /home/felipe/devel/github_garoa/Telegram_logs_Garoa_Hacker_Clube_Publico/media/Garoa_Hacker_Clube_(Público)/download_806121628_33304.jpg
[2018-01-30 18:39:58] photo: /home/felipe/devel/github_garoa/Telegram_logs_Garoa_Hacker_Clube_Publico/media/Garoa_Hacker_Clube_(Público)/download_806121824_33969.jpg
[2018-01-30 18:40:26] photo: /home/felipe/devel/github_garoa/Telegram_logs_Garoa_Hacker_Clube_Publico/media/Garoa_Hacker_Clube_(Público)/download_804725851_125114.jpg
[2018-01-30 18:40:28] https://pt.wikipedia.org/wiki/Facit
[2018-01-30 18:41:15] photo: /home/felipe/devel/github_garoa/Telegram_logs_Garoa_Hacker_Clube_Publico/media/Garoa_Hacker_Clube_(Público)/download_806121639_31909.jpg
[2018-01-30 18:42:01] "produtos de escritório"... De leitora de fita perfurada até computadores pessoais
[2018-01-30 18:42:09] https://pt.wikipedia.org/wiki/Facit_DTC
[2018-01-30 18:43:15] Eu fiquei surpreso quando vi nos documentos técnicos dessa leitora de fita perfurada que a gente escaneou, que o logotipo da FACIT é idêntico ao da Electrolux
[2018-01-30 18:43:28] https://archive.org/stream/affonsoamendola_bol_A/TechDescription#page/n4/mode/1up
[2018-01-30 18:44:28] photo: /home/felipe/devel/github_garoa/Telegram_logs_Garoa_Hacker_Clube_Publico/media/Garoa_Hacker_Clube_(Público)/download_806120784_33709.jpg
[2018-01-30 18:44:58] photo: /home/felipe/devel/github_garoa/Telegram_logs_Garoa_Hacker_Clube_Publico/media/Garoa_Hacker_Clube_(Público)/download_804723684_127191.jpg
[2018-01-30 18:45:46] Mas aí vi nesse artigo da Wikipédia a informação de que a FACIT "foi vendida para a Electrolux em 1973 e em 1983, passou para o controle da Ericsson, onde foi iniciada uma tentativa de fabricar microcomputadores."
[2018-01-30 18:57:48] photo: /home/felipe/devel/github_garoa/Telegram_logs_Garoa_Hacker_Clube_Publico/media/Garoa_Hacker_Clube_(Público)/download_804724889_125092.jpg
[2018-01-30 18:58:47] hahahaha
[2018-01-30 19:01:25] Pessoal, as barracas são marcadas ou da pra pegar do lado de alguém conhecido e de boas?
[2018-01-30 19:03:07] São marcadas
[2018-01-30 19:07:48] document: /home/felipe/devel/github_garoa/Telegram_logs_Garoa_Hacker_Clube_Publico/media/Garoa_Hacker_Clube_(Público)/download_5154797187195994133.mp4
[2018-01-30 20:55:38] @fernandoGuisso @vmesel , precisam que eu pegue algo no Garoa p levar ai na cpbr amanhã a noite?
[2018-01-30 20:59:02] Querem que compra cartolina preta?
[2018-01-30 21:09:53] document: /home/felipe/devel/github_garoa/Telegram_logs_Garoa_Hacker_Clube_Publico/media/Garoa_Hacker_Clube_(Público)/download_5154797187195994147.ogg
[2018-01-30 21:10:00] Chapeu anti hacker, chapeu anti hacker
[2018-01-30 21:10:07] document: /home/felipe/devel/github_garoa/Telegram_logs_Garoa_Hacker_Clube_Publico/media/Garoa_Hacker_Clube_(Público)/download_5154797187195994148.ogg
[2018-01-30 21:10:12] Banners e afins do garoa e Dumont se rolar
[2018-01-30 21:27:14] Que roteador? Que switch?
[2018-01-30 21:27:31] Algum roteador e algum switch
[2018-01-30 21:28:02] Então eu vou plantar um feijão mágico no quintal do garoa e vou ver se brota uma coisa
[2018-01-30 21:36:38] Vou comprar a tal cartolina preta
[2018-01-30 21:45:01] Ou melhor, EVA
[2018-01-30 21:46:44] Alexandre joined
[2018-01-30 21:49:07] Kkkk
[2018-01-30 22:28:08] Traz o banner do Garoa/Dumont
[2018-01-30 22:34:25] Achei esse aqui no nosso depósito:
[2018-01-30 22:34:34] photo: /home/felipe/devel/github_garoa/Telegram_logs_Garoa_Hacker_Clube_Publico/media/Garoa_Hacker_Clube_(Público)/download_806122168_34110.jpg
[2018-01-30 22:38:16] Não estou achando! 😳
[2018-01-30 22:41:55] Kkkk acho q eu tinha um desse kkkk
[2018-01-30 22:42:51] Achei os banners?
[2018-01-30 22:42:54] !!!
[2018-01-30 22:55:32] Se alguém puder sair a rua, eu posso ir aí agora até aí e deixar o material com vocês!
[2018-01-30 22:58:56] @gutem? @vmesel ? @fernandoGuisso ?
[2018-01-30 23:00:00] @AllanTrindad
[2018-01-30 23:00:32] @vrechson
[2018-01-30 23:00:48] @tilt4
[2018-01-30 23:00:54] eu posso
[2018-01-30 23:00:58] @anchises
[2018-01-30 23:01:23] Legal! Chego em pouco menos de meia hora. Quando eu estiver chegando eu aviso
[2018-01-30 23:01:38] beleza!
[2018-01-30 23:02:08] eu nao to na cpbr
[2018-01-30 23:03:25] Eu te mencionei só para trolar!
[2018-01-30 23:03:50] aeaheu
[2018-01-30 23:17:52] Palavrão mano... !!!
[2018-01-30 23:21:41] Tem alguém com caixa térmica na bancada do Dumont?
[2018-01-30 23:21:51] nao
[2018-01-30 23:25:29] Estou quase chegando
[2018-01-30 23:25:36] to saindooo
[2018-01-30 23:26:56] formou uma puta fila na saida
[2018-01-30 23:27:03] mas jaja to foea
[2018-01-30 23:27:06] fora
[2018-01-30 23:27:49] Ok
[2018-01-30 23:28:37] Vou esperar na avenida, perto dos carros de lanche
[2018-01-30 23:31:14] Como esta bem muvucado, eu parei um pouco antes dos carros de lanche
[2018-01-30 23:31:21] om
[2018-01-30 23:31:23] Ok
[2018-01-30 23:31:41] Atras de uma kombi branca
[2018-01-30 23:32:09] Trouxe alguns adesivos tbém! 😁
[2018-01-30 23:32:21] boa hahahaha
[2018-01-30 23:32:42] mudei de fila essa parece estar andando
[2018-01-30 23:33:29] Vcs precisam de ajuda pra carregar algo pra dentro da campus?
[2018-01-30 23:34:02] To do lado de fora
[2018-01-30 23:34:28] Cola aqui atrás da kombi
[2018-01-30 23:34:52] Não é muita coisa, mas uma ajuda não faz mal a ninguém
[2018-01-30 23:35:20] :p
[2018-01-30 23:38:24] Tá saindo Matheus?
[2018-01-30 23:38:42] to
[2018-01-30 23:38:49] muito mal organizada essa saida
[2018-01-30 23:39:02] tudo na cpbr eh assim
[2018-01-30 23:39:05] auehaueh bem vindo
[2018-01-30 23:39:23] Kkkk
[2018-01-30 23:40:01] Fala assim n o comercial de tv e tao daora
[2018-01-30 23:40:15] kkkk
[2018-01-30 23:40:47] Kkkk
[2018-01-30 23:41:59] victor
[2018-01-30 23:42:12] Tu vai tomar uma breja comigo
[2018-01-30 23:42:22] pra eu ter coragem de pegar a fila de entrar
[2018-01-30 23:42:31] Kkk
[2018-01-30 23:42:40] Traz uma pro Pai...
[2018-01-30 23:42:54] num pode entrar
[2018-01-30 23:43:01] ja pode entrar com bebida? auhae
[2018-01-30 23:43:07] ce ve
[2018-01-30 23:43:15] Se não pode entrar com bebida
[2018-01-30 23:43:24] Manjam nada de Eventos...
[2018-01-30 23:43:25] que credibilidade vai ter comigo
[2018-01-30 23:43:34] eh evento family friendly
[2018-01-30 23:43:34] Saiu o MAME 0.194 ! https://github.com/mamedev/mame/releases/tag/mame0194
[2018-01-30 23:43:34] photo: /home/felipe/devel/github_garoa/Telegram_logs_Garoa_Hacker_Clube_Publico/media/Garoa_Hacker_Clube_(Público)/download_804730948_99851.jpg
[2018-01-30 23:44:01] mas ta marked as not_working
[2018-01-30 23:44:09] ehhehee
[2018-01-30 23:44:21] Kkkk
[2018-01-30 23:44:30] not_working significa emulação parcial
[2018-01-30 23:44:57] falta emular o teclado. Mas a interface serial e o display de vídeo já estão funcionando
[2018-01-30 23:45:06] document: /home/felipe/devel/github_garoa/Telegram_logs_Garoa_Hacker_Clube_Publico/media/Garoa_Hacker_Clube_(Público)/download_532584354249966457.mp4
[2018-01-30 23:48:53] Tah movimentada a "Campus B" ?
[2018-01-30 23:54:49] @Gutemhc @AllanTrindad
[2018-01-30 23:54:53] Colem aqui
[2018-01-30 23:54:57] compramos uma catuaba
[2018-01-30 23:55:08] pra comemorar
[2018-01-30 23:55:24] A data 30 de janeiro
[2018-01-30 23:55:56] mas nem eh o ultimo dia
[2018-01-30 23:55:58] do mes
[2018-01-30 23:56:08] so daqui a 4min
[2018-01-30 23:56:16] mas tamo comemorando o dia 30
[2018-01-30 23:56:20] não o último dia do mes
[2018-01-30 23:56:37] dia 30 é o dia de comemorar com catuaba o quase fim do mes
