[2017-06-08 07:22:22] photo: /home/felipe/devel/github_tvdstaaij/telegram-history-dump/output/media/Garoa_Hacker_Clube_(Público)/download_804740903_38494.jpg
[2017-06-08 09:42:37] http://partidopirata.org/jeremy-hammond-tribunal/
[2017-06-08 10:38:23] A coisa só piora: https://yro.slashdot.org/story/17/06/08/007236/facebook-wants-to-spy-on-people-using-their-phones-camera-and-analyze-facial-emotions
[2017-06-08 10:52:31] https://tech.slashdot.org/story/17/06/07/1919230/americans-from-both-political-parties-overwhelmingly-support-net-neutrality-poll-shows
[2017-06-08 12:06:50] @Gomex Adivinha quem esqueceu de se inscrever no Meetup de Docker e agora está na fila de espera ?! 😅
[2017-06-08 12:37:19] Antonio de Almeida joined
[2017-06-08 12:37:21] Hi Antonio !
[2017-06-08 12:38:24] Galera, vocês fazem algum tipo de projeto que envolve música nos softwares LMMS ou Ardour?
[2017-06-08 12:38:33] Saberiam me dizer se existe algum hackerspace que tem este foco?
[2017-06-08 12:57:50] Sou do Raul HC e a gente já fez encontros para brincar com o LMMS
[2017-06-08 12:58:22] Mas não chegamos a fazer nenhum projeto
[2017-06-08 12:59:28] Tem uma galera lá fazendo um controlador MIDI
[2017-06-08 16:52:31] Alguem pensando em comprar Mochila p/ note? Comprei uma Targus Terra TSB226LA e não curti... Tô repassando. Sem uso.
[2017-06-08 17:32:52] Não sei quais os softwares que o @theseventhgod usa... ele é responsável pela atividade Synths, Drums and Hack...
[2017-06-08 17:40:50] profissionalmente tá complicado achar softwares que chega perto do ableton.. mas eu to vendo com ele de fazer algo simples com os softwares opensource free que existe, mas vai ser pra estudar mesmo, produção profissional vai acabar caindo sempre pro ableton.. no maximo um FL studio
[2017-06-08 17:47:04] Manda uma foto dela para mim no privado?
[2017-06-08 17:50:55] Mando
[2017-06-08 17:51:06] To na rua. Mais tarde mando
[2017-06-08 18:18:58] quem ta indo para o garoa?
[2017-06-08 18:27:06] eu
[2017-06-08 18:28:35] Yo!
[2017-06-08 18:28:49] blz
[2017-06-08 18:54:27] Eu estou usando lmms, mas estou meio parado com isto agora
[2017-06-08 20:12:18] @tilt4 mano
[2017-06-08 20:13:12] openmpt ❤️
[2017-06-08 20:13:15] deixei o cabo no butijao de gas
[2017-06-08 20:13:40] photo: /home/felipe/devel/github_tvdstaaij/telegram-history-dump/output/media/Garoa_Hacker_Clube_(Público)/download_804206054_68504.jpg
[2017-06-08 20:30:50] Kkk blza
[2017-06-08 21:08:46] Sergio joined
[2017-06-08 21:08:47] Hi Sergio !
[2017-06-08 21:25:26] Alguém no Garoa?

Será que vocês conseguem me mandar uma foto do cardápio da quero pizza?
[2017-06-08 22:56:59] Beleza
[2017-06-08 23:21:57] Saudações,

Estamos mapeando quais são os interesses da nossa turma, frequentadores do Garoa e entusiastas de hackerspaces.

Quem estiver interessado em dar a sua opinião, basta preencher este formulário. (Só 3 perguntas)

https://goo.gl/forms/2j4qf3M2jznhDytN2

Obrigado.

PS.: nenhum dado pessoal é divulgado, somente o subtotal das respostas fica publico que da pra ver depois de preencher.
[2017-06-08 23:22:07] pinned the message
[2017-06-08 23:22:56] 👍
