[2017-07-04 01:31:22] photo: /home/felipe/devel/github_tvdstaaij/telegram-history-dump/output/media/Garoa_Hacker_Clube_(Público)/download_4945449056575946768.mp4
[2017-07-04 09:03:44] Hauhauhauhau
[2017-07-04 09:50:41] ushahuashusaauhshuaush
[2017-07-04 10:40:48] Achei ofensivo
[2017-07-04 10:40:55] Manda mais
[2017-07-04 10:47:26] Agora vão legalizar maconha e vender em farmácias. Vão ficar pobres os dois.
[2017-07-04 11:03:34] Tem que criminalizar a matemática aplicada, então.
[2017-07-04 11:10:12] Olha, não duvido.
[2017-07-04 11:12:42] Assim só poderia existir no underground, aumentariam os salários.  Ótima idéia.  Podemos fazer uma campanha a favor da criminalização da educação, talvez
[2017-07-04 11:13:30] E surgirão facções de professores.
[2017-07-04 11:16:04] Apoiado
[2017-07-04 11:16:49] o governo Alckimin ja faz isso a um tempo... Rsrsrsrs
[2017-07-04 11:19:04] Podíamos vender maconha na porta das escolas
[2017-07-04 11:19:29] Vender maconha nas aulas de matematica aplicada
[2017-07-04 11:19:42] Simmm
[2017-07-04 11:19:49] Igual de humanas
[2017-07-04 11:20:25] Já vai ter muita concorrência
[2017-07-04 11:23:02] Entao vamos vender maquinas pra dichava e bolar uma boa vela podemos fazer com esp8266
[2017-07-04 11:24:51] Ai fabricio nossa startup
[2017-07-04 11:25:10] Não mais, a maconha vai vender em farmácias, vai ser barato, todos vão poder comprar.  Já as escolas estarão proibidas.  Voce vai fazer tráfico de apostilas de matemática aplicada, na porta das farmácias.
[2017-07-04 11:27:28] imagino o preço de uma 50g nesses tempos...  portar um fuzil militar será menos criminoso
[2017-07-04 11:27:52] document: /home/felipe/devel/github_tvdstaaij/telegram-history-dump/output/media/Garoa_Hacker_Clube_(Público)/download_803111276_105646.jpg
[2017-07-04 11:28:40] Kkkkk quero ver vender maconha, fui comprar cerumin e nao pode mais tem que ter receita kkkk
[2017-07-04 11:30:20] só pra saber, quantos compraram arduino/esp8266, componentes, variados, e estão com eles sem usar?
[2017-07-04 11:32:14] Comprei pra fazer a maqui a de bolar, mais nao lembro onde coloquei
[2017-07-04 11:32:14] O Senado vai começar a debater a PLS 116/2017 que trata da perda do cargo público por insuficiência de desempenho... https://t.co/E8oCvRZFEy
[2017-07-04 11:32:37] Vai sobrar meia dúzia
[2017-07-04 12:05:28] Aposto que vão debater só para ganhar uns pontos na opinião publica, nunca vai passar isso.
[2017-07-04 12:05:41] hahaha
[2017-07-04 12:10:31] Gabriel joined
[2017-07-04 12:10:32] Hi Gabriel !
[2017-07-04 12:10:39] Ei olá
[2017-07-04 12:12:23] Bemvindo Gabriel
[2017-07-04 12:13:08] Aleluia
[2017-07-04 12:14:47] Queria um tablet com linux ou um que de pra instalar
[2017-07-04 12:15:30] Mais tem que ser um bacana nao me vem com da pra aspirar um rasp
[2017-07-04 12:16:04] O uso vai ser email internet e vim
[2017-07-04 13:44:38] Gente, no garoa vocês tem gravador de eeprom?
[2017-07-04 15:09:40] Eu tenho um. Não é do Garoa, então teria que me avisar que dia você vai estar por aqui para eu trazer e te ajudar. O que é que você precisa gravar ?
[2017-07-04 15:10:22] Um chip c27c801, de 1mb. Se não me engano 32 pinos
[2017-07-04 15:11:09] o meu gravador tem soquete zif de 40 pinos
[2017-07-04 15:11:18] deixa eu ver aqui se ele suporta esse modelo de chip
[2017-07-04 15:12:17] na lista de dispositivos suportados consta: M27C801
[2017-07-04 15:12:41] não é exatamente o mesmo vódigo mas acho que a única diferença é o fabricante. Então deve funcionar
[2017-07-04 15:12:58] normalmente mudam apenas alguns timings e não costuma ser crítico
[2017-07-04 15:13:03] mas pode ser que não funcione
[2017-07-04 15:13:25] em qual equipamento vai esse chip, no seu caso ?
[2017-07-04 15:14:04] Se pá eu me confundi e começa com M mesmo sheuahue
[2017-07-04 15:15:16] Então. É o chip com a estrutura mais próxima dos cartuchos de super Nintendo. Um tempo atrás fiz uma hackrom de super mario world e tentei gravar no chip pra substituir em um cartucho de super Nintendo e conseguir jogar num aparelho real, mas usei um gravador da faculdade que tava zoado e não funcionou direito
[2017-07-04 15:17:02] saquei
[2017-07-04 15:17:03] legal
[2017-07-04 15:17:09] bom... vamos agendar então
[2017-07-04 15:17:29] que dia você pode vir aqui (sim, eu estou no Garoa agora mesmo)
[2017-07-04 15:18:31] mas eu acabei sem querer deixando o gravador em casa. Eu costumo andar com ele na mala, mas ontem eu usei ele e acabei largando em cima da mesa do meu "lab" lá em casa
[2017-07-04 15:34:41] Amanhã no Castálio http://youtube.com/castaliopodcast 
falaremos sobre Inteligência Artificial, Data Science, Machine Learning e essas coisas doidas.. enviem suas perguntas a respeito do tema.
(teremos 2 especialistas no assunto para responder tudo!)
[2017-07-04 15:43:45] Como funcionário concursado de uma empresa de economia mista acho essa discussão importantíssima.
Que sabe assim alcançamos um nível de eficiência adequado...
[2017-07-04 15:50:10] Rapaz você vai estar no garoa que dias essa semana?
[2017-07-04 15:59:52] não sei dizer
[2017-07-04 16:00:12] mais fácil você me dizer que dia você pretende vir e eu tento vir também
[2017-07-04 16:05:52] http://www.instructables.com/id/BrickPi-Bookreader-Digitize-Books-With-Mindstorms-/ pra acabar com o problema do espaço nas estantes
[2017-07-04 16:24:22] Pode ser quinta?
[2017-07-04 16:24:42] Vou levar um super Nintendo na mochila, aí dá pra testar por aí mesmo
[2017-07-04 16:28:41] Pergunta: qual tamanho da régua? kkkkkk
[2017-07-04 16:57:39] legal! Pode ser sim. Você está usando um soquete ZIF no cartucho ? Ou pelo menos um soquete DIP comum ?
[2017-07-04 16:58:59] Eu coloquei um soquete nele mas tô achando que isso tá atrapalhando a leitura. Não sei muito bem, tudo que eu sei de eletrônica foi o que aprendi nas aulas de hardware (numa faculdade se ads então foi pouco) e o que li na Internet
[2017-07-04 16:59:15] Chegando em casa eu tiro foto do cartucho e te  mostro
[2017-07-04 16:59:47] Não tenho nenhum interesse comercial nisso não, só quero ver se consigo jogar a hackrom que fiz num super Nintendo de verdade mesmo
[2017-07-04 16:59:50] legal
[2017-07-04 17:00:02] tô ligado
[2017-07-04 17:00:17] e o que é que a sua ROM modificada faz ?
[2017-07-04 17:00:56] coisas simples como alteração de strings de texto apenas? Ou algo mais avançado?
[2017-07-04 17:01:09] algum cheat ?
[2017-07-04 17:01:15] troca de sprites ?
[2017-07-04 17:03:13] teve um cara que fez um cartucho de SNES com a ROM substituída por uma dual-port RAM. E tem um microcontrolador que recebe comandos pela USB para escrever na RAM (pra fazer a carga de um jogo) ou pra ler e escrever na RAM para sacanear os jogos em runtime
[2017-07-04 17:03:37] Eu vi isso aí, eu sigo o trabalho desse cara
[2017-07-04 17:04:29] Ele fez isso com um cartucho intacto, ele foi usando umas falhas no jogo pra escrever bytes na memória ram a partir de movimentos normais do jogo e fez um esquema pra executar
[2017-07-04 17:05:02] Takvez não estejamos falando da mesma pessoa sghshshsh
[2017-07-04 17:05:21] Procura por "sethbling" no youtube depois, ele faz umas coisas geniais
[2017-07-04 17:06:35] Cara minha rom é só troca de sprites e texto mesmo. A coisa mais difícil que fiz foi um código que escolhe aleatoriamente uma frase dentre um array e monta ela com sprites pra exibir antes de uma fase começar
[2017-07-04 17:13:54] estamos falando de hacks diferentes
[2017-07-04 17:14:13] de fato esse cara aí a quem você se refere é doente da cabeça mesmo: https://www.youtube.com/watch?v=hB6eY73sLV0
[2017-07-04 17:14:44] Mas o que eu me refiro fabricou um cartucho próprio para alterar o jogo em runtime
[2017-07-04 17:16:12] 👍
[2017-07-04 17:16:47] https://hackaday.com/2014/05/06/dual-port-ram-teaches-an-old-nes-new-tricks/
[2017-07-04 18:24:02] http://gamerdesconstrutor.blogspot.com.br/2017/07/finalmente-rom-de-rayman-para-super.html
[2017-07-04 18:29:44] document: /home/felipe/devel/github_tvdstaaij/telegram-history-dump/output/media/Garoa_Hacker_Clube_(Público)/download_826459275206328396.webp
[2017-07-04 18:30:37] mas é *bem* protótipo mesmo
[2017-07-04 18:30:39] https://www.youtube.com/watch?v=zBYMZHiy-XU
[2017-07-04 18:30:46] menos de 1 minuto de conteúdo
[2017-07-04 22:37:13] Estava ficando bem legal.
[2017-07-04 23:37:54] Galera sou novo por aqui, moro em São Paulo. Quando que ocorre os eventos ou reuniões ? Obrigado pela atenção.
[2017-07-04 23:39:19] Já olhou no site? Lá tem tudo que vc precisa saber dos eventos
[2017-07-04 23:41:00] Sim, confesso que fiquei meio perdido
