[2017-07-30 00:17:32] https://olhardigital.com.br/noticia/fonte-calibri-da-microsoft-obriga-primeiro-ministro-a-renunciar/70045
[2017-07-30 00:36:16] Eu tô me cagando de rir aqui HAHAHHAHAHAHA
[2017-07-30 01:35:25] https://apple.slashdot.org/story/17/07/29/2338204/apple-pulls-anti-censorship-apps-from-chinas-app-store
[2017-07-30 11:25:41] Bom dia
[2017-07-30 12:28:39] http://hackaday.com/2017/07/29/everything-you-need-to-know-about-logic-probes/
[2017-07-30 13:37:52] Alguém no Garoa hj? To em SP, pensei em dar uma passada. Mas to sem chave.
[2017-07-30 14:58:09] eu não vou poder ir no Garoa. Mas moro perto. Quer passar aqui em casa ?
[2017-07-30 14:59:15] Por volta das 17h eu vou sair com a Carine e umas amigas dela tomar uma cerveja aqui por perto. Você pode ir com a gente também, se quiser.
[2017-07-30 15:03:47] Pode ser!
[2017-07-30 15:06:49] então cola aí
[2017-07-30 17:10:34] photo: /home/felipe/devel/github_tvdstaaij/telegram-history-dump/output/media/Garoa_Hacker_Clube_(Público)/download_803112736_110674.jpg
[2017-07-30 20:51:50] http://neo900.org/
[2017-07-30 20:51:58] Celular de hardware aberto!
[2017-07-30 20:56:33] o pessoal ta fazendo uma petição online para tornar o Flash ( Rip em 2020 ) open source... Achei a idéia bacana. apesar das grandes criticas de performance e segurança é uma ferramenta bem bacana para criar animações : https://github.com/pakastin/open-source-flash
[2017-07-30 20:56:34] pakastin | open-source-flash

Petition to open source Flash spec

Language: ActionScript
Forks: 38
Stars: 3333
Issues: 10
[2017-07-30 23:41:28] https://twitter.com/juca_gnu/status/884586847313309696
[2017-07-30 23:43:21] A petição é de 4 dias atrás. Meu tweet é de 20 dias atrás :-)
[2017-07-30 23:44:45] Pra quem curte UrbEx: periodicos.univille.br/index.php/RCCult/article/download/332/312
