[2017-08-31 09:33:51] Nelson excelente iniciativa do Itau, eu sou da protiviti e aqui estamos usando esse bot
[2017-08-31 10:59:02] Obrigado! Para qualquer phishing :)))
[2017-08-31 10:59:16] Obrigado e qq feedback agradeco
[2017-08-31 11:04:44] Legalzin esse porem eu quero um de 8 gb d ram
[2017-08-31 11:05:33] Diversão kkk
[2017-08-31 11:06:55] Blz
[2017-08-31 11:07:34] Alias bom dia
[2017-08-31 17:00:57] Frase do dia: "No EAD não tem amigo."
[2017-08-31 17:07:35] Aparentemente vc pode extender a memoria dos x201  até 8.
[2017-08-31 17:07:39] https://support.lenovo.com/fr/en/solutions/pd010141
[2017-08-31 17:16:24] x201 é massa. Roda Coreboot :D
[2017-08-31 17:16:54] o 201 tb ?
[2017-08-31 17:17:34] ah sim, bom vacilei, acabei com um x200 aqui mas estou feliz
[2017-08-31 17:27:01] Felipe "Juca" Sanches added Skyen Hasus
[2017-08-31 17:27:02] Hi Skyen !
[2017-08-31 17:34:19] https://news.slashdot.org/story/17/08/31/1435252/central-banks-cant-ignore-the-cryptocurrency-boom
[2017-08-31 17:50:03] Boa
[2017-08-31 17:57:17] http://www.novomilenio.inf.br/ano97/97hista7.htm
[2017-08-31 18:14:06] Boa pessoal
[2017-08-31 18:16:25] Alguém sabe me dizer se é possível se conectar no ssh quando se tem as chaves: DSA,Rsa,ECDSA,EdDSA?
[2017-08-31 18:44:22] Já tem alguem no Garoa?
[2017-08-31 18:44:53] yep
[2017-08-31 19:04:54] Gracias
[2017-08-31 19:29:11] O cenário mr robot vai se tornar realidade?
[2017-08-31 20:05:34] document: /home/felipe/devel/github_tvdstaaij/telegram-history-dump/output/media/Garoa_Hacker_Clube_(Público)/download_532583417947132127.mp4
[2017-08-31 20:46:12] tem um video ao vivo do burning man http://somafm.com/brfm/songhistory.html
[2017-08-31 20:54:47] Alguém entende de drones?
[2017-08-31 20:54:48] O meu não está querendo sair do chão
[2017-08-31 20:54:48] photo: /home/felipe/devel/github_tvdstaaij/telegram-history-dump/output/media/Garoa_Hacker_Clube_(Público)/download_803119997_133748.jpg
[2017-08-31 20:59:44] Já desligou, deixou por 10 segundos e ligou novamente?
[2017-08-31 21:20:16] Um drone de rodas de cadeira de escritório? 😂😂😂
[2017-08-31 22:45:15] Pentocóptoros são particularmente difíceis de operar. Tenta tirar uma das pontas.
[2017-08-31 23:12:29] Alguém disposto a participar?
[2017-08-31 23:48:17] Desliga e liga de novo. Sempre funciona 😂
