[2017-03-12 00:15:18] Que projeto é esse?
[2017-03-12 00:19:31] photo: /home/felipe/devel/github_tvdstaaij/telegram-history-dump/output/media/Garoa_Hacker_Clube_(Público)/download_803113972_17833.jpg
[2017-03-12 00:21:16] EU TÔ MUITO FELIZ COM ISSO A MEU DEUS
[2017-03-12 00:22:52] precisava instalar o pacote gstreamer0.10-plugins-good só
[2017-03-12 00:27:18] 😝
[2017-03-12 00:30:50] https://garoa.net.br/wiki/Z80_Homebrew_Computer
[2017-03-12 00:32:59] Eita hahaha dahora
[2017-03-12 07:24:38] 😁
[2017-03-12 08:42:09] http://jods.mitpress.mit.edu/pub/AgeOfEntanglement
[2017-03-12 08:59:54] Quem tiver no garoa, se tiver alguém
[2017-03-12 09:00:03] Pode abrir a porta pra mim?
[2017-03-12 10:38:08] Qual o nome daquele projeto que colocaram uma barra de led num motor
[2017-03-12 10:38:10] ?
[2017-03-12 10:41:23] POV - Persistence Of Vision
[2017-03-12 10:42:05] photo: /home/felipe/devel/github_tvdstaaij/telegram-history-dump/output/media/Garoa_Hacker_Clube_(Público)/download_803112134_17484.jpg
[2017-03-12 10:42:13] Não achei na lista de projetos :c
[2017-03-12 10:42:18] Queria mostrar pra um amigo
[2017-03-12 10:43:12] Achei
[2017-03-12 10:43:19] KKKKKKKKKKKKK O NOME É PAU DE LED
[2017-03-12 10:43:21] GWKSGSKHDKSHDKSBKHSKD
[2017-03-12 10:45:20] https://garoa.net.br/wiki/Pau_de_LED
[2017-03-12 10:46:09] No Garoa geralmente tem um nome mais criativo... hahahaha...
[2017-03-12 10:49:46] Um AVR, que tal? Está presente em todos os arduino, tem um conjunto de instruções e uma arquitetura bem razoável, e depois dá para brincar de disassembly com o GCC
[2017-03-12 10:51:01] http://www.avr-asm-tutorial.net/avr_en/
[2017-03-12 10:52:09] Minto, não está presente em TODOS os arduino, mas tem bastante por aí
[2017-03-12 10:58:03] De brinde, ele ainda é baseado em arquitetura Harvard, que é algo legal de conhecer pelo menos uma vez.
[2017-03-12 11:08:47] photo: /home/felipe/devel/github_tvdstaaij/telegram-history-dump/output/media/Garoa_Hacker_Clube_(Público)/download_803120446_18324.jpg
[2017-03-12 11:11:23] photo
[2017-03-12 11:13:25] bom dia a todos !
[2017-03-12 11:19:30] 👍👍👍👍👍
[2017-03-12 11:20:00] 😊😊😊😊
[2017-03-12 11:25:39] Bom dia!
[2017-03-12 11:53:26] Alô, por acaso vim parar no Museu da Infância hoje em Londres e achei umas pérolas que gostaria de compartilhar aqui.
[2017-03-12 11:53:55] photo: /home/felipe/devel/github_tvdstaaij/telegram-history-dump/output/media/Garoa_Hacker_Clube_(Público)/download_803112263_17932.jpg
[2017-03-12 11:54:26] photo: /home/felipe/devel/github_tvdstaaij/telegram-history-dump/output/media/Garoa_Hacker_Clube_(Público)/download_223034278_401496.jpg
[2017-03-12 11:54:46] photo: /home/felipe/devel/github_tvdstaaij/telegram-history-dump/output/media/Garoa_Hacker_Clube_(Público)/download_230114018_65819.jpg
[2017-03-12 11:55:10] photo: /home/felipe/devel/github_tvdstaaij/telegram-history-dump/output/media/Garoa_Hacker_Clube_(Público)/download_230114083_65805.jpg
[2017-03-12 11:55:34] photo: /home/felipe/devel/github_tvdstaaij/telegram-history-dump/output/media/Garoa_Hacker_Clube_(Público)/download_223021208_399018.jpg
[2017-03-12 11:56:10] O ZX Spectrum eu quase chorei.
[2017-03-12 11:56:43] photo: /home/felipe/devel/github_tvdstaaij/telegram-history-dump/output/media/Garoa_Hacker_Clube_(Público)/download_223023398_396824.jpg
[2017-03-12 12:02:38] Desculpem a qualidade baixa, reduzi pra enviar aqui mas posso mandar em mais alta se alguém quiser ver detalhes.
[2017-03-12 12:16:30] Afonso será que esse suporte do bagulho de led cabe no seu carro?
[2017-03-12 12:17:05] Não sei se vou conseguir ir até aí buscar
[2017-03-12 13:39:42] To dando oficina no Sesc não entendi
[2017-03-12 13:51:01] ah, vc ta no outro sesc...
[2017-03-12 13:51:19] photo: /home/felipe/devel/github_tvdstaaij/telegram-history-dump/output/media/Garoa_Hacker_Clube_(Público)/download_803118955_17931.jpg
[2017-03-12 13:52:16] isso ai ta no sesc itaquera
[2017-03-12 13:52:21] mas nao vou conseguir ir la pegar
[2017-03-12 15:20:19] Alguém vindo pro garoa minha chave da porta nai esta abrindo
[2017-03-12 15:43:08] ??
[2017-03-12 15:56:34] Leandro, acho que quase todo mundo está no Sesc Itaquera...
[2017-03-12 15:57:14] Eu não estou, mas estou fazendo um curso em São Bernardo do Campo...
[2017-03-12 16:02:15] Que pena, vim pra mostrar pra uns amigos
[2017-03-12 16:06:33] Alias eles estão procurando programador pra trablhar alguém quer
[2017-03-12 16:19:59] Python
[2017-03-12 18:27:24] Show de bola!
[2017-03-12 18:27:41] Tem eu, serve?
[2017-03-12 20:39:17] Francisco Franco joined
[2017-03-12 20:39:18] Hi Francisco !
[2017-03-12 20:57:45] Boa noite gentes
[2017-03-12 21:08:54] Boa noite
[2017-03-12 21:09:47] Noite...
[2017-03-12 21:11:34] Newbie em programação já apaixonado pelo que conheci (na internet) sobre o Garoa ☔
[2017-03-12 21:12:30] Legal cara, vc é de onde?
[2017-03-12 22:21:55] photo: /home/felipe/devel/github_tvdstaaij/telegram-history-dump/output/media/Garoa_Hacker_Clube_(Público)/download_58023844232823658.webp
[2017-03-12 22:22:36] Japonês de coque = Oda no Sukiya
[2017-03-12 22:27:36] document: /home/felipe/devel/github_tvdstaaij/telegram-history-dump/output/media/Garoa_Hacker_Clube_(Público)/download_1124472169519120940.webp
[2017-03-12 22:31:45] Apresenta o grupy sp pra eles... Sempre tem.gnt procurando trampo :)
[2017-03-12 22:39:59] photo: /home/felipe/devel/github_tvdstaaij/telegram-history-dump/output/media/Garoa_Hacker_Clube_(Público)/download_803117841_18183.jpg
[2017-03-12 22:40:06] Me emputeci com meus cabos USB -RS232 hoje
[2017-03-12 22:40:34] Acabei começando a desenhar um projeto de QuadSerial com o FT4232HL
[2017-03-12 22:40:38] Vantagens de ser Eng Eletrônico
[2017-03-12 22:51:54] document: /home/felipe/devel/github_tvdstaaij/telegram-history-dump/output/media/Garoa_Hacker_Clube_(Público)/download_694481660414001263.webp
[2017-03-12 23:07:56] muito bom isso vei
[2017-03-12 23:08:12] oda, vc precisa colocar a foto do japa do sukiya vei...
[2017-03-12 23:13:01] Poxa, estou procurando outro emprego....:(
[2017-03-12 23:13:44] grupy pode te ajudar
[2017-03-12 23:13:54] soh n caia em promessas de milhoes a curto prazo
[2017-03-12 23:19:32] 20 anos de experiência na área de informática serve pra alguma coisa?
[2017-03-12 23:21:55] n
[2017-03-12 23:25:39] Chata!
[2017-03-12 23:31:31] document: /home/felipe/devel/github_tvdstaaij/telegram-history-dump/output/media/Garoa_Hacker_Clube_(Público)/download_118535303458718313.webp
[2017-03-12 23:40:49] document: /home/felipe/devel/github_tvdstaaij/telegram-history-dump/output/media/Garoa_Hacker_Clube_(Público)/download_1842540969984064.webp
