[2017-02-18 00:19:00] Parabéns, @vmesel!!!
[2017-02-18 00:46:43] Página da wiki do CineTrekker criada
https://garoa.net.br/wiki/CineTrekker
[2017-02-18 00:48:58] Marquei na agenda do Carnahacking para sábado 25/02 às 17h
[2017-02-18 00:52:01] Quem tiver interesse em participar diga se tem alguma oposição a ver o episódio legendado.
Se for o caso vou ter que procurar dublado no Netflix ou algo assim.
[2017-02-18 01:05:26] Uhuuu eu vou
[2017-02-18 07:58:22] -Heloá
-Fabio
-Villares
-Tamys
-Monica
-Mike
[2017-02-18 08:01:08] - Fabricio
[2017-02-18 08:01:48] 👍👍
[2017-02-18 08:10:33] @Biazzotto @cassias @Yumizinha @eduoda @Yumizinha @Fabiohirano obrigado pelo carinho!
[2017-02-18 08:10:36] vou resolver aqui
[2017-02-18 11:26:46] Legendado é sempre melhor mas temos que pensar se o coleguinha enxerga direito kkkkk
Eu tenho 7.5 de miopia então legenda pequena e de longe não rola
[2017-02-18 11:30:00] Vamos fazer uns testes, mas acho que a legenda não é pequena não
Vou ver se minhas irmãs pequenas vão querer ir porque acho que elas se perdem com a legenda, elas leem mais devagar
[2017-02-18 11:31:06] Se tiver criança vai no dublado mesmo
[2017-02-18 11:50:59] Tá rolando agora o livestream da re-inauguração da base de lançamento 39A de Cabo Canaveral com o lançamento dum foguete Falcon 9 da SpaceX. http://spaceflightnow.com/2017/02/17/spacex-crs-10-mission-status-center/
[2017-02-18 12:00:24] Eu tô sem Netflix, alguém sabe se a série clássica tem opção dublada lá?
[2017-02-18 12:28:13] Acho que seria mil vezes melhor assistirmos com o áudio original legendado
[2017-02-18 12:30:47] Eu tb acho, mas pra criança é mais dificil ver o legendado
[2017-02-18 12:36:11] Verdade :/
[2017-02-18 12:36:21] document: /home/felipe/devel/github_tvdstaaij/telegram-history-dump/output/media/Garoa_Hacker_Clube_(Público)/download_175980787395461139.webp
[2017-02-18 12:38:39] Acho que teremos bem mais adultos dessa vez e o áudio original é muito superior.
As crianças podem perder algumas partes mas vão pegando pelo contexto e no final podemos desfazer mal entendidos.
[2017-02-18 12:39:39] Esse episódio que eu escolhi para a primeira seção tem alguns elementos que eles vão reconhecer facilmente.
[2017-02-18 12:40:16] E vou testar esse final de semana ver um episódio diferente legendado com as pequenas e ver o que elas acham
[2017-02-18 12:42:54] document: /home/felipe/devel/github_tvdstaaij/telegram-history-dump/output/media/Garoa_Hacker_Clube_(Público)/download_712179395279717800.webp
[2017-02-18 12:45:01] document: /home/felipe/devel/github_tvdstaaij/telegram-history-dump/output/media/Garoa_Hacker_Clube_(Público)/download_858174108288942870.webp
[2017-02-18 12:51:43] document: /home/felipe/devel/github_tvdstaaij/telegram-history-dump/output/media/Garoa_Hacker_Clube_(Público)/download_50945793963590118.webp
[2017-02-18 12:56:56] photo: /home/felipe/devel/github_tvdstaaij/telegram-history-dump/output/media/Garoa_Hacker_Clube_(Público)/download_804201663_15430.jpg
[2017-02-18 12:57:05] WS2812... Já usaram?
[2017-02-18 14:41:53] uia!
[2017-02-18 14:42:26] São LEDs individuais? Ou são fitas? Tá difícil de entender a imagem. Mas parece que são individuais...
[2017-02-18 14:44:19] Leds individuais... conheço...
[2017-02-18 14:56:37] Alguém no Garoa!?
[2017-02-18 14:59:32] acredito que sim. Hoje tem o "Quebrando o Cerco"
[2017-02-18 15:39:55] Individuas
[2017-02-18 15:51:55] Parabéns @vmesel ! Ainda bem q vc tem opções para escolher! Tente descobrir qual tem o melhor curso - é o conhecimento que vc vai levar para sempre. Considere as opções de custo e, se tiver a possibilidade de fazer o curso em outra cidade, você vai ter o plus de viver a experiência de morar em outro lugar, numa república.
[2017-02-18 15:52:35] Pessoal, que oficina vocês gostariam que eu preparasee para o Garoa Hacker Camp? Sem coisas milaborantes, só tenho um mês para preparar, mas dá tempo de preparar plaquinhas se for o caso.
[2017-02-18 15:56:45] Que tipo de oficina você faz?
[2017-02-18 15:57:34] Como faz para postar na página do Garoa?
[2017-02-18 15:58:44] Eletrônica, geralmente. Kicad também.
[2017-02-18 15:59:09] https://garoa.net.br/wiki/Wiki
[2017-02-18 15:59:30] Na página do Facebook, me expressei mal
[2017-02-18 15:59:47] Estava pensando em algo com FPGA também, mas não sei bem o que.
[2017-02-18 15:59:54] Recuperação de firmware de chips.
[2017-02-18 16:00:06] O que seria FPGA?
[2017-02-18 16:00:25] O Juca é melhor para essa, na real
[2017-02-18 16:01:13] Um tipo de chip reconfigurável.
[2017-02-18 16:56:06] Alguém a fim de brincar no Hackaflag da Roadsec?
https://hackaflag.com.br/
Tem time do GaroaHC, se quiserem a hash pra entrar, entra em contato no pvt
[2017-02-18 16:56:58] ah, faz a hash q nem o ano passado, q a pessoa tinha q fazer um teste
[2017-02-18 16:57:18] Eu não falei que ia dar a hash =)
[2017-02-18 16:57:47] document: /home/felipe/devel/github_tvdstaaij/telegram-history-dump/output/media/Garoa_Hacker_Clube_(Público)/download_169467267627617227.webp
[2017-02-18 17:02:37] Portar o Patinho Feio para uma FPGA 😊 Please...
[2017-02-18 17:03:39] Isso parece legal, posso fazer a placa para ligar na fpga. Acho que tem um kit de spartan 3 que deixei no Garoa, consegue conferir se ele está lá? Posso usar ele como base
[2017-02-18 17:04:05] Sim, temos uma Spartan-3 lá
[2017-02-18 17:04:07] Assim os LEDs e botões podem reproduzir o do patinho feio.
[2017-02-18 17:04:55] Semana que vem deve ter um novo release do Kicad, vou preparar uma oficina baseado nele já também
[2017-02-18 17:28:27] Depende se a maioria do pessoal é noob de eletrônica ou não. No meu caso, teria q ser um "eletrônica com carinho", oficina de solda, etc. podemos pensar também em algum circuito simples e que também sirva de recordação do camp - talvez um crachá ou mesmo um boton
[2017-02-18 17:29:11] Um crachá parece algo legal.
[2017-02-18 17:29:18] Dá para fazer o tap também
[2017-02-18 17:33:31] Eu ainda não sei se eu vou, mas VC podia mostrar alguma coisa Open source q usam nos laboratórios Stars
[2017-02-18 17:34:31] Pensando alto... um boné, bordamos o logo do hackercamp (a parte), cada um customiza com leds e linha condutiva
[2017-02-18 17:34:35] Os projetos open que eu trabalho são inadequados para uma oficina. Tenho todo o prazer em mostrar e explicar, mas são coisas densas e específicas
[2017-02-18 17:35:12] :( nada basiquinho tipo um Blink?
[2017-02-18 17:36:28] https://github.com/lnls-dig/
[2017-02-18 17:36:32] Pode escolher um
[2017-02-18 17:37:19] Isso é legal, mas não faz meu estilo.
[2017-02-18 18:04:05] Alguém quer doar um HD para consertar um notebook doado ao garoa?   É SATA
[2017-02-18 20:18:40] Talvez eu tenha um
[2017-02-18 20:38:11] Mas rola uma palestrinha sobre a construção, né?
[2017-02-18 20:46:30] Isso seria legal, também gostaria de algo assim
[2017-02-18 21:01:54] Claro, vou roubar os slides da campus party, se o pessoal quiser
[2017-02-18 21:02:10] Boa!!!!!!
[2017-02-18 21:32:38] Opa. Tenho interesse!
[2017-02-18 21:41:32] Legal, então vou preparar 3 coisas
[2017-02-18 21:42:10] Uma palestrinha sobre a construção do Sirius, uma oficina de solda, e coisas para fazer o patinho feio com o Juca
[2017-02-18 23:25:16] Dá para fazer a oficina de solda com a throwing star por uns 20 reais a plaquinha com os componentes, talvez menos (vou ver cotações e imposto). Quem se interessa?
[2017-02-18 23:05:02] Como q é essa throwing star?
[2017-02-18 23:08:00] https://goo.gl/LPmBcG
[2017-02-18 23:08:23] É uma plaquinha open-source que intercepta ethernet. É bem simples e fácil de soldar, e tem certa utilidade. Já usei ela em outras oficinas, o pessoal costuma gostar.
[2017-02-18 23:23:26] Saí do Garoa quase 00:00, mas agora são 23:23...
[2017-02-18 23:23:55] document: /home/felipe/devel/github_tvdstaaij/telegram-history-dump/output/media/Garoa_Hacker_Clube_(Público)/download_532582752227164990.mp4
[2017-02-18 23:56:15] kkkk
[2017-02-18 23:57:11] Ceis já assitiram o Micro Men? https://en.wikipedia.org/wiki/Micro_Men
[2017-02-18 23:57:33] Era uma boa para o cine Carnahacking...
