[2017-12-08 08:00:36] Muito louco!
[2017-12-08 08:01:42] Só tinha lido de esotéricas mais escrachadas, essa dá mais o que pensar mesmo
[2017-12-08 09:17:32] photo: /home/felipe/devel/github_garoa/Telegram_logs_Garoa_Hacker_Clube_Publico/media/Garoa_Hacker_Clube_(Público)/download_804727882_70351.jpg
[2017-12-08 09:18:32] http://pichiliani.com.br/perolas-no-codigo-fonte-do-net-framework/
[2017-12-08 12:37:03] Bruno Pampolha joined
[2017-12-08 12:38:57] E ae galera, fmz? Colei no dia da Demo Party, troquei idéia com alguns de vocês. Só dando um salve!
[2017-12-08 12:41:26] Salve
[2017-12-08 12:43:19] document: /home/felipe/devel/github_garoa/Telegram_logs_Garoa_Hacker_Clube_Publico/media/Garoa_Hacker_Clube_(Público)/download_606707282096422942.webp
[2017-12-08 13:06:02] Vai rolar Open Hack Night hoje?
[2017-12-08 13:08:11] Provavelmente terá gente por lá
[2017-12-08 13:43:42] Se for me chama
[2017-12-08 13:43:51] Hahahaha
[2017-12-08 14:05:22] Estarei amanhã, está prevista a segunda parte da manutenção do garoa, envasamento de cerveja e sempre tem amigos por lá
[2017-12-08 14:31:30] E CTF hahaha
[2017-12-08 14:31:38] GS2W
[2017-12-08 15:25:20] A tchurminha do cft ❤️
[2017-12-08 15:59:34] Que horas mais ou menos vao começar os trabalhos da manutenção?
[2017-12-08 16:15:49] meio dia estaremos por lá começando as atividades
[2017-12-08 16:16:01] Legal
[2017-12-08 16:16:34] O que precisamos arrumar?
[2017-12-08 16:17:40] Nos planos, tem o eletroduto para prender na sala de eletrônica e na sala ao lado, por duas lâmpadas na sala de jogos
[2017-12-08 16:29:30] Aconteceu algo bizarro comigo agora
[2017-12-08 16:31:39] Eu tava em um grupo no wpp e aí do nada começou a sair um monte de gente, aí eu me tornei adm. Apareceu que eu adicionei um usuário sem eu ter feito nada e o maldito tinha uma foto com a máscara do Guy Fawkes 🙄. E ainda tá abrindo uns apps do nada sem eu mandar
[2017-12-08 16:31:57] A porra do McAfee não achou nada
[2017-12-08 16:33:00] Quando eu tiver em casa dou um jeito nisso
[2017-12-08 16:36:34] Vc tem ele instalado em outro dispositivo ?
[2017-12-08 16:40:23] Tem no PC da mãe
[2017-12-08 16:41:26] Saudades IRC Takeover...
[2017-12-08 16:46:46] Alguém teve problemas com essas bancos internet, como o tal banco 'original' ?
[2017-12-08 16:46:48] Darei um jeito nisso em casa
[2017-12-08 16:47:04] Verei se pwnaram mesmo meu celular e tal
[2017-12-08 17:49:16] Vc já olhou se tem algum processo estranho rolando no seu cel? Isso aí pode ser um RAT
[2017-12-08 17:49:16] Antivírus as vezes não pega mesmo
[2017-12-08 17:49:58] Olharei os processos, tô ligado que o antivírus deixa passar muitas vezes
[2017-12-08 19:43:24] Com o Original especificamente, não tive. Mas tive com a ContaSuper, mas exatamente de q tipo de problema vc pergunta?
[2017-12-08 19:48:24] Comprei uma garrafa da safra anterior (MUITO BOA) e queria saber se a garrafa é reutilizável pra vocês?
[2017-12-08 19:53:55] Não é um costume as pessoas devolverem mas se não for incomodo, pode levar sim 👍🏾
[2017-12-08 19:55:00] document: /home/felipe/devel/github_garoa/Telegram_logs_Garoa_Hacker_Clube_Publico/media/Garoa_Hacker_Clube_(Público)/download_1842540969984065.webp
