[2016-07-26 02:24:52] Hoje estou inspirado
[2016-07-26 02:25:03] photo: /home/felipe/devel/github_tvdstaaij/telegram-history-dump/output/media/Garoa_Hacker_Clube_(Público)/download_803718532_63480.jpg
[2016-07-26 02:25:57] Mas isso não me faz ficar indignado com quem faz uma breakboard assim:
[2016-07-26 02:26:05] photo: /home/felipe/devel/github_tvdstaaij/telegram-history-dump/output/media/Garoa_Hacker_Clube_(Público)/download_803701416_62153.jpg
[2016-07-26 02:26:37] document: /home/felipe/devel/github_tvdstaaij/telegram-history-dump/output/media/Garoa_Hacker_Clube_(Público)/download_58023844232823935.webp
[2016-07-26 02:55:18] hahahaha
[2016-07-26 03:39:19] projeto do ultimo fds
[2016-07-26 03:39:22] https://www.youtube.com/watch?v=IUhWQfWI4q8
[2016-07-26 09:45:11] Alguém conhece alguém que trabalha no CUBO?
[2016-07-26 09:45:22] não de projeto incubado, mas da organização
[2016-07-26 09:46:05] Sim
[2016-07-26 09:46:31] Fala com pc Manoel lemos
[2016-07-26 11:31:42] Acho que o Mike queria ter dito: "Sim, fala com o Manoel Lemos." Minha dica é a mesma.
[2016-07-26 11:36:37] Obrigada queridos
[2016-07-26 11:38:56] pessoal, se alguem quiser um esmeril, estou vendendo um da makita baratinho, novo, caixa lacrada
[2016-07-26 12:04:34] Quanto??
[2016-07-26 12:04:36] :d
[2016-07-26 13:32:15] O diretor é o Flavio Pripas, se quiser o contato te passo. Mas depois do evento no sábado não recomendo o espaço pra ninguém, experiência horrível pra organizadores, profundamente arrependido
[2016-07-26 13:36:47] É verdade, tem o Pripas também
[2016-07-26 13:53:04] Tá uma merda esse negócio de escrever em celular, com uma inteligência artificial burra reescrevendo pra gente
[2016-07-26 13:54:56] Seria legal o Garoa ter um espaço grande e hospedar esses eventos
[2016-07-26 14:16:08] Pessoal, queremos marcar um Coding Dojo de Python, com o pessoal do GruPy-SP, no Garoa Hacker Clube, dia 09 de Agosto.

Vi que não tem nenhum evento marcado para este dia, além do Synth, Drums & Hack.

Sendo que os eventos não conflitam, já que ocorrem em salas diferentes, posso deixar agendado?
[2016-07-26 14:16:42] Será das 19:30 as 21:30
[2016-07-26 14:17:09] num é o dia da atividade do Anchises?
[2016-07-26 14:17:13] Eu acho que lota
[2016-07-26 14:17:59] Pode ser na Quarta então?
[2016-07-26 14:19:26] O Anchises marcou atividade para o dia 09?
Não está na página principal.
[2016-07-26 14:21:05] Ele estava organizando e perguntou pra algumas pessoas... está na lista. Mas é no dia 6/08 e está nos preparos.. @anchisesbr
[2016-07-26 14:23:54] A atividade de wifi com o Emmanuel
[2016-07-26 14:24:00] Não sei se já tá confirmado
[2016-07-26 14:24:16] O foda foi não terem dado nem sala de apoio
[2016-07-26 14:26:09] Achei a postagem do Anchises, ele propôs dia 06, sábado, a partir das 15h, então não haverá conflitos, já que estamos planejando o Dojo para dia 09, terça-feira, a partir das 19h30.
https://groups.google.com/forum/#!topic/hackerspacesp/ySyBaR9stsY
[2016-07-26 14:28:26] Também vou querer participar do evento do Anchises... inclusive instalei ontem o OpenWRT no meu TP-Link WR941ND...
[2016-07-26 14:33:31] @Biazzotto veja se consegue equalizar uma data por favor, conto com vc. Valeu.
[2016-07-26 14:38:23] Beleza Regis, pelo que vi não haverá conflitos de data / horário... a do @anchisesbr será dia 06 à tarde, e o GruPy será dia 09 à noite... estou superatarefado no trabalho, período de medição, quando puder coloco na wiki...
[2016-07-26 14:50:27] Super atarefado kkk, vou fingir que acredito... kkk tudo bem, até a noite a gente coloca junto. Dai vou fazer o trabalho de divulgação.
[2016-07-26 14:50:31] Valeu.
[2016-07-26 16:09:23] Pior que estou mesmo... no fim do mês, depois do dia 26, não tenho tempo nem para respirar...
[2016-07-26 16:46:40] Como que vc trabalha sem respirar? 😱
[2016-07-26 16:50:36] Teste
[2016-07-26 16:56:01] O cara é um robô, não precisa respirar (ele respira só pra não dar muito na cara).
[2016-07-26 17:06:09] kkk
[2016-07-26 17:26:26] Tá tendo Hackids? Queria fazer uma reunião de um grupo de JS no Garoa dia 10, até coloquei na lista,só que não tive resposta ainda...
[2016-07-26 17:40:43] Tyrell: "Is this to be an empathy test? Capillary dilation, the so-called blush response? Fluctuation of the pupil... involuntary dilation of the iris?
Deckard: "We call it Voight-Kampff for short."
[2016-07-26 17:42:15] Está treinando inglês é? kkk
[2016-07-26 17:43:45] Felipe "Juca" Sanches added Aurium's Bot
[2016-07-26 17:43:45] Hi Aurium's Bot !
[2016-07-26 17:43:57] O que é Voight-Kampff ?
[2016-07-26 17:44:00] A Wikipédia diz que "Blade Runner is a 1982 American tech noir science fiction film directed by Ridley Scott, and starring Harrison Ford, Rutger Hauer, Sean Young, and Edward James Olmos. The screenplay, written by Hampton Fancher and David Peoples, is a modified film adaptation of the 1968 novel Do Androids Dream of Electric Sheep? by Philip K." 
Saiba mais sobre Blade Runner.
[2016-07-26 17:44:10] Felipe "Juca" Sanches removed Aurium's Bot
[2016-07-26 17:55:38] Ainda bem que não é necessário passar no teste Voight-Kampff para se tornar membro do Garoa...
[2016-07-26 17:56:15] ;-)
[2016-07-26 17:56:50] ...dizem que nosso amigo Aleph provavelmente teria sido reprovado :-P
[2016-07-26 17:59:19] https://pbs.twimg.com/profile_images/579226766/______msn_Icon_400x400.jpg
[2016-07-26 18:33:48] document: /home/felipe/devel/github_tvdstaaij/telegram-history-dump/output/media/Garoa_Hacker_Clube_(Público)/download_826459275206328370.webp
[2016-07-26 18:34:39] Acho que você não conheceu o Alberto, né, @Biazzotto ? Ele foi um cara legal.
[2016-07-26 18:35:40] Logo depois que ele faleceu eu pensei em fazer um stencil com essa imagem no Garoa. Mas achei que talvez fosse um pouco chato, dado que a perda ainda era recente. Talvez hoje em dia seja de boa retomar essa ideia de fazer uma homenagem.
[2016-07-26 18:36:08] Não o conheci, só pelo vídeo do Garoa...
[2016-07-26 18:36:31] Ele que me apresentou o Garoa
[2016-07-26 18:36:40] junto com o Ramalho e o Logan
[2016-07-26 18:37:16] pô! você foi muito bem recebida no clube, hein?
[2016-07-26 18:38:09] sim! Lá no Castelo Ra Tim Bum
[2016-07-26 18:38:33] haha
[2016-07-26 18:38:36] épico!
[2016-07-26 18:38:42] eu gostava muito de lá
[2016-07-26 18:39:12] seria muito divertido voltar o Garoa pra lá, mas pra dominar o castelo inteiro dessa vez, e não só os porões...
[2016-07-26 18:39:51]  joined
[2016-07-26 18:39:51] Hi Diego !
[2016-07-26 18:40:31] Boa noite, o grupo está ativo que bacana.
[2016-07-26 18:40:38] Recentemente eu visitei a CCD e dei uma espiadinha no porão. Os stencils ainda estão desenhados nas paredes da escada (e acho que ainda tá cheio de adesivo também)
[2016-07-26 18:41:06] estão envelhecendo cachaça no porão onde funcionava o Garoa antigamente
[2016-07-26 18:41:37] ou era a cachaça que ficou lá no dia da mudança?
[2016-07-26 18:42:02] é cachaça do site mapadacachaca.com.br
[2016-07-26 18:44:35] Oi, se não for incomodo alguem poderia tirar uma dúvida sobre o social hubzilla do garoa?
[2016-07-26 18:46:04] @eduoda ?
[2016-07-26 18:50:31] Eu não encontrei na wiki nenhum termo de uso, regras essas coisas... queria saber se tem limitações especifica e se posso fazer quantos perfis/canais quiser ou se tem um limite etc 

se pode usar apenas para uso pessoal e se pode apresentar algum serviço que eu faço como consultoria por exemplo.... ? 😅
[2016-07-26 18:51:11] Algumas instâncias do hubzilla tem politicas muito especificas por isso to perguntando.
[2016-07-26 18:51:30] 😅😅
[2016-07-26 18:51:31] faz o que quiser
[2016-07-26 18:51:38] so nao derruba o server
[2016-07-26 18:51:44] Kkkkkkkkkk
[2016-07-26 18:51:50] nem porn e nem pedo
[2016-07-26 18:53:47] Como regra geral sobre o comportamento das pessoas no ambiente do Garoa, vale sempre a frase "Be excellent to each other!"
[2016-07-26 18:53:58] Meu conhecimentos não chegou nessas áreas sou novato,  mas aqui no grupo tem alguem que estuda ou gosta da área de direito de privacidade, privacidade e sociedade?
[2016-07-26 18:56:44] Aqui no Brasil a maioria dos estudos são voltados pras areas juridicas e legislativa mas eu vou pra lado da psicologia, social e educacional. Se souberem de alguem me avisem 🤓
[2016-07-26 18:58:57] Esses temas aparecem aqui no Garoa de vez em sempre, então acho que vai rolar bastante conversa legal pra vc acompanhar. No clube fisicamente sempre acontecem digressões sobre o tema
[2016-07-26 18:59:42] Particularmente, me interessei por sua abordagem, o que recomendaria ler/acessar pra me inteirar sobre o assunto?
[2016-07-26 19:03:46] Oi
[2016-07-26 19:04:11] Infelizmente não posso ir pessoalmente estou em pernambuco
[2016-07-26 19:04:42] Sobre os assuntos qual em especifico vc tem interesse?
[2016-07-26 19:05:17] no social uma boa introdução é entender o capital cultural
[2016-07-26 19:06:47] Um nome que pierre burdieu inventou pra o problema da má gestão de recursos fisicos e psicológicos é uma abertura aos trilhos da desigualdade social.
[2016-07-26 19:12:13] https://m.youtube.com/watch?v=Qlc6GBeCO50
[2016-07-26 19:15:04] semelhante a uma criança que não foi educada com recursos especificos e desconhece outras culturas e processos uma pessoa de qualquer na nação não pode conceber a privacidade na mente se ela não sabe o que é. 😐
[2016-07-26 19:19:14] o mapa da cachaça assumiu a casa do castelinho toda?
[2016-07-26 19:19:24] na época a CCD devolveu, ne?
[2016-07-26 19:24:00] não sei dizer
[2016-07-26 21:51:42] Venha participar do primeiro Coding Dojo do Grupy-SP no Garoa Hacker Club.
http://www.meetup.com/Grupy-SP/events/232906086/?_locale=pt-BR
Marque sua RSVP pois as vagas são limitadas.
