[2018-03-05 04:14:09] Acredito que sim. Tava com interesse em fazer um curso, ainda vou atras disso.
[2018-03-05 04:14:44] Alguem de SP tem o Livro "Exame de Redes com NMAP" e pode emprestar por alguns dias/semanas?
[2018-03-05 04:32:29] https://hackaday.com/2018/03/04/graphing-calculator-dual-boots-with-pi-zero/ 
Deixar escrito na placa MISO, MOSI, SCLK foi quase pedir: "Façam Hack nessa calculadora"
[2018-03-05 06:22:20] Valeu!
[2018-03-05 07:52:19] Tem um monte de sites e vídeos na Internet sobre o assunto, e lockpicking é o tipo de assunto que cabe num vídeo de 5 minutos
[2018-03-05 07:58:51] Por exemplo: https://youtu.be/mO3mMYwKkKs
[2018-03-05 11:04:55] photo: /home/felipe/devel/github_garoa/Telegram_logs_Garoa_Hacker_Clube_Publico/media/Garoa_Hacker_Clube_(Público)/download_806124194_52676.jpg
[2018-03-05 11:06:00] Leonardo Sato joined
[2018-03-05 11:22:56] @anchisesbr é especialista em abrir algemas hahaha :D
[2018-03-05 12:58:07] Acho que em português não vai existir apostila e nem livro sobre  o assunto  ne?
[2018-03-05 12:59:35] Legal
[2018-03-05 13:42:26]  joined
[2018-03-05 13:54:04] Não achei nada em PT, tanto que estou escrevendo um livro sobre isso em PT
[2018-03-05 13:57:11] Comunista!
[2018-03-05 13:57:15] rsrsrs
[2018-03-05 13:58:03] Da ultima vez que procurei, só vi coisa em youtube, material mesmo nao
[2018-03-05 13:59:40] Xenofobico!
[2018-03-05 14:01:37] Cês são besta pra caramba, hein, @mdente e @fernandoGuisso ... heheheh
[2018-03-05 14:01:44] Demorei uns segundo pra entender... rs
[2018-03-05 14:02:03] rsrsrsrs
[2018-03-05 14:03:08] document: /home/felipe/devel/github_garoa/Telegram_logs_Garoa_Hacker_Clube_Publico/media/Garoa_Hacker_Clube_(Público)/download_41149003626184903.webp
[2018-03-05 14:33:31] document: /home/felipe/devel/github_garoa/Telegram_logs_Garoa_Hacker_Clube_Publico/media/Garoa_Hacker_Clube_(Público)/download_606707282096422970.webp
[2018-03-05 15:03:12] Divulga pra gente quando ficar pronto
[2018-03-05 15:04:04] Ah, vai demorar... Tô escrevendo a "Passos de Tartaruga".
[2018-03-05 16:11:45] Eu tenho um jogo de ferramentas xing-ling de lickpicking
[2018-03-05 16:12:25] Lockpicking
[2018-03-05 16:19:21] o meu kit tá perdido no limbo há meses TT 
bem quem em SP poderia ter uma revenda né? haha
[2018-03-05 20:15:42] essa atividade do dia 08/03 do dia das mina, tem mais info ?
[2018-03-05 20:32:37] Logo mais, segura a ansiedade
[2018-03-05 20:35:32] Ansiedade
[2018-03-05 20:36:02] ❤️
[2018-03-05 20:36:11] Sorry, I'm not a valid gringo
[2018-03-05 21:11:55] Não é nada demais, soh verificando a data por uma questão de programacao de atividade
[2018-03-05 23:22:50] Marcelle Muniz joined
