[2018-03-03 03:43:37] https://www.knifeplanet.net/danish-kitchen-axe-unique-kitchen-tool/
Deu até vontade de aprender a cozinhar!
[2018-03-03 10:12:39] Bom dia, ja abriram o garoa?
[2018-03-03 10:44:04] Mais 30min e eu abro lá
[2018-03-03 10:46:18] Vou levar por volta de 01:30, acho que o Vido foi buscar os insumos
[2018-03-03 10:46:31] Nao sei se ele quer que leve a agua
[2018-03-03 11:13:49] Assuntos Militares: BRAZIL CYBER DEFENCE 2018 - 7ª Conferência de Simulação e Tecnologia Militar
http://www.assuntosmilitares.jor.br/2018/03/brazil-cyber-defence-2018-7-conferencia.html?m=1
[2018-03-03 11:14:00] Pode interessar alguns
[2018-03-03 16:06:14] photo: /home/felipe/devel/github_garoa/Telegram_logs_Garoa_Hacker_Clube_Publico/media/Garoa_Hacker_Clube_(Público)/download_804728110_123181.jpg
[2018-03-03 16:06:15] photo: /home/felipe/devel/github_garoa/Telegram_logs_Garoa_Hacker_Clube_Publico/media/Garoa_Hacker_Clube_(Público)/download_806119149_52604.jpg
[2018-03-03 16:06:17] photo: /home/felipe/devel/github_garoa/Telegram_logs_Garoa_Hacker_Clube_Publico/media/Garoa_Hacker_Clube_(Público)/download_804729691_120552.jpg
[2018-03-03 16:07:09] top
[2018-03-03 16:26:05] Aproveitando o momento rs. Sabe indicar um bom kit de lockpick?
[2018-03-03 16:26:33] Já mexe com lockpicking?
[2018-03-03 16:27:41] Não. Só tive a oportunidade de ver o pessoal demonstrando o funcionamento na Roadsec SP 17
[2018-03-03 16:27:52] teria que ser algo para iniciantes
[2018-03-03 16:28:32] Esses de 10-12 peças, padrão, são otimos pra começar
[2018-03-03 16:28:47] Eu uso eles até hj...
[2018-03-03 16:29:01] E eh mais baratin
[2018-03-03 16:29:17] Vai chegar aqui hj @Gutemhc ?
[2018-03-03 16:29:19] sim, se quebrar, não vai doer no bolso
[2018-03-03 16:30:58] Eu meio comparei os preços, o basico aqui no Br eh meio que o preço de um mais variado la fora
[2018-03-03 16:31:20] hj não... Tava precisando ir para mexer nos servers, mas to precisando terminar umas paradas aqui em casa
[2018-03-03 16:32:42] https://produto.mercadolivre.com.br/MLB-747021889-kit-11-pecas-michas-lock-pick-abertura-cadeados-fechaduras-_JM
[2018-03-03 16:32:49] Preço é nessa média
[2018-03-03 16:33:24] Eu tô com uns kits aqui, entrego aí no Garoa, por R$35, pra quem quiser...
[2018-03-03 16:33:56] Moro em Minas rs
[2018-03-03 16:34:23] hahahaah
[2018-03-03 16:34:36] Valeu pela dica
[2018-03-03 16:34:43] é, aí tem que ser pelo Correio mesmo... rs
[2018-03-03 16:35:16] Demorou pra ter uma oficina. ... joguei e saí correndo
[2018-03-03 16:35:16] vou pesquisar uns kits desses de 10 a 12 peças
[2018-03-03 16:35:58] Podemos providenciar...
[2018-03-03 16:36:06] BSides sempre tem... #FicaDica
[2018-03-03 16:37:08] Vai ter a BSides esse ano?
[2018-03-03 16:37:24] o ano passado não pude ir 😢
[2018-03-03 16:37:35] Todo ano tem! 19 e 20 de Maio essa edição
[2018-03-03 16:37:52] vou reservar uma grana pra ir então
[2018-03-03 16:37:58] kk
[2018-03-03 16:38:00] é pq
[2018-03-03 16:38:06] todo evento de hacking tem ja essas oficina ne
[2018-03-03 16:38:46] Faz parte da Cultura Hacking já
[2018-03-03 16:38:49] Esse kit é vc que vende no mercado livre?
[2018-03-03 16:39:29] Nope. Não anunciei os meus... Só falei agora aqui
[2018-03-03 16:39:50] entendi
[2018-03-03 17:25:31] Tão fazendo ainda?
[2018-03-03 17:25:43] Cerbeja?
[2018-03-03 18:07:56] Sim
[2018-03-03 18:08:42] Mas quase concluindo ps trabalhos
[2018-03-03 18:53:15] Bruno Chimin joined
[2018-03-03 19:24:47] Se o evento (noite do arduino) não está mais acontecendo periodicamente, tem que tirar do meetup mesmo! 
Sem falar que a noite do arduino morreu faz uns 3 ou 4 meses! Esse problema não é de agora!
[2018-03-03 20:14:28] Já tirei
[2018-03-03 20:27:09] Acho que a wiki é bem suficiente, mas se rolar algo "especial" vale a pena jogar no meetup
[2018-03-03 20:55:40] I have been pwned
[2018-03-03 20:55:43] Algo assim
[2018-03-03 20:55:52] Is my account pwned
[2018-03-03 20:56:08] garoa aberto ate que horas hoje?
[2018-03-03 20:56:53] Sei nao deep, to aqui mas to meio que vazando, tem mais meia duzia de gato pingado
[2018-03-03 20:57:05] já achei, ignorem :)
[2018-03-03 20:57:48] Se não tem ninguém, não tem atividades, reclamamos que está vazio. Se vem gente, está cheio, reclamamos que as pessoas dão trabalho, exigem atenção, fazem sujeira.
[2018-03-03 20:58:22] Calma tio
[2018-03-03 20:59:26] Hj foi um dia que apareceu bastante gente nova, o @Biazzotto trouxe uma turma da facu por exemplo
[2018-03-03 21:01:04] Leonardo Castro joined
[2018-03-03 21:02:22] Veio o Leonardo hj, apresentei o espaço, ajudou na Brassagem, curtindo o espaço
[2018-03-03 21:03:37] to saindo do centro e indo pra ai
[2018-03-03 21:06:17] Tô entrando na piscina e não indo aí
[2018-03-03 21:35:42] Melhor deixar pra depois, o disco voador ja passou
[2018-03-03 22:04:54] Pelo menos já existe alguma legislação proibindo armas espaciais de controlar a mente das pessoas - https://espndeportes910.iheart.com/onair/cory-joel-54510/richmond-city-council-puts-on-tin-13631259
[2018-03-03 23:13:15] Gostei bastante de conhecer o garoa. Quero fz a oficina da composteita :)
[2018-03-03 23:18:13] Apressa o @tiagonaoexiste
[2018-03-03 23:19:15] Hackers going green? Aprovo!
