[2018-04-13 01:24:08] Amanha tem open night? Quero ver como está ficando a sala de jogos
[2018-04-13 06:06:51] Ao pessoal que estava cmg e com o @lvido discutindo sobre startups
[2018-04-13 06:06:51] https://www.economist.com/news/business/21739981-road-ahead-elon-musks-car-company-looking-more-perilous-tesla-heading-cash
[2018-04-13 08:50:21] Eu acho que ele não entrega as chaves
[2018-04-13 08:50:22] The power that local governments have over IT corporations is based on money. At any given moment, a government can crash their stocks by threatening to block revenue streams from its markets and thus force these companies to do strange things (remember how last year Apple moved iCloud servers to China).

At Telegram, we have the luxury of not caring about revenue streams or ad sales. Privacy is not for sale, and human rights should not be compromised out of fear or greed.
[2018-04-13 13:32:54] Existe algo tipo "Visual Basic" para Linux? Tipo, "Programação Orientada a Mouse" MS style?
[2018-04-13 13:33:39] Preciso criar uma interface gráfica ara um programa e queria algo drag-n-drop
[2018-04-13 13:35:54] Eu gosto do Lazarus-ide
[2018-04-13 13:36:44] É pascal mas acho muito bom
[2018-04-13 13:37:02] Lazarus é o "Delphi Open Source", né?
[2018-04-13 13:37:17] Isso, eu acho MUITO bom
[2018-04-13 13:39:10] Estava programando nele outro dia e acho excelente
[2018-04-13 13:41:32] É rápido fazer um protótipo de aplicação
[2018-04-13 13:53:21] Sim, existe o Gambas...
[2018-04-13 13:53:56] Gambas é o mais próximo do Visual Basic para Linux...
[2018-04-13 13:54:33] Artigo sobre:
http://www.edivaldobrito.com.br/visual-basic-no-ubuntu/

Site oficial:
http://gambas.sourceforge.net/en/main.html
[2018-04-13 13:55:48] https://instagram.com/p/BhhAm66Fs9I/
[2018-04-13 14:06:48] nao sei se serve pro que vc quer, nao é ide, mas tem o qt designer também
[2018-04-13 14:43:48] Obrigado a todos pelas dicas
[2018-04-13 15:51:43] é desktop, mobile ou web? Ou tanto faz?
[2018-04-13 15:55:07] o android studio e swift eh assim
[2018-04-13 15:55:26] pra desktop tem o QTdesign que tem um modo assim
[2018-04-13 16:49:06] Não conhecia, eu mexo no FreeBasic
[2018-04-13 16:52:33] @Biazzotto é quase uma enciclopédia 😊
[2018-04-13 16:54:22] Desktop Linux. Se for Cross plataforma, melhore
[2018-04-13 17:06:56] Tem o electron, não sei sei ele está melhor hoje. Mas as apps que eu usava com ele (slack) eram bem pesadas (comia toda a ram) e parei de usar. Mas talvez valha a pena algo como react-native para desktop.
[2018-04-13 17:08:33] Ops, mandei uma mensagem para o grupo errado
[2018-04-13 17:41:33] nah... Código da aplicação tá escrita em C, só preciso fazer uma GUI
[2018-04-13 17:44:20] https://glade.gnome.org/
[2018-04-13 17:46:16] https://developer.gnome.org/gtkmm-tutorial/stable/chapter-builder.html
[2018-04-13 17:46:56] Tô indo pro Garoa agora inventar moda, quem quer também?!
[2018-04-13 17:47:06] 3, 2, 1, fui!
[2018-04-13 18:00:41] Eu vou
[2018-04-13 18:06:35] Boa diversão
[2018-04-13 18:06:44] Tem algo para amanhã ?
[2018-04-13 18:07:02] Alguém aqui programa em Go ?
[2018-04-13 18:10:42] @pedro823
[2018-04-13 18:13:54] photo: /home/felipe/devel/github_garoa/Telegram_logs_Garoa_Hacker_Clube_Publico/media/Garoa_Hacker_Clube_(Público)/download_804724571_179518.jpg
[2018-04-13 18:31:26] Nesse caso acho que o Qt é a melhor opção. Tem o QtCreator que é uma ide e o qml, que é uma linguagem declarativa bem parecida com json pra montar as guis
[2018-04-13 18:32:12] A documentação é bem boa também
[2018-04-13 18:32:20] www.qt.io
[2018-04-13 19:14:20] Alguém pode abrir o portão, por gentileza!
[2018-04-13 19:16:46] foi @GabFonseca ?
[2018-04-13 19:17:57] Tks
[2018-04-13 19:18:12] Acho que vou de Qt
[2018-04-13 19:18:47] Qt se lê "cute" ;-)
[2018-04-13 19:51:32] Pra fazer "cute" UIs... #MakesSense
[2018-04-13 22:29:49] Kilti
