[2016-06-14 00:05:23] photo: /home/felipe/devel/github_tvdstaaij/telegram-history-dump/output/media/Garoa_Hacker_Clube_(Público)/download_802132848_99347.jpg
[2016-06-14 00:15:13] Está tão frio que eu não consigo nem digitar mais
[2016-06-14 00:16:31] Então não digite
[2016-06-14 00:17:03] Kkk
[2016-06-14 00:17:10] Ainda bem que o Moto G tem comando de voz
[2016-06-14 01:28:28] Fabio Silva joined
[2016-06-14 02:32:46] Taurus – Plataforma de IoT Brasileira http://www.embarcados.com.br/taurus-plataforma-de-iot-brasileira/
[2016-06-14 07:30:23] Bom dia.
Achei muito interessante. 
Teria como tirar foto de cima?
Parabéns pelo trabalho.
[2016-06-14 09:20:55] Ficou bom isso!
[2016-06-14 14:57:12] Gente, preciso de um BD com uns 15000 nomes (primeiro nome), alguém me recomenda alguma lista?
[2016-06-14 14:57:38] vc pode criar no Python usando a lib names
[2016-06-14 14:58:53] @Yumizinha experimente https://github.com/rg3915/orcamentos/blob/master/selenium/gen_names.py
[2016-06-14 15:07:08] https://pypi.python.org/pypi/names/
https://github.com/treyhunner/names/tree/master/names/
[2016-06-14 15:12:08] se precisar em portugues tem como fazer um dump do IBGE
[2016-06-14 15:12:37] <3
[2016-06-14 15:12:59] Pensei no endereço: http://dados.gov.br/, mas não tive muita sorte aqui...
[2016-06-14 15:13:11] http://censo2010.ibge.gov.br/nomes
[2016-06-14 15:13:23] como fazer isso retornar todos os nomes já é outros 500
[2016-06-14 15:13:26] db vc já tem kkk
[2016-06-14 15:13:27] Em Portugues? Use o mixer tem pt-br
[2016-06-14 15:17:11] tem naquelas no BRTK
[2016-06-14 15:17:19] são poucos nomes mas tem
[2016-06-14 15:17:24] e é baseado no IBGE
[2016-06-14 17:22:05] photo: /home/felipe/devel/github_tvdstaaij/telegram-history-dump/output/media/Garoa_Hacker_Clube_(Público)/download_803711451_46305.jpg
[2016-06-14 17:22:22] segunda 20 de junho no Garoa
[2016-06-14 17:22:46] Oficina de introdução à programação num contexto visual
[2016-06-14 17:23:09] (usando Processing Python Mode)
[2016-06-14 17:23:36] 19h - divulgar SVP
[2016-06-14 17:27:13] Quando eu precisei de uma lista de nomes próprios, eu achei sites com nomes pra bebê e fiz um scrapper bobão em Python.
[2016-06-14 17:36:53] photo
[2016-06-14 17:37:17] photo: /home/felipe/devel/github_tvdstaaij/telegram-history-dump/output/media/Garoa_Hacker_Clube_(Público)/download_421940839_98935.jpg
[2016-06-14 17:37:26] Alguém falou Python ?
[2016-06-14 17:37:45] Ao lado do Juca, o JJN! O meu último professor na poli.
[2016-06-14 17:38:24] E, claro, o cara que fez a arquitetura do patinho feio, foi isso, Juca?
[2016-06-14 17:39:18] não
[2016-06-14 17:39:34] o João José Neto escreveu todo o software básico do Patinho Feio
[2016-06-14 17:39:41] Ah sim!
[2016-06-14 17:39:43] montador (assembler)
[2016-06-14 17:39:47] descmontador (disassembler)
[2016-06-14 17:39:51] debugger
[2016-06-14 17:39:53] loader
[2016-06-14 17:40:02] Inclusive ele dá aula de compiladores e SO até hoje.
[2016-06-14 17:40:13] quem fez a arquitetura do hardware foi o Edson Fregni
[2016-06-14 17:40:37] hoje eu peguei mais um livro na biblioteca da elétrica pra escanear
[2016-06-14 17:41:41] na realidade quem pegou foi o João José Neto. Tenho pedido pra ele pegar pra mim com a carteirinha de professor dele, por que eu não posso mais fazer empréstimos na biblioteca depois que deixei de ser aluno
[2016-06-14 17:42:02] Saco isso
[2016-06-14 17:42:32] dessa vez vamos de "Projeto de um Processador Microprogramado", de Wilson Ruggiero, 1975 (tese de mestrado com detalhes técnicos do G-10 o 'segundo' computador brasileiro :-D)
[2016-06-14 17:43:14] Tem detalhes não só da arquitetura e do instruction set, mas também até mesmo das micro-instruções (como o título da obra deixa óbvio)
[2016-06-14 17:43:38] ou seja... aguardem que lá vem mais um emulador
[2016-06-14 17:54:54] Juca a ideia é ter um PatoFeio no garoa?
[2016-06-14 18:01:42] @fsanches não seria bom fazer um multirão do povo que estuda na usp pra pegar emprestado varios ao mesmo tempo?
[2016-06-14 18:03:43] Que tosca a Poli nesse sentido, ex-alundo da FAU pode tirar livro pro resto da vida. Você não pode se cadastrar como pesquisador e retirar livro?
[2016-06-14 18:06:43] Oficina bem curta para iniciantes, num contexto visual... segunda 20-6 19h no Garoa
[2016-06-14 18:14:01] Isto da FAU é novidade para mim: http://www5.usp.br/servicos/emissao-de-carteira-de-biblioteca/
[2016-06-14 18:14:11] "O empréstimo de materiais é apenas para alunos, docentes e funcionários com vínculo ativo"
[2016-06-14 18:15:55] Sei que rola uma extensão do empréstimo para ex-alunos por um tempo (acho que até uns dois anos), para evitar que ele fique sem poder pegar emprestado até se matricular no mestrado. Mas para sempre eu não sei, não.
[2016-06-14 18:20:50] Alguma leitura recomendada para retrocomputacao?
[2016-06-14 18:21:06] https://github.com/felipesanches/PatinhoFeio
[2016-06-14 18:21:54] Digo além das coisas sobre o patinho feio
[2016-06-14 18:29:56] olha... se quiserem montar um e o garoa aprovar verba pra comprar as peças, eu posso organizar uma oficina e montar com a galera e depois deixar ele instalado no Garoa
[2016-06-14 18:30:06] esse que eu to fazendo vai ficar na minha casa
[2016-06-14 18:30:26] Essa é a página do SiBI, empréstimo unificado entre as unidades. Cada biblioteca pode emitir uma uma carteirinha própria, que no caso da FAU é vitalícia.
[2016-06-14 18:57:13] @aylons vc nao quer dar um "RF com Carinho" no garoa nao?
[2016-06-14 18:57:22] tipo, imersao de um dia, pode ser um sabado
[2016-06-14 18:58:09] "Microcódigo com carinho" eu posso dar :-)
[2016-06-14 19:06:01] Porque o interesse?
[2016-06-14 19:31:05] nada em especial, so que minha ignorancia no assunto me enche o saco...
[2016-06-14 19:41:10] vc tá montando um desse então para vc mesmo?
[2016-06-14 19:41:15] quanto q sairia para montar um desse?
[2016-06-14 19:46:08] Ahh galera, esqueci de perguntar e comentar: estou com minha iniciação cientifica no butanta sobre bio informática e começarei a trabalhar nela quinta feira, alguém tem alguma ideia do q podemos fazer sobre esta temática no garoa?
[2016-06-14 19:46:17] eu sei que a gente possui alguns materiais mas nem todos
[2016-06-14 19:46:50] o que alem de poder de processamento e muito disco vc precisa?
[2016-06-14 19:47:26] o meu até agora tem a previsão de custar aproximadamente 460 reais
[2016-06-14 19:47:54] isso eu vou ter na USP, mas se quisermos replicar este mesmo método utilizado lá para o garoa teriamos q ter no minimo 1tb de RAM (Sim não estou falando bullshit)
[2016-06-14 19:48:21] pou cara, fiquei muito interessado nesse projeto
[2016-06-14 19:48:28] :-)
[2016-06-14 19:48:33] está sendo divertido pra mim
[2016-06-14 19:48:41] acho que vou levar na Noite do Arduino
[2016-06-14 19:48:59] dá que daqui pra frente virou basicamente um projeto de ligar LEDs e botões num Arduino :-P
[2016-06-14 19:48:59] sim, acho q este é um projeto que eu queria replicar para mim, mas ainda preciso aprender bastante sobre eletronica antes de realizar
[2016-06-14 19:49:02] Boa noite a todos. Tentarei ir...
[2016-06-14 19:49:11] aaaahhh vc vai usar um arduino?
[2016-06-14 19:49:16] oh yeah!
[2016-06-14 19:49:34] um projeto mais ousado seria reimplementar em VHDL e botar numa FPGA
[2016-06-14 19:49:46] mais ousado ainda seria refazer em TTL
[2016-06-14 19:49:58] mas por enquanto vou de emulação rodando em Arduino
[2016-06-14 19:50:04] porra q louco
[2016-06-14 19:50:09] (não é roubadinha, eu mesmo implementei o emulador)
[2016-06-14 19:50:14] então na verdade não precisaria de toda essa gabinetagem toda
[2016-06-14 19:50:19] CARALHO q foda Juca
[2016-06-14 19:50:32] agora eu curti e vou até baixar para ajudar no q um noob pode ajudar kkkk
[2016-06-14 19:50:32] Rá!
[2016-06-14 19:50:41] heh
[2016-06-14 19:50:46] * ou seja, vou carregar o patinho feio para lá e pra cá kkkk *
[2016-06-14 19:50:50] o painel é o que faz ficar "real"
[2016-06-14 19:51:10] a emulação no virtual já tá muito bem encaminhada no MAME
[2016-06-14 19:51:13] eu tava pensando em reconstruir um NES do zero cara, mas não tenho nenhuma peça ainda
[2016-06-14 19:51:20] veja aqui: http://felipesanches.github.io/emuladores/patinho.html
[2016-06-14 19:51:39] é... o NES é mais treta
[2016-06-14 19:52:14] ficou bem legal Juca...
[2016-06-14 19:52:25] vc vai trabalhar no IME mesmo?
[2016-06-14 19:52:44] na verdade é no Butantan, vou pegar estágio de iniciação em bio informática
[2016-06-14 19:52:55] hum
[2016-06-14 19:53:00] se fosse no IME eu iria pegar todos os livros do patinho feio para poder ajudar no scanning
[2016-06-14 19:53:43] interessante, enfim, parece que os caras ainda nao aprenderam mesmo a usar cluster... kkk
[2016-06-14 19:53:55] ai fica punhetando em tera de ram
[2016-06-14 19:54:04] no ime eh igual
[2016-06-14 19:54:19] cara, lá os caras usam, mas infelizmente para a nossa área realmente precisa de um tera de cluster para podermos pegar todas as partes necessárias do Genoma em um processamento só
[2016-06-14 19:54:40] a maquininha de teste que "doei" para o lab tinha 96gb de ram
[2016-06-14 19:55:16] esse papo de "na nossa area precisa" eh conhecido
[2016-06-14 19:55:26] acho q dá para usar para coisas mais simples, preciso até pesquisar alguma forma de fazermos o sequenciamento genético de forma mais barata
[2016-06-14 19:55:50] ASHUSAUHSAHSAHUASUHHSUAHUSAHAUSUH pelo menos foi o q o doutor Sergio me instruiu cara, vou descobrir isso na raça na quinta feira e em diante
[2016-06-14 19:56:00] vai nada
[2016-06-14 19:56:02] rsrs
[2016-06-14 19:56:12] torço para ganhar uma VM e um email dos caras
[2016-06-14 19:56:21] já q os caras nem pagarem salário vão
[2016-06-14 19:56:27] só refeição e seguro de trabalho
[2016-06-14 19:56:29] email vc vai ganhar, isso eh facil
[2016-06-14 19:56:35] so nao vai funcionar kkkk
[2016-06-14 19:56:35] nem teve tanta graça
[2016-06-14 19:56:38] AASHUSAHUASHUSAHUSHAU
[2016-06-14 19:56:48] reparei, a galera mesmo de lá usa muito GMail
[2016-06-14 19:56:54] n sei pq cargas d'agua
[2016-06-14 19:57:03] cotas pequenas e tal
[2016-06-14 19:57:17] e realmente as vezes nao funciona
[2016-06-14 19:57:35] porra os caras tiveram cota de milhõoooes para comprar essa porra desse server, tou quase indo e implementando um server de emails pros caras
[2016-06-14 19:57:37] SAHUSUAHUHASHUAS
[2016-06-14 19:58:07] uma dica: nao faca absolutamente nada que nao esteja diretamente relacionado do desenvolvimento da pesquisa,
[2016-06-14 19:58:13] sim, to ligado
[2016-06-14 19:58:15] nao mexa em porra nenhuma que seja marginal a isso
[2016-06-14 19:58:18] tipo, email
[2016-06-14 19:58:19] se não eles podem me cortar e tals
[2016-06-14 19:58:19] site
[2016-06-14 19:58:24] whatever
[2016-06-14 19:58:34] valeu pela dica tbm kkkk
[2016-06-14 19:58:36] nao, se vc fizer isso vao te amar
[2016-06-14 19:58:40] ASHUSAUHASUHSAUHASUHSAHU
[2016-06-14 19:58:58] mas vc nao vai fazer mais porra nenhuma e vai ferrar a parte que depois eh de fato valorizada
[2016-06-14 19:59:02] que eh a pesquisa em si
[2016-06-14 20:00:22] sim
[2016-06-14 20:00:25] valeu pela dica
[2016-06-14 20:00:39] @feli
[2016-06-14 20:00:57] @fsanches cara, como eu posso mexer no mame?
[2016-06-14 20:00:58] pesanches ?
[2016-06-14 20:01:00] isso
[2016-06-14 20:01:02] SAHUSAUHASUHHSUAHUSA
[2016-06-14 20:01:10] n tou conseguindo usar seu emulador
[2016-06-14 20:06:53] Vou bolar algo de SDR então. Talvez um transmissor FM usando GnuRadio.
[2016-06-14 20:07:07] legal!
[2016-06-14 20:07:25] eu adoraria sintonizar sinais de satélites... ROLA?
[2016-06-14 20:07:27] eu gostaria de um bla teorico geral tb, indicacao de mais leituras e tal
[2016-06-14 20:07:57] Sim, mas o ideal é uma antena boa
[2016-06-14 20:08:35] Leitura? Teórica? Pega o Pozar e o Balanisw.
[2016-06-14 20:08:55] Tenho os dois em PDF
[2016-06-14 20:09:17] aliás... andei curioso sobre observar esses aqui (com telescópio mesmo, ou talvez até mesmo a olho nu): https://en.wikipedia.org/wiki/Orion_(satellite)
[2016-06-14 20:09:17] procuro no libgen
[2016-06-14 20:09:30] photo: /home/felipe/devel/github_tvdstaaij/telegram-history-dump/output/media/Garoa_Hacker_Clube_(Público)/download_421940513_98618.jpg
[2016-06-14 20:10:03] detalhe: Observers estimate the satellites weigh close to 5,200 kg and have very large (estimated 100 m diameter)[2] radio reflecting dishes. NRO L-32, which is seen as the fifth satellite in the series, is according to NRO director Bruce Carlson "(...) the largest satellite in the world".
[2016-06-14 20:10:05] Só pegar a portadora sem demodular é possível, mas trabalhoso
[2016-06-14 20:10:23] photo: /home/felipe/devel/github_tvdstaaij/telegram-history-dump/output/media/Garoa_Hacker_Clube_(Público)/download_421938926_97768.jpg
[2016-06-14 20:11:12] cara... um satélite com uma fucking antena de 100 metros de diâmetro!!!
[2016-06-14 20:12:37] photo: /home/felipe/devel/github_tvdstaaij/telegram-history-dump/output/media/Garoa_Hacker_Clube_(Público)/download_735324325497798669.png
[2016-06-14 20:15:17] photo: /home/felipe/devel/github_tvdstaaij/telegram-history-dump/output/media/Garoa_Hacker_Clube_(Público)/download_421940209_98801.jpg
[2016-06-14 20:15:25] ooooops
[2016-06-14 20:15:29] hahaha
[2016-06-14 20:15:30] como riem!
[2016-06-14 20:15:50] acho que era disso que vc tava falando, né?
[2016-06-14 20:23:39] photo: /home/felipe/devel/github_tvdstaaij/telegram-history-dump/output/media/Garoa_Hacker_Clube_(Público)/download_803717799_46038.jpg
[2016-06-14 20:24:28] o que é nosso bot ?
[2016-06-14 20:24:30] Achei isso no DuckDuckGo: "Sample Text. domingo, 10 de fevereiro de 2013. Novo designer do nosso bot! Path of exile cheat." 
Saiba mais sobre PoEEX: Novo designer do nosso bot! PATH OF EXILE CHEAT.
[2016-06-14 20:24:31] Kkkkkkkkkkk
[2016-06-14 20:24:33] hehe...
[2016-06-14 20:24:51] wtf?!
[2016-06-14 20:24:56] todo: descobrir o que eh nosso bot
[2016-06-14 20:25:36] Pior que o bot indiretamente mostrou o que ele mesmo é...
[2016-06-14 20:33:17] Anderson Ramos joined
[2016-06-14 23:06:39] dropbox
[2016-06-14 23:06:55] ops, grupo errado
[2016-06-14 23:07:08] Hahahaha...
[2016-06-14 23:07:09] hehe...
