[2017-11-11 00:06:20] Mano, nois e quiser aprender sobre telemarqueting é nois, manjo dos gerúndios.,
[2017-11-11 00:06:54] Inauguração do WikiLab: https://www.facebook.com/media/set/?set=a.10213104557799920.1073741873.1573188277&type=1&l=cf67ae5ca9
[2017-11-11 00:07:03] Saudades, faculdade é so pra estar inscrito de sexta é garoa
[2017-11-11 00:08:20] Hahahaha... quem dera... nem de fds estou conseguindo mais ir...
[2017-11-11 00:10:12] Sei se tava e procurando um motivo pra sair fora sem ser julgado
[2017-11-11 00:10:36] Mais pelo menos eu sinto sua falta.
[2017-11-11 00:10:49] document: /home/felipe/devel/github_garoa/Telegram_logs_Garoa_Hacker_Clube_Publico/media/Garoa_Hacker_Clube_(Público)/download_25163762415698966.webp
[2017-11-11 00:11:05] consegui sync... nada do azul
[2017-11-11 00:11:08] que zica hein
[2017-11-11 00:11:36] mas o verde e o vermelho, ó! lindos!
[2017-11-11 00:13:08] 👏
[2017-11-11 00:14:22] Claro que não... não sabe a saudade que sinto... até sonho com o Garoa... amanhã estarei representando o Garoa na RoadSec...
[2017-11-11 00:14:30] pena que eu não soquetei o chip por falta de soquete e agora isso é um problema pra eu do futuro
[2017-11-11 00:14:52] Da pra assistir o desfile da mangueira e.c.
[2017-11-11 00:15:16] Do CXA?
[2017-11-11 00:15:21] é :P
[2017-11-11 00:15:30] montei numa perfboard separada
[2017-11-11 00:15:36] xiii....rssss
[2017-11-11 00:23:43] bizarro isso do r g e Sync estarem ok mas o b não
[2017-11-11 00:27:08] pode ser o CXA falso ai, mas só ligando o VDP direto num monitor para saber...
[2017-11-11 00:28:38] acho que é o cxa falso sim porque o vídeo composto é ok
[2017-11-11 00:28:58] então é isso
[2017-11-11 00:29:48] agora como vc não soquetou o danado, vai ter que refazer o perfboard...
[2017-11-11 00:39:49] hahahahah
[2017-11-11 00:40:08] coloquei o segundo (comprei 2) em piggyback
[2017-11-11 00:40:23] apareceu o azul! mas ficou cheio de interferência hahahahah
[2017-11-11 00:41:19] Isso aí não era pra internet com conexão via rádio com o provedor?
[2017-11-11 00:43:20] putz....rsss
[2017-11-11 00:43:31] Vai estar por lá, Anchises?
[2017-11-11 00:58:46] um lado do ci saiu!
[2017-11-11 01:02:01] pronto, tirei o ci
[2017-11-11 01:02:15] só colocar um soquete no lugar
[2017-11-11 01:03:38] 👍
[2017-11-11 01:03:52] mas pelo menos a experiência deu certo
[2017-11-11 01:04:57] tudo é válido, até pela metade... :)
[2017-11-11 01:06:04] vontade enorme de só soldar o outro agora!
[2017-11-11 01:06:40] num tem soquete ai?
[2017-11-11 01:09:41] não :(
[2017-11-11 01:10:53] :/
[2017-11-11 01:18:31] photo: /home/felipe/devel/github_garoa/Telegram_logs_Garoa_Hacker_Clube_Publico/media/Garoa_Hacker_Clube_(Público)/download_804726353_44974.jpg
[2017-11-11 01:18:34] caca
[2017-11-11 01:19:07] tem esse ruidão aí
[2017-11-11 01:23:05] as faixas pretas?
[2017-11-11 01:23:37] isso
[2017-11-11 01:23:44] fica oscilando
[2017-11-11 01:24:16] tem um LM1881 ai? pode ser o sincronismo
[2017-11-11 01:24:34] não é, aparecem sem ext sync também
[2017-11-11 01:24:53] e não, não tenho
[2017-11-11 01:25:11] a, então pode ser esse outro CXA com defeito também
[2017-11-11 01:25:20] sim :p
[2017-11-11 01:25:51] China!
[2017-11-11 01:25:58] China
[2017-11-11 01:26:29] vou ver de montar com algum outro ampli de sinal de TV
[2017-11-11 01:28:24] usei uma vez um outro modelo de CXA no MSX mas era SMD
[2017-11-11 01:37:26] cxa2075
[2017-11-11 02:04:20] Walter Silva - [RENDERFOX] joined
[2017-11-11 02:04:21] Hi Walter Silva !
[2017-11-11 02:05:34] Salve pessoal
[2017-11-11 02:05:43] Fico feliz de descobrir sobre o grupo
[2017-11-11 03:11:26] Sim, palestro as 14h
[2017-11-11 08:57:17] seja bem vindo @RENDERFOX! você pode checar os eventos do garoa nesse link: https://garoa.net.br/wiki/Categoria:Eventos
[2017-11-11 10:08:55] photo: /home/felipe/devel/github_garoa/Telegram_logs_Garoa_Hacker_Clube_Publico/media/Garoa_Hacker_Clube_(Público)/download_804722554_67844.jpg
[2017-11-11 10:09:27] 👆Agora no FabLab Galeria Olídio
[2017-11-11 10:11:16] photo: /home/felipe/devel/github_garoa/Telegram_logs_Garoa_Hacker_Clube_Publico/media/Garoa_Hacker_Clube_(Público)/download_804726952_44056.jpg
[2017-11-11 10:11:49] Bom dia!
[2017-11-11 10:27:05] Bom dia
[2017-11-11 10:28:36] https://spaceflightnow.com/2017/11/10/oa-8-mission-status-center/
[2017-11-11 11:10:47] E ai maluco! Blz?
[2017-11-11 11:21:28] Eae sergião. Blz?
[2017-11-11 12:06:47] Muito obrigado
[2017-11-11 12:12:19] eh nada
[2017-11-11 12:12:45] ubuntu tambem é só next > next > next
[2017-11-11 12:22:33] photo: /home/felipe/devel/github_garoa/Telegram_logs_Garoa_Hacker_Clube_Publico/media/Garoa_Hacker_Clube_(Público)/download_805512846_37929.jpg
[2017-11-11 12:41:12] Galera, atividades no garoa nesse sábado.
[2017-11-11 12:41:55] Engarrafar a cerveja e churrasco. Com o tradicional hambúrguer na grelha.
[2017-11-11 12:43:11] photo: /home/felipe/devel/github_garoa/Telegram_logs_Garoa_Hacker_Clube_Publico/media/Garoa_Hacker_Clube_(Público)/download_804725300_64653.jpg
[2017-11-11 12:50:10] ❤️
[2017-11-11 12:50:17] Quero...
[2017-11-11 13:12:12] Como posso estar em dois lugares ao mesmo tempo? Alguma dica??
[2017-11-11 14:03:39] photo: /home/felipe/devel/github_garoa/Telegram_logs_Garoa_Hacker_Clube_Publico/media/Garoa_Hacker_Clube_(Público)/download_805513357_37171.jpg
[2017-11-11 14:07:34] Parabéns pela pia Limpa
[2017-11-11 14:07:44] Garoa nível FIFA
[2017-11-11 14:09:46] photo: /home/felipe/devel/github_garoa/Telegram_logs_Garoa_Hacker_Clube_Publico/media/Garoa_Hacker_Clube_(Público)/download_804729623_44337.jpg
[2017-11-11 14:14:41] @rg3915 certamente não
[2017-11-11 14:15:29] hum...
[2017-11-11 14:18:04] @rg3915 o quê está procurando aprender?
[2017-11-11 14:19:21] Não. To de boa. É que a revista fala de manual do Hacker, mas fala muito de Linux. Dai fiquei curioso pra saber o conteúdo... nada demais... mas uma revista que diz ser totalmente ilustrada... já perdeu credibilidade, né?
[2017-11-11 14:20:03] tem muitos guias interessantes sobre linux
[2017-11-11 14:20:10] as próprias distrubuições tem
[2017-11-11 14:20:17] um bem famoso é o guia foca linux
[2017-11-11 14:20:28] é um caminho inicial depois vc se aprofunda
[2017-11-11 14:21:00] e vc pode investir o dinheiro que gastaria nesses livros em coisas mais interessantes
[2017-11-11 14:21:06] como algum hardware
[2017-11-11 14:21:33] um raspberrypie seria mais útil
[2017-11-11 14:23:41] @rg3915 é
[2017-11-11 14:29:58] Banca de jornal?
[2017-11-11 14:33:33] sim
[2017-11-11 14:33:36] Vo fazer um curso de hacker
[2017-11-11 14:33:37] kkk vo nao
[2017-11-11 14:33:57] 😂
[2017-11-11 14:34:51] Outro dia me chamaram de Hacker porque eu descobri que o notebook não ligava porque a memória estava queimada...
[2017-11-11 14:35:31] Orre kkk
[2017-11-11 14:36:58] Qual o valor?
[2017-11-11 14:37:16] R$ 24,90
[2017-11-11 14:37:26] compra compra compra ... 😂
[2017-11-11 14:37:43] O valor de um livro usado, que roubo hahaha
[2017-11-11 14:41:17] /me@jackbot
[2017-11-11 14:41:17] H.
You've sent 12 (0%) messages and this group has 39397 messages.
[2017-11-11 14:41:26] Isso porque não é importado, outro dia na Livraria Cultura eu vi uma revista escrita Linux, era importada, chuta a facada? R$ 85,00
[2017-11-11 14:42:04] e isso que livros e revistas tem isenção de imposto
[2017-11-11 14:42:08] /me@jackbot
[2017-11-11 14:42:08] Marcos
You've sent 31 (0%) messages and this group has 39400 messages.
[2017-11-11 14:42:17] do que adianta, agregam tudo no valor
[2017-11-11 14:42:21] Só
[2017-11-11 14:43:03] De livro mais mais a pena comprar aqueles do leanpub digital :)
[2017-11-11 14:43:47] Li essa coisa, passe longe
[2017-11-11 14:44:18] vc leu essa revista? O que tem de interessante?
[2017-11-11 14:44:29] pera: ja sei sua reposta 😂
[2017-11-11 14:45:05] Queria saber a linguagem que eles estão usando na escrita e só
[2017-11-11 14:45:52] Na edição da revista? Provavelmente Adobe Ilustrator ou Corel Draw. Com qualidade final para impressão.
[2017-11-11 14:45:55] Nada que 2 minutos de Google não façam
[2017-11-11 14:46:32] Eu achei que vc só ia falar: "nada!"😂
[2017-11-11 14:48:31] Não pow, na escrita dos conteúdos que tem falando lá
[2017-11-11 14:48:52] ah... acho que o @Fabiohirano sabe.
[2017-11-11 14:50:05] Pensa numa reportagem estilo Superinteressante
[2017-11-11 14:50:40] Tá na escola, segunda feira eu tiro uma foto pra vcs
[2017-11-11 14:56:10] Beleza, brigado
[2017-11-11 14:59:01] 😂
[2017-11-11 14:59:08] Eu quero ver...
[2017-11-11 14:59:58] Agora entendi, deve ser pra atrair o público adolescente a estudar programação. Seria válido pensar assim?
[2017-11-11 15:36:37] Talvez, mas será que isso é bom? Atrair público pra estudar X apresentando Y é complicado
[2017-11-11 15:37:08] + ou -, + ou -, + ou -
[2017-11-11 15:46:04] @Yumizinha vc tá na Roadsec?
[2017-11-11 15:55:42] Pessoal, quem entende de impressoras 3D? Tem umas em promoção hoje no AliExpress. Estava pensando em pegar uma pra me aventurar. Alguma indicação de marca?
[2017-11-11 16:03:56] no
[2017-11-11 16:04:13] Vai vir não?
[2017-11-11 17:27:40] photo: /home/felipe/devel/github_garoa/Telegram_logs_Garoa_Hacker_Clube_Publico/media/Garoa_Hacker_Clube_(Público)/download_804729940_45894.jpg
[2017-11-11 17:30:45] quase uma campus party
[2017-11-11 17:39:37] Pelo menos nessa nao tem aquele hooooy malditos
[2017-11-11 18:13:43] Está até bacana
[2017-11-11 19:37:24] Legal😃mesa.
[2017-11-11 19:51:46] Blz, hoje de boa dando rolê por ai....
[2017-11-11 20:00:49] Tamo aqui no roadsec
[2017-11-11 20:06:12] Levantei tarde, to trabalhando de madrugada, sem chance de ter ido no evento...
[2017-11-11 21:29:56] photo: /home/felipe/devel/github_garoa/Telegram_logs_Garoa_Hacker_Clube_Publico/media/Garoa_Hacker_Clube_(Público)/download_804729548_45917.jpg
[2017-11-11 21:29:58] photo: /home/felipe/devel/github_garoa/Telegram_logs_Garoa_Hacker_Clube_Publico/media/Garoa_Hacker_Clube_(Público)/download_789525747621429347.webp
[2017-11-11 21:30:03] Felipe Silva joined
[2017-11-11 21:30:05] Hi Felipe !
[2017-11-11 21:30:39] Olá pessoal, o Fabricio está perguntando quem ficou com a mochila dele.
[2017-11-11 22:33:40] Já foi devidamente entregue
