[2017-01-31 01:15:26] @fernandoGuisso , amanhã a noite pretendo passar na cpbr. Precisa q leve algo?
[2017-01-31 01:16:07] Dinheiro seria legal
[2017-01-31 01:50:15] Até o momento está tudo tranquilo
[2017-01-31 07:22:03] Bom dia a todos...
Pergunta leiga: sabem se tem ingressos lá na entrada e a média de preços para cpbr10?
Sempre tive vontade de ir mas a grana nunca deixa....
[2017-01-31 07:22:24] Eu e uma amiga estamos querendo conhecer
[2017-01-31 08:33:08] Parece que tem, não sei quanto custa, mas não são muitos.
[2017-01-31 08:33:32] Vão ter coisas legais (espero) na parte aberta.
[2017-01-31 08:34:28] Se conseguir ingressos não deixe de ir a bancada do Dumont (meta-)Hackerspace
[2017-01-31 08:46:27] Guarda pro h2hc ;)
[2017-01-31 09:09:18] Estava 260 se não me engano, mas vai ter uma área grátis lá
[2017-01-31 09:09:39] Só não sei se vai dar chapinhar a internet dessa área
[2017-01-31 09:10:11] Na área free vou estar com a minha startup se der visita a gente
[2017-01-31 09:11:10] Tem alguma startup em sp com foco em pentest?
[2017-01-31 09:11:21] alguem sabe?
[2017-01-31 09:36:34] Marcio M. joined
[2017-01-31 09:36:35] Hi Marcio !
[2017-01-31 09:46:58] Qual a sua, passo por lá sim quando for
[2017-01-31 09:57:20] Alguém do garoa vai na campus ?
[2017-01-31 09:58:36] Pq eu estou sem camping pois não tem mais camping sem ingresso incluso e o ingresso eu já tenho.
[2017-01-31 09:58:44] Se achar uma no Brasil, avisa
[2017-01-31 09:58:53] Ta começando a aparecer nos EUA
[2017-01-31 09:59:13] De resto, consultorias como EY, KPMG, etc
[2017-01-31 10:01:55] photo: /home/felipe/devel/github_tvdstaaij/telegram-history-dump/output/media/Garoa_Hacker_Clube_(Público)/download_803721539_55335.jpg
[2017-01-31 10:03:46] Tem uma empresa pequena que tá vindo com isso sim
[2017-01-31 10:04:43] Mas ainda está fazendo uns ajustes mas oferecendo serviços já.
[2017-01-31 10:05:12] Cara.. nos eua tem certeza.. na india tem, pakistao tem, e em outros lugares tb tem
[2017-01-31 10:06:22] E aqui em sampa-Rio tem
[2017-01-31 10:06:56] Serviços de pen test 
Florensis
Consultorias diversas
Entre outros.
[2017-01-31 10:08:17] Sim, e vamos estar na bancada do Dumont Hackerspace
[2017-01-31 10:09:13] Mas a galera conseguiu camping?
[2017-01-31 10:09:30] Qualquer coisa eu durmo no chão do evento
[2017-01-31 10:09:57] Não vou pagar entrada com camping só pq não vende mais só camping
[2017-01-31 10:10:06] Pq a entrada eu tenho
[2017-01-31 10:11:46] Startup != Empresa Consultoria
Lembre-se disso
[2017-01-31 10:12:06] É.. nao sei se classifiquei bem..
[2017-01-31 10:12:44] Mas eu nao gosto muito desse nome "consultoria"..
[2017-01-31 10:12:59] Somos 2... hehehe
[2017-01-31 10:13:05] Mas é isso que são... rs
[2017-01-31 10:33:02] Putz, não sei de ninguém do Garoa que pretende dormir no camping. Pode até ser que tenha, mas não fiquei sabendo.
[2017-01-31 11:23:18] Eu uai
[2017-01-31 11:24:48] Eita
[2017-01-31 11:28:21] photo: /home/felipe/devel/github_tvdstaaij/telegram-history-dump/output/media/Garoa_Hacker_Clube_(Público)/download_803116416_322.jpg
[2017-01-31 11:29:24] Esse jogo é difícil em
[2017-01-31 11:30:08] XGH para dev nutella
[2017-01-31 11:31:06] hauahauhaua
[2017-01-31 11:31:22] Tem que tratar os erros!
[2017-01-31 11:31:29] Bem ou mal, mas tem que tratar! rs
[2017-01-31 11:32:04] Vitor Mazuco joined
[2017-01-31 11:32:05] Hi Vitor !
[2017-01-31 11:32:08] ola todos
[2017-01-31 11:32:17] sou de santo ande
[2017-01-31 11:32:29] e trabalho na área maker
[2017-01-31 11:32:40] sou intrutor de mais de 10 cursos de tecnologia
[2017-01-31 11:32:56] entre eles de Arduino, Raspberry, ESP8266
[2017-01-31 11:33:15] queria participar do Garoaa
[2017-01-31 11:33:28] como faço?
[2017-01-31 11:33:33] garoa.net.br
[2017-01-31 11:33:34] Aí, @eduoda, um Padawan Maker pra você! ;)
[2017-01-31 11:34:29] ola @eduoda  e @Gutemhc
[2017-01-31 11:34:33] vcs sao de SP?
[2017-01-31 11:35:13] Eu vou hj na cpbr de carro
[2017-01-31 11:35:37] @VitorMazuco  aparece no garoa, de quinta eh o que sugiro geralmente, mas quarta acho que tem um papo que vc pode se interessar mais
[2017-01-31 11:35:37] @Gutemhc pronto kkk
[2017-01-31 11:35:43] Vou amanhã, mas estarei sem carro
[2017-01-31 11:35:47] blz
[2017-01-31 11:35:48] @fernandoGuisso daqui a pouco.. deixar a filha na escola antes
[2017-01-31 11:35:54] queria ir na campus party
[2017-01-31 11:36:08] o garoa vai estar presente la?
[2017-01-31 11:36:21] ano passado eu fui junto com a Wikipédia
[2017-01-31 11:36:28] e com a Wikimedia Foudation
[2017-01-31 11:36:40] Vai estar como Dumont Hackerspace
[2017-01-31 11:36:53] tendi
[2017-01-31 11:37:16] @eduoda quinta q horas?
[2017-01-31 11:37:21] na garoa?
[2017-01-31 11:37:28] vai ter gente la nessa semana de campus party
[2017-01-31 11:37:29] ?
[2017-01-31 11:37:40] garoa.net.br mano
[2017-01-31 11:37:58] ah sim
[2017-01-31 11:39:31] Q hora?
[2017-01-31 11:41:57] 14h
[2017-01-31 11:42:55] Acho q vou antes
[2017-01-31 11:42:57] Ou nao
[2017-01-31 11:43:12] Tô pega do a chave pra buscar as coisas lá agora
[2017-01-31 12:05:16] MANO!

http://g1.globo.com/tecnologia/campus-party/2017/noticia/ladroes-roubam-2-km-de-fibra-otica-que-levaria-internet-a-campus-party-diz-telebras.ghtml
[2017-01-31 12:15:47] document: /home/felipe/devel/github_tvdstaaij/telegram-history-dump/output/media/Garoa_Hacker_Clube_(Público)/download_4938705120402604048.ogg
[2017-01-31 12:22:16] Bizarro, não tem valor comercial direito. E roubaram umas fibras no ABC faz pouco tempo.
[2017-01-31 12:23:20] https://www.youtube.com/watch?v=OgWFQRy6PwY
[2017-01-31 12:23:35] essa mesa foi muito legal, recomendo
[2017-01-31 12:30:23] document: /home/felipe/devel/github_tvdstaaij/telegram-history-dump/output/media/Garoa_Hacker_Clube_(Público)/download_4938705120402604050.ogg
[2017-01-31 12:38:50] Vc tem um portfólio ou um descritivo desses cursos?
[2017-01-31 12:41:48] Roubar fibra é muito coisa de quem não sabe o que está fazendo.
[2017-01-31 12:43:15] Falando nisso, vai ter apresentação sobre o Sirius na CP no Sábado.
[2017-01-31 12:44:30] photo: /home/felipe/devel/github_tvdstaaij/telegram-history-dump/output/media/Garoa_Hacker_Clube_(Público)/download_804201388_4871.jpg
[2017-01-31 12:44:54] 👏👏👏
[2017-01-31 12:45:27] Olá @Interaubis
[2017-01-31 12:45:33] Eu tenho uma doc
[2017-01-31 12:45:37] Vc quer ver ?
[2017-01-31 12:47:22] VB Clássico tirava isto de letra: ON ERROR RESUME NEXT
[2017-01-31 12:47:34] AHuHAUhUAHAUHUAH
[2017-01-31 12:59:25] photo: /home/felipe/devel/github_tvdstaaij/telegram-history-dump/output/media/Garoa_Hacker_Clube_(Público)/download_4943022305564426247.jpeg
[2017-01-31 12:59:26] Alô @VitorMazuco 😉
[2017-01-31 12:59:33] Quem vai colar na Campus ???
[2017-01-31 12:59:54] @Interaubis  oi9
[2017-01-31 12:59:56] oi
[2017-01-31 13:00:11] quer um doc do curso?
[2017-01-31 13:02:37] posso te passar os links
[2017-01-31 13:02:59] https://www.udemy.com/user/vitor-mazuco/
[2017-01-31 13:03:09] lá tem os meus cursos que ministro
[2017-01-31 13:03:30] @Douglas_Esteves  oi Douglas, eu queria estar na campus
[2017-01-31 13:07:06] Roubaram pensando que era cobre... No minimo!
[2017-01-31 13:08:27] Na real, acho que nem isso. Só pelo peso você percebe que não é. Acho que acharam que seria valioso como cobre
[2017-01-31 13:13:46] Dá pra fazer umas luminárias da hora 😂
[2017-01-31 13:18:00] Tô na fila pra entrar
[2017-01-31 13:21:49] Aeee
[2017-01-31 13:25:03] Alguém vai dormir em algum lugar que possa dividir comigo que eu tô sem e vou pra campus?
[2017-01-31 13:28:32] Sem lugar pra dormir
[2017-01-31 13:30:21] Estou a caminho da campus
[2017-01-31 13:31:50] Se conseguiu o camping?
[2017-01-31 13:32:16] Só está vendendo o camping individual no local
[2017-01-31 13:32:21] Vc tá onde? A gente tenta convencer alguém lá, calma
[2017-01-31 13:33:18] Ainda vou viajar amanhã pra sampa direto pra campus por causa do trabalho
[2017-01-31 13:33:25] Por isso quando chegar creio que não terá mais
[2017-01-31 13:36:32] as mesas sao pegas conforme vao chegando as pessoas?
[2017-01-31 13:36:35] 😉👍🏾
[2017-01-31 13:37:45] gostou deles?
[2017-01-31 13:40:37] Vou indicar prum amigo que tava procurando curso de ESP8266 😊
[2017-01-31 13:41:02] blz, fala para q se ele comprar cg ira ter um desconto
[2017-01-31 13:50:17] Teoricamente não tem como entrar na área de camping se não comprou barraca, pois além da pulseira de identificação, também fica indicado no crachá...
[2017-01-31 13:53:57] Só curiosidade, porque não comprou o camping à parte, quando estava disponível? Estava 100 reais usando o cupom do Dumont Hackerspace...
[2017-01-31 13:55:07] acho que ele nao sabia
[2017-01-31 13:55:25] nem eu sabia disso também
[2017-01-31 13:57:44] Sem o cupom estava saindo por 120 reais... estava no site do Campus Party...
[2017-01-31 13:58:01] 😞
[2017-01-31 13:58:44] ano que vem sem falta eu vou na campus, ano passado eu comecei a minha empresa, entao nao soboru dinheiro
[2017-01-31 13:58:52] Pq só recebi o ingresso ontem e o campus não estava mais disponível a parte
[2017-01-31 13:59:02] Pois fui comprar
[2017-01-31 13:59:25] 😭😭
[2017-01-31 13:59:30] Crl, eu q arrumei o cupom e esqueci de usar kkk
[2017-01-31 13:59:50] Hahahaha...
[2017-01-31 14:00:50] Sou a San
[2017-01-31 14:01:06] Mas ninguém além de nós precisa saber ok
[2017-01-31 14:02:44] Nao conheco sampa.. mas deve ter um hostel barato perto..
[2017-01-31 14:02:59] Sei não em kkk
[2017-01-31 14:03:05] Mas tem busao Free até o metro
[2017-01-31 14:03:09] Aí já vira
[2017-01-31 14:03:45] posso te indicar uns bons aqui na regiao
[2017-01-31 14:04:06] de prefeencia tem uns baratos perto do centro, que tmb é perto do metro.
[2017-01-31 14:05:01] po cidade desse tamanho nao é possivel que nao tenha
[2017-01-31 14:05:12] O Anhembi é no meio do mato
[2017-01-31 14:05:20] Melhor pegar qualquer hostel perto de metro
[2017-01-31 14:05:22] tem mato em sao paulo? :D
[2017-01-31 14:05:25] E ir pro Tietê
[2017-01-31 14:05:30] Bastante
[2017-01-31 14:05:42] Não sei como chego kjkkkk
[2017-01-31 14:06:42] rsrs eh que nunca fui em sp.. tinha a imagem de ser so predio rua poluicao stress transito etc
[2017-01-31 14:06:50] Depois que chegar na rodoviária tiete vou pra onde?
[2017-01-31 14:06:50] Tem tudo aqui
[2017-01-31 14:06:53] Tem isso
[2017-01-31 14:06:57] E todo resto
[2017-01-31 14:07:17] Frio calor chuva enchente pagode
[2017-01-31 14:08:03] Isso tem MUITO. Mato tem, mas pouco... rs
[2017-01-31 14:08:44] http://www.anhembihostel.com/EN/
[2017-01-31 14:09:19] Local de embarque e desembarque:
Estação Portuguesa-Tietê: Rua Urupiara, a 500 metros do metrô. 
Anhembi: Portão nº 05.
[2017-01-31 14:09:34] Obrigado
[2017-01-31 14:09:41] Vai ter os.busao la
[2017-01-31 14:09:45] compensa pegar um perto do centro
[2017-01-31 14:09:52] sai mais barato e fica perto do metro
[2017-01-31 14:10:20] ou entao pegar um perto da zona norte de SP, tipo tucuruvi
[2017-01-31 14:10:31] ai fica perto da campus party tmb
[2017-01-31 14:11:09] Hum
[2017-01-31 14:11:28] Na Tiete tem os fretado da campus
[2017-01-31 14:11:40] Aliás estou nele
[2017-01-31 14:12:06] É quanto a passagem dele?
[2017-01-31 14:12:48] Onde que tá?
[2017-01-31 14:12:51] Não tô achando
[2017-01-31 14:13:21] o busao é de graça
[2017-01-31 14:13:37] Legal
[2017-01-31 14:13:41] é um circular
[2017-01-31 14:13:42] Gostei
[2017-01-31 14:13:52] fica indo e voltando da estação ate a campus party
[2017-01-31 14:14:14] começa de manha e termina umas 00h
[2017-01-31 14:14:34] fora desse horario ai é preciso um uber ou taxi ou carona
[2017-01-31 14:15:12] Ok
[2017-01-31 14:15:16] Show
[2017-01-31 14:15:54] 👍🏻 é nois
[2017-01-31 14:16:19] Eh gratuito
[2017-01-31 14:16:20] Pena que não submeti palestra
[2017-01-31 14:16:25] 😢
[2017-01-31 14:16:30] nem eu
[2017-01-31 14:16:42] mas ano que vem eu vou ter mais projetos legais
[2017-01-31 14:16:44] ai quem sabe
[2017-01-31 14:16:45] Amigo meu vai voltar da campus com um belo crachá
[2017-01-31 14:16:49] 😞
[2017-01-31 14:16:50] Tá pensando q é fácil só pq o @erickemi passou?
[2017-01-31 14:16:56] Né nom kkk
[2017-01-31 14:17:17] Nada é fácil
[2017-01-31 14:17:37] Mas quando temos sorte e um pouco de ousadia
[2017-01-31 14:17:46] Tudo é possível
[2017-01-31 14:17:52] Sorte nada, isso chama suor
[2017-01-31 14:19:12] Nada é fácil
[2017-01-31 14:19:20] Já disse
[2017-01-31 14:24:35] literalmente
[2017-01-31 14:25:01] conversa profunda
[2017-01-31 14:25:08] document: /home/felipe/devel/github_tvdstaaij/telegram-history-dump/output/media/Garoa_Hacker_Clube_(Público)/download_999077034489544758.webp
[2017-01-31 14:32:00] A galera costuma ficar no The Hostel Paulista... não é tão perto, mas fácil chegar se metrô...
[2017-01-31 14:32:47] The Hostel Paulista
[2017-01-31 14:33:09] Obrigado
[2017-01-31 14:33:29] Perto dá entrada e praça de alimentação
[2017-01-31 14:34:52] Show
[2017-01-31 14:34:55] photo: /home/felipe/devel/github_tvdstaaij/telegram-history-dump/output/media/Garoa_Hacker_Clube_(Público)/download_803721837_71015.jpg
[2017-01-31 14:35:22] Ok
[2017-01-31 14:35:31] Tem também o grupo @CampuserosClub, com muitas dicas...
[2017-01-31 14:36:06] Lá dentro vai ter muitos amigos meus
[2017-01-31 14:36:32] Ainda nem sai de casa, vou ter que passar no mercado antes...
[2017-01-31 14:36:35] Sou do Área 21 também
[2017-01-31 14:36:51] Aí vai misturar os amigos do rio com os de sampa
[2017-01-31 14:37:15] O Carioca Hackerspace vai estar lá também uma galera
[2017-01-31 14:38:27] Vai ser muito legal
[2017-01-31 14:40:58] Se juntar todos a treta vai rolar rsrsrsrs. Hackear a nasa kkkkkkk
[2017-01-31 14:41:12] Piadas do RJ
[2017-01-31 14:41:52] kkkk
[2017-01-31 14:42:42] Eu tenho a minha equipe e se juntar é sinistro.
[2017-01-31 14:43:20] Cada um é forte em uma coisas diferentes em segurança
[2017-01-31 14:44:57] Meu medo é rolar outra tipo de treta kkk, Não com o povo do rio né, mas uma outra área aí kkk
[2017-01-31 14:45:55] document: /home/felipe/devel/github_tvdstaaij/telegram-history-dump/output/media/Garoa_Hacker_Clube_(Público)/download_105872262401360266.webp
[2017-01-31 14:47:10] Pessoal dá Campus, CS sabem quanto tá o estacionamento nessa pacoca
[2017-01-31 14:47:12] ?
[2017-01-31 14:48:53] creio que deve ser uns 30 ou 40 reais
[2017-01-31 14:48:55] Meu coração tem um nome dentro 😜
[2017-01-31 14:49:17] Tudo isso 😱
[2017-01-31 14:49:24] mas esse preço é por o dia todo
[2017-01-31 14:49:36] é amigo SP é caro kkkk
[2017-01-31 14:49:51] quando eu fui dar as pelestras eu ia de metro mesmo
[2017-01-31 14:50:09] moro perto de uma estação, entao para mim compensa
[2017-01-31 14:52:24] Bem melhor
[2017-01-31 15:03:04] Traz o dojo é o lockpcking fazendo favor
[2017-01-31 15:03:04] Não consegui carregar td
[2017-01-31 15:15:25] Hoje no Garoa em Pinheiros
[2017-01-31 15:15:26] photo: /home/felipe/devel/github_tvdstaaij/telegram-history-dump/output/media/Garoa_Hacker_Clube_(Público)/download_803735870_49602.jpg
[2017-01-31 15:22:16] Eu vou!
[2017-01-31 15:22:29] :)
[2017-01-31 15:24:15] Quem já está na Campus?
[2017-01-31 15:25:13] Oi
[2017-01-31 15:26:29] Tá aonde?
[2017-01-31 15:27:52] Ok
[2017-01-31 15:27:55] Chegou de noite
[2017-01-31 15:28:22] Droga, vou ter que miar =(
[2017-01-31 15:47:04] Camping nao vale a pena nao dorme nos sofas nis puff
[2017-01-31 16:06:30] Alguém pegou o busao do Tietê que vai pra Campus party?
[2017-01-31 16:20:55] E o banho?
[2017-01-31 16:22:12] photo: /home/felipe/devel/github_tvdstaaij/telegram-history-dump/output/media/Garoa_Hacker_Clube_(Público)/download_804206953_2174.jpg
[2017-01-31 16:22:14] Há previsão de chuva para hoje à noite, é só sair com o sabonete...
[2017-01-31 16:28:44] Mas tem uns banner bonito aí hein
[2017-01-31 16:45:53] Que isso ?
[2017-01-31 16:46:41] Vc q escolheu os melhores 😍
[2017-01-31 16:48:02] Banho ?, banho ? Usa uma camiseta do gnu 👿
[2017-01-31 16:49:34] Vou "forkar" esse banner pro TeresinaHC! 😊
[2017-01-31 16:49:42] Só pode entrar na área de camping quem comprou ingresso com camping. Não dá para pegar a vaga de outra pessoa.
[2017-01-31 17:00:14] Não quero pegar vaga de ninguém é que no site parou de vender o camping separado do ingresso. Mas tudo bem brasileiro dá seu jeito
[2017-01-31 17:08:04] Manda um abraço pro Renato! #THC
[2017-01-31 17:08:35] Nazora!
[2017-01-31 17:30:26] Deus e Satanás não existem. Logo, só sobram os hackers!
[2017-01-31 17:40:33] Você tem duas opções: (1) superar a timidez e visitar o Garoa mesmo que com a incerteza se vai conhecer um lugar bacana ou não. Ou (2) não ir visitar o garoa e ter a CERTEZA de que não vai conhecer um lugar super legal.
[2017-01-31 17:41:31] document: /home/felipe/devel/github_tvdstaaij/telegram-history-dump/output/media/Garoa_Hacker_Clube_(Público)/download_532578169497069893.mp4
[2017-01-31 17:41:33] ...e quanto à opção (1) eu posso te garantir que sim, o Garoa é um lugar muito legal e extremamente amigável a visitantes.
[2017-01-31 17:46:12] kkkkkkk irei tentar ir sim kkk talvez depois do dia 15
[2017-01-31 17:49:56] e que eu tbm nao sei como me interagir com as pessoas kkk entao complica mais shaushauas
[2017-01-31 17:56:04] Garoa é super legal
[2017-01-31 17:56:30] dica: Apareça lá. Quando você tocar a campainha, alguém vai abrir a porta. Você segue pelo corredor e entra no espaço. Dá um rolê pelas salas e vê o que tá rolando. Existe a chance de ninguém nem falar com você. Não por não estarem interessados, mas sim por que provavelmente cada pessoa alí estará focada em fazer algum projeto pessoal. Na maior cara de pau pergunte para as pessoas o que elas estão fazendo. É mágico: as pessoas tipicamente adoram perceber que alguém se interessou por seus respectivos projetos pessoais e vão se abrir para conversar com você.
[2017-01-31 17:56:47] Eu sou cara de pau falo mesmo e faço amizades por onde passo.
[2017-01-31 17:56:55] Estamos com uns dias sem atividade, se alguém se dispor a fazer é legal
[2017-01-31 17:57:47] kkkk sou curioso acho que nao vai ser mt dificil obrigado
[2017-01-31 17:57:48] Só juntar gente e fazer
[2017-01-31 17:58:24] quem daqui vai hj ao garoa?
[2017-01-31 17:58:27] Legal
[2017-01-31 17:58:43] Yo
[2017-01-31 17:59:05] v?
[2017-01-31 18:14:39] Gente, o que aconteceu com os ventiladores???? Quebrou????
[2017-01-31 18:15:18] Tenta ligar eles e girar as pás com a mão... ontem eles tavam pegando no tranco
[2017-01-31 18:17:10] :)
[2017-01-31 18:17:11] Ui, vou tentar.
[2017-01-31 18:17:22] Medo!
[2017-01-31 18:29:50] Um tá ruim, que tava na Biblioteca. O outro deveria estar funcionando
[2017-01-31 18:38:12] Depois me fala se funciono
[2017-01-31 18:38:53] Funcionou no tapa.
[2017-01-31 18:39:02] kkkkk
[2017-01-31 18:39:32] Essa é uma cena engraçada de se imaginar.
[2017-01-31 18:44:02] Kkkk, é bem assim mesmo, demorou uma meia hora pra mim entender o que estava rolando, quando eu fui no garôa
[2017-01-31 18:46:14] Concordo :b
Fiz até arroz na primeira e única vez q fui lá hauah
[2017-01-31 18:46:36] é vero
[2017-01-31 18:46:48] eu faço uma comida gostosa
[2017-01-31 18:47:03] qualquer hora eu passo por aí
[2017-01-31 18:47:27] Os dois??? 😱😱😱
[2017-01-31 18:48:21] Só um estava ruim, até onde eu sei...
[2017-01-31 18:48:28] POucas são as coisas que não funcionam no tapa
[2017-01-31 18:48:40] Ah, já estou na Campus Party...
[2017-01-31 18:48:50] Gente.
[2017-01-31 18:48:53] ENTÃO VEM PRA CÁ PÔ
[2017-01-31 18:48:58] Cadê?
[2017-01-31 18:58:24] Estou indo...
[2017-01-31 19:07:59] mano, eu ainda não conheço o garoa,mas entrei no grupo pq to de mudança pra sp e vo ver se la vira meu quintal,lugar de encontrar a galera e ralar nuns trem bacana. o que posso te adiantar é que ja pude trocar ideia com o @anchisesbr , e a receptividade dele,a ideologia que ele me passou do garoa,ja me fez querer ir. então jows,chega la, nao fica marcando pra dps nao,vai e aposto que chegando la vc acaba arrumando seu espaço tbm
[2017-01-31 19:17:32] Vem e traz comida
[2017-01-31 19:29:48] kkkkkkkkkkkkkkkkkkk
[2017-01-31 19:46:36] Chegou a cerveja :)
[2017-01-31 19:46:55] Tá tendo Noite de Processing
[2017-01-31 19:47:11] photo: /home/felipe/devel/github_tvdstaaij/telegram-history-dump/output/media/Garoa_Hacker_Clube_(Público)/download_804206330_2401.jpg
[2017-01-31 19:52:35] Show
[2017-01-31 19:55:13] photo: /home/felipe/devel/github_tvdstaaij/telegram-history-dump/output/media/Garoa_Hacker_Clube_(Público)/download_803738099_14530.jpg
[2017-01-31 19:56:38] maneiro
[2017-01-31 20:10:13] ai sim
[2017-01-31 20:10:17] legal
[2017-01-31 20:12:14] quinta feira quem vai aparecer no garoa?
[2017-01-31 20:21:42] photo: /home/felipe/devel/github_tvdstaaij/telegram-history-dump/output/media/Garoa_Hacker_Clube_(Público)/download_803117756_586.jpg
[2017-01-31 20:25:29] se eu tivesse aí traria as pipocas rsrs fazer o que sangue gaucho
[2017-01-31 21:51:20] Fernanda, tem outro hostel próximo do Metrô Santana, o The Connection Hostel... lembrei agora... dá uma pesquisada...
[2017-01-31 22:10:17] Se alguém vier pra CPBR e puder trazer um roteador, o @fernandoGuisso vai dar um abraço
[2017-01-31 23:43:47] http://www.cartacapital.com.br/blogs/intervozes/a-inclusao-digital-no-brasil-serve-ao-consumo-e-nao-a-cidadania
