[2017-08-13 00:54:28] Procuro padawans para projeto de emulação/simulação do sintetizador musical eletrônico do professor Guido Stolfi http://www.lcs.poli.usp.br/~gstolfi/synthpage2.htm
[2017-08-13 09:53:53] GitHub.io agora injeta uma merda de <h1> com o nome do repositório na página servida
[2017-08-13 09:54:23] Alguma sugestão de como tirar que eu não estou vendo?
[2017-08-13 10:50:35] Para ser justo, a Internet é pouquíssimo dependente de satélites
[2017-08-13 12:18:44] Italo Adriano PU7ASP joined
[2017-08-13 12:18:45] Hi Italo Adriano !
[2017-08-13 17:11:43] photo: /home/felipe/devel/github_tvdstaaij/telegram-history-dump/output/media/Garoa_Hacker_Clube_(Público)/download_804721985_16150.jpg
[2017-08-13 17:12:23] Kkkkk
[2017-08-13 17:31:00] Jon Snow joined
[2017-08-13 17:31:01] Hi Jon !
[2017-08-13 17:31:12] hi bot
[2017-08-13 17:32:54] Nhoim...curtindo a brisa bucólica
[2017-08-13 17:45:37] ola sou Lucas, eu faço parte de um clube de robótica e mecatrônica na minha escola, INSA de Lyon,  entrei aqui pq sou curioso. Eu vou para são paulo em dezembro(E se vocês estiverem abertos vou carimbar meu hackerspace passport). Estamos criando a pagina no hackerspaces ainda, então aqui eu só tenho o nosso site em francês: http://www.clubelek.fr/
[2017-08-13 17:48:29] Q parada de "hacker space passport" eh essa?  Ontem estive no garoa e o @tilt4 me mostrou um carimbo mas não entendi pra que servia
[2017-08-13 17:49:12] é um passaporte para encorajar a interação inter hackerspaces
[2017-08-13 17:49:20] já pego um link
[2017-08-13 17:49:34] https://wiki.hackerspaces.org/Hackerspaces_Passport
[2017-08-13 17:49:52] Ah q legal!
[2017-08-13 17:51:04] pelo que eu entendi tem alunos da poli aqui, alunos da minha escola já foram para a poli, e eu espero que alunos da poli venham aqui
[2017-08-13 19:01:40] Eu sou ex-aluno da Poli
[2017-08-13 19:02:42] você chegou a conhecer o pikachu ?
[2017-08-13 19:04:22] aquele cara que estudou la por 9 anos acho
[2017-08-13 19:04:56] Não
[2017-08-13 19:05:16] eu estudei lá por 7 anos :-)
[2017-08-13 19:05:24] ah então você deve ter estudado lá ha muito tempo.
[2017-08-13 19:06:13] eu fiz um sememestre na poli em 2012 e ele ja tava no 9o ano acho
[2017-08-13 19:06:15] estudei lá entre 2003 e 2010
[2017-08-13 19:06:47] ah sim você fez qual curso ?
[2017-08-13 19:09:05] telecomunicações
[2017-08-13 19:09:10] https://news.slashdot.org/story/17/08/13/183234/bitcoin-just-surged-past-4000-techcrunch-explains-why
[2017-08-13 20:18:08] o q tá no cern ?
[2017-08-13 20:19:53] não sei o que ele faz hoje da vida, mas quado eu entrei ele era conhecido por ser uma das pessoas que ficou mais tempo na poli
[2017-08-13 20:20:21] ele tá perto aí de vc, no LHC
[2017-08-13 20:20:36] nossa que legal
[2017-08-13 20:21:32] o garoa nasceu de alunos da poli por acaso ?
[2017-08-13 21:32:32] Não só. Mas tem alguns ex-politecnicos como eu, Juca, Aylons e Agaelebe. E as duas primeiras reuniões do garoa foram na poli, no escritório piloto.
[2017-08-13 21:48:19] ArroBitsFX joined
[2017-08-13 21:48:20] Hi ArroBitsFX !
[2017-08-13 21:48:25] Hello
[2017-08-13 22:49:46] Bem vindo
