[2016-11-10 00:32:30] Leandro, acho q a lista é um lugar melhor para essa msg!
[2016-11-10 00:32:44] aqui ela vai se perder em 5 min
[2016-11-10 00:38:26] Hi
[2016-11-10 00:38:54] Hi Jack
[2016-11-10 01:03:43] Hello Regis, how are you?
[2016-11-10 11:13:38] Como entro nessa lista? Entrei recentemente aqui, queria me inteirar mais sobre o Garoa
[2016-11-10 11:13:38] Preciso ir conhecer pessoalmente tbm
[2016-11-10 11:26:10] Olha Áquila, dá uma olhada aqui:
https://garoa.net.br/wiki/Como_participar
[2016-11-10 11:30:48] Hoje teremos Noite do Arduino, simultaneamente em dois lugares, é uma ótima oportunidade de conhecer o Garoa.
[2016-11-10 11:31:16] photo: /home/felipe/devel/github_tvdstaaij/telegram-history-dump/output/media/Garoa_Hacker_Clube_(Público)/download_129472600886738986.jpeg
[2016-11-10 11:50:16] photo: /home/felipe/devel/github_tvdstaaij/telegram-history-dump/output/media/Garoa_Hacker_Clube_(Público)/download_803703541_130387.jpg
[2016-11-10 11:50:34] agora estou seguro :D
[2016-11-10 12:04:18] https://www.youtube.com/watch?v=0105x3llAcA
[2016-11-10 12:04:25] Estreia hoje :)
[2016-11-10 12:15:17] Aonde??
[2016-11-10 12:15:21] Quero ir ver
[2016-11-10 12:17:35] Nem sei, acho que nas 'principais salas' eheh
[2016-11-10 12:19:26] http://www3.cinemark.com.br/filme/snowden--heroi-ou-traidor
[2016-11-10 12:19:50] poucas salas do cinemark, melhor ir ver logo antes que saia de cartaz
[2016-11-10 12:29:40] vamos?
[2016-11-10 12:31:08] No seu site de Torrent preferido... ;) #Ahoy
[2016-11-10 12:31:48] Cinema = MPAA = SOPA/PIPA/ACTA.
[2016-11-10 12:32:08] Btw: tava aqui pensando em fazer uma noite para assistir filmes/séries
[2016-11-10 12:32:44] Tem um monte de filme completo no YouTube e Vimeo
[2016-11-10 12:33:56] bom, meu pai tem filmes chineses que foram censurados
[2016-11-10 12:42:23] photo: /home/felipe/devel/github_tvdstaaij/telegram-history-dump/output/media/Garoa_Hacker_Clube_(Público)/download_55490225845046353
[2016-11-10 12:44:25] "Não bulo com Governo, nem Polícia, nem Censura. É tudo gente fina, meu advogado jura."
- SEIXAS, Raul
[2016-11-10 12:55:40] quando fzemos uma sessão?
[2016-11-10 12:58:44] Halt and Catch Fire!
[2016-11-10 12:58:51] Pensei em 1x mes... Nunca segunda?
[2016-11-10 12:59:26] Tá na lista! junto com Mr. Robot e The IT Crowd
[2016-11-10 12:59:35] Numa segunda
[2016-11-10 13:01:15] +1
[2016-11-10 13:21:45] Mudando o tópico: Temos soprador térmico/estação de retrabalho para SMD no Garoa?
[2016-11-10 13:23:02] @Gutemhc Temos o soprador sim.
[2016-11-10 13:23:07] boa!
[2016-11-10 13:23:10] Deveria estar nessa lista aqui: https://garoa.net.br/wiki/Categoria:Equipamentos
[2016-11-10 13:23:24] :) Aí quando vc for no Garoa confere qual o modelo e adiciona no wiki.
[2016-11-10 13:24:03] Estação de solda[editar]
Smart FT-ES50W
[2016-11-10 13:24:14] Ah, estava na lista, só não estava listado no lab de eletronica :)
[2016-11-10 13:25:33] Estação de solda tem duas, se não me engano
[2016-11-10 13:25:41] uma delas não tem soprador
[2016-11-10 13:25:45] a outra, não sei
[2016-11-10 13:26:32] essa Smart FT-ES50W é só solda
[2016-11-10 13:26:52] ué, entõa nao está na lista. Pq temos um soprador sim.
[2016-11-10 13:27:10] document
[2016-11-10 13:27:37] é, eu nem sei se essa estação aí está lá mesmo (ou se esta quebrada).
[2016-11-10 13:28:52] @eduoda Esponja do Mar ainda está sob os seus cuidados? https://garoa.net.br/wiki/Esponja_do_Mar
[2016-11-10 14:12:48] Temos os dois
[2016-11-10 14:26:22] 👍
[2016-11-10 14:31:40] Não tô mais mexendo
[2016-11-10 15:41:34] Num torrent perto de você! rs
[2016-11-10 15:42:17] Opssss.. Cheguei atrasado na tirada.
[2016-11-10 16:28:25] Que hs vão pro garoa hj?
[2016-11-10 16:31:53] Gostei da ideia de uma sessão cinematográfica no garoa hehe 😁
[2016-11-10 16:45:28] Legal tbm gostei
[2016-11-10 16:45:42] Devo ir por volta das 19h
[2016-11-10 16:46:03] Mas não tenho a chave então não se se essa informação ajuda
[2016-11-10 17:38:29] Hahaha, claro que ajuda, a gente toma uma ali na esquina enquanto ninguem com chave chega
[2016-11-10 17:41:08] Tou tomando um café na esquina (do tapiocafé) chego logo mais
[2016-11-10 17:41:42] Bacana, qdo chegar vou ver se ainda ta la
[2016-11-10 17:54:46] Garoa aberto
[2016-11-10 17:57:18] To a caminho, valeu
[2016-11-10 18:15:45] Legal, me inscrevi na lista. Hoje não vou conseguir ir, mas vou programar para ir semana que vem ou na outra
[2016-11-10 18:15:50] Obrigado 👍🏽
[2016-11-10 18:40:22] photo: /home/felipe/devel/github_tvdstaaij/telegram-history-dump/output/media/Garoa_Hacker_Clube_(Público)/download_803716104_130125.jpg
[2016-11-10 18:42:34] Show
[2016-11-10 18:50:34] O Portunholbot está funcionando?
[2016-11-10 19:20:21] Sim...
[2016-11-10 19:20:41] já estoy en lo garoa, cheguei agora.
[2016-11-10 19:21:51] https://www.startpage.com/snowden/
Snowden ao vivo daqui a 9 minutos.
[2016-11-10 19:38:27] começou
[2016-11-10 19:40:41] Estou  o Garoa se precisam de ajuda na ETEC mandem um salve
[2016-11-10 19:41:00] Precisam de ajuda aí?
[2016-11-10 20:03:07] Onde estão?
[2016-11-10 20:05:21] Achei
[2016-11-10 20:15:37] Estou acompanhando Snowden aqui
[2016-11-10 20:18:49] Estávamos acompanhando também... projetado no Garoa... mas desistimos, vamos ver a gravação depois...
[2016-11-10 20:19:31] Vai rolar cobertura da Yumi e Anchises de novo?
[2016-11-10 20:36:07] Acabou?
[2016-11-10 20:53:16] photo: /home/felipe/devel/github_tvdstaaij/telegram-history-dump/output/media/Garoa_Hacker_Clube_(Público)/download_803730935_92885.jpg
[2016-11-10 21:00:56] Já acabou no Guaracy?
[2016-11-10 21:04:28] Acho que vou passar aí
[2016-11-10 21:07:15] photo: /home/felipe/devel/github_tvdstaaij/telegram-history-dump/output/media/Garoa_Hacker_Clube_(Público)/download_803701708_130682.jpg
[2016-11-10 21:07:42] photo: /home/felipe/devel/github_tvdstaaij/telegram-history-dump/output/media/Garoa_Hacker_Clube_(Público)/download_803705934_131386.jpg
[2016-11-10 21:07:59] photo: /home/felipe/devel/github_tvdstaaij/telegram-history-dump/output/media/Garoa_Hacker_Clube_(Público)/download_803718575_132003.jpg
[2016-11-10 21:08:04] Vão passar no Garoa depois?
[2016-11-10 22:03:47] Alguém aí manja de creative commons?
[2016-11-10 22:05:58] O que seria manjar, nas suas necessidades?
[2016-11-10 22:07:43] Saber alguns detalhes sobre certas licenças
[2016-11-10 22:08:18] Quais detalhes?
[2016-11-10 22:09:35] Se tiver alguém lá sim
[2016-11-10 22:10:07] Achei uma acapella de uma faixa q eu gostaria de usar em uma faixa q eu estou trabalhando e esta acapella com free commercial use attribution 3.0, aparentemente só baixar e usar
[2016-11-10 22:10:15] E citar o créditos
[2016-11-10 22:11:19] "free commercial use attribution" não é CC.
[2016-11-10 22:11:30] E tem uma outra licença desta acapella que está $44 e está licença se chama TuneTrack Comercial
[2016-11-10 22:11:44] Yeep estou confuso já q eu estou no site da ccmixter
[2016-11-10 22:11:58] O que existe é "attribution non-commercial". Ou seja, CC-BY-NC
[2016-11-10 22:12:18] photo: /home/felipe/devel/github_tvdstaaij/telegram-history-dump/output/media/Garoa_Hacker_Clube_(Público)/download_803730959_94797.jpg
[2016-11-10 22:13:25] Acho q entendi
[2016-11-10 22:16:09] A licença CC nesse caso é CC-BY. A outra não é CC.
[2016-11-10 22:18:55] Ou seja, atribuindo, faça o que quiseres, há de ser o todo da lei. O negócio do TuneTrack você tem que ver o que é, eu não conheço.
[2016-11-10 22:20:30] Entendi e nesta CC-BY eu posso usar  comercialmente dando os créditos? É isso?
[2016-11-10 22:21:21] Só não poderia usar comercialmente se fosse "CC-BY-NC", onde o NC é de "não-comercial".
[2016-11-10 22:22:21] Olha a página de resumo da CC-BY 3.0:
https://creativecommons.org/licenses/by/3.0/
"for any purpose, even commercially."
[2016-11-10 22:22:57] Eu!? Não.
[2016-11-10 22:22:58] ahh sim, ficou mais claro, valeu mesmo @Anders_Bateva
[2016-11-10 22:23:48] E sobre a TuneTrack "TuneTrack Licenses grant additional privileges beyond Creative Commons, including use of the work in a commercial setting, or without attribution. " @Anders_Bateva
[2016-11-10 22:24:07] HUAHUAHUA
[2016-11-10 22:24:39] Não faz sentido, mas tudo certo.
[2016-11-10 22:25:52] document: /home/felipe/devel/github_tvdstaaij/telegram-history-dump/output/media/Garoa_Hacker_Clube_(Público)/download_287137010622136362.webp
[2016-11-10 22:25:55] O valor dela é $44
[2016-11-10 22:26:08] Desta licença TuneTrack
[2016-11-10 22:27:54] Gostei da camiseta do garoa 😊
[2016-11-10 22:28:00] Pra usar a música, não pode ser só pela licença CC?
[2016-11-10 22:28:27] Eu quero... Comofas?
[2016-11-10 22:29:04] Então acho que sim! Mas acho q a TuneTrack te dá direito a não citar o artista da acapella, seria isso?
[2016-11-10 22:29:40] Eu já disse que não conheço essa licença deles. Você vai ter que ler o "contrato".
[2016-11-10 22:30:34] Hehehe ficarei com a outra licença e citarei os créditos, valeu o/
[2016-11-10 22:31:15] O site permite dissociar uma da outra, ou vão só as duas juntas?
[2016-11-10 22:32:27] O site permite vc baixar sem a TuneTrack numa boa @Anders_Bateva
[2016-11-10 22:35:45] Hitler descobre como anda o Visual Basic https://www.youtube.com/watch?v=xtDwOxqZQEo
[2016-11-10 22:38:10] Visual Basic é legal... Linguagem de programação orientada a botao
[2016-11-10 22:38:15] 😊
[2016-11-10 22:44:22] http://www.technologyreview.es/negocios/52177/uno-de-los-padres-del-codigo-abierto-intenta/
[2016-11-10 22:59:23] Programação Orientada a Clique
[2016-11-10 23:00:24] Eu tô zoando, mas não tenho nada contra VB. Eu inclusive já ganhei dinheiro com VB por um tempo...
[2016-11-10 23:01:24] Nada contra também. Tirando o fato de ser Microsoft, claro...
[2016-11-10 23:01:53] document: /home/felipe/devel/github_tvdstaaij/telegram-history-dump/output/media/Garoa_Hacker_Clube_(Público)/download_901807295229329443.webp
[2016-11-10 23:02:06] Um primo meu, no interior do Paraná, ainda ganha uma grana considerável com Delphi
[2016-11-10 23:20:17] Tem espaço pra tudo, até pra python. Opa, brincadeirinha kkkk
[2016-11-10 23:20:54] Mas na real, tem espaço pra todo mundo mesmo. Muito banco usa vb6 ainda 👍
[2016-11-10 23:36:23] document: /home/felipe/devel/github_tvdstaaij/telegram-history-dump/output/media/Garoa_Hacker_Clube_(Público)/download_120138932577894643.webp
[2016-11-10 23:36:59] https://imgflip.com/i/1dy9wg
[2016-11-10 23:52:33] Benjamin H. Bratton: The Stack: On Software and Sovereignty (2016) — Monoskop Log
https://monoskop.org/log/?p=17816
