[2017-02-13 02:39:26] Irety Clayre joined
[2017-02-13 02:39:27] Hi Irety Clayre !
[2017-02-13 07:24:07] Cientistas suecos criam madeira transparente que pode transformar o futuro do design e da arquitetura - Follow the Colours
http://followthecolours.com.br/follow-decora/madeira-transparente/#.WKCvpujUEON.facebook
[2017-02-13 07:30:52] Me lembrou Star Trek.
[2017-02-13 07:40:04] ESTE lembra Star Trek 😀
Final de 2015
https://www.aquaa3.com.br/2015/11/aluminio-transparente-agora-e-realidade.html
[2017-02-13 07:43:55] Será que virou realidade mesmo?
[2017-02-13 07:45:52] Este link "improvisei" agora, mas na época saiu em revistas científicas.
[2017-02-13 07:46:50] http://machineconversations.kone.com/live-conversation-1/
[2017-02-13 09:42:59] Esta é a empresa que faz a aplicação comercial do alumínio transparente ALON
http://www.surmet.com/technology/alon-optical-ceramics/
[2017-02-13 09:46:06] Um artigo sobre a sua sinterização (pode ler pela bagatela de 36 doletas)
http://link.springer.com/article/10.1023/A%3A1006731218817?no-access=true
[2017-02-13 09:47:54] Tudo isso pra dizer: É real 😍
[2017-02-13 09:58:30] document: /home/felipe/devel/github_tvdstaaij/telegram-history-dump/output/media/Garoa_Hacker_Clube_(Público)/download_405934178236891388.webp
[2017-02-13 10:15:47] Só é real se tiver pra vender no aliexpress
[2017-02-13 10:16:45] Senão pessoas normais só verão qdo cair na cabeça delas via drone (e não da Amazon)
[2017-02-13 10:19:13] Então vai demorar pra ser "real"... ainda é muito caro. Pelo que eu li, pode substituir as telas de safira dos celulares em uns 5 anos
[2017-02-13 10:22:44] que celular tem tela de safira?? iphone?
[2017-02-13 10:25:11] https://en.wikipedia.org/wiki/Gorilla_Glass
[2017-02-13 10:31:14] Vende gorilla glass no Brasil?
[2017-02-13 10:32:32] não sei sequer se vende avulso, mas todo celular que já vi usa
[2017-02-13 10:32:56] então na teoria sim, é só comprar um celular e desmontar
[2017-02-13 10:33:21] Saquei
[2017-02-13 10:33:41] Perdi um Samsung esses dias
[2017-02-13 10:33:51] Bixo caiu de cara no chão
[2017-02-13 10:34:07] E como garantia n cobre burrice
[2017-02-13 10:34:12] Tive de pegar outro
[2017-02-13 10:34:25] Pq deu 500 fodendo reais pra arrumar
[2017-02-13 10:34:57] já bati meu milestone 2 com força num ataque de ansiedade,  ainda está inteiro
[2017-02-13 10:35:11] acho que ele usa GG de segunda ou terceira geração
[2017-02-13 10:35:27] Tendeu
[2017-02-13 10:35:31] Porra
[2017-02-13 10:35:35] Odeio comprar smartphone
[2017-02-13 10:35:36] compra a tela no ali e troca..
[2017-02-13 10:35:41] (pobre)
[2017-02-13 10:36:27] Pensei no caso

Ele ta funcionando mas a tela is dead
[2017-02-13 10:37:02] sim, como todo Samsung que chega perto do chão
[2017-02-13 10:38:18] Agr to de moto
[2017-02-13 10:38:24] Ta de boa
[2017-02-13 10:38:34] N faço nada demais no cel
[2017-02-13 10:38:46] Comunicação e jogos bobos
[2017-02-13 10:38:57] como tá a build quality da Lenovo?
[2017-02-13 10:39:09] Qqr smart novo serve

Dai peguei o mais novo
[2017-02-13 10:39:18] última vez que usei a Motorola a Motorola ainda era Motorola
[2017-02-13 10:39:19] O mais barato**"
[2017-02-13 10:39:30] Agr é lenovo
[2017-02-13 10:39:35] Ta de boa
[2017-02-13 10:39:38] N trava
[2017-02-13 10:39:49] Roda os joguinhos
[2017-02-13 10:39:54] it
[2017-02-13 10:40:02] não digo specs, digo build quality...
[2017-02-13 10:40:08] resistente?
[2017-02-13 10:40:09] Mas a mão do root chega a tremer
[2017-02-13 10:40:52] Olha
[2017-02-13 10:40:52] Tomou uns capotes ja
[2017-02-13 10:40:52] Acho q o Samsung teria arregado
[2017-02-13 10:40:52] Mas ta normal
[2017-02-13 10:41:11] Foda q a cada tombo -1 de life
[2017-02-13 10:41:55] tô testando minha sorte no momento com um Huawei p8lite, pelo custo benefício
[2017-02-13 10:42:07] ainda estou na lua de mel :)
[2017-02-13 10:42:14] Eu ia pegar um xiaomi
[2017-02-13 10:42:28] Chineses bombando
[2017-02-13 10:42:51] provavelmente teria pego um xiaomi se fosse importar mas esse comprei na hora em loja física mesmo
[2017-02-13 10:43:41] abracei a oportunidade porque realmente precisava de algo melhor que um galaxy low low end
[2017-02-13 10:44:18] Deveria ter feito o msm
[2017-02-13 10:44:25] Mas de boa, ja foi
[2017-02-13 10:44:42] Se pudesse n saia do moto razr
[2017-02-13 10:44:45] Sei la o Nome
[2017-02-13 10:44:54] Aquele digivice la
[2017-02-13 10:45:22] O meu ainda roda
Só precisa de bateria
[2017-02-13 10:48:15] Foda q 3 apps e la se vai a memória
[2017-02-13 10:48:23] Além de ser Android antigo
[2017-02-13 11:06:58] Erin vai de xiaomi redmi note 3 pro
[2017-02-13 11:08:02] melhor custo benefício e se tiver com relativa pressa e não quiser esperar importação, compra aqui no braza mesmo tem muito revendedor, claro que fica mais salgado que importar, mas acaba valendo a pena pela disponibilidade eu fiz isso e não me arrependo
[2017-02-13 11:18:17] Qual marca de notebook anda boa ultimamente? (Da última vez que comprei, fui na Kalunga "judiar" dos bichin. Torcer, bater, chacoalhar e testar as teclas.) O que me pareceu mais sólido na época (e com teclas mais macias) era o Acer.
[2017-02-13 11:20:10] Resistência no caso?
[2017-02-13 11:20:23] cara eu gosto da lenovo, mas não tenho um uso tão hard assim, só deixo cair e ele é meio batido por sempre estar na minha mala de rodinha sem acolchoado
[2017-02-13 11:21:27] alias é feito drop test vide como é feito com smartphones com notebooks? seria algo interessante de assistir hahahaha
[2017-02-13 11:21:44] Sim kkkkkkkk
[2017-02-13 11:22:02] Morro de medo de deixar essa desgraça cair
[2017-02-13 11:23:57] cara eu tenho um velho problema com escadas
[2017-02-13 11:24:15] derrubei tanto meu note atual quanto o antigo nos degraus da minha casa
[2017-02-13 11:24:21] e pelo menos eles resistiram hahaha
[2017-02-13 11:27:35] o meu da Acer tá durando bastante, ele já tem uns 3 anos e já passou por bastante coisa, já instalei até um hackintosh nele, a única modificação dele foi acrescentar memória nele de 4 para 8gb e gosto bastante dele pq a tela é de 16" e tem teclado numérico na lateral
[2017-02-13 11:33:28] slk
[2017-02-13 11:33:38] smart ja da uma dor no coracao ver cair
[2017-02-13 11:33:43] imagine note
[2017-02-13 11:35:08] Eu tenho um HP antigão aqui (uns 8-9 anos): série DV6000. Tampa black piano, teclas macias, touch com botões contato de ouro. 
Mal acostumado.. os notes atuais vem com acabamento cada vez pior e teclas "bolha" cada vez mais duras. 
(Essa série DV tinha um porém, dava pau de aquecimento). 
Não é só as specs internas que conta, a engenharia e a qualidade do material são importantes tb. (Pensando em não f*der o bolso e o planeta)
[2017-02-13 11:42:21] minha prima tem um dessa série, realmente ele aquece pra caramba que dá pra fritar um ovo, e a bateria dele também já foi pro espaço, só funciona ligado na tomada, mas isso que você falou das teclas é verdade, elas são bem macias. 
Nunca comprei HP e talvez não compre, pois já trabalhei no suporte deles e sei como qualquer coisinha besta você perde a garantia, isso sem contar as teclas que pulavam como pipoca
[2017-02-13 11:46:50] HP nunca mais
[2017-02-13 11:47:47] 😂
[2017-02-13 11:49:13] Acho que a marca que conta com qualidade de montagem e um suporte razoável dos quais eu já prestei alguns frellas de manutenção e foi a melhor experiência é a Dell
[2017-02-13 11:49:14] mano do ceu
[2017-02-13 11:49:16] to com HP
[2017-02-13 11:49:27] bixo tem horas q parece um george foreman grill
[2017-02-13 11:49:37] queima minha perna
[2017-02-13 11:49:49] hahahaha aquecimento é complicado
[2017-02-13 11:50:04] eu que uso muito software de edição de imagens então
[2017-02-13 11:50:08] dai uso ele de longe
[2017-02-13 11:50:20] da pra forjar uns aneis nele
[2017-02-13 11:50:27] não tem jeito pode ser um alienware vai esquentar
[2017-02-13 11:50:30] cruzes
[2017-02-13 11:50:50] o meu ainda vai bem, contando que é fino
[2017-02-13 11:51:00] e gira a tela em 720º
[2017-02-13 11:51:04] nossa
[2017-02-13 11:51:09] tem as frescuras de ser touch
[2017-02-13 11:51:11] garbo & elegancia
[2017-02-13 11:51:18] kkkkkkk
[2017-02-13 11:51:26] o meu so esquenta msm
[2017-02-13 11:51:29] sem touch
[2017-02-13 11:51:35] era a grana que eu tinha oriunda de um processo contra a motorola
[2017-02-13 11:51:43] o meu i7 q é fresco
[2017-02-13 11:51:57] ctz q se der um tombo ja vai ficar meio merda
[2017-02-13 11:52:02] por alegarem numa assistência que tinha entrado água num celular com certificação ip
[2017-02-13 11:52:08] samsung
[2017-02-13 11:52:15] adora se jogar no chao
[2017-02-13 11:52:28] hahaha nem fala
[2017-02-13 11:52:47] meu hp é mais bruto
[2017-02-13 11:52:53] toma uns tapa
[2017-02-13 11:52:53] como eu disse o meu parece ser frágil ao olhar e pelas frescuras
[2017-02-13 11:52:57] durmo em cima dele
[2017-02-13 11:53:03] mas vai bem
[2017-02-13 11:53:10] mas do nada
[2017-02-13 11:53:10] nossa melhor travesseiro é note
[2017-02-13 11:53:14] vira o tocha humana
[2017-02-13 11:53:21] hahaha só quem programa de madrugada sabe
[2017-02-13 11:53:39] acordar com qwerty na cara
[2017-02-13 11:56:54] ashuasuhashuhusa
[2017-02-13 11:57:08] teve uma vez q tava dormindo
[2017-02-13 11:57:15] senti um bafo quente na cara
[2017-02-13 11:57:24] pensei: deve ser o bafomé
[2017-02-13 11:57:37] mas dai era o note q tava debaixo do travesseiro
[2017-02-13 11:58:02] 😅😅😅
[2017-02-13 12:04:31] kkkkkkkkkkkk
[2017-02-13 12:18:56] Pessoal
[2017-02-13 12:19:06] Quando abre as inscriçoes do bssidesSp??
[2017-02-13 12:27:22] BSidesSP acontece nos dias 20 e 21 de Maio, portanto as inscrições devem ser mais próximas do evento... enquanto isso, recomendo acompanhar o grupo @BSidesSaoPaulo.
[2017-02-13 12:29:37] Obrigado
[2017-02-13 12:53:32] No carnaval vamos fazer uma maratona de montar projeto com esp8266, e interconectar todos?
[2017-02-13 13:32:37] não estou procurando celular novo, a não ser que você esteja oferecendo comprar um pra mim. meu celular mal tem 2 meses.
[2017-02-13 13:34:19] Acer++, também é meu atual
[2017-02-13 13:35:32] Dell é o laptop que eu mais vi indo pra conserto...
[2017-02-13 13:44:52] Stay away from Dell!!!
[2017-02-13 13:45:14] To cogitando um ThinkPad
[2017-02-13 13:48:16] Comprei um ASUS em 2011, talvez era mais velho, era mostruário da loja, mas eu insisti pra comprar por causa da placa de vídeo dedicada.
Tá vivo até hoje mas eu cuidei bem apesar de esquentar ele bastante rodando jogos.
[2017-02-13 13:51:09] Thinkpad ❤️
[2017-02-13 13:52:36] Como faz pra se inscrever?
[2017-02-13 13:53:16] Só entrar na wiki e colocar seu nome
[2017-02-13 13:54:31] Valeu!
[2017-02-13 14:28:47] ai sim meu patrao
[2017-02-13 14:32:57] Aproveitando o tema do Camp: Quem vai de carro?
[2017-02-13 14:33:03] o/
[2017-02-13 14:33:16] É um celta, mas acho que conta
[2017-02-13 14:33:27] Tem espaço pra voltar de carona?
[2017-02-13 14:33:32] Vou só no Domingo
[2017-02-13 14:43:58] Por enquanto só to eu no carro, a gente pode ver sim
[2017-02-13 14:44:04] demoro
[2017-02-13 15:08:56] Tenho dell em casa e no trampo e dificilmente os vejo quebrar. O unico porém é que a bateria perde a carga mais rapido que um asus...
[2017-02-13 15:48:18] Vai ter um lançamento de foguete fantástico da SpaceX nessa semana agora (provavelmente na sexta-feira, dia 17/FEV). Vocês querem que eu prepare uma apresentação pra contextualizar? E depois em seguida, se tudo der certo, a gente vê ao vivo o lançamento no projetor do Garoa, o que acham ? Quem se interessa, levanta a mão!
[2017-02-13 15:58:18] Eu ouço muitos elogios do esp8266, os 100 noção assim como eu ficariam muito felizes se algum garoeiro hackudo, resolvesse fazer um dia do esp8266 100 noção, #pronto # pedi
[2017-02-13 15:59:39] Podemos fazer um grupo de estudos nas quintas, noite do Arduíno
[2017-02-13 16:00:49] comprei uns 5 esp pensando que ia fazer alguma coisa e estão todos parados em casa...
[2017-02-13 16:08:34] Seria legal ter alguma biblioteca nossa  de comunicação
[2017-02-13 16:12:30] Sergio joined
[2017-02-13 16:12:30] Hi Sergio !
[2017-02-13 16:12:41] 👍
[2017-02-13 16:25:36] Posso fazer algo em alguma Noite do Arduino, só que eu uso a IDE do Arduino para programar o esp. Um visão rápida do ESP: http://dqsoft.blogspot.com.br/2016/09/esp8266.html
[2017-02-13 16:37:31] Maravilha
[2017-02-13 16:51:50] Metoo
[2017-02-13 16:56:44] Prefiro a irrelevância 
http://www.cnbc.com/2017/02/13/elon-musk-humans-merge-machines-cyborg-artificial-intelligence-robots.html
[2017-02-13 16:58:13] +1
[2017-02-13 17:47:47] Eu pelo menos já controlei LEDs e um dispensador de doces. Os planos de sensores e atuadores em casa estão parados. Acho que o @eduoda é quem usou mais os ESP.
[2017-02-13 17:48:27] eu queria fazer um 3.0 do meu led badge usando esp ao invés do atmega..
[2017-02-13 17:48:43] DQ!! quando você vai no garoa? sdds
[2017-02-13 17:48:57] fui na quinta passada achando que ia te encontrar
[2017-02-13 17:50:38] posso ver?
[2017-02-13 17:50:47] o quê?
[2017-02-13 17:50:58] seu led badge
[2017-02-13 17:51:07] https://github.com/Lana-chan/brochehacker
[2017-02-13 17:51:08] Lana-chan | brochehacker

Design de um broche animado com LEDs

Language: KiCad
Forks: 2
Stars: 1
Issues: 0
[2017-02-13 17:51:17] a versão esp não existe, é vapor
[2017-02-13 17:52:14] mas como q é esse badge, tipo esse aqui? http://www.ledsignage.com/sites/default/files/LED%20badge%20C.%20Schwartz.jpg
[2017-02-13 17:52:30] https://www.facebook.com/erin.pinheiro/videos/1778014399133172/?permPage=1
[2017-02-13 17:53:01] Sério? Eu acho a ideia muito interessante
[2017-02-13 17:53:08] Pretendo ir nesta quinta.
[2017-02-13 17:53:42] document: /home/felipe/devel/github_tvdstaaij/telegram-history-dump/output/media/Garoa_Hacker_Clube_(Público)/download_605440739190505989.webp
[2017-02-13 17:53:47] showw!!!!
[2017-02-13 17:53:48] :D
[2017-02-13 17:54:03] Cool
[2017-02-13 17:54:20] ele faz mais do que esse vídeo mostra, ele carrega 2 animações de 15 quadros e uma string de até 140char tudo na eeprom
[2017-02-13 17:54:24] e tem tetris built-in
[2017-02-13 17:54:48] ai sim!
[2017-02-13 17:57:50] O ESP não tem I/O digital suficiente para ligar direto os LEDs (como acho que você fez no broche). Um jeito seria usar uns destes módulos com max7219:http://www.institutodigital.com.br/pd-182d8c-modulo-matriz-de-leds-8x8-com-max7219.html
[2017-02-13 17:58:17] o v1.0 usava exatamente isso, controlado por um attiny85
[2017-02-13 17:58:28] o v2.0 que usa um 328ão
[2017-02-13 17:59:50] tenho o protótipo do v1 jogado em algum lugar aqui do lab, bem asqueroso
[2017-02-13 18:02:04] photo: /home/felipe/devel/github_tvdstaaij/telegram-history-dump/output/media/Garoa_Hacker_Clube_(Público)/download_803116954_5448.jpg
[2017-02-13 18:02:10] attiny deadbug !!!!!
[2017-02-13 18:04:59] o problema de fazer uma placa equivalente com o max é que a pinagem dele é louca pra matriz, ao contrário dos pinos programáveis do atmega que ajudam o layout da placa
[2017-02-13 18:05:22] com o max provavelmente teria que usar placa de 2 camadas
[2017-02-13 18:06:36] haha essa foto do módulo da institutodigital é roubartilhada do DX
[2017-02-13 18:06:39] tem watermark
[2017-02-13 18:11:35] Este instituto digital.... e também não emitem nota fiscal.
[2017-02-13 18:11:52] que bonito hein
[2017-02-13 18:16:53] document: /home/felipe/devel/github_tvdstaaij/telegram-history-dump/output/media/Garoa_Hacker_Clube_(Público)/download_4976548858931707906.webp
[2017-02-13 18:17:43] Se não tiver portas suficientes dá para usar I2C ou SPI...
[2017-02-13 18:19:58] Precisa de 16 I/Os para a matriz de 8x8. Se for usar um expansor de I/O, aquela placa com o display e um MAX7219 é mais simples.
[2017-02-13 18:21:43] Mas eles tem os "Kits Standalone". Não gosto muito do projeto (para gravar o ATmega precisa lidar um cabo FTDI nos pinos dos conectores de shield), mas é única opção deste tipo em loja. A alternativa que eu conheço é o Franzino, mas acho que não é comercializado de forma sistemática.
[2017-02-13 18:25:02] As placas que eu uso (o WeMos D1 mini) tem menos I/O que isto. O ESP8266 em si 
tem 16 I/O digitais.
[2017-02-13 18:26:41] O WeMos D1 mini tem 11 digitais e 1 analógica, se não me falha a memória...
[2017-02-13 18:27:54] Para ser mais preciso (acabei de conferir) são 11 se você usar a serial como digital. Na placa estão marcadas como D0 a D8, A0, Rx e Tx.
[2017-02-13 18:28:06] eu uso mais de 16 i/os, porque também tem os botões
[2017-02-13 18:30:05] a idéia do v3 já era mesmo a de usar o max com o esp
[2017-02-13 18:34:35] Se quiser simplificar mais, usa um TM1638.
[2017-02-13 18:36:25] não conhecia, mas parece excessivo tudo isso de inputs haha
[2017-02-13 18:37:45] Não sei aonde compra este chip. Tenho uma palca da DX que usa ele para controlar 8 botões, 8 displays de 7 segmentos e mais 8 LEDs bicolores.
[2017-02-13 18:39:23] photo: /home/felipe/devel/github_tvdstaaij/telegram-history-dump/output/media/Garoa_Hacker_Clube_(Público)/download_804206619_6984.jpg
[2017-02-13 18:39:41] Alguém aqui ainda usa IRC por aqui?
[2017-02-13 18:39:47] (esta foto é minha, não é kibada da DX)
[2017-02-13 18:39:48] alguém ainda usa
[2017-02-13 18:40:35] irc.freenode.net #garoa
[2017-02-13 18:40:44] tá na wiki
[2017-02-13 18:40:52] i know
[2017-02-13 18:40:58] mas n tem ninguém falando lá hehe
[2017-02-13 18:41:02] nunca tem
[2017-02-13 18:41:06] mas tem idlers
[2017-02-13 18:41:12] que é tipo 90% do que o irc é
[2017-02-13 18:42:00] Nos bons tempos dava para acessar direto de dentro da wiki. Eu usava também uma extensão para o Firefox.
[2017-02-13 18:42:41] Wow
[2017-02-13 18:43:54] Eu entrei agora pouco pra falar com alguém do Noisebridge, tem um tanto de gente online, mas ninguém fala nd
[2017-02-13 18:44:08] chama idling isso
[2017-02-13 18:44:17] achei outro vídeo https://twitter.com/lana_chan_/status/770850474606075905
[2017-02-13 18:45:11] uhnn, vivendo e aprendendo
[2017-02-13 18:45:21] tá no git, gente!! vamo lá, quero ver todo mundo fazendo o seu !!!
[2017-02-13 18:46:27] Só chamar que falo...
[2017-02-13 18:47:34] infelizmente a bateria do meu broche em particular (que é encaixada em um header) caiu em alguma rua de paris sem eu perceber (estava andando com ele ligado) e por lá ficou
[2017-02-13 18:47:38] e eu ainda não montei outra
[2017-02-13 18:48:22] um problema de usar o atmega e fazer direct-driving é que consome uma tensão maior, precisa de 2 baterias de 3v pra ligar
[2017-02-13 18:48:41] o v1 com o attiny e o max fazendo o driving ligava com 3v, ou seja, só uma bateria
[2017-02-13 20:21:06] photo: /home/felipe/devel/github_tvdstaaij/telegram-history-dump/output/media/Garoa_Hacker_Clube_(Público)/download_275799624105590906.webp
[2017-02-13 21:09:01] photo: /home/felipe/devel/github_tvdstaaij/telegram-history-dump/output/media/Garoa_Hacker_Clube_(Público)/download_803709985_43805.jpg
[2017-02-13 21:12:50] River Raid no MAME online do Internet Archive https://archive.org/details/atari_2600_river_raid_1982_activision_carol_shaw_ax-020_ax-020-04
[2017-02-13 21:12:55] Alguém sabe como atira?
[2017-02-13 21:13:20] 'asking for a friend'
[2017-02-13 21:15:43] ctrl
[2017-02-13 21:16:13] c b/w switch, 1 game select e 2 game reset
[2017-02-13 21:16:17] (achei fuçando)
[2017-02-13 21:18:39] :) tks - vou testar
[2017-02-13 21:25:31] :) funciona. Tinha achado o 1 e o 2... tem uns menus ilegíveis no TAB (no meu browser ilegíveis pelo menos)
[2017-02-13 21:25:53] Obrigado.
[2017-02-13 21:49:17] games antigos <3
[2017-02-13 21:55:49] Que CS acham dum campeonato de games antigos no garoa ? Sei lá, um Street Fighter de rodoviária, qualquer coisa assim que não seja Tetris pra Erin não nos humilhar muito....
[2017-02-13 21:58:10] Eu ouvi sf2???
[2017-02-13 21:58:11] document: /home/felipe/devel/github_tvdstaaij/telegram-history-dump/output/media/Garoa_Hacker_Clube_(Público)/download_118535303458718313.webp
[2017-02-13 22:00:20] document: /home/felipe/devel/github_tvdstaaij/telegram-history-dump/output/media/Garoa_Hacker_Clube_(Público)/download_694481660414001267.webp
[2017-02-13 22:00:27] 😂
[2017-02-13 22:01:14] Não, SF de rodoviária, q vc pode trocar os boneco no meio e dar super Hadouken que preenche a tela toda.... Hahah
[2017-02-13 22:01:44] document: /home/felipe/devel/github_tvdstaaij/telegram-history-dump/output/media/Garoa_Hacker_Clube_(Público)/download_694481660414001291.webp
[2017-02-13 22:02:06] Melhores stickers
[2017-02-13 22:02:49] acho que nunca concordei tanto com um sticker do que esse bom dia pra quem
[2017-02-13 22:02:50] ahahah
[2017-02-13 22:08:30] dérreau os royalties pra usar
[2017-02-13 22:09:31] Pode pagar em cerveja?
[2017-02-13 22:10:11] pilsen não pode
[2017-02-13 22:11:14] Ui, sommelier de cerveja
[2017-02-13 22:11:34] de Guinness pra cima só
[2017-02-13 22:11:54] Cervejeira Nutella
[2017-02-13 22:12:25] document: /home/felipe/devel/github_tvdstaaij/telegram-history-dump/output/media/Garoa_Hacker_Clube_(Público)/download_694481660414001179.webp
[2017-02-13 22:12:30] hahaha
[2017-02-13 22:12:30] fez a piada antes de mim
[2017-02-13 22:12:36] Hahahahs
[2017-02-13 22:12:45] hahahaha
[2017-02-13 22:12:55] document: /home/felipe/devel/github_tvdstaaij/telegram-history-dump/output/media/Garoa_Hacker_Clube_(Público)/download_694481660414001179.webp
[2017-02-13 22:22:25] que esso rapa! fala isso pq ainda não tomou umas pilsen artesanal daqui da região de BH
[2017-02-13 22:22:26] hahahah
[2017-02-13 22:23:10] repito:
[2017-02-13 22:23:13] document: /home/felipe/devel/github_tvdstaaij/telegram-history-dump/output/media/Garoa_Hacker_Clube_(Público)/download_71790434187216355.webp
[2017-02-13 22:23:55] tsc tsc tsc...
[2017-02-13 22:43:26] quero
[2017-02-13 22:45:40] https://www.youtube.com/watch?v=nduMTX86Zl0
[2017-02-13 23:03:56] Sempre quis um desses :(
[2017-02-13 23:04:34] compra ué
[2017-02-13 23:04:51] Tem no BR?
[2017-02-13 23:04:58] Aqui em casa não chega mais nada da China.
[2017-02-13 23:05:05] document: /home/felipe/devel/github_tvdstaaij/telegram-history-dump/output/media/Garoa_Hacker_Clube_(Público)/download_803118870_5530.jpg
[2017-02-13 23:05:13] alguém nunca foi na santa ifigênia
[2017-02-13 23:05:47] Fui! E é um perigo andar por lá, semana retrasada perdi 900 pilas em uma fonte nova na LCV.
[2017-02-13 23:05:57] eu vi um cara usando na Campus mano, queria mt fazer, pq daqui a pouco os eventos tds vão ter badges assim, mais facil ter uma universal kkk
[2017-02-13 23:05:59] Já tava quase levando uma estação de solda Metcal para casa também UAHAHA
[2017-02-13 23:06:21] o cara mora no Rio e vem falar de perigo em Sampa kkk
[2017-02-13 23:06:33] Claro que não!
[2017-02-13 23:06:38] O perigo é eu sair pobre daquela loja.
[2017-02-13 23:06:47] Ai é uma maravilha, muito mais seguro que o Rio
[2017-02-13 23:07:12] https://pt.aliexpress.com/item/B729-R-red-color-LED-name-badg-Name-card-LED-display-screen-Taking-on-the-upper/974775483.html
[2017-02-13 23:07:44] Achei no ML! http://produto.mercadolivre.com.br/MLB-787056724-mini-display-led-painel-eletronico-letreiro-precos-cracha-_JM?source=gps valeu Erin
[2017-02-13 23:08:03] mano por R$60 cê leva o meu haha
[2017-02-13 23:09:01] foi o que me custou fazer o broche hacker
[2017-02-13 23:09:11] hahaha, eu não tô comprando mais nada na China por correio normal, então vale a pena.
Tem coisa minha que já passou dos 6 meses e pedi refund. No Rio é foda conseguir receber as encomendas.
[2017-02-13 23:25:09] perguntei se alguém sabia sobre o Garoa no IRC do #noisebridge ai alguém disse que conheceu o @fsanches :D
[2017-02-13 23:25:42] LOL
[2017-02-13 23:25:47] quem?
[2017-02-13 23:26:13] froggytoad
[2017-02-13 23:26:21] nao sei quem é...
[2017-02-13 23:26:31] kkk
[2017-02-13 23:26:43] pelo apelido é dificil saber quem é o sapo-perereca
[2017-02-13 23:26:48] aparece lá, tentei falar do seu projeto do patinho feio, mas n sei se eles entenderam
[2017-02-13 23:30:14] Ugly Little Duck? É... desconfio que não entenderam...
[2017-02-13 23:30:37] exatamente kkk
[2017-02-13 23:32:13] photo: /home/felipe/devel/github_tvdstaaij/telegram-history-dump/output/media/Garoa_Hacker_Clube_(Público)/download_803110220_23594.jpg
[2017-02-13 23:32:28] hackaponey soy yo, na deepweb
[2017-02-13 23:32:29] :P
[2017-02-13 23:40:06] Ugly Duckling
[2017-02-13 23:40:08] hahaha
[2017-02-13 23:40:29] mas mesmo assim jamais compreenderiam sem uma explicação mais explícita
[2017-02-13 23:47:40] É tipo a Vida Real...
Conhecido como Guisso, para os íntimos, Hackaponey === Princesa Poney Puff
[2017-02-13 23:49:26] Meu nick leva varias referencias, os poneys malditos são uma delas :P
[2017-02-13 23:49:51] A tá
[2017-02-13 23:49:59] Senta lá, Guisso
[2017-02-13 23:51:05] vou é deita, tinha um ; me tirando do serio aqui, agora q tudo rodou bunito, vou deixar assim, amanha volto com o resto da magica
[2017-02-13 23:51:17] document: /home/felipe/devel/github_tvdstaaij/telegram-history-dump/output/media/Garoa_Hacker_Clube_(Público)/download_246108729936707762.webp
[2017-02-13 23:51:37] acabei de lembrar de uma coisa
[2017-02-13 23:52:15] document: /home/felipe/devel/github_tvdstaaij/telegram-history-dump/output/media/Garoa_Hacker_Clube_(Público)/download_694481660414001313.webp
[2017-02-13 23:52:22] Ri demais kkk
[2017-02-13 23:54:53] document: /home/felipe/devel/github_tvdstaaij/telegram-history-dump/output/media/Garoa_Hacker_Clube_(Público)/download_1017056703893471729.webp
[2017-02-13 23:57:40] Lint, viado! 
Bota uma tarefa de lint no Gulp!
[2017-02-13 23:58:01] Jshint com reporter padrão mesmo
[2017-02-13 23:59:17] Na verdade foi pior q um ;
[2017-02-13 23:59:34] É que não quero passar vergonha aqui
[2017-02-13 23:59:43] Não passou no lint
