[2018-03-24 00:03:30] Ainda sobre FB e Privacidade: https://twitter.com/CNBC/status/977306332436017153
[2018-03-24 00:05:09] https://twitter.com/CNBC/status/977285104677433344
[2018-03-24 15:01:15] Tem alguém dentro do garoa?
[2018-03-24 15:01:23] A campainha está funcionando?
[2018-03-24 15:04:13] /status
[2018-03-24 15:04:44] document: /home/felipe/devel/github_garoa/Telegram_logs_Garoa_Hacker_Clube_Publico/media/Garoa_Hacker_Clube_(Público)/download_392500551327154193.webp
[2018-03-24 15:05:16] Segundo o @garoahc_bot, tá aberto
[2018-03-24 15:05:23] acho que ele não funciona dentro do grupo
[2018-03-24 15:05:45] Na wiki está aberto
[2018-03-24 15:32:51] /status
[2018-03-24 15:33:11] /status
[2018-03-24 15:33:22] /status
[2018-03-24 15:33:30] document: /home/felipe/devel/github_garoa/Telegram_logs_Garoa_Hacker_Clube_Publico/media/Garoa_Hacker_Clube_(Público)/download_244604348921808892.webp
[2018-03-24 15:33:43] document: /home/felipe/devel/github_garoa/Telegram_logs_Garoa_Hacker_Clube_Publico/media/Garoa_Hacker_Clube_(Público)/download_532531981418758385.webp
[2018-03-24 15:33:47] Hahahahaha
[2018-03-24 15:38:15] Estou aqui na porta
[2018-03-24 15:43:13] Isaac Pessoa joined
[2018-03-24 15:43:19] Boa tarde!
[2018-03-24 17:50:55] Alguém planeja vir pra cá ainda hoje?
[2018-03-24 17:53:41] To querendo, um pouco mais tarde, como que taí?
[2018-03-24 18:01:09] 4 pessoas por enquanto
[2018-03-24 18:02:19] Eu... estou quase chegando...
[2018-03-24 18:02:31] Boaaaaa
[2018-03-24 18:02:35] Estou esperando
[2018-03-24 18:05:34] Rapaziada do CTF têm chegado mais tarde
[2018-03-24 18:06:41] Dia 07/04 haverá o envasamento da prox remessa de breja
[2018-03-24 18:10:09] Eu que acordei cedo demais hahaha
[2018-03-24 18:17:18] Estou preparado para virar a noite, hoje...
[2018-03-24 18:22:33] Preciso ver aqui, ver se nao está rolando uns transitos infernais de show tbm
[2018-03-24 18:34:33] Cheguei... alguém pode abrir o portão para mim? Ainda não peguei a chave nova...
[2018-03-24 18:35:07] @ianffcs Fellype
[2018-03-24 18:35:32] Eu não tô lá ainda
[2018-03-24 18:35:36] Vou demorar um pouco
[2018-03-24 18:36:39] Beleza...
[2018-03-24 18:37:02] @tiagonaoexiste, está no Garoa?
[2018-03-24 18:46:37] Desculpa, vi agora
[2018-03-24 18:46:40] Indo ae
[2018-03-24 19:50:51] Aguardando ansiosamente o depois
[2018-03-24 21:03:26] Faltou você aqui @Gutemhc
[2018-03-24 21:12:37] Owwwnnnn
[2018-03-24 21:12:45] Valeu a lembrança!
[2018-03-24 21:15:47] Tão hackiando a p*rra toda aí?
[2018-03-24 21:31:26] Só os hackudão aqui...
