[2017-08-26 00:00:50] Esse Ultra Spiritual é muito engraçado
[2017-08-26 00:02:46] Boa noite a todos, alguem sabe o que tem amanha no garoa? Nunca fui la,
Sou iniciante e curioso e se eh um
Bom dia para aparecer
[2017-08-26 00:44:14] fique de olho no site do Garoa. Lá tem um ícone indicando ABERTO ou FECHADO. O ícone é atualizado com base em um sensor em uma das portas do clube.
[2017-08-26 00:44:21] Se tiver aberto, cola lá!
[2017-08-26 00:45:20] Parece que vai rolar uma atividade no FabLab da Galeria Olido amanhã, então talvez seja mais interessante vocÊ ir direto pra lá e deixar pra conhecer o Garoa outro dia. O pessoal do Garoa vai estar em peso lá no Fab Lab amanhã apresentando projetos.
[2017-08-26 00:45:27] Tipo uma feira de ciências
[2017-08-26 01:14:33] De 9h até 13h vamos mostrar uns projetos no fablab da galeria Olido.  Depois vamos voltar no garoa, trazer os projetos de volta, e talvez um povo fique por lá à tarde
[2017-08-26 01:15:39] Obrigado... vou vendo onde estao.
[2017-08-26 06:27:51] https://youtu.be/LL5FKJSI4Pk
[2017-08-26 06:28:55] Ontem teve café reparo no Garoa arrumaram um MSX
[2017-08-26 07:57:56] Poxa! Que legal que o CRT também voltou a funcionar :-D
[2017-08-26 09:19:35] Está lá rodando na bancada ainda
[2017-08-26 12:07:36] photo: /home/felipe/devel/github_tvdstaaij/telegram-history-dump/output/media/Garoa_Hacker_Clube_(Público)/download_804740180_101820.jpg
[2017-08-26 12:08:07] photo: /home/felipe/devel/github_tvdstaaij/telegram-history-dump/output/media/Garoa_Hacker_Clube_(Público)/download_804725947_3466.jpg
[2017-08-26 12:08:26] photo: /home/felipe/devel/github_tvdstaaij/telegram-history-dump/output/media/Garoa_Hacker_Clube_(Público)/download_804721730_27877.jpg
[2017-08-26 12:08:50] photo: /home/felipe/devel/github_tvdstaaij/telegram-history-dump/output/media/Garoa_Hacker_Clube_(Público)/download_803112460_139258.jpg
[2017-08-26 12:09:11] photo: /home/felipe/devel/github_tvdstaaij/telegram-history-dump/output/media/Garoa_Hacker_Clube_(Público)/download_804723450_4542.jpg
[2017-08-26 14:47:15] Que dahora
[2017-08-26 15:39:06] Segue o link para a apresentação do Tulio sobre docker:
[2017-08-26 15:39:08] http://slides.com/tuliomonteazul/canary-release-com-kubernetes-e-traefik#/4
[2017-08-26 19:16:04] Explica aí o que é esse aqui?
[2017-08-26 21:47:00] https://twitter.com/existentialcoms/status/901515873923420160
