[2017-06-09 00:40:05] photo: /home/felipe/devel/github_tvdstaaij/telegram-history-dump/output/media/Garoa_Hacker_Clube_(Público)/download_858174108288942870.webp
[2017-06-09 01:13:25] document
[2017-06-09 04:58:31] https://motherboard.vice.com/en_us/article/the-first-text-adventure-game-ever-is-finally-open-source
[2017-06-09 07:33:01] Bom dia, respondido
[2017-06-09 12:07:54] @Latex_lin
[2017-06-09 12:28:55] Opa parece que ja vai alguem
[2017-06-09 12:33:50] @fsanches kkkkk ouvindo podcast e o julio neves diz que o apelido do patinho feio era hulk, pq era muito mais feio com um pato
[2017-06-09 13:39:24] @Latex_lin cara então não precisa.mais eu já estou aki.no.Centro senão vou embora j)
[2017-06-09 13:39:59] Blzzzz
[2017-06-09 13:40:02] Precisa nao
[2017-06-09 13:40:19] Obrigado
[2017-06-09 13:53:46] document: /home/felipe/devel/github_tvdstaaij/telegram-history-dump/output/media/Garoa_Hacker_Clube_(Público)/download_589936938044096515.webp
[2017-06-09 15:28:03] https://www.youtube.com/watch?v=IngelKjmecg
[2017-06-09 15:28:16] (leva uns 5 minutos pra ficar REALMENTE interessante)
[2017-06-09 15:38:15] Juca, FANTÁSTICO!!! Não conhecia essa competição. Muito massa!!!
[2017-06-09 15:54:23] Que show isso!
[2017-06-09 15:55:04] Machine Learning?
[2017-06-09 16:30:25] não... meio q isso é bruteforce
[2017-06-09 16:31:34] Tem uma outra categoria que parece bem interessante também. Os famosos seguidores de linha. https://www.youtube.com/watch?v=LHGr-S8UoDM
[2017-06-09 16:41:14] Oi
[2017-06-09 16:42:41] O garoa abre hj?
[2017-06-09 16:43:00] qual vai ser a atividade de hoje?
[2017-06-09 16:43:06] Não sei
[2017-06-09 16:43:14] Eu queria saber se vão abrir hj
[2017-06-09 16:43:48] ah! vi no site agora
[2017-06-09 16:44:07] coincidentemente estávamos falando aqui sobre robôs :-)
[2017-06-09 16:44:37] eu vou pra lá
[2017-06-09 16:44:46] mais só umas 20
[2017-06-09 16:46:04] Obrigado, vlw gente
[2017-06-09 16:46:22] =P
[2017-06-09 16:47:44] Ian, o site do Garoa tem um ícone que indica se o espaço está aberto ou fechado
[2017-06-09 16:48:01] baseado em um sensor que instalamos em uma das portas do hackerspace
[2017-06-09 16:48:59] Ian, quais são os seus interesses ? Já respondeu essa pesquisa sobre o hackerspace ?
[2017-06-09 16:53:52] Leandro . joined
[2017-06-09 16:53:53] Hi Leandro !
[2017-06-09 17:08:49] Galera, vai rolar um meetup aqui na empresa dia 19 desse mes, é aberto e tem 65 vagas ainda.... segue link
https://www.meetup.com/pt-BR/dev_talk/events/240360503/
[2017-06-09 17:15:39] po, já travo só em ter login ahahah vai que
[2017-06-09 19:21:26] Livros gratuitos de Machine Learning:

1 - Building Machine Learning Systems with Python:
https://www.packtpub.com/packt/free-ebook/python-machine-learning-algorithms

2 - What You Need to Know about Machine Learning:
https://www.packtpub.com/packt/free-ebook/what-you-need-know-about-machine-learning2

3 - Practical Data Analysis:
https://www.packtpub.com/packt/free-ebook/practical-data-analysis

Fonte: https://www.packtpub.com/books/content/free-machine-learning-ebooks
[2017-06-09 20:07:14] Estou tentando juntar a comunidade de Guarulhos e região (Zona Norte, Zona Leste, e cidades vizinhas) quem puder divulgar, assim que atingir um número legal de interessados marcaremos a data do primeiro meetup.  https://www.meetup.com/pythonguarulhos/
[2017-06-09 20:09:43] 👍
[2017-06-09 20:30:56] https://realpython.com/blog/python/face-recognition-with-python/
[2017-06-09 20:41:56] alguem viu essa noticia? : http://makezine.com/2017/06/09/free-arduino/
[2017-06-09 20:45:14] valeu
[2017-06-09 20:46:02] document: /home/felipe/devel/github_tvdstaaij/telegram-history-dump/output/media/Garoa_Hacker_Clube_(Público)/download_1842540969984065.webp
[2017-06-09 20:49:33] document: /home/felipe/devel/github_tvdstaaij/telegram-history-dump/output/media/Garoa_Hacker_Clube_(Público)/download_826459275206328386.webp
[2017-06-09 20:53:35] 👍
[2017-06-09 20:55:13] Por isso que eu sempre chamei de Arduíno, e não Genuíno. 😜
[2017-06-09 20:55:41] Rsrsrsrs
[2017-06-09 21:51:09] Vou responder aqui! 👍
