[2017-07-05 00:02:55] Faz assim olha na rome quando esta aberto o garoa e vai la ai batemos un papo
[2017-07-05 00:12:27] Quinta ou sexta é maior a chance de haver gente no garoa
[2017-07-05 00:12:41] Eventos maiores serão amplamente divulgadoa
[2017-07-05 00:25:41] Amanhã, no caso hj tem BioHakcing introdução
[2017-07-05 00:34:36] opa, que horas?
[2017-07-05 00:36:16] 19
[2017-07-05 10:13:57] Qual foi a dificuldade? O feedback e é bem importante para podemos melhorar o site. Para nós, que lidamos no site diariamente, nos parece óbvio que a lista de próximos eventos esteja na home page, aqui:
[2017-07-05 10:14:04] photo: /home/felipe/devel/github_tvdstaaij/telegram-history-dump/output/media/Garoa_Hacker_Clube_(Público)/download_804740873_55950.jpg
[2017-07-05 10:14:57] Ou no menu lateral, no link Eventos
[2017-07-05 10:30:32] Silton Renato joined
[2017-07-05 10:30:32] Hi Silton !
[2017-07-05 10:46:01] da hora! 👍
[2017-07-05 11:57:49] Gil joined
[2017-07-05 11:57:50] Hi Gil !
[2017-07-05 13:35:28] Obrigado galera, eu q não tinha percebido. Desculpe! Darei uma passada aí. Obrigadao galera pela atenção
[2017-07-05 14:57:49] como fazemos para fazer mais projetos completarem e menos morrerem no caminho
?  atualizar sempre a pagina de "projetos" e usar mais ajudaria
[2017-07-05 14:58:48] https://garoa.net.br/wiki/Categoria:Projetos
[2017-07-05 15:03:23] Pedro Lima joined
[2017-07-05 15:03:24] Hi Pedro !
[2017-07-05 15:36:15] Fala galera!! Hj tem Introdução BioHacking no Garoa as 19:00, depois vai ter um bolo e brigadeiro pra nossa amiga Jujuba, não vou cobrar de ninguém, mas sejam solidários, se quiser bolo, leve refri ou uma graninha ou um presente pra ela, não esqueça da regra do principal do Garoa: "Be excellent to each other"
[2017-07-05 16:35:33] http://where.coraline.codes/blog/my-year-at-github/
[2017-07-05 17:21:37] Tem um monte de presentes legais no Garoa nas doações da bit9. Serve? :D
[2017-07-05 18:03:49] Galera do data science
[2017-07-05 18:03:54] Chegando q hrsM
[2017-07-05 18:03:56] ?
[2017-07-05 18:05:45] Galera, podem me passar alguns projetos de software livre que vocês tem trabalhado? Pretendo fazer um post no blog falando sobre projetos de sl que tem rolado na comunidade!
[2017-07-05 18:14:12] Eu trabalho profissionalmente no FontBakery: https://github.com/googlefonts/fontbakery/
[2017-07-05 18:14:56] E voluntariamente contribuo código ao MAME: https://github.com/mamedev/mame
[2017-07-05 18:14:57] mamedev | mame

MAME

Language: C++
Forks: 554
Stars: 2298
Issues: 148
[2017-07-05 18:16:24] No passado contribuí com diversos outros projetos, dentro os quais está o Inkscape. Fui membro ativo do time de desenvolvimento por alguns anos a partir de 2007. E hoje em dia tenho dedicado uma parte do meu tempo no trabalho contribuindo profissionalmente com o projeto: https://forum.fiozera.com.br/t/suporte-a-opentype-variable-fonts-no-inkscape/115
[2017-07-05 18:18:59] era isso mesmo que queria mano!!!
[2017-07-05 18:22:25] Meu github é uma bagunça colossal, mas talvez seja mero reflexo da minha cabeça meio atormentada: http://github.com/felipesanches/
[2017-07-05 19:03:54] Daqui a pouco estaremos ao vivo falando sobre #DataScience e #MachineLearning no #castalio participe ao vivo as 20h

https://www.youtube.com/watch?v=nUDF4dA5pvs
[2017-07-05 19:30:02] Isso é o ritmo natural das coisas... projetos nascem e morrem. Nós não somos fábrica que tem q fazer sempre o mesmo projeto
[2017-07-05 19:55:04] Parem de mínimo e venham compartilhar conhecimento e comer bolo
[2017-07-05 19:55:05] Bjos
[2017-07-05 20:29:10] Machine Learn e BioHacking no Garoa 😍😍😍
[2017-07-05 20:29:15] photo: /home/felipe/devel/github_tvdstaaij/telegram-history-dump/output/media/Garoa_Hacker_Clube_(Público)/download_803115287_84434.jpg
[2017-07-05 20:29:17] photo: /home/felipe/devel/github_tvdstaaij/telegram-history-dump/output/media/Garoa_Hacker_Clube_(Público)/download_803113299_84193.jpg
[2017-07-05 20:29:18] photo: /home/felipe/devel/github_tvdstaaij/telegram-history-dump/output/media/Garoa_Hacker_Clube_(Público)/download_803115684_83445.jpg
[2017-07-05 20:29:19] photo: /home/felipe/devel/github_tvdstaaij/telegram-history-dump/output/media/Garoa_Hacker_Clube_(Público)/download_803110689_107170.jpg
[2017-07-05 20:34:21] 5 minutos para a terceira tentativa: http://www.spacex.com/webcast
[2017-07-05 20:35:23] Ante-ontem e no dia anterior a contagem regressiva parou automaticamente quando faltavam 9 segundos para o lançamento... Vamos ver se isso acontece de novo hoje, ou se passa desse ponto e lança o foguete!
[2017-07-05 20:43:56] Saiu post novo no Blog! Divulgando projetos que estão acontecendo na comunidade de Software Livre em geral!
Caso queira divulgar o seu projeto, basta entrar em contato comigo! @vinimlo

Saiba mais em: http://bit.ly/2urf9yX
[2017-07-05 20:45:54] Afe, perdi...
[2017-07-05 20:48:03] até agora tudo certo
[2017-07-05 20:48:36] tem ainda que fazer uma segunda ativação do motor do segundo estágio para a correta inserção orbital do satélite
[2017-07-05 20:48:44] vai acontecer daqui uns 15 minutos
[2017-07-05 20:48:59] e depois tem que soltar o satélite também
[2017-07-05 20:49:19] no momento que o satélite soltar na órbita correta, dá pra festejar :-)
[2017-07-05 20:50:14] 👍
[2017-07-05 20:51:26] "o MAME absorveu o MESS da irmã MESS" Essa frase ficou bem ruim
[2017-07-05 20:51:51] sugiro corrigir para: "o MAME absorveu o seu projeto-irmão MESS"
[2017-07-05 20:52:13] valeu!
[2017-07-05 20:52:22] corrigindo agora
[2017-07-05 20:53:02] feito
[2017-07-05 20:58:05] 👍
[2017-07-05 21:08:20] por algum motivo o internet achive não está conseguindo fazer uma cópia dessa página: https://web.archive.org/save/https://blognulinux.com/blog/divulgando-projetos-de-software-livre-1
[2017-07-05 21:23:06] Aqui deu um aviso de conexão insegura, será que não pode ser isso?
[2017-07-05 21:54:38] https://www.youtube.com/watch?v=5B2hn6bF4Nw
[2017-07-05 23:16:26] Mame arcade minha nossa
[2017-07-05 23:16:34] Fez minha alegria por muito tempo
[2017-07-05 23:17:02] Eu usava ele com um front end feito por sei lá quem que funcionava muito bem
[2017-07-05 23:20:15] Oxe, como assim? Não manjo muito disso
[2017-07-05 23:20:37] O dominio é apontado por servidores do Software livre org, não sei se tem algo nisso
[2017-07-05 23:24:09] https://web.archive.org/save/http://blognulinux.com/blog/divulgando-projetos-de-software-livre-1
[2017-07-05 23:24:14] Era o protocolo
[2017-07-05 23:24:22] Não tá com https ainda, preciso ver isso
