[2017-10-31 00:00:41] Curtindo um SynthWave... https://www.youtube.com/watch?v=ha-AOrud13k
[2017-10-31 00:26:00] Descobri isso e achei q pode interessar a alguns: https://www.math.ias.edu/files/mathandcomp.pdf
[2017-10-31 00:26:50] muito bom
[2017-10-31 00:38:12] Setlist completo: https://soundcloud.com/electronicgems
[2017-10-31 07:26:33] Pessoas, bom dia. Alguém sabe onde posso conseguir um Arduino mega (ou clone) a pronta entrega ou via ML que eu consiga retirar? Valeu!!
[2017-10-31 07:50:39] A pronta entrega creio que conheço apenas em BH...

Caso queira vejo confirmo lá
[2017-10-31 08:05:14] Falha minha, esqueci de falar que to em sampa. Sera que o sedex chega ate sabado?
[2017-10-31 08:21:36] https://www.projetoarduino.com.br
[2017-10-31 08:22:20] Tem entrega de 5 e 2 dias úteis.
Depende do frete
[2017-10-31 10:11:30] document: /home/felipe/devel/github_tvdstaaij/telegram-history-dump/output/media/Garoa_Hacker_Clube_(Público)/download_804728910_34828.jpg
[2017-10-31 10:12:17] Aqui no trabalho, me encaminharam um chamado alegando... que o BD está triste...
[2017-10-31 10:12:39] photo: /home/felipe/devel/github_tvdstaaij/telegram-history-dump/output/media/Garoa_Hacker_Clube_(Público)/download_805509452_50434.jpg
[2017-10-31 10:58:06] Você é de SP? Tenta nesse numero. Eu geralmente encontro a pessoa na catraca do metro sta cruz. 011 94861-8388
[2017-10-31 11:12:47] 🤣🤣🤣🤣🤣🤣🤣🤣🤣🤣🤣
[2017-10-31 11:13:18] Em SP tem a Robocore
[2017-10-31 11:14:01] Não exatamente em SP 😅 mas se ir até o local não for problema... pode ser uma alternativa também
[2017-10-31 11:49:11] photo: /home/felipe/devel/github_tvdstaaij/telegram-history-dump/output/media/Garoa_Hacker_Clube_(Público)/download_804727144_36175.jpg
[2017-10-31 12:13:19] kkkkkkkkkk
[2017-10-31 12:16:42] se dinheiro nao for problema na multicomercial tem
[2017-10-31 13:15:52] photo: /home/felipe/devel/github_tvdstaaij/telegram-history-dump/output/media/Garoa_Hacker_Clube_(Público)/download_804726976_35713.jpg
[2017-10-31 14:41:39] alguem ta precisando de um programador freelancer aí ?
[2017-10-31 14:50:16] To precisando de um promador de Brainfuck, tem o perfil?
[2017-10-31 14:50:47] rs. acho que nao
[2017-10-31 14:51:54] imaginei, então posta ai o q vc faz né, fica mais facil alguem dizer se precisa
[2017-10-31 14:52:14] kkkk
[2017-10-31 14:52:16] boa
[2017-10-31 14:53:03] Sou programador java (jee e android), kotlin, python, go, objective-c e swift, alguém precisa de um freelancer aí ? rs. preciso pagar umas contas rs.
[2017-10-31 14:54:46] Vira e mexe aparece alguma vaga no grupo, sempre daquele jeito, pra ontem e com dispo pra viajar
[2017-10-31 14:59:25] quais grupos ?? rs.
[2017-10-31 15:04:17] Aqui, ou se nao for aqui alguem sempre replica
[2017-10-31 15:47:53] £elIs joined
[2017-10-31 15:47:53] Hi £elIs !
[2017-10-31 15:56:09] photo: /home/felipe/devel/github_tvdstaaij/telegram-history-dump/output/media/Garoa_Hacker_Clube_(Público)/download_804725899_54325.jpg
[2017-10-31 16:08:14] eu aceito
[2017-10-31 16:14:52] Pessoal estamos com uma oportunidade para desenvolvedor Android com experiência 5 anos após a graduação em um projeto de pesquisa Fapesp.
[2017-10-31 16:14:52] http://www.fapesp.br/oportunidades/1792
[2017-10-31 16:14:52] Remuneração de R$ 7.174,40 líquidos mensais.
[2017-10-31 16:14:52] Peço para quem tiver interesse encaminhar cv para guilherme@wisoapp.com.br
[2017-10-31 16:46:53] São Caetano...
[2017-10-31 16:49:29] Alguém tem algum contato de algum Sesc?
[2017-10-31 17:04:32] photo: /home/felipe/devel/github_tvdstaaij/telegram-history-dump/output/media/Garoa_Hacker_Clube_(Público)/download_805513288_28869.jpg
[2017-10-31 17:07:28] Acabei de ler um post falando de preço em torno de 8K
[2017-10-31 17:12:18] photo: /home/felipe/devel/github_tvdstaaij/telegram-history-dump/output/media/Garoa_Hacker_Clube_(Público)/download_804729359_37562.jpg
[2017-10-31 17:12:55] 7.799 264gb 👌🏾
[2017-10-31 17:13:55] 😂
[2017-10-31 17:15:05] photo: /home/felipe/devel/github_tvdstaaij/telegram-history-dump/output/media/Garoa_Hacker_Clube_(Público)/download_804726166_35697.jpg
[2017-10-31 17:16:58] Colado e soldado, possibilidade de manutenção/upgrade zero
[2017-10-31 17:22:12] Jornalista vai criticar e criticar depois parcelar e parcelar. heheheheh
[2017-10-31 17:59:04] Ou com o "reconhecimento" fácil kkkkkkkkkk
[2017-10-31 18:47:09] Vi um post onde gemeos identicos conseguem burlar o reconhecimento facial :/
[2017-10-31 19:13:12] Hj tem processing?
[2017-10-31 19:13:17] Já está rolando?
[2017-10-31 19:13:22] Tem muita gente?
[2017-10-31 19:41:34] document: /home/felipe/devel/github_tvdstaaij/telegram-history-dump/output/media/Garoa_Hacker_Clube_(Público)/download_58023844232823849.webp
[2017-10-31 19:46:30] Sempre tem muita gente
[2017-10-31 20:22:02] document: /home/felipe/devel/github_tvdstaaij/telegram-history-dump/output/media/Garoa_Hacker_Clube_(Público)/download_465834832983752959.webp
[2017-10-31 20:32:10] Pessoal, obrigado pelas indicações.
[2017-10-31 20:35:18] https://garoa.net.br/wiki/Quebrando_o_Cerco
[2017-10-31 20:35:29] Sábado
[2017-10-31 20:36:02] Opa, to la (sabado)
[2017-10-31 20:37:17] Pessoal...
O Mercês lançou uma campanha para ter apoiadores do mente binaria, e assim ajudar ele com os custos de manter o canal:
Http://menteb.in/apoie
[2017-10-31 20:46:33] Você acha que rola esse tipo de apoio?
[2017-10-31 20:46:49] Eu não quero cobrar as coisas do Teteus
[2017-10-31 20:47:41] Acho q rola sim, só montar ai e divulgar
[2017-10-31 21:11:47] Valeu!
[2017-10-31 22:15:57] começando agora pessoal https://www.youtube.com/watch?v=lpD9f3dBCJ0
[2017-10-31 22:24:35] document: /home/felipe/devel/github_tvdstaaij/telegram-history-dump/output/media/Garoa_Hacker_Clube_(Público)/download_120138932577894469.webp
[2017-10-31 22:38:26] photo: /home/felipe/devel/github_tvdstaaij/telegram-history-dump/output/media/Garoa_Hacker_Clube_(Público)/download_805513574_28450.jpg
[2017-10-31 23:15:07] BR no hackaday, ai sim

https://hackaday.com/2017/10/30/pull-passwords-out-of-silicon/
[2017-10-31 23:35:03] O pior foi ver um usuário derramar água num desses na empresa que eu estagiava.
