[2016-11-14 02:30:43] Impressão 3D + Luz estrobo
https://www.youtube.com/watch?v=9dJZl2S7fok
[2016-11-14 06:10:42] Valeu!!!
[2016-11-14 12:56:22] https://www.meetup.com/pt-BR/Docker-Sao-Paulo/events/235267786/
[2016-11-14 12:56:39] Encontro Especial de Aniversário de 9 anos do GruPy-SP Sáb 19/11 na FAM http://meetu.ps/31YNpm
[2016-11-14 14:21:58] Marcos Oshiro joined
[2016-11-14 14:21:59] Hi Marcos !
[2016-11-14 15:59:55] Bruno Trivellato added Bárbara Albuquerque
[2016-11-14 15:59:56] Hi Bárbara !
[2016-11-14 16:27:25] Muito errado ese sticker!!!!
[2016-11-14 16:44:16] pffff
[2016-11-14 16:51:17] http://trumpdonald.org/
[2016-11-14 17:00:51] Eu só vou poder ir na RoadSec lá pras 3h da tarde
[2016-11-14 17:00:59] Mas estou pensando em ir assim mesmo
[2016-11-14 17:01:15] Não sei se vou perder muita coisa
[2016-11-14 17:02:15] Eu também, só vou poder ir no Roadsec às 16:30... mas vou mesmo assim...
[2016-11-14 17:02:46] E o esquema do cupom de desconto, tá de pe ainda?
[2016-11-14 17:05:05] Sim, o seguinte cupom está ativo:
PMATDC-CJHIAW

Pode clicar diretamente no link abaixo:
https://www.eventbrite.com/e/roadsec-sp-2016-mega-edicao-de-encerramento-registration-27136763791?discount=PMATDC-CJHIAW
[2016-11-14 17:06:26] Esse é o de 10% de desconto...
[2016-11-14 17:06:49] Espero que o valor valha a pena kkkkk
[2016-11-14 17:07:06] Tenho que ver o horário das palestras
