[2016-09-06 09:19:35] #QuebrandoOCerco a gente poderia falar sobre liberdade de imprensa e repressões na internet, talvez montar um kit anti repressão
[2016-09-06 09:20:42] Tipo com uma distro modificada com tor, irc, httpseverywhere
[2016-09-06 09:45:24] Tem algumas distros assim já hein
[2016-09-06 09:45:32] Só não lembro o nome. Faz tempo que vi.
[2016-09-06 10:12:51] https://en.wikipedia.org/wiki/Tails_(operating_system)
[2016-09-06 10:27:12] "On 3 July 2014, German public television channel Das Erste reported that the NSA's XKeyscore surveillance system contains definitions that match persons who search for Tails using a search engine or visit the Tails website. A comment in XKeyscore's source code calls Tails "a comsec mechanism advocated by extremists on extremist forums".[13][14]"
[2016-09-06 10:42:48] photo
[2016-09-06 10:46:46] @aylons acho que a gente ja esta taaaaaao indexado...
[2016-09-06 10:47:40] basicamente qq um na lista ou coisa do tipo esta a 2 saltos de algum cara de interesse
[2016-09-06 18:21:33] alguém vai no garoa hoje? app diz fechado
[2016-09-06 18:25:21] pretendo passar lá pra levar seu discman, @mynameiserin. tá rolando o synth? é a atividade de hoje.
[2016-09-06 18:25:47] não tem nada na wiki pra hoje
[2016-09-06 18:26:01] acho que vou passar lá agora, tomar umas brejas e espairecer.
[2016-09-06 18:26:31] o synth tá como evento regular... não tá mais rolando?
[2016-09-06 18:26:54] não sei de nada, só vo na caixinha de próximos eventos, e o próximo é de amanhã
[2016-09-06 18:26:57] pena que não posso ficar, mas passo lá de qualquer jeito, se tiver aberto. umas 19h30.
[2016-09-06 18:27:06] pode ser que não marcaram na wiki
[2016-09-06 18:27:25] mais pra baixo aparecem os regulares, acho que na mesma página
[2016-09-06 18:27:29] tô na armênia agora, no trabalho, vou sair daqui a pouco e vou direto pra lá, devo chegar mais ou menos nesse horário
[2016-09-06 18:27:39] blz
[2016-09-06 18:27:47] ah, tendi, não reparei, olhei bem por cima
[2016-09-06 18:30:33] Isso! Estarei lá
[2016-09-06 18:33:44] ae!
[2016-09-06 18:34:44] Tô indo pro Garoa, no máximo até às  20h eu chego lá!
[2016-09-06 19:14:38] garoa aberto
[2016-09-06 19:36:59] tão sabendo que a privada tá solta e a descarga vaza pelo banheiro todo?
[2016-09-06 19:48:55] Estamos chegando, Erick, Regis, Erick, Magno e eu...
[2016-09-06 19:52:04] Logo to aí tb
[2016-09-06 20:03:18] Gente... Como entra no garoa mesmo? Rs
[2016-09-06 20:04:26] primeiro o associado(a) que entra no garoa não esquece de ligar a chave da campainha
[2016-09-06 20:04:52] viva o telegram
[2016-09-06 20:05:17] Hahahaha
[2016-09-06 20:05:20] Obg!
[2016-09-06 20:57:14] YOKO SHIMOMURA: https://www.nexojornal.com.br/expresso/2016/09/06/A-mulher-por-tr%C3%A1s-de-trilhas-sonoras-de-fliperamas-nos-anos-1980
[2016-09-06 21:33:53] Pessoal, quem vai participar do grupo de Kicad amanhã?
[2016-09-06 21:42:23] to com uma vontade de ler um livro no estilo de hackers expostos mais nao acho nenhum....alguem indica um ai
[2016-09-06 21:48:20] Estou de castigo em casa
[2016-09-06 21:49:25] Old stuff. Podemos consertar isso no dia 24.
[2016-09-06 21:50:15] Acho que o @rodrigopitanga  tava entre os envolvidos
[2016-09-06 21:54:40] SIm, pois é! Preciso falar com ele!
[2016-09-06 23:36:55] o/
[2016-09-06 23:37:47] sim, eu to organizando a parada. o Marcelo Campos disse que ia e o Juca acho q estava interessado
[2016-09-06 23:38:12] tenho q dar um salve pros caras do kicad, ta na pilha isso...
