[2016-07-12 00:32:30] 😊
[2016-07-12 11:33:33] Francismar joined
[2016-07-12 11:33:34] Hi Francismar !
[2016-07-12 11:50:48] Gostei
[2016-07-12 11:57:17] eu tenho que me policiar para nao falar "servidor dns"
[2016-07-12 11:59:34] qualquer coisa vc fala que o servidor tem redundância ;)
[2016-07-12 12:12:33] S de DNS é system, não server.
[2016-07-12 12:12:58] que alivio
[2016-07-12 12:50:49] está aberta a temporada de caça aos erros gramaticais?
[2016-07-12 12:56:40] acabou de passar uma reportagem falando disso ;p
[2016-07-12 13:03:58] Não, esta é a sempre aberta temporada de piadas linguísticas.
[2016-07-12 13:13:38] photo
[2016-07-12 13:13:52] Revista Locaweb #50
[2016-07-12 13:14:28] temos fresadoras???
[2016-07-12 13:14:32] sim
[2016-07-12 13:14:50] operantes?
[2016-07-12 13:14:57] sim
[2016-07-12 13:22:44] Acho engraçado como certas palavras acabam importadas, como x-burger
[2016-07-12 13:23:25] Notibuk
[2016-07-12 13:23:26] Etc
[2016-07-12 13:24:57] me incomoda mais como algumas palavras em ingles viram verbo em português. tipo, "settar", "printar", "startar" (essa é horrível)
[2016-07-12 13:25:19] mano, muito mais fácil falar ligar, galera vai lá e inventa startar
[2016-07-12 13:35:00] "um clube de hackerspace que oferece espaço" Puta que pariu! Alguem pode dar uma aula de redaçao pra esse jornalista ?
[2016-07-12 13:46:04] Hahaha, falando em eufemismo...
[2016-07-12 13:48:08] A pior que vi até hoje é 'rolautar'. O pessoal da empresa onde minha esposa trabalha fala assim ao invés de 'vamos fazer o roll-out'. Dói meu ouvido toda vez que ouço...
[2016-07-12 13:49:26] Puxar, em Git, é sempre confuso
[2016-07-12 13:49:46] a-há!
[2016-07-12 13:50:41] http://impulseproject.info/
[2016-07-12 13:54:32] eu evito anglicismos, mas dai a criticar outros por isso...
[2016-07-12 14:04:41] Eu tenho esse costume... não falo "startar", mas recentemente eu "bookei um hostel" em Porto Alegre. Onde trabalho, eles usam muito o termo "asbuiltar", que é entregar um projeto do tipo "as built".
[2016-07-12 14:32:16] Nuss, nem é verbo, né?
[2016-07-12 14:33:14] Verdade, acho que a crítica foi exagerada. Mas não foi direcionada a ninguém em especial. Só me incomoda mesmo (problema meu, né?)
[2016-07-12 15:15:30] E oq vc acha de "startarp" ? 😂
[2016-07-12 15:16:47] super in!
[2016-07-12 15:17:01] https://docs.google.com/forms/d/e/1FAIpQLSe8qg2C-oFTebQp9_NhquAMoV60YA_alsDQj5PlvZtWupTjCw/viewform?c=0&w=1
[2016-07-12 15:17:27] 👆 para professores/educadores, pesquisa que uns amigos meus estão fazendo
[2016-07-12 15:31:22] Esse pessoal ia gostar da e-hal: https://hardwareaberto.org/e-hal/
[2016-07-12 15:32:22] @aylons vou passar pra eles :)
[2016-07-12 17:37:32] Vai chamar HD de disco duro, mouse de rato, monitor de ecrã e site de sítio então.
[2016-07-12 17:39:55] Credo, que discussão chata. Vamos deletar isso?
[2016-07-12 17:42:22] olha... dá pra chamar HD de disco rígido, mouse de ponteiro, e monitor de monitor (ou tela) e site de página
[2016-07-12 17:43:17] agora... se vc for "das antigas" vai dar uma boa gargalhada ao ouvir HD sendo chamado de Winchester 😃 LOL
[2016-07-12 17:43:48] ou ganibete de PC sendo chamado de CPU
[2016-07-12 17:44:00] *gabinete
[2016-07-12 17:44:06] Hackerspace é um anglicismo desnecessário?
[2016-07-12 17:44:55] Ou melhor, temos uma boa tradução?
[2016-07-12 17:45:30] olha... no momento em que um jornalista escreve que o Garoa é "um clube de hackerspace que oferece espaço" eu já não sei mais o que esperar
[2016-07-12 17:45:48] a gente usa muito mais o termo Clube Hacker (ou Hacker Clube) do que hackerspace eu acho
[2016-07-12 17:46:22] afinal de contas, o Garoa Hacker Clube é um clube hacker 😊
[2016-07-12 17:46:38] E hacker?
[2016-07-12 17:47:19] 😊
[2016-07-12 17:47:59] OK.... Clube de Fuçadores Garoa 😊
[2016-07-12 17:48:25] Fuçadores é ótimo =)
[2016-07-12 17:48:45] quando fala em fuçador eu penso na minha cachorrinha
[2016-07-12 17:52:16] 👍
[2016-07-12 18:02:33] hd ser chamado de winchester é tipo chamar amido de milho de maizena
[2016-07-12 18:03:23] pois é... mas era o que os tiozão que venderam 386 pro meu pai falavam naquela época
[2016-07-12 18:03:32] sim, pro meu também
[2016-07-12 18:04:18] não entendo porque, já que o ibm 3340 é um disco só pro system/370
[2016-07-12 18:04:27] não era um hd de pc
[2016-07-12 18:04:44] não sei como o nome pegou. manuais?
[2016-07-12 18:05:08] e ainda davam as instruções de uso. Lembro do dia que o 386 chegou em casa. A demo foi (A) Prince of Persia (B) Alley Cat (C) comandos básicos de navegação e edição de diretórios e arquivos do MS-DOS
[2016-07-12 18:05:35] ah. em casa a gente jogava doom já :P
[2016-07-12 18:06:25] e é claro: (D) as instruções de que TEM QUE RODAR o comando PARK pra "estacionar" o cabeçote da Winchester antes de apertar o botão de desligar a CPU
[2016-07-12 18:07:12] Esses adolescentes...
[2016-07-12 18:07:20] https://www.youtube.com/watch?v=A4WEdtpA5aM
[2016-07-12 18:26:21] Winchester é o nome de um fabricante de armas, e também de um dos modelos que fabricavam, e o barulho que a cabeça de leitura e gravação dos dispositivos da época faziam lembrança muito o som dessa arma engatilhando...
[2016-07-12 18:27:18] Usei muito o park...
[2016-07-12 18:27:31] o ibm 3340 foi dado o codinome de winchester por causa da espingarda winchester 30-30 porque ele foi projetado pra ter 2 discos de 30mb
[2016-07-12 18:27:53] parece que o nome foi usado depois porque os discos fabricados desde então usam "tecnologia winchester"
[2016-07-12 18:28:19] que é como o braço funcionava, que virou padrão
[2016-07-12 18:28:46] https://en.wikipedia.org/wiki/IBM_3340
[2016-07-12 18:32:15] Off-topic:
Cúmulo da distração é procurar desesperadamente por sua mala no aeroporto, sendo que você acaba de despachá-la...
[2016-07-12 18:41:25] me incomoda menos, rs. como disse, quando palavras em inglês viram verbo em português, sendo que existe uma palavra super comum em português significando o mesmo, é que me incomoda mais. mas já tô mais calmo, hehehe.
[2016-07-12 18:42:14] hahaha winchester!
[2016-07-12 18:43:26] alguem no garoa agora que nao abriu a porta?
[2016-07-12 18:43:35] alley cat virou alicate entre os ciclistas
[2016-07-12 18:51:52] Eu estarei no FISL, sábado... vai palestrar no Dumont Hackerspace?
[2016-07-12 18:53:17] document: /home/felipe/devel/github_tvdstaaij/telegram-history-dump/output/media/Garoa_Hacker_Clube_(Público)/download_422091437182550037.webp
[2016-07-12 18:57:44] HAHAHAH
[2016-07-12 18:58:14] vou palestrar sobre o PATO às 9h da manhã do sábado
[2016-07-12 18:58:45] Gente, o que pensam disso? https://www.youtube.com/watch?v=oliAYl6853w
[2016-07-12 19:03:38] acho interessante
[2016-07-12 19:04:05] Acho ótimo
[2016-07-12 19:07:43] O Pedro candidato, vixi
[2016-07-12 19:08:00] melhor maioria com certeza
[2016-07-12 19:09:09] melhor que a*
[2016-07-12 19:15:02] Sabe dizer o partido?
[2016-07-12 19:19:28] Alguém no Garoa?
[2016-07-12 19:23:45] Já descobri.
[2016-07-12 19:31:49] Acho ótimo.
[2016-07-12 19:32:51] Candidatura independente pela Rede Sustentabilidade.
[2016-07-12 20:15:49] photo: /home/felipe/devel/github_tvdstaaij/telegram-history-dump/output/media/Garoa_Hacker_Clube_(Público)/download_802332929_108756.jpg
[2016-07-12 20:15:58] 26/7 19h no Garoa Hacker Clube https://garoa.net.br/wiki/Noite_de_Processing
[2016-07-12 20:25:23] Funciona assim, quem encontrar um bug no convite participa da atividade 1 :)
[2016-07-12 20:27:09] achei!
[2016-07-12 20:28:27] poxa queria participar da ativvidade_0.
[2016-07-12 20:29:42] quem aqui está no Garoa agora?
[2016-07-12 20:30:11] preciso consultar a gaveta do lab de eletrônica pra saber se tem um desses lá: http://static.efetividade.net/img/74hc595n-dscn3898-650px-66990.jpg
[2016-07-12 20:30:13] rsrsrs @gfth4x07 pode participar da atividade que quiser!
[2016-07-12 20:30:46] chip 74xx595 (onde xx pode ser HC como na foto ou pode ser outro par de letras)
[2016-07-12 20:31:23] alguém aqui consegue verificar? Acho que está na gaveta "CIs Diversos" do lab de eletrônica
[2016-07-12 20:56:41] oiê...
[2016-07-12 20:59:25] Vo ver
[2016-07-12 21:02:06] aeee!
[2016-07-12 21:02:51] Tem não
[2016-07-12 21:03:09] 😞
[2016-07-12 21:03:15] eu tenho certeza que tem
[2016-07-12 21:03:26] mas enfim... não quero te abusar
[2016-07-12 21:03:59] Só não tem se acabou
[2016-07-12 21:04:04] talvez o Mike saiba
[2016-07-12 21:04:06] Eu mesmo comprei, há uns seis anos
[2016-07-12 21:04:18] eu vi que tinha semana passada
[2016-07-12 21:04:37] pq eu comprei também
[2016-07-12 21:04:41] só que deixei no Garoa
[2016-07-12 21:04:44] Beleza. Ajudei no que podia
[2016-07-12 21:04:54] é a última peça que falta no Patinho Feio
[2016-07-12 21:04:59] pra terminar de montar
[2016-07-12 21:05:25] eu uso 10 desses e na minha placa padrão já estão 9 soldados
[2016-07-12 21:05:29] só falta um! 😞
[2016-07-12 21:06:16] Tem alguns com 74xxxxx mas não 74xx565
[2016-07-12 21:08:06] 595
[2016-07-12 21:08:22] acho que tem mais de uma gaveta com CIs
[2016-07-12 21:08:40] inclusive tem uma com poucas coisas e acho que é nessa que está
[2016-07-12 21:08:46] talvez na gaveta de placa-padrão
[2016-07-12 21:09:00] ou talvez na gaveta de processadores? vai ver alguém bagunçou
[2016-07-12 21:44:54] acho que temos em algum lugar sim
[2016-07-12 21:45:11] só organizar todo o lab de eletronica que ja encontra na hora
[2016-07-12 21:45:21] 😊
[2016-07-12 21:45:23] to indo aí agora
[2016-07-12 21:45:29] té mais
[2016-07-12 21:49:49] aylons comprou, juca comprou, eu comprei.  mas a parte dificil é organizar pra saber onde esta.
[2016-07-12 21:52:05] bom, amanha as 19h vamos no fablab do centro cultural, na vergueiro.
[2016-07-12 21:53:20] http://fablablivresp.art.br/agora-fab-livre
[2016-07-12 22:39:21] Já tinha saído do garoa
[2016-07-12 23:02:21]  joined
[2016-07-12 23:02:21] Hi Kleber !
[2016-07-12 23:03:48] Ola. Preciso de um bom programador em Arduíno para um projeto. Que more em são Paulo. O projeto eh a automação de uma maquina. Sob precisa fazer o programa.
[2016-07-12 23:04:18] Se souberem de alguem avisem. Obrigado
[2016-07-12 23:17:47] Eu
[2016-07-12 23:19:16] Blz . pode me mandar seu email, assim lhe passo o escopo e vc me dah o preço disso
[2016-07-12 23:52:48] dez milhões de reais em barras de ouro que valem mais que dinheiro
[2016-07-12 23:53:50] dez milhões de reais em bitcoins que valem mais que ouro
[2016-07-12 23:54:00] rá
