[2016-12-07 08:20:35] Alguém conhece alguma alternativa gratuita ao Slack que possa ser instalada em um servidor local?
[2016-12-07 08:36:06] Riot e Rocketchat
[2016-12-07 08:36:35] Obrigado. Vou pesquisar!
[2016-12-07 08:37:25] Alem de ser gratuita é software livre
[2016-12-07 08:46:16] document: /home/felipe/devel/github_tvdstaaij/telegram-history-dump/output/media/Garoa_Hacker_Clube_(Público)/download_706148638425874453.webp
[2016-12-07 08:53:59] photo: /home/felipe/devel/github_tvdstaaij/telegram-history-dump/output/media/Garoa_Hacker_Clube_(Público)/download_803703248_147660.jpg
[2016-12-07 08:54:27] Garoa subvertendo o Telecentro da Lapa...
[2016-12-07 09:14:15] Episódio novo do Happy Hacking Video Blog no qual eu conto sobre o 
trabalho de engenharia reversa que eu tenho feito com o Mega Drive 
Portátil da TecToy: https://youtu.be/snLWzKMR0Us
[2016-12-07 10:30:05] document: /home/felipe/devel/github_tvdstaaij/telegram-history-dump/output/media/Garoa_Hacker_Clube_(Público)/download_706148638425874446.webp
[2016-12-07 10:33:55] quem quiser ver a live sobre o serenata de amor: http://youtu.be/vcFzpFNTUZ4
[2016-12-07 10:55:00] http://blog.fazedores.com/mega-drive-portatil-da-tectoy-happy-hacking-video-blog-006/
[2016-12-07 11:42:49] SIDRA (Sistema IBGE de Recuperação Automática) | Cidadania & Cultura
https://fernandonogueiracosta.wordpress.com/2016/12/07/sidra-sistema-ibge-de-recuperacao-automatica/
[2016-12-07 13:04:55] GALERA, esqueci meu carregador do note no Garoa, agluém q chegar por la, guarde pra mim, esta na bancada da eletronica
[2016-12-07 16:29:34] Pessoal estou vendendo NodeMCU a preço de banana, pode pegar no Garoa em mãos. R$35,00 cada um
[2016-12-07 16:29:35] photo: /home/felipe/devel/github_tvdstaaij/telegram-history-dump/output/media/Garoa_Hacker_Clube_(Público)/download_803705500_142930.jpg
[2016-12-07 16:29:46] Tenho varios
[2016-12-07 16:30:14] Só chamar no pvt
[2016-12-07 16:40:31] Já era, vai virar robô gigante
[2016-12-07 16:41:37] Primeiro Dicionário Hacker em breve!
Perguntas: Façam as perguntas nos comentários do facebook para contribuir com o projeto!
Data de lançamento: Até sábado no máximo!                                                                                                                                                                                                                                                                                                                                    Parcerias: Entrar em contato!
https://www.facebook.com/TheCybersTeam/photos/a.1714638675469289.1073741828.1620597971540027/1826125080987314/?type=3
[2016-12-07 16:42:50] Boa tarde
Meu ESP está em loop de reset
Só fica com o led aceso
[2016-12-07 16:43:07] Estava conectado
[2016-12-07 16:43:07] Acessando uma página dele
[2016-12-07 16:43:07] Parou do nada
[2016-12-07 16:43:07] Sabe se tem algum reset físico de firmware?
[2016-12-07 16:51:01] Alguém sabe outra forma de resolver?
[2016-12-07 16:54:50] auhauha, esta sendo bem utilizado então kkk
[2016-12-07 22:15:15] Gente, o garoa tem política anti assédio? To pesquisando umas referencias aqui pra um coletivo que faço parte.
[2016-12-07 22:15:29] Dei uma procurada na página e não encontrei
