[2016-07-11 01:26:03] photo: /home/felipe/devel/github_tvdstaaij/telegram-history-dump/output/media/Garoa_Hacker_Clube_(Público)/download_803717213_55796.jpg
[2016-07-11 01:26:28] Vamos ver que pokemon da pra achar em Itaquera
[2016-07-11 02:01:18] https://www.packtpub.com/packt/offers/free-learning
[2016-07-11 02:01:37] https://telegram.me/FreePacktPubDaily/147
[2016-07-11 09:55:46] Alguém quer rodar o código da Apollo 11 em grande estilo? Construa o hardware: http://klabs.org/history/build_agc/
[2016-07-11 10:37:01] @fsanches que tal montar o computador de bordo da apolo 11 depois do patinho feio?
[2016-07-11 10:37:40] já pensou em montar isso e depois integrar com o Kerbal Space Program e deixar o computador da Apolo 11 fazer um pouso na Lua ?!?!?!
[2016-07-11 10:38:26] Fotos muito bonitas de um AGC montado por um italiano, no final desta página: http://www.ibiblio.org/apollo/Pultorak.html
[2016-07-11 10:52:37] +1!
[2016-07-11 14:17:39] http://thehackernews.com/2016/07/download-pokemon-go-android-iphone.html?utm_source=feedburner&utm_medium=feed&utm_campaign=Feed%3A+TheHackersNews+%28The+Hackers+News+-+Security+Blog%29&_m=3n.009a.1277.zw0ao08xcg.qpy
[2016-07-11 14:17:46] obvio...
[2016-07-11 15:05:25] pessoal, alguma indicacao de roteador wifi fom fibra otica (pelo menos para wlan)?
[2016-07-11 15:54:23] 👍
[2016-07-11 17:02:09] Pessoal, dica muito legal, uma fonte adaptada para pessoas com dislexia, e é totalmente open source...
https://talesam.org/2016/07/08/dica-fonte-para-dislexicos/
[2016-07-11 17:44:19] photo: /home/felipe/devel/github_tvdstaaij/telegram-history-dump/output/media/Garoa_Hacker_Clube_(Público)/download_803703351_55144.jpg
[2016-07-11 17:44:35] Achei o barco do Oda!
[2016-07-11 18:19:03] Gente, alguém tem uma apresentação legal sobre hackerspaces/garoa que eu posso usar de base apra montar a apresentação sobre o Garoa que vou fazer no grupy-sp desse sábado ?
[2016-07-11 18:20:55] O Anchises tem umas no slideshare dele
[2016-07-11 18:58:17] http://pt.slideshare.net/anchises
[2016-07-11 19:08:47] vlw Fabrício!
[2016-07-11 19:59:34] document: /home/felipe/devel/github_tvdstaaij/telegram-history-dump/output/media/Garoa_Hacker_Clube_(Público)/download_803716003_54098.jpg
[2016-07-11 20:17:07] quem eh o cara ai da foto?
[2016-07-11 22:35:04] Galera, o Hackaflag SP ta chegando, como vcs mandaram bem no Pwn2Win acho q alguém deveria representar o Garoa lá, alguém já se inscrevel?
[2016-07-11 22:35:09] https://www.eventbrite.com.br/e/hackaflag-sao-paulo-2016-classificatoria-registration-25846884728
[2016-07-11 22:53:49] É o famoso PNS Syndrome!
[2016-07-11 22:54:11] PNS Syndrome = PIN Number Syndrome Syndrome
[2016-07-11 22:54:47] e PIN Number = Personal Identification Number Number
[2016-07-11 22:55:10] então PNS Syndrome = Personal Identification Number Number Syndrome Syndrome
[2016-07-11 22:58:15] Faz cerca de um mês e pouco que eu comecei a ler o livro Apollo Guidance Computer - Arquitecture and Operation. Imagina a minha alegria ao receber a notícia do código fonte :-)
[2016-07-11 22:58:57] :D
[2016-07-11 22:59:10] Uia! Já faz 3 meses! :-P Olha aqui: https://twitter.com/juca_gnu/status/725140578527240192
[2016-07-11 23:16:11] @fsanches vc tem foto do patinho feio com os leds funcionando? olhei no seu github e não achei nenhuma
[2016-07-11 23:41:42] tenho sim
[2016-07-11 23:41:46] peraí
[2016-07-11 23:42:18] vlw!
[2016-07-11 23:43:16] fui semana passada no Calando Hacker Clube em Brasilia e levei o Pato pra demonstrar por lá
[2016-07-11 23:43:36] vou encaminhar pra cá as fotos que o pessoal de lá publicou no grupo de Telegram deles
[2016-07-11 23:45:48] O Telegram aqui tá meio maluco. Não tô conseguindo encaminhar... :-(
[2016-07-11 23:48:39] sem pressa
[2016-07-11 23:48:50] me manda quando puder
[2016-07-11 23:54:09] Aqui estão as fotos do projeto do Patinho Feio sendo apresentado no Calango Hacker Clube
[2016-07-11 23:54:10] photo: /home/felipe/devel/github_tvdstaaij/telegram-history-dump/output/media/Garoa_Hacker_Clube_(Público)/download_803716619_53757.jpg
[2016-07-11 23:54:10] photo: /home/felipe/devel/github_tvdstaaij/telegram-history-dump/output/media/Garoa_Hacker_Clube_(Público)/download_702415121_110049.jpg
[2016-07-11 23:54:10] photo: /home/felipe/devel/github_tvdstaaij/telegram-history-dump/output/media/Garoa_Hacker_Clube_(Público)/download_803703188_54289.jpg
[2016-07-11 23:54:10] photo: /home/felipe/devel/github_tvdstaaij/telegram-history-dump/output/media/Garoa_Hacker_Clube_(Público)/download_702415397_112138.jpg
[2016-07-11 23:54:10] photo: /home/felipe/devel/github_tvdstaaij/telegram-history-dump/output/media/Garoa_Hacker_Clube_(Público)/download_803712069_53850.jpg
[2016-07-11 23:54:10] photo: /home/felipe/devel/github_tvdstaaij/telegram-history-dump/output/media/Garoa_Hacker_Clube_(Público)/download_802332658_109964.jpg
[2016-07-11 23:56:37] vlw!
[2016-07-11 23:58:14] você vai ao FISL?
[2016-07-11 23:58:23] Vou palestrar sobre o PATO lá
[2016-07-11 23:58:26] sábado que vem
[2016-07-11 23:58:54] não :/
[2016-07-11 23:59:36] sábado vou estar no garoa, vai ter Grupy-SP lá e eu to responsável por abrir/aprensetar o garoa
[2016-07-11 23:59:51] vou falar um pouco dos projetos em andamento, como o patinho feio
