[2016-12-18 00:09:13] Não sei...
[2016-12-18 00:42:53] garoa.net.br tem o guarda chuva, se ele estiver verde e aberto, tá aberto! ;)
[2016-12-18 00:47:31] document: /home/felipe/devel/github_tvdstaaij/telegram-history-dump/output/media/Garoa_Hacker_Clube_(Público)/download_138442549890122082.webp
[2016-12-18 00:47:45] Thank you
[2016-12-18 02:12:48] You're welcome... ;)
[2016-12-18 09:45:52] Parabens a todos os envolvidos, as palestras de ontem foram excelentes 😉
[2016-12-18 11:05:35] Obrigado RF.

Eu vou comprar os livros hoje, vou comprar um de Wavelets e bioinformática e to querendo pegar mais um que me dê a matemática relativa ao calculo para caminhar.

Eu já tenho um do Simon, mas para aprender sozinho o do Simon as vezes complica. (minha opnião)
[2016-12-18 11:10:17] Oi sugiro aprender cálculo no Khan Academy, talvez outros cursos online
[2016-12-18 11:12:22] eu cheguei a andar pelo me-salva, e pelo khan, mas o que sinto falta mesmo é alguém para tirar dúvidas, sem zoeira.

Galera eu tenho 46 anos, parei de estudar para trabalhar aos 16, só voltei aos 28, e tive muito orgulho de ganhar uma bolsa de mestrado com 34 anos com um ano e meio de faculdade.

mas confesso que o Calculo não entra na cabeça. e não consigo ficar na sala de aula com este método padrão de ensino.
[2016-12-18 11:27:55] document: /home/felipe/devel/github_tvdstaaij/telegram-history-dump/output/media/Garoa_Hacker_Clube_(Público)/download_61206384934388105.webp
[2016-12-18 11:29:30] Uma vez eu vi um professor da faculdade chamando uma pessoa que vendia panos alvejados de vagabundo, que ele não tinha estudado e por isso estava ali. Confesso que tive um sentimento muito frustrante, nem todo mundo é vagabundo e não estuda porque não quer, as vezes é porque não se adapta mesmo. (mas a discriminação é muito forte)
[2016-12-18 11:33:36] Tem fóruns online que podem ajudar.
[2016-12-18 11:34:07] Antigamente os cursos do coursera tinham fóruns excelentes, mas foi miando...
[2016-12-18 11:41:00] document: /home/felipe/devel/github_tvdstaaij/telegram-history-dump/output/media/Garoa_Hacker_Clube_(Público)/download_61206384934388070.webp
[2016-12-18 11:41:49] Este sticker foi a Gotinha que postou. Ela passou no teclado aqui
[2016-12-18 11:41:51] Quem está no ctf? Acharam a flag do Garoa?
[2016-12-18 11:44:14] eu gosto de estudar sozinho ou no máximo com alguém que domine mais do que eu, mas é sempre muito difícil conseguir alguém para ensinar, e agora tó zerado para pagar. (sei que é querer de mais)
[2016-12-18 11:44:58] Parece o caso ideal para usar 9 coursera, edx e afins
[2016-12-18 11:47:29] mas nestes cursos o suporte é muito a quem.
e ainda usam um método muito sequenciado.
sei que é oque funciona com 99,9999 das pessoas, sei que é minha obrigação me adaptar, mas estou no limite.
mas chego lá, a gente vai tentando até acertar.
[2016-12-18 11:52:49] Carlos, eu entendo perfeitamente. Acho os moocs uma transposição do arcaico método "lousinha e giz" para o meio digital. Poderiam ser tão mais legais...
[2016-12-18 11:54:47] Quando eu dou aula eu dou aula orientado a problemas, e vou identificando no percurso o que o aluno não sabe e vou contornando quando possível entrando no assunto, mas isso não funciona com grandes turmas, só dá certo em cursos muito interativos, e claro com alunos que se dedicam as tarefas entregues para que não embole tudo.
[2016-12-18 11:57:27] Procurei na Amazon por michael weeks mathematic mas vieram diversos livros, tem um título especifico?
[2016-12-18 11:57:38] Eu tenho um amigo (na verdade era meu antigo parceiro no teatro) que é doutor em física. 
Quando eu conheci ele, ele estava fazendo o mestrado, enquanto isso vivia de dar aulas de matemática particular pra USP toda. (O pessoal do doutorado chamava ele de consultor 😄) Ele tinha uma didática ótima. A aula particular dele não era muito cara.. Se quiser, me contate apenas no privado e eu passo o contato.
[2016-12-18 12:10:41] Obrigado Sandro, quero sim.
Eu te chamo lá.
não vou poder contratar agora, te explico também no pvt.
[2016-12-18 14:24:43] photo: /home/felipe/devel/github_tvdstaaij/telegram-history-dump/output/media/Garoa_Hacker_Clube_(Público)/download_803702243_21643.jpg
[2016-12-18 14:24:45] Ontem
[2016-12-18 18:36:54] Vou passar no garoa arrumar um pouco da zona de ontem
[2016-12-18 18:38:59] https://mobile.twitter.com/ThingsWork/status/810574739148337152?s=09 acho que o Villares vai curtir ;)
[2016-12-18 18:39:30] To aqui no Garoa com meu amigo, tô adiantando uns trampos e aproveitei para juntar a outra parte da mesa da sala multiuso
[2016-12-18 18:55:48] Evento LibertyNet
https://www.facebook.com/events/1276503355741828/
[2016-12-18 19:20:36] Gabriel Guimarães joined
[2016-12-18 19:20:37] Hi Gabriel Guimarães !
[2016-12-18 19:28:51] Valeu. Eu ia dar uma passada aí justamente para isso, mas ne enrolei aqui com um freela
[2016-12-18 19:45:35] Amigo? Sei kkkk
[2016-12-18 20:02:11] 👍
[2016-12-18 21:05:42] Nova música! https://www.youtube.com/watch?v=Ih15m_Mgvko&feature=youtu.be
[2016-12-18 21:45:49] photo: /home/felipe/devel/github_tvdstaaij/telegram-history-dump/output/media/Garoa_Hacker_Clube_(Público)/download_803730718_120960.jpg
[2016-12-18 22:30:04] Amigo? sei kkkkkk
[2016-12-18 23:52:55] galera, deixa eu fazer uma pergunta: qual seria um nome que vocês dariam para seu blog sobre machine learning, AI, deep learning?
[2016-12-18 23:54:12] document: /home/felipe/devel/github_tvdstaaij/telegram-history-dump/output/media/Garoa_Hacker_Clube_(Público)/download_901807295229329441.webp
[2016-12-18 23:54:27] document: /home/felipe/devel/github_tvdstaaij/telegram-history-dump/output/media/Garoa_Hacker_Clube_(Público)/download_901807295229329441.webp
