[2017-12-21 00:02:45] "Eu pegar". "Mim" não conjuga verbo...
[2017-12-21 00:04:16] Desculpa pior que eu sei dei bobera ai
[2017-12-21 00:04:47] ;)
[2017-12-21 00:05:04] document: /home/felipe/devel/github_garoa/Telegram_logs_Garoa_Hacker_Clube_Publico/media/Garoa_Hacker_Clube_(Público)/download_1068685509326275025.webp
[2017-12-21 00:06:05] Pera o mim é o sujeito daquela oração mesmo se for então o glúten tá mesmo certo
[2017-12-21 00:06:55] Eu não sei
[2017-12-21 00:07:56] Isso é intolerância a Glúten
[2017-12-21 00:08:06] Vamos lá, Odinha:
Mim é um pronome obliquo. Pronomes obliquos não conjugam verbo. Só pronomes pessoais
[2017-12-21 00:08:26] A exceção é Ele(a), que é tanto pessoal como obliquo
[2017-12-21 00:09:05] vc usa 'mim' quando vc já conjugou o verbo
[2017-12-21 00:09:55] I.e.: Não vá sem mim.
O Sujeito da frase é oculto. Você pode "achar" ele perguntando: "Quem não vai sem mim?"
[2017-12-21 00:10:58] o cara entra no garoa começa a ir bem em comp e em português
[2017-12-21 00:11:19] um pronome obliquo pode conjugar conjugar verbo quando é reflexivo
[2017-12-21 00:12:30] não precisa decorar isso tudo: use um "hack"
[2017-12-21 00:13:05] gs2w
[2017-12-21 00:13:08] Use 'mim' para terminar frases. Se continuar com uma ação (verbo), use Eu
[2017-12-21 00:13:42] clássico
[2017-12-21 00:13:54] ;)
[2017-12-21 01:00:47] document: /home/felipe/devel/github_garoa/Telegram_logs_Garoa_Hacker_Clube_Publico/media/Garoa_Hacker_Clube_(Público)/download_1842540969984071.webp
[2017-12-21 03:00:48] https://twitter.com/Reuters/status/943184202983530498
[2017-12-21 03:01:28] Por 200 mil dólares cada? Me vê 125 desses aí, por favor!
[2017-12-21 03:02:02] 200k * 125 = 25 milhões de dólares
[2017-12-21 09:21:55] https://hackspace.raspberrypi.org/
[2017-12-21 09:35:56] De graça em PDF :)
[2017-12-21 09:40:14] document: /home/felipe/devel/github_garoa/Telegram_logs_Garoa_Hacker_Clube_Publico/media/Garoa_Hacker_Clube_(Público)/download_5035239964988669998
[2017-12-21 09:52:24] document: /home/felipe/devel/github_garoa/Telegram_logs_Garoa_Hacker_Clube_Publico/media/Garoa_Hacker_Clube_(Público)/download_5035239964988670003.bin
[2017-12-21 10:55:12] Galera das Crypto moeda essa queda de hoje do BTC se prolonga? Dêem suas opiniões
[2017-12-21 11:07:15] Parece que está mais oscilando do que caindo. Acredito que por causa de notícias positivas (como a de início de contratos futuros na CME) e negativas (segundo roubo e falência da Youbit).
[2017-12-21 11:07:36] photo: /home/felipe/devel/github_garoa/Telegram_logs_Garoa_Hacker_Clube_Publico/media/Garoa_Hacker_Clube_(Público)/download_806119487_12434.jpg
[2017-12-21 11:42:02] document: /home/felipe/devel/github_garoa/Telegram_logs_Garoa_Hacker_Clube_Publico/media/Garoa_Hacker_Clube_(Público)/download_1842540969984018.webp
[2017-12-21 13:14:49] Pdf
[2017-12-21 13:17:33] Obrigado! Por acaso você tem o link com a gravação do webinário?
[2017-12-21 13:18:00] Conseguiram abrir o arquivo 
?

Vou reenviar
[2017-12-21 13:18:18] Deixa eu ver se acho o link do webnar
[2017-12-21 13:19:13] https://global.gotowebinar.com/join/451879874875781635/222413468
[2017-12-21 13:19:21] Acho q não da para abrir depois de finalizado
[2017-12-21 13:20:46] https://github.com/turicas/salarios-magistrados
[2017-12-21 13:21:59] CB-Insights_What-Is-Blockchain-Briefing
[2017-12-21 13:22:03] document
[2017-12-21 13:22:35] Na hora q envia Sai o .pdf
[2017-12-21 13:28:30] Incluí a extensão e abriu normalmente.
[2017-12-21 13:37:32] BTC a 15k @fernandoGuisso
[2017-12-21 13:38:00] BTC tá realmente bem estranho... tou em XRP e IOT
[2017-12-21 13:38:41] Quer me.matsr seu loko, coloca a moeda junto com o valor kkk
[2017-12-21 13:38:47] Acordei td cagado aqui
[2017-12-21 13:58:16] Hauhauhau
[2017-12-21 13:58:49] De fosse 15k BRL, tava de "All in"
[2017-12-21 13:58:54] *Se
[2017-12-21 13:59:43] huashsauauhsah... facil
[2017-12-21 14:01:21] Bom momento para comprar
[2017-12-21 14:09:00] sim!
[2017-12-21 14:12:36] Vai cair um mais ainda
[2017-12-21 14:14:32] BTC tá caindo?
[2017-12-21 14:15:27] A bolha estourou? 🤔
[2017-12-21 14:15:47] http://epocanegocios.globo.com/Dinheiro/noticia/2017/12/cvm-exige-que-site-deixe-de-oferecer-investimento-atrelado-bitcoin.html
[2017-12-21 14:16:13] estourar ainda não né
[2017-12-21 14:16:20] document: /home/felipe/devel/github_garoa/Telegram_logs_Garoa_Hacker_Clube_Publico/media/Garoa_Hacker_Clube_(Público)/download_532579784404764492.mp4
[2017-12-21 14:16:27] mas vai começar a ofensiva forte do mercado né
[2017-12-21 14:17:16] Só susto.
[2017-12-21 14:17:43] photo: /home/felipe/devel/github_garoa/Telegram_logs_Garoa_Hacker_Clube_Publico/media/Garoa_Hacker_Clube_(Público)/download_804728096_73926.jpg
[2017-12-21 14:18:33] Relaxem... o gráfico está "normalizando"!
Chegou a 10k BRL de Spread USA - BRL
[2017-12-21 14:18:38] https://www.nyse.com/quote/index/NYXBT - Quando bitcoin sair da bolsa de nova york talvez seja algo sério.
[2017-12-21 14:19:59] eu to de boa, uso btc não
[2017-12-21 14:21:23] Mão de alface soltando até oa fundilhos kkkkk
[2017-12-21 14:22:20] Toda moeda quando sobe demais,… vem a correção...
[2017-12-21 14:22:33] chegou a do BitCoin… está “corrigindo”… e depois volta a subir
[2017-12-21 14:22:44] é a mesma coisa que vc fica olhando a merda de  BRL x USD...
[2017-12-21 14:22:55] que um dia ta 3,39 e do nada 3,11 e depois volta pro 3,40
[2017-12-21 14:22:56] 🙂
[2017-12-21 14:44:37] Mas já teve correção recentemente, parecia cedo demais pra outra
[2017-12-21 14:45:30] Estamos no quinto dia consecutivo de queda, e está caindo mais do que o normal
[2017-12-21 14:46:34] Lembrando que a gente estava quase em US$20.000 e agora está chegando aos US$15.000
[2017-12-21 14:46:57] Ontem teve uma grande troca de bitcoin por bitcoin cash... deve ter uma estabilização nos próximos dias
[2017-12-21 14:48:32] O episódio conhecido como “A Treta da Coinbase”?
[2017-12-21 14:48:41] Tem uma resistência de 20k nervosa
Logo quebra
[2017-12-21 14:57:41] photo: /home/felipe/devel/github_garoa/Telegram_logs_Garoa_Hacker_Clube_Publico/media/Garoa_Hacker_Clube_(Público)/download_805514348_64780.jpg
[2017-12-21 14:57:47] Moeda de hacker
[2017-12-21 14:59:04] Mas e se forem hackers do bem? 😁
[2017-12-21 14:59:31] Quero mais que rompa suporte! Hehehe
[2017-12-21 15:05:07] Quero ver um país com um razoável acesso a internet com problemas financeiros
Btc vai ser o Porto Seguro num momento assim
[2017-12-21 15:27:17] Venezuela disse "Oi"
[2017-12-21 15:56:47] Ahahahhaahaahah todos querem, mas que rompa a resistência tbm
[2017-12-21 16:04:43] Estonia lançado ICO da sua Crypto: https://medium.com/e-residency-blog/were-planning-to-launch-estcoin-and-that-s-only-the-start-310aba7f3790
[2017-12-21 16:07:58] Estônia tem um programa de e-residency louco, que é basicamente você colocar a sede da sua empresa lá para sua multinacional ter uma sede na União Europeia. E eles dão um cartão, parecido com o Cartão Cidadão da UE. Você não ganha cidadania, mas uma personalidade jurídica dentro da UE.
Eles tiveram que fazer recall de meio milhão de cartões por causa disso.
[2017-12-21 16:10:31] O cartão tinha problemas de implementação de criptografia.
[2017-12-21 16:23:06] Li, que eles tem uns programas específicos para startups estrangeiras que queiram se instalar no país.
[2017-12-21 16:23:30] To lendo aqui só agora. Cara, muito legal, e muito boa a qualidade
[2017-12-21 16:26:33] document: /home/felipe/devel/github_garoa/Telegram_logs_Garoa_Hacker_Clube_Publico/media/Garoa_Hacker_Clube_(Público)/download_38846012097298894.webp
[2017-12-21 16:29:27] https://i.imgur.com/DdEyO66.mp4
[2017-12-21 16:29:44] ^ como decorar uma árvore de natal em 10 segundos
[2017-12-21 16:34:42] agora é só acrescentar as 2 horas que o cara levou pra preparar tudo :D
[2017-12-21 16:37:04] Sunk costs :)
[2017-12-21 16:45:13] Eu cheguei a me inscrever, mas o consulado da Estonia cessou as atividades no Brasil desde o ano passado, então teria que ir para outro pais para tirar a eResidencia
[2017-12-21 17:46:54] document: /home/felipe/devel/github_garoa/Telegram_logs_Garoa_Hacker_Clube_Publico/media/Garoa_Hacker_Clube_(Público)/download_272479773299573004.webp
[2017-12-21 17:50:03] Eresidency mas precisa fazer cadastro offline :////
[2017-12-21 18:06:42] JoeDeep joined
[2017-12-21 18:13:42] Boa tarde
[2017-12-21 18:43:15] opa, boa tarde
[2017-12-21 19:46:32] https://staltz.com/a-plan-to-rescue-the-web-from-the-internet.html
[2017-12-21 20:01:29] Esse cara sabe o que está falando. #sqn
[2017-12-21 20:12:17] Jaírton Fortuna joined
[2017-12-21 20:44:27] Two years ago today, Falcon 9 delivered 11 Orbcomm satellites to low-Earth orbit followed by the first successful orbital class rocket booster landing. To date, SpaceX has landed 20 boosters—12 on droneships and 8 on land—and flown 4 missions on flight-proven boosters.
https://twitter.com/SpaceX/status/943945832063045632

Submitted December 21, 2017 at 09:47PM by ethan829
via reddit http://ift.tt/2BxRynd
[2017-12-21 21:20:33] alguém ja usou hospedagem do GoDaddy?
[2017-12-21 21:51:40] Estamos no Garoa planejando a BSides 2018 https://garoa.net.br/wiki/BSidesSP
[2017-12-21 21:59:42] Quem quer ajudar na BSides, ficar parte do staff?
[2017-12-21 21:59:59] Precisamos de uns voluntarios pra ir planejando
[2017-12-21 22:09:48] Eu ajudo!
[2017-12-21 22:10:08] Acho maravilhoso esse tipo de evento.
[2017-12-21 22:10:43] faz o grupo mike
[2017-12-21 22:10:50] e add a galera que tem interesse
[2017-12-21 22:11:46] eu!
[2017-12-21 22:13:16] eu posso ajudar!! mas quero participar!!! BSides é muito foda pra eu ficar de fora
[2017-12-21 22:22:24] Eu posso ajudar, porém meu conhecimento sobre o evento é quase zero...
[2017-12-21 22:31:09] Posso ajudar, soh depende do fechamento da data
[2017-12-21 22:36:55] Opa
[2017-12-21 22:37:09] Posso ajudar dependendo da data
[2017-12-21 22:37:15] Deve ser um super evento
[2017-12-21 22:37:24] Todo mundo quer ser staff
[2017-12-21 22:37:29] BSides é muito bao
[2017-12-21 22:39:27] pinned the message
[2017-12-21 22:39:27] Eu quero ajudar na Bsides tbm
[2017-12-21 22:40:03] Vi que tá aberto, vcs ainda vão ficar bastante aí?
[2017-12-21 22:40:23] + 1h +-
[2017-12-21 22:40:59] I'm in...
[2017-12-21 22:41:11] Pensei em colar mas esse chove e para é um empata foda
[2017-12-21 22:44:25] Galera, eu juro que tentei. Mas novamente não deu pra chegar aí. :-(
[2017-12-21 22:45:18] Tô em débito com vocês em uma pizza. Pode cobrar. Rs
[2017-12-21 22:45:36] Estamos planejando a BSides para ser 21 de Maio
[2017-12-21 22:47:30] 19 e 20
[2017-12-21 22:49:57] https://www.youtube.com/watch?v=g-zIbVEjVpQ
[2017-12-21 23:01:49] Vocês estão cientes que esta provavelmente será a data da Virada Cultural ? (Se seguir os últimos anos)
[2017-12-21 23:02:16] Eu
[2017-12-21 23:03:19] https://catracalivre.com.br/sp/agenda/gratis/virada-cultural-ja-tem-data-marcada-e-inscricoes-abertas/
[2017-12-21 23:03:52] se vai ter Bsides, caguei pra virad cultural
[2017-12-21 23:03:54] uahuaha
[2017-12-21 23:04:05] opa
[2017-12-21 23:04:11] É uma boa oportunidade de fugir da virada
[2017-12-21 23:04:15] Eu ajudo
[2017-12-21 23:06:01] Se rolasse metrô 24h nesse final de semana iria ajudar bem até
[2017-12-21 23:10:53] Virada hacker e bsides
[2017-12-21 23:11:05] Mas geralmente não tem isso na virada?
[2017-12-21 23:15:08] Nem tenho certeza, mas como ano que vem será ano de eleiçao
[2017-12-21 23:15:29] tu nem tem cultura
[2017-12-21 23:16:04] quero ajudar na bsides tbm
[2017-12-21 23:30:01] A virada acaba trazendo gente de outras cidades, então acaba sendo apenas um plus...eu nao vou ha tempos
[2017-12-21 23:55:06] photo: /home/felipe/devel/github_garoa/Telegram_logs_Garoa_Hacker_Clube_Publico/media/Garoa_Hacker_Clube_(Público)/download_806123320_12608.jpg
[2017-12-21 23:55:34] Passou uma escavadeira voando
