[2018-03-10 02:53:57] Até domingo na Galeria da Unesp, SP, expo Origami e Robótica, minha pesquisa de mestrado 😛
[2018-03-10 02:57:10] Adoraria fazer uns kusudama, aprendi a fazer o Yoda de origami mas nunca parei pra fazer esses modulares complexos, bora organizar uma noite de origami @ garoa 🙌🏾✨
[2018-03-10 04:23:42] photo: /home/felipe/devel/github_garoa/Telegram_logs_Garoa_Hacker_Clube_Publico/media/Garoa_Hacker_Clube_(Público)/download_806007026_1764.jpg
[2018-03-10 04:24:44] document: /home/felipe/devel/github_garoa/Telegram_logs_Garoa_Hacker_Clube_Publico/media/Garoa_Hacker_Clube_(Público)/download_4978733966493220900
[2018-03-10 05:08:42] Oda diz: "Jucá, você vai ficá aí?" Juca responde: "Não. Já são 4 da madruga. Já tá quase na hora de ir pra casa dormir..."
[2018-03-10 06:12:01] Pffff... Dormir as 4h é para os fracos!
[2018-03-10 06:28:45] to indo deitar daqui a pouco ;-)
[2018-03-10 06:54:37] ;)
[2018-03-10 08:06:11] Maluco, nunca apanhei tanto para instalar um Ubuntu... #Servidor
[2018-03-10 08:31:46] Tô dentro rs
[2018-03-10 08:33:08] To acordado ainda por conta de uma treta em um servidor Ubuntu também kkk
[2018-03-10 08:51:39] Mano, peguei um bug do bug na instalação de um Server via PXE
[2018-03-10 08:52:10] aí consegui instalar e tive um problema de LVM
[2018-03-10 08:52:31] corrigi agora to com um problema de filesystem... ¬¬
[2018-03-10 09:00:41] Eita poha! É alguma versão específica do serv? Ou é o hardware?
[2018-03-10 09:12:15] Aparentemente é uma sucessão de erros do time da Canonical, desde a versão 14
[2018-03-10 09:23:28] Isso significa que o Garoa ainda tá aberto desde ontem ?! Já batendo na marca de 14 horas aberto ininterruptamente?
[2018-03-10 09:25:02] (Isso significa que o Juca dormiu por 3 horas e já tá de volta atrás do console)
[2018-03-10 09:25:30] Bacana hahaha
[2018-03-10 09:25:55] hoje de tarde vou lá. Devo tirar uma foto mais da hora do bezel que instalei nesse arcade
[2018-03-10 09:26:08] feito com contact estiloso, super brega. Ficou bonitão
[2018-03-10 09:26:35] Hahahaha beleza
[2018-03-10 09:31:25] @fsanches 
Você viu meu fone de ouvido branco em cima da bancada?
[2018-03-10 09:31:50] sim
[2018-03-10 09:32:03] tava lá, sim, eu vi
[2018-03-10 09:32:42] @Gutemhc guarda aí o fone de ouvido do L F em algum lugar, por favor
[2018-03-10 09:32:51] e avisa aqui onde escondeu ;-)
[2018-03-10 09:33:01] Valeu!
[2018-03-10 10:20:27] Tá junto dos Osciloscópios #Fone
[2018-03-10 11:14:52] Putz 🤦‍♂
[2018-03-10 11:23:36] Obrigado
[2018-03-10 11:35:37] Gutem
Você está no Garoa?
[2018-03-10 11:45:45] Tô de saída
[2018-03-10 12:44:22] @gutem slackware
[2018-03-10 12:44:47] Cheguei em casa às 4:15, sai às 5
[2018-03-10 12:45:20] Voltei as 8, dormi e acordei agora
[2018-03-10 12:45:27] Fds comecando massa
[2018-03-10 12:45:35] Acho que essa discussão já deu, de qualquer forma peço desculpas se pareci ofensiva em algum momento :-)
[2018-03-10 12:46:11] Juca, Vai montar o letreiro quando?
[2018-03-10 12:56:25] A forma que achei mais fácil de instalar é através do Ubuntu Mini (ou Netboot)...
http://cdimage.ubuntu.com/netboot/
[2018-03-10 13:03:46] amadores... @AllanTrindad @rjmunhoz
[2018-03-10 13:04:31] Comecei por ela, mas deu vários problemas via PXE
[2018-03-10 13:05:37] Aí baixei a versão Server e fiz minha própria versão netboot para instalar via PXE
[2018-03-10 13:06:05] Rolou até certo ponto
[2018-03-10 13:11:40] status aberto, garoa fechado, sofri uma leve trollagem
[2018-03-10 13:12:55] Alem do status, tem que ter alguem pra confirmar
[2018-03-10 13:13:14] As vzs tem aquele papo "saí pra comer"
[2018-03-10 13:13:47] mas o status era automatico
[2018-03-10 13:13:55] Bora montar uma atividade :D
[2018-03-10 13:14:23] Faz tempo que o status anda mais brisado que eu
[2018-03-10 13:17:50] 😂😂😂😂
[2018-03-10 13:20:30] Boa tarde amores
[2018-03-10 13:24:31] Iiih
[2018-03-10 13:24:32] Kkkk
[2018-03-10 13:24:40] Será que foi overridden?
[2018-03-10 13:25:06] no caso eu fui kkkkk
[2018-03-10 13:25:46] Kkkkk oh dó
[2018-03-10 14:03:20] possivelmente uma parte hoje
[2018-03-10 14:06:01] talvez o resto ao longo da semana
[2018-03-10 14:55:12] Gente, vocês estão sabendo de um meetup que organizaram pra hoje no garoa sobre organização da casa?
[2018-03-10 14:56:15] @agaelebe
[2018-03-10 14:56:28] eu estarei lá hoje a partir das 16h, mas não por causa desse meetup
[2018-03-10 14:56:30] parece que tava com uma foto sua no evento do meetup]
[2018-03-10 14:56:41] (sua do hugo)
[2018-03-10 14:56:55] a galera veio, porém não tinha ninguém do meetup
[2018-03-10 15:00:37] Não sei se alguém já postou aqui, but: https://www.kaspersky.com.br/blog/chip-n-pin-cloning/10137/
[2018-03-10 15:01:05] tão aí ainda?
[2018-03-10 15:01:12] eu chego por volta das 16h
[2018-03-10 15:01:16] um ja foi embora
[2018-03-10 15:01:21] eu vou ver se o resto ta ai
[2018-03-10 15:01:25] 2p
[2018-03-10 15:01:50] duas pessoas?
[2018-03-10 15:02:07] ou "dois palito" ?
[2018-03-10 15:03:22] dois palito
[2018-03-10 15:03:23] fui ver
[2018-03-10 15:03:25] oi
[2018-03-10 15:03:25] eles tao aqui ainda
[2018-03-10 15:03:31] mas vao saindo ja
[2018-03-10 15:03:36] bom... se o hugo aparecer ele faz a atividade dele
[2018-03-10 15:03:49] se ele nao aparecer, eu estarei às 16h ao menos para abrir o clube
[2018-03-10 15:04:00] ta aberto
[2018-03-10 15:04:02] mas não posso me responsabilizar por atividade dos outros
[2018-03-10 15:04:14] ah, quem abriu ?!
[2018-03-10 15:04:20] tem algum associado aí?
[2018-03-10 15:04:24] tem
[2018-03-10 15:04:24] Eu
[2018-03-10 15:04:36] beleza
[2018-03-10 15:04:41] Avisei eles, Juca, obrigado!
[2018-03-10 15:05:14] eu não sei quem é vc, csm. Você é associado? Me desculpe. Não reconheci pelo nome de usuário críptico hahaha
[2018-03-10 15:05:38] é
[2018-03-10 15:08:34] Como diria Caetano: Que loucura, cara!
[2018-03-10 15:09:02] Tiago, o Arcade tá sensacional!
[2018-03-10 15:09:26] Tem um cara chamado Douglas que tá com o meu Raspberry Pi tentando instalar uma distro de emuladores
[2018-03-10 15:09:40] 5a feira que vem vamos ter outra atividade lá da Sala de Jogos
[2018-03-10 15:10:15] Pra ser sincero, o arcade tá tão da hora agora que eu nem sei mais se vamos botar o RPi ou se vamos simplesmente circular placas NeoGeo trocando os games de tempos em tempos
[2018-03-10 15:10:45] Aparece aí 5a feira pra bater papo
[2018-03-10 15:10:54] Quero ver la, ja esta "jogável?"
[2018-03-10 15:11:25] Estou com planos de ir daqui a pouco se nao chover novamente
[2018-03-10 15:11:26] SIM!
[2018-03-10 15:11:41] Tá com Metal Slug 2 no momento.
[2018-03-10 15:11:53] eita
[2018-03-10 15:11:57] posso ligar ja?
[2018-03-10 15:11:58] Dei um relato muito mais detalhado sobre o status da sala de jogos na lista pública de emails
[2018-03-10 15:12:13] pode. É só virar a chavinha em cima dele
[2018-03-10 15:12:27] document: /home/felipe/devel/github_garoa/Telegram_logs_Garoa_Hacker_Clube_Publico/media/Garoa_Hacker_Clube_(Público)/download_532578440080040017.mp4
[2018-03-10 15:12:35] no tampo superior do gabinete do arcade tem uma chave
[2018-03-10 15:12:37] liga-desliga
[2018-03-10 15:13:18] pra dar crédito tem um botão metálico bem no meio do "moedeiro"
[2018-03-10 15:14:32] Boa, vai ficar boa
[2018-03-10 15:15:19] eu acho que as proximas atividades da Sala de Jogos vão ser mais focadas em iluminação, decoração, etc
[2018-03-10 15:15:32] já que os dois jogos já estão em bom estado (pebol e arcade)
[2018-03-10 15:16:01] RPi talvez algum dia aconteça, mas eu não quero que tenha down-time por causa disso
[2018-03-10 15:16:16] se for trocar pro RPi quero que a troca seja "atômica"
[2018-03-10 15:18:26] Mas vai ficar com um jogo só ? Pensei numa multiplataforma retrô
[2018-03-10 15:18:45] por enquanto tá com N jogos, só que eu toenho que trocar de tempos em tempos
[2018-03-10 15:19:21] o Douglas tá pra trazer meu RPi de volta com uma distro de emuladores, mas não sei ainda como vamos fazer com a botoeira, que no caso do RPi acho que tem que ser USB
[2018-03-10 15:19:37] aff sou muito bom nesse jogo
[2018-03-10 15:19:43] quando tem uns campeonato
[2018-03-10 15:19:52] a partir do momento que resolver a questão da botoeira USB, aí acho que dá pra tentar fazer o transplante atômico
[2018-03-10 15:20:10] eu já zerei ele umas 3 vezes nesse arcade ai
[2018-03-10 15:20:15] kkkkkkkkk
[2018-03-10 15:20:27] tem recorde meu marcado como FEL em primeiro lugar e JUC em sexto
[2018-03-10 15:20:41] E tem GUT (Guttem) acho que em segundo lugar no ranking
[2018-03-10 15:21:20] Mais info em: https://garoa.net.br/wiki/Sala_de_Jogos
[2018-03-10 15:21:31] chique kk
[2018-03-10 15:27:35] Tio Bill na brisa!!!
[2018-03-10 15:31:16] adicionei lá agora o relato de ontem: https://garoa.net.br/wiki/Sala_de_Jogos#2018.2FMAR.2F09
[2018-03-10 16:07:25] Pou, instala o Rasp que a gente consegue ter maior quantidade de jogos! É um saco esperar por uma fita hahahahha...
[2018-03-10 16:07:52] Daniel, o Sandro iria gostar deste evento... veja esse tópico do fórum...

https://groups.google.com/forum/m/#!topic/hackerspacesp/OhKlgHgJLm4
[2018-03-10 16:09:13] #Fato A galera gosta de ter opções disponíveis...
[2018-03-10 16:16:39] Baixar vídeo iphad alguém sabe?
[2018-03-10 16:27:54] Pessoal, alguém indica alguma empresa para recuperação de dados de HD? É  provavelmente um problema lógico ou de firmware, pela descrição, mas precisa ter confiança de que não vai perder os dados.
[2018-03-10 16:35:37] Milenial impaciente... Hhahaha
[2018-03-10 18:10:11] Que tópico ótimo, tnks @Biazzotto 😉
[2018-03-10 18:32:51] Tenho um amigo que da isso aí de sampa se quiser passo o arroba dele no pv
[2018-03-10 18:33:45] photo: /home/felipe/devel/github_garoa/Telegram_logs_Garoa_Hacker_Clube_Publico/media/Garoa_Hacker_Clube_(Público)/download_806007554_2102.jpg
[2018-03-10 18:33:59] Pq eu não to por aí pra ajudar também
[2018-03-10 18:35:18] Num evento que fui ano passado as crianças restauraram um desses e fizeram a acomodação das peças e forro dos componentes. Ficou bem legal
[2018-03-10 18:35:44] Além de terem feito um joguinho também
[2018-03-10 18:36:48] Boa hahaha metal slug rolando
[2018-03-10 18:40:01] photo: /home/felipe/devel/github_garoa/Telegram_logs_Garoa_Hacker_Clube_Publico/media/Garoa_Hacker_Clube_(Público)/download_804723896_154134.jpg
[2018-03-10 18:42:16] Show de bola
[2018-03-10 18:43:06] Quando eu morar em sampa vou viver trazendo as novidades dos outros estados pro Garoa
[2018-03-10 18:43:11] Nooossa hahahaha onde conseguiu?
[2018-03-10 18:43:59] Sabia que dá pra fazer estampa de camiseta na impressora 3D.
[2018-03-10 18:44:11] Amigo meu desenvolveu
[2018-03-10 18:45:24] pensei na logo do Garoa
[2018-03-10 18:45:57] Desenhei no Inkscape e o Oda me ajudou a cortar na laser cutter do Garoa
[2018-03-10 18:46:08] Madeira MDF e acrílico translúcido
[2018-03-10 18:46:23] Ficou perfeito!
[2018-03-10 18:47:39] E o Ink é ótimo. Você podia fazer um blog sobre suas experiências seria uma boa
[2018-03-10 18:48:22] Boa idéia! Vou fazer! ......  Pronto! https://forum.fiozera.com.br/t/suporte-a-opentype-variable-fonts-no-inkscape/115
[2018-03-10 18:49:04] Tu é o cara!
[2018-03-10 18:49:25] Obrigado! Obrigado! :-D
[2018-03-10 18:50:23] Nossa bacana demais hahahaha muito bom mesmo kk
[2018-03-10 19:19:30] Manda
[2018-03-10 19:47:31] photo: /home/felipe/devel/github_garoa/Telegram_logs_Garoa_Hacker_Clube_Publico/media/Garoa_Hacker_Clube_(Público)/download_445211958_220301.jpg
[2018-03-10 19:50:38] over extrusion ?
[2018-03-10 19:53:01] No, just bad resolution
[2018-03-10 19:53:21] photo: /home/felipe/devel/github_garoa/Telegram_logs_Garoa_Hacker_Clube_Publico/media/Garoa_Hacker_Clube_(Público)/download_445211368_219451.jpg
[2018-03-10 19:53:51] It is not a high performance printer...😜
[2018-03-10 19:54:05] I think this is about as good as it's going to get
[2018-03-10 19:55:23] But don't take my word for it😁
[2018-03-10 20:46:48] thank you sjoerd :p
[2018-03-10 20:47:29] Great Job!
[2018-03-10 21:19:31] Já está aberta as inscrições pra BSides?
[2018-03-10 21:19:55] Para doações é onde da Crypto e da BSides
[2018-03-10 21:21:32] A da Crypto é pelo catarse eu achei
[2018-03-10 21:29:39] Credits also go to Marcelo Campos
[2018-03-10 21:47:20] vamo testar essa impressora 3d funcionando?
[2018-03-10 21:47:32] esse aqui
[2018-03-10 22:10:02] Quanto tempo uma impressora desta leva pra produzir uma peça do tamanho daquele barco?
[2018-03-10 22:15:43] photo: /home/felipe/devel/github_garoa/Telegram_logs_Garoa_Hacker_Clube_Publico/media/Garoa_Hacker_Clube_(Público)/download_806122355_56874.jpg
[2018-03-10 22:27:49] photo: /home/felipe/devel/github_garoa/Telegram_logs_Garoa_Hacker_Clube_Publico/media/Garoa_Hacker_Clube_(Público)/download_806008450_2169.jpg
