[2017-08-09 00:19:04] O garoa podia ter uma comunidade no discord
[2017-08-09 00:23:37] Quanto users o Discord anda hj em dia?
[2017-08-09 01:21:55] Temos uma Comunidade em um lugar BEM mais legal... Um lugar chamado Garoa Hacker Clube
[2017-08-09 06:44:54] document: /home/felipe/devel/github_tvdstaaij/telegram-history-dump/output/media/Garoa_Hacker_Clube_(Público)/download_114573964927303801.webp
[2017-08-09 06:45:54] Google’s sexist memo has provided the alt-right with a new martyr

https://www.theguardian.com/commentisfree/2017/aug/08/google-sexist-memo-alt-right-martyr-james-damore?CMP=Share_AndroidApp_Copy_to_clipboard
[2017-08-09 07:34:19] /help@jackbot
[2017-08-09 07:34:20] Message me first so i can message you !
[2017-08-09 07:34:40] /me@jackbot
[2017-08-09 07:34:40] Dente
You've sent 318 (0%) messages and this group has 35529 messages.
[2017-08-09 07:52:48] /me@jackbot
[2017-08-09 07:52:49] Will
You've sent 43 (0%) messages and this group has 35530 messages.
[2017-08-09 08:24:14] Galera, alguem ja teve problemas na utilizaçao do dht11?
[2017-08-09 08:38:59] Texto original: https://www.documentcloud.org/documents/3914586-Googles-Ideological-Echo-Chamber.html
[2017-08-09 08:49:27] Comigo funciona beleza, mas o DHT22 tem mais precisão. Ao menos o que tenho ouvido falar
[2017-08-09 08:55:21] As minhas leituras sempre falham
[2017-08-09 08:56:19] Tu usa o modulo ou somente o componente?
[2017-08-09 08:59:47] Uso um módulo, tipo quando ligo demora uns 5 segundos pra leituras ficarem precisas
[2017-08-09 09:26:40] Pode cre, eu peguei so o componente, acho que to cagando no circuito
[2017-08-09 09:34:43] Tenta por este exemplo https://www.filipeflop.com/blog/monitorando-temperatura-e-umidade-com-o-sensor-dht11/
[2017-08-09 09:52:31] Vou tentar, vlw =D
[2017-08-09 10:00:16] document: /home/felipe/devel/github_tvdstaaij/telegram-history-dump/output/media/Garoa_Hacker_Clube_(Público)/download_118535303458718313.webp
[2017-08-09 10:01:53] Eu vi. Que otário.
[2017-08-09 10:04:47] document: /home/felipe/devel/github_tvdstaaij/telegram-history-dump/output/media/Garoa_Hacker_Clube_(Público)/download_537514654583226964.webp
[2017-08-09 10:16:00] Que otário!
[2017-08-09 10:17:33] Juca, você já viu alguma fonte para turtle graphics?
[2017-08-09 10:17:48] Não tou sabendo procurar acho
[2017-08-09 10:17:57] Não é possível que não tenha
[2017-08-09 10:18:47] (para um robô desenhista)
[2017-08-09 10:25:05] você quer dizer um conjunto de instruções em linguagem LOGO que gere desenhos de glifos ?
[2017-08-09 10:26:37] Isso. Lembrando que Python vem com o módulo Turtle Graphics que permite desenhar pelos mesmos princípios de Logo e há diversas implementações de 'desenho imperativo'
[2017-08-09 10:26:51] https://www.reddit.com/r/learnpython/comments/1cbqz6/turtle_graphics_simple_font/
[2017-08-09 10:27:40] Ah! Que beleza de google fu, obrigado!
[2017-08-09 10:28:20] ele te deu um google fu que significa "não tem, faz"
[2017-08-09 10:28:24] de 4 anos atrás
[2017-08-09 10:28:56] Tou no celular não tinha aberto o link 😂
[2017-08-09 10:29:12] :p
[2017-08-09 10:29:14] Vou ter que fazer 😭
[2017-08-09 10:29:40] Mas vai ser legal ☺️
[2017-08-09 10:29:52] se não tiver com pressa/não quiser fazer eu posso fazer
[2017-08-09 10:29:57] gosto de fazer tipografias
[2017-08-09 10:30:40] Vamos fazer aberta/colaborativa :)))
[2017-08-09 10:30:53] 👍
[2017-08-09 10:31:18] É para o robô desenhista que a Monica construiu
[2017-08-09 10:35:10] o google fu do Juca nos leva ao cara desse post do Reddit... que realmente fez algo, vale investigar https://github.com/theepdinker/textturtle
[2017-08-09 10:40:48] Vou querer desenhar uma sim...
[2017-08-09 10:41:57] Uma outra questão interessante é que 'tartarugas' (robôs de desenhar) primitivas só sabem coordenadas polares relativas
[2017-08-09 10:43:32] Essa mais sofisticada do Python aceita coordenadas cartesianas absolutas. Vai ser um desafio legal implemtar isso.
[2017-08-09 10:50:13] eu gosto do desafio também
[2017-08-09 10:50:36] digamos que eu tenho um certo pézinho na tipografia, né... ;-)
[2017-08-09 10:52:24] sabe qual seria a coisa mais louca? Usar uma biblioteca em python que lê fontes TrueType (como o projeto fonttools do Behdad) e converter automativamente os outlines para comandos de turtle/logo
[2017-08-09 10:54:23] /me@jackbot
[2017-08-09 10:54:24] Renne
You've sent 16 (0%) messages and this group has 35571 messages.
[2017-08-09 11:00:49] :D
[2017-08-09 11:01:21] Ia ser bem legal isso
[2017-08-09 11:12:21] Bom dia
[2017-08-09 11:23:41] Bom dia
[2017-08-09 11:33:00] document: /home/felipe/devel/github_tvdstaaij/telegram-history-dump/output/media/Garoa_Hacker_Clube_(Público)/download_4924951372400427028.jpeg
[2017-08-09 11:44:38] Td tranquilo?
[2017-08-09 11:50:56] Entrevista do James Damore com o Stefan Molyneux
[2017-08-09 11:50:58] https://www.youtube.com/watch?v=TN1vEfqHGro
[2017-08-09 11:59:12] que absurdo!
[2017-08-09 13:12:02] tão absurdo que chega a ser cômico. o pior é que muita gente "pensa" como ele. tomara que mude :).
[2017-08-09 13:18:22] /me@jackbot
[2017-08-09 13:18:22] Kaue
You've sent 3 (0%) messages and this group has 35582 messages.
[2017-08-09 13:49:46] Exato. Tomara que mude.
[2017-08-09 13:51:24] Bom, tendo em vista que a ciência da computação começou com mulheres brilhantes sendo pioneiras eu tenho esperança que a mudança possa vir em uma ou duas décadas.
[2017-08-09 13:52:47] Por isso fico feliz com as meninas se divertindo com programação nas aulas que dou para crianças. Elas são a possibilidade do futuro, de um ambiente cultural melhor na tecnologia.
[2017-08-09 13:55:45] Link de uma educadora massa no Twitter: https://twitter.com/sailorhg/status/894630856232361984
[2017-08-09 14:17:54] /me@jackbot
[2017-08-09 14:17:55] Pedro
You've sent 10 (0%) messages and this group has 35587 messages.
[2017-08-09 14:25:11] https://beta.theglobeandmail.com/opinion/no-the-google-manifesto-isnt-sexist-or-anti-diversity-its-science/article35903359/?ref=http://www.theglobeandmail.com&
[2017-08-09 14:26:43] monospaced ficará mais fácil :p
[2017-08-09 14:30:21] Mano, apenas não. Não é ciência o que ele escreveu. Tem pesquisa científica sobre diferenças de gênero e simplesmente não bate com o que ele escreveu e nem é relevante para o sexismo tosco que é o que é o manifesto.
[2017-08-09 14:30:38] eu nao estou de acordo com este artigo, so linkei por linkar
[2017-08-09 14:31:03] e eu entendo seu posicionamento e interpretacao e partilho do mesmo principio
[2017-08-09 14:31:54] document: /home/felipe/devel/github_tvdstaaij/telegram-history-dump/output/media/Garoa_Hacker_Clube_(Público)/download_120138932577894496.webp
[2017-08-09 14:32:19] document: /home/felipe/devel/github_tvdstaaij/telegram-history-dump/output/media/Garoa_Hacker_Clube_(Público)/download_114573964927303758.webp
[2017-08-09 14:35:01] E a internet aqui indo pro saco
[2017-08-09 15:51:21] 👏👏👏👏
[2017-08-09 16:02:49] https://direitosnarede.org.br/c/governo-temer-ataca-CGI/
[2017-08-09 16:05:11] word 🙌🏻 ahaha
[2017-08-09 16:08:46] Marcelo Silva joined
[2017-08-09 16:08:47] Hi Marcelo !
[2017-08-09 16:12:26] alguém indica alguma loja, site para comprar um kit de arduino? mercadolivre é aceitavel ?
[2017-08-09 22:11:16] Pessoal, vaga de emprego nova no PyFreelas: http://www.pyfreelas.com.br/vaga/9
[2017-08-09 23:08:33] Por mais descrições de vagas como essa
[2017-08-09 23:09:12] Saber Python JS pronto !!!
[2017-08-09 23:13:58] eh... isso eh complicado, estou soh administrando o site que gere as vagas e nao a vaga em si, portanto n posso fazer nada
[2017-08-09 23:17:36] Foi um elogio é uma boa descrição direta e objetiva. Não precisa fazer chover como algumas por aí
[2017-08-09 23:45:29] Mais ou menos. Sabe python e js é bem vago. É para desenvolver web, desktop, embarcado. É para alguém com pouca experiência ou alguém com mta experiência? É CLT, PJ? Aceita home office?
[2017-08-09 23:45:46] Tem certas informações que deveriam ser obrigatórias de preencher
[2017-08-09 23:46:13] JS, é JS puro, React, Angular, Vue.js?
[2017-08-09 23:47:48] Vc pode "forçar" quem estiver divulgando a vaga a fornecer mais informações. Acho que local de trabalho e se aceita remoto e regime de contratação deveriam ser obrigatórios
