[2018-01-08 06:24:29] Bom dia pessoas :)
[2018-01-08 06:25:30] Acorda cedo heim
[2018-01-08 06:25:43] document: /home/felipe/devel/github_garoa/Telegram_logs_Garoa_Hacker_Clube_Publico/media/Garoa_Hacker_Clube_(Público)/download_352493360461644281.webp
[2018-01-08 06:26:08] Quais são os pré-requisitos pra usar impressora 3d do garoa? Esse curso é suficiente pra usar uma das duas mais simples?
https://www.instructables.com/class/Easy-3D-Printing/
[2018-01-08 06:26:34] Hahaha tou em fuso +3 em relação ao BR ^^ são 9h26 aqui
[2018-01-08 06:52:22] Meetup é uma ferramenta...
[2018-01-08 06:54:31] Concordo. Existem grupos de Meetup sobre culinária, viagens, ciclismo, hiking. É uma rede social que junta pessoas com interesses similares.
[2018-01-08 07:41:25] vc conhece a do garoa?
[2018-01-08 08:58:54] https://marc.info/?l=openbsd-misc&m=118296441702631&w=2
[2018-01-08 08:59:13] 2007 OpenBSD sobre Meltdown / Spectre =V
[2018-01-08 09:06:48] https://www.embarcados.com.br/tdk-ceracharge/?utm_source=nl211&utm_medium=e-mail&utm_campaign=Newsletter%20211
[2018-01-08 09:45:41] So vi que lá tem 3, uma é "avançada"... Mas nunca vi funcionando
[2018-01-08 10:36:34] https://marc.info/?l=openbsd-tech&m=151527717000808&w=2
[2018-01-08 12:13:52] https://www.youtube.com/watch?v=zhcV0UxOzdU
[2018-01-08 12:14:18] Quem juntava 80K no GT2 para poder comprar esse carro?
[2018-01-08 12:22:45] Meu objetivo no GT2 era o Suzuki Escudo kk
[2018-01-08 15:25:10] Hoje tem pythonlab?
[2018-01-08 15:26:02] @Biazzotto
[2018-01-08 15:31:01] Sim!! Tô tentando chegar em SP, mas acho que o @villares estará por lá
[2018-01-08 15:35:13] o/
[2018-01-08 15:35:20] Estarei lá
[2018-01-08 15:42:59] o lance não é só compra ele… é pagar o combustível pra ele beber
[2018-01-08 17:59:31] Isso era no Gran Turismo 2, um jogo de PlayStation, não precisava pagar combustível
[2018-01-08 18:00:04] Que horas o povo costuma chegar?
[2018-01-08 18:00:12] AHHH
[2018-01-08 18:00:17] Quero da vida real
[2018-01-08 18:00:32] foi mal a falta de leitura e conhecimento kkkkk
[2018-01-08 18:01:10] a partir de que horas mais ou menos o garoa esta aberto para o python?
[2018-01-08 18:04:26] 19h30
[2018-01-08 18:07:35] blzz
[2018-01-08 19:04:42] Já estou aqui no Garoa!
[2018-01-08 19:05:06] Aqui tá garoando também
[2018-01-08 19:05:29] Hahahaha...
[2018-01-08 19:22:40]  joined
[2018-01-08 19:40:30] 567 fundos, né?
[2018-01-08 19:41:03] Toco campainha?
[2018-01-08 19:46:19] Sim...
[2018-01-08 19:46:47] Deixamos o portão aberto, não precisa tocar a campainha... é só entrar e encostar o portão...
[2018-01-08 20:13:36] olha q daora: https://www.youtube.com/watch?v=pLjEy7UjVHs&feature=youtu.be&utm_content=buffer83a76&utm_medium=social&utm_source=twitter.com&utm_campaign=buffer
[2018-01-08 21:26:34] photo: /home/felipe/devel/github_garoa/Telegram_logs_Garoa_Hacker_Clube_Publico/media/Garoa_Hacker_Clube_(Público)/download_806120214_21963.jpg
[2018-01-08 21:36:44] Qq tu fez?
[2018-01-08 21:37:33] notebook nao eh pinico
[2018-01-08 21:37:35] so falando
[2018-01-08 21:49:39] document: /home/felipe/devel/github_garoa/Telegram_logs_Garoa_Hacker_Clube_Publico/media/Garoa_Hacker_Clube_(Público)/download_532584483098987977.mp4
[2018-01-08 21:56:00] empaquei num shellscript aqui
[2018-01-08 22:49:24] Não precisa muito, no seu caso, né?
[2018-01-08 23:20:36] Oi. Tem alguém aqui que é administrador na página do Garoa no Facebook?
[2018-01-08 23:21:02] @fernandoGuisso ?
[2018-01-08 23:28:18] Q vc precisa amigo?
[2018-01-08 23:30:17] Faz uns dois anos que alguém me bloqueou ou limitou minha participação na página, não consigo nem curtir. Não sei o porquê. Consegue me ajudar?
[2018-01-08 23:30:25] Valeu!
[2018-01-08 23:30:59] Uai, sei disso não, vou ver aqui, mas vou procurar saber o motivo tb kkk
[2018-01-08 23:32:17] 🙊🙈
