[2016-08-28 04:12:26] RPi 3/zero pra geral! Hehehe
[2016-08-28 09:20:26] Ahahhahahahhaha
[2016-08-28 09:34:21] Sim... sim... hahahaha...
[2016-08-28 12:02:29] Drones. Muitos drones!
[2016-08-28 12:58:58] cara, queria muito um pi zero pra montar um handheld
[2016-08-28 12:59:07] ou o pocketchip só
[2016-08-28 13:20:28] O Vinicius já tá fazendo uma lista da muamba da galera?
[2016-08-28 13:28:57] Traz uma mesa de bilhar pra mim, Vini.
[2016-08-28 15:43:53] Uma lista de sugestões aleatórias: ATtinys, kits da Sparkfun, placas da Texas, kits da Evil Mad Scientist, Beaglebone Black, uma laser cutter...
[2016-08-28 18:46:18] To pensando em trazer uns chips da TI
[2016-08-28 18:46:44] Falando sério, Vini, tem como trazer um baralho de Fluxx?
[2016-08-28 18:47:50] Putz yumi vou ver certinho pq vou voltar com uns servidores e tals
[2016-08-28 18:47:55] N sei como vai ser
[2016-08-28 18:49:04] Meu
[2016-08-28 18:49:09] Preciso de note leve e portatil
[2016-08-28 18:49:39] Que seja bom e de até uns USD$ 1k pra eu poder pedir desconto de estudante aqui
[2016-08-28 19:02:50] Bem, então pega algum projeto que te empolgue e vá aprendendo o que precisar para concluir ele.
[2016-08-28 19:03:06] Tenta fazer algo legal do hackaday ou qualquer coisaassim.
[2016-08-28 19:12:55] Teddy Ruxpin + C.H.I.P.:
https://chip.hackster.io/chip/c-h-i-p-py-ruxpin-5f02f1?ref=platform&ref_id=5276_trending___&offset=3
[2016-08-28 19:19:27] como usuária acer, recomendo os da acer. tenho um E1-572 de 15 polegadas, i5 4gb ram que só perde pro meu desktop na GPU
[2016-08-28 19:20:06] ele é bem fino (só que grande pela tela e teclado numérico), e eu acho ele bem leve. aposto que você consegue algo na linha deles bem melhor por US$1k
[2016-08-28 19:25:53] Acer++
[2016-08-28 20:24:31] Depois do Bash for Windows, agora temos o Powershell for Linux:
https://github.com/PowerShell/PowerShell/

Open Source, lançado sob licença MIT...
[2016-08-28 20:26:45] document: /home/felipe/devel/github_tvdstaaij/telegram-history-dump/output/media/Garoa_Hacker_Clube_(Público)/download_532580750772405044.mp4
[2016-08-28 20:27:03] Hahahahaha...
[2016-08-28 20:27:28] Tem quem goste
[2016-08-28 20:28:04] document: /home/felipe/devel/github_tvdstaaij/telegram-history-dump/output/media/Garoa_Hacker_Clube_(Público)/download_272479773299573010.webp
[2016-08-28 20:28:23] document: /home/felipe/devel/github_tvdstaaij/telegram-history-dump/output/media/Garoa_Hacker_Clube_(Público)/download_309446659895460262.webp
[2016-08-28 20:28:55] cara... nao vou discutir gosto...
[2016-08-28 20:29:14] e so posso achar bom mais um software livre
[2016-08-28 20:30:26] mas eu esperaria a comunidade dar uma boa revisada na parada...
[2016-08-28 20:31:21] Ele tem um stdio baseado em objetos, e não texto. Isto deve facilitar algumas coisas mais elaboradas, que normalmente eu faria em Python
[2016-08-28 20:35:50] eh aquilo... windows eh um cacete de automatizar coisas, pq ele foi feito para clicar, ne? ai eh logico que ganhou fas enter todos aqueles que cuidam de maquinas com windows, por vontade ou obrigados
[2016-08-28 20:36:55] no meu mundo (que antes eu diria que era de *nix, ma agora eh so linux), o bom e velho shellscript resolve
[2016-08-28 20:37:09] e logico, tem os puppets da vida...
[2016-08-28 20:41:41] Tava pensando em fazer algo no Garoa no Hour of Code este ano...
[2016-08-28 20:41:51] 3 a 7 de outubro
[2016-08-28 20:41:53] https://hourofcode.com/br#join
[2016-08-28 20:42:59] @Fabiohirano lembra daquela conversa de fazer mais atividades com niños e niñas no Garoa?
[2016-08-28 20:43:48] legal
[2016-08-28 20:43:50] eu super topo
[2016-08-28 20:44:02] :)
[2016-08-28 20:48:32] Pensei em inscrever 4/10 (uma terça) 19h-20h será que alguém consegue trazer crianças nesse horário?
[2016-08-28 20:49:53] ou seria melhor na quarta uma opção de manhã e outra à tarde?
[2016-08-28 21:43:28] sábados são os dias que dão certo
[2016-08-28 21:43:45] Por conta dos horários de escola
[2016-08-28 21:48:58] sábado eu nunca posso
[2016-08-28 21:49:37] e se não me engano essa semana do Hour of Code não pega um final de semana
[2016-08-28 21:50:28] (foi olhar, 3 a 7 é de segunda a sexta)
[2016-08-28 21:51:34] (bom... sábado eu poderia mais no fim da tarde, podemos fazer algo sim, mas para o Hour of Code precisaria ser durante essa semana...)
[2016-08-28 21:54:46] Mudando um pouco de assunto, alguém ouviu falar de um filme chamado 'Hidden Figures'? http://www.vanityfair.com/culture/2016/08/katherine-johnson-the-nasa-mathematician-who-advanced-human-rights
[2016-08-28 23:06:11] podemos fazer durante a semana... acho que rola chamar crianças... sempre aparecem algumas
[2016-08-28 23:06:20] se direcionar pra adolescentes, certamente lota
[2016-08-28 23:09:57] Legal Yumi, vamos conversar mais um pouco
[2016-08-28 23:10:09] (hoje eu tou encerrando aqui)
[2016-08-28 23:10:18] aí eu inscrevo o evento
[2016-08-28 23:10:56] resumindo, tou querendo fazer, mas vou esperar um pouquinho e conversar antes de inscrever
[2016-08-28 23:11:12] beijos e boa noite!
[2016-08-28 23:12:20] Boa noite!!!
[2016-08-28 23:24:26] Quinta dia 1º tem papo aberto e live coding sobre Django & AJAX com Eduardo Cuducos
https://plus.google.com/events/cuq69oss8gjevd66av0coaklqns?authkey=COuxzN63uaz_hAE
