[2017-08-08 03:12:55] Que projeto é esse?
[2017-08-08 08:00:12] Encontrei isso sobre o Teixeirinha https://www.imed.edu.br/Comunicacao/Noticias/novidade-fisl--hackerspace--voce-sabe-o-que-e-
[2017-08-08 08:45:37] Bom dia, eu li em algum lugar que no Garoa tem uns equipamentos de música, por um acaso vocês usam alguma placa de áudio usb/FireWire? Tô procurando alguma que seja compatível com GNU/Linux, de preferência que tenha uns 8 canais
[2017-08-08 08:53:58] Acho que não temos placa não Mas lembro que @rodrigopitanga tinha uma placa maudio, não sei o modelo. Mas parece que funciona no Linux.
[2017-08-08 08:58:09] M-audio, n lembro o modelo. Ta no garoa.
[2017-08-08 09:07:16] Firmeza, vou procurar umas m-áudio aqui, valeu 😎
[2017-08-08 09:17:01] GNU!
[2017-08-08 09:17:16] No GNU não funciona. :)
[2017-08-08 09:18:04] http://www.dummies.com/programming/electronics/components/electronics-components-double-up-with-the-556-dual-timer/
[2017-08-08 09:18:20] 556 membros no grupo :-)
[2017-08-08 09:20:40] document: /home/felipe/devel/github_tvdstaaij/telegram-history-dump/output/media/Garoa_Hacker_Clube_(Público)/download_599725048252596475.webp
[2017-08-08 09:20:41] Repeat after me. There's no system but GNU, and Linux is one of it's kernels.
[2017-08-08 09:24:20] Me recordo que quando a Microsoft sentia competição de Linux e fazia campanha contra, essa era uma das reclamações - que o software livre era uma convicção política, não apenas um produto. Ou seja, não tinham como nada como argumento
[2017-08-08 09:26:07] Aqui já vai alguns passos mais ao extremo, como fé religiosa :)
[2017-08-08 09:27:32] Mike, essa frase soa propositalmente religiosa. Faz parte de uma piada recorrente que o Stallman faz quando ele se veste de "Saint iGNUcius"
[2017-08-08 09:27:48] Piada com um certo fundo de verdade, entretanto :-D
[2017-08-08 09:28:40] https://stallman.org/saintignucius.jpg
[2017-08-08 09:29:06] https://www.youtube.com/watch?v=S76pHIYx3ik
[2017-08-08 09:30:15] https://tech.slashdot.org/story/17/08/08/0433234/google-fires-author-of-divisive-memo-on-gender-differences
[2017-08-08 09:32:47] Alguém aqui já brincou com CRISPR?
[2017-08-08 09:32:52] Bom dia pessoal, alguém pretende passar no garoa hoje à noite?
[2017-08-08 09:55:06] There are many Systems and BSD is one of 'em. #Unix 'cause GNU is Not Unix! Hehehe
[2017-08-08 09:56:41] claro :-) É só uma piada
[2017-08-08 09:57:31] Sim, eu sei. Só tô fazendo piada em cima da piada
[2017-08-08 09:59:50] E aproveitando o acrônimo recursivo
[2017-08-08 11:39:13] Cara dar atenção pra ua pessoa que fala do vim, que tem algo melhor ?
[2017-08-08 11:39:45] Ai @Gutemhc  pra quem queraprender https://diariodotransporte.com.br/2017/08/04/sptrans-abre-chamamento-publico-para-empresas-interessadas-em-melhorar-sistema-do-bilhete-unico/
[2017-08-08 11:42:02] Pessoal, quero divulgar aqui uma boa referência de site que eu conheço a um tempão, http://numaboa.com.br/ antigamente era conhecido como oiciliS, tem muito material sobre assembly, engenharia reversa, linux etc...muita coisa legal... enfim estou compartilhando porque curto muito esse site e é BR
[2017-08-08 11:50:43] Vovó Vicky!!!!
[2017-08-08 11:52:01] Será que vai ser tipo a Urna? Pode mexer mas não pode mexer...
[2017-08-08 12:00:53] Creio que sim
[2017-08-08 12:01:04] Vão liberar api so
[2017-08-08 12:01:12] Mais ja da uma boa ideia
[2017-08-08 12:38:56] o que é isso ? É pra fazer retiro hacker ?
[2017-08-08 13:20:32] Ca4ti Ti joined
[2017-08-08 13:20:32] Hi Ca4ti !
[2017-08-08 13:21:23] tem um tutorias de programação, criptografia, desafios etc...veja a parte. Na seção informática tem mais coisas: http://numaboa.com.br/informatica
[2017-08-08 16:10:13] https://motherboard.vice.com/pt_br/article/ywwmpx/jovens-reimaginam-o-seculo-xix-com-tecnologias-do-futuro
[2017-08-08 16:10:24] Steamcon, que rolou esse fim de semana
[2017-08-08 16:46:30] Copyright © 1998:-D
[2017-08-08 18:11:26] Thiago Parera joined
[2017-08-08 18:11:26] Hi Thiago !
[2017-08-08 18:11:38] Alguem pretende ir no garoa hj?
[2017-08-08 18:13:10] Boa tarde a todos, tenho conhecimento básico em programação, venho a esse grupo, ver se podem me ajudar, preciso de alguém para me orientar em uma start up q estou criando
[2017-08-08 18:15:28] Vou passar lá
[2017-08-08 18:16:02] Estou a 1h de la
[2017-08-08 18:16:07] A caminho
[2017-08-08 18:16:14] Eu talvez vá
[2017-08-08 18:16:16] daqui a pouco
[2017-08-08 18:16:30] Cola no Garoa
[2017-08-08 18:16:45] Bora bater um papo
[2017-08-08 18:18:58] Em linhas gerais, o Garoa é lugar de diversão, fazer amigos, bater papo, etc. Não é lugar de trabalhar. Dito isso, não há nada de errado em eventualmente abrir uma empresa com pessoas que você conheceu por lá. Eu mesmo o fiz uns 5 ou 6 anos atrás. E tem gente que trabalha lá do Garoa em esquema home-office. Não é o objetivo do clube, mas também não é proibido (desde que não atrapalhe o hacking!).
[2017-08-08 18:28:00] Valeu a todos, se for rolar hj passo lá tb
[2017-08-08 18:38:17] Nice :)
[2017-08-08 19:08:12] Isso deve ser ótimo. É extremamente deprimente trabalhar em casa sozinho.
[2017-08-08 19:23:48] Alguem no garoa?
[2017-08-08 19:25:03] Status ta aberto
[2017-08-08 19:25:05] Porem
[2017-08-08 19:25:14] photo: /home/felipe/devel/github_tvdstaaij/telegram-history-dump/output/media/Garoa_Hacker_Clube_(Público)/download_803113181_112005.jpg
[2017-08-08 19:27:38] Rodrigo que horas que o pessoal chega? Vou sim
[2017-08-08 19:30:06] Estou no lgo da batata
[2017-08-08 19:30:21] Jajá chego lá
[2017-08-08 19:30:56] Demoro :)
[2017-08-08 19:32:52] Hoje daqui a pouco às 20h vamos fazer a Live do Castálio Podcast falando sobre Produção e Edição de Áudio no Linux!
com o Danilo J. S. Bellini. Tem interesse em Linux e Áudio? entra ai e se inscreve e participe do chat enviando perguntas!

Vai ter sorteio de ingresso para a RubyConf! :) 

http://youtu.be/57f3G0A6cnM
[2017-08-08 19:35:19] Foi vc que entro agora man?
[2017-08-08 20:06:08] Estou aqui na porta, alguém no espaço?
[2017-08-08 20:15:14] Sim
[2017-08-08 20:15:14] Entra ai
[2017-08-08 20:15:14] Sorry
[2017-08-08 20:22:17] photo: /home/felipe/devel/github_tvdstaaij/telegram-history-dump/output/media/Garoa_Hacker_Clube_(Público)/download_803112222_120872.jpg
[2017-08-08 21:12:12] Desculpa Rodrigo demorou para chegar aqui a mensagem, acabei saindo pq vi q vcs estavam on line
[2017-08-08 21:54:14] Estamos aqui dentro
[2017-08-08 22:06:05] Engraçado, queria carregar o celular, mas estou num ônibus.  Coloquei a mão embaixo do banco, levei um choque.. achei um cabo 110v
[2017-08-08 22:18:49] photo: /home/felipe/devel/github_tvdstaaij/telegram-history-dump/output/media/Garoa_Hacker_Clube_(Público)/download_804721141_12437.jpg
[2017-08-08 22:18:55] Tá tendo pão no Garoa
[2017-08-08 22:26:21] Eita
[2017-08-08 22:40:34] É daqueles ônibus que tem porta USB?
[2017-08-08 22:43:09] Aliás, eu adorei o clima do garoa. Tem uma galera dividindo conhecimento e conversando e falando porcaria, e ao mesmo tempo que a galera faz umas coisas mais profissionais, o pessoal também faz cerveja e pão e tal
[2017-08-08 22:46:00] E de madrugada, criamos unicornios 😇
[2017-08-08 22:46:07] Nisso posso colaborar im pouco
