[2016-07-27 09:27:21] document: /home/felipe/devel/github_tvdstaaij/telegram-history-dump/output/media/Garoa_Hacker_Clube_(Público)/download_272479773299573040.webp
[2016-07-27 09:28:05] I'm in
[2016-07-27 10:56:16] reduzindo o escopo da pergunta, o mapa da cachaça está na casa 0? quem mais está lá?
[2016-07-27 11:13:13] não sei dizer
[2016-07-27 13:05:30] A quem interessar, amanhã a partir de 9:30 terá audiência pública na Anatel sobre exposição a campos eletromagnéticos. É para discutir mudanças no Regulamento vigente. Com transmissão pela Internet.
[2016-07-27 14:09:38] Sabe por onde dá pra assistir?
[2016-07-27 14:12:20] mms://eventos.anatel.gov.br/streaming1
[2016-07-27 14:13:26] Ou
http://wm02.mediaservices.ws/jadervb-live/
[2016-07-27 14:18:35] Valeu!
[2016-07-27 17:56:28] Pergunta de preguiçoso... alguém sabe de cabeça fazer 'strike through' no wiki do Garoa?
[2016-07-27 18:03:36] so lembro itálico e negrito de wiki markup
[2016-07-27 18:06:51] achei...   

<strike> strike text </strike>
[2016-07-27 18:07:00] aqui https://www.mediawiki.org/wiki/Help:Formatting
[2016-07-27 19:46:40] Hoje está rolando Hackids no Garoa Hacker Clube?
[2016-07-27 20:06:45] Não...
[2016-07-27 20:07:10] O pessoal tá discutindo a programação do dia do Fab Lab
[2016-07-27 20:07:23] Eu tô aqui
[2016-07-27 20:07:31] Entendi, beleza.
[2016-07-27 20:13:30] Tinha uma turminha da USP aqui
[2016-07-27 20:13:54] Falando em hackids. ontem mc hackudão tava no garoa pra atividade de music hack
[2016-07-27 20:14:16] Perguntei porque estou numa reunião do Code for São Paulo, e tem um rapaz que deixou de vir na reunião porque estaria numa reunião no Garoa...
[2016-07-27 20:14:23] photo: /home/felipe/devel/github_tvdstaaij/telegram-history-dump/output/media/Garoa_Hacker_Clube_(Público)/download_803701337_63815.jpg
[2016-07-27 20:14:33] Sérião?
[2016-07-27 20:14:39] Perdi isso :(
[2016-07-27 20:14:47] Porra
[2016-07-27 20:14:51] Perdi
[2016-07-27 20:15:22] Vai sair uns negócios legais* agora
[2016-07-27 20:15:39] Como tá o Code for SP?
[2016-07-27 20:16:19] Fui escutar uma música dele ontem
[2016-07-27 20:16:24] Dei risada viu
[2016-07-27 20:16:28] Agora eu volto a aparecer
[2016-07-27 20:16:50] hauhauhauah epico
[2016-07-27 20:17:31] Vai ficar profissa agora
[2016-07-27 20:17:46] agora sim
[2016-07-27 20:17:57] Jaja ter clipe do kondzilla
[2016-07-27 20:18:31] Está legal, muitas ideias legais...
[2016-07-27 20:30:52] Vou chamar o pessoal da GR6 então
[2016-07-27 20:32:28] Não precisa rapa
[2016-07-27 20:34:25] Gr6 é onde mc brinquedo está agora né?
[2016-07-27 20:36:31] Pior que não sei
[2016-07-27 20:38:58] Suave
[2016-07-27 20:44:51] Mas eh só produtores
[2016-07-27 20:45:03] Eles vivem pulando
[2016-07-27 20:45:06] De um pro putro
[2016-07-27 21:11:18] esse do fundo estava na cryptorave, eu o vi com a mesma bandana na cara
[2016-07-27 21:11:45] Me disseram que ele tava sábado
[2016-07-27 21:11:50] Na hackaflag
[2016-07-27 21:11:51] Mas nem vi
[2016-07-27 21:11:54] Foi
[2016-07-27 21:12:03] Eu liguei a pessoa bem depois
[2016-07-27 21:12:19] Na cryptorave eu não tava bem pra reconhecer ele
[2016-07-27 21:12:37] Não tava reconhecendo nem os conhecidos direito
[2016-07-27 21:34:14] The cachacero
[2016-07-27 21:40:29] Era sono
[2016-07-27 21:43:49] Já fui de menor e vivia com sono.. sei como é
[2016-07-27 21:52:07] Amanhã essa condição acaba
[2016-07-27 22:08:28] Hahaha  o cara é muito gente boa
[2016-07-27 22:09:35] Pelo q entendi deu alguma treta q ele foi pro Gr6 sim, ele até fez um clipe com o Mc Hariel que é do Gr6
[2016-07-27 22:09:57] hum
[2016-07-27 22:10:10] Isso tu faz 18 anos e sono para na hora kakakaka
[2016-07-27 22:12:52] Kkkkk
[2016-07-27 22:13:11] Sono vira cachaça
[2016-07-27 22:56:57] https://photos.google.com/share/AF1QipPYkuTPqpLWwsAjUqAVtPyjtPUWXdvWs7_1fx9co4KGNOvYEkEukxTEp2DpYZArNg?key=enVycW9TMUNqcFZJSjhBX2lWSEFoS3VibVM4eXV3
[2016-07-27 22:57:14] 👆Mike fez esse album massa!
[2016-07-27 23:16:00] dei uma flodada com fotos minhas lá...
[2016-07-27 23:16:48] @erickemi eh seu último dia da maldade impune
[2016-07-27 23:16:52] Aproveite
[2016-07-27 23:47:34] cada um que aparece no irc, viu
