[2016-10-09 00:06:25] Galera, vai ter inscrição de imprensa no eHAL?
[2016-10-09 00:06:31] va querendo ir para gerar conteúdo para o canal.
[2016-10-09 00:09:05] acho que nao falamos nada sobre imprensa, qual sua ideia?
[2016-10-09 00:22:43] Oi, Felipe, qual veículo?
[2016-10-09 00:49:02] Se bem me lembro, tem o "carioca hackerspace"
[2016-10-09 01:21:20] https://wiki.hackerspaces.org/Rio_de_Janeiro
[2016-10-09 02:29:14] Então
[2016-10-09 02:29:28] Eu tava querendo ir no eHAL gravar para o meu canal, o Navarro Eletrônica
[2016-10-09 02:29:42] Maas passagem + hotel + entradas fica meio pesado
[2016-10-09 02:34:00] Sim, tem o Carioca Hackerspace. Eu sou co-fundador. Estamos funcionando no Centro da Cidade em duas salas comerciais.
[2016-10-09 10:12:41] Estou querendo ir lá,estou com uma idéia de desenvolver um sistema especialista envolvendo inteligência artificial,levantei quais tecnologias usar,só falta aprender Javascript bem..
[2016-10-09 11:30:18] Passagem não podemos providenciar, mas tem hospedagem barata que eu posso indicar. Infelizmente não moro mais em São Paulo para te oferecer um quarto
[2016-10-09 11:31:23] Alguém lembra qual o glifo que vira um símbolo de metrô na fonte do Garoa?
[2016-10-09 11:32:50] Se rolar uma caravana do Rio, dá para conseguir preços bacanas em hostels
[2016-10-09 11:49:01] achei: ↕
[2016-10-09 12:04:45] Sempre que precisar:
http://www.myfonts.com/fonts/justintype/garoa/clube-bold/glyphs.html
[2016-10-09 12:07:51] Valeu, boa dica! Passei nesse site mas não achei essa página! Acabei achando no font viewer do sistema.
[2016-10-09 12:33:02] document
[2016-10-09 12:33:42] gif animado não tá subindo no Telegram :(
[2016-10-09 12:33:53] esse mp4 não tá loopando :(
[2016-10-09 12:33:54] Aqui funcionou...
[2016-10-09 12:34:04] esse é mp4
[2016-10-09 12:34:43] https://twitter.com/garoahc/status/785137817718358017
[2016-10-09 12:35:38] Tanto o Telegram quanto o WhatsApp convertem GIF animado em MP4...
[2016-10-09 12:35:41] aqui funfou
[2016-10-09 12:35:46] :)
[2016-10-09 12:36:17] agora tá loopando o mp4 pelo menos
[2016-10-09 12:36:38] Aqui também, com loop...
[2016-10-09 12:36:50] \o/
[2016-10-09 12:56:55] Boa tarde Alexandre. Essa Oficina: Desenhando com programação em Python+Processing que você fará necessita de algum conhecimento em Python? Minha filha tem 14 anos e não conhece nada de programação.
[2016-10-09 13:01:50] Nenhum conhecimento prévio é preciso!
[2016-10-09 13:02:30] opa, valeu @villares vou levá-la então
[2016-10-09 13:02:39] 😊
[2016-10-09 13:02:53] mas darei umas dicas de python antes, rss
[2016-10-09 15:40:19] Juro que não precisa se preocupar!
[2016-10-09 16:14:57] A galera nem animou, só está indo eu e o meu sócio mesmo mas além de tudo mais 80 pratas da entrada fica pesado para a gente. Então queria trocar a entrada por cobertura no canal 😍
[2016-10-09 16:15:41] Me manda teu telefone via PVT que eu te coloco lá no grupo. A gente está atualmente se reunindo segundas e sábados e o projeto que a galera está desenvolvendo é a montagem de uma impressora 3D
[2016-10-09 17:09:51] Cara, podem pagar a meia entrada de 30 reais
[2016-10-09 17:10:14] Aliás, isso vale para qualquer um
[2016-10-09 18:18:35] Galera, saiu um vídeo sobre o um osciloscópio muito massa que comprei aqui para o laboratório do canal. Queria compartilhar com vocês: https://www.youtube.com/watch?v=rFpjOG_e5XI
[2016-10-09 18:20:22] Alguém já instalou o VMD e/ou MGLtools em debian/derivados?
[2016-10-09 20:06:19] Se você for fazer mesmo acho que vou ter uma brincadeira para a garotada... o meu baleiro agora lê email.
[2016-10-09 20:07:22] photo: /home/felipe/devel/github_tvdstaaij/telegram-history-dump/output/media/Garoa_Hacker_Clube_(Público)/download_803717933_113120.jpg
[2016-10-09 20:07:40] (foto antigo, agora está sem os sensores)
[2016-10-09 20:31:34] Show... gostei...
[2016-10-09 20:38:21] Bacana
[2016-10-09 22:17:30] Ah, valeu. Ela ficou empolgada!
