[2016-09-17 00:04:46] http://m.tecmundo.com.br/google/109515-google-entregar-r-650-mil-hackear-smartphones-android.htm?f&utm_source=facebook.com&utm_medium=referral&utm_campaign=thumb
[2016-09-17 00:05:16] 🤑🤑
[2016-09-17 11:42:20] pessoal, alguem sabe dizer onde encontro um Arduíno barato na santa?
[2016-09-17 11:43:46] Hauahauahau
[2016-09-17 11:43:57] poizé
[2016-09-17 11:44:30] Tem várias que vendem uns compatíveis...tem um prédio  cheio das lojinhas q no primeiro andar, a ultima loja a esquerda tem...vou descolar o numero aqui
[2016-09-17 11:45:19] Hey, alguém vai no Garoa hoje à noite?
[2016-09-17 11:45:40] Chance grande
[2016-09-17 11:46:04] Beleza, já estava achando que ia ficar na depre sozinho lá hoje à noite
[2016-09-17 11:46:17] vou passar mais tarde
[2016-09-17 11:46:23] Enchendo a cara de fluxo
[2016-09-17 11:46:26] ahuahau
[2016-09-17 11:46:29] nao nao
[2016-09-17 11:46:32] eu vou
[2016-09-17 11:46:43] @DQuadros cola la!
[2016-09-17 11:47:03] o plano eh ir, o problema eh que o alvara eh instavel
[2016-09-17 11:47:19] pode acontecer dos meninos comecarem a dar trabalho, sabe?
[2016-09-17 11:47:46] pitanga, para que vc quer o arduino?
[2016-09-17 11:48:01] devo ter uns aqui..
[2016-09-17 11:48:34] Perfeitamente entendível
[2016-09-17 12:10:22] prum curso segunda. os meus estão montados num bagulho e to com preguiça
[2016-09-17 12:13:08] Gente rica é outra história
[2016-09-17 12:16:32] +1
[2016-09-17 12:16:49] pitanga, no garoa tem uns 8 ou 10 duemilenove
[2016-09-17 12:16:56] doacao do marcelo do lab de garagem
[2016-09-17 12:17:08] estao guardados, se pegar e trazer de volta, nao vejo mal
[2016-09-17 12:27:09] Estarei lá... daqui a pouco estamos indo para lá...
[2016-09-17 12:31:50] blz
[2016-09-17 12:40:35] Passo lá no fim da tarde.
[2016-09-17 12:40:57] mandei um email para os velhacos, o ramalho falou que aparece
[2016-09-17 12:41:30] o aleph esta com problema no email:
Delivery to the following recipient failed permanently:

     alberto.fabiano@gmail.com

Technical details of permanent failure:
Google tried to deliver your message, but it was rejected by the server for the recipient domain gmail.com by gmail-smtp-in.l.google.com. [2607:f8b0:400d:c0e::1b].
[2016-09-17 12:51:27] Alguém usa o email dele ainda?
[2016-09-17 13:16:39] Deve ser alguma coisa do google
[2016-09-17 13:16:59] Eles tem adotado uns protocolos, arrastando o mercado junto
[2016-09-17 13:17:15] Smtp ipv6
[2016-09-17 13:18:00] Infelizmente a dificuldade de contato com o Aleph não é um problema técnico...
[2016-09-17 13:18:20] E sim, ainda existem algumas coisas amarradas ao email dele.
[2016-09-17 13:18:40] Por exemplo, pra usar o smtp do google tem que logar via web antes e fazer uns rituais
[2016-09-17 13:19:46] Mas o Aleph continua sócio do Garoa. E de vez em quando aparece até no status da sede!
[2016-09-17 13:21:42] Alguém a fim de fazer o layout de algumas placas para a oficina de solda do Dia das Crianças?
[2016-09-17 13:22:39] Eu tenho algumas sugestões de circuitos, alguns já estão feitos no Kicad mas precisa revisar o layout pois eu não tenho experiência com isto.
[2016-09-17 13:22:48] tentou os outros 10 emails dele? void@techberto.com, certeza q tem um tunel SSH pro alem
[2016-09-17 13:22:59] https://github.com/garoa/Circuitos-Simples
[2016-09-17 13:23:01] garoa | Circuitos-Simples

Circuitos simples para montagem em oficinas

Language: Eagle
Forks: 1
Stars: 0
Issues: 1
[2016-09-17 13:23:29] Nooooo! Bot burro! É Kicad não Eagle!
[2016-09-17 13:24:05] @aylons q hs vc vai pro garoa?
[2016-09-17 13:24:12] https://garoa.net.br/wiki/Circuitos_Simples
[2016-09-17 13:24:32] 👍
[2016-09-17 14:45:23] photo: /home/felipe/devel/github_tvdstaaij/telegram-history-dump/output/media/Garoa_Hacker_Clube_(Público)/download_803711183_97706.jpg
[2016-09-17 14:49:35] http://www.youtube.com/watch?v=g-tWN5GXJFI
[2016-09-17 14:58:48] Software Freedom Day:
https://media.libreplanet.org/mgoblin_media/media_entries/1477/2016-SFD-V1-metadata2.webm legendas por Cascardo e Adriano: http://kretcheu.com.br/2016-SFD-V1-metadata2.srt
[2016-09-17 15:00:36] Estou indo pro garoa tentar flashar minha BIOS (libreboot)
[2016-09-17 15:25:23] posso ajudar.. queria ficar em casa hoje mas acho melhor fazer um esforço e ir pro garoa
[2016-09-17 15:38:34] na verdade acho que não vou poder ir porque eu tenho um bocado de coisas que preciso terminar pra faculdade
[2016-09-17 15:38:41] haha desculpa
[2016-09-17 15:38:57] mas eu posso dar uma olhada nos layouts depois
[2016-09-17 16:41:54] alguem de carro pode comprar cerveja no caminho? quarta pelo menos não tinha
[2016-09-17 16:56:52] Já estou no Garoa.
[2016-09-17 17:00:35] a caminho
[2016-09-17 17:00:47] olha essa: " Exceptions should be a truly rare thing, UserHasDiedAtKeyboard type situations."
[2016-09-17 17:00:49] AHuHAhUAHhAHUA
[2016-09-17 17:08:54] document
[2016-09-17 18:01:58] Estou a caminho
[2016-09-17 18:30:50] acho q vou lá pelas 8
[2016-09-17 20:46:14] https://twitter.com/Cmdr_Hadfield/status/777272900940361733
[2016-09-17 21:06:57] https://www.youtube.com/watch?v=-7jlRfqaYuY
@aylons
[2016-09-17 21:31:21] alguem no garoa agora?
[2016-09-17 22:10:27] Sim
[2016-09-17 22:10:29] photo
[2016-09-17 22:16:43] 👍
