[2018-02-10 01:13:25] https://spaceflightnow.com/2018/02/09/soyuz-rocket-positioned-on-launch-pad-for-station-resupply-flight/
[2018-02-10 01:13:39] https://www.youtube.com/watch?v=Gi9NwUhhd4M
[2018-02-10 01:36:25] https://yro.slashdot.org/story/18/02/09/1714229/russian-nuclear-scientists-arrested-for-bitcoin-mining-plot
[2018-02-10 01:50:07] Ploughing 1 TB of RAM with Twenty x86 Oxen and 10,000 RISC-V Chickens - Breakfast Bytes - Cadence Blogs - Cadence Community
https://community.cadence.com/cadence_blogs_8/b/breakfast-bytes/posts/risc-v-workshop-2?utm_source=feedburner&utm_medium=feed&utm_campaign=Feed:+cadence/community/blogs+(Cadence+Blogs)&&annerid=7847
[2018-02-10 01:50:19] Boas notícias
[2018-02-10 01:50:50] Chip open source com software open tbm
[2018-02-10 05:00:03] https://www.youtube.com/watch?v=C-V1uXeyGmg
[2018-02-10 08:54:33] photo: /home/felipe/devel/github_garoa/Telegram_logs_Garoa_Hacker_Clube_Publico/media/Garoa_Hacker_Clube_(Público)/download_804728336_109639.jpg
[2018-02-10 10:19:08] 😂😂😂
[2018-02-10 10:50:29] Arthur Oreana joined
[2018-02-10 12:48:44] document: /home/felipe/devel/github_garoa/Telegram_logs_Garoa_Hacker_Clube_Publico/media/Garoa_Hacker_Clube_(Público)/download_150229821346022369.webp
[2018-02-10 13:02:49] S3rg10 joined
[2018-02-10 13:15:22] photo: /home/felipe/devel/github_garoa/Telegram_logs_Garoa_Hacker_Clube_Publico/media/Garoa_Hacker_Clube_(Público)/download_806124878_40149.jpg
[2018-02-10 13:20:29] Show
[2018-02-10 13:20:34] Alguém no garoa?
[2018-02-10 13:21:37] @AllanTrindad disse que vai abrir pro CTF
[2018-02-10 13:21:42] https://garoa.net.br/wiki/Carnahacking_2018
[2018-02-10 13:22:34] Right
[2018-02-10 13:28:51] Talvez eu vá a noite
[2018-02-10 13:55:21] photo: /home/felipe/devel/github_garoa/Telegram_logs_Garoa_Hacker_Clube_Publico/media/Garoa_Hacker_Clube_(Público)/download_806117634_39737.jpg
[2018-02-10 13:55:39] Dia de compras na Santa Ifigenia
[2018-02-10 13:56:03] Quanto saiu esse kit?
[2018-02-10 13:57:45] Tudo isso por 106
[2018-02-10 13:58:02] Só o ferro de solda foi 49,50
[2018-02-10 14:05:11] Preço razoavel, se fosse comprar em bairro, acho que soh o ferro sairia uns 65
[2018-02-10 14:06:37] Não sei aonde comprou, mas na rua timbiras,299 - Dabi costuma ter uma preço sempre melhor..
[2018-02-10 14:07:18] 👏
[2018-02-10 14:08:46] Eu tb uso esta pasta laranja, mas deve ter cuidado por ela ser condutiva, dependendo do trabalho, deve sempre redobrar a limpeza da placa com alcool Isopropilico ..
[2018-02-10 14:14:55] Leigo: qual o uso dessa pasta?
[2018-02-10 14:17:02] Dei uma olhada aqui no waze e hj está a mesma babilonia de ruas fechadas no entorno do garoa
[2018-02-10 14:19:22] https://youtu.be/1tMLtaSpm3Y
[2018-02-10 14:23:21] document: /home/felipe/devel/github_garoa/Telegram_logs_Garoa_Hacker_Clube_Publico/media/Garoa_Hacker_Clube_(Público)/download_5186131915672911959
[2018-02-10 14:24:28] Brassagem no lhc
[2018-02-10 14:27:25] Show! É o seu aparelhinho
[2018-02-10 14:31:47] Foi na Timbiras 154. Cheguei a ir na galeria do número 245 wue indicaram aqui, mas não tinha ferro de solda da Hikari, e como não conhecia outra marca, procurei outro lugar
[2018-02-10 14:33:19] Não sei se falaram para você mas esse fluxo aí se usado com eletrônica vai dar merda. Ele é condutivo e NÃO DEVE ser usado para componentes eletrônicos
[2018-02-10 14:34:47] Foi bom me avisa, pois eu faria merda, hehehe
[2018-02-10 14:35:26] Esse fluxo aí é só e somente para fios elétricos
[2018-02-10 14:42:15] já usei um suporte de solda que tive vários problemas pqp
[2018-02-10 14:49:37] Alguém no garoa?
[2018-02-10 15:12:18] Uso sempre e nunca deu merda
[2018-02-10 15:12:43] Talvez seja sorte
[2018-02-10 15:13:00] Tô pensando em jogar na Mega-Sena
[2018-02-10 15:13:07] Um grande amigo perdeu US$10k em componentes porque um cara que ele contratou usou esse fluxo.
[2018-02-10 15:13:19] Essa merda fica entre os pinos dos TQFPs da vida e dá curto
[2018-02-10 15:13:42] Oxida eventualmente
[2018-02-10 15:13:50] Mas curto, sei nao
[2018-02-10 15:14:09] Nem em sinal da problema
[2018-02-10 15:14:09] Não, pega o multímetro, coloca nele aí, você vai ver, tem uma resistência bem baixa
[2018-02-10 15:14:21] Mas vc tá falando de marca específica?
[2018-02-10 15:14:25] Até o Amtech dá problema com sinais muito rápidos: https://produto.mercadolivre.com.br/MLB-952736684-fluxo-de-solda-pastoso-amtech-nc-559-asm-100g-bga-reballing-_JM
[2018-02-10 15:14:32] Ou de pasta em geral?
[2018-02-10 15:14:48] ~Eu estou falando daquele que o cara comprou
[2018-02-10 15:14:59] Ele é para elétrica
[2018-02-10 15:15:01] Hum
[2018-02-10 15:15:04] E conduz
[2018-02-10 15:17:08] Tem que ter MUITO cuidado para não se ferrar em uma dessas
[2018-02-10 15:26:18] Senão me engano na própria embalagem não recomendo uso em eletrônica
[2018-02-10 15:58:30] Paguei 25 esses dias na MRD, Timbiras não sei o número mas é antes da Multi
[2018-02-10 17:09:37] Última chance para definir a data, dia 1 ou 8/3 estão na frente.
[2018-02-10 17:09:50] Aos interessados no workshop de Data Analytics e Dashboard com Qlikview  vamos definir uma data. Escolham pelo link.
https://goo.gl/wx6mZV
[2018-02-10 17:21:58] gente, só pra informar, na pagina do carnahacker tá falando que terá o workshop de python no dia 13/02 e está marcado como segunda feira
[2018-02-10 17:22:08] mas tá errado, segunda feira é dia 12
[2018-02-10 17:23:09] ou o evento era pra ser no dia 13 mesmo?
[2018-02-10 17:32:40] olha quem apareceu no hackaday https://hackaday.com/2018/02/10/usb-to-quad-serial-port-adapter-offers-ttl-isolated-ports/
[2018-02-10 17:32:53] parabéns @NavarroFelipe !
[2018-02-10 17:33:12] HSHAHAH ops
[2018-02-10 17:33:21] preciso de um desses
[2018-02-10 17:33:21] acordei agora diculpa
[2018-02-10 17:38:36] Valeu @mynameiserin !
[2018-02-10 17:39:17] Posso te arrumar a PCB, e os componentes você compra na Rev0
[2018-02-10 17:39:34] A caixa também tem pronta com o pessoal da MWF
[2018-02-10 18:04:49] photo: /home/felipe/devel/github_garoa/Telegram_logs_Garoa_Hacker_Clube_Publico/media/Garoa_Hacker_Clube_(Público)/download_804724833_132796.jpg
[2018-02-10 18:05:16] Não tem nada na embalagem que alerte para não usar em eletrônica
[2018-02-10 18:05:42] photo: /home/felipe/devel/github_garoa/Telegram_logs_Garoa_Hacker_Clube_Publico/media/Garoa_Hacker_Clube_(Público)/download_804722832_132301.jpg
[2018-02-10 18:06:10] Primeiro trabalho de solda: troca da bateria da parafusadeira
[2018-02-10 18:06:50] Tá certo que a bateria anterior tinha 2400mAh de agora tem 650mAh,mas está valendo
[2018-02-10 18:06:53] Será dia 12...
[2018-02-10 18:07:12] Pelo menos não coloquei outra de cádmio
[2018-02-10 18:07:31] Usei bateria de telefone sem fio
[2018-02-10 18:14:21] Mas aí que tá, essa é a pasta para soldar. Pode pegar o multimetro e testar aí que vai ter uma resistência considerável.
[2018-02-10 18:15:01] ASTM B813 - 16 
Standard Specification for Liquid and Paste Fluxes for Soldering of Copper and Copper Alloy Tube
[2018-02-10 18:15:24] NBR15345 de 11/2013
Instalação predial de tubos e conexões de cobre e ligas de cobre — Procedimento
[2018-02-10 18:15:38] Viu, essa aí nem a de elétrica é, é a para soldar tubo de cobre.
[2018-02-10 18:17:10] Putz, pelo menos não custou caro. Valeu pelo alerta
[2018-02-10 18:18:00] É, eu bato muito nessa tecla porque esse meu amigo que tomou o prejú me preveniu de tomar um prejú similar.
[2018-02-10 18:20:18] As melhores dicas que eu posso dar:
- Se o equipamento não tiver bateria você pode lavar embaixo da torneira sem medo;
- Não economize em fluxo, se for soldar SMD, compre fluxo AMTECH;
- JAMAIS USE ESPONJA VEGETAL PARA LIMPAR O FERRO, em vez disso compre uma esponja de latão ou umas escovinhas que vem em um conjunto com 3 na loja de R$1,99;
- Ao comprar a solda, compre a da tampa azul ou laranja, apenas essas duas. Jamais compre solda lead-free.
- NUNCA use o ferro de solda para cortar qualquer coisa de plástico ou dê um choque térmico nele, isso destroi a ponta.
[2018-02-10 20:34:00] melhor tu vender pra ele um montado... do jeito que ele e o Odinha tem dom pra ferrar computadores, eu recomendo que um adulto faca ahhahaaha
[2018-02-10 20:40:31] 0xbadc0ffe joined
[2018-02-10 20:42:56] Alguma previsão de Oficina de Eletrônica básica?
[2018-02-10 20:54:13] Opa o encontro de MicroPython é segunda-feira
[2018-02-10 20:54:50] https://garoa.net.br/wiki/Carnahacking_2018
[2018-02-10 20:59:34] Onde você viu 13?
[2018-02-10 21:04:23] Ronaldo Costa joined
[2018-02-10 21:05:26] AH! O @Biazzotto arrumou! Obrigado!
[2018-02-10 21:29:31] Nota: o tal odinha não tem relação consanguinea comigo
[2018-02-10 21:40:56] será? kkkkkkkkk
[2018-02-10 22:08:19] Jà foi mais um
[2018-02-10 22:08:53] Se o teclLado não melhorar depois que secar
[2018-02-10 22:09:12] pc atual do eduardo
[2018-02-10 22:09:12] photo: /home/felipe/devel/github_garoa/Telegram_logs_Garoa_Hacker_Clube_Publico/media/Garoa_Hacker_Clube_(Público)/download_804728666_108146.jpg
[2018-02-10 22:09:44] Não essa foto ta desatualizada
[2018-02-10 22:12:00] document: /home/felipe/devel/github_garoa/Telegram_logs_Garoa_Hacker_Clube_Publico/media/Garoa_Hacker_Clube_(Público)/download_4900472481174781987
[2018-02-10 22:12:37] nuss
[2018-02-10 22:12:43] fala ai pra galera quanto tempo durou o seu pc novo
[2018-02-10 22:13:32] Ainda ta vivo
[2018-02-10 22:13:40] Depois que secar
[2018-02-10 22:13:56] Exceto teclado eu acho
[2018-02-10 22:14:20] Quando eu abri ele tinha sal
[2018-02-10 22:15:59] Mas só no teclado
[2018-02-10 22:16:05] Não na mainboar
[2018-02-10 22:19:52] Carlos Junior joined
[2018-02-10 22:22:21] E o Mesel ta exagerado tbm
[2018-02-10 22:23:47] no seu caso
[2018-02-10 22:23:52] não é exagero não
[2018-02-10 22:47:10] Se lembram que a gente discutiu há um tempo atrás sobre a falta de gente escrevendo software para síntese de chips que sejam open-source?
[2018-02-10 22:47:26] Aqui tem uma explicação bem interessante do porque não existe esse tipo de software open source: https://community.cadence.com/cadence_blogs_8/b/breakfast-bytes/posts/risc-v-workshop-2?pi1576=5
[2018-02-10 23:08:33] Alguém
Aq tem dicas pra consertar teclado de notw
[2018-02-10 23:16:33] Depende do conserto, é do tipo "derrubei coca em cima" ou preciso trocar o teclado
