[2018-05-04 00:01:09] Quero marcar uma brassagem pro meio desse mês mas vou precisar de um associado pra chancelar o rolê
[2018-05-04 01:29:11] Quero usar as panelas na BSides para fazer hot dog 😬 posso?
[2018-05-04 01:29:40] Faltam apenas 25 vagas free para a BSidesSP. Se alguém não se inscreveu ainda, corra!
http://sp15.securitybsides.com.br
[2018-05-04 07:31:24] https://twitter.com/bbw1984/status/992339030502203392?s=19
[2018-05-04 09:53:49] photo: /home/felipe/devel/github_garoa/Telegram_logs_Garoa_Hacker_Clube_Publico/media/Garoa_Hacker_Clube_(Público)/download_804725245_191170.jpg
[2018-05-04 10:27:41] Quais foram as graves violações?
[2018-05-04 10:28:28] Não consegui me inscrever. Preechi todos os campos e o eventbrite fala que não preenchi :) Eventbrite sucks!
[2018-05-04 10:28:39] http://www.infomoney.com.br/negocios/grandes-empresas/noticia/7406276/banco-central-decreta-liquidacao-extrajudicial-banco-neon
[2018-05-04 10:30:10] 3 problemas básicos - e graves

O InfoMoney entrou em contato com uma fonte próxima para entender as irregularidades cometidas pela instituição. As informações obtidas apontam três problemas básico no Neon: deficiência patrimonial, descumprimento de regras de combate à lavagem de dinheiro e irregularidades "graves" com o dinheiro dos correntistas.

O patrimônio do Neon está negativo em R$ 28 milhões. As irregularidades graves envolvem a aplicação de dinheiro dos clientes em uma empresa não-financeira que pertence a sócios do Neon, a Potencial Consultoria e Assessoria. A operação era colocada como um empréstimo bancário e, depois, o dinheiro era devolvido aos clientes.
[2018-05-04 10:31:33] Mano, esse segundo parágrafo é de arrepiar.
[2018-05-04 12:10:40] Que o 4 de Maio esteja com Vocês
[2018-05-04 12:58:54] document: /home/felipe/devel/github_garoa/Telegram_logs_Garoa_Hacker_Clube_Publico/media/Garoa_Hacker_Clube_(Público)/download_532578856691867822.mp4
[2018-05-04 13:00:48] May the 4th be with u
[2018-05-04 13:26:15] Laxante? Vcs sao mto bonzinhos
[2018-05-04 13:26:57] Uhulll
[2018-05-04 13:33:56] Veneno não pode. Dá cadeia, logo é contra as "Regras do Rolê"...
[2018-05-04 13:35:25] Hshahaha
[2018-05-04 13:36:07] Nao foi bem isso q eu pensei nao mas melhor guardar pra mim kk
[2018-05-04 14:03:33] ouch!
[2018-05-04 14:03:38] :-P
[2018-05-04 14:04:40] Eu também achei que ela estava se referindo a veneno 🤔
[2018-05-04 14:05:22] document: /home/felipe/devel/github_garoa/Telegram_logs_Garoa_Hacker_Clube_Publico/media/Garoa_Hacker_Clube_(Público)/download_532578598993789778.mp4
[2018-05-04 14:07:33] #Medo
[2018-05-04 14:14:28] Ainda tão falando do ladrão de energético? Hahahahahahah
[2018-05-04 14:14:55] Pessoal, por acaso vai rolar alguma atividade no garoa durante a virada cultural? não sou de sp, e como já coversei com alguns do grupo, estou fazendo uma pesquisa sobre hackerspaces e pensei em ir prai no final de semana da virada.
[2018-05-04 14:17:48] Vai rolar a BSides
[2018-05-04 14:18:26] ah, esse evento que não tem mais vaga :(
[2018-05-04 14:19:20] tem sim, acho que pro sabado nao tem mais vagas nas atividades, mas pro domingo tem
[2018-05-04 14:19:34] massa!
[2018-05-04 14:19:39] vou tentar me inscrever
[2018-05-04 14:19:53] o garoa vai em peso?
[2018-05-04 14:20:15] A Organização é, em peso, do Garoa
[2018-05-04 14:21:53] ;)
[2018-05-04 14:47:23] photo: /home/felipe/devel/github_garoa/Telegram_logs_Garoa_Hacker_Clube_Publico/media/Garoa_Hacker_Clube_(Público)/download_805512850_152582.jpg
[2018-05-04 14:48:46] Quem vai na cryptorave?
[2018-05-04 14:54:00] document: /home/felipe/devel/github_garoa/Telegram_logs_Garoa_Hacker_Clube_Publico/media/Garoa_Hacker_Clube_(Público)/download_336920350212228058.webp
[2018-05-04 14:54:36] Yeah!
[2018-05-04 14:58:24] @tilt4 @rjmunhoz Arrastem o Willians pra CR, viu?
[2018-05-04 14:58:52] Vixe
[2018-05-04 14:59:10] Ele tá de home hj justamente pra fugir do mundo social
[2018-05-04 14:59:39] @Gutemhc
[2018-05-04 15:01:16] tb vou!
[2018-05-04 15:01:58] hauhuahauau
[2018-05-04 15:15:32] D joined
[2018-05-04 15:26:55] Kkkkkk vou tentar
[2018-05-04 15:42:08] photo: /home/felipe/devel/github_garoa/Telegram_logs_Garoa_Hacker_Clube_Publico/media/Garoa_Hacker_Clube_(Público)/download_806118411_88397.jpg
[2018-05-04 15:42:19] Acabei de aprender como fazer RE em Apps Electron
[2018-05-04 15:42:42] Tinha 10 vaga free agora poko o.O
[2018-05-04 15:43:15] Eu tbm vou
[2018-05-04 15:43:25] Q hrs vcs vao?
[2018-05-04 15:44:25] eu me inscrevi ;)
[2018-05-04 15:45:17] Aeee
[2018-05-04 15:53:52] :)
[2018-05-04 16:13:05] Chego só umas 22
[2018-05-04 17:59:51] Alguém vai abrir o Garoa hoje?

Deixa a porta do Garoa encostada porque eu fui ontem lá e nem a campainha e a trava elétrica estão funcionando.
[2018-05-04 18:28:02] acho que ngm vai
[2018-05-04 18:28:09] geral na cryptorave
[2018-05-04 18:28:56] Onde está a ER?
[2018-05-04 18:33:10] Em casa. Pra quando voltar da CR.
[2018-05-04 19:11:59] Galera, no Garoa tem sensor de temperatura pra microcontrolador?
[2018-05-04 19:23:14] Alguém já tá indo pra cryptorave?
[2018-05-04 19:55:19] document: /home/felipe/devel/github_garoa/Telegram_logs_Garoa_Hacker_Clube_Publico/media/Garoa_Hacker_Clube_(Público)/download_60854042997295663.webp
[2018-05-04 20:54:23] Acho que depois do trampo eu pegarei o metrossauro e rumo pra la, osso eh que vao fechar as portas 01:00
[2018-05-04 20:54:37] Preciso de abastecimento etilico
[2018-05-04 20:59:34] alguém manja de deep learning e iot?
[2018-05-04 21:12:29] importante
[2018-05-04 21:15:57] deep learning de leve. qual a treta?
[2018-05-04 21:16:12] trabalho da escola
[2018-05-04 21:20:15] O nome do Garoa vai para Marte amanhã de manhã:
https://spaceflightnow.com/2018/05/04/launch-timeline-for-atlas-5s-mission-with-insight/
[2018-05-04 21:20:26] http://mars.nasa.gov/participate/send-your-name/insight/?s=confirm&cn=859002204183
[2018-05-04 21:57:37] Alguém está na crypto?
[2018-05-04 21:58:11] Acabei de chegar e lembrei que sou tímida e odeio ficar alone , rs
[2018-05-04 22:00:00] na mesa do install fest o pessoal é bem receptivo
[2018-05-04 22:01:12] Aaaa
[2018-05-04 22:01:17] Vc está aqui tb?
[2018-05-04 22:01:20] 🤔
[2018-05-04 22:05:55] To aqui na Alan Turing, prestes a assistir o talk de Qubes OS
[2018-05-04 22:10:16] E a onde é isso kkkk
[2018-05-04 22:11:32] Pareço uma criança que se perdeu da mae  kkk
[2018-05-04 22:11:37] É uma sala estilo aquário, em frente ao palco principal
[2018-05-04 22:11:56] Duas das paredes é de vidro, to de vermelho, na mesa
[2018-05-04 22:27:07] N tá nao
[2018-05-04 22:27:36] Kk
[2018-05-04 23:28:36] Kkkkk, eu tinha colocado a jaqueta
[2018-05-04 23:55:05] Kkkk vou te dar uma bica
[2018-05-04 23:55:07] Cade vc kkk
