[2017-06-02 00:23:38] Eu não tava em casa. Fiquei olhando no celular. Mas vi que foi reagendado pro sábado por causa de uma tempestade relampejando ao lado da base de lançamento hoje.
[2017-06-02 00:24:43] https://twitter.com/SpaceX/status/870393614056079361
[2017-06-02 00:25:08] Sim, adiado! Até ache estranho quado cortaram a transmissão, achei que era erro do livestreamer
[2017-06-02 01:06:27] /me@jackbot
[2017-06-02 01:06:28] Tiago
You've sent 5 (0%) messages and this group has 31266 messages.
[2017-06-02 01:14:58] DDR800???
[2017-06-02 01:16:37] DDR PC2100 com ECC
[2017-06-02 01:34:25] /me@jackbot
[2017-06-02 01:34:26] Erick
You've sent 345 (1%) messages and this group has 31269 messages.
[2017-06-02 01:54:38] /me@jackbot
[2017-06-02 01:54:39] Sergio Augusto
You've sent 393 (1%) messages and this group has 31270 messages.
[2017-06-02 02:14:56] /me@jackbot
[2017-06-02 02:14:56] Felipe
You've sent 2481 (7%) messages and this group has 31271 messages.
[2017-06-02 02:15:05] vixe!
[2017-06-02 02:16:13] tagarela! rsss
[2017-06-02 02:18:32] Tentando migrar um servidor, o raio da maquina não dá boot pelo HD nem a pau, ai abre-se a maquina e....
[2017-06-02 02:18:39] photo: /home/felipe/devel/github_tvdstaaij/telegram-history-dump/output/media/Garoa_Hacker_Clube_(Público)/download_803734724_110967.jpg
[2017-06-02 02:18:59] HAHAHA
[2017-06-02 02:20:16] Eu to lendo o manual de serviço da placa de arcade Galaxian e dando uma lida aprofundada no service manual do jogo GranTrak10
[2017-06-02 02:20:44] procurando entender em detalhes como funciona o circuito de geração de sinal de vídeo
[2017-06-02 02:20:48] 👍
[2017-06-02 02:21:19] qual o processador de vídeo?
[2017-06-02 02:21:22] pra tentar montar algo similar praquela minha idéia maluca do da placa JAMMA de Another World
[2017-06-02 02:21:33] circuito discreto de geração de vídeo
[2017-06-02 02:21:48] GranTrak10 é da década de 70
[2017-06-02 02:22:01] vixi
[2017-06-02 02:22:47] olha a cara do bicho:
[2017-06-02 02:22:57] photo: /home/felipe/devel/github_tvdstaaij/telegram-history-dump/output/media/Garoa_Hacker_Clube_(Público)/download_803120306_63894.jpg
[2017-06-02 02:26:35] O bom dos manuais de serviço antigos é que eles às vezes são muito detalhados e didáticos. Olha isso aqui:
[2017-06-02 02:26:46] photo: /home/felipe/devel/github_tvdstaaij/telegram-history-dump/output/media/Garoa_Hacker_Clube_(Público)/download_5116391263217647630
[2017-06-02 02:30:06] Ganha um parabéns quem conseguir me dizer com quais palavras continuaria essa frase na página seguinte.
[2017-06-02 02:30:16] vamos ver quem está por dentro do tema :-)
[2017-06-02 02:32:00] zontal ?
[2017-06-02 02:35:28] ok... só mais uma palavrinha...
[2017-06-02 02:36:52] eu acho que você conhece o conceito
[2017-06-02 02:39:24] photo: /home/felipe/devel/github_tvdstaaij/telegram-history-dump/output/media/Garoa_Hacker_Clube_(Público)/download_532583259033331558.mp4
[2017-06-02 02:40:25] frequency?
[2017-06-02 02:40:30] Bem... hora de ir dormir! Boa noite e Happy Hacking!
[2017-06-02 02:40:37] horizontal retrace
[2017-06-02 02:41:05] 👍 vai lá, ainda tem trabalho pra caramba...
[2017-06-02 02:41:13] boa noite
[2017-06-02 02:43:00] "The process of moving the beam from the right side back to the left is known as horizontal retrace and the beam must be blanked (horizontal blanking) during retrace so no undesired illumination occurs." (Muito didático! :-D)
[2017-06-02 02:45:23] Os manuais antigos descreviam tudo, em detalhes, hoje tem equipamento que não vem mais com manual, ainda mais o manual de manutenção...
[2017-06-02 08:09:18] Galera
[2017-06-02 08:09:42] Alguém poderia me dar um exemplo de cisc, um outro risc?
[2017-06-02 09:33:35] horizontal sweep
[2017-06-02 09:35:08] 👍 (Acho que esse termo é correto também)
[2017-06-02 11:04:20] Caso alguém queira ver a audiência sobre o Whatsapp https://www.youtube.com/watch?v=qghxcZ2hh_A
[2017-06-02 11:11:36] Ai galera, votem na minha ideia de palestra para a Python Brasil: http://speakerfight.com/events/python-brasil-13-palestras/#deep-learning-de-guerrilha-como-se-armar-para-o-apocalipse-do-deep-learning
[2017-06-02 12:21:07] e outra coisa:
[2017-06-02 12:21:09] Galera, para quem ainda não viu e não sabe o que é REALMENTE uma inteligência artificial, dêem uma olhada:

https://www.youtube.com/watch?v=yq94K8TPCZg
[2017-06-02 12:21:15] (foi mal pelo spam adms)
[2017-06-02 13:08:01] Olaa
[2017-06-02 13:48:55] It's mineeeeeeeeeee
[2017-06-02 13:48:55] Vou usar no meu pentium D
[2017-06-02 13:48:55] Vai ficar TOP
[2017-06-02 13:54:44] Preciso de duas DDR800 de 4 GB. Me avisem se tiverem.
[2017-06-02 14:08:50] Alguem ai leu spam nation? É bom MSM?
[2017-06-02 14:12:38] @Belimawr se liga com o vidro
[2017-06-02 14:13:00] photo: /home/felipe/devel/github_tvdstaaij/telegram-history-dump/output/media/Garoa_Hacker_Clube_(Público)/download_803116952_62748.jpg
[2017-06-02 14:13:34] photo: /home/felipe/devel/github_tvdstaaij/telegram-history-dump/output/media/Garoa_Hacker_Clube_(Público)/download_803721434_132585.jpg
[2017-06-02 14:13:58] resolvi o lance do sensor do z com papel aluminio :D
[2017-06-02 14:14:33] Fala mano ... tentou ver no grupo de compra e venda?
[2017-06-02 14:15:00] photo: /home/felipe/devel/github_tvdstaaij/telegram-history-dump/output/media/Garoa_Hacker_Clube_(Público)/download_750614920172667919.webp
[2017-06-02 14:15:16] esse canto nao ficou legal, mas ja melhorou bastante com relacao a mesa original
[2017-06-02 14:27:21] /me@jackbot
[2017-06-02 14:27:21] Yuri
You've sent 16 (0%) messages and this group has 31323 messages.
[2017-06-02 14:27:31] hue
[2017-06-02 14:31:53] /me@jackbot
[2017-06-02 14:32:06] null
[2017-06-02 14:32:16] Afonso
You've sent 1048 (3%) messages and this group has 31325 messages.
[2017-06-02 14:32:17] tarde!
[2017-06-02 14:32:36] boa
[2017-06-02 14:33:43] Qual grupo? Pode me passar?
[2017-06-02 14:34:51] Ja passei pv pra ele jonh jonh
[2017-06-02 14:34:52] 😆
[2017-06-02 14:35:22] jjj pra você
[2017-06-02 14:35:38] ui amor
[2017-06-02 14:35:41] q intimo
[2017-06-02 14:35:43] hahaha
[2017-06-02 14:35:47] Aqui eh soh jh
[2017-06-02 14:35:48] uhahuahau
[2017-06-02 14:36:00] document: /home/felipe/devel/github_tvdstaaij/telegram-history-dump/output/media/Garoa_Hacker_Clube_(Público)/download_803118906_63740.jpg
[2017-06-02 14:39:49] https://www.youtube.com/watch?v=qys5ObMiKDo
[2017-06-02 17:01:34] Isso é o que acontece quando se usa Ruindows! rsss
[2017-06-02 21:04:28] Opaaa ai sim
[2017-06-02 21:18:09] Oi boa noite a todos !
[2017-06-02 21:19:00] Veja como ficou distro Brasileiro baseado debian Jessie Duzeru.org.
[2017-06-02 21:19:50] Votei na sua e em um montão huehuhehe
[2017-06-02 21:19:55] tem mt palestra boa
[2017-06-02 21:47:17] Pessoal... Tem alguém interessado em discutir regularmente questões sobre automação de código de infraestrutura?
[2017-06-02 21:47:30] Algum sócio abriria o Garoa semanalmente pra isso?
[2017-06-02 21:53:36] Apagou as mensagens ?
[2017-06-02 21:53:59] Alguem manja converter um arquivo VHD para VMDK no Linux ?
[2017-06-02 21:54:05] Alguma ferramenta nativa ?!
[2017-06-02 22:18:15] Achei... qemu-img
