[2016-11-08 08:19:36] Isso daria uma ótima camiseta
[2016-11-08 08:54:31] bora fazer junto com uma outra que eu queria
[2016-11-08 08:54:38] "Funciona Na Minha Máquina"
[2016-11-08 08:54:56] Show
[2016-11-08 08:55:17] 😂😂😂😂
[2016-11-08 09:58:34] Vida de Programador não tem essa?
[2016-11-08 09:59:34] se tiver eu compro
[2016-11-08 10:08:00] Tá em falta, só tem a caneca agora 

http://loja.vidadeprogramador.com.br/8679e/caneca-de-porcelana-na-minha-maquina-funciona
[2016-11-08 14:05:52] Olá galera 😊 será que alguém salva minha vida hoje? Alguém vai estar lá pelo garoa hoje à noite?  Eu necessito urgente de um USB bootavel com Linux ou disco para fazer um teste rápido de memória(memtest) acho que descobri o problema com o notebook.
[2016-11-08 15:06:09] Eu te ajudo apenas abrindo o Garoa? Vou lá hoje.
[2016-11-08 15:08:47] Pretendo ir também, tenho um pendrive com o Xubuntu...
[2016-11-08 15:15:08] Ajuda sim, se for um pessoal eu pego com eles
[2016-11-08 15:15:28] Seria de grande ajuda! Vai aparecer por lá que horário?
[2016-11-08 15:16:17] Devo chegar lá entre 18:30 e 19:00
[2016-11-08 15:16:52] Hmm... Eu costumo sair do trabalho umas 18:30, então devo chegar lá pelas 19:00
[2016-11-08 15:17:21] Trabalho em pinheiros... Pertinho
[2016-11-08 15:20:59] Pensando bem yumi, não sei se compensa vc abrir o garoa só por minha causa. Estava precisando fazer um teste rapido no meu computador, então iria aproveitar caso já estivessem usando o espaço. Se outras pessoas forem ao garoa, então tudo bem... Nao quero dar-lhe trabalho
[2016-11-08 15:22:45] Fica tranquilo, eu amo abrir o Garoa e tenho um monte de coisas pra fazer lá. Chego umas 19h.
[2016-11-08 15:23:22] Tudo bem... Então fechado ! Se eu chegar lá mais cedo, eu te aguardo na porta.
[2016-11-08 16:19:41] Exclusiva do Sirius
[2016-11-08 16:19:41] photo
[2016-11-08 16:19:48] photo
[2016-11-08 16:20:47] ??? O que seria essa construção???
[2016-11-08 16:21:07] http://www1.folha.uol.com.br/ciencia/2015/01/1577001-novo-acelerador-de-particulas-sera-inaugurado-em-2018-em-campinas.shtml
[2016-11-08 16:21:15] Hoje tem atividade de música no Garoa
[2016-11-08 16:21:24] No estúdio
[2016-11-08 16:21:31] Não seria. Será!
[2016-11-08 16:21:49] Ou melhor...
[2016-11-08 16:22:04] !!! Não seria. Será!!!
[2016-11-08 16:22:19] Bacana ver algo assim no nosso Braza
[2016-11-08 17:49:20] Estou no Garoa, se quiser colar, =)
[2016-11-08 18:09:07] Umas 19:00 eu chego ai
[2016-11-08 18:10:12] Já tem gente aqui... estaremos esperando...
[2016-11-08 18:38:37] To indo já
[2016-11-08 18:51:14] @fsanches vi uma matéria sobre um projeto seu de impressora 3D
[2016-11-08 18:51:39] Eu quero montar uma mas não sei por onde começar
[2016-11-08 18:52:44] Tava pensando em comprar uma da china mas tava vendo que se o correios taxar vai sair o mesmo se eu comprar uma por aqui
[2016-11-08 19:31:16] http://blog.printgreen3d.com.br
[2016-11-08 19:31:23] Estão ensinando como montar uma
[2016-11-08 19:38:34] Vlw Will
[2016-11-08 19:39:12] Na real eu solicitei hoje o orçamento da Matemagica pro @fsanches
[2016-11-08 22:00:29] Matemagica == Metamaquina?
