[2017-08-07 07:31:39] 😂😂😂😂😂
[2017-08-07 08:26:44] Breno added Eduardo Kluwe Veiga
[2017-08-07 08:26:45] Hi Eduardo !
[2017-08-07 08:55:35] GIF from Marcelo Araujo Dente
[2017-08-07 08:55:36] document: /home/felipe/devel/github_tvdstaaij/telegram-history-dump/output/media/Garoa_Hacker_Clube_(Público)/download_4918181687898144779.mp4
[2017-08-07 08:55:47] ddos para leigos
[2017-08-07 10:39:53] Silas joined
[2017-08-07 10:39:53] Hi Silas !
[2017-08-07 10:39:57] Oi
[2017-08-07 10:40:47] Td bem pessoal? Queria ver de fazer uma visita no Garoa Hacker Clube esse sábado (dia 12).
[2017-08-07 10:40:52] Na parte da tarde.
[2017-08-07 10:40:55] Vai estar alguém lá?
[2017-08-07 10:41:18] (Encontrei a página do Hacker Clube procurando por home brew computers :-) )
[2017-08-07 10:54:32] Gente, desculpa perguntar e tal, mas alguém aqui consegue me ajudar num problema com vb.net?
[2017-08-07 11:45:24] Fiz 85% no simulado de Radioeletricidade.
[2017-08-07 11:49:45] Aí sim!
[2017-08-07 11:50:04] O de Ética é BEM de boa
[2017-08-07 11:51:54] Fiz 76% na de legislação
[2017-08-07 11:52:10] Tem que estudar um pouco. kkkk
[2017-08-07 11:53:19] É tipo a prova do CFC. Bem tranquilo kkkk
[2017-08-07 13:19:04] onde tem o link dos simulados?
[2017-08-07 13:37:43] 😂😂
[2017-08-07 14:11:46] eu participaria
[2017-08-07 14:24:45] Lista hackerspacesp
[2017-08-07 15:42:48] photo: /home/felipe/devel/github_tvdstaaij/telegram-history-dump/output/media/Garoa_Hacker_Clube_(Público)/download_803111370_137611.jpg
[2017-08-07 19:10:09] Pessoal mandei até fazer um passaporte hacker utilizando o modelo de vcs
[2017-08-07 19:10:11] Rsrs
[2017-08-07 19:10:32] Para entrar mais no espirito da coisa
[2017-08-07 19:53:11] Para os amigos cervejeiros do Garôa
[2017-08-07 19:53:17] document: /home/felipe/devel/github_tvdstaaij/telegram-history-dump/output/media/Garoa_Hacker_Clube_(Público)/download_4920433487711830038.pdf
[2017-08-07 20:06:45] https://explorist.futurism.com/first-ever-blueprint-large-scale-quantum-computer-unveiled/
[2017-08-07 20:19:26] Muito massa :)
[2017-08-07 21:01:52] Alisson joined
[2017-08-07 21:01:53] Hi Alisson !
[2017-08-07 21:02:18] Olá garoa hacker
[2017-08-07 21:03:32] Eu tenho uma pergunta
[2017-08-07 21:04:21] Quem aqui é um representante do garoa hacker
[2017-08-07 21:06:04] Queria saber sobre o projeto hackerspaca texeirinha
[2017-08-07 21:35:12] uma boa maneira de encontrar uma boa bike é procurar ver em predios, muitas vezes a galera compra a bicicleta na empolgação e depois larga lá. Da para pegar umas bicicletas excelentes por um preço muitas vezes diminuto.
[2017-08-07 21:37:23] e ver uma bicicleta do tamanho certo para você
