[2017-11-06 00:27:46] Luis Justin joined
[2017-11-06 00:27:46] Hi Luis !
[2017-11-06 00:27:54] Olá para todos
[2017-11-06 01:29:14] Boa
[2017-11-06 06:52:05] O objetivo é sim fugir de alguns encargos de uma contratação pelo regime da CLT
[2017-11-06 06:52:44] Todavia vale lembrar que nada está excluído de apreciação por parte do judiciário
[2017-11-06 06:53:55] É bem possível e comum configurar vínculo empregatício de empregados que "prestam serviços" via PJ por meio de uma reclamação trabalhista
[2017-11-06 06:54:22] Mas em fim é um porre ter de contratar advogado
[2017-11-06 08:41:32] https://science.slashdot.org/story/17/11/04/2348215/jeff-bezos-just-sold-11-billion-in-amazon-stock
[2017-11-06 08:43:00] Deve ser para founding da nova sede.
[2017-11-06 08:43:42] A teoria é de que é para investir na Blue Origin, a empresa de foguetes do Jeff Bezos.
[2017-11-06 08:44:01] Pra acirrar a competição com a SpaceX do Elon Musk.
[2017-11-06 09:41:09] eu recebo hora extra....
[2017-11-06 09:42:14] a minha área só se trabalha com PJ, dificil achar o cara que é CLT
[2017-11-06 09:44:56] não entendi isso até hoje, pois a razão social da minha empresa é F2 Consultoria LTDA - ME
[2017-11-06 09:45:48] A atividade principal é a 62.01-5-00 Desenvolvimento de programas de computador sob encomenda
[2017-11-06 09:46:55] CNC no fundo?
[2017-11-06 09:47:38] impressora 3d
[2017-11-06 09:47:53] (que não deixa de ser uma CNC :-D)
[2017-11-06 09:48:12] RS... Bacana
[2017-11-06 09:48:17] aqui no brasil, entretanto, muita gente associa CNC com "fresadora CNC"
[2017-11-06 09:48:41] Sim verdade
[2017-11-06 09:48:47] mas uma impressora 3D é também uma CNC. Pra ser preciso, é uma extrusora plástica CNC para estereolitografia.
[2017-11-06 09:49:37] Preciso comprar motor de passo para fazer uma para mim.
[2017-11-06 09:49:55] se bem que "estereolitografia" é outro termo disputado :-P
[2017-11-06 09:50:08] Será que na santa Efigênia vende ?
[2017-11-06 09:50:36] talvez seja melhor dizer: "extrusora plástica CNC para manufatura aditiva"
[2017-11-06 09:50:42] pronto! agora sim :-D
[2017-11-06 09:50:58] KKK XD
[2017-11-06 09:51:45] O acabamento dela é bem preciso certo ?
[2017-11-06 09:53:53] Não sei. Eu não entendo desse assunto
[2017-11-06 09:54:11] Ouvi dizer que é bem ruim ;-)
[2017-11-06 10:00:04] para os que estão aprendendo achei esse repositório bem util https://github.com/TheAlgorithms/Python
[2017-11-06 10:00:05] TheAlgorithms | Python

All Algorithms implemented in Python

Language: Python
Forks: 1147
Stars: 2541
Issues: 16
[2017-11-06 10:28:43] https://www.networkworld.com/article/3236064/servers/minix-the-most-popular-os-in-the-world-thanks-to-intel.html
[2017-11-06 10:35:32] @fsanches ja trabalhei com torno cnc e dobradeira  cnc
[2017-11-06 10:35:47] Tem maquinas de curvar tubo cnc
[2017-11-06 10:36:02] exatamente
[2017-11-06 10:36:47] cnc, no meu entendimento, é qualquer máquina de fabricação digital (ou seja, controlada por computador)
[2017-11-06 11:23:42] People, para quem tem interesse em certificações, a Cisco reabriu as inscrições para o seu programa de cybersecurity, o Cisco Global Cybersecurity Scholarship. Caso selecionado, você terá acesso ao treinamento online para a nova certificação CCNA Cyber Ops, bem como acesso a mentores e aos vouchers para os dois exames da certificação. 
Para se inscrever acesse: —» https://mkto.cisco.com/security-scholarship
Mais infos: https://www.cisco.com/c/en/us/training-events/training-certifications/certifications/associate/ccna-cyber-ops.html
[2017-11-06 11:54:46] muito legal, Lucas
[2017-11-06 11:54:49] nao conhecia esse projeto
[2017-11-06 11:55:06] +1⭐️ pra esse projeto
[2017-11-06 12:01:49] Boa tarde a todos
[2017-11-06 16:58:03] Existem os robôs CNC manipuladores, que não são para "machining"
[2017-11-06 16:59:59] Trampei numa fresadora CNC beeeem antiga, não tinha carinagem. Não sinto nenhuma saudade do cavaco quente de aço 316L no pescoço, entrando na meia e o iskambaw
[2017-11-06 17:09:43] alguém já restaurou firmware de roteador TP-LINK?
[2017-11-06 18:19:37] Cara cavaco tem propriedades  magicas ele atravessa tudo e cai dentro da bota
[2017-11-06 19:23:02] Olá pessoal alguem sabe me dizer um metodo para confecionar placas de circuito impresso que seja eficaz para uma pequena produção em serie ?
[2017-11-06 19:24:36] Eu já substitui o firmware de um TL-WR941ND pelo OpenWRT...
[2017-11-06 19:28:26] Pelo que entendi o valor da “importação do bitcoin” é repassado, ou seja, qualquer custo recai.
[2017-11-06 19:28:47] Eu quero fazer o contrário e resetei a criatura e parou de funcionar
[2017-11-06 19:44:46] Mas quais são os custos de importação?
[2017-11-06 19:47:36] Meu ponto é: não acredito que o spread tenha a ver com o custo de energia no Brasil, e sim simplesmente com a falta de liquidez nesse mercado, que permite possibilidades de arbitragem
[2017-11-06 19:49:49] Afinal, uma das features de Bitcoin é exatamente reduzir ao máximo esse custo de importação :)
[2017-11-06 20:57:55] Eu sei que os TP-Link costumam ter conectores para conexão serial, então na teoria seria só utilizar um FTDI para restaurar o firmware... mas nunca fiz isso...
[2017-11-06 20:58:35] o que estou tem não
[2017-11-06 21:02:29] http://www.trishtech.com/2015/06/unbrick-tplink-wr740n-wifi-router/
[2017-11-06 21:02:46] ja fiz isso uns anos atrás
[2017-11-06 21:03:43] no linux instala o pacote tftp-hpa ou tftp
[2017-11-06 21:03:51] olha o man e ja era
[2017-11-06 21:17:09] Valeu!
[2017-11-06 21:35:13] A mineração é global. Não importa a localidade. Até onde eu entendo, o spread é um relação a moeda local vs. USD. Ex: 4 BRL = 1 USD. Mercado brasileiro negócio o BTC a 30mil, enquanto em dólares o BTC é negociado a 5mil USD.
[2017-11-06 21:35:54] Números são ilustrativos. kkk
[2017-11-06 21:36:47] Sim, mas há um spread enorme cobrado além da taxa de câmbio. Um pdf postado outro dia falava que era por conta do alto custo da energia no Brasil. Argumentei que não acredito, acho que é simplesmente a falta de liquidez desse mercado aqui :)
[2017-11-06 21:38:54] só tu trocar por dollar
[2017-11-06 21:39:17] o valor em brl eh baseado no valor do brl x usd
[2017-11-06 21:39:33] ngm calcula brl x btc
[2017-11-06 21:39:54] Eu apostaria nessa hipótese da falta de liquidez.
[2017-11-06 21:46:02] A maior parte das mineradoras estão na China. Cerca de 60% dos blocos são minerados lá.
[2017-11-06 21:47:50] Pra sustentar essa hipótese do custo da energia, teríamos que ver o CNYxUSD e o CNYxBTC
[2017-11-06 21:48:04] Tem grupo de estudo ctf defcon no garoa?
[2017-11-06 21:50:18] The Astounding Engineering Behind the Giant Magellan Telescope
https://www.wired.com/story/the-astounding-engineering-behind-the-giant-magellan-telescope
[2017-11-06 21:50:18] Space Photos of the Week: These Galaxies Are Far, *Far* Away
https://www.wired.com/story/space-photos-of-the-week-these-galaxies-are-far-far-away
[2017-11-06 21:52:43] tem manda pm
[2017-11-06 22:09:39] Fiz a conta aqui. Na China o spread é de 0,3%
[2017-11-06 22:40:07] http://www.zerohedge.com/news/2013-12-25/trip-through-bitcoin-mines
[2017-11-06 23:08:48] /leave
[2017-11-06 23:08:54] lol, não é irc
