[2016-07-16 04:08:30] ☝️
[2016-07-16 07:59:53] Adorei seu conceito de festa
[2016-07-16 08:00:19] Qual a próxima data escrota que podemos comemorar ?
[2016-07-16 08:40:56] Gosto de ler este jornalista do Guardian: Alex Hern

http://www.theguardian.com/technology/2016/jul/13/pokemon-virtual-space-home?CMP=Share_AndroidApp_Copy_to_clipboard
[2016-07-16 08:45:48] Tenho um Samsung 286 parado em algum lugar
[2016-07-16 08:45:52] Meio desmontado
[2016-07-16 10:54:49] photo: /home/felipe/devel/github_tvdstaaij/telegram-history-dump/output/media/Garoa_Hacker_Clube_(Público)/download_421940506_130193.jpg
[2016-07-16 11:02:16] Olá, ainda não preencho os requisitos de conhecimento, rs. Mas tem ideia de quanto pagam para esse tipo de trabalho?
[2016-07-16 12:01:15] Bom dia... Vamos programar um walking dead go?
[2016-07-16 12:02:55] Capturar zumbis com uma pokebola?
[2016-07-16 12:05:20] Eu pensei numa chave inglesa ou taco de baseball mas se você prefere pokebola...
[2016-07-16 12:13:54] Hahahaha...
[2016-07-16 12:17:26] Yumi, conseguiu mandar alguns adesivos do Garoa pelo Juca?
[2016-07-16 12:18:15] Não
[2016-07-16 14:12:37] Boa sorte meus amigos, bom evento!
[2016-07-16 14:26:32] vlw1
[2016-07-16 14:51:40] quem tá no Garoa?
[2016-07-16 15:14:35] o/
[2016-07-16 15:15:22] Aylons tb
[2016-07-16 15:15:42] Tiago tá apresentando o Garoa neste momento
[2016-07-16 17:11:53] Gente, alguém aí no Garoa? Esqueci o meu carregador na tomada da bancada de eletrônica
[2016-07-16 17:13:20] Tá aqui
[2016-07-16 17:14:02] O regis guardou ele
[2016-07-16 17:23:44] Ok, só me diz onde guardaram que amanhã eu pego
[2016-07-16 18:36:33] http://softwarelivre.org/fisl17/noticias/o-primeiro-computador-brasileiro-e-um-patinho-feio
[2016-07-16 18:43:32] Ai sim Juca
[2016-07-16 19:08:05] Demais Juca!!!
[2016-07-16 19:22:43] 👏
[2016-07-16 19:23:00] :-)
[2016-07-16 19:35:04] .
[2016-07-16 19:46:50] nossa, na foto pequena parecia que o juca tava de terno e gravata, assustei!
[2016-07-16 19:47:39] ele parece que está cantando nessa foto
[2016-07-16 19:48:09] new yoooooooooooooooooooork
[2016-07-16 19:52:28] photo: /home/felipe/devel/github_tvdstaaij/telegram-history-dump/output/media/Garoa_Hacker_Clube_(Público)/download_13375713570718183.webp
[2016-07-16 21:10:01] document: /home/felipe/devel/github_tvdstaaij/telegram-history-dump/output/media/Garoa_Hacker_Clube_(Público)/download_532580866736522046.mp4
[2016-07-16 21:40:13] Kkkkkkkkkkkkkkkkk
[2016-07-16 23:31:43] Hahahaha!
