[2016-09-12 00:17:44] Improcedente. Eu já estive numa roda de menores de idade bebendo na praça, PM (outro estado, outra cidade) veio ver, viu, e deixou pra lá, acho que até falou pra gente curtir. Se fosse maconha, o resultado seria bem diferente, porém! A barba é meio irrelevante, exceto pra caixas de supermercado que têm que deduzir a idade do comprador. Oficial de justiça não aceitou minha barba como argumento uma vez. E eu já passei de 18 e nem por isso minha barba está completa.
[2016-09-12 00:21:23] Não tem dna na fibra? Não sei se é uma pergunta idiota, mas enfim
[2016-09-12 01:17:52] Sensacional. Aguardo ansioso o resultado!
[2016-09-12 04:58:04] Galera, vi gente ali em cima falando de interferências.
A melhor coisa contra isso são uma ferrites que vendem e você coloca no cabo. Se for algo que você esteja montando, existem filtros que também podem ser usados. 
Quando eu era radioamador uma pequena energia estacionaria que voltava da antena  por caus do descaramento de i mpedancias fazia meu monitor ficar igual louco. A parte capacitiva do teclado dele pagava essa interferência e ficava ligando e desligando hahahaaahaaa
[2016-09-12 07:06:39] Interessante a proposta da operação serenata de amor
[2016-09-12 07:13:11] Contudo, me preocupa a ideia do robô não detectar por exemplo político A usar empresas da família do político B que por sua vez usa do Político C que repassa para político A,  Ou por exemplo papelaria que vende gasolina
[2016-09-12 07:16:20] Eu desconfio que não reste muito. O processo de extração da celulose é praticamente uma lavagem anti celular
[2016-09-12 08:03:02] Sim, é bem agressivo. Mas como o intuito é isolar as fibras, talvez sobre algo.
[2016-09-12 08:18:13] felizmente, a maioria dos casos assim distoam, já que o político dificilmente iria se dar ao trabalho de emitir uma nota pra ganha R$ 20,00
na maioria dos casos é um almoço de R$ 500,00 ou um estacionamento de R$ 1000,00
[2016-09-12 08:18:52] http://cultiveduca.ufrgs.br/4314902.html
[2016-09-12 08:20:20] photo: /home/felipe/devel/github_tvdstaaij/telegram-history-dump/output/media/Garoa_Hacker_Clube_(Público)/download_803703419_95087.jpg
[2016-09-12 08:21:51] faço das palavras do cara as minhas, temos dados abertos mas não acessíveis
[2016-09-12 08:22:08] eu vi o povo se matar nas estatísticas por causa do censo escolar
[2016-09-12 08:22:20] eles divulgam arquivos pro SPSS, como se todos usassem aquele lixo
[2016-09-12 08:23:30] web.py
[2016-09-12 10:30:56] Cuidado, esses ferrites podem ser equipamentos da NSA.
[2016-09-12 11:12:42] Galera, estou criando um módulo npm para analizar tretas, neste momento preciso de dados, quem puder entrar nesse grupo e causar tretas para treinar o bot, agradeco https://telegram.me/onlytretas
[2016-09-12 11:16:43] document: /home/felipe/devel/github_tvdstaaij/telegram-history-dump/output/media/Garoa_Hacker_Clube_(Público)/download_368739082848698830.webp
[2016-09-12 12:51:12] Gente, o Garoa vai colar na RoadSec?
[2016-09-12 12:55:45] que eu saiba o Dummont HC já está cotado
[2016-09-12 12:57:15] Ahh, pode crer, da hora
[2016-09-12 17:27:51] Alexsandro Carvalho joined
[2016-09-12 17:27:52] Hi alexsandroccarv !
[2016-09-12 19:46:26] https://pbs.twimg.com/media/CW3tIuDW8AASjKe.jpg
[2016-09-12 19:46:39] http://static2.businessinsider.com/image/57d6cb35077dccda0b8b4fc5-1203/blue-origin-spacex-nasa-rockets-compared.png
[2016-09-12 19:47:06] http://www.businessinsider.com/blue-origin-vs-spacex-falcon-heavy-vs-new-glenn-2016-9
[2016-09-12 19:47:46] "before the end of this decade"
[2016-09-12 20:03:31] photo: /home/felipe/devel/github_tvdstaaij/telegram-history-dump/output/media/Garoa_Hacker_Clube_(Público)/download_803730441_58290.jpg
