[2016-08-26 02:00:57] pessoal, uma dúvida de doido, quem sabe tem mais alguém aqui que pense nessas coisas:
[2016-08-26 02:04:13] se quisermos guardar um material digital para as próximas gerações, à prova de explosões solares… um cofre de chumbo já seria suficiente? Penso em guardar um computador inteiro lá dentro, mas tem o problema da bateria vazar ao longo das décadas e outras variáveis que não pensei… substituição de oxigênio por outro gás…
[2016-08-26 02:04:51] encontrei uns caras doidos nesse site que prometem uma time capsule, mas tenho dúvidas se funcionaria com um mac lá dentro
[2016-08-26 02:04:52] rsrs
[2016-08-26 02:04:53] http://www.800toolbox.com/time_capsule/time_capsules.htm
[2016-08-26 02:05:34] se algum aí quiser discutir o assunto, sera um prazer
[2016-08-26 02:05:36] :)
[2016-08-26 02:41:10] coloca no imetro e vamoa ver se vale a pena
[2016-08-26 09:32:47] 😂
[2016-08-26 09:38:19] Enterra!
[2016-08-26 12:47:55] @TheSeventhGod vai no garoa hoje? Ganhei um djembe e queria fazer um barulho
[2016-08-26 13:19:25] Orra que massa! Putz hoje nem vai dar, que tal amanhã? Aí a gente já tenta gravar umas samples haha
[2016-08-26 13:53:07] Lembrei de uma tirinha
[2016-08-26 13:53:38] photo: /home/felipe/devel/github_tvdstaaij/telegram-history-dump/output/media/Garoa_Hacker_Clube_(Público)/download_814430782_123574.jpg
[2016-08-26 13:53:51] Djembe é massa
[2016-08-26 18:36:00] Amanha de manhã terá alguma atividade no garoa, alguém pretender estar lá ?
[2016-08-26 18:39:29] na página diz quem é o associado responsável?
[2016-08-26 18:39:44] Qual atividade?
[2016-08-26 18:48:22] esqueci de por interrogação na primeira frase
[2016-08-26 18:48:30] No caso estou perguntando se terá algo ? Porque pretendo aparecer por lá mas não sou associado e não tenho chave.
[2016-08-26 18:48:49] entendi
[2016-08-26 18:58:55] De manhã é um pouco mais complicado... mas acho que vale a pena perguntar na lista, lá tem mais associados olhando as mensagens
[2016-08-26 19:58:44] Pergunta ainda sem resposta, novos problemas, novas questões... além da sobrevivência do suporte existem outros, no futuro até o fornecimento de energia pode mudar. A tendência pro futuro é a computação biológica, em algumas décadas pode não haver nem mais aparelhos elétricos como conhecemos...
[2016-08-26 20:00:51] On a side note, remember: Information DOESN'T Want to Be Free http://www.scientificamerican.com/article/information-doesn-t-want-to-be-free-laws-for-the-internet-age-excerpt/
