[2017-09-19 11:29:53] Vou deixar aqui um convite para todos que quiserem/puderem ir neste fim de semana, mas tem de mandar um email com os dados pra liberar o acesso
[2017-09-19 11:29:56] https://wikilab.blog.br/2017/09/18/mobilizacao-total-para-o-proximo-sabado-23/
[2017-09-19 12:59:38] document: /home/felipe/devel/github_tvdstaaij/telegram-history-dump/output/media/Garoa_Hacker_Clube_(Público)/download_24991512752292796.webp
[2017-09-19 14:46:29] document: /home/felipe/devel/github_tvdstaaij/telegram-history-dump/output/media/Garoa_Hacker_Clube_(Público)/download_24991512752292563.webp
[2017-09-19 16:18:13] Renato Dolce joined
[2017-09-19 16:39:19] Eai povão
[2017-09-19 16:39:32] Tá rolando rolezinho de machine learning?
[2017-09-19 16:39:37] Meu cachorro mandou perguntar
[2017-09-19 16:53:45] photo: /home/felipe/devel/github_tvdstaaij/telegram-history-dump/output/media/Garoa_Hacker_Clube_(Público)/download_804729816_5773.jpg
[2017-09-19 17:21:10] document: /home/felipe/devel/github_tvdstaaij/telegram-history-dump/output/media/Garoa_Hacker_Clube_(Público)/download_130764741797744741.webp
[2017-09-19 20:02:15] O que é isso ?
[2017-09-19 20:56:43] Pra mim é um coração com uma carinha pro cachorro.
Tem algum duplo sentido que eu não notei?
[2017-09-19 21:19:16] .
[2017-09-19 21:27:39] Honenagem do garoa ao pessoal do Oxe Hackerspace, de Maceió:
[2017-09-19 21:28:08] document: /home/felipe/devel/github_tvdstaaij/telegram-history-dump/output/media/Garoa_Hacker_Clube_(Público)/download_5048579609424035884
[2017-09-19 23:04:19] document: /home/felipe/devel/github_tvdstaaij/telegram-history-dump/output/media/Garoa_Hacker_Clube_(Público)/download_826459275206328384.webp
[2017-09-19 23:04:27] Saudades do Garoa!!!
[2017-09-19 23:05:07] Sdds de vc gato
[2017-09-19 23:09:55] estamos no mesmo endereço... venha
[2017-09-19 23:13:00] Eu que não estou conseguindo ir desde que comecei a faculdade...
