[2018-04-03 00:44:46] Eu fui ano passado, achei bem legal
[2018-04-03 01:02:02] Muito bom esse rolê...
[2018-04-03 01:03:35] Vou sempre que tem. Recomendo, é o evento mais dahora.
[2018-04-03 01:19:59] Vou desde 2014. Gosto bastante.
Oportunidade para rever um pessoal e conversar sobre privacidade e ativismo digital
[2018-04-03 03:15:39] Sabe a VICE, a revista lacradora?
https://nextshark.com/naomi-wu-blasts-vice-allegedly-sexist-interview/
[2018-04-03 05:55:48] E de fazer uns bypass hehehehe
[2018-04-03 06:42:17] Aí sim, eu contribuí lá, espero que role o evento
[2018-04-03 09:23:01] Bom dia! Artigo novo sobre #Arduino: https://www.linkedin.com/pulse/tipos-de-arduino-lucas-de-barros-teixeira/
[2018-04-03 13:28:01] Quando, como e quanto ?
[2018-04-03 13:34:35] http://www.scienceandtechnologyresearchnews.com/electronic-structure-of-uranium-compounds-is-revealed/
[2018-04-03 13:39:56] Já foi... neste último fim de semana...
[2018-04-03 13:41:55] :(
[2018-04-03 13:52:40] Sal e galera, tenho um canal sobre Linux, Dev e criação de jogos no YouTube. Quem puder dar uma força segue último vídeo :) vlws!!!
[2018-04-03 13:52:51] https://www.youtube.com/watch?v=QI3_DfjhMUQ
[2018-04-03 14:23:38] https://docs.google.com/spreadsheets/d/1Vvfec_sVQRFX4Q7vEkZqgZXYEvEV3MQzaDmMaR_rKZw
[2018-04-03 19:50:00] #iniciante

Galera, tenho uma plaquinha arm chamada ADALM1000 da Analog Devices, é uma plaquinha para iniciantes, onde dá pra usar um software interativo que funciona como um osciloscópio.

Não estou conseguindo instalar as libs necessárias para rodar esse software.

Estou seguindo o tutorial a partir dessa parte "To build / run on Ubuntu 15.04, via shabaz on Farnell." link: https://github.com/analogdevicesinc/Pixelpulse2

Não estou conseguindo instalar essa lib necessário o do tutorial:
https://github.com/analogdevicesinc/libsmu

erro: https://gist.github.com/victorantoniassi/8d4842fe5680207a14841851f50f80e6
[2018-04-03 20:32:20] Eu matei essa placa há um ano
[2018-04-03 20:32:33] Tentando atualizar o firmware
[2018-04-03 20:32:57] Nem lembro o tutorial que segui
[2018-04-03 20:34:53] document: /home/felipe/devel/github_garoa/Telegram_logs_Garoa_Hacker_Clube_Publico/media/Garoa_Hacker_Clube_(Público)/download_372589645583615014.webp
[2018-04-03 21:11:36] consegui rodar o software, com ajuda de duas pessoas é claro, como sou iniciante com compilação e c/c++, eles me ajudaram a interpretar os erros, a maioria das vezes era problemas com bibliotecas que eu não tinha no sistema
[2018-04-03 21:15:08] @Rafiwskis tu manja se conseguiu usar ela como se fosse um Arduino? Blinkar uns leds, ligar uns motores e tals
[2018-04-03 21:23:58] Nem usei
[2018-04-03 21:24:08] Ela morreu antes de dar à luz
[2018-04-03 21:24:47] Ela tem uma IO digitais que dá pra brincar um pouco
[2018-04-03 21:25:18] O legal mesmo dela é a parte de aquisição analógica
[2018-04-03 21:25:50] Matei ela tentando fazer funcionar
[2018-04-03 21:26:16] E tudo com Python
[2018-04-03 21:29:27] tu achou outros materiais ou tudo que tem na wiki iria te servir?
[2018-04-03 21:34:24] Procurei só na Wiki
[2018-04-03 23:25:31] Y K joined
