[2018-04-09 05:04:03] Ae galera, de uma hora pra outra não tô conseguindo acessar vários sites, alguns entram, outros não, já coloquei o dns do meu desktop no automático e já coloquei outro dns e continua a mesma porcaria, o mesmo acontece no celular, uso wifi no meu desktop tb.
[2018-04-09 06:14:04] Então é seu roteador manolo
[2018-04-09 06:19:57] Obrigado gente. 👍
[2018-04-09 07:20:42] Bota aí o DNS da cloudflare
[2018-04-09 07:20:46] Uso vivo
[2018-04-09 07:20:52] Tava uma porra, alguns entravam outros nao
[2018-04-09 07:20:59] Na hora que mudei o DNS tudo voltou a funcionar
[2018-04-09 08:39:04] SpaceX main body tool for the BFR interplanetary spaceship
https://ift.tt/2GN75yl

Submitted April 09, 2018 at 06:59AM by jclishman
via reddit https://ift.tt/2GJMxe3
[2018-04-09 08:40:10] Se eu entendi direito isso aí é apenas a ferramenta para fabricar peças da espaço-nave!
[2018-04-09 08:41:15] no caso, suspeito que seja o rolo de suporte usado para "tecer" a casca de fibra de carbono
[2018-04-09 08:41:49] tipo isso: https://www.youtube.com/watch?v=_GDqxnahwbk
[2018-04-09 10:26:54] Olá, pessoal!

Um amigo, que está concluindo uma pós em psicanálise está mapeando aspectos da personalidade de quem acompanha/participa da Cultura Hacker.
O questionário é anônimo e ele disponibilizará o resultado consolidado.
[2018-04-09 10:27:04] https://docs.google.com/forms/d/1xHWUwml1C5zqrF_vYggxubxI5kgJJ2UEugqr47yGQJ8/edit?chromeless=1
[2018-04-09 10:27:58] Ah, não estranhem algumas perguntas, são aquelas coisas malucas que só psicanilista/psicólogo/psiquiatra conseguem dar um significado. rs
[2018-04-09 11:30:54] document: /home/felipe/devel/github_garoa/Telegram_logs_Garoa_Hacker_Clube_Publico/media/Garoa_Hacker_Clube_(Público)/download_5068808669164994669
[2018-04-09 11:37:25] 👏🏻👏🏻👏🏻
[2018-04-09 13:15:49] Ataque hacker coloca foto de Sérgio Moro no Sindicato dos Metalúrgicos

http://www.tecmundo.com.br/seguranca/129073-ataque-hacker-coloca-foto-sergio-moro-sindicato-metalurgicos.htm
[2018-04-09 13:39:54] Alguém sabe algum motor que opere à 120°C?
[2018-04-09 13:42:24] Não sei.
Mas para pesquisar, você pode procurar "nome do motor" + datasheet
você vai encontrar documentos como esse (http://www.pbclinear.com/Download/DataSheet/Stepper-Motor-Support-Document.pdf) que vão ter Operating Temperature.
[2018-04-09 13:42:49] Então, sim
[2018-04-09 13:43:54] Eu sei que dá para fazer isso
[2018-04-09 13:43:54] Mas queria saber se alguém sabia um motor de baixa potência que não seja tão caro que rode à 120°C
[2018-04-09 13:43:54] ?
[2018-04-09 13:49:12] @ianffcs eh so ve o sistema de rotacao de maquina de galeto, o moto movimenta uma haste que aguenta a temperatura o motor em si tem partes qe nao pode ficar operando nessa temperatura
[2018-04-09 13:51:40] Beleee, valeu @tilt4
[2018-04-09 13:52:25] !
[2018-04-09 13:53:20] É que tem que ser um motor que dê para fazer controle
[2018-04-09 13:53:22] Por isso
[2018-04-09 14:24:49] https://www.youtube.com/watch?v=3j1WNR3j0oE mais controle que isso nao tem
[2018-04-09 14:28:11] Hahahahahahha boa
[2018-04-09 14:43:34] pessoal, alguém conhece algum desses modulos?
[2018-04-09 14:43:44] https://pt.aliexpress.com/item/A7-GSM-GPRS-GPS-Demo-Module-3-In-1-Module-Shield-DC-5-9V-For-Arduino/32795853798.html
[2018-04-09 14:43:46] ou
[2018-04-09 14:43:53] https://pt.aliexpress.com/item/M-dulo-GSM-GPRS-Placa-de-Desenvolvimento-GPS-SMA-SIM808-Com-Antena-GPS-Para-Arduino/32836681721.html
[2018-04-09 14:44:04] pretendo associar um desses a uma raspberry para registrar as coordenadas GPS, data e hora ...
[2018-04-09 15:16:46] Boa dica parra quem tem GBS8200 e quer melhorar o vídeo delas: https://www.youtube.com/watch?v=FJC8e9MG2Wo&feature=youtu.be
[2018-04-09 17:15:14] Você considera ter normais as atividades intestinais?
[2018-04-09 17:18:52] Alguém aqui tem experiência com o uso de calculadoras? Eu queria saber que modelo de calculadora (o mais básico possível pra poder ser usado em provas) que permite definir funções do tipo f(x) = alguma coisa em função de x, especial se a casio fx82ms deixa fazer isso
[2018-04-09 17:18:54] ?
[2018-04-09 17:22:14] Eu tenho uma cassio fx82 e uma hp 50g. A 50g tem muitos recursos, e faz todo tipo de malandram possível. Porém tem que aprender a usar, o que leva tempo. Depois a graduação, nunca mais usei a 50g.
[2018-04-09 17:23:37] A Cassio fx82 é boa e barata. Te atende em tudo. Uso ela até hoje. As funções avançadas são mais difíceis de usar que a 50g.
[2018-04-09 17:24:27] eu só queria poder definir funções porque eu erro muito ficar calculando só com números em cada ponto várias vezes a mesma função
[2018-04-09 17:25:00] não sei se o professor deixasse usar a 50g, alguém na graduação já deixou usar ela?
[2018-04-09 17:27:36] *deixaria
[2018-04-09 17:31:15] A cassio tem suporte de expressões com até 8 variaveis. mas é meio difícil de usar.
[2018-04-09 17:31:47] No ICMC, tem professor de permite, tem outros que não
[2018-04-09 17:36:09] é um grande investimento pra depender da sorte :/
[2018-04-09 17:38:17] http://paginapessoal.utfpr.edu.br/vitoryano/el02d-eletricidade-2/fx-82MS.pdf
[2018-04-09 17:41:26] :O
[2018-04-09 17:43:38] Duro foi responder a quantos meses tenho um relacionamento amoroso: 396 meses
[2018-04-09 17:45:42] document: /home/felipe/devel/github_garoa/Telegram_logs_Garoa_Hacker_Clube_Publico/media/Garoa_Hacker_Clube_(Público)/download_113414654469865831.webp
[2018-04-09 17:50:13] haihauauauhauahhuahauaya
[2018-04-09 17:50:28] photo: /home/felipe/devel/github_garoa/Telegram_logs_Garoa_Hacker_Clube_Publico/media/Garoa_Hacker_Clube_(Público)/download_806008859_20857.jpg
[2018-04-09 17:50:42] mano, que qiestionario foi essr
[2018-04-09 17:50:45] hauhauuauuhauaua
[2018-04-09 17:50:56] hackers cagam?
[2018-04-09 17:51:13] o que eles comem, onde eles cagam, porque eles cagam?
[2018-04-09 17:53:34] document: /home/felipe/devel/github_garoa/Telegram_logs_Garoa_Hacker_Clube_Publico/media/Garoa_Hacker_Clube_(Público)/download_1271490248680931393.webp
[2018-04-09 18:03:10] A minha é HP 10s+
Facinha de usar, amigável e barata
Funciona que nem a casio
[2018-04-09 18:10:29] photo: /home/felipe/devel/github_garoa/Telegram_logs_Garoa_Hacker_Clube_Publico/media/Garoa_Hacker_Clube_(Público)/download_804723585_177098.jpg
[2018-04-09 18:11:18] Oba gente, a menos que você tenha saído um pouco e vá voltar logo, não é legal deixar as ferramentas sem guardar na bancada
[2018-04-09 18:11:37] Muito menos um projeto em andamento
[2018-04-09 18:13:06] photo: /home/felipe/devel/github_garoa/Telegram_logs_Garoa_Hacker_Clube_Publico/media/Garoa_Hacker_Clube_(Público)/download_806118658_75598.jpg
[2018-04-09 18:13:38] Já a sala multiuso está impecável
[2018-04-09 18:13:53] photo: /home/felipe/devel/github_garoa/Telegram_logs_Garoa_Hacker_Clube_Publico/media/Garoa_Hacker_Clube_(Público)/download_806117001_74403.jpg
[2018-04-09 18:16:34] Quase. Esse switchzinho azul e a fonte dele deveriam estar dentro do rack de servidores. Acho que esse detalhe passou despercebido. Se puderem quardar lá dentro eu agradeço!
[2018-04-09 18:17:12] 👍👍
[2018-04-09 18:18:07] Feito!
[2018-04-09 18:18:47] Pessoal do CTF tá de parabéns deixando o Garoa no sábado super arrumado.
[2018-04-09 18:18:48] muito obrigado!! 👍👍🙏🙏
[2018-04-09 18:27:52] O meu é vivo fibra
[2018-04-09 18:28:10] O meu tambem
[2018-04-09 18:28:16] e tava dando essa porcaria
[2018-04-09 18:28:25] troquei o DNS no mesmo segundo tudo magicamente voltou
[2018-04-09 18:28:26] Cheguei em casa agora a tarde e está funcionando normal os sites  kkk
[2018-04-09 18:28:44] maldita vivo. ayheahueua eu botei o dns da cloudflare o 1.1.1.1 e 1.0.0.1
[2018-04-09 18:28:51] ficou até mais rapido
[2018-04-09 18:29:22] Eu tava usando o giga dns, coloquei o do Google e tava a mesma porcaria, vou colocar esse da cloudflare
[2018-04-09 18:29:47] a cloudflare tá prometendo ser o mais rapido que tem atualmente.
[2018-04-09 19:06:34] perfeito
[2018-04-09 19:21:07] My fault.
[2018-04-09 20:03:41] Pessoal boa noite o CTF ainda rola aos sabados a noite? Valeu!!
[2018-04-09 20:03:44] Brasil, Sao Paulo
 #1 CloudFlare 2.71 ms
 #2 CleanBrowsing 12.00 ms
 #3 Google_DNS 29.71 ms
 #4 Norton_DNS 114.71 ms
 #5 Quad9 114.71 ms
 #6 Comodo_DNS 129.85 ms
 #7 OpenDNS 213.14 ms
 #8 Yandex_DNS 238.14 ms

https://medium.com/@nykolas.z/dns-resolvers-performance-compared-cloudflare-x-google-x-quad9-x-opendns-149e803734e5
[2018-04-09 20:04:12] então é o mais rapido auheuahuehau :P
[2018-04-09 20:04:41] ACcho que estão cumprindo a promessa :) Na media global ficou em 5ms.
[2018-04-09 20:04:48] Reinaldo Chaves joined
[2018-04-09 20:13:45] A=MAR=inho joined
[2018-04-09 21:22:04] Pqp.... cloudflare humilhando
[2018-04-09 21:28:29] serio que vcs estao nessa de cloudflare?
[2018-04-09 21:29:22] Qual o problema com a cf?
[2018-04-09 21:29:38] nada, mitm eh coisa de paranoico
[2018-04-09 21:30:12] Ue, paranóia pra ter um DNS mais rapido auehsuahau
[2018-04-09 21:30:22] Hoje ajudou quando a bosta da vivo não funcionava nada.
[2018-04-09 21:30:29] Já foi um motivo suficiente
[2018-04-09 21:31:08] O Oda roda o próprio DNS no linode. Diz aí @eduoda  :)
[2018-04-09 21:31:41] o problema nao eh (so) o dns
[2018-04-09 21:32:13] clouflare eh zuado, usar o dns dela eh ajudar o inimigo
[2018-04-09 21:33:04] 🤔
[2018-04-09 21:33:16] se alguem desenhar eu entendo auheauehau
[2018-04-09 21:34:03] cf eh mitm, ate aqui tudo bem?
[2018-04-09 21:34:25] mitm? auheuhaheua
[2018-04-09 21:40:51] homem do meio, alguém capturando o que faz e/ou redirecionando para onde quer
[2018-04-09 21:40:58] man in the middle
[2018-04-09 21:45:57] ta lindo isso enquanto 10% das requisiçoes estao indo pra ela ")
[2018-04-09 21:50:45] Ah ta
[2018-04-09 23:07:00] https://youtu.be/xljES_-IbLA
[2018-04-09 23:47:44] photo: /home/felipe/devel/github_garoa/Telegram_logs_Garoa_Hacker_Clube_Publico/media/Garoa_Hacker_Clube_(Público)/download_806121867_75123.jpg
[2018-04-09 23:49:56] artigo completo na página 44 da Revista Saber Eletrônica número 209, de Junho de 1990, disponível para download aqui: http://www.mediafire.com/file/s7cjd205zw0xu5i/SE209.pdf
