[2017-02-27 00:06:42] http://www.masswerk.at/spacewar/inside/
[2017-02-27 00:25:25] photo: /home/felipe/devel/github_tvdstaaij/telegram-history-dump/output/media/Garoa_Hacker_Clube_(Público)/download_804201365_21296.jpg
[2017-02-27 00:43:12] muito legal isso
[2017-02-27 01:13:48] Da hora
[2017-02-27 10:36:26] https://twitter.com/geeknik/status/835937073488150529
[2017-02-27 10:38:17] Nossa, olha que legal este site sobre estatística: http://students.brown.edu/seeing-theory/
[2017-02-27 12:04:27] photo
[2017-02-27 12:05:01] #DeathinReverseTEAM
[2017-02-27 13:50:59] Olaaa
[2017-02-27 13:51:14] Tem alguém no Garoa hj?
[2017-02-27 13:56:01] Certeza amigão.......
[2017-02-27 13:56:30] Estamos tocando a campainha, ninguém atende...
[2017-02-27 14:01:45] É....Tou aqui na porta...Ngm atende a campainha
[2017-02-27 14:02:02] Ue!!!!!
[2017-02-27 14:08:33] É.... Nadinha...
[2017-02-27 14:09:05] Jurava que tinha porque tem a programação de carnaval
[2017-02-27 14:09:24] Tentei chamar aqui mas nada também
[2017-02-27 14:11:06] http://garoahc.appspot.com
[2017-02-27 14:15:59] Esse app deve estar com bugs, teve um monte de pessoas esses dois dias, não tem um registro de fevereiro...
[2017-02-27 14:18:20] Ninguém fez checkin no Foursquare... só isso...
[2017-02-27 14:19:12] A sim, acho que poucas pessoas ainda usam esses apps, eu faço checkin pelo Facebook...
[2017-02-27 14:20:18] Eu faço checkin pelo Swarm, mas em fevereiro não fiz muito... fiquei sem celular um tempo e quando voltei a ter perdi o hábito...
[2017-02-27 14:23:16] Já não uso Foursquare a muitos anos...
[2017-02-27 14:24:36] Achei que tivesse dito Foursquare, hahahaha... eu faço pelo Foursquare (Swarm)...
[2017-02-27 14:27:02] Não uso desde que o Foursquare se dividiu e criou o Swarm
[2017-02-27 14:57:24] o importante é se esta aberto ou fechado, isso de fazer checkin é legal até a pessoa ir no quebrando o cerco e não querer mais dividir informações pessoais na net kkk
[2017-02-27 15:33:55] Estou a caminho...
[2017-02-27 15:35:49] Desculpe gente, queira ir mais cedo, mas acordei com febre... estava querendo o remédio fazer efeito e peguei no sono....
[2017-02-27 15:47:50] alguém sabe o @ do Gabrielzinho?
[2017-02-27 15:48:10] Melhoras 💋
[2017-02-27 15:59:32] @gfth4x07
[2017-02-27 16:02:00] /help@jackbot
[2017-02-27 16:02:40] /help@jackbot
[2017-02-27 16:07:55] /help@jackbot
[2017-02-27 16:30:37] Acho que o bot está fora...
[2017-02-27 16:32:12] Valeu, mas sem 💋, por favor...
[2017-02-27 16:41:31] Kkkkk
Melhoras
[2017-02-27 17:18:56] https://twitter.com/elonmusk/status/836020571490021376
[2017-02-27 17:19:11] ou seja... daqui 40 minutos.
[2017-02-27 18:19:56] cadê, alguma novidade já?
[2017-02-27 18:21:06] Alguém sabe se tem hackerspace em Buenos Aires?
[2017-02-27 18:23:06] Achei isso aqui mas não verifiquei: https://wiki.hackerspaces.org/Buenos_Aires
[2017-02-27 18:23:49] A galera aqui recomenda algum?
[2017-02-27 18:27:35] acabei de checar, parece que todos estão abandonados. A atualização mais recente que encontrei foi de Agosto/2016 nesse https://laboratoriodejuguete.com/
[2017-02-27 18:27:46] desanimador ;(
[2017-02-27 18:28:43] nada ainda, tô com este link da live mas nem sinal https://livestream.com/accounts/16944724/events/7071172
[2017-02-27 18:31:01] hmm www.theverge.com/2017/2/27/14754404/spacex-moon-mission-2018-elon-musk-announces-private-citizen-passengers
[2017-02-27 18:35:12] valeu pelo link @Bolichefe
[2017-02-27 18:37:08] :( obg mesmo assim
[2017-02-27 18:38:00] saiu o anúncio oficial, ele divulgou no twitter dele: http://www.spacex.com/news/2017/02/27/spacex-send-privately-crewed-dragon-spacecraft-beyond-moon-next-year
[2017-02-27 18:40:21] vai mandar 2 pessoas pra lua, mas não vai pousar, só raspar a superfície e voltar. Pelo menos eles devem ter chance de tirar umas selfies.
[2017-02-27 18:40:37] planejado pro ano que vem
[2017-02-27 18:52:34] gente, encontraram um algorítmo sort O(1) http://pastebin.com/LP5sxLyx
[2017-02-27 18:53:33] Só se pegaram a matemática e jogaram no liquidificador.
[2017-02-27 18:53:44] É. Realmente conseguiram. Parabéns.
[2017-02-27 19:00:18] HAHAHAHAAHAHAHAHA GENIAAAAAAAAAAAAAL
[2017-02-27 19:22:46] Na sigla IoT o 'S' é de segurança...
[2017-02-27 19:22:48] https://www.troyhunt.com/data-from-connected-cloudpets-teddy-bears-leaked-and-ransomed-exposing-kids-voice-messages/
[2017-02-27 19:22:56] tava lendo isso agora
[2017-02-27 19:23:06] moral: não usem mongodb
[2017-02-27 19:45:44] @mynameiserin li rápido mas creio que o prob não foi o MongoDB, mas o fato de eles terem deixado o DB aberto numa rede pública sem autenticação, não? Poderia ser qualquer outro db?
[2017-02-27 19:46:02] mongodb é aberto por natureza
[2017-02-27 19:46:08] document: /home/felipe/devel/github_tvdstaaij/telegram-history-dump/output/media/Garoa_Hacker_Clube_(Público)/download_803734014_61131.jpg
[2017-02-27 19:46:13] não é feito pra produção
[2017-02-27 19:47:26] Fala assim do Monguinho ñ, ele tem suas brechas, mas a gente tem os hacks pra segurar essas brechas kkk
[2017-02-27 19:48:35]  joined
[2017-02-27 19:49:52] Caramba até aqui tem esses caras floodando
[2017-02-27 19:54:09] Genius
[2017-02-27 20:03:40] Alt-sort
[2017-02-27 20:26:30] @BadDrive eae mano que nao quis unicamp, continuando o papo cortado naquele grupo estranho la:
[2017-02-27 20:27:50] sim, compro direto na china, muitos aqui tb compram la, eh super de boa
[2017-02-27 20:28:18] as vezs (10% das vezes ou quando a compra eh grande/chamativa) vc paga o imposto + taxa de correios
[2017-02-27 20:28:46] eh de uns 60% do valor que o cara da receita chuta la... mas geralmente vale a pena
[2017-02-27 20:29:22] se tievr pressa ou medinho, tem muita gente que compra da china e vende no ML, eh de boa la tb e muitos emite nota fiscal
[2017-02-27 20:30:23] tem mais sites por ai que sao empresas mais estruturadas, importam direitinho, vendem com nota e etc, sai mais caro, claro...
[2017-02-27 20:33:58] ah sim, tem uns golpistas no ML que na verdade so fazem a compra para vc na china e mandam entregar na sua casa... vai demorar uns 40 dias para entregar e o imposto/risco eh seu, ai nao faz sentido, melhor vc comprar direto no aliexpress
[2017-02-27 20:33:58] me pareceu que a proposta daqueles caras eh meio por ai
[2017-02-27 20:46:19] Arrumamos a placa das tartarugas ninja mas deu outro big, interessante...
[2017-02-27 20:46:53] photo: /home/felipe/devel/github_tvdstaaij/telegram-history-dump/output/media/Garoa_Hacker_Clube_(Público)/download_803117242_12016.jpg
[2017-02-27 21:14:26] Ai sim
[2017-02-27 21:23:40] Caramba, mas que bad. Uma vez comprei um negócio do EUA e fui taxado, saiu uma fortuna
[2017-02-27 21:24:15] Se for pra eu ter o risco nem vale a pena msm
[2017-02-27 21:44:21] No meu caso, 10% das vezes não sou taxado. 😣
[2017-02-27 22:16:31] enquanto isso... https://motherboard.vice.com/en_us/article/the-video-game-industry-is-lobbying-against-your-right-to-repair-consoles
[2017-02-27 22:30:19] É claro que as indústrias de games são contra reparar consoles com defeito, incentivam a comprar um novo.  Lá fora é preço de banana, aqui a coisa é diferente...
[2017-02-27 22:46:18] se comprar um iphone, vai ser taxado mesmo, nem se preocupe
[2017-02-27 22:46:38] cuidado para nao espalhar FUD
[2017-02-27 22:46:56] so este ano recebi umas 20 encomendas, nenhuma taxada
[2017-02-27 22:47:19] minha ultima taxacao foi pq o cara declarou errado o valor, 115 dolarea no lugar de 30, ai me cobraram 60 dolares de taxa
[2017-02-27 22:47:30] /s/taxa/imposto
[2017-02-27 22:47:42] ainda assim saiu mais barato que no brasil
[2017-02-27 22:48:53] Antigamente era fácil recorrer disso, eu sempre conseguia. Recentemente dificultaram
[2017-02-27 22:50:07] Érico Perez Neto joined
[2017-02-27 22:52:13] sim, e no meu caso o agravante eh que tava declaro assim no pacote, meio zuado... fiquei puto com o vendedor pelo erro
[2017-02-27 22:57:56] Eu comprei um poster dava 20 dólares ao todo e eu fui taxado
[2017-02-27 23:06:19] devia ser grande...
[2017-02-27 23:06:42] bom, mas quem paga 20 dolares num poster merece pagar imposto kkkkk
[2017-02-27 23:07:16] Era de um jogo que ru curto pra crl
[2017-02-27 23:07:43] Todos meus amigos dá escola jogavam então tem um lance sentimental e é uma ART foda hahahaha
[2017-02-27 23:07:48] Compro todo ano
