[2017-01-03 05:14:02] Tem alguns intermunicipais que  vem de Osasco com ponto final na cardeal Arcoverde, atrás do largo da batata. Só não sei se algum deles passam pelo Adalgisa
[2017-01-03 05:20:17] Para de me seguir hahah
[2017-01-03 07:59:50] Athos Petri Damiani joined
[2017-01-03 07:59:51] Hi Athos !
[2017-01-03 08:00:10] Olá!
[2017-01-03 08:43:21] Oi Athos! Espero que curta o Garoa!
[2017-01-03 09:48:53] Pessoal tenho uma startup que está competindo em uma votação aberta ao publico quem puder dar uma força e votar fico muito agradecido:
goo.gl/3y7XNY
[2017-01-03 09:51:55] A minha startup é a PrintGreen3D
[2017-01-03 09:56:39] Opa, o filamento que vcs criam serve em em impressoras que usam PLA? Não rola deixar uma amostra lá no garoa? :D
[2017-01-03 09:57:32] Hugo que temos pronto agora é ABS, mas até o meio do ano acho que já começamos a comercializar PET e PE
[2017-01-03 09:57:53] Se quiser posso deixar uma amostra lá, mas ABS sem mesa aquecida é complicado de imprimir
[2017-01-03 09:58:09] Legal. A gente tem uma impressora 3d para ABS tb:)
[2017-01-03 09:58:24] Só não sei como ela está. Mas posso testar sim.
[2017-01-03 09:59:36] Blz! deixa só organizar esse começo de ano e combinamos, me chama depois PV para não esquecer da sua amostra
[2017-01-03 10:15:51] F3717 2017
[2017-01-03 11:27:50] @michaelhoward9 tem que mandar mensagem direto para o @jackbot, sem ser pelo grupo.
[2017-01-03 11:55:32] @agaelebe @LimaWill A impressora 3D do Garoa que suporta ABS está com o hardware todo funcionando. O vidro que tem lá é bem fino, então é bom ter cuidado na hora de retirar a peça (eu prefiro usar cola bastão com ele). O único problema dela é que precisa regravar o firmware e calibrar
[2017-01-03 11:56:05] Análise do Bilhete Único http://pastie.org/3375325
[2017-01-03 11:56:16] Às vezes dá off-line mas vale a pena ler hehehhe
[2017-01-03 11:57:52] full disclosure... eita!
[2017-01-03 11:58:43] ah, entendi
[2017-01-03 11:58:50] Somente um dump do mifare
[2017-01-03 11:58:59] N vi nd d+
[2017-01-03 12:00:39] por isso o entendi... hahaha
[2017-01-03 12:05:51] Se alguem quiser testar posso deixar uma amostra lá no garoa
[2017-01-03 12:34:39] Kkkk uma hora aparece um full pra nois kkkk
[2017-01-03 13:19:07] Tem alguma forma de dar um search na conversa?
[2017-01-03 13:19:39] Eu queria achar o arquivo que me mandaram do debounce hardware
[2017-01-03 13:26:58] Se quiser todo o trabalho mastigado tem a biblioteca Bounce2 :) 
https://github.com/thomasfredericks/Bounce2
[2017-01-03 13:30:37] Muriel Costa joined
[2017-01-03 13:30:38] Hi Muriel !
[2017-01-03 13:30:52] Oi
[2017-01-03 13:31:10] 🌚
[2017-01-03 13:36:05] pelo cel da pra procurar nas midias compartilhadas
[2017-01-03 13:41:07] Gente, q dia é o bsides de maio?
[2017-01-03 13:50:58] Eu acho melhor esperar a impressora estar 100% funcional, se não o filamento vai ficar encostado...
[2017-01-03 13:59:51] 20 e 21 de Maio...
[2017-01-03 14:08:57] Sem problemas! Quando der certo posso levar.
[2017-01-03 14:09:14] inclusive se puder ajudar com a impressora estou as ordens
[2017-01-03 14:09:15] Eu falei sobre Bilhete Único uma noite lá no Garoa. Mostrei uns 'arquivos pessoais'... @fernandoGuisso e Afonso estavam lá
[2017-01-03 14:09:48] Esse pastie é de 2011, mais ou menos
[2017-01-03 14:10:00] Essas senhas foram trocadas
[2017-01-03 14:11:30] o site ainda ta a data de novembro
[2017-01-03 14:19:19] Preciso frequentar mais o garoa rsrs só o quebrando o cerco eh pouco rs
[2017-01-03 14:22:34] Valeuuu 💟
[2017-01-03 14:52:51] Talvez fale disso no QoC, mais para frente
[2017-01-03 15:28:07] Pessoal hoje alguém vai abrir o Garoa?
[2017-01-03 15:36:07] Josué Rodrigues joined
[2017-01-03 15:36:08] Hi Josué !
[2017-01-03 17:12:05] Obrigado, Yumi!
[2017-01-03 18:31:41] Estou indo para lá...
[2017-01-03 19:28:53] Evandro Magalhães joined
[2017-01-03 19:28:59] Hi Evandro !
[2017-01-03 21:08:35] Projeto interessante para quem gosta de retrocomputing: https://hackaday.io/project/19000-a-4-4ics-z80-homemade-computer-on-breadboard
[2017-01-03 21:33:51] galera, eu sei que não tem nada a ver com o tema do grupo mas:
[2017-01-03 21:34:01] vcs tem alguma ideia de como não ser pego para serviço militar?
[2017-01-03 21:34:42] engorde
[2017-01-03 21:34:50] já sou gordinho ashusuahuhsauhsauhsahas
[2017-01-03 21:35:00] meu irmão era uma bolotinha quando foi chamado, excesso de contingente na certa
[2017-01-03 21:35:06] Induz uma ereção na seleção com teus companheiros
[2017-01-03 21:35:19] auhsuhsauhsauhsauhsuhsausahsua
[2017-01-03 21:35:37] tem alguma coisa a ver ir mais cedo ou mais tarde para não pegar o serviço militar?
[2017-01-03 21:35:38] (Pior que tenho um amigo que jura que fez e por isso se livrou)
[2017-01-03 21:35:55] Se for tarde vai querer "te punir"
[2017-01-03 21:36:03] Vao*
[2017-01-03 21:36:13] tipo eu to indo sexta já
[2017-01-03 21:36:19] será que a probabilidade é menor?
[2017-01-03 21:36:28] Está matriculado em alguma universidade?
[2017-01-03 21:36:32] sim
[2017-01-03 21:36:59] Leva comprovante
[2017-01-03 21:37:09] Já pede no site ou na secretaria
[2017-01-03 21:37:18] E pega amanhã e já deixa na carteira bem guardado
[2017-01-03 21:37:59] sim, está com a minha mae
[2017-01-03 21:38:33] Dicas: não faz nenhum comentário contra o exército, nem piadas, e não seja enfático ao dizer que não quer. Apenas diga que preferiria continuar com a carreira científica que já começou no colegial com biologia e genética.
[2017-01-03 21:38:43] E baixo nenhuma circunstância leva tua mãe
[2017-01-03 21:38:44] Rs
[2017-01-03 21:38:52] Em SP quase nao pegam ninguem por falta de $$$.
[2017-01-03 21:39:02] não sou louco não de levar a minha mãe
[2017-01-03 21:39:12] Rs
[2017-01-03 21:39:17] até pq ela ia querer q o cara me selecione
[2017-01-03 21:39:32] Hahahaha
[2017-01-03 21:39:39] não vou abrir a minha boca
[2017-01-03 21:39:42] só para perguntas
[2017-01-03 21:39:47] Então seria bom hein. As mães sabem o filho que tem.
[2017-01-03 21:40:02] SHUAHSUAAHSUUSAHUSAUHSAHUSAUHSA
[2017-01-03 21:40:21] Tem gente humilde que pode precisar e querer o dinheiro  oferecido.
[2017-01-03 21:41:02] Na cidade onde me alistei, naquela vida minha passada, priorizaram quem queria (por serem humildes e poderem mudar a vida pra muito melhor) e um que outro folgado.
[2017-01-03 21:41:16] Ah. E um amigo meu que chorou pra não ser pego? Adivinha.
[2017-01-03 21:41:22] pegou
[2017-01-03 21:41:26] kkkkkkkkkk
[2017-01-03 21:41:30] Mas logicamente
[2017-01-03 21:41:54] Ninguém gosta de pessoas fracas. No fundo no fundo não gostamos. Muito menos no quartel.
[2017-01-03 21:42:00] e se eu tiver q prestar eu vou direto para o exercito ou eu posso escolher?
[2017-01-03 21:42:07] (Desculpem o comentário politicamente insensível)
[2017-01-03 21:42:18] Quando fui, tentei, falei que queria mas não rolou.
[2017-01-03 21:42:25] Não cheguei nessa fase. Não sei.
[2017-01-03 21:43:12] Dito isso, quartel é uma escola de vida.
[2017-01-03 21:43:30] vcs sabem se sp tem tiro de guerra?
[2017-01-03 21:43:38] De força, por que de conhecimento e cultura nem tanto.
[2017-01-03 21:54:42] Falar que não quer servir.
[2017-01-03 21:59:49] Esta mais difícil ser pego do que não ser pego
[2017-01-03 22:01:05] Na verdade deveria estar preocupado se vc quisesse ser chamado.
[2017-01-03 22:03:09] Você é filho unico?
[2017-01-03 22:04:02] Se for filho único.. ou unico filho homem da familia... voce pode dizer que é arrimo da familia.. eles te livram
[2017-01-03 22:04:35] ou faz que nem eu... fala que tem luxação no joelho desde pequeno... diagnosticado
[2017-01-03 22:06:23] Miopia ajuda
[2017-01-03 22:07:03] Já faz um bom tempo, mas fui dispensado tbm
[2017-01-03 22:07:52] Acho q não tinha cara de que ia curtir e o médico me dispensou por perna tirar torta
[2017-01-03 22:08:11] Dizem que quem é filho único tem menos chance de pegar...
[2017-01-03 22:08:20] Mas acho hoje em dia que devia ter feito
[2017-01-03 22:08:44] Ter feito alguma cirurgia pode te livrar dessa
[2017-01-03 22:09:18] Que massa! Valeu
[2017-01-03 22:10:12] Se duvidar o tanto de fio que tem aí já sai mais de 4$
[2017-01-03 22:11:23] Huehuehue
[2017-01-03 22:12:35] Se alistar em cidade com poucos habitantes ajuda livrei meu amigo ... minha mãe assinou comprovante endereço no endereço da minah casa
[2017-01-03 22:12:44] Caieiras
[2017-01-03 22:12:56] Devia ter menos de 100k hab
[2017-01-03 22:13:06] Eu não ia falar pra não ser chato, mas abri um mp4 velho e fui pes na internet. Descobri o projeto s1mp3. É um bolo de ferramenta GNU pra mexer no z80 do SoC presente nos mp3 chineses. Esses bem baratos.
Eu tenho um aqui, mas é Ali Corp m7101a. Provavelmente é um 8032.
Mesmo assim vou ver o que dá pra fazer com eles. Se virar algo retrô e útil já é menos lixo eletrônico no mundo.
[2017-01-03 22:13:08] Mas já foi essa etapa
[2017-01-03 22:17:13] então beleza
[2017-01-03 22:18:17] Entra mancando
[2017-01-03 22:26:38] Dá uma de Van Gogh
[2017-01-03 22:29:21] 🐲
[2017-01-03 22:29:36] Você é filho único e está na faculdade
[2017-01-03 22:29:42] E mora em SP
[2017-01-03 22:30:01] Nem se você quisesse iria servir
[2017-01-03 22:30:16] Já tem muita gente querendo
[2017-01-03 22:30:40] Eles vão mandar você fazer fila e cantar o hino
[2017-01-03 22:30:49] Só isso
[2017-01-03 22:35:18] Mas faça isso só por precaução🌚
[2017-01-03 22:47:55] Cara eu prestei esse ano cheguei a ir pra Osasco Quitaúna e o que eu te indico é educação eu fui o único a ir dando bom dia para todo mundo, na hora que falei bom dia pro sargento ele disse você quer prestar filho? Eu disse não senhor, então está liberado aqui nós valorizamos educação... Logo como tudo tenha educação e chegará a sua oportunidade, eu estava na última seletiva, antes dá recomendação, tinha avançado basicamente tudo
[2017-01-03 22:48:49] isso eu iria fazer de qqr jeito
[2017-01-03 22:49:29] É, mas pensa bem ele me disse que dos 150 e poucos candidatos que tinha passado por ele eu fui o único a dar bom dia...
[2017-01-03 22:50:23] Tenho quase certeza que não foi falta de educação dos demais, mas sim nervosismo ou algo do tipo na maioria então lembre se disso, demais as regras de hoje são diferentes das antigas
[2017-01-03 22:50:35] Hoje você não é liberado por nada quase
[2017-01-03 22:51:31] Eu tenho um problema no tornozelo que me gera inclusive isenção na hora de adquirir carros, e eles nem pediram laudo nem nada...
[2017-01-03 22:52:46] Claro que há muita variação, mas por experiência própria lembre se dá educação dos meus colegas próximo eu fui o único que me livrei e olha que minha comarca é vista como fraca...
