[2018-04-02 00:20:59] Demônio de Páscoa
[2018-04-02 07:31:39] Abre na wiki e foda c, é isso a buroc
[2018-04-02 07:32:15] Se tu quiser tb dar um help nessa página, fique a vontade! Afinal, a wiki é aberta para isto mesmo!
[2018-04-02 07:32:48] (Não sei se é um documento que tem trava, mas se tiver, nós falamos com os associados e editamos se tu fizer as devidas melhorias)
[2018-04-02 07:44:13] É só editar
[2018-04-02 07:48:05] https://garoa.net.br/wiki/Como_Criar_um_Evento
[2018-04-02 09:16:12] Beleza, tranquilo
[2018-04-02 09:17:20] https://vimeo.com/104315361 <- computer graphics born in 1963?
[2018-04-02 09:18:02] (pode pular os 2 primeiros minutos de vinheta)
[2018-04-02 09:55:05] Cryptorave apoiada https://www.catarse.me/cryptorave2018 Porque é importante lutar na prática contra o vigilantismo estatal e corporativo! ✊🏾 
(Se cada membro desta lista der 20 conto eles batem a meta)
[2018-04-02 10:00:59] 👏👏👏👏👏
[2018-04-02 10:38:54] Corrigindo minha matemática ruim: $23 de cada e eles batem a meta 😛
[2018-04-02 10:50:34] 👍
[2018-04-02 11:43:55] começo do mês os assalariados podem comprar a jaqueta e valer por 12 pessoas
[2018-04-02 11:44:23] ai todo mundo de jaquetinha nova pro proximo inverno
[2018-04-02 12:05:40] Quanto tá?
[2018-04-02 12:06:22] Depois de gabaritar a prova de BD to até feliz
[2018-04-02 12:06:23] Hauahaha
[2018-04-02 12:15:00] gentr
[2018-04-02 12:15:58] sentiram terremoto?
[2018-04-02 12:22:50] eita
[2018-04-02 12:22:58] Terremoto?
[2018-04-02 12:23:22] É o da Bolívia lá?
[2018-04-02 12:24:14] Só vc abalando meu coração
[2018-04-02 12:24:17] 😂😂😂😂
[2018-04-02 12:24:46] eu mereco
[2018-04-02 12:25:14] document: /home/felipe/devel/github_garoa/Telegram_logs_Garoa_Hacker_Clube_Publico/media/Garoa_Hacker_Clube_(Público)/download_606707282096422970.webp
[2018-04-02 12:25:23] acabei de ver que o da Bolivia respingou aqui e o que eu achei que era msnifestação na Paulista eram os prédios evacuados
[2018-04-02 13:27:58] Leonardo Mendonça joined
[2018-04-02 13:28:51] Tem que escolher melhor os Padawans...
[2018-04-02 13:28:58] Ou ameaça de bomba no estilão fight club
[2018-04-02 13:30:04] No parana,  RS , Brasília e sp
[2018-04-02 13:32:37] document: /home/felipe/devel/github_garoa/Telegram_logs_Garoa_Hacker_Clube_Publico/media/Garoa_Hacker_Clube_(Público)/download_151353307481244561.webp
[2018-04-02 14:03:58] 300
[2018-04-02 14:04:05] E poucos
[2018-04-02 15:41:55] Hugo Sousa joined
[2018-04-02 15:44:19] Que jaqueta?
[2018-04-02 16:09:23] jaqueta = moleton
[2018-04-02 16:09:25] falei errado
[2018-04-02 16:09:33] » MASTER CRYPTORAVER «
[2018-04-02 16:21:34] Lembrando que qualquer doação pra cryptorave acima de 120 reais vc pode parcelar em 3x sem juros!
[2018-04-02 16:29:36] Vou ver se consigo dar uma ajuda, tanto pro garoa quanto pra CR
[2018-04-02 16:31:12] Eta pai , deveria ter maneirado nas tequilas HAUAHAUA
[2018-04-02 21:25:34] Check out @b0rk’s Tweet: https://twitter.com/b0rk/status/980938694118002688?s=09
[2018-04-02 22:48:05] Alguém daqui participa/organiza? https://www.facebook.com/events/1786142748345194/?ti=cl
[2018-04-02 22:48:10] nunca fui
