[2017-08-14 06:11:58] https://garoa.net.br/wiki/Passaporte_Hacker
(O link está na home page do Garoa)
[2017-08-14 08:57:44] Exagero. Tem bastante gente que fica 9, 10 anos lá... Conheço um cara que ficou pelo menos 11.
[2017-08-14 08:58:51] Ah sim, mas na recepcao do gremio deu a entender que ele era conhecido por isso
[2017-08-14 10:34:57] Vaga para desenvolvedor junior Python!
[2017-08-14 10:34:58] http://www.pyfreelas.com.br/vaga/19/
[2017-08-14 13:57:29] eba! obrigada, eu tava curiosa
[2017-08-14 13:59:14] File not found

Sorry, that file doesn’t live here anymore. It might have been moved or made private. 
Coloca aí num repo do github @anchisesbr
[2017-08-14 15:55:26] Que tipo de robô vocês fazem?
[2017-08-14 16:04:39] Boa tarde , alguém brincando com esp8266 e micropython ?
[2017-08-14 16:12:01] https://t.me/MicroPythonBR
[2017-08-14 16:21:46] 👍👍
[2017-08-14 17:04:01] Vai ter evento de software livre nessa 4a feira: https://www.meetup.com/Grupo-de-Compartilhamento-do-Conhecimento-Santos-Dumont/events/242207831/
[2017-08-14 17:10:36] Eu provavelmente estarei lá
[2017-08-14 17:16:53] Eu certamente estarei lá
[2017-08-14 17:28:21] Até então o clube so participou da copa de robótica da França e a regional, esse ano vamos tentar produzir outros robos mais diversos para em 2018 começar um projeto de robô humanoide
[2017-08-14 17:31:00] Entendi. No Garoa nós organizamos campeonatos de seguidores de linha.
[2017-08-14 17:31:00] https://garoa.net.br/wiki/Garoa_Kumite
[2017-08-14 17:32:21] Essa regional é a RoboCup?
[2017-08-14 17:35:12] não, é uma copa que ficou desaparecida por um tempo, agente reviveu ela esse ano, se chama Coupe Rhone Alpes de Robotique.
[2017-08-14 17:36:25] o objetivo dos robos era movr objetos em uma mesa
[2017-08-14 17:39:33] Entendi. Bacana
[2017-08-14 17:39:45] Nossa legal , o kumite envolve codigo aberto
[2017-08-14 18:10:17] photo: /home/felipe/devel/github_tvdstaaij/telegram-history-dump/output/media/Garoa_Hacker_Clube_(Público)/download_804721466_17069.jpg
[2017-08-14 18:10:34] No Garoa tem esse copo ótimo para cerveja
[2017-08-14 18:11:10] O pessoal só precisa aprender que se usar, está automaticamente obrigado a lavar no final.
[2017-08-14 18:13:15] Pedimos também para não quebrar o copo.
[2017-08-14 18:13:43] Nossa, essa Gota Serena edição ASCII Ale ficou incrível.
[2017-08-14 18:14:00] 👍
[2017-08-14 18:14:23] Vamos fazer mais uma brassagem nas proximas semanas
[2017-08-14 18:15:53] 👏👏👏
[2017-08-14 18:37:01] LHC tá em Campinas :P
[2017-08-14 19:34:15] http://www.sony-semicon.co.jp/products_ja/spritzer/index.html
[2017-08-14 19:35:26] ja imaginei muitas coisas, menos um Arduino da Sony
[2017-08-14 19:41:03] Arduino com ARM
[2017-08-14 20:16:07] Oi gente, eu tô fazendo (tentando) fazer um projeto na faculdade só q n tenho nada de python e afins, vcs tem algum material bom pra iniciar ?
[2017-08-14 20:34:39] Não entendi!
Para mim a página está lá. E o histórico mostra que ela não foi apagada nem alterada desde sua criação, em 2013
[2017-08-14 20:34:59] O que não existe mais é o link do dropbox
[2017-08-14 20:35:05] a página está lá
[2017-08-14 20:35:14] o link do dropbox com a arte que morreu
[2017-08-14 20:35:49] Já tenho o hardware e o firmware que passei nele, boataria de algumas opiniões de quem puder trocar algumas idéias sobre.
[2017-08-14 20:42:06] Cola lá no grupo do microPython então
[2017-08-14 21:40:49] photo: /home/felipe/devel/github_tvdstaaij/telegram-history-dump/output/media/Garoa_Hacker_Clube_(Público)/download_803117729_117821.jpg
[2017-08-14 21:41:01] Python Lab hoje foi bem legal
[2017-08-14 21:41:26] 6 participantes
[2017-08-14 23:32:52] 😭
