[2016-10-03 00:12:07] Olha que bot legal que fizeram para as eleições!
[2016-10-03 00:12:12] https://telegram.me/ResultadoEleicoesBot
[2016-10-03 11:52:18] http://motherboard.vice.com/read/goodbye-world-weve-passed-the-carbon-tipping-point-for-good?trk_source=popular
[2016-10-03 11:53:15] http://motherboard.vice.com/read/vint-cerf-modern-media-is-made-for-forgetting
[2016-10-03 11:58:21] AFE cara, deixei meu computador 5 minutos fora da minha vista ontem, foram lá mecheram nele e agr o sistema pifou!!! Como as pessoas conseguem fazer isso!! Mds
[2016-10-03 13:28:25] Preocupante ... e ainda tem os que nao acreditam no aquecimento global
[2016-10-03 13:31:56] O espaço como esperança...de prolongar o "vírus" que é o ser humano
[2016-10-03 14:28:27] Legal mesmo.
[2016-10-03 14:39:02] Tanto faz, todo mundo vai morrer por causa do aquecimento global.
[2016-10-03 14:45:31] O título está errado. A errata no rodapé avisa que é "milestone" e não "tipping point". Ou seja, exageraram errado, e deixaram errado pra atrair cliques.
[2016-10-03 17:26:10] Grupy-SP na Intercon 2016

Pessoal queria oficializar o convite para o Grupy-SP ser uma das comunidades parceiras oficiais do InterCon 2016.

Em 2016 o foco do InterCon volta a ser 100% dev, sendo o principal evento anual do iMasters, reunindo aproximadamente 1.500 developers no WTC.

E também queremos que ele se torne o principal evento do ano para todas as comunidades devs brasileiras. 

Este ano teremos a participação do Bruno Rocha representando o Grupy-SP e falando sobre "Micro Services com Python".

E a ideia é reunir as 8 principais (fizemos uma seleção) com algumas ações bem legais:

- Teremos o espaço "Community Space” onde cada uma das 8 comunidades terá uma talk mostrando suas novidades e novidades de suas tecnologias
- Faremos um trabalho de divulgação das 8 comunidades, convidando os participantes a se engajarem mais com elas ao longo do ano, extrapolando os limites do InterCon
- Destinaremos uma cota de 20 convites VIPs para cada uma das comunidades para distribuição entre os principais componentes, até mesmo para prestigiar a apresentação de vocês no Community Space
- No site do evento, grande destaque para as 8 comunidades, valorizando o trabalho de cada uma delas.

Lembrando, o evento acontece nos dias 21 e 22 de outubro. O dia 21 será a noite, com os keynotes internacionais. O dia 22 durante o dia inteiro, dividido em 3 grandes auditórios: Code, Interface & Maker.

Será um prazer contar com a participação de vocês.

Se inscrevam.

Mais detalhes em breve

http://intercon2016.imasters.com.br
[2016-10-03 17:38:40] @brunorocha representará o @grupysp na #intercon2016 falando sobre "Micro Services com Python" http://intercon2016.imasters.com.br
[2016-10-03 17:57:50] Opa, tem um desses no Garoa né? https://twitter.com/etherealmind/status/783033612576944128
[2016-10-03 18:09:13] https://www.youtube.com/watch?v=TeCQatNcF20
[2016-10-03 18:39:01] Alguém a fim de falar sobre Matemática no Garoa?

https://garoa.net.br/wiki/Matem%C3%A1ticos_de_Quinta
[2016-10-03 18:40:55] document: /home/felipe/devel/github_tvdstaaij/telegram-history-dump/output/media/Garoa_Hacker_Clube_(Público)/download_156473097476637387.webp
[2016-10-03 18:43:17] Eventos à tarde no Garoa! Hey!
[2016-10-03 18:43:50] Mas é num sábado, hehe
[2016-10-03 18:44:00] Ah...
[2016-10-03 18:45:07] Chegaremos lá
[2016-10-03 18:58:40] document: /home/felipe/devel/github_tvdstaaij/telegram-history-dump/output/media/Garoa_Hacker_Clube_(Público)/download_156473097476637761.webp
[2016-10-03 18:58:55] Opa, perdão, grupo errado
[2016-10-03 22:48:15] 😁
[2016-10-03 22:50:15]  joined
[2016-10-03 22:50:16] Hi Wesley !
[2016-10-03 23:18:54] http://hackaday.com/2016/10/03/a-reproduction-vintage-sound-card/
