[2018-05-02 05:10:01] Elon Musk on Instagram: Falcon 9 fairing opens its parafoil after reentering the atmosphere
https://ift.tt/2w4cKPj

Submitted May 02, 2018 at 07:56AM by OccupyMarsNow
via reddit https://ift.tt/2w4piX2
[2018-05-02 06:25:40] A desgraça é assim
[2018-05-02 06:31:58] Só estamos a 18% do século e até organizações tradicionais como IEEE reconheceram a necessidade de incluir crianças fora do eixo masculino branco nas iniciativas STEM e você fala que o feminismo fracassou? Pra começar, não existe feminismo, existem feminismos
[2018-05-02 06:34:36] Vais ter muito mais desvantagem do que vantagem cedendo sua casa pra algo desse tipo. Só as treta vão ferrar com seu convívio familiar no primeiro trimestre
[2018-05-02 06:37:53] É porque os estudos de gênero e diversidade chegaram no mainstream há pouco tempo. Foi assim que as pessoas se sentiram com a popularização dos PCs nos anos 90, com todos aqueles termos: CPU, RAM, clock e tals
[2018-05-02 06:39:37] Ou seja, minorias.
[2018-05-02 06:42:41] Sou muito desconfiado com essas coisas... Correlação não implica casualidade. Mas só estou dando opinião cega, não cheguei a ler o artigo
[2018-05-02 06:44:11] A maneira mais fácil de introduzir viés no algoritmo é fazer a estratificação errada na fase de planejamento estatístico do treinamento. Isso é bem comum
[2018-05-02 07:34:01] Olivera joined
[2018-05-02 08:20:30] A pergunta é mais minha do que tua. 
Você por aqui? ^_^
[2018-05-02 09:34:35] Faltam apenas QUATRO DIAS para o maior evento aberto e gratuito de segurança e privacidade do mundo! A CryptoRave acontece nesta sexta-feira, dia 4, a partir das 18h na Cinemateca Brasileira, em São Paulo.

Veja aqui a grade da programação quase-completa-mas-que-ainda-falta-confirmar-algumas-atividades aka VERSÃO 1.0: 

https://cpa.cryptorave.org/pt-BR/cr2018/public/schedule
[2018-05-02 10:36:55] Tem versão online ou pdf ?
[2018-05-02 10:57:11] http://revistapesquisa.fapesp.br/2018/04/19/o-mundo-mediado-por-algoritmos/
[2018-05-02 11:26:45] Vc acha q aqui no brasil que exemplos poderiamos tirar de um trabalho feito assim? Pra seguirmos de exemplo mesmo
[2018-05-02 11:27:34] Sim mandei essa reportagem aqui pra vcs ha umas semanss os artigos da fapesp sempre tem online
[2018-05-02 11:28:33] Sempre que sai so entrar no site :) desculpa nao ter mandado o link rs obrigadaaa @leonelmajewski
[2018-05-02 11:29:15] Disponha.
[2018-05-02 11:29:32] :)
[2018-05-02 11:29:55] Gente como poe meu amigo no grupo ele eh pesquisador de robotica
[2018-05-02 11:30:33] Vá em adicionar membros.
[2018-05-02 11:31:08] Mas euposso?
[2018-05-02 11:31:10] Ta
[2018-05-02 11:31:30] Imagino que não há problemas nisto.
[2018-05-02 11:31:43] Manda o link do grupo p ele
[2018-05-02 11:32:55] Ta
[2018-05-02 11:35:23] Cade o link
[2018-05-02 11:36:09] https://t.me/GaroaHC
[2018-05-02 11:36:54] Ah ta der tava la
[2018-05-02 11:37:00] Da zero pra mim kkk
[2018-05-02 11:45:23] To por fora
[2018-05-02 11:50:31] Depois se ver ou lembrsr de algum mesmo q gringo me passa :)
[2018-05-02 11:50:48] Achei interessante oq vc disse gostaria de ver como seria uma implementação
[2018-05-02 13:10:39] Se alguém quiser a impressa, no bloco 6 do IQ-USP tem sempre meia duzia de revistas lá pra quem interessar
[2018-05-02 13:17:01] Clica no nome do grupo e veja as informações
[2018-05-02 13:17:10] photo: /home/felipe/devel/github_garoa/Telegram_logs_Garoa_Hacker_Clube_Publico/media/Garoa_Hacker_Clube_(Público)/download_806009067_33364.jpg
[2018-05-02 15:09:09] Gente eu planejo colocar um arduino nano com um alarme dentro da tampa do meu energético aqui no trabalho
[2018-05-02 15:09:20] Alguém tá assaltando meu energético na geladeira
[2018-05-02 15:11:36] energético de garrafa?
[2018-05-02 15:14:47] Identificou o enérgético com o seu nome?
[2018-05-02 15:15:08] Sim, mas alguém ainda foi lá pegar
[2018-05-02 15:15:30] Daqueles de litro, a tampa é grande o suficiente pra abrigar um nano
[2018-05-02 15:16:40] você quer ouvir o barulho e correr pra copa pra ver quem foi?
[2018-05-02 15:17:47] Pode ser, mas é mais pra constranger a pessoa mesmo. Aqui não tem wifi aberto, então não consigo subir uma notificação pra mim no celular
[2018-05-02 15:19:17] pega um circuito normal que faça barulho que funcione com pilha.
Coloca um pedaço de papel sulfite no contato da pilha
amarra um barbante nesse papel para que quando a pessoa puxe a garrafa, venha o barbante com o papel e o circuito da buzina feche

eu faria assim
[2018-05-02 15:20:11] É que eu quero poder abrir sem a garrafa apitar pra mim
[2018-05-02 15:20:24] Pensei em fazer ela parear com meu celular
[2018-05-02 15:20:50] Se eu estiver perto ela consegue parear, aí não apita
[2018-05-02 15:20:55] Ah sim. Falei com objetivo de explicar um viés não intencional que reproduz um preconceito
[2018-05-02 15:20:56] Por isso um arduino nano
[2018-05-02 15:21:01] aí quando você for pegar você leva um pedaço de sulfite e coloca na conexão.
[2018-05-02 15:22:03] A identificação visual de criminosos nos EUA é um exemplo. Tem muito mais dados de negros do que de brancos, então o algoritmo raramente identifica um branco como criminoso
[2018-05-02 15:46:15] se é pra constranger, eu usaria uma garrafa igual, corante da cor do energético e laxante 😈
[2018-05-02 15:46:30] acho muito mais simples de implementar
[2018-05-02 15:46:49] Carai borracha, tu é do mal em
[2018-05-02 15:46:58] HAHAHAHAHAHAH
[2018-05-02 15:47:36] Mas resolve 😊
[2018-05-02 15:48:03] "Essa é Minha Vida. Esse é o meu Clube"
[2018-05-02 15:48:19] Na verdade, a idéia é fazer ao contrário: fazer uma boa estratificação dos dados oara não obter viés no algoritmo. Os estatísticos costumam documentar bem tais técnicas
[2018-05-02 15:49:00] Ou laxante no energético mesmo. Para manter cor, gás e algo do cheiro/ gosto
[2018-05-02 15:49:21] coloca coca-cola na garrafa, encaixa um pacote de mentos na boca pra quando abrir, as mentos cairem dentro da garrafa.
[2018-05-02 15:49:31] o alarme vai ser a pessoa gritando
[2018-05-02 15:50:17] Hahahahahahahahah
[2018-05-02 15:50:30] Se não quiser ser extreno, não precisa nem colocar laxante. Coloca algo bem amargo, tipo chá de aluma
[2018-05-02 15:50:39] Vai identificar fácil a pessoa. Quem tiver tomado um banho de coca cola
[2018-05-02 15:51:13] A escalada de violência é que é complicado depois
[2018-05-02 15:51:29] Mas aí não vai dar pra identificar. O laxante também identifica. Quem ficar no banheiro por horas é o culpado
[2018-05-02 15:51:31] Hueheueheueheeu
[2018-05-02 15:51:32] Pode virar uma disputa de quem ferra mais o outro ......
[2018-05-02 15:51:57] mas concordo com isso, só falei pela zoeira mesmo. Não faz isso não que a chance de dar merda é grande
[2018-05-02 15:52:15] Muita merda por sinal
[2018-05-02 15:52:21] Em vários níveis
[2018-05-02 15:52:24] A empresa eh mto grande??? Se abrir pra geral na boa que alguem esta tomando o seu energetico a pessoa pode ficar constrangida e parar de fazer pq todo mundo pode começar a reparar nisso
[2018-05-02 15:53:07] Tem tipo, quatro mil funcionários aqui?
[2018-05-02 15:54:12] uma vez aconteceu isso na copa compartilhada do andar aqui. Eu sugeri pro dono colocar um aviso: "toma agora pra vc ver". Mas ninguém quis fazer isso :(
[2018-05-02 15:55:28] Na real colocar um alarme poderia pegar mal pra mim. Preferia mandar uma notificação, mas não tem wifi aberto
[2018-05-02 15:56:18] Acho que o por Bluetooth eu conseguiria conectar, a geladeira tá perto da minha mesa, a uma parede de distância. Vou ver se consigo alguma comunicação com isso
[2018-05-02 16:33:57] Controversial CEO and ‘biohacker’ Aaron Traywick found dead at 28

http://flip.it/MY-K9f
[2018-05-02 16:58:09] Boa tarde !
[2018-05-02 16:58:29] Alguem se interessaria em adquirir um pacote de hospedagem , storage e maquinas virtuais lifetime?
[2018-05-02 16:58:45] Eu estou vendendo um que adquiri na CloudAtCost
[2018-05-02 16:59:05] photo: /home/felipe/devel/github_garoa/Telegram_logs_Garoa_Hacker_Clube_Publico/media/Garoa_Hacker_Clube_(Público)/download_806010248_33331.jpg
[2018-05-02 17:01:56] Várias atividades sobre Tor e Tails em São Paulo no mês de maio:

https://gus.computer/blog/2018/04/29/atividades-tor-maio/
[2018-05-02 17:12:38] Tradução de um artigo do Medium, leitura um pouca extensa, mas que vale a pena.

https://ominhocario.wordpress.com/2018/02/23/elon-musk-nao-e-o-futuro/
[2018-05-02 17:39:45] @clockwisehorror
[2018-05-02 17:49:41] boa tarde galera
[2018-05-02 17:49:54] alguém manja de arduino ai?
[2018-05-02 17:50:53] estou tentando compilar um codigo e me retorna uma mensagem "Keyboard.h:25:17: fatal error: HID.h: No such file or directory
 #include "HID.h"
                 ^
compilation terminated."
[2018-05-02 17:51:27] vc nao tem o include
[2018-05-02 17:51:33] ou ele nao está no local correto
[2018-05-02 17:51:35] HID.h
[2018-05-02 17:51:37] o arquivo
[2018-05-02 17:52:43] entendi
[2018-05-02 17:52:53] tenho que baixar o HID.h?
[2018-05-02 18:55:18] https://www.vpnmentor.com/blog/critical-vulnerability-gpon-router/
[2018-05-02 21:04:50] https://twitter.com/paul1st4rd0x/status/991829749956784128
[2018-05-02 21:11:30] http://m.gizmodo.uol.com.br/amazon-signal-tecnica-anticensura/
