[2016-08-02 01:01:15] http://mamedev.emulab.it/haze/2016/06/06/divebombersquad/
[2016-08-02 01:01:32] leitura longa, mas vale muito a pena
[2016-08-02 08:04:05] https://sinews.siam.org/DetailsPage/TabId/900/ArtMID/2243/ArticleID/757/Surprises-of-the-Faraday-Cage.aspx
[2016-08-02 08:04:50] 🖕e o Feynman estava... errado!
[2016-08-02 10:55:04] Eu vejo ele direto lá no trampo se quiser deixar comigo eu dou pra ele
[2016-08-02 14:09:15] descobri que ele vai palestrar na minha faculdade na semana de sistemas de informação
[2016-08-02 14:14:39] Alguem sabe de alguma Kombi antiga para vender? Não precisa ser em perfeito estado de conservação. Mas tb não deve ser podre, claro. :) :)
[2016-08-02 14:16:05] Eu já estava achando que ele era uma lenda...
[2016-08-02 14:47:08] Até que ano mais ou menos?
[2016-08-02 18:39:00] http://www.internetlab.org.br/pt/noticias/internetlab-lanca-livro-o-corpo-e-o-codigo/
[2016-08-02 18:51:24] photo: /home/felipe/devel/github_tvdstaaij/telegram-history-dump/output/media/Garoa_Hacker_Clube_(Público)/download_803712251_68226.jpg
[2016-08-02 18:51:31] To na sede do Twitter hoje
[2016-08-02 18:51:58] Tô chegando
[2016-08-02 18:54:02] achei que era um pokemon
[2016-08-02 18:54:20] Uahauahua
[2016-08-02 18:54:59] Quase um Pidgey
[2016-08-02 19:17:29] Estou aqui também... e o @rg3915 também...
[2016-08-02 19:22:04] Tô no metrô
[2016-08-02 19:22:24] O que uma pizza não faz kkkkkkkkkkkkjjj
[2016-08-02 19:38:37] Tem Cerveja aqui
[2016-08-02 19:39:12] E comida
[2016-08-02 19:39:35] Tem cerveja, suco, chá, todo tipo de lanche...
[2016-08-02 19:40:23] Refrigerante
[2016-08-02 19:40:25] 5 min tô aí
[2016-08-02 19:40:26] Tem café
[2016-08-02 19:40:32] Tinha bolo
[2016-08-02 19:40:42] Um banquete pré-evento
[2016-08-02 19:41:53] Que evento é?
[2016-08-02 19:43:53] Android Meetup
[2016-08-02 19:48:59] Be excellent to each other
[2016-08-02 19:52:28] Que número da Brigadeiro é aí?
[2016-08-02 19:56:50] 4221
[2016-08-02 19:57:32] Edifício Praça Faria Lima
[2016-08-02 20:00:41] Tô
[2016-08-02 20:07:51] Endereço do Fabric:
http://fabric.io

Não sei porque me soa tão familiar...
[2016-08-02 20:20:35] Diego Malone joined
[2016-08-02 20:20:36] Hi Diego !
[2016-08-02 20:41:00] https://ring.cx/
[2016-08-02 20:42:42] https://matrix.org/
[2016-08-02 20:44:45] Alternativas ao telegram
[2016-08-02 20:46:09] https://matrix.org/docs/projects/try-matrix-now.html
[2016-08-02 20:59:14] photo: /home/felipe/devel/github_tvdstaaij/telegram-history-dump/output/media/Garoa_Hacker_Clube_(Público)/download_803718666_67074.jpg
