[2018-03-14 00:59:06] RIP Stephen Hawking :(
[2018-03-14 01:03:30] wtf
[2018-03-14 01:04:40] tá no wikipedia já
[2018-03-14 01:06:16] http://www.bbc.com/news/uk-43396008
[2018-03-14 01:06:34] vi por ai mesmo
[2018-03-14 01:36:26] https://community.letsencrypt.org/t/acme-v2-and-wildcard-certificate-support-is-live/55579
[2018-03-14 01:36:37] document: /home/felipe/devel/github_garoa/Telegram_logs_Garoa_Hacker_Clube_Publico/media/Garoa_Hacker_Clube_(Público)/download_147119960081039388.webp
[2018-03-14 02:35:52] photo: /home/felipe/devel/github_garoa/Telegram_logs_Garoa_Hacker_Clube_Publico/media/Garoa_Hacker_Clube_(Público)/download_806122074_58250.jpg
[2018-03-14 06:42:24] photo: /home/felipe/devel/github_garoa/Telegram_logs_Garoa_Hacker_Clube_Publico/media/Garoa_Hacker_Clube_(Público)/download_806123046_58687.jpg
[2018-03-14 06:42:26] #FicaDica pra vocês! ;)
[2018-03-14 06:52:46] Bom dia galera. Feliz PI day para todos!
[2018-03-14 07:58:44] Algum oceanografo na turma?
[2018-03-14 07:59:58] Recebi isso e meu radar de fake deixou passar... Sera verdade ou uma boa fake?  Desculpem o horário , mas esse boletim extraordinário e de suma importância , vejam por completo , e que Deus nos proteja https://youtu.be/8Sl6zxDw6to
[2018-03-14 08:50:13] Feliz dia do 3,1415
[2018-03-14 08:50:17] Ao infinito e além
[2018-03-14 09:10:41] Passou no Jornal da manhã na tv...
[2018-03-14 09:11:16] Estou nessa situação kkkkkk
[2018-03-14 09:12:46] Oh, dó...
[2018-03-14 09:12:48] hehehe
[2018-03-14 09:50:17] No IME a gente sugeria abrir uma pastelaria
[2018-03-14 09:50:54] Garçom serve tb, mas não eh empreendedor 😕
[2018-03-14 10:06:44] Quem estuda clima espacial são os astrônomos
[2018-03-14 10:08:35] document: /home/felipe/devel/github_garoa/Telegram_logs_Garoa_Hacker_Clube_Publico/media/Garoa_Hacker_Clube_(Público)/download_251919897997606978.webp
[2018-03-14 10:09:04] sim, mas geralmente oceanografos veem os resultados que os astronomos percebem, ou seja, se o resultado ja ta rolando conforme o video, eles teriam algum dado mais concreto para corroborar ou refutar
[2018-03-14 10:18:25] @fsanches seguindo sua ideia dos jogos no arcade com  RPi. Resolvi abrir os que tenho aqui na loja pra ver se seria possível a implementação e me deparei com isto:
[2018-03-14 10:18:51] photo: /home/felipe/devel/github_garoa/Telegram_logs_Garoa_Hacker_Clube_Publico/media/Garoa_Hacker_Clube_(Público)/download_806117756_58869.jpg
[2018-03-14 10:19:21] photo: /home/felipe/devel/github_garoa/Telegram_logs_Garoa_Hacker_Clube_Publico/media/Garoa_Hacker_Clube_(Público)/download_805512038_113829.jpg
[2018-03-14 10:19:21] photo: /home/felipe/devel/github_garoa/Telegram_logs_Garoa_Hacker_Clube_Publico/media/Garoa_Hacker_Clube_(Público)/download_806118510_58805.jpg
[2018-03-14 10:20:12] Não sou muito familiarizado com circuitos mas em uma rápida pesquisa já entendi boa parte.
[2018-03-14 10:24:11] Mas ainda assim não sei se com o que tenho aqui consigo utilizar no RPi ou precisaria adaptar algo. (Não abri o Psx para entender melhor para onde vai o flat porque as máquinas são alugadas kk)
[2018-03-14 10:24:34] oceanografo e psicanalista, no minimo curioso
[2018-03-14 10:24:46] Você ou alguém poderia me dar alguma sugestão? Hehe
Obrigado.
[2018-03-14 10:25:28] @anchisesbr tem que ensinar o pessoal a fazer o capacete de aluminio
[2018-03-14 10:37:52] Lucas Samuel Haxkar joined
[2018-03-14 11:01:24] ma oi????
[2018-03-14 11:02:29] nunca vi mais gambis na vida
[2018-03-14 11:02:37] brasileiro tá de parabéns
[2018-03-14 11:08:20] pelos nomes da pinagem ele pega vídeo rgb do ps1.. e deve cuspir serial direto no chip dos controles
[2018-03-14 11:11:48] gostei das tripas de macaco
[2018-03-14 11:12:40] Agora que eu vi kkkkk preso com tripa de mico kkkkkkkkkkk
[2018-03-14 11:13:05] né? melhor parte
[2018-03-14 11:15:07] se eu soubesse dessa magia qnd tinha uma
[2018-03-14 11:15:19] tinha usado ele pra cima em vez de cabeca pra baixo
[2018-03-14 11:17:44] se você usar uma pi2jamma você consegue só plugar esse conector azul na outra placa e usa o pi
[2018-03-14 11:18:43] http://arcadeforge.net/Pi2Jamma-Pi2SCART/Pi2Jamma::248.html
[2018-03-14 11:18:52] conheço um amigo que tem, funciona bem
[2018-03-14 11:55:43] opa pessoal gravei esse vídeo ontem, quem se interessar pelo tema da uma olhadinha :) https://www.facebook.com/juliodellaflora/videos/1763781523678103/
[2018-03-14 12:06:39] photo: /home/felipe/devel/github_garoa/Telegram_logs_Garoa_Hacker_Clube_Publico/media/Garoa_Hacker_Clube_(Público)/download_806119407_59462.jpg
[2018-03-14 12:07:41] document: /home/felipe/devel/github_garoa/Telegram_logs_Garoa_Hacker_Clube_Publico/media/Garoa_Hacker_Clube_(Público)/download_4936418763282055170.mp4
[2018-03-14 12:16:57] Perfeito pra analisar o Solaris
[2018-03-14 12:27:56] alguem conhece uma ferramenta que permita acessar um site e adicionar comentarios, marcações e eventualmente habilitar aquele modo de revisao de texto que tem nos processadores de texto?
[2018-03-14 12:28:26] seria mais interessante se fosse um esquema online que colocasse um overlay no site que esta sendo revisado
[2018-03-14 12:31:07] Hahahahaha
[2018-03-14 12:31:59] As duas máquinas aqui estão da mesma maneira kkkkkkkk
[2018-03-14 12:33:06] Obrigado Erin. Vou correr atrás 👍🏼
[2018-03-14 13:34:44] overleaf mas num revisa texto não kkkk
[2018-03-14 13:36:24] Humble Dumble de livros de A.I. https://www.humblebundle.com/books/artificial-intelligence-books?hmb_source=navbar&hmb_medium=product_tile&hmb_campaign=tile_index_1
[2018-03-14 13:40:25] Opa! Valeu!
[2018-03-14 14:11:20] Conheço esse código!
[2018-03-14 14:12:36] Estagiário é fogo. hehehehe
[2018-03-14 14:12:43] HUSAUHASUHSAUSAHSAHUAS
[2018-03-14 14:13:12] Relaxa. Esse código não é do Rotina
[2018-03-14 14:19:58] https://www.raspberrypi.org/blog/raspberry-pi-3-model-bplus-sale-now-35/
[2018-03-14 14:20:08] Novo RPi3
[2018-03-14 14:28:58] gezuis
[2018-03-14 14:31:12] XGH na veia
[2018-03-14 15:07:47] artigo fresco na rede : https://www.linkedin.com/pulse/crowdfunding-lucas-de-barros-teixeira/
[2018-03-14 15:19:43] Algo nessa linha ?
[2018-03-14 15:20:29] Me falha a memoria, mas conheço algo desse tipo. Quando eu lembrar o nome eu aviso
[2018-03-14 15:21:53] http://www.openannotation.org/
[2018-03-14 15:23:02] Lembrei !!!
[2018-03-14 15:23:05] https://web.hypothes.is/
[2018-03-14 18:32:13] Alguém indo pro garoa?
[2018-03-14 18:40:47] Rapaziada
[2018-03-14 18:41:00] Amanhã eu irei no Garoa! Terá alguém?
[2018-03-14 18:41:04] À noite?
[2018-03-14 18:41:10] podemos abrir se tu quiser
[2018-03-14 18:41:14] e se algum sócio for
[2018-03-14 18:41:28] @Yumizinha vai?
[2018-03-14 18:41:42] amanhã não posso
[2018-03-14 18:41:48] vou pra Saint Charles
[2018-03-14 18:49:33] Comecei a usar Qubes-OS... Bem diferente, curtindo bastante!
[2018-03-14 19:01:08] https://portal.comunique-se.com.br/veja-publica-noticia-falsa-sobre-mark-zuckerberg/?info
[2018-03-14 19:42:42] Boimate 2.0?
[2018-03-14 20:18:38] valeu!!
[2018-03-14 20:24:46] eu e a sala de fliperama
[2018-03-14 20:24:55] https://garoa.net.br/wiki/Sala_de_Jogos
[2018-03-14 20:26:18] eu vou. Tem atividade minha lá amanhã pra cuidar do arcade e da sala de jogos como um todo. Tá virando o maior fliperama aquela sala cheia de luzes  :-D
[2018-03-14 20:26:46] nesse momento estamos focando na decoração
[2018-03-14 20:35:04] Tem alguem no garoa hj?
[2018-03-14 20:35:32] blackblockchain
[2018-03-14 20:35:45] https://garoa.net.br/wiki/BlackBlockChain
[2018-03-14 20:36:49] Se alguma boa alma pudesse subir o termostato da geladeira de cerveja do garoa pra 16°
[2018-03-14 20:47:18] Alguém aí que trabalha com pentest teria um tempo pra tirar umas dúvidas minhas?
[2018-03-14 21:14:39] Rafael Siqueira joined
[2018-03-14 21:18:41] Acredito que quem trabalhe com isso só preste consultoria remunerada, mas se vc quiser tirar duvidas publicamente no grupo, as pessoas podem tentar lhe ajudar
[2018-03-14 21:23:07] É melhor mesmo. Bom eu queria entender como é  essa profissão, o que é Preciso estudar, o que as empresas querem etc.
[2018-03-14 21:23:51] já olhou no yt?
[2018-03-14 21:24:03] tem palestras e vídeos sobre isso
[2018-03-14 21:24:10] Já dei uma pesquisada sim, mas queria umas respostas mais pessoais
[2018-03-14 21:25:04] Mercado está interessante, eu to namorando a area mas ainda sem compromisso, aqui tem alguns amigos mais gabaritados no assunto.
[2018-03-14 21:25:36] pergunta que podem ir respondendo
[2018-03-14 21:32:23] Meu objetivo é prestar concurso pra polícia Federal pra trabalhar em crimes cibernéticos etc. Mas eu não conheço ninguém que seguiu esse caminho ou algo parecido.
[2018-03-14 21:33:04] Enfim, que vcs acham que foi o mais importante na formação de vcs pra visando trabalhar com isso?
[2018-03-14 21:34:42] estudar o edital do concurso heheheeh
[2018-03-14 21:35:14] Não dá polícia Federal hahaha pra pentest de empresa etc.
[2018-03-14 21:38:26] tu quer ser agente da PF ou pentester?
[2018-03-14 21:39:47] Não sei ao certo.
[2018-03-14 21:40:48] aí complica um pouco
[2018-03-14 21:40:53] Tem que estudar bastante, mas nao soh conhecimento academico, tem gente que aprende mais fora do que dentro de faculdade, mas ao mesmo tempo ter o canudo é importante
[2018-03-14 21:43:43] Os dois parecem MT legais
[2018-03-14 21:48:57] Tem um evento chamado Rootday que é organizado por um cara de Campinas. São uma série de seminários ao vivo pela Web relacionados a segurança da informação. O último foi sobre forense computacional e achei vem legal
[2018-03-14 21:49:17] O próximo será sobre codificação segura
[2018-03-14 21:49:36] Parece muito interessante, vou dar uma olhada. Valeu.
[2018-03-14 21:50:20] Cada evento custa 20 reais ou 60 reais pelo pacote de eventos anu e dá direito à gravação dos eventos anteriores
[2018-03-14 21:50:33] Anu  = anual
[2018-03-14 21:51:21] Eu vou viajar a trabalho dia 22 de março e só volto pro Brasil dia 3/Abril. Alguém aqui tem interesse em tocar adiante encontros na Sala de Jogos às 5as feiras enquanto eu estiver fora?
[2018-03-14 21:52:04] Podia rolar um campeonado de pebolim nos dias 22 e 29 de Março... ;-)
[2018-03-14 21:52:25] estou dentro
[2018-03-14 21:53:07] A sala faz parte do Garoa, então (estando o clube aberto) não precisa de ninguém
[2018-03-14 21:53:31] mas seria bom alguém assumir a coordenação de um campeonato desses...
[2018-03-14 21:54:11] pra garantir que o clube esteja aberto e talvez pra organizar os jogos hehe
[2018-03-14 21:55:27] bem... o que quero dizer com isso é que amanhã vai ter atividade   na Sala de Jogos igual teve semana passada, mas depois eu vou ficar duas semanas sem aparecer pois estarei viajando
[2018-03-14 21:56:01] https://garoa.net.br/wiki/Sala_de_Jogos
[2018-03-14 22:00:22] https://www.youtube.com/watch?v=ewcWN-rHQ6Q
