[2016-12-16 00:11:00] @tilt4
[2016-12-16 00:12:17] Nem parei ainda... Vou jogar na não da galera do Quebrando o Cerco
[2016-12-16 00:12:24] Lição de casa pra geral
[2016-12-16 00:13:25] Boa
[2016-12-16 02:22:38] vlw mesmo @manoelt queria dormir, mas to tentando matar essa chall :'(
[2016-12-16 07:31:36] Interessante, estou procurando coisas assim
[2016-12-16 08:45:52] Boa. Conseguiu passar do login? São 3 bypasses.
[2016-12-16 09:38:11] Hoje é niver do Juca!
Parabéns!!!
[2016-12-16 09:41:16] Ainda está valendo?
[2016-12-16 09:42:40] UGFyYWLDqW5zLCBKdWNhISEhIA==
[2016-12-16 10:04:37] Sim, está online.
[2016-12-16 10:06:18] Bom dia pessoal. Alguém tem uma sugestão pra browser mobile que dê atenção aos aspectos de privacidade? Pra desktop sempre tem extensões legais, mas pra mobile é mais chato.
[2016-12-16 10:15:51] Orbot / Orfox
[2016-12-16 10:18:02] +++++ +++[- >++++ ++++< ]>+++ +++++ +++++ +++.< ++++[ ->+++ +<]>+ .<+++
+[->+ +++<] >+.<+ +++[- >---- <]>-. +.+++ .++++ +++++ .++++ +.<++ +++++
+[->- ----- --<]> ----- --.<+ ++[-> ---<] >---. <++++ ++[-> +++++ +<]>+
+++++ .<+++ +++[- >++++ ++<]> +++++ ++.<+ +++[- >---- <]>-- .--.< +++++
+++[- >---- ----< ]>... <
[2016-12-16 10:31:26] Kkkkk
[2016-12-16 11:06:45] https://youtu.be/_CdJ4oae8f4
[2016-12-16 11:19:20] Este é um recurso presente também nos Ubers com motoristas humanos. Quarta-feira passada o Uber que eu peguei furou todos os sinais, quase bateu duas vezes, mas o espírito campineiro era forte nele e ele continuou furando o sinal.
[2016-12-16 11:56:53] >++++++++++
[>+++++++>++++++++++>+++++++++++>+++++++++++>++++++++++++>+++++++>++++++++++>++++++++++>+++++++++++>+++++++++++>+++++++++++>++++++++++>+++><<<<<<<<<<<<<<-]
>++>--->++>++>+>++>--->->--->----->>+++>+++>
<<<<<<<<<<<<<<
>.>.>.>.>.>.>.>.>.>.>.>.>.
[2016-12-16 11:58:07] document: /home/felipe/devel/github_tvdstaaij/telegram-history-dump/output/media/Garoa_Hacker_Clube_(Público)/download_826459275206328386.webp
[2016-12-16 12:02:35] document: /home/felipe/devel/github_tvdstaaij/telegram-history-dump/output/media/Garoa_Hacker_Clube_(Público)/download_803730202_117263.jpg
[2016-12-16 12:02:56] Parabéns @fsanches
[2016-12-16 12:18:28] bom dia.
pessoal eu to aqui tomando um coro para aprender a trabalhar com Wavelets, claro to engatinhando, já comecei a entender um pouco, achei alguns artigos bem interessantes como o Wavelet for Kids por Brani Vidakovic e Peter Mueller da Duke University.

Mas conversando com colegas, inclusive a Yume, ai do Garoa, ela me sugeriu investir em Fourier primeiro, bem eu não nego que já arrisquei no tema, mas sou um leigo, minha faculdade não me deu base em cálculo e agora não dá para fazer outra, quando puder com certeza vou encarar essa.

Bem, alguém tem algum PDF onde eu possa aprender Fourier em 24 horas, kkk, brincadeira.
[2016-12-16 12:25:17] @eduoda
[2016-12-16 12:41:25] No filme do Rogue One tem várias referências aos outros filmes, como por exemplo uma nave Imperial com o código SW0608. Ou seja, referência aos episódios 6 e 8.
[2016-12-16 13:01:43] sem calculo, nada feito
[2016-12-16 13:02:03] o maximo que vai conseguir eh rodar uns algoritmos prontos sem ter ideia do que se trata
[2016-12-16 13:03:11] btw, algebra linear tb precisa
[2016-12-16 13:03:32] Olá @eduoda, então quero trilhar caminhos certos, claro não poderei esperar chegar até o fim para começar, mas não quero adiar mais, neste quesito tenho adiado mas chegou a hora de seguir o caminho certo.

teria algum livro em PDF, que eu possa corrigir isso?
[2016-12-16 13:04:09] procure por Apostol vol 1 no libgen, voltamos a conversar em uns 6 meses :D
[2016-12-16 13:09:54] Cara, estava querendo montar um Grupo de Estudos em Matemática lá no Garoa perto ano que vem. Falei com mais uns 2 e se interessaram
[2016-12-16 13:10:15] uai, se puder participar via hangout, eu estou dentro.
[2016-12-16 13:10:40] A vamos ter que nivelar por baixo para deixar todos no mesmo ritmo, mas a ideia é chegar até álgebra linear
[2016-12-16 13:11:24] 👍
[2016-12-16 13:11:54] Não vejo porque não. Na verdade, como parece que vai ser um grupo pequeno, to vendo de fazer streaming direto no YouTube
[2016-12-16 13:13:01] Bom aniversário Juca!
[2016-12-16 13:13:57] eu estava como aluno ouvinte na faculdade, mas desisti apesar do professor ser muito bom, não rola uma boa interação, turma muito grande, e a matéria tava muito sequenciada, o que para meu modelo de aprendizado me traz total desinteresse.
[2016-12-16 13:17:14] Formato pode ser um problema. Preciso dar uma olhada nisso ainda
[2016-12-16 13:20:59] Bem, eu vou sugerir para não se cair na mesma de escola, tentarmos desenvolver o estudo focado em solução de problemas reais, como trilhas de aprendizado.
[2016-12-16 13:22:15] por exemplo, eu em particular, não que tenha que ser este caminho.

Gostaria muito de dedicar os estudos de Wavelet para ECG e analise de Geophones (análise de rodovia), então qual seria a trilha para começar a obter resultados em um ano.
[2016-12-16 13:26:33] Tendi
[2016-12-16 13:26:39] Pode ser uma boa mesmo
[2016-12-16 13:27:54] podiamos identificar temas que demandam a mesma base matemática, assim podemos aprofundar. sem ficar generalizando de mais.
[2016-12-16 13:29:01] se deixar eu empolgo, @Gutemhc, @eduoda e @Yumizinha, vamos lá?
[2016-12-16 13:29:38] Hehehe
[2016-12-16 13:30:03] agente pode usar um ambiente para registrar o material tipo o Moodle como o MoodleCloud.com. lá tem o Bigbluebutton que dá para fazer webaula.
[2016-12-16 13:36:19] Preciso aprender mais Python, acho que vou me inscrever nas aulas das crianças do @Fabiohirano
[2016-12-16 13:38:17] [2]
[2016-12-16 13:38:49] Bora fazer "Curso de Férias" com a molecada de uns 12 anos... Hehehe
[2016-12-16 13:39:11] "Um tira no Jardim de Infância Feelings"
[2016-12-16 13:39:33] Hahahahahahahah
[2016-12-16 13:40:10] (Levanta a mão) Tio, @Fabiohirano, posso ir no banheiro???
[2016-12-16 13:40:58] Não conheço esse filme... Não é da minha época. 😂😂😜😜
[2016-12-16 13:42:03] Hahahahahaha
[2016-12-16 13:42:33] Claaaassico do Governator
[2016-12-16 13:42:49] Se eu não precisar te acompanhar, pode hahaha
[2016-12-16 13:44:19] photo: /home/felipe/devel/github_tvdstaaij/telegram-history-dump/output/media/Garoa_Hacker_Clube_(Público)/download_803705221_150244.jpg
[2016-12-16 13:47:18] Hauhauhau
[2016-12-16 13:47:20] Justo
[2016-12-16 13:48:10] Opaaa... Só não pode morder.
[2016-12-16 13:48:29] Não diz nada de "Não roubar a merenda do coleguinha"
[2016-12-16 13:48:44] A menos que a professora diga que não pode
[2016-12-16 13:48:55] Meio Asimoviano, não acham?
[2016-12-16 13:51:03] Um tanto...
[2016-12-16 14:03:38] Ou até mesmo o Open edX.
[2016-12-16 14:54:26] Nunca usei o Open edX, curto o MoodleCloud por usar Moodle, e dá para montar todo o conteúdo offline.
[2016-12-16 14:56:35] Parece que o OpenEdx ainda tem muito a ser desenvolvido diante do MoodleCloud. só o BBB mata a pau.
[2016-12-16 15:45:13] Um hacker no Jardim de Infancia
[2016-12-16 17:46:26] um balanço do projeto que coordenei de 2014 até agora: http://infoamazonia.blogosfera.uol.com.br/2016/12/16/como-construimos-um-projeto-open-source-para-monitorar-a-qualidade-dagua/
como parte dele, desenvolvemos um equipamento open source para monitoramento da qualidade da água
[2016-12-16 17:52:29] Aêêêêê!!!! :-D
[2016-12-16 18:03:59] http://campuse.ro/events/Campusero-dream-team/
[2016-12-16 18:38:47] Massa hein! 🙌🏾👍🏾
[2016-12-16 20:34:40] Parbéns, muito interessante.
[2016-12-16 23:27:22] Meu primo mandou esse link. Rádios no mundo todo.
http://radio.garden/live/
 Cada pontinho verde no mapa é uma rádio.. . Posicionando vc escuta o som que está tocando no lugar ao vivo. No canto inferior direito aparece outras rádios do país, é só trocar que muda automaticamente.
Sensacional.
[2016-12-16 23:41:00] Muito legal
[2016-12-16 23:42:12] Pessoal, eu vi aqui nos eventos do Garoa. O Garoa vai ficar aberto até de noite. Correto?
[2016-12-16 23:42:31] Da hora mesmo.
[2016-12-16 23:45:43] Ninguém responde?
[2016-12-16 23:46:12] Quando?
[2016-12-16 23:47:08] Amanhã.
[2016-12-16 23:48:03] Provavelmente. Mas eu vou perder.
[2016-12-16 23:51:10] Valeu Villares
