[2017-01-23 07:29:22] Esse é meu filme favorito
[2017-01-23 07:32:01] Coloca um remote para o upstream, e faz pull do upstream master
[2017-01-23 08:27:10] Eu tenho!!! Rsrsesr preciso de um help!
[2017-01-23 08:30:23] Não tenha! O Termminal é seu amigo!
[2017-01-23 08:30:54] Tá previsto um curso básico para o Quebrando o Cerco, quando tiver pronto, te aviso
[2017-01-23 08:31:05] 😊😊😊
[2017-01-23 08:31:15] Oba
[2017-01-23 09:06:29]  joined
[2017-01-23 09:06:29] Hi Douglas !
[2017-01-23 09:53:25] O Terminal é meu amigo
O Terminal é meu colega
Vou fazer com ele
O que a Microsoft fez com a Nokia
[2017-01-23 10:09:00] Terminal é brother
[2017-01-23 12:29:38] Quem tem interesse em sintetizadores analógicos?
[2017-01-23 12:37:05] 0x.270 joined
[2017-01-23 12:37:05] Hi Sec !
[2017-01-23 12:37:19] E ai : ]
[2017-01-23 12:37:22] Shall I tell you something about AI?
[2017-01-23 12:38:14] Pode ser
[2017-01-23 12:40:52] Foco do grupo ?
[2017-01-23 12:44:03] photo: /home/felipe/devel/github_tvdstaaij/telegram-history-dump/output/media/Garoa_Hacker_Clube_(Público)/download_803735112_41396.jpg
[2017-01-23 12:44:05] foca do grupo
[2017-01-23 12:44:39] Hum
[2017-01-23 12:44:41] o/
[2017-01-23 12:45:27] kkkk
[2017-01-23 12:45:30] Vou começar a mexer com isso no garoa
[2017-01-23 12:45:38] quando?
[2017-01-23 12:47:24] Pra mim é mais facil durante a noite na semana, acho q na próxima segunda dia 30 vou começar, mas conforme aparecer gente vamos acertando um dia/horário melhor
[2017-01-23 12:49:02] depois de março segunda à noite não posso :(
[2017-01-23 12:50:01] É só pra começar, depois acertamos
[2017-01-23 13:21:54] Vai começar do 0? For dummies?
[2017-01-23 13:22:30] O que pretendo fazer é seguir um livro pra iniciantes
[2017-01-23 13:22:54] Onde o cara vai montando os circuitos passo a passo
[2017-01-23 13:25:17] 👍
[2017-01-23 13:56:41] Esqueci um mouse wireless no garoa neste sábado passado. Se alguém encontrar peço gentileza que deixem em algum achados e perdidos...valew
[2017-01-23 14:55:44] document: /home/felipe/devel/github_tvdstaaij/telegram-history-dump/output/media/Garoa_Hacker_Clube_(Público)/download_234951203765616904.webp
[2017-01-23 15:41:55] Muito bonitinha
[2017-01-23 15:44:40] @erickwendel quando for retirar o crachá do hackathon avisa vou com vc te dou uma carona
[2017-01-23 15:50:36] acho que animo hein
[2017-01-23 15:52:50] Acho que vi, estava acompanhado de um mouse pad azul, não? Acho que ficou em cima da mesa da sala multiuso.... Se eu for pro Garoa guardo
[2017-01-23 15:54:17] Esse mesmo Fabio ! Agradeço muito
[2017-01-23 15:55:39] Vou fazer Linux no sábado a tarde.
[2017-01-23 15:57:02] O receptor Bluetooth ficou espetado no note rsrs
[2017-01-23 17:09:25] Willian joined
[2017-01-23 17:09:25] Hi Willian !
[2017-01-23 17:10:09] Willian added @ Garu
[2017-01-23 17:10:09] Hi @ !
