[2017-02-17 00:05:38] Minha filha quer ir de novo jogar pebolim com o tio francês
[2017-02-17 00:17:25] Arthur Julião added Miguel Gameiro
[2017-02-17 00:17:26] Hi Miguel !
[2017-02-17 01:14:06] https://twitter.com/B21DGY/status/831265541344153601/photo/1?ref_src=twsrc%5Etfw
[2017-02-17 01:14:34] A história completa está aqui: https://estilo.uol.com.br/comportamento/noticias/redacao/2017/02/16/menina-de-7-anos-pede-emprego-para-chefe-do-google-e-recebe-resposta-fofa.htm
[2017-02-17 01:20:44] Com ou sem sotaque?
[2017-02-17 01:43:01] LOL
[2017-02-17 01:43:35] (PSIU !!!! Não conta pra ninguém que eu ainda não fui dormir.... hahahah)
[2017-02-17 01:54:51] Gentennn, ele ta ocordado falando umas doidera
[2017-02-17 01:55:10] 😊
[2017-02-17 03:24:58] Gentem
[2017-02-17 03:25:02] Cadê o sono?
[2017-02-17 03:25:32] Será que tem gente dormindo e tá aparecendo uma notificações irritantes só Cel de alguém?
[2017-02-17 03:25:45] document: /home/felipe/devel/github_tvdstaaij/telegram-history-dump/output/media/Garoa_Hacker_Clube_(Público)/download_694481660414001259.webp
[2017-02-17 03:25:53] Visita à professora Edith Ranzini + Placas de memória de núcleo de ferrite do computador G10: https://forum.fiozera.com.br/t/resgate-historico-do-computador-patinho-feio-usp-1971/58/11
[2017-02-17 03:28:25] Morreu
[2017-02-17 03:28:58] sono já era
[2017-02-17 03:29:13] mas preciso ir dormir
[2017-02-17 03:29:18] falou, galera!
[2017-02-17 03:29:52] happy hacking pra quem hacka, happy dreaming pra quem dreama!!
[2017-02-17 03:30:02] document: /home/felipe/devel/github_tvdstaaij/telegram-history-dump/output/media/Garoa_Hacker_Clube_(Público)/download_763960599037084258.webp
[2017-02-17 03:30:56] Dhoraaaa
[2017-02-17 03:32:09] document: /home/felipe/devel/github_tvdstaaij/telegram-history-dump/output/media/Garoa_Hacker_Clube_(Público)/download_763960599037084167.webp
[2017-02-17 03:32:11] photo: /home/felipe/devel/github_tvdstaaij/telegram-history-dump/output/media/Garoa_Hacker_Clube_(Público)/download_803116575_7001.jpg
[2017-02-17 03:33:28] acho que são dissipadores
[2017-02-17 03:33:42] essa porra aí operava em 1 ampere!
[2017-02-17 03:34:07] ouvi dizer já que 1 ampere mata um boi....
[2017-02-17 03:34:32] boa noite! Bons sonhos 😃
[2017-02-17 03:34:37] 3, 2, 1, fui!
[2017-02-17 03:35:46] Dhora
[2017-02-17 05:44:52] Bom dia pessoal que está acordando!!!
[2017-02-17 05:44:59] Estou indo dormir
[2017-02-17 05:45:09] document: /home/felipe/devel/github_tvdstaaij/telegram-history-dump/output/media/Garoa_Hacker_Clube_(Público)/download_58023844232823849.webp
[2017-02-17 08:00:00] Só pra deixar publicamente registrado que eu te odeio. Duas vezes.
[2017-02-17 09:32:24] Acordei achando que era sábado voltei a dormir e cheguei 1h30 atrasado
[2017-02-17 09:54:23] Indo trabalhar agora... De ressaca. Bom dia.
[2017-02-17 09:55:10] e quem trabalha sóbrio?
[2017-02-17 09:58:23] Agora pense em alguém que está de ressaca sem ao menos ter bebido
[2017-02-17 09:58:47] Ressaca de sono?
[2017-02-17 09:59:41] Digamos que é ressaca de Evidências
[2017-02-17 10:00:20] photo: /home/felipe/devel/github_tvdstaaij/telegram-history-dump/output/media/Garoa_Hacker_Clube_(Público)/download_803112565_6975.jpg
[2017-02-17 10:04:00] Outra pessoa que odeia o @eduoda
[2017-02-17 10:35:05]  joined
[2017-02-17 10:35:05] Hi Zx !
[2017-02-17 10:57:17] document: /home/felipe/devel/github_tvdstaaij/telegram-history-dump/output/media/Garoa_Hacker_Clube_(Público)/download_4987976779063885825.jpeg
[2017-02-17 10:57:42] Saudades da época que eu era o Programador Sinistro Bêbado...
[2017-02-17 10:57:56] Agora, só Ressaca mesmo... rs
[2017-02-17 13:12:42] sofro disso
[2017-02-17 13:16:14] #tamojunto
[2017-02-17 13:19:54] huahauhaauh
[2017-02-17 13:20:07] tmao junto eh o que esta escrito na parede do minato
[2017-02-17 13:35:37] Olá, Quebradores de Cerco,
nesse nosso 5º Encontro iremos usar o Nmap, então peço a todos para verificarem e/ou instalarem em seu Sistema Operacional ou VM.

Um item adicional que vamos utilizar é a Vm do Metasploitable 2[0], que pode ser baixada a partir do site da Offensive Security. Usaremos como target de nossos Scans e para os futuros testes de Vulnerabilidade e Penetração.

Espero todos lá!

[0] https://www.offensive-security.com/metasploit-unleashed/requirements/
[2017-02-17 13:37:56] document: /home/felipe/devel/github_tvdstaaij/telegram-history-dump/output/media/Garoa_Hacker_Clube_(Público)/download_169467267627617412.webp
[2017-02-17 13:38:00] document: /home/felipe/devel/github_tvdstaaij/telegram-history-dump/output/media/Garoa_Hacker_Clube_(Público)/download_272479773299573156.webp
[2017-02-17 13:40:52] document: /home/felipe/devel/github_tvdstaaij/telegram-history-dump/output/media/Garoa_Hacker_Clube_(Público)/download_328774854541050090.webp
[2017-02-17 13:46:40] 👀
[2017-02-17 14:04:59] https://www.youtube.com/watch?v=-JcY8wZ-dpE
[2017-02-17 14:05:14] document: /home/felipe/devel/github_tvdstaaij/telegram-history-dump/output/media/Garoa_Hacker_Clube_(Público)/download_175980787395461171.webp
[2017-02-17 14:45:59] https://www.youtube.com/watch?v=YA_0UVSEqgo
[2017-02-17 14:47:44] acho que ele tá fazendo streaming via USB dos comandos do chip de FM-synthesis da Yamaha a partir de um arquivo VGM (dump de registradores) no PC
[2017-02-17 14:49:06] hmmm.... por outro lado, acabei de reparar que ele tem um slot de SD-card alí na placa. Então talvez ele esteja lendo os dados de registradores de config do chip fm-synth a partir do cartão
[2017-02-17 15:23:37] Oda, segui seu conselho!
[2017-02-17 15:23:43] document: /home/felipe/devel/github_tvdstaaij/telegram-history-dump/output/media/Garoa_Hacker_Clube_(Público)/download_4987813978328530946
[2017-02-17 15:27:23] ai sim!
[2017-02-17 15:48:28] http://www.startrekkers.com.br/comunicacoes/noticias-trekker/coquetrekkers-2017-18022017.html
A quem possa interessar, amanhã acontece o Coquetrekkers 2017
[2017-02-17 15:52:04] coquetel de gala? lol
[2017-02-17 16:06:34] "2. Os trajes exigidos são uniformes Star Trek ou Esporte Fino.'
[2017-02-17 16:06:37] eita
[2017-02-17 16:07:01] talvez ano que vem quando eu tiver meu cosplay de janeway
[2017-02-17 16:09:21] "Não haverá serviço de valet, prefira transporte público ou teletransporte." 🤔
[2017-02-17 16:14:47] A tecnologia humana ainda não acompanhou.
[2017-02-17 16:15:37] Eu quero fazer cosplay de Número Um mas o cabelo dela é castanho :p
[2017-02-17 16:19:30] ir de esporte fino deve ser muito do time excluido
[2017-02-17 16:19:42] mas nem isso eh tenho
[2017-02-17 16:19:49] open bar?
[2017-02-17 16:21:27] isso
[2017-02-17 16:21:30] https://github.com/alvarowolfx/firebase-sensoriamento
[2017-02-17 16:21:31] alvarowolfx | firebase-sensoriamento

[:fire:] Código do Tutorial de Sensoriamento Realtime com Firebase e ESP8266

Language: HTML
Forks: 1
Stars: 3
Issues: 0
[2017-02-17 16:32:22] Andre Siqueira joined
[2017-02-17 16:32:23] Hi Andre !
[2017-02-17 16:36:29] opa
[2017-02-17 17:25:11] gente, pergunta bizarra que eu não tô achando resposta em nenhum lugar. django+tastypie, fazendo POST para criar uma entrada nova, tudo funciona, exceto o campo "nome" que causa erro de validação do django se for menor que 20 caracteres. em nenhum lugar no meu banco eu especifico um mínimo. o campo é TextField e nenhum outro campo do mesmo tipo no mesmo modelo tem esse problema.
[2017-02-17 17:25:29] e dá pra criar com nome <20char pelo admin sem problemas
[2017-02-17 17:25:42] (mas o erro vem do django, não do tastypie, até onde pude confirmar)
[2017-02-17 17:29:38] Quem souber de alguém que esteja desempregado
A Deloitte vai contratar 150 profissionais para trabalhar na recuperação judicial da Oi Telecomunicações e 207 Interessados enviar curriculum para: daniel.lincoln@deloitte.com 
ou ligar no 11 96441-4220 falar com Daniel Lincoln dúvidas no WhatsApp. 

Secretária
Auxiliar administrativo
Auxiliar de escrit.
Assistente contábil
Auditor fiscal
Auditor tributário
Assistente técnico administrativo
Técnico contábil
Contador
Analista Atuarial
Técnico em redes
Programador Java
Programador C#
 
 Oferece : salario básico em torno de R$ 2.700,00 até R$ 5.500,00, mais tiquete R$ 620,00 -plano de saúde. Talvez você pode não estar precisando, mas pode ter um amigo pai de família desempregado. Divulgue. 
Repassando...
[2017-02-17 18:10:40] Pessoal, estou com uns servos Futaba S3003 aqui. Eles estão sem os acessórios. Tem como fazer a conexão física deles sem os acessórios? Ou seja, alguma ruela, parafuso, porquinha, etc para conectar na ponta que seja mais barato do que pagar 27 paus num kit de acessórios?
[2017-02-17 18:58:09] http://observer.com/2017/02/spacex-will-fly-a-rocket-back-to-earth-in-broad-daylight-this-weekend/
[2017-02-17 19:06:35] Rennan de Almeida joined
[2017-02-17 19:06:36] Hi Rennan !
[2017-02-17 19:19:30] http://jalopnik.com/heroic-driver-sacrifices-his-tesla-to-save-unconscious-1792349590
[2017-02-17 19:48:56] Galera.. apenas para informar..
Esse post é fake.. conversei com um contato na Deloitte e de uma triagem interna, a coisa parecida que viralizou...
#fake #naorepasse.
[2017-02-17 21:02:41] document: /home/felipe/devel/github_tvdstaaij/telegram-history-dump/output/media/Garoa_Hacker_Clube_(Público)/download_285892071401719668.webp
[2017-02-17 21:11:56] Genteee... o @vmesel passou na federal da puta que pariu!!! Eeeeee
[2017-02-17 21:12:05] HUSAUHASUHSAUHASHUAASSUHA
[2017-02-17 21:12:07] e agora
[2017-02-17 21:12:10] o q eu faco?
[2017-02-17 21:12:12] vou?
[2017-02-17 21:12:14] nao vou?
[2017-02-17 21:32:33] quem vem no carnahacking? https://www.garoa.net.br/wiki/Carnahacking_2017
[2017-02-17 21:43:40] Passou, tem que ir
[2017-02-17 21:54:53] Quem dera a Vida fosse "preto no Branco" assim
[2017-02-17 21:55:20] Lê de novo e manda ele ir
[2017-02-17 21:56:54] EU OUVI OPEN HOUSE DO @vmesel NA REPÚBLICA NA PUTA QUE PARIU?
[2017-02-17 21:57:04] Hahaha
[2017-02-17 21:57:29] Já pensou, Yumi fazendo Letras na UNESP
[2017-02-17 21:57:38] Ewww
[2017-02-17 21:58:02] Era só pela piada do 'passou na puta que pariu', vai pra...
[2017-02-17 21:58:49] hahahaha
[2017-02-17 21:59:09] vou pagar anuidade
[2017-02-17 21:59:12] eu acho que o Vini tem que ir pra....
[2017-02-17 21:59:17] Obrigado. E, de modo geral, todo post que pede para ser compartilhado é falso, na melhor das hipóteses.
[2017-02-17 22:22:01] photo: /home/felipe/devel/github_tvdstaaij/telegram-history-dump/output/media/Garoa_Hacker_Clube_(Público)/download_803113175_7038.jpg
[2017-02-17 22:22:15] Hoje teve reunião do sindicato de robôs
[2017-02-17 22:22:24] Vão entrar em greve
[2017-02-17 23:02:16] http://randomnerdtutorials.com/9-biometric-sensors-arduino-compatible/
[2017-02-17 23:25:56] aee parabens!
[2017-02-17 23:26:42] aeee PARABENS!!! se o curso for o q vc quer, vai, fica um pouco.. se achar que nao rola sai antes do 2 ano e bora pra proxima (sugestao)
[2017-02-17 23:27:26] Gutem para de assistir softporn de hollywood
