[2018-03-12 00:48:23] Wow!
[2018-03-12 00:51:45] document: /home/felipe/devel/github_garoa/Telegram_logs_Garoa_Hacker_Clube_Publico/media/Garoa_Hacker_Clube_(Público)/download_414123293595926950.webp
[2018-03-12 01:00:20] Uma vez meu pai estava arrumando Amiga, dai alguem parou para tentar convencer de que "existe computador melhor e não fazia sentido arrumar"
[2018-03-12 01:05:41] Igual quando alguém tá chorando de emoção ouvindo Rhapsody in Blue de George Gershwin executada por Leonard Bernstein e a New York Philarmonic Orchestra e alguém torce o nariz e fala sobre a melhor banda brasileira de música americana da última semana...
[2018-03-12 02:05:20] Igualzinho!
[2018-03-12 07:56:25] Precisamente!
[2018-03-12 10:53:12] photo: /home/felipe/devel/github_garoa/Telegram_logs_Garoa_Hacker_Clube_Publico/media/Garoa_Hacker_Clube_(Público)/download_806119790_56763.jpg
[2018-03-12 10:53:37] Motor elétrico trifásico de 96 volts e 71 cavalos contra os 53 originais do fusca... Esse motor leva o besouro de 0 a 80 em 9 segundos e chega aos 160km/h
[2018-03-12 11:33:33] e autonomia?
[2018-03-12 11:33:38] 100km?
[2018-03-12 11:34:01] ai tem que pegar o fusca o troca metal por fibra de carbono pra ganhar autonomia
[2018-03-12 11:39:01] Não deve ser muito grande não kkkkkkkk
[2018-03-12 11:40:37] o drone racing ta servindo pra botar em prova essas baterias de li-po
[2018-03-12 11:40:58] pq a briga é constante peso X potencia
[2018-03-12 11:44:41] Pra mim 50km de autonomia já é de bom tamanho. Tem carregador grátis no estacionamento do prédio onde eu trabalho e eu moro a nem bem 1km daqui.
[2018-03-12 11:49:18] no teu caso ir a pé resolve
[2018-03-12 11:49:26] ou bike
[2018-03-12 11:49:39] no meu caso eu ando 60km por dia
[2018-03-12 11:49:42] ja nao rola auhaa
[2018-03-12 11:51:12] e um fusca bonitinho igual esse ai da foto é 20mil reais
[2018-03-12 11:53:44] e esse motor deve sser uns 15mil
[2018-03-12 11:54:39] se pegar 15mil so pra gasolina tu usa o fusca como veio até ele virar pó, além do custo da energia se nao tiver solar
[2018-03-12 11:54:47] Uso urbano, o Fusca EV seria muito bom
[2018-03-12 11:55:53] Se rodasse uns 80km dentro... ja é algo
[2018-03-12 11:56:16] E se tiver baixa necessidade de manutencão
[2018-03-12 11:56:43] Motor eletrico a manutenção é quase zero.
[2018-03-12 11:57:07] Máximo trocar os rolamentos
[2018-03-12 11:57:54] Teve uma reportagem naquele programa de carro da globo, o cara ficava meio perdido com o motor silencioso
[2018-03-12 11:58:23] Vi numa kombi tbm, soh o metal batendo sem barulho de motor
[2018-03-12 11:59:04] o motor tem manutencao de rolamento
[2018-03-12 11:59:07] mas tem as baterias
[2018-03-12 11:59:26] tem que ter um sistema bom de arrefecimento pra ficar bom
[2018-03-12 11:59:34] que custa mais energia
[2018-03-12 12:00:44] Arrefecimento, suspenção, freios, pneus, etc... é manuntenção igual a um carro convencional
[2018-03-12 12:01:11] Acho que é o principal custo. porque nós sabemos que a bateria tem um vida limitada.
[2018-03-12 12:02:13] @Gutemhc contato do Leandro da IPP que faz cortes em metal e acrílicos também: vendas@acrilicosipp.com.br
Whats: 11 98998-6604
[2018-03-12 12:12:31] @fsanches também tinha perguntado :)
[2018-03-12 12:16:06] valeu!
[2018-03-12 12:20:15] acho que carro eletrico se sustenta se for com pós-venda decente, gambiarra em fusca é só pra ganhar na arrancada no fds sem fazer barulho auheauehau
[2018-03-12 12:21:01] e no brasil comprar eletrico é insustentavel pq tem muito imposto em cima.. em vez de subsidio
[2018-03-12 12:21:57] um hibrido decente é 150mil reais+ um totalmente eletrico como o leaf ou zoe é considerado importado e passa dos 200mil
[2018-03-12 12:33:15] no fim das contas no brasil carro eletrico é pra rico se mostrar como cool hipster early adopter
[2018-03-12 12:35:51] Na real custa muito mais que isso por causa da bateria durar apenas 8 anos.
Então em 8 anos você tem 50 mil de despesa, o teu carro que valeria 80 mil, passa a valer 30.
[2018-03-12 12:36:55] ah sim, mas a renault e nissan tem o plano de pos-venda, tu paga um valor por mes se nao me engano o leaf é 180 por mes
[2018-03-12 12:37:06] que cobre as baterias enquanto paga
[2018-03-12 12:37:30] a cada 5 anos tu tem que deixar o carro pra eles trocarem tudo
[2018-03-12 12:37:57] e se caso dê BO em alguma(s) tu troca 'sem custo'
[2018-03-12 12:40:16] se fizer um calculo rapido usando a gasolina aduterada as 5 reais o custo anual de qm anda 14mil por ano de combustivel é 7mil reais
[2018-03-12 12:40:59] ainda sai mais barato infelizmente
[2018-03-12 12:47:50] Depois desse vídeo eu perdi a fé na combustão interna hehehehe
[2018-03-12 12:47:53] https://youtu.be/1Cp3CRmcAJU?t=1m8s
[2018-03-12 12:49:10] No Brasil nada dá certo. heheheheheheh
[2018-03-12 12:49:12] ah claro ne aeauehuae combustao vai ter o problema classico de ter 50-60% de eficiencia perdida no calor
[2018-03-12 12:49:27] pra arrancar eletrico eh apelao
[2018-03-12 12:49:32] tipo usar cheat no game
[2018-03-12 12:49:33] auhauha
[2018-03-12 13:35:02] Nada. eficiência dos ICE é 25% (um pouco maior pro Diesel)
[2018-03-12 13:36:05] Não com a nossa gasolina a base de querosene kkk
[2018-03-12 13:36:27] Estava vendo um apresentação da Mercedes F1, dizendo que o motor da temporada de 2017 tinha eficiência próxima de 50%
[2018-03-12 13:37:06] Alcoolina é tenso
[2018-03-12 13:46:13] Precisa de um pouco de gasolina pra chegar no trabalho com perfume de Fusca, senão não vale. :D
[2018-03-12 13:46:43] Esse chega com cheiro de amperes heheheheh
[2018-03-12 13:54:42] Eau de Ampére
[2018-03-12 14:15:12] cheiro de photons
[2018-03-12 14:21:04] https://www.webmotors.com.br/comprar/fiat/uno/1-3-cs-8v-gasolina-2p-manual/2-portas/1990/21010284
[2018-03-12 14:21:21] Pega um uninho velho desses, já coloca um kit EV
[2018-03-12 14:21:24] Já era
[2018-03-12 14:30:39] Tks
[2018-03-12 14:32:19] da pra rebaixar aro 13 calota cromada e colocar uma escada
[2018-03-12 14:32:29] e um adesivo de tele na lateral
[2018-03-12 14:34:00] hehehehehehehehe
[2018-03-12 14:34:01] https://www.noticiasautomotivas.com.br/electro-palio-eletrico-ja-pode-ser-adquirido-em-minas-gerais-a-partir-de-r52-900/
[2018-03-12 14:34:11] Já coloca um kit desses
[2018-03-12 14:34:28] 4mil do Uno + 10K do kit (se comprar da china)
[2018-03-12 14:34:49] E as baterias?
[2018-03-12 14:34:50] Já era 14K você está com um Unão 90 EV
[2018-03-12 14:35:03] Já vem no kit?
[2018-03-12 14:35:10] Então, esse Electro está usando chumbo convencional
[2018-03-12 14:35:31] Bem ruim, mas dá para fazer
[2018-03-12 14:35:48] O ideal é pedir um lote de A123
[2018-03-12 14:36:27] Pense numa bomba kkk
[2018-03-12 14:36:54] heheheheheheheheh
[2018-03-12 14:37:12] Se for pra fazer EV, vai ser o EV da vila hehehehehehe
[2018-03-12 14:37:31] Unão, bateria de chumbo, hehheheheh
[2018-03-12 14:38:01] tesla car explodes - Pesquisa Google
https://www.google.com.br/search?q=tesla+car+explodes&oq=tesla+car+explo&aqs=chrome.2.69i57j0l3.9798j0j4&client=ms-android-motorola&sourceid=chrome-mobile&ie=UTF-8
[2018-03-12 14:38:15] Olha as imagens e vídeos
[2018-03-12 14:38:46] Imagina um uno pesando duas toneladas
[2018-03-12 14:38:55] Freio tambor
[2018-03-12 14:38:58] document: /home/felipe/devel/github_garoa/Telegram_logs_Garoa_Hacker_Clube_Publico/media/Garoa_Hacker_Clube_(Público)/download_244604348921808892.webp
[2018-03-12 14:44:10] O Reverend Gadget, um dos caras que fazem conversão para Eletricos na California, consegue uma autonomia de uns 150km na média, sem precisar de reduções de peso
[2018-03-12 14:44:43] Reverend Gadget é um dos que aparecem em "Revenge of Electric Car"
[2018-03-12 14:48:06] Primeiro Drag Racer a passar de 400km/h era eletrico
[2018-03-12 14:49:24] Tem as motoca elétrica tb
[2018-03-12 14:49:41] Freio tanto faz... essa porra não vai andar 50km e nem vai passar do 50km/h hehehehehehhe
[2018-03-12 14:49:59] As motos estão mais adiantadas, IHMO
[2018-03-12 14:50:18] E é mais fácil fazer uma motoca EV em casa
[2018-03-12 14:50:21] Bike, pra quem curte, tem evoluido em passos largos, tbm
[2018-03-12 14:50:40] com techs de pedal-assisted
[2018-03-12 14:52:20] https://pt.aliexpress.com/item/QS-Motor-205-Electric-Car-kit-E-Car-kit-3000W-Hub-Motor-Electric-Car-Conversion-Kit/32727375060.html?spm=a2g03.search0104.3.20.280a12e7Avne6v&ws_ab_test=searchweb0_0,searchweb201602_1_10152_10151_10065_10344_10068_10342_10547_10343_10340_10548_10341_10084_10083_10618_10307_5711211_10313_10059_10534_306_100031_10103_10627_10626_10624_10623_10622_5722411_10621_10620_5711311,searchweb201603_37,ppcSwitch_3&algo_expid=62f3153a-5a9d-4cbb-87b8-4871b6d037f2-3&algo_pvid=62f3153a-5a9d-4cbb-87b8-4871b6d037f2&transAbTest=ae803_5&priceBeautifyAB=0
[2018-03-12 14:53:41] https://www.youtube.com/watch?v=5_-tPS7H41w
[2018-03-12 14:53:49] https://pt.aliexpress.com/item/transaxle-for-BM1424HQF-rear-axle-with-hydraulic-brake-Differential-speed-brushless-motor-used-driver-shaft-conversion/32332339215.html?spm=a2g03.10010108.1000015.9.194f6d39KG0PVw
[2018-03-12 14:53:56] Essa kombi faz 100km com uma recarga
[2018-03-12 14:54:16] Essa empresa fez um fusca com autonomia de 160km
[2018-03-12 14:54:32] https://i1.wp.com/www.maosaoauto.com.br/wp-content/uploads/2015/10/fusca-eletrico-revolt.jpg
[2018-03-12 14:55:53] http://www.veiculoselectricospt.com/wp-content/uploads/2010/10/kit-conversao-electrico.jpg
[2018-03-12 14:56:24] Só fazer uma placa adaptadora. Olhem a foto.
[2018-03-12 14:57:11] sim. os kits geralmente vem com ela, mas é "simples" de fazer
[2018-03-12 14:57:18] é um disco com furações
[2018-03-12 14:57:52] Meu, está fácil fazer um EV DIY
[2018-03-12 14:58:14] sim, só as peças que são meio complicadas de achar a pronta entrega
[2018-03-12 14:58:27] geralmetne são encomendas de meses de espera
[2018-03-12 15:01:27] Sonho da minha vida ter uma Kombi Eletríca.
[2018-03-12 15:01:35] o foda é achar fusca bacana
[2018-03-12 15:01:38] [2]
[2018-03-12 15:01:40] melhor a ideia do palio
[2018-03-12 15:45:16] Gente, esqueci o carregador do meu celular no sábado no garoa. Ele é quadrado, preto, da Motorola. Deixei ele na régua que fica presa na parede, ao lado do sofá, na sala multiuso. Vou hoje a noite buscá-lo. Se alguém o encontrar lá, por favor deixar ele em um lugar fácil de achar. Obrigado :)
[2018-03-12 15:48:19] photo: /home/felipe/devel/github_garoa/Telegram_logs_Garoa_Hacker_Clube_Publico/media/Garoa_Hacker_Clube_(Público)/download_806124335_57518.jpg
[2018-03-12 15:50:04] Esse mesmo!!! 😁
[2018-03-12 15:52:24] Isso não é problema. Projeto é assim mesmo
[2018-03-12 15:53:59] eu acho que vou ficar aqui até de noite
[2018-03-12 15:54:24] se eu sair antes de vc chegar eu guardo em algum lugar e aviso
[2018-03-12 15:55:48] Ok!
[2018-03-12 15:55:53] Obrigado!
[2018-03-12 16:01:59] Eu to preparando um workshop pra HOPE desse ano, que acontece em Julho, sobre como rodar um servidor em casa, rodando um Tor relay no Raspberry Pi
[2018-03-12 16:02:29] Quero fazer um workshop de teste, tava pensando em fazer no Garoa em umas duas semanas. Alguém tem interesse?
[2018-03-12 16:07:18] O abstrato do workshop é:
Se vc sempre quis rodar um servidor pessoal em casa e não sabe como, este workshop é para você. Vamos aprender a instalar Linux no RasPi, configurar, usar SSH e linha de comando para administrá-lo, configurar firewall, contas de usuários, logs e também instalar e configurar um relay de Tor. Aprenda a fazer tudo você mesmo, sem usar scripts pré-configurados.

Ajude a combater censura e proteja a liberdade de expressão no mundo, rode um relay de Tor em casa!

Todos são bem-vindos, não é necessário saber absolutamente nada sobre linux ou servidores para começar. Traga seu laptop e se estiver usando Windows, baixe e instale PuTTY ( https://www.chiark.greenend.org.uk/~sgtatham/putty/latest.html ).
[2018-03-12 16:11:06] Eu topo muito @rafaelcamera
[2018-03-12 16:11:23] Opa! Tenho muito interesse!
[2018-03-12 16:12:57] Topo também!
[2018-03-12 16:13:59] Eu rodei um relay em casa por quase um ano, antes do Snowden aparecer e eu descobrir q to numa lista na NSA somewhere 🙄... Limitava o tráfego a 4GB por dia, e cheguei a usar 100% disso nos últimos meses q mantive ele online
[2018-03-12 16:14:08] nao esquece de colocar na lista de email
[2018-03-12 16:14:12] É bem bacana :)
[2018-03-12 16:14:18] e na wiki
[2018-03-12 16:14:20] Sim! Vim primeiro ver se havia interesse
[2018-03-12 16:14:54] Vou postar lá, dando uma traduzida melhor no resumo
[2018-03-12 16:15:35] A única questão é q precisamos de Raspberry Pis... Tenho um ou dois pra levar, o Garoa tem algum? Quem tem interesse poderia trazer outros?
[2018-03-12 16:17:04] eu tenho 1
[2018-03-12 16:17:26] pi 3
[2018-03-12 16:19:40] Também tenho um Pi 3
[2018-03-12 16:19:47] Qual versão?
[2018-03-12 16:35:30] acho que não tem problema colocar quem estiver com o rasp em dupla com quem não tem
[2018-03-12 16:45:47] Tenho kit de Rpi 3 a venda, pronta entrega, para quem interessar.
Rpi3, dissipadores de calor, case original, fonte de 2.5A e cartão de 16GB - R$280
PVT-ME
[2018-03-12 17:06:05] Tenho interesse também. Fds?
[2018-03-12 17:15:20] Tenho interesse e tenho RPI3
[2018-03-12 17:23:47] Raspi 3 funciona melhor
[2018-03-12 17:23:50] Por causa do wifi
[2018-03-12 17:24:02] Mas raspi 2 tbm rola, meu rodou no raspi 2
[2018-03-12 17:24:13] Precisa de pelo menos 8GB microsd card
[2018-03-12 17:36:45] euuuuu
[2018-03-12 17:38:32] o raspi 1 funciona?
[2018-03-12 17:38:33] kkk
[2018-03-12 17:44:41] Teoricamente, sim. Na prática, não sei... rs
[2018-03-12 18:29:17] Tbm tenho! :D
[2018-03-12 18:49:31] Tenho Interesse
[2018-03-12 19:07:16] Raspi 1 funciona, mas mal... E o OS é outra arquitetura (armv6, iirc), então pode ter bugs inesperados q nas outras não
[2018-03-12 19:10:02] muito legal a proposta! so vale lembrar que tor relay nao eh uma boa ideia para ter privacidade
[2018-03-12 19:13:33] acho que essa afirmacao merece uma explicacao:
se vc nao sanitizar/homogeneizar o browser (geralmente o caso quendo se usar um relay) seu fingerprint te trai
[2018-03-12 19:13:46] teste aqui:
https://panopticlick.eff.org/
[2018-03-12 19:15:06] simplesmente maximizando o tor browser vc pode acabar "unique among the 1,294,881 tested so far"
[2018-03-12 19:22:57] Sim!! Sem dúvida e isso é parte da explicação
[2018-03-12 19:24:10] A ideia não é ter um relay em casa para aumentar sua privacidade, mas apenas para ajudar outros a terem. Além disso, vc não vai rodar o browser no raspi, o Raspi não vai nem ter X11 instalado
[2018-03-12 19:30:02] ah claro, nem imaginei alguem usando brower no rpi
[2018-03-12 19:30:10] e justamente esta eh a treta
[2018-03-12 19:30:39] tem que rodar o browser do jeitinho que veio no bundle
[2018-03-12 19:30:44] nem maximizar eh muito bom
[2018-03-12 19:33:01] enfim, vejo muita gente falando em usar sempre tor colocando ele no seu roteador anterior a WAN, mas isso nao basta
[2018-03-12 19:33:42] no maximo vc vira um no da rede, mas ai vc so eh um bom samaritano
[2018-03-12 19:34:05] e se tem desequilibrio no que da e recebe, cedo ou tarde da ruim
[2018-03-12 19:34:22] btw, nao virem nós de saida se nao souberem o que estao fazendo
[2018-03-12 19:35:14] virem nós de saída e sniffem as conexões :p
[2018-03-12 19:35:53] se conseguir sniffar pacotes criptografados, acho que vc pode fazer coisa melhor com seu conhecimento ;)
[2018-03-12 19:36:01] (disclaimer: não, nunca fiz isso nem pretendo)
[2018-03-12 19:36:05] calma
[2018-03-12 19:36:38] acho que o brower do bundle ja vem com aqueles ssl everywhere
[2018-03-12 19:36:47] os pacotes entre os nós de saída e os servidores não necessariamente são criptografados
[2018-03-12 19:36:56] sim, o Tor Browser Bundle vem com HTTPS Everywhere
[2018-03-12 19:37:31] entao, mais um motivo para quem nao souber o que esta fazendo usar o bundle e nada mais
[2018-03-12 19:38:25] um dos motivos pra sniffar seria justamente ver quem ainda usa HTTP (ou outro protocolo plaintext over Tor), identificar as infos que ainda dá pra colher mesmo dos pacotes criptografados, etc.
[2018-03-12 19:38:40] vi uma palestra sobre isso há uns anos atrás, seria legal saber como está hoje em dia
[2018-03-12 19:39:05] isso ai eh bem documentado
[2018-03-12 19:39:16] pode fazer for the lulz
[2018-03-12 19:39:29] que dá pra sniffar? sim
[2018-03-12 19:39:36] nao, das vulnerabilidades
[2018-03-12 19:39:48] ataques topologicos e tal
[2018-03-12 19:40:17] por isso renovar rotas etc etc eh o be-a-ba
[2018-03-12 19:41:28] o legal de virar no de saida eh comecar a ser scaneado, bloqueado...
[2018-03-12 19:41:50] hahah
[2018-03-12 19:41:57] imagino
[2018-03-12 19:42:14] Da pra usar o rasp3 com openvpn antes de rotear ?
[2018-03-12 19:42:56] pq nao daria? por ser tudo atras de nat?
[2018-03-12 19:43:37] acho que esse nat-pmp ja resolvem essa parte
[2018-03-12 19:44:09] Me parece uma solução barata pra ter um pouco de privacidade i guess
[2018-03-12 19:44:23] mas vpn para onde?
[2018-03-12 19:44:24] kkkk
[2018-03-12 19:44:34] daqui a pouco alguem sugere usar proxy hauhauhauhauah
[2018-03-12 19:51:09] Provavelmente esses capacitores foram trocados porque os SMD vazaram. E Nesse caso, dependendo do tempo que a placa ficou exposta ao líquido corrosivo do SMD, fez com que as trilhas ficassem corroídas.
Mas o pior de tudo foi que não fizeram o serviço completo, que seria trocar todos os capacitores SMD do seu amiga, pois certamente eles já estavam vazando tb (não existe A600/A1200 e outros "novos" que estejam com seus capacitores originais e a regra conhecida dos amigas é, se vc tem um Amiga 600 e mais recentes, com seus capacitores originais, infelizmente eles já vazaram e correram sua placa, o que vc deve fazer é abrir seu Amiga, remover cautelosamente TODOS os capacitores SMD, lavar sua placa com água e sabão, espremer um limão na placa ou jogar um vinagre na placa, nas partes afetadas pelo líquido corrosivo dos SMDs, lavar a placa de novo, secar e depois seguir o procedimento de soldagem de novos capacitores comuns no seu Amiga (procure o tutorial no site do Victor Trucco).
O meu estava assim e infelizmente a placa estava bem afetada, tanto que precisei fazer muito wireup para recondicionar e fazer com que tudo voltasse a vids de novo.
[2018-03-12 19:53:35] Limão, vinagre? Essa é nova para mim. Imagino que seja pelo ácido, então porque não fluxo?
[2018-03-12 19:54:47] Pode ser... limão e vinagre era o que eu tinha na hora
[2018-03-12 19:54:57] sim, exatamente isso que aconteceu, até aí nenhum segredo...
[2018-03-12 19:55:05] Quase deu para fazer uma saladinha 😂😂😂
[2018-03-12 19:55:20] AyLoNs, peguei 5L de fluxo de doação na Tato, lembrei de vc kkkk
[2018-03-12 19:55:23] estao la no garoa
[2018-03-12 19:56:08] alias, tem uns cadinhos para solda la que vieram na doacao, bem legal
[2018-03-12 19:58:57] os outros caps ainda não vazaram.. sim têm prazo de validade mas os meus ainda estão bons e eu não tenho outros smd em mãos pra trocar tão cedo... "todos já vazaram" é uma máxima errada no meu caso, só um vazou e antes de chegar em minhas mãos... sei bem quando amigas foram produzidos e como caps funcionam e como trocá-los... não preciso da ajuda do trucco, valeu...
[2018-03-12 19:59:03] Alguém fez compras na apple estados unidos com cartão brasileiro recentemente?
[2018-03-12 19:59:06] 🙄
[2018-03-12 20:01:30] Não achei numa busca, mas tem um video velhão da Texas mostrando eles produzindo eletrônica, tipo anos 50 assim. Aì a solda automática era feita com uma roda-gigante que mergulhava a placa de bunda num cadinho de solda, fazendo splash e tudo. Fantástico.
[2018-03-12 20:02:04] wave solder? ou algo diferente
[2018-03-12 20:02:26] Digamos que é o avô do wave solder.
[2018-03-12 20:02:32] tendi
[2018-03-12 20:03:50] https://youtu.be/kKln6zTy4C8?t=52s
[2018-03-12 20:03:52] Taí
[2018-03-12 20:03:57] uhu
[2018-03-12 20:04:08] vou assistir c:
[2018-03-12 20:05:00] Eu me confundi, não era da TI, era do radio TR-1.
[2018-03-12 20:05:37] assistindo
[2018-03-12 20:05:44] acabei de assistir uns de wave solder
[2018-03-12 20:07:21] Tive problemas com solda seletiva na última produção que eu fiz aqui. O fluxo sujou a parte de dentro do RJ-45
[2018-03-12 20:07:35] Se tivesse usado solda onda n'ao teria problema.
[2018-03-12 20:07:48] Ou teria outro problema, vai saber...
[2018-03-12 20:08:20] Então.....eu tb pensava que os meus estavam bons pois não tem como saber se eles não vazaram, uma vez que eles escondem bem o liquido (em baixo daquelas capinhas de plástico) e mesmo o excedente que escapa, a olho nú não dá para perceber.
Na época, uns 4 anos atrás, eu comentei na comunidade de Amiga e falei justamente wue os capacitores estavam novos, e o pessoal sem olhar já diagnosticou os capacitores e não deu outra, quando removi, só vi pedaço de trilha soltando junto com o capacitor e finalmente o líquido aparecendo.
Essas máquinas tem quase 30 anos ou mais e infelizmente os Amigas posteriores ao 500 vieram com esses SMD que acredito na época ser algo novo em microcomputadores e que não tinham tanta resistência assim como os atuais. Infelizmente.
[2018-03-12 20:09:14] popolon desculpa mas eu ACABEI de FAZER a limpeza da placa, troca de cap e conserto de trilha com as minhas próprias mãos
[2018-03-12 20:09:33] você vir dizer que eu preciso aprender com o trucco é no mínimo me subestimar
[2018-03-12 20:10:09] eu sei o que eu estou fazendo, obrigada
[2018-03-12 20:11:06] document: /home/felipe/devel/github_garoa/Telegram_logs_Garoa_Hacker_Clube_Publico/media/Garoa_Hacker_Clube_(Público)/download_15405485050036952.webp
[2018-03-12 20:11:19] ta, agora algum admin por favor apaga ;)
[2018-03-12 20:11:59] cara, que loucura essa solda com roda gigante funcionar
[2018-03-12 20:13:17] wave solder ja eh muito doido que funcione, o fluxo eh borrifado em tudo nos dois casos, ne?
[2018-03-12 20:16:52] Sim, mas na solda onda a placa fica em angulo e o fluxo vem só por baixo, na seletiva ele é borrifado. No fim, resolveu-se limpando com ultrassom.
[2018-03-12 20:17:25] https://youtu.be/VWH58QrprVc?t=34s
[2018-03-12 20:17:30] Aplicação de fluxo em solda onda
[2018-03-12 20:17:36] Bom, procurei no histórico de sua msg original sobre essa informação de que vc havia trocado todos os caps e não achei.
De fato apenas tentei repassar algumas infos que tive acesso em outras listas de Amiga e sobre o Trucco, estou procurando tb a minha msg onde eu afirmo que vc prrcisa aprender com o Trucco, apenas sugeri o tutorial do Trucco, afinal de contas se houver alguém com o mesmo problema, porque não repassar a informação (inclusive foi lá que aprendi a arrumar isso).
Bom... felicidades e um abraço.
[2018-03-12 20:17:57] arre
[2018-03-12 20:19:31] Aplicação de fluxo em seletiva: https://youtu.be/p-VImd2yW5s?t=1m45s
[2018-03-12 20:19:51] ninja'd
[2018-03-12 20:21:23] Aliás, comecem a se preparar que a inauguração é esse ano. As eletrônicas já saíram do forno, literalmente.
[2018-03-12 20:23:04] https://www.facebook.com/CNPEM/videos/2264986766860800/
[2018-03-12 20:23:40] O primeiro acelerador vai começar a ser instalado semana que vem, comissionado nas próximas semanas.
[2018-03-12 20:24:13] https://www.youtube.com/watch?v=JStbyvxd7bg
[2018-03-12 20:24:31] olha, temos tudo no garoa para montar uma dessas
[2018-03-12 20:24:56] seria um uso legal para um frame de CNC que temos la
[2018-03-12 20:25:11] so nao sei se eh de fato util
[2018-03-12 20:25:28] temos microscopio e tablets tb
[2018-03-12 20:28:36] É legal para montar painel e tal... fazer uma placa só para por na hotplate é meio overkill. Mas esse seria um projeto legal, de qualquer forma.
[2018-03-12 21:05:34] Tem toda razão, é um ponto q eu tomo por granted, mas pouca gente sabe, vou deixar bem claro!!
[2018-03-12 21:24:37] Qual módulo de GPS de raspberry pi vcs usam e/oi conhecem?
