[2016-08-11 00:11:38] Tenso.
[2016-08-11 00:23:29] photo: /home/felipe/devel/github_tvdstaaij/telegram-history-dump/output/media/Garoa_Hacker_Clube_(Público)/download_532579354908040743.mp4
[2016-08-11 07:16:07] Diga prum cadista usar o openscad e ele vai desenhar vc
[2016-08-11 07:43:05] Parei pra ler sobre esse Lightworks e parece uma versão do Avid... vou testar, depois digo o que achei.
[2016-08-11 08:51:27] Pessoal, hoje é o último dia... quem puder, colabore... esses carinhas merecem...
[2016-08-11 09:09:28] Galera, alguém tem contato com a riseup
[2016-08-11 09:21:13] Esse é o robô das crianças
[2016-08-11 09:25:00] document: /home/felipe/devel/github_tvdstaaij/telegram-history-dump/output/media/Garoa_Hacker_Clube_(Público)/download_206420058140835854.mp4a
[2016-08-11 09:27:10] TRUE
[2016-08-11 09:29:25] Preciso de um email de lá, tem como alguém pedir um invite pra mim ou me passar o contato?
[2016-08-11 09:33:22] :))
[2016-08-11 09:52:05] Pessoal, eu tava com Win8.1 e Ubuntu em dualboot, instalei o Wifislax em cima do Ubuntu e o GRUB q veio com o Wifislax ficou com a resolução toda cagada, não consigo ler nada, só sei que quando aperto enter ele abre o Wifislax,  como eu modifico isso?
[2016-08-11 09:56:47] Uma opção seria Vc usar um livecd de ubuntu e rodar "update-grub"
[2016-08-11 09:58:02] Deve atualizar pra uma configuração "usável" do grub
[2016-08-11 09:59:12] Valeu! Vou tentar mais tarde!
[2016-08-11 10:52:09] Bom dia
[2016-08-11 10:53:19] document: /home/felipe/devel/github_tvdstaaij/telegram-history-dump/output/media/Garoa_Hacker_Clube_(Público)/download_803717002_73885.jpg
[2016-08-11 10:59:28] Quem está no comando financeiro do que for arrecadado?
[2016-08-11 11:02:42] O professor das crianças que é coordenador da escola também.
[2016-08-11 11:03:47] O Professor Orientador Alan Barbosa de Paiva...
[2016-08-11 11:04:29] São crianças e um grupo muito simples. O Fabio e eu os adotamos das competições que nós organizávamos. Pra você ter uma ideia, começaram com 1 arduino e um notebook emprestado para um grupo de 20 crianças.
[2016-08-11 11:05:12] Lol
[2016-08-11 11:19:11] Só isso que eu precisava saber! :)
[2016-08-11 14:43:31] @fsanches https://www.youtube.com/watch?v=WRSRVdLQ_-k
[2016-08-11 14:44:18] Lembrei um pouco do CPU do 0 vendo esse video
[2016-08-11 15:58:33] 👍
[2016-08-11 16:45:55] Se alguém está na graduação e quer uma atividade bacana para o verão: http://pages.cnpem.br/bolsasdeverao/
[2016-08-11 16:46:14] Já aviso que é intenso, mas é muito bacana para os bolsistas. Tem em várias áreas.
[2016-08-11 16:48:16] pinned the message
[2016-08-11 18:12:39] alguém no Garoa agora ?
[2016-08-11 18:12:59] gostaria de checar se tem um livro na biblioteca
[2016-08-11 18:13:25] chamado "Fonts & Encodings", da OReily
[2016-08-11 18:16:16] eu já vi esse livro. Mas não achei agora. Era seu, né?
[2016-08-11 18:17:35] Gostei do nome. De que ano é? Cobre Unicode?
[2016-08-11 18:18:28] https://www.tug.org/TUGboat/tb29-2/tb92vieth.pdf
[2016-08-11 18:18:59] http://shop.oreilly.com/product/9780596102425.do
[2016-08-11 18:19:46] Fonts & Encodings
From Advanced Typography to Unicode and Everything in Between
By Yannis Haralambous
Publisher: O'Reilly Media
Final Release Date: September 2007
Pages: 1040
[2016-08-11 18:20:51] Caraca. Suculento ainda por cima. Vou adicionar à minha lista de curiosidades. Thanks!
[2016-08-11 18:21:36] Eu copiei o PDF desse livro muitos anos atrás
[2016-08-11 18:21:39] gostei tanto que comprei
[2016-08-11 18:21:52] só que eu não sei onde deixei a versão impressa
[2016-08-11 18:22:00] suspeito que eu tenha deixado no Garoa
[2016-08-11 18:22:15] e agora tô precisando consultar o livro, por conta do meu trampo
[2016-08-11 18:22:30] e não tenho mais o PDF e não consigo achar o livro de papel
[2016-08-11 18:24:02] Qual a duvida que surgiu pra voce no trabalho a respeito disso?
[2016-08-11 18:24:08] #curioso rs
[2016-08-11 18:27:53] libgen, mano
[2016-08-11 18:27:55] preciso saber quais são as exceções para a regra de nomes válidos para glyph names em fontes truetype
[2016-08-11 18:28:21] sei que .notdef é uma das exceções
[2016-08-11 18:28:38] apesar dos nomes não poderem começar com .
[2016-08-11 18:28:49] Puts. Nem google sabe?
[2016-08-11 18:29:30] é... eu acho que já sei a resposta
[2016-08-11 18:29:37] Mas de qualquer forma, evitando excentricidades nos nomes voce ficaria de Buenas
[2016-08-11 18:30:01] meu emprego é escrever software de validação de fontes
[2016-08-11 18:30:09] eu é que tenho que policiar as excentricidades dos outros
[2016-08-11 18:30:18] Dai muda de figura!! Kkkkk
[2016-08-11 18:30:43] :-)
[2016-08-11 18:30:54] document: /home/felipe/devel/github_tvdstaaij/telegram-history-dump/output/media/Garoa_Hacker_Clube_(Público)/download_156473097476637466.webp
[2016-08-11 20:08:24] photo: /home/felipe/devel/github_tvdstaaij/telegram-history-dump/output/media/Garoa_Hacker_Clube_(Público)/download_803717414_74277.jpg
[2016-08-11 20:08:29] 😂
[2016-08-11 20:09:14] Empirismo computacional.
[2016-08-11 20:09:29] Especialmente útil com hardware e APIs.
[2016-08-11 20:13:35] O pouco que sei de arduíno aprendi assim 😅
[2016-08-11 20:15:07]  joined
[2016-08-11 20:15:09] Hi Litting !
[2016-08-11 20:20:28] <3
[2016-08-11 20:20:30] What does that mean?
[2016-08-11 20:23:01] <=2
[2016-08-11 20:25:45] Gratitude
[2016-08-11 20:25:47] gratitude?  Briefly, gratitude means a feeling of thankfulness and appreciation.
[2016-08-11 20:33:38] 👍🏻
[2016-08-11 21:53:44] tem alguém no garoa agora?
[2016-08-11 21:53:52] sim
[2016-08-11 21:53:58] (sim, é óbvio que tem)
[2016-08-11 21:54:03] (é noite do arduino)
[2016-08-11 21:54:09] mas eu preciso que alguém veja pra mim
[2016-08-11 21:54:16] Mas tem pouca gente.
[2016-08-11 21:54:17] se tem um livro chamado Fonts & Encodings
[2016-08-11 21:54:22] na biblioteca
[2016-08-11 21:54:28] é da OReilly
[2016-08-11 21:54:40] capa rosa (mesmo tom da capa do Ramalho)
[2016-08-11 21:55:01] http://shop.oreilly.com/product/9780596102425.do
[2016-08-11 21:55:46] Não achei
[2016-08-11 21:56:02] VC não comprou o PDF junto?
[2016-08-11 21:58:42] Tem uma pequena chance de estar entre os livros que não estão na estante. Mas na terça vc vem aqui e dá uma olhada.
[2016-08-11 22:12:39] libgen...
[2016-08-11 22:16:12] http://golibgen.io/search.php?search_type=magic&search_text=Fonts+%26+Encodings&submit=Dig+for
[2016-08-11 22:19:58] hugo, sem pirataria
[2016-08-11 22:20:44] LOL
[2016-08-11 22:21:03] Isso é só um link seguindo a sua sugestão.
[2016-08-11 22:21:19] e o Juca comprou o livro :)
[2016-08-11 22:21:30] só pode no quadrado da ilegalidade
[2016-08-11 22:29:16] obrigado
[2016-08-11 23:23:52] não, meu computador descarregou e o plug não entra na tomada aqui
[2016-08-11 23:23:52] vou tentar comprar um novo cabo
[2016-08-11 23:23:52] corta a ponta, descasca e enfia direto na tomada
[2016-08-11 23:23:52] nao tem erro
[2016-08-11 23:23:52] hahaha
[2016-08-11 23:23:52] como fariam os vikings
