[2016-10-21 00:33:27] de que série que é isso?
[2016-10-21 00:34:20] Halt and catch fire
[2016-10-21 00:34:23] Muito boa
[2016-10-21 00:38:35] Me recomendaram, mas não assisti (ainda).
[2016-10-21 07:24:20] Preciso voltar a assistir...
[2016-10-21 07:49:23] document: /home/felipe/devel/github_tvdstaaij/telegram-history-dump/output/media/Garoa_Hacker_Clube_(Público)/download_686296281676513440.webp
[2016-10-21 08:44:04] Quem vamos no h2hc?
[2016-10-21 08:56:28] O/
[2016-10-21 09:24:17] document: /home/felipe/devel/github_tvdstaaij/telegram-history-dump/output/media/Garoa_Hacker_Clube_(Público)/download_50945793963590154.webp
[2016-10-21 11:10:22] photo: /home/felipe/devel/github_tvdstaaij/telegram-history-dump/output/media/Garoa_Hacker_Clube_(Público)/download_55490225845044624.mp4
[2016-10-21 12:21:10] Aproveitamento racional de recursos temporais
[2016-10-21 12:29:46] Tempo total?
[2016-10-21 12:54:06] 4 minutos e 56 segundos
[2016-10-21 12:54:13] http://fivethirtyeight.com/features/people-are-making-super-mario-go-faster-than-ever/
[2016-10-21 12:55:40] https://espnfivethirtyeight.files.wordpress.com/2016/10/roeder-mario-1.png?quality=90&strip=all&w=575&ssl=1
[2016-10-21 13:31:24] Boa tarde galera, tem algo hoje no garoa?
[2016-10-21 13:35:48] se tiver luz acho que sim
[2016-10-21 13:36:48] Haha, mas antes ir vou esperar pra ter certeza
[2016-10-21 13:41:11] Sobre mario
[2016-10-21 13:41:51] To jogando o "Dan the man "  Muito hilário
[2016-10-21 13:42:33] Nasceu como um websodio do Studio joho
[2016-10-21 13:43:01] Seis capítulos no YouTube. Aí virou jogo
[2016-10-21 13:43:39] Guardas do Castelo tirando selfie em momentos aleatórios
[2016-10-21 13:44:43] Bom para momentos sem eletricidade
[2016-10-21 13:46:40] Uma amiga disse que ainda tava sem eletricidade no Butantã, pois caiu um monte de Árvores e derrubou postes e semáforos.
Não sei como está Pinheiros
[2016-10-21 13:47:14] Aqui na minha região voltou agora
[2016-10-21 13:55:27] Mas tarde volto aqui pra ver
[2016-10-21 14:00:16] Tá em Pinheiros ou no Butantã, Fernando ?
[2016-10-21 14:00:53] Aqui é na ponta do Butantã, na raposo Tavares
[2016-10-21 14:06:04] 👍
[2016-10-21 14:09:24] Povo, por um acaso, estão conseguindo acessar o GitHub?
Não consigo acessar de jeito nenhum, parece que está fora do ar...
[2016-10-21 14:12:27] document
[2016-10-21 14:14:19] Lol. Geral panic
[2016-10-21 14:14:33] http://gizmodo.com/this-is-probably-why-half-the-internet-shut-down-today-1788062835
[2016-10-21 14:14:34] Aqui baubau github
[2016-10-21 14:15:00] gihub Agora já está ok. Foi um ataque no DynDNS
[2016-10-21 14:17:59] twitter balançando também
[2016-10-21 14:18:42] é. github deu paui aqui tb agora hehe
[2016-10-21 14:19:08] paypal, cnn tb
[2016-10-21 14:34:18] Nem usando orb!! Hahaha
[2016-10-21 14:51:39] E aí @fsanches , que aconteceu afinal?
[2016-10-21 15:06:37] @eduoda tudo bem? Não recebi e-mail confirmação e não consegui me inscrever p/ e-HAL. Você pode me ajudar?
[2016-10-21 15:07:15] opa
[2016-10-21 15:07:27] vc inscreveu oficina/palestra?
[2016-10-21 15:07:33] ou eh so participacao?
[2016-10-21 15:24:41] Que ótimo... Só pq eu ia mostrar o Github pros meus alunos agora
[2016-10-21 15:25:39] Aqui já regularizou... pelo menos o GitHub...
[2016-10-21 15:54:43] a internet tá tendo um ddos em massa, é isso?
[2016-10-21 15:54:49] vários sites tinham caído aqui
[2016-10-21 15:55:50] Contra
https://en.wikipedia.org/wiki/Dyn_(company)
[2016-10-21 15:56:02] ahhhnnn
[2016-10-21 15:56:04] tendi
[2016-10-21 15:56:44] Derrubaram a internet do Garoa, caiu a do mundo.
[2016-10-21 15:57:21] Heh
[2016-10-21 15:59:48] bom. essa novela da internet do garoa ja se arrasta por um boom tempo
[2016-10-21 16:00:09] o modem tem sinal da operadora? ou cortaram tudo mesmo?
[2016-10-21 16:16:35] Participação mesmo. Valeu!
[2016-10-21 16:18:21] foi pelo eventick? vou falar com o pessoal
[2016-10-21 16:19:49] enfim, se puder, mande um email para organizadores@e-hal.org.br com seus dados, por favor
[2016-10-21 16:27:15] Você não consta na lista do eventick. Não deve ter sido cobrado, pode fazer a inscrição de novio
[2016-10-21 16:28:39] Se não conseguir mais uma vez, me avise!
[2016-10-21 16:49:40] Boa tarde, alguem sabe algo de hoje no garoa? rs desculpa o abuso pessoal, é que moro um pouco longe.... pra não da azar novamente
[2016-10-21 16:50:19] Deve ter nós robôs
[2016-10-21 16:50:29] De qq maneira estou indo
[2016-10-21 17:01:43] ok
[2016-10-21 17:01:53] acho que vou indo tbm
[2016-10-21 17:07:44] Estarei na intercon alguém estará lá?
[2016-10-21 17:11:19] muitas pessoas estarão
[2016-10-21 17:11:55] document: /home/felipe/devel/github_tvdstaaij/telegram-history-dump/output/media/Garoa_Hacker_Clube_(Público)/download_1842540969984063.webp
[2016-10-21 17:11:59] Foi sim.
[2016-10-21 17:17:00] pessoal, alguem ja cortou pcb na nossa laser cutter?
[2016-10-21 17:17:03] ficou bom?
[2016-10-21 17:21:20] cortar? lol
[2016-10-21 17:21:50] sim
[2016-10-21 17:21:58] tipo, depois de fazer as trilhas, cortar
[2016-10-21 17:22:15] ah ta
[2016-10-21 17:22:17] as trilhas vc ja fez, ne?
[2016-10-21 17:22:18] ja cortei aqui
[2016-10-21 17:22:23] fibou bom?
[2016-10-21 17:22:24] as trilhas nao da
[2016-10-21 17:22:33] pq?
[2016-10-21 17:22:36] so com potencia 100w pra cima corta
[2016-10-21 17:22:36] é, cobre
[2016-10-21 17:23:01] mas a pcb sem cobre corta facil
[2016-10-21 17:23:03] igual mdf
[2016-10-21 17:23:14] mas nao a de fibra de vidro
[2016-10-21 17:23:17] a outra de papelao la
[2016-10-21 17:24:02] entao nao rola fazer pcb nela, ne?
[2016-10-21 17:26:48] nao
[2016-10-21 17:26:57] nem tirar a tinta pra corroer rola
[2016-10-21 17:27:07] pq o cobra absorve e nao evapora tudo
[2016-10-21 17:27:17] ja fiz muito teste laser vs pcb kkkk
[2016-10-21 17:27:18] saquei
[2016-10-21 17:27:22] kkkkk
[2016-10-21 17:27:28] no fim das contas a fresa é o que dá conta mesmo
[2016-10-21 17:27:29] round one, fight!
[2016-10-21 17:31:05] ok, laser cutter do garoa nao eh alternativa entao
[2016-10-21 17:37:35] Galera, primeiramente me desculpe pelo incomodo, mais uma vez eu venho por meio de mensagem pedir a sua contribuição para o wp-a.co, um encurtador de url open source, brasileiro e com todo seu código disponível no github. Preciso de 150 reais para poder pagar os próximos 3 meses do servidor. Estamos recebendo as doações por meio da vaquinha: http://wp-a.co/u/DyQD e isto deixará o projeto ativo por mais tempo! Por favor ajudem! Conto com sua colaboração!
[2016-10-21 18:02:07] quem vai no intercon hoje
[2016-10-21 18:02:15] quem vai no garoa hoje
[2016-10-21 18:03:15] intercon é naquele edificio com o mesmo nome do outro onde morreram 3000 pessoas esmagadas embaixo do predio que legal
[2016-10-21 18:06:07] garoa ☝️
[2016-10-21 18:06:43] cama 😴
[2016-10-21 18:08:36] Garoa! (alguma hora)
[2016-10-21 18:09:53] eu tô virada, não aguento ir no garoa :(
[2016-10-21 18:10:20] Vai dormir
[2016-10-21 18:10:28] InterCon... estou aqui...
[2016-10-21 18:10:46] WTC Events Center
[2016-10-21 18:11:56] ach oque chego uma 20hs se o transito permitir
[2016-10-21 18:16:31] Fabricio bora se encontrar estou no café
[2016-10-21 18:17:05] Tbm estou
[2016-10-21 18:17:14] Opa
[2016-10-21 18:17:56] 30
[2016-10-21 18:18:18] Estou perto do palco, bem na frente...
[2016-10-21 18:21:20] Não teria pensado em uma analogia melhor para o nome do prédio
[2016-10-21 18:21:57] Garoa +1. Devo chegar 20h e pouquinho
[2016-10-21 18:30:26] todo mundo no garoa :( eu quero ir mas se eu for eu vou chegar lá e dormir
[2016-10-21 18:32:43] Vai e dorme ue
[2016-10-21 18:34:02] Acabou a energia elétrica...
[2016-10-21 18:34:21] 😂😂😂
[2016-10-21 18:35:02] Acabou a energia no intercon? Tudo escuro?
[2016-10-21 18:35:25] Vai cair o prédio será?
[2016-10-21 18:36:48] Metade da Pompéia ainda no escuro, há 24h
[2016-10-21 18:37:15] Bem na hora que ele ia responder a pergunta da @heloa6 😂😂😂
[2016-10-21 18:37:32] Mas já está voltando...
[2016-10-21 18:38:57] Ah que pena, acabou o caos
[2016-10-21 18:39:20] Palestra no gogó esse cara é corajoso
[2016-10-21 18:40:38] Sim...
[2016-10-21 18:40:39] Pessoal, qual MOOC (ou qualquer material online) de qualidade em eletrônica vocês indicam para iniciantes?
[2016-10-21 18:43:13] Estou no Garoa
[2016-10-21 18:43:13] É não estou conseguindo abrir a porta da cozinha
[2016-10-21 18:44:19] Foda kkkk
[2016-10-21 18:46:57] Já abri
[2016-10-21 18:47:10] Vou na padaria e já volto
[2016-10-21 18:48:55] Eu iria sugerir fazer livestreaming do prédio caindo, mas está sem luz, não adianta.
[2016-10-21 19:47:37] Me fala mais sobre você.
[2016-10-21 19:47:56] Intenção, se já programa, o que estudou...
[2016-10-21 19:55:23] @carril, sua inscrição aparece para mim agora!
[2016-10-21 19:56:32] Eu fiz uns semestres de engenharia elétrica, desisti pq só passava nas matérias de programação e achava um saco o excesso de teoria sem prática. Acabei formando em computação. Comecei a trabalhar em 2011, mas aprendi a programar em EasyUO jogando Ultima Online.
Hoje trabalho de casa com Python em um projeto open source, mas ainda tenho vontade de entender como tudo funciona em baixo nível (mas não trabalhar com isso).
Claro que já montei computador como tudo mundo, mas comecei a ter mais curiosidade em hardware abrindo meu DIR-610 A1. Minha filha derrubou e antena caiu. Como era um roteador barato eu resolvi abrir pra ver se dava para consertar e acabei vendo que ele tinha um conector USB faltando. Pesquisei, achei outro modelo da mesma placa que tinha o USB. Baixei o Datasheet. Descobri que o SoC dele é usado na VoCore e que o OpenWrt não tinha suporte oficial... Nisso eu acabei sendo sugado para a curiosidade e aqui estou. :P
A intenção inicial era mostrar que roteador e hardware velho pode ser reaproveitado em outros projetos, mas me perdi no caminho explorando meio mundo de coisa que fui descobrindo que não era tão fácil quanto achava. Tipo FPGA.
[2016-10-21 19:56:54] Pulei um monte pq minha vida dá um filme, mas acho que responde.
[2016-10-21 19:56:55] hehehe
[2016-10-21 19:57:43] Faz o curso do EDx do Argawal. Teoria e aplicação intercalados e muito bem ensinado, com um bom nível de profundidade.
[2016-10-21 19:59:26] https://www.edx.org/course/circuits-electronics-1-basic-circuit-mitx-6-002-1x-0 esse?
[2016-10-21 19:59:28] Vai ensinar sobre analógico e o digital que você já conhece também, e deixa num nível bom para um curso de sistemas digitais baseado em FPGA.
[2016-10-21 19:59:31] Esse mesmo
[2016-10-21 19:59:31] Valeu!
[2016-10-21 19:59:48] Antes era um curso só, agora dividiram
[2016-10-21 20:00:08] Precisa de cálculo, porém
[2016-10-21 20:00:19] Mas num nível razoável
[2016-10-21 20:01:07] Cálculo eu passei. Perdi 3x em circuitos. :/
[2016-10-21 20:01:24] A terceira eu perdi o ônibus na final, mas perdi.
[2016-10-21 20:02:26] Este é o melhor curso de circuitos que eu conheço. O livro dele também é muito bom e tem versão online, as vezes com promoção
[2016-10-21 20:03:41] Obrigado!
[2016-10-21 20:05:57] não vou no garoa.
[2016-10-21 20:09:17] zoado aqui
[2016-10-21 20:11:41] Interessante a dica.
[2016-10-21 20:12:36] Meu interesse em eletrônica é  mais básico, queria aprender eletrônica analógica e depois digital como arte. 
Eu pensei no curso do Burgos 
http://loja.burgoseletronica.net/cursos-em-video-dvds/eletronica-kit.html
[2016-10-21 20:20:30] Tem o livro da make no Garoa
[2016-10-21 20:20:30] Aquele parece bom, estava pensando em preparar uma série de oficinas baseada nele
[2016-10-21 20:23:23] Legal! Se for o Make: Electronics eu tenho digital.
[2016-10-21 20:23:57] Pensando em fazer o do Burgos, e depois este MOOC
[2016-10-21 20:30:29] Apoiado :)
[2016-10-21 20:32:04] Este MOOC é para quem quer aprender como na faculdade. Bases teóricas sólidas, a diferença é que é bem dado e vai mostrando aplicações interessantes no meio do caminho. É outro caminho, não uma continuação do curso que você quer fazer.
[2016-10-21 20:48:00] valeu as dicas
[2016-10-21 21:47:37] "Perdi o ônibus", haha, porra.
[2016-10-21 21:51:35] Huehuehue
Pior que foi. Prova final não tem segunda chamada e eu entrei no ônibus errado em cima da hora.
[2016-10-21 21:52:40] Eu acho que no fim foi só um pulo da unidade lógica aritmética universal do destino.
[2016-10-21 21:52:48] Acabei fazendo o que gosto.
[2016-10-21 22:21:19] https://archive.org/details/NiklasRoyDokumat500
[2016-10-21 23:49:25] Pessoal, últimos minutos para pegar a meia na e-HAL (qualquer um pode pegar esta meia, não vamos pedir documento).
