[2017-04-25 00:27:22] Pra quem curte Retroprograma칞칚o (sim, @fsanches, to olhando pra vc...):
[2017-04-25 00:27:24] https://www.datassette.org/
[2017-04-25 00:37:38] Sempre consulte este, pessoal das comunidades de TK, MSX, Apple e outras est칚o sempre contribuindo...
[2017-04-25 01:30:29] document: /home/felipe/devel/github_tvdstaaij/telegram-history-dump/output/media/Garoa_Hacker_Clube_(P칰blico)/download_38846012097298894.webp
[2017-04-25 06:49:33] J치 baixei tanta coisa desse site que j치 devo ter um mirror dele...
[2017-04-25 07:24:39] #IKnowTheFeeling
[2017-04-25 09:28:24] document: /home/felipe/devel/github_tvdstaaij/telegram-history-dump/output/media/Garoa_Hacker_Clube_(P칰blico)/download_858174108288942870.webp
[2017-04-25 09:38:51] Ola caros amigos, havera um evento que a UNG vai patrocinar, alunos pagarao apenas 15,00 e receberao horas complementares e certificado, caso  vc nao deseje as horas e certificado, podera assistir as palestras e o evento, fale com seus amigos e colegas.
O local possivelmente sera no campus da UnG na Brigadeiro em Sao Paulo Mais detalhes em Breve.
sphack.com.br
[2017-04-25 12:20:52] import10 voltou https://www.amazon.com.br/gp/b/ref=pe_2627450_235564200_pe_ecg/?node=7882627011
[2017-04-25 13:45:46] Hoje tem Noite de Processing no Garoa
[2017-04-25 13:46:28] https://garoa.net.br/wiki/Noite_de_Processing
[2017-04-25 15:14:38] photo: /home/felipe/devel/github_tvdstaaij/telegram-history-dump/output/media/Garoa_Hacker_Clube_(P칰blico)/download_804206372_43257.jpg
[2017-04-25 15:14:40] zoera never ends!
[2017-04-25 15:57:10] photo: /home/felipe/devel/github_tvdstaaij/telegram-history-dump/output/media/Garoa_Hacker_Clube_(P칰blico)/download_803111486_59624.jpg
[2017-04-25 16:10:52] 游때游녨游낕游냩
[2017-04-25 17:16:09] Galera boa tarde.
Algu칠m j치 tentou fazer boot em
Micro positivo que vem com linux instalado nele de fabrica!?

Ja desabilitei o uefi e boot security e nada....
[2017-04-25 19:56:58] photo: /home/felipe/devel/github_tvdstaaij/telegram-history-dump/output/media/Garoa_Hacker_Clube_(P칰blico)/download_803115456_42154.jpg
[2017-04-25 19:58:11] document: /home/felipe/devel/github_tvdstaaij/telegram-history-dump/output/media/Garoa_Hacker_Clube_(P칰blico)/download_826459275206328402.webp
[2017-04-25 20:01:13] document: /home/felipe/devel/github_tvdstaaij/telegram-history-dump/output/media/Garoa_Hacker_Clube_(P칰blico)/download_826459275206328386.webp
[2017-04-25 20:43:18] photo: /home/felipe/devel/github_tvdstaaij/telegram-history-dump/output/media/Garoa_Hacker_Clube_(P칰blico)/download_803115104_42287.jpg
[2017-04-25 20:52:04] 游땸
[2017-04-25 21:01:53] Cozinhando placas!
[2017-04-25 21:57:02] http://newatlas.com/specnext-zx-spectrum-next/49180/
[2017-04-25 22:13:45] Projeto brazuca, ser치 feito na Inglaterra!
[2017-04-25 22:14:26] Tudo come칞ou com uma simples ideia
[2017-04-25 22:15:47] Autor: http://www.victortrucco.com/
[2017-04-25 23:30:49] Uia!
