[2016-06-12 00:09:52] photo: /home/felipe/devel/github_tvdstaaij/telegram-history-dump/output/media/Garoa_Hacker_Clube_(Público)/download_271007106323186033.webp
[2016-06-12 00:11:31] document: /home/felipe/devel/github_tvdstaaij/telegram-history-dump/output/media/Garoa_Hacker_Clube_(Público)/download_368739082848698764.webp
[2016-06-12 00:12:08] photo
[2016-06-12 00:12:14] @TheSeventhGod DJ Bruno?
[2016-06-12 00:12:25] Vou levar mais uma músicas pra vc.
[2016-06-12 00:15:24] Hahaha valeu!
[2016-06-12 00:15:27] hehehehe!
[2016-06-12 00:25:28] pinned the message
[2016-06-12 00:25:51] document: /home/felipe/devel/github_tvdstaaij/telegram-history-dump/output/media/Garoa_Hacker_Clube_(Público)/download_803732576_8014.jpg
[2016-06-12 00:42:05] Jonatas joined
[2016-06-12 00:48:08] Ex hacker no altas horas, show! 👍🏻
[2016-06-12 00:49:05] ex-hacker? hauhauhauhauhauha
[2016-06-12 00:49:34] HAHAHAHAHA
[2016-06-12 00:49:34] hehehehe!
[2016-06-12 00:50:06] Ui ele é carder.
[2016-06-12 00:50:16] document: /home/felipe/devel/github_tvdstaaij/telegram-history-dump/output/media/Garoa_Hacker_Clube_(Público)/download_803712124_45588.jpg
[2016-06-12 00:50:19] DNpontocom
[2016-06-12 00:50:22] Vcs viram?
[2016-06-12 00:50:43] se ele foi la e contou isso deveria sair numa viatura
[2016-06-12 00:51:14] Mano
[2016-06-12 00:51:28] Numa camisa de força
[2016-06-12 00:51:36] Hacker nada, deve ser aqueles atores da Globo, usados pra manipular o público.
[2016-06-12 00:51:50] Como ex hacker? Fez reabilitação?
[2016-06-12 00:52:09] Pessoal deve ficar lá "NOSSA ele é hacker msm"
[2016-06-12 00:52:10] transplante de cerebro
[2016-06-12 00:52:48] https://www.youtube.com/watch?v=idLyobOhtO4
[2016-06-12 00:53:07] @fernandoGuisso se vc ainda nao assistiu essa palestra, para de assistir globo e assiste ela
[2016-06-12 00:54:01] Haha, verdade, melhor q tá tendo memo
[2016-06-12 00:55:05] Lembro q na Campus Party chegou um cara falando desse maluco, achou q Pq nossa bancada do hackerspace tinha alguma coisa a ver com esse cara, o "MAIOR" hacker do Brasil
[2016-06-12 01:00:41] photo: /home/felipe/devel/github_tvdstaaij/telegram-history-dump/output/media/Garoa_Hacker_Clube_(Público)/download_803711507_46076.jpg
[2016-06-12 02:03:55] chama arranjar um emprego
[2016-06-12 02:05:10] 😂😂😂
[2016-06-12 02:05:44] document: /home/felipe/devel/github_tvdstaaij/telegram-history-dump/output/media/Garoa_Hacker_Clube_(Público)/download_553458363459960963.webp
[2016-06-12 02:06:25] @TheSeventhGod e @Biazzotto viciei no Mixxx🔊🎶🎵
[2016-06-12 02:07:36] Da hora...
[2016-06-12 02:26:31] hackers são qualificados
[2016-06-12 02:26:36] http://link.estadao.com.br/blogs/codigo-aberto/hackers-em-sao-paulo/
[2016-06-12 02:26:48] Então esse daí deve ter perdido o diploma
[2016-06-12 02:57:25] photo: /home/felipe/devel/github_tvdstaaij/telegram-history-dump/output/media/Garoa_Hacker_Clube_(Público)/download_422091437182550039.webp
[2016-06-12 03:04:51] Eitacaraia
[2016-06-12 03:05:07] document: /home/felipe/devel/github_tvdstaaij/telegram-history-dump/output/media/Garoa_Hacker_Clube_(Público)/download_120138932577894572.webp
[2016-06-12 03:18:25] eu nunca entendo como isso acontece...
[2016-06-12 03:18:57] se ainda fosse um carro alto, tipo O||||O
[2016-06-12 03:18:59] ;D
[2016-06-12 03:19:10] São as leis da Física. Desobedeceu se fudeu.
[2016-06-12 03:19:32] Rimou kkk
[2016-06-12 03:19:52] mas cara, o camarada tava a quanto quando resolveu virar para a esquerda?
[2016-06-12 03:20:24] se tivesse tido uma porrada do lado...
[2016-06-12 03:21:18] ti uma daquelas towner capotando quando um celta ou similar pegou ela de lado numa ladeira, mas o centro de gravidade dela fica mais ou menos a uns 17 metros acima das arvores
[2016-06-12 03:55:08] Gif desanimado
[2016-06-12 11:14:28] document: /home/felipe/devel/github_tvdstaaij/telegram-history-dump/output/media/Garoa_Hacker_Clube_(Público)/download_802609721_98607.jpg
[2016-06-12 11:14:32] Tá tendo!
[2016-06-12 11:39:18] tardo mas não falho, já já chego
[2016-06-12 11:59:19] assim que eu me achar
[2016-06-12 12:00:19] qual o endereço daí mesmo?
[2016-06-12 12:01:26] da série coisas que eu devia ter visto antes de sair
[2016-06-12 12:02:26] Rua Marquês de Paranaguá, 111
Consolação - São Paulo/SP
CEP: 01303-050
Telefone: (11) 3124-7200
[2016-06-12 12:06:07] então não é na consolação
[2016-06-12 12:06:29] É no lado da consolação
[2016-06-12 12:06:31] Enfim
[2016-06-12 12:06:39] Alguém vai passar no Garoa antes de vir?
[2016-06-12 12:07:01] peguei a PUC errada no maps e me perdi
[2016-06-12 12:07:48] minha bateria foi de 90 pra 4 em 5 minutos
[2016-06-12 12:08:36] É uma travessa da COnsolação
[2016-06-12 12:09:19] photo: /home/felipe/devel/github_tvdstaaij/telegram-history-dump/output/media/Garoa_Hacker_Clube_(Público)/download_803712493_45420.jpg
[2016-06-12 12:09:21] Perto do Mackenzie aqui
[2016-06-12 12:09:29] O cara do uber achou fácil
[2016-06-12 12:19:18] pois é, descobri agora :p
[2016-06-12 12:27:06] O Vido Vai, quer alguma coisa de lá?
[2016-06-12 12:37:48] Já demos um jeito
[2016-06-12 12:41:45] ok
[2016-06-12 12:45:39] Já era para ter ido, mas só acordei agora... vou me arrumar e já vou... só estou tomando coragem de sair da cama...
[2016-06-12 12:47:47] document: /home/felipe/devel/github_tvdstaaij/telegram-history-dump/output/media/Garoa_Hacker_Clube_(Público)/download_422091437182550068.mp4
[2016-06-12 12:47:51] CHURRASCKER VEM LOGO
[2016-06-12 18:40:50] Alguém q manja de API e segurança podia me tirar uma duvida?
[2016-06-12 19:14:13] photo: /home/felipe/devel/github_tvdstaaij/telegram-history-dump/output/media/Garoa_Hacker_Clube_(Público)/download_803731375_8087.jpg
[2016-06-12 19:14:15] photo: /home/felipe/devel/github_tvdstaaij/telegram-history-dump/output/media/Garoa_Hacker_Clube_(Público)/download_802208173_99711.jpg
[2016-06-12 19:14:16] photo: /home/felipe/devel/github_tvdstaaij/telegram-history-dump/output/media/Garoa_Hacker_Clube_(Público)/download_803718428_46093.jpg
[2016-06-12 19:14:18] photo: /home/felipe/devel/github_tvdstaaij/telegram-history-dump/output/media/Garoa_Hacker_Clube_(Público)/download_702415996_101670.jpg
[2016-06-12 19:14:20] photo: /home/felipe/devel/github_tvdstaaij/telegram-history-dump/output/media/Garoa_Hacker_Clube_(Público)/download_803705090_46403.jpg
[2016-06-12 19:14:22] photo: /home/felipe/devel/github_tvdstaaij/telegram-history-dump/output/media/Garoa_Hacker_Clube_(Público)/download_803705625_45400.jpg
[2016-06-12 19:14:23] photo: /home/felipe/devel/github_tvdstaaij/telegram-history-dump/output/media/Garoa_Hacker_Clube_(Público)/download_532015945393111293.webp
[2016-06-12 19:39:15] Fábio... Tô com o pia no PS e sem celular.  Qlq coisa vou levar o menino pra puxar e já volto.  Está sendo atendido.
[2016-06-12 19:39:50] Pra puc*
[2016-06-12 19:41:18] Tivemos "sorte"  dele ter começado a sangrar ao fazer ficha
[2016-06-12 19:41:37] Passou na frente
[2016-06-12 19:42:19] o que houve?
[2016-06-12 19:42:30] Se quiser vou pro garoa na sequência
[2016-06-12 19:43:16] (Yumi usando celular do Fernando)
[2016-06-12 19:43:45] Fica sussa e leva o damiao
[2016-06-12 19:43:49] alguém levou minha bolsa pro garoa?
[2016-06-12 19:44:25] as Vivians se encontraram e estão se adorando
[2016-06-12 19:44:45] Azul, com adesivos, está aqui... chegando no Garoa...
[2016-06-12 19:44:46] Li "sangue", então suponho que "PS" seja pronto-socorro. Aconteceu algum acidente?
[2016-06-12 19:46:11] O menino caiu da escada
[2016-06-12 19:46:22] Que vai pra excusao de volta
[2016-06-12 19:46:46] undefined reference for: "o menino"
[2016-06-12 19:46:49] undefined reference for: "a escada"
[2016-06-12 19:47:08] pqp, que cocota...
[2016-06-12 19:47:37] syntax error: "excusao"
[2016-06-12 19:48:34] Google: Did you mean "ex-cuzão" ?
[2016-06-12 19:50:09] document: /home/felipe/devel/github_tvdstaaij/telegram-history-dump/output/media/Garoa_Hacker_Clube_(Público)/download_803732502_8263.jpg
[2016-06-12 19:53:25] document: /home/felipe/devel/github_tvdstaaij/telegram-history-dump/output/media/Garoa_Hacker_Clube_(Público)/download_532531981418758181.ogg
[2016-06-12 19:54:46] hehe... o "piá" eu consegui parsear de boa :-)
[2016-06-12 19:54:47] hehehehe!
[2016-06-12 19:55:18] mas o menino tá bem, só com umas raladas? ou bateu cabeça, quebrou perna, etc?
[2016-06-12 19:56:19] suponho que isso tenha sido no evento da BSides na PUC, né ? (no Garoa não tem escada)
[2016-06-12 20:19:02] Sim, foi na PUC...
[2016-06-12 20:36:45] (Yumi) voltando pra PUC-SP.  Moço de alta
[2016-06-12 20:37:10] Avisem o rani e Kiki
[2016-06-12 20:48:43] photo: /home/felipe/devel/github_tvdstaaij/telegram-history-dump/output/media/Garoa_Hacker_Clube_(Público)/download_803729252_8316.jpg
[2016-06-12 21:14:37] photo: /home/felipe/devel/github_tvdstaaij/telegram-history-dump/output/media/Garoa_Hacker_Clube_(Público)/download_803703298_45142.jpg
[2016-06-12 21:15:11] fizeram uma hello kitty de mim!!!!
[2016-06-12 21:29:43] 💕
[2016-06-12 21:30:06] Erin, que vc ta fantasiada de firefox?
[2016-06-12 21:30:25] Exijo Erin de cosplay da Hello Kitty da Erin.
De saia rosa e camisa azul clara haha
[2016-06-12 21:30:25] hehehehe!
[2016-06-12 22:17:33] Contem a história correta... Um cara de 18 anos (que não é menino nem criança nem adolescente) resolveu descer a escada escorregando pelo corrimão e caiu no vão da escada de uma altura de 2m
[2016-06-12 22:18:14] ouhc!
[2016-06-12 22:18:16] ouch!
[2016-06-12 22:18:35] ...mas é um piá, mesmo!
[2016-06-12 22:19:15] Realmente, é um piá
[2016-06-12 22:29:46] Gente, eBook "Python Penetration Testing Essentials" de graça nas proximas 22h: https://www.packtpub.com/packt/offers/free-learning
[2016-06-12 23:38:22] isso
[2016-06-12 23:39:06] também quero
[2016-06-12 23:56:53] photo: /home/felipe/devel/github_tvdstaaij/telegram-history-dump/output/media/Garoa_Hacker_Clube_(Público)/download_802609431_98977.jpg
[2016-06-12 23:57:06] trinkets da bsides adicionados ao memento corner do meu armário
