[2018-01-14 01:22:11] Era, agora estamos mais espalhados. A proposta inicial era fazermos atividades online mesmo.
[2018-01-14 01:22:43] Da hora
[2018-01-14 01:27:47] Vocês usam misturador magnético no processo de vocês?
[2018-01-14 08:11:28] Samuel Santana:
Já experimentou usar o VMWARE WorkStation?  Dá até para rodar vm com Hyper-V com outras VMs dentro da VM no Wmware WorkStation, é colar duas linhas de código no arquivo da Vm que aí habilita qualquer Hypervisor
[2018-01-14 08:13:28] Tem um vídeo de um MVP da Microsoft no YouTube ensinando como fazer, facinho
[2018-01-14 09:48:42] Não
[2018-01-14 11:31:43] Essa de ontem é de qual tipo?
[2018-01-14 11:35:02] O moka fez uma receita de Stout
[2018-01-14 11:36:12] Pelo que entendi vai envasar semana que vem. Depois disso, quanto tempo demora pra experimentar/comprar?
[2018-01-14 11:37:45] A partir do dia 27 ela está pronta pra consumo
[2018-01-14 17:40:04] photo: /home/felipe/devel/github_garoa/Telegram_logs_Garoa_Hacker_Clube_Publico/media/Garoa_Hacker_Clube_(Público)/download_804723655_113829.jpg
[2018-01-14 18:28:13] document: /home/felipe/devel/github_garoa/Telegram_logs_Garoa_Hacker_Clube_Publico/media/Garoa_Hacker_Clube_(Público)/download_5107524475033747492.mp4
[2018-01-14 18:29:31] Terça 30/1/2018 19h30 Noite de Processing no Garoa https://garoa.net.br/wiki/Noite_de_Processing … 20h: aMuDi Grupo de arte e tecnologia formado inicialmente por alunos da Escola Politécnica da USP, em 2009, tenta juntar a sensibilidade do mundo artístico com o viés técnico.
[2018-01-14 19:04:38] lembro que da última vez que estive no garoa (assim, umas décadas atrás) a única impressora 3d que eu presenciei funcionando era a baby. como estão as outras? queria imprimir isso, mas a faceplate inteira não cabe na baby https://www.thingiverse.com/thing:2490185
[2018-01-14 19:26:07] entao, acredito que as 2 baby estejam funcionando
[2018-01-14 19:26:15] as outras eu n faco ideia
[2018-01-14 19:26:26] temos 2 agora?
[2018-01-14 19:27:01] olha, eu posso tar falando merda, mas tem 2 de 1 modelo igual
[2018-01-14 19:27:05] e acredito que seja a baby
[2018-01-14 19:27:32] eh a baby, acabei de confirmar no google
[2018-01-14 20:29:12] Raquissa joined
[2018-01-14 20:56:54] Uma é a do Oda.
[2018-01-14 21:16:32] ss
[2018-01-14 21:28:04] ahh
[2018-01-14 21:28:17] vdd, lembrei disso agora
[2018-01-14 21:28:44] talvez eu consiga imprimir as teclas com ou a baby do garoa ou a do lab
[2018-01-14 21:28:54] mas preciso de uma maior pra imprimir o faceplate
[2018-01-14 21:35:55] Tem a Lulzbot
[2018-01-14 21:36:25] tem, mas eu não lembro dela usável
[2018-01-14 21:36:33] a não ser que esteja agora
[2018-01-14 21:36:43] A gente andou mechendo nela
[2018-01-14 21:36:57] Acho que ainda deve estar usável
[2018-01-14 21:37:21] tem como usar o mesmo pla da baby nela ou só abs?
[2018-01-14 21:37:32] tem a printerbot
[2018-01-14 21:37:35] grande
[2018-01-14 21:37:40] hum
[2018-01-14 21:38:21] Não lembro o tamanho do filamento que vai nela
