[2017-01-10 00:00:53] Talvez a ThoughtWorks... não é tão perto, mas é na mesma linha do metrô... eles abrem espaço para palestras da comunidade...
[2017-01-10 00:01:01] Kd as oficina de pick locking
[2017-01-10 00:01:20] interessante
[2017-01-10 00:01:22] document: /home/felipe/devel/github_tvdstaaij/telegram-history-dump/output/media/Garoa_Hacker_Clube_(Público)/download_785832625502683659.webp
[2017-01-10 00:04:29] Seria "lock picking"?
[2017-01-10 00:04:43] Isso mesmo🌚
[2017-01-10 00:04:47] Seria
[2017-01-10 00:05:59] document: /home/felipe/devel/github_tvdstaaij/telegram-history-dump/output/media/Garoa_Hacker_Clube_(Público)/download_1842540969984018.webp
[2017-01-10 00:06:38] KKKKKKKKKKKKKKKKKKKKKKKKK
[2017-01-10 00:07:10] Quando vai ter?
[2017-01-10 00:09:15] Ah... A delicadeza feminina! #Adoro
[2017-01-10 00:09:29] Av. Faria Lima, 3477, 18º Andar
[2017-01-10 00:12:34] Tem também o iMasters... dá para ir à pé do Garoa, mas o espaço não é muito grande... já fizemos eventos lá do Grupy-SP...
[2017-01-10 00:13:08] Garoa cabe mais gente
[2017-01-10 00:13:39] Isso é verdade...
[2017-01-10 00:14:45] Ofereceram algumas regalias para ser no Garoa, então fechou, dia 5 tem Bitcoin para Garoeiros
[2017-01-10 00:15:25] Opa
[2017-01-10 00:15:29] Onde?
[2017-01-10 00:17:31] No Garoa!!!
[2017-01-10 00:17:37] Vou colocar na wiki
[2017-01-10 00:17:55] Beleza
[2017-01-10 00:21:07] hahahahaha... regalias
[2017-01-10 01:10:55] https://garoa.net.br/wiki/Bitcoin_para_garoeiros

Alguém pode colocar nos próximos eventos pra mim, fazendo um favor?
[2017-01-10 01:26:46] Colocado
[2017-01-10 01:28:01] thks
[2017-01-10 02:34:02] Oi
[2017-01-10 02:34:05] Diga
[2017-01-10 02:35:00] Oi
[2017-01-10 02:35:07] Nada
[2017-01-10 02:35:12] Oi pessoal blz
[2017-01-10 02:35:19] Insônia?
[2017-01-10 02:35:25] Sim
[2017-01-10 02:35:28] Oi
[2017-01-10 02:35:35] So um minuto que minha mente ta chovendo ideias
[2017-01-10 02:35:35] Sim
[2017-01-10 02:35:38] Kkkkkk
[2017-01-10 02:35:44] Insonia
[2017-01-10 02:35:53] Opa
[2017-01-10 02:36:06] O que há de interessante?
[2017-01-10 02:36:22] E ai?
[2017-01-10 02:36:37] Vc ja viram a experiência de colocar dois Google Home pra conversar entre si
[2017-01-10 02:36:39] Tudo em cima?
[2017-01-10 02:36:55] Já, eles falam vários nada
[2017-01-10 02:37:10] Ate que tem nexo
[2017-01-10 02:37:12] Kkkk
[2017-01-10 02:37:21] Não sei
[2017-01-10 02:37:28] Bem loko
[2017-01-10 02:37:29] Sem nexo
[2017-01-10 02:37:35] É minha vida
[2017-01-10 02:37:39] Sem nexo
[2017-01-10 02:37:56] Acho que não sei o que quero da vida
[2017-01-10 02:38:07] Quero dormir, nem isso consigo
[2017-01-10 02:38:44] Kkkkk e nois
[2017-01-10 02:38:53] So tenho16mano
[2017-01-10 02:39:15] Então vc é feliz
[2017-01-10 02:39:22] Saudade dos meus 16
[2017-01-10 02:39:47] Entrei aki pq quero ter ideia de como e formar um hacker club
[2017-01-10 02:40:21] Quando você fizer 18 vai ser tudo diferente
[2017-01-10 02:40:25] Vai ser tão legal
[2017-01-10 02:40:34] Vai ter um carro, uma casa, mulheres
[2017-01-10 02:40:42] Vai poder sair p onde quiser
[2017-01-10 02:40:45] kkkkkkkkkkkkkkkkkkkkkkkkkkkkkkkkkkkkkk
[2017-01-10 02:40:48] Vai ser tão legal
[2017-01-10 02:40:53] Vai poder cumprir pena tb 😂😂
[2017-01-10 02:41:14] Lkkkk
[2017-01-10 02:41:15] uma farsa, vai ter que trabalhar, pagar contas, ouvir moage de chefe.
[2017-01-10 02:41:17] Uai
[2017-01-10 02:41:18] heoAIUHEOSAUIHeoAUSHEsouaE
[2017-01-10 02:42:05] Moagem de chefe não. Manda ele se fufu pede as contas e arruma Outro trampo
[2017-01-10 02:42:19] um dia chego la! (-;
[2017-01-10 02:42:22] huahuahuahauhua
[2017-01-10 02:42:36] Ou vira patrão
[2017-01-10 02:43:03] Entra nessa moda de standup ai
[2017-01-10 02:43:04] se eu mandar o governador se foder não pega bem! HUAHUAHUAHUAUHAHUAHUAH
[2017-01-10 02:43:15] Startup carai
[2017-01-10 02:43:42] Ah deixa que o povo já faz isso😂
[2017-01-10 02:43:49] isso ae!
[2017-01-10 02:43:50] photo: /home/felipe/devel/github_tvdstaaij/telegram-history-dump/output/media/Garoa_Hacker_Clube_(Público)/download_803730265_148650.jpg
[2017-01-10 02:43:51] HUAHUAAHUAHU
[2017-01-10 02:44:15] 😂😂😂😂
[2017-01-10 02:45:08] Eu já percebi que a gente só perde o controle da vida quando depende de alguém.
[2017-01-10 02:45:32] Não dependa de ninguém e vc será feliz. Eu acho. Não sei
[2017-01-10 02:45:55] faz sentido!
[2017-01-10 02:46:04] Talvez faça
[2017-01-10 02:46:07] Não sei
[2017-01-10 02:46:16] Em oq vc acham de jogar dois bots no mesmo chat pra eles conversarem um pouco
[2017-01-10 02:46:17] Faz? Então não sou loko?
[2017-01-10 02:46:32] Inútil
[2017-01-10 02:46:38] Bastante
[2017-01-10 02:46:44] Porém bacana
[2017-01-10 02:47:06] Acho sem noçao mais foda
[2017-01-10 02:47:09] Vc gostaria de dois players jogando no seu vídeo game e vc só olhando?
[2017-01-10 02:47:38] Depende
[2017-01-10 02:47:46] Ta. Consegue fazer aí?
[2017-01-10 02:47:47] Se fosse vr
[2017-01-10 02:47:48] document: /home/felipe/devel/github_tvdstaaij/telegram-history-dump/output/media/Garoa_Hacker_Clube_(Público)/download_1842540969984052.webp
[2017-01-10 02:48:07] document: /home/felipe/devel/github_tvdstaaij/telegram-history-dump/output/media/Garoa_Hacker_Clube_(Público)/download_1842540969984056.webp
[2017-01-10 02:48:16] Faz ai
[2017-01-10 02:48:30] Vou fazer logo eu volto
[2017-01-10 02:48:44] What?
[2017-01-10 02:49:26] Alguém sabe se já tem Dr. Strange no Popcorn Time?
[2017-01-10 02:49:46] document: /home/felipe/devel/github_tvdstaaij/telegram-history-dump/output/media/Garoa_Hacker_Clube_(Público)/download_13375713570718168.webp
[2017-01-10 02:50:23] document: /home/felipe/devel/github_tvdstaaij/telegram-history-dump/output/media/Garoa_Hacker_Clube_(Público)/download_785832625502683643.webp
[2017-01-10 02:53:10] Vc que é o DJ que estava no Garoa naquele Sábado de mixagens?
[2017-01-10 02:53:27] Não
[2017-01-10 02:53:36] Hum
[2017-01-10 02:53:40] Então tá
[2017-01-10 02:53:48] Eu sou o que saiu pra comer e voltou e n tinha mais ngm lá
[2017-01-10 02:53:58] document: /home/felipe/devel/github_tvdstaaij/telegram-history-dump/output/media/Garoa_Hacker_Clube_(Público)/download_368739082848698830.webp
[2017-01-10 02:54:06] Como assim?
[2017-01-10 02:54:11] document: /home/felipe/devel/github_tvdstaaij/telegram-history-dump/output/media/Garoa_Hacker_Clube_(Público)/download_785832625502683673.webp
[2017-01-10 02:54:12] Que horas?
[2017-01-10 02:54:20] Umas 22h
[2017-01-10 02:54:26] Ia virar a noite
[2017-01-10 02:54:28] document: /home/felipe/devel/github_tvdstaaij/telegram-history-dump/output/media/Garoa_Hacker_Clube_(Público)/download_368739082848698861.webp
[2017-01-10 02:54:43] Ai eu e meu amigo deixamos a bolsa lá
[2017-01-10 02:54:45] Brlzhalhclamx
[2017-01-10 02:55:12] De repente todo mundo passa na frente da lanchonete sentido estação
[2017-01-10 02:55:27] Passamos a noite largados na fradique
[2017-01-10 02:55:40] Ta bom, chega. Acho que quem esqueceu de desligar as notificações deve estar bravo.
[2017-01-10 02:55:45] document: /home/felipe/devel/github_tvdstaaij/telegram-history-dump/output/media/Garoa_Hacker_Clube_(Público)/download_1842540969984064.webp
[2017-01-10 02:56:00] 😂😂😂
[2017-01-10 02:56:07] Falou. Boa noite
[2017-01-10 02:56:54] Flw
[2017-01-10 03:00:01] document: /home/felipe/devel/github_tvdstaaij/telegram-history-dump/output/media/Garoa_Hacker_Clube_(Público)/download_13375713570719202.webp
[2017-01-10 03:29:35] Primeiro: tire essa foto do Anonymos kkk
[2017-01-10 03:38:50] Kkkk pode cre mais n kkkk
[2017-01-10 03:47:04] O teste falhou
[2017-01-10 03:49:02] N tem como pq os chatbot n tem ciencia de outro bot
[2017-01-10 03:52:59] ué, só passar o ID do bot
[2017-01-10 03:55:27] n li td q vc falou, mas logico q da pros bots conversarem, mas n conheço nenhum bot q tem a logica dos Google assitent, então pegar um bot pronto e tentar fazer ele falar com outro é meio q dificil, agora se vc programa-lo bem, subir dois iguais, pode rolar
[2017-01-10 04:16:55] Vou tentar
[2017-01-10 04:17:14] Eu pessei nisso
[2017-01-10 04:17:41] So que voi dormir flw manos ate mais
[2017-01-10 04:19:05] document: /home/felipe/devel/github_tvdstaaij/telegram-history-dump/output/media/Garoa_Hacker_Clube_(Público)/download_13375713570719202.webp
[2017-01-10 04:19:47] document: /home/felipe/devel/github_tvdstaaij/telegram-history-dump/output/media/Garoa_Hacker_Clube_(Público)/download_347791234560950280.webp
[2017-01-10 04:45:03] photo: /home/felipe/devel/github_tvdstaaij/telegram-history-dump/output/media/Garoa_Hacker_Clube_(Público)/download_803734051_25963.jpg
[2017-01-10 04:46:39] Quero nem saber, já to.marcando um dia pra vc é o Cucudos vir no Garoa falar sobre o Serenata okay
[2017-01-10 06:22:02] photo: /home/felipe/devel/github_tvdstaaij/telegram-history-dump/output/media/Garoa_Hacker_Clube_(Público)/download_803729460_148913.jpg
[2017-01-10 06:28:41] Se usar a BOT API não tem como, ele foi feito para que um bot não reconheça outro, mas se usar o TELEGRAM API em um dos lados é diferente, pois ele é reconhecido como se fosse um usuário comum... mas é muito mais difícil de programar...
[2017-01-10 06:51:56] Tem essa
[2017-01-10 08:44:26] Marcelo Silva joined
[2017-01-10 08:44:27] Hi Marcelo !
[2017-01-10 08:50:24] Entra no grupo @GrupySaoPaulo...
[2017-01-10 09:02:31] Me rachei com isso kkk
[2017-01-10 09:03:19] Esse dia foi loko
[2017-01-10 09:08:13] quem ai tem grupo de python e/ou machine learning?
poderia amandar o link? meu cachorro pediu
[2017-01-10 09:10:37] Gutem se quiser me filho pode fazer a oficina de lockpicking ele é Chaveiro abre qualquer fechadura
[2017-01-10 09:12:18] Tem o SESC pinheiros
[2017-01-10 11:44:56] Na ETEC
[2017-01-10 12:02:57] Pra não perder o hábito…. 332221 é primo :)
[2017-01-10 12:04:18] 17 também :P
[2017-01-10 12:32:01] Quero aprender
[2017-01-10 13:10:31] Fechou!
[2017-01-10 13:10:40] Vou estar querendo
[2017-01-10 13:22:22] 332211 não...
[2017-01-10 13:22:58] (obviamente é divisível por 3)
[2017-01-10 13:23:09] 😊
[2017-01-10 13:36:30] você comeu um 2.. 332221
[2017-01-10 13:58:35] O Vilares falou que 332221 é primo. Eu pensei seria mais bonito se 332211 também fosse... mas aí vi que era divisível por 3. Portanto são dois números e afirmações separadas. E ambas verdades. E dois é primo!
[2017-01-10 13:59:33] 5
[2017-01-10 14:26:46] 2017 é primo...
[2017-01-10 14:27:33] HAHAHAHA:
https://www.tecmundo.com.br/seguranca-de-dados/113309-governo-temer-vaza-querer-senhas-contas-redes-sociais.htm?f&utm_source=facebook.com&utm_medium=referral&utm_campaign=thumb
[2017-01-10 16:02:57] Está falando no gerúndio. Isso é coisa de operador de telemarketing😂
[2017-01-10 16:11:03] Que ingredientes precisa comprar para fazer pizza desde zero?
[2017-01-10 16:13:33] galinhas
[2017-01-10 16:13:40] pra botar ovos
[2017-01-10 16:13:48] trigo para fazer farinha
[2017-01-10 16:13:54] Hdjshskhdlshckkddod
[2017-01-10 16:13:59] Olha um site de receita
[2017-01-10 16:14:32] Tem que ter espaço pra criar as galinhas tb
[2017-01-10 16:14:51] Mas a gente pode pedir pro @fernandoGuisso trazer dá roça
[2017-01-10 16:15:00] garoa country club
[2017-01-10 16:16:35] Para a massa veja a minha receita na wiki ;)
[2017-01-10 16:17:01] Que, aliás, não leva ovos.
[2017-01-10 16:17:50] É só farinha de trigo, sal, azeite e o mais importante: fermento biológico seco instantâneo.
[2017-01-10 16:17:53] Receita pizza do DQ
[2017-01-10 16:18:04] 3 atmega
[2017-01-10 16:18:28] 8 resistores 10kohm
[2017-01-10 16:18:36] :)
[2017-01-10 16:18:53] Faltaram os LEDs. Sem LED nada funciona.
[2017-01-10 16:18:58] Precisa de uma pitada de açúcar tbm
[2017-01-10 16:19:14] Lembro que meu pai dizia que é pra dar um contraste
[2017-01-10 16:19:17] document: /home/felipe/devel/github_tvdstaaij/telegram-history-dump/output/media/Garoa_Hacker_Clube_(Público)/download_785832625502683663.webp
[2017-01-10 16:20:36] Ia ser engraçado pizza com led
[2017-01-10 16:20:44] 3 atmega Hahahahaha
[2017-01-10 16:20:45] Só não sei se fica gostoso
[2017-01-10 16:22:24] kkkkkkkkkk
[2017-01-10 16:22:43] infidel!
[2017-01-10 16:23:07] tudo com led fica melhor. é a lei.
[2017-01-10 16:30:46] uma pizza com decoração led programável sensor de temperatura etc seria engraçado
[2017-01-10 16:33:10] Babem com as fotos de umas pizzas que eu fiz:
[2017-01-10 16:33:29] photo: /home/felipe/devel/github_tvdstaaij/telegram-history-dump/output/media/Garoa_Hacker_Clube_(Público)/download_803729402_147240.jpg
[2017-01-10 16:33:45] photo: /home/felipe/devel/github_tvdstaaij/telegram-history-dump/output/media/Garoa_Hacker_Clube_(Público)/download_803730772_149053.jpg
[2017-01-10 16:34:09] photo: /home/felipe/devel/github_tvdstaaij/telegram-history-dump/output/media/Garoa_Hacker_Clube_(Público)/download_803730519_147420.jpg
[2017-01-10 16:34:56] puxa, esta boa mesmo
[2017-01-10 16:35:15] bom eu tenho uma maquina de pão, posso levar para amassar as massas
[2017-01-10 16:35:25] Como percebem, abrir a pizza em um círculo perfeito não é minha especialidade. Mas sábado vai ter os Matemáticos de Quinta, que usarão aproximações apropriadas de PI.
[2017-01-10 16:36:29] arredonda pra 3
[2017-01-10 16:36:40] se for engenheiro bota 4 que dá
[2017-01-10 16:38:16] Nós usamos 4 devido ao fator de segurança.
[2017-01-10 16:38:33] melhor sobrar do que faltar
[2017-01-10 16:40:16] 5, na verdade
[2017-01-10 16:41:16] mal feito (mas rápido pra não perder a piada)
[2017-01-10 16:41:50] photo: /home/felipe/devel/github_tvdstaaij/telegram-history-dump/output/media/Garoa_Hacker_Clube_(Público)/download_803721412_48118.jpg
[2017-01-10 16:43:01] Vou estar processando a sua informação. 
Sua mensagem é muito importante para nós!
Queira permanecer esperando, por favor...
[2017-01-10 16:43:02] Bota na página da wiki!
[2017-01-10 16:43:51] Já vi designer virar Dev. Mas matemático virar designer é a primeira vez... ;)
[2017-01-10 16:43:56] document: /home/felipe/devel/github_tvdstaaij/telegram-history-dump/output/media/Garoa_Hacker_Clube_(Público)/download_272479773299573087.webp
[2017-01-10 16:44:16] Para cálculos rápidos de circunferência, use 22/7. O erro é menor que 0,05%.
[2017-01-10 16:47:15] Essa é nova... rs
[2017-01-10 16:47:57] Já não preciso mais ficar lembrando de 3.14159265358979?
[2017-01-10 16:50:57] Se não me engano, esta aproximação é dos egípcios. Portanto não é assim tão nova.
[2017-01-10 16:53:48] DQ++
[2017-01-10 16:56:24] Poxa lembrei dos Gnu_pizza que acontecia no debianbr com o @macan kkkk bons tempos onde homens eram homens e faziam suas proprias devicepizzas
[2017-01-10 17:01:51] Que horario vai ser o evento de bitcoin dia 5?
[2017-01-10 17:03:19] essa nao sabia nao rs
[2017-01-10 17:14:54] Provavelmente das 18h pra frente, mas ainda pode acontecer alterações
[2017-01-10 17:15:17] show, valeu
[2017-01-10 17:21:38] 😂
[2017-01-10 17:24:11] Vou dar uma risada pra vc não perder a piada. HAUAHAUAHAUAJAJAJAJAJAJA
[2017-01-10 17:26:11] photo: /home/felipe/devel/github_tvdstaaij/telegram-history-dump/output/media/Garoa_Hacker_Clube_(Público)/download_803729659_148316.jpg
[2017-01-10 17:31:55] document: /home/felipe/devel/github_tvdstaaij/telegram-history-dump/output/media/Garoa_Hacker_Clube_(Público)/download_58023844232823682.webp
[2017-01-10 17:38:18] Massa de pizza original não vai ovo, nem leite, nem margarina. 
É farinha, água, azeite, fermento e sal. Algumas situações se coloca açúcar, mas é para ativar o fermento, não é para sentirmos o sabor.
[2017-01-10 17:39:52] E a massa deve ser amassada a mão, sem batedeira.
[2017-01-10 17:40:21] E eu faço pizzas com queijo vegetal 😀
[2017-01-10 17:47:15] ah mas a minha mão tem motor :)
[2017-01-10 18:12:15] Oq vai ter fds?
[2017-01-10 18:12:19] Pizza?
[2017-01-10 18:15:46] pizza e oficina de arduino/mecatronica
[2017-01-10 18:15:57] fazer pizza
[2017-01-10 18:16:17] pizza mesmo, não sei se vão conseguir, a não ser que o DQ for tambem
[2017-01-10 18:18:19] Sexta 13 tem robô ne
[2017-01-10 18:31:59] Alce added Bruno Arcelino
[2017-01-10 18:31:59] Hi Bruno !
[2017-01-10 18:36:13] Se tiver gente interessada, posso ensinar a fazer queijo vegetal para pizzas.
[2017-01-10 18:38:17] Interessado?
[2017-01-10 18:38:27] Ops, era para ser !
[2017-01-10 18:38:40] Topa transformar isso em atividade?
[2017-01-10 18:39:52] quando? no mesmo dia?
[2017-01-10 18:41:11] Fica a seu critério
[2017-01-10 18:42:58] Hmmm podemos fazer um Dia da pizza vegetariana. 😊
[2017-01-10 18:43:40] Que horas vão abrir o Garoa hoje?
[2017-01-10 18:44:02] O q seria queijo vegetal?
[2017-01-10 18:48:24] Imitação de queijos feitos com ingredientes vegetais, sem leite de vaca.
[2017-01-10 18:53:20] Uhnnnn, interessante, mas quais vegetais especificamente?
[2017-01-10 18:55:43] Hoje vai ter Synths, Drums and Hack?
[2017-01-10 18:55:51] Que horas vai abrir?
[2017-01-10 19:33:15] #partiugaroa
[2017-01-10 19:37:27] Por exemplo, a vegarela, que é a versão vegetal da muçarela, é feita de polvilho, tofu e cenoura. Outros tipos vão feijão branco, mandiquinha, etc.
[2017-01-10 19:40:40] Legal
[2017-01-10 19:41:44] Alguem vai pro garoa hj?
[2017-01-10 20:06:01] Eu vou. Saio em 30 min da Paulista
[2017-01-10 20:33:46] Vc trabalha na Paulista Gutem?
[2017-01-10 20:36:54] não sou vegana mas isso parece delicioso e eu quero experimentar
[2017-01-10 20:49:24] 13 de Maio
[2017-01-10 20:56:19] Tem alguien no garoa ?
[2017-01-10 21:02:21] Chegando
[2017-01-10 23:01:01] Nossa quero
[2017-01-10 23:01:03] Tá de olho na concorrência rapaz?
[2017-01-10 23:01:13] Vem pra cá
[2017-01-10 23:01:16] Vacilona
[2017-01-10 23:01:55] Só em Maio :c
Não sou rica ainda, migo.
[2017-01-10 23:06:40] Nossa, no dia q vc fizer uma piada diferente me chama, essas já estão velhas demais
[2017-01-10 23:07:06] Sábado meu amigo James Peres está vindo do Rio de Janeiro pra São Paulo... também vou levar pra conhecer o Garoa...
[2017-01-10 23:08:28] Dps do negócio do grupy?
[2017-01-10 23:11:02] O que preciso levar sábado pra pizza ?
[2017-01-10 23:11:18] Vamos fazer uma listinha de ingredientes pra levwr
[2017-01-10 23:12:24] Pior q vc tem razão
[2017-01-10 23:12:26] Ele vai chegar 08:30 em Congonhas, deve ir no evento do Grupy e depois pro Garoa... vou confirmar com ele...
[2017-01-10 23:12:43] Mas eu aviso sim
[2017-01-10 23:13:48] Pensei q ia rolar um pybar pós grupy 😋 dependendo de como for posso ir junto do grupy pro garoa?!
[2017-01-10 23:17:41] Não sei quanto tempo ele vai ficar em São Paulo, não precisa ir pro Garoa no sábado...
[2017-01-10 23:18:54] Tendeu
[2017-01-10 23:28:06] Putz, a passagem é promocional, ele disse que chega sábado de manhã mas já volta no domingo de manhã...
[2017-01-10 23:29:00] Ele vai no evento do Grupy-SP, depois no Happy Hour com vocês... eu estarei fazendo um curso no Garoa e não poderei ir...
[2017-01-10 23:55:15] O curso será 15:00... dá para ir nos dos eventos...
