[2017-06-30 09:13:15] Genial. Por coincidencia, estou fazendo um projetinho com energy harvesting para minha casa.
[2017-06-30 09:27:59] Crise na Pizza
[2017-06-30 09:28:22] Vamos ser auto suficientes nas Pizzas?
[2017-06-30 10:07:56] Tem outras alternativas aqui: https://garoa.net.br/wiki/Delivery
[2017-06-30 10:08:09] E mais um monte de papel de pizzarias lá na cozinha :)
[2017-06-30 10:08:41] Veja que no wiki, antigamente a Sorietto era a sugestão, nem chegeram a colocar a Quero Pizza no wiki
[2017-06-30 10:35:53] Vlw
[2017-06-30 10:36:17] Acabei de atualizar o wiki com a quero pizza e o novo endereço da Sorietto
[2017-06-30 11:00:50] http://www.thisiscolossal.com/2017/06/the-apprehension-engine/
[2017-06-30 12:55:54] É um wiki. Vc achou um erro? Corrija!
[2017-06-30 13:02:15] Sim, eu corrigi :)
[2017-06-30 13:03:06] :)
[2017-06-30 13:33:53] :)
[2017-06-30 13:46:18] Boa tarde senhores (ras)
[2017-06-30 13:56:33] boa tarde
[2017-06-30 14:25:43] Boa tarde
[2017-06-30 16:17:26] Augusto Cardoso joined
[2017-06-30 16:17:27] Hi Augusto !
[2017-06-30 16:20:47] o bot chama jack, tipo jack bauer
[2017-06-30 16:20:58] podia perguntar "Hi Augusto... WHERE IS THE BOMB ??"
[2017-06-30 16:25:15] Melhor assim ,mas responder a saudação do bot podem achar que é um sequestro.
[2017-06-30 17:47:22] Agora só falta liberarem os desenhos para outros fazerem
[2017-06-30 23:04:58] Quem aqui é apaixonado por arduino?
[2017-06-30 23:05:18] 🙌
[2017-06-30 23:05:35] quero fazer uma luz estroboscópica sincronizada pela batida da música
[2017-06-30 23:06:13] vc acha que é uma tarefa de qual nível?
[2017-06-30 23:06:29] basico, intermediário, difícil ou impossível?
[2017-06-30 23:06:47] considerando que eu nunca desencapei um fio
[2017-06-30 23:49:44] Fabiano Salles joined
[2017-06-30 23:49:45] Hi Fabiano !
