[2016-07-06 07:46:33] document: /home/felipe/devel/github_tvdstaaij/telegram-history-dump/output/media/Garoa_Hacker_Clube_(Público)/download_422091437182550090.webp
[2016-07-06 08:08:03] Cansados do bot?
[2016-07-06 08:08:11]  joined
[2016-07-06 08:08:17] Os seus pobremas se acabarum...
[2016-07-06 08:08:23] Faça o seu: http://www.oreilly.com/online-training/building-bots-node-js.html
[2016-07-06 08:08:32] Apenas US$299...
[2016-07-06 08:10:05] Bom dia,
Alguém tem experiência com mover espaço do disco no linux? Eu removi uma partição que estava no início do disco e agora quero mover esse espaço para o final para adicionar à partição onde está o sistema, que está no final.
[2016-07-06 08:18:30] Tenho mais experiência em mover partições Windows, mas uma ferramenta que já usei foi o GNU Parted, através do SystemRescueCD: http://www.system-rescue-cd.org/SystemRescueCd_Homepage
[2016-07-06 08:19:39] o Pixelated é para uso em pequenas organizações como o Garoa ou uma ONG ou um coletivo ativista.
[2016-07-06 08:20:03] a organização é o provedor.
[2016-07-06 08:21:08] e sim, as chaves privadas ficam no servidor. O objetivo é tornar o sistema fácil de usar para qualquer pessoa.
[2016-07-06 08:21:43] Para quem sabe gerenciar chaves não tem vantagem
[2016-07-06 08:22:49] O projeto tem 2 objetivos: descentralizar a infra de e-mail e aumentar o uso de criptografia ponta-a-ponta
[2016-07-06 08:24:30] Talvez um evento de cripto no Garoa e uma demonstração atraia gente, incluindo algum admin
[2016-07-06 08:27:23] photo: /home/felipe/devel/github_tvdstaaij/telegram-history-dump/output/media/Garoa_Hacker_Clube_(Público)/download_702415784_109060.jpg
[2016-07-06 08:27:43] Panorâmica do hacknight
[2016-07-06 08:28:42] Ah que legal
[2016-07-06 08:28:50] Nem vi
[2016-07-06 08:30:40] Já mexi nisso no Windows várias vezes mas no Linux parece diferente. Vou testar o GNU Parted, obrigada
[2016-07-06 08:41:48] Parabéns, estava lotado!
[2016-07-06 08:48:55] Heloá, já fiz isso algumas vezes, mas vc realmente precisa fazer? Não tem como apagar as partições e começar do zero?
[2016-07-06 08:57:09] 👍👍
[2016-07-06 09:01:47] Usa Arduino mas não conhece Processing? Conhece Processing mas nunca viu um Arduino? Quer saber mais de Processing e Arduino? 26/7 é a sua chance! Noite de Processing com duas atividades Processing+Arduino
[2016-07-06 09:01:57] https://garoa.net.br/wiki/Noite_de_Processing
[2016-07-06 09:05:52] adorei
[2016-07-06 09:20:35] eu vi "ao vivo" :-) (com 48 minutos de delay pelo webcast da NASATV)
[2016-07-06 09:24:23] Oi, Yumi. Viu minhas mensagens?
[2016-07-06 09:24:49] hum, interessante.
[2016-07-06 09:25:56] um recurso legal, já que ele vai ter as chaves da organização, seria fazer listas internas criptografadas ie cada user recebe cada MSG da lista criptografada com a sua chave publica.
[2016-07-06 09:38:46] Apagar o HD todo? Sempre tem haha
[2016-07-06 09:39:35] Como te falei, já fiz isso
[2016-07-06 09:39:53] Aumentar partição, mudar de um lado pra outro...
[2016-07-06 09:40:27] Demora um tempão, e já deu pau uma vez
[2016-07-06 10:00:14] Hora de caçar uns pokemão no Garoa

http://g1.globo.com/tecnologia/games/noticia/2016/07/pokemon-go-e-liberado-para-iphones-e-smartphones-android.html
[2016-07-06 10:03:20] document: /home/felipe/devel/github_tvdstaaij/telegram-history-dump/output/media/Garoa_Hacker_Clube_(Público)/download_658074485366195130.webp
[2016-07-06 10:03:29] 😊
[2016-07-06 10:03:30] Show
[2016-07-06 10:15:51] document: /home/felipe/devel/github_tvdstaaij/telegram-history-dump/output/media/Garoa_Hacker_Clube_(Público)/download_147119960081039388.webp
[2016-07-06 11:02:18] "Apesar de já estar disponível na Google Play e na App Store, o game ainda não pode ser baixado por usuários brasileiros. Até agora, apenas usuários da Austrálias têm acesso a ele."
[2016-07-06 11:03:39] document: /home/felipe/devel/github_tvdstaaij/telegram-history-dump/output/media/Garoa_Hacker_Clube_(Público)/download_803712087_53354.jpg
[2016-07-06 11:04:21] essa materias tá todo cagada
[2016-07-06 11:07:05] tem uma galera obtendo sucesso mudando dados de IP e tal... mas é mais fácil esperar, mó trabalho
[2016-07-06 11:07:36] com certeza
[2016-07-06 11:07:52] adia um pouco o completo fom dos meus dias produtivos
[2016-07-06 11:12:51] cara, só baixar o apk
[2016-07-06 11:13:42] só não mando o link pq to no celular :/
[2016-07-06 11:14:00] mas é facinho achar
[2016-07-06 11:16:14] fizeram ip block pra evitar os hue hue br br de entrar
[2016-07-06 11:16:19] e outros que não os cangurus, claro
[2016-07-06 11:16:52] por enquanto, oficialmente somente coalas
[2016-07-06 11:17:04] O que é ótimo, to cheio de trabalho essa semana
[2016-07-06 11:18:21] http://www.apkmirror.com/apk/niantic-inc/pokemon-go/pokemon-go-0-29-0-release/pokemon-go-0-29-0-android-apk-download/
[2016-07-06 11:32:51] weird. uma amiga minha do Canadá já tá jogando, eu entendi que a trava era só conseguir o app
[2016-07-06 11:33:47] Well, tbem pode ser server problems
[2016-07-06 13:23:11] Tenho uns 3 amigos jogando também
[2016-07-06 13:23:21] Só que são daqui mesmo
[2016-07-06 13:44:22] photo: /home/felipe/devel/github_tvdstaaij/telegram-history-dump/output/media/Garoa_Hacker_Clube_(Público)/download_803729612_16528.jpg
[2016-07-06 13:44:28] photo
[2016-07-06 14:03:33] uahhuahahdshdausdds
[2016-07-06 14:19:46] HAuhuHuhAUHAuhUAHAUHahuhUA
[2016-07-06 14:46:50] http://cdn3.24live.co/images/2016/07/07/1467825637577418.jpg
[2016-07-06 14:47:03] http://spaceflightnow.com/2016/07/06/live-coverage-new-space-station-crew-counting-down-to-liftoff/
[2016-07-06 15:24:14] Pessoal alguém conhece (ou é) algum programador de firmware?! É prum job legal! :)
[2016-07-06 15:28:06] Eu tenho um amigo, vou verificar com ele
[2016-07-06 15:29:57] :)))))
[2016-07-06 15:38:01] firmware de..?
[2016-07-06 15:39:12] tecnicamente eu sou
[2016-07-06 15:40:46] http://www.tecmundo.com.br/android/106870-fique-atento-malware-chines-infectou-10-milhoes-aparelhos-android.htm
[2016-07-06 15:46:21] Achar vários Bulbassalto com esse jogo
[2016-07-06 17:18:45] Eu! Eu! Chama eu! :-D
[2016-07-06 17:23:03] To no fab lab da Galeria Olido
[2016-07-06 17:23:41] Bem legal aqui
[2016-07-06 17:24:04] Dá pra fazer curso aí sem ser inscrito?
[2016-07-06 17:24:30] Manda o "location", pra eu localizar no mapa...
[2016-07-06 17:24:50] vulgo "manda o endereço pra eu localizar no mapa..."
[2016-07-06 17:25:39] Hahaha... me referia ao recurso do Telegram...
[2016-07-06 17:25:50] geo
[2016-07-06 17:26:01] Tipo esse...
[2016-07-06 17:27:07] que pode ser chamado de "localização"
[2016-07-06 17:28:17] Sim, hahahaha...
[2016-07-06 17:31:36] Do lado da galeria do Rock
[2016-07-06 17:40:13] Me disseram que não
[2016-07-06 17:40:45] Galeria Olido
[2016-07-06 17:41:09] Eu tava saindo do Fab Lab um mendigo me atacou
[2016-07-06 17:41:56] Tenho um azar incrível
[2016-07-06 17:41:57] Bateu nele?
[2016-07-06 17:42:38] Ele me empurrou e jogou as bolachas com mostarda dele em mim
[2016-07-06 17:42:58] document: /home/felipe/devel/github_tvdstaaij/telegram-history-dump/output/media/Garoa_Hacker_Clube_(Público)/download_177926356040942102.webp
[2016-07-06 17:42:59] Caramba... 😱
[2016-07-06 17:43:06] Sou contra a violência
[2016-07-06 17:43:13] Desarmado
[2016-07-06 17:44:01] Mas tudo bem, voltei e me abriguei no fab lab
[2016-07-06 17:55:00] Que tipo de firmware?
[2016-07-06 18:00:34] Eu sou e conheço vários. Passe mais detalhes.
[2016-07-06 19:17:09] Ygor Silva joined
[2016-07-06 22:26:06] De novo esse lance de curso? Por favor, esse é um grupo sério e respeitado, peço que pare e não repita o mesmo aqui!
