[2017-05-27 08:42:50] Rodrigo Strauss joined
[2017-05-27 08:42:51] Hi Rodrigo !
[2017-05-27 08:43:07] @jackbot hi jack
[2017-05-27 08:43:08] Hi Rodrigo !
[2017-05-27 08:43:32] Hi Jack
[2017-05-27 09:13:22] Meetup de Data Science no Itaú.

Dia 31/05 às 18:30 no metrô Conceição, o link para inscrição está no e-mail abaixo:

http://site.lovemondays.com.br/t/ViewEmail/d/1D461F2D576D6E0B/2E350FC6D4BAA11A025DA65DC0D0F53A
[2017-05-27 12:21:04] High Five!!! :-D
[2017-05-27 12:21:16] document: /home/felipe/devel/github_tvdstaaij/telegram-history-dump/output/media/Garoa_Hacker_Clube_(Público)/download_285892071401719735.webp
[2017-05-27 12:21:36] document
[2017-05-27 13:53:41] Jonhnathan Jonhnathan Jonhnathan joined
[2017-05-27 13:53:42] Hi Jonhnathan Jonhnathan Jonhnathan !
[2017-05-27 15:28:28] Gente
[2017-05-27 15:28:50] O garoa vai abrir mais tarde hoje?
[2017-05-27 15:36:28] A Marinha e o desenvolvimento da Informática no Brasil - Poder Naval - A informação naval comentada e discutida
http://www.naval.com.br/blog/2017/05/27/marinha-e-o-desenvolvimento-da-informatica-no-brasil/
[2017-05-27 15:51:59] document
[2017-05-27 16:08:21] Michel joined
[2017-05-27 16:08:22] Hi Michel !
[2017-05-27 16:25:59] Pessoal, quem está organizando esse evento?
https://m.facebook.com/events/1030036830461976

Porque não foi publicado na Wiki, aqui ou no Google Groups?
[2017-05-27 16:38:17] "infoproletarios"
[2017-05-27 16:38:24] Essa é nova pra mim
[2017-05-27 16:45:19] Queria saber se já estão liberados encontros políticos no Garoa.
[2017-05-27 16:46:27] K
[2017-05-27 16:53:39] Queria saber, quem são esses "infoproletários"?
[2017-05-27 16:54:15] isso é uma pergunta
[2017-05-27 16:54:48] Sim, uma pergunta.
[2017-05-27 16:55:09] poxa! Perdeu a chance de responder: "Sim, uma pergunta ?" HAHAHAH
[2017-05-27 16:55:20] Tb fiquei curioso
[2017-05-27 16:56:10] Tinha uma palestra deles na cryptorave se não me engano
[2017-05-27 16:56:25] Não assisti porque me pareceu muito político
[2017-05-27 16:58:13] photo: /home/felipe/devel/github_tvdstaaij/telegram-history-dump/output/media/Garoa_Hacker_Clube_(Público)/download_803116483_59859.jpg
[2017-05-27 17:01:25] Eles mesmo se identificam como "Organização Política". E as publicações deles na página deixam isso bem claro.
[2017-05-27 17:02:56] Também ultimamente não consigo ler a palavra "proletrario" sem sentir um enjoo kk
[2017-05-27 17:03:50] Tá na Wiki sim, sexta de tarde tava, eu vi, mas nem sei quem é
[2017-05-27 17:08:09] Garanto que eles sentem o mesmo quando leem um comentário desse... ;)
[2017-05-27 17:10:36] Isso é ruim?kk
[2017-05-27 17:11:15] Se vc acha pré conceito normal, então, não..
[2017-05-27 17:19:06] Se é ruim eles sentirem nojo de você, então, por princípio de paralelismo, é ruim também você sentir nojo deles.
[2017-05-27 17:20:42] Mas, sinceramente, me parece que o comentário mais político aqui até agora foi o seu (sobre sentir nojo do proletariado).
[2017-05-27 17:21:32] ~~~ Gente Diferenciada ~~~
[2017-05-27 17:21:56] Releia
[2017-05-27 17:22:03] reli
[2017-05-27 17:22:17] Legal
[2017-05-27 17:22:28] Tem uma interpretação maneira
[2017-05-27 17:22:33] não. Não é legal
[2017-05-27 17:22:45] nojo <> enjoo
[2017-05-27 17:22:46] 😆
[2017-05-27 17:23:04] document: /home/felipe/devel/github_tvdstaaij/telegram-history-dump/output/media/Garoa_Hacker_Clube_(Público)/download_1527281080443338828.webp
[2017-05-27 17:23:25] aluno != estudante
[2017-05-27 17:24:21] pois é...
[2017-05-27 17:28:03] Cleverson joined
[2017-05-27 17:28:04] Hi Cleverson !
[2017-05-27 17:28:53] Nao vi "nojo" dele em relação ao proletariado, mas sim ele sentir "náuseas" ao ouvir a palavra "proletariado" o que pode dizer, por exemplo, que ele eh PJ e ja foi CLT , então ele prefere PJ...
[2017-05-27 17:29:57] Proletário é quem não tem Especialização, não regime de contratação
[2017-05-27 17:30:38] cidadão pobre que só tem para viver a remuneração insuficiente da sua força de trabalho.
[2017-05-27 17:30:57] Pra resumir, Proletário = Pobre
[2017-05-27 17:31:14] ou seja... ele diz ter "enjoo de pobre"
[2017-05-27 17:31:16] Infoproletários = Pobres do TI
[2017-05-27 17:31:20] Lol
[2017-05-27 17:31:23] Sou Proletário, já fui CLT, já fui PJ, já fui Micro Empreendedor Individual. Hoje voltei a ser CLT
[2017-05-27 17:31:24] me parece um comentário BEEEEMMM inadequado
[2017-05-27 17:31:32] Falso
[2017-05-27 17:31:32] pode ser que nao seja enjo de pobre
[2017-05-27 17:31:38] mas de "ser pobre"
[2017-05-27 17:31:40] Problematização 1000/10
[2017-05-27 17:31:57] https://www.google.com.br/search?q=proletario&oq=proletario&aqs=chrome..69i57j0l5.1591j0j7&sourceid=chrome&ie=UTF-8
[2017-05-27 17:32:08] Pessoal para quem não conseguiu assistir a entrevista na quarta-feira segue o link:

goo.gl/cmzZTw
[2017-05-27 17:32:59] Right!
[2017-05-27 17:33:26] Mas a condição que um indivíduo se encontra não quer dizer que é a que ele quer estar
[2017-05-27 17:33:38] Não podemos ser generalistas
[2017-05-27 17:34:26] Na verdade o que quis dizer com enjoo,foi que essa palavra sempre trás uma discussão política a tona,discussões...assim como está acontecendo kk
Mas enfim,se eu quisesse dizer nojo eu escreveria nojo.
[2017-05-27 17:34:39] condição atual != condição de futura ou idealização
[2017-05-27 17:35:00] Sim
[2017-05-27 17:35:01] rs
[2017-05-27 17:35:14] Eu nem proletario sou
[2017-05-27 17:35:20] Estou sem nenhuma renda desde janeiro...
[2017-05-27 17:35:22] Resumidamente, o cara disse e reafirmou que tem enjoo quando ouve sobre pessas como Eu
[2017-05-27 17:35:32] Não
[2017-05-27 17:35:37] Eu gosto de Pudim!🍮
[2017-05-27 17:35:39] Ele não afirmou isso
[2017-05-27 17:35:51] Delicinha
[2017-05-27 17:35:57] o pudim, se for de leite condensado
[2017-05-27 17:36:02] Rs
[2017-05-27 17:36:22] Uma frase,grandes discussões!
[2017-05-27 17:36:29] Pelo que vi o "Enjoo" foi relacionado à palavra, não a qualquer individuo que se encontre nesta situação...
[2017-05-27 17:36:47] Até acabar textoes fica nisso ai
[2017-05-27 17:37:03] Exato
[2017-05-27 17:37:11] Então pronto meus amores
[2017-05-27 17:37:14] pra que brigar
[2017-05-27 17:37:18] Percebam os aspas
[2017-05-27 17:37:25] Kk
[2017-05-27 17:37:28] Ele disse que ultimamente sente enjôo... Gutem, ultimamente a palavra "proletário" não está sendo utilizada com seu significado original...
[2017-05-27 17:37:30] agora dêem o dedinho mindinho e façam as pazes
[2017-05-27 17:37:31] Pessoal para quem não conseguiu assistir a entrevista na quarta-feira segue o link:

goo.gl/cmzZTw
[2017-05-27 17:38:04] Vamos desassociar o significado do significante e não existe preconceito no mundo! #Ironia
[2017-05-27 17:38:19] huauahuhahauahuahu
[2017-05-27 17:38:23] OMG
[2017-05-27 17:38:51] document: /home/felipe/devel/github_tvdstaaij/telegram-history-dump/output/media/Garoa_Hacker_Clube_(Público)/download_1842540969984067.webp
[2017-05-27 17:38:54] Mas me desculpem Gutem e Felipe ,se ofendi alguém,ou me agradeçam se curtem escrever textoes e problematizar onde não tem nada
[2017-05-27 17:39:52] Dente... vai pra cuba e seja feliz
[2017-05-27 17:39:53] uhauhahua
[2017-05-27 17:40:43] Dente quer pudim?
[2017-05-27 17:41:21] pudim!  oh yes!
[2017-05-27 17:41:30] Beijos, titio ama vocês
[2017-05-27 17:41:33] huahuahuahua
[2017-05-27 17:41:42] Só não pode ser de pão
[2017-05-27 17:43:18] Nossa, quando falo em pudim é pudim, pudim de pão não é pudim
[2017-05-27 17:43:43] fala isso pros mineiros
[2017-05-27 17:43:59] Sou mineiro
[2017-05-27 17:44:08] huahuauha
[2017-05-27 17:44:11] mineiro falso
[2017-05-27 17:44:12] huahuahua
[2017-05-27 17:44:13] Pudim de pão>>>
[2017-05-27 17:44:31] Se tá querendo morrer né mano? Kkk
[2017-05-27 17:44:34] Zuera
[2017-05-27 17:44:38] document: /home/felipe/devel/github_tvdstaaij/telegram-history-dump/output/media/Garoa_Hacker_Clube_(Público)/download_130764741797744710.webp
[2017-05-27 17:44:52] huahuahuahuahuahuahahuhauhuauhauhauhahua
[2017-05-27 17:45:02] Partiu Dota 2
[2017-05-27 17:45:11] document: /home/felipe/devel/github_tvdstaaij/telegram-history-dump/output/media/Garoa_Hacker_Clube_(Público)/download_785832625502683734.webp
[2017-05-27 17:45:27] document: /home/felipe/devel/github_tvdstaaij/telegram-history-dump/output/media/Garoa_Hacker_Clube_(Público)/download_803113504_60094.jpg
[2017-05-27 17:46:21] document: /home/felipe/devel/github_tvdstaaij/telegram-history-dump/output/media/Garoa_Hacker_Clube_(Público)/download_5276232521292447874.mp4
[2017-05-27 17:47:15] document: /home/felipe/devel/github_tvdstaaij/telegram-history-dump/output/media/Garoa_Hacker_Clube_(Público)/download_177926356040941911.webp
[2017-05-27 17:47:20] document: /home/felipe/devel/github_tvdstaaij/telegram-history-dump/output/media/Garoa_Hacker_Clube_(Público)/download_785832625502683749.webp
[2017-05-27 17:47:48] document: /home/felipe/devel/github_tvdstaaij/telegram-history-dump/output/media/Garoa_Hacker_Clube_(Público)/download_1527281080443338773.webp
[2017-05-27 17:54:16] Bom... mas uma coisa é fato. Johnathan-johnathan (ironicamente apelidade @W0rk3r) até agora não vi hacking nesse papo, desde quando você entrou nesse grupo poucas horas atrás. Acho que esse assunto está pouco produtivo (e bem inadequado) para os propósitos desse grupo.
[2017-05-27 17:57:37] Sumemo,  e aproveitando
[2017-05-27 17:57:49] o Grupy foi fodastico
[2017-05-27 17:58:28] Yep,desculpe...sinta-se a vontade a apagar as mensagens
[2017-05-27 17:58:45] Não agregou nada a mim também
[2017-05-27 17:59:50] Fabricio,  proxima segunda começa o grupo de estudos?
[2017-05-27 18:00:13] "Ironicamente apelidado de @W0rk3r"
Lispector,felipe
[2017-05-27 18:27:22] document: /home/felipe/devel/github_tvdstaaij/telegram-history-dump/output/media/Garoa_Hacker_Clube_(Público)/download_785832625502683753.webp
[2017-05-27 18:42:07] Que estranho! Quem vai abrir a porta? [editado] achei na wiki uma página criada por Gomex... não conheço.
[2017-05-27 19:37:01] Não nessa segunda, mas na próxima, dia 05 de Junho.
Vou colocar na wiki.
[2017-05-27 19:44:54] Ah, foi o @gomex legal, gente boa, mas se combinou com alguém eu não sei
[2017-05-27 19:51:31] photo
[2017-05-27 19:51:53] Esses aparelhos de celular (um era da Claro livre) servem pra algo no Garoa?
[2017-05-27 19:56:12] E este fone
[2017-05-27 19:58:54] Joga na lista pra ver se alguém quer
[2017-05-27 19:59:10] Entendi
[2017-05-27 19:59:12] qual lista
[2017-05-27 19:59:13] hahaha
[2017-05-27 20:03:12] https://groups.google.com/forum/m/#!forum/hackerspacesp
[2017-05-27 20:03:30] TY
[2017-05-27 20:12:59] É preciso publicar na lista pra fazer "doação" de livros?
[2017-05-27 20:13:56] Por favor, se forem poucos e vc achar q cabe na estante lá, pode levar, mas vai q já tenha o livro, tendeu?
[2017-05-27 20:14:17] Eu to com varios tambem (pra doar)
[2017-05-27 20:14:24] tem ateh pascal se nao me engano rs
[2017-05-27 20:14:38] VOu divulgar na lista
[2017-05-27 20:14:48] Vlw
[2017-05-27 20:14:58] São 2...um to terminando de ler e o outro é esse aqui
[2017-05-27 20:15:07] photo: /home/felipe/devel/github_tvdstaaij/telegram-history-dump/output/media/Garoa_Hacker_Clube_(Público)/download_803735021_108961.jpg
[2017-05-27 20:15:22] Assim, a gente adora doação, mas não tem espaço pra td tb, entoa tem q ver se já tem ou se tem utilidade, se não tiver alguma pessoa na lista pode querer
[2017-05-27 20:15:34] 🍮👍
[2017-05-27 20:15:48] pudim huahua
[2017-05-27 20:16:09] Qual é a fixação por pudim?kkk
[2017-05-27 20:16:19] Sei lá, fetiche
[2017-05-27 20:16:24] Gosto mt
[2017-05-27 20:16:40] ia brincar
[2017-05-27 20:16:40] Isso ficou muito estranho
[2017-05-27 20:16:46] falar q eh por isso q c tem cara de pudim
[2017-05-27 20:16:52] mas vai q vc leva a mal
[2017-05-27 20:16:55] hahahahaha
[2017-05-27 20:17:04] document: /home/felipe/devel/github_tvdstaaij/telegram-history-dump/output/media/Garoa_Hacker_Clube_(Público)/download_130764741797742880.webp
[2017-05-27 20:17:13] document: /home/felipe/devel/github_tvdstaaij/telegram-history-dump/output/media/Garoa_Hacker_Clube_(Público)/download_785832625502683754.webp
[2017-05-27 20:18:21] document: /home/felipe/devel/github_tvdstaaij/telegram-history-dump/output/media/Garoa_Hacker_Clube_(Público)/download_532582820946657023.mp4
[2017-05-27 20:18:55] document: /home/felipe/devel/github_tvdstaaij/telegram-history-dump/output/media/Garoa_Hacker_Clube_(Público)/download_804206584_62830.jpg
[2017-05-27 20:22:41] Puta elogio, adorei
[2017-05-27 20:24:58] Às vezes a doação pode ser direcionada para outro hackerspace...
[2017-05-27 20:25:48] Então tá, cara de pudim huahuahua
[2017-05-27 20:26:00] soh não vem me chamar de Arlequina no grupo, pois pega mal
[2017-05-27 20:26:07] document: /home/felipe/devel/github_tvdstaaij/telegram-history-dump/output/media/Garoa_Hacker_Clube_(Público)/download_785832625502683758.webp
[2017-05-27 20:28:07] Não, vc tem cara de um cara de algum seriado americano, vou achar aqui
[2017-05-27 20:30:29] uhahuahua
[2017-05-27 20:30:31] Okay
[2017-05-27 20:30:57] Vou jogar um Dota2
[2017-05-27 20:31:01] abraços povo
[2017-05-27 20:33:14] O Nemo? 🐟
[2017-05-27 20:33:35] Seriado
[2017-05-27 20:35:35] https://pt.wikipedia.org/wiki/Fish_Police
[2017-05-27 20:35:35] acho que tenho os braços simétricos 🙄
[2017-05-27 20:38:11] :)
[2017-05-27 20:41:05] Ah,beleza
[2017-05-27 22:31:41] Galera quero comprar um Arduino e uma luz estroboscópica pra fazer um esquema de mudar o padrão de acordo com as batidas de música. Do que preciso e aonde compro? :D
[2017-05-27 22:32:01] photo: /home/felipe/devel/github_tvdstaaij/telegram-history-dump/output/media/Garoa_Hacker_Clube_(Público)/download_729246555931936992.webp
[2017-05-27 23:24:23] https://stackoverflow.blog/2017/05/23/stack-overflow-helping-one-million-developers-exit-vim/
[2017-05-27 23:25:20] :wq
[2017-05-27 23:26:50] :x
[2017-05-27 23:58:45] :q!
[2017-05-27 23:58:57] pois é...
[2017-05-27 23:59:06] depende de como vocÊ quer sair
