[2018-02-19 00:28:21] Mandei errado, perdão
[2018-02-19 00:50:57] Eu consegui saída pra porta 22
[2018-02-19 00:51:11] O destino está na Net também?
[2018-02-19 00:52:02] Minha Net tem CGNAT...
[2018-02-19 01:08:10] Luan Henrique joined
[2018-02-19 01:45:21] Estou com modem antigo,
Depois eu testo a porta
[2018-02-19 02:57:54] Para quem quiser se preparar para o workshop de quinta (22). http://mightyohm.com/files/soldercomic/translations/quadrinhos_como_soldar_portugues.pdf
[2018-02-19 05:35:35] quando eu tinha virtua até ano passado estava bloqueada e eu precisava rotear ssh por outra porta. na vivo fibra funciona normal
[2018-02-19 09:06:58] Anúncio de João Adriano Freitas:

Nesta segunda-feira dia 19 de fevereiro às 19:30, teremos mais um encontro no Garoa Hacker Clube sobre Tecnologia e Educação.

O tema deste encontro será o BBC micro:bit, com uma breve introdução feita por João Adriano Freitas. Em seguida teremos uma oficina aberta para experimentar os micro:bits. Para participar desta segunda parte do encontro é necessário trazer seu próprio computador.

Mais informações em https://garoa.net.br/wiki/Tecnologia_e_Educação
[2018-02-19 10:06:51] Frederico Wu joined
[2018-02-19 10:08:47] Servidor gringo
[2018-02-19 10:25:10] pessoal, quem estiver afim de rolos e rolos e mais rolos de filamento de impressao 3d de 3mm avisem
[2018-02-19 10:25:13] tipo, urgente
[2018-02-19 10:33:55] tem alguns projetos de conversores de 3mm para 1.75
[2018-02-19 10:33:55] nos temos todas as pecas no garoa para fazer um, mas eu nao consigo tocar isso
[2018-02-19 11:24:55] Net porta 22 não rola. Tenta fazer port forwarding para 2222
[2018-02-19 11:48:29] entrante, ne?
[2018-02-19 11:48:50] esse bloqueio eh chato mas eh de boas de contornar
[2018-02-19 11:49:05] stmp, etc tb sao bloqueadas
[2018-02-19 11:49:09] 👍
[2018-02-19 13:13:19] Tem atualmente no garoa algum encontro sobre matemática pura ou aplicada?
[2018-02-19 13:18:56] Nops mas pode ser proposto
[2018-02-19 13:19:35] Como eu posso propor isso? Rs
[2018-02-19 13:20:36] Eu já furei o dedão desse jeito. Lembro que me deu muita raiva. Mas também dei umas boas gargalhadas.
[2018-02-19 13:20:59] nenhuma das duas
[2018-02-19 13:20:59] https://garoa.net.br/wiki/FAQ#Como_fa.C3.A7o_para_propor_um_projeto_ou_evento_novo.3F
[2018-02-19 13:21:25] Obrigada :-)
[2018-02-19 13:25:20] Eu tinha uma pinta que estava mudando de forma e minha mãe, que é dermatologista, achou que era prudente removê-la. Depois do corte, ela me deu 4 pontos. Quando os pontos cicatrizaram, sobrou uma pequena cicatriz na forma e nas dimensões exatas de um footprint DIP8! Achei o máximo! Pena que hoje em dia a cicatriz já está aos poucos sumindo...
[2018-02-19 13:50:20] Ricardo Afonso joined
[2018-02-19 13:53:21] Off topic, quando é prudente se preocupar com uma pinta?
[2018-02-19 13:54:12] Eu tenho umas que considero meio estranhas mas já estão há tantos anos e nunca aconteceu nada
[2018-02-19 13:54:49] Consulte um dermatologista :-)
[2018-02-19 13:55:13] Kkk resposta óbvia e inteligente rs
[2018-02-19 13:55:30] A dica que minha mãe me deu é que precisamos observar se ela está mudando de cor ou se espalhando ou mudando o formato.
[2018-02-19 13:56:54] Se tiver dúvidas, tire uma foto e anote a data. Depois de algum tempo compare com a foto antiga.
[2018-02-19 13:57:15] Certo! Obrigada pela informação
[2018-02-19 13:59:25] Quem sabe num futuro próximo alguém que não tem vida ou é pago pra isso faz um algoritmo em machine learning pra analisar isso
[2018-02-19 14:04:00] Galera
[2018-02-19 14:04:05] lembrando que nesta sexta feira
[2018-02-19 14:04:14] tem xss para além do document.cookie
[2018-02-19 14:04:15] https://garoa.net.br/wiki/XSS_para_al%C3%A9m_do_document.cookie
[2018-02-19 14:05:09] AÊ!
[2018-02-19 14:05:41] Essa semana tá movimentado
[2018-02-19 14:29:45] https://exame.abril.com.br/negocios/releases/cientistas-do-dakila-pesquisas-lancam-documentario-provando-que-a-terra-nao-e-redonda/
[2018-02-19 14:30:09] Pra quem é adepto da Discussão
[2018-02-19 14:30:58] Quem usa celular ou GPS não pode sequer se atrever a discutir isso
[2018-02-19 14:31:11] realmente ela não é redonda, ela é geoide
[2018-02-19 14:31:36] Tu pega uma estaca e uma fita métrica, aprende o teorema de Talles e sai medindo a sombra no mesmo horário em lugares distantes
[2018-02-19 14:32:04] Pronto, você consegue provar que a terra é redonda assim como os gregos fizeram há milênios
[2018-02-19 14:35:00] O Urandir, claro
[2018-02-19 14:35:13] Tinha que ser
[2018-02-19 14:36:53] nao sei nem pq vcs ainda discutem isso kkk
[2018-02-19 14:37:11] me parece engraçado em 2018 pessoas tentando provar que a terra é redonda
[2018-02-19 14:37:20] umas para as outras
[2018-02-19 14:38:01] eu fico aqui imaginando o lugar que os avioes que saem do brasil fazem a curva pra chegar no japao
[2018-02-19 14:38:15] deve ter um monte daqueles velas, tercinhos e fitinhas
[2018-02-19 14:38:33] pra homenagear os mortos em avioes que estavam rapidos demais e passaram reto da curva
[2018-02-19 14:41:19] Esse movimento dos terraplanistas é um dos mais engraçados que vi ultimamente, me remete coisas como capitulos antigos do pica-pau
[2018-02-19 15:01:23] qual a diferença entre Ordem lexicográfica e Ordem alfabética?
[2018-02-19 15:02:13] nenhuma
[2018-02-19 15:02:27] Lexicografica só leva em conta o primeiro número
[2018-02-19 15:02:34] 19472927492 vem antes de 2
[2018-02-19 15:03:58] eh a ordem do javascript
[2018-02-19 15:04:01] agora entendi tudo
[2018-02-19 15:04:29] document: /home/felipe/devel/github_garoa/Telegram_logs_Garoa_Hacker_Clube_Publico/media/Garoa_Hacker_Clube_(Público)/download_532578182381996151.mp4
[2018-02-19 15:09:14] kk
[2018-02-19 15:15:48] Tinha o "Matemáticos de quinta" que era aos sábados uma vez por mês... Mas o @Fabiohirano anda ocupado demais...
[2018-02-19 15:17:09] https://garoa.net.br/wiki/Matem%C3%A1ticos_de_Quinta
[2018-02-19 15:22:12] Algumas flags minhas podem estar incorretas por isso 😂
[2018-02-19 15:22:29] poiseh
[2018-02-19 15:22:32] acho que eh esse o problema
[2018-02-19 15:25:54] Como alguém tem coragem de publicar uma matéria sobre isso, usando termos como "cientistas" e sem fazer o mínimo de trabalho jornalístico de ao menos mencionar a existência de controvérsia no tema. (E eu tô sendo bonzinho ao chamar de controvérsia, por que por mim é mau-caratismo mesmo)
[2018-02-19 15:26:13] Desde quando algo se prova por documentário?! HAHAHAHA
[2018-02-19 15:26:52] depois nao sabem porque o investimento em pesquisa ta pouco
[2018-02-19 15:26:57] aOUAHOHAohoUAHOUAO
[2018-02-19 15:27:23] ah! Entendi! Não é matéria, é publicidade: "Este conteúdo de divulgação comercial é fornecido pela empresa PRNewswire e não é de responsabilidade de EXAME.com"
[2018-02-19 15:28:04] Poderia acontecer um revival rs
[2018-02-19 15:29:15] Porque ninguém se importa com pesquisa. Você vai nas empresas eles tão pouco se fodendo pra qualquer coisa de base e o governo é corrupto e populista e não sobra dinheiro daí
[2018-02-19 15:29:26] organiza e pede pra algum associado abrir, como eh quinta sempre vai ter alguem disponivel
[2018-02-19 15:30:22] ou ve outro dia
[2018-02-19 15:30:56] Matemáticos de Quinta acontecia aos sábados, as 3:14
[2018-02-19 15:31:15] ah
[2018-02-19 15:31:22] eh de quinta categoria e nao de quinte feira
[2018-02-19 15:31:25] lembrei da piada
[2018-02-19 15:31:26] auehauehauehae
[2018-02-19 15:31:42] :O
[2018-02-19 15:31:48] Eu sugeri "Matematicos de Segunda", com as atividades de Segunda, para evitar essa confusão... rs
[2018-02-19 15:32:08] Que aí seria tanto categoria como dia... rs
[2018-02-19 15:32:37] Eu me sinto representada, já que ninguém me reconhece como matemática já que eu tô sempre nas coisas de computação hehe
[2018-02-19 15:32:52] hahahaaha
[2018-02-19 15:33:49] qual a diferença conceitual entre algo "de segunda" e algo "de quinta" (nas más conotações desses termos) ?
[2018-02-19 15:34:20] 3 niveis de rebaixamento? rs
[2018-02-19 15:35:09] é "quinta categoria" versus o que? Não é "segunda categoria", né? Seria "segunda mão", denotando algo usado ou até mesmo contrabandeado?
[2018-02-19 15:36:06] Sim, é de "segunda catergoria/classe"
[2018-02-19 15:36:22] com o tempo, droparam o categoria/classe, mas é o memso sentido
[2018-02-19 15:36:28] dependendo da Regionalidade
[2018-02-19 15:36:37] "De segunda" é usado como de segunda linha ...tipo fender mexicana
[2018-02-19 15:36:40] Carne 'de primeira" vs 'de segunda' ('de quinta' seria um hipérbole)
[2018-02-19 15:37:14] De quinta categoria era tipo leite C de saquinho
[2018-02-19 15:37:41] https://www.prodrone.jp/en/concept/pd-any/
[2018-02-19 15:37:43] Que nem Leite era...
[2018-02-19 15:38:05] Soh era o soro
[2018-02-19 15:38:19] Uma professora fez um experimento interessante com Leite de saquinho para mostrar Fisica no Dia a Dia
[2018-02-19 15:39:13] ela pegava a relação L/Kg para falar o que era considerado Leite ou não
[2018-02-19 15:39:40] Sei lá, 5a série isso
[2018-02-19 15:41:50] Depois o povo vende como WheyProtein heheehe
[2018-02-19 15:58:37] Você é bacharel em Matemática????😍😍😍😍😍😍😍😍😍😍😍😍😍😍😍😍😍
[2018-02-19 16:27:39] Vitor Novas joined
[2018-02-19 16:30:16] Sou formada em matemática aplicada à computação científica
[2018-02-19 16:32:42] Uau!! Certamente amiguinha do MatLab, Minitab, e Maple, né???
[2018-02-19 16:40:17] esse tip ode venda de espaco eh um absurdo completo
[2018-02-19 16:40:37] Priscila vc fez o BMAC do IME?
[2018-02-19 16:41:53] acho que "quinta" se refere a classificacao de arroz
[2018-02-19 16:42:56] enquanto "segunda" esta ligado a segunda opcao, portanto pior/preterido
[2018-02-19 16:43:41] ordem alfabetica no brasil eh uma piada pronta
[2018-02-19 16:44:25] "XI Tomo Enciclopedico" vem antes de "Xi, deu merda"
[2018-02-19 16:44:48] Hahahaha
[2018-02-19 16:45:09] se nao me engano eh o ramalho que conta sobre o bug da glibc, ou alguma outra lib
[2018-02-19 16:46:16] alguem reclamou da ordenacao errada em portugues, os caras que pegaram o bug pediram entao algo oficial, mais definitivo, para ser implementado
[2018-02-19 16:46:28] do openoffice
[2018-02-19 16:46:39] descobriram que a norma nao estava publicamente acessivel, tiveram que comprar ela em papel
[2018-02-19 16:46:48] isso mesmo *comprar*,
[2018-02-19 16:47:27] o pior, se me lembro, é que a regra que os bibliotecários usam é impossível de implementar algoritmicamente pois depende de interpretação humana do significado dos termos
[2018-02-19 16:47:32] e descobriram que a regra nao eh implementavel
[2018-02-19 16:47:39] a menos que usem o watson
[2018-02-19 16:47:50] exatamente!
[2018-02-19 16:48:00] eu também lembro do Ramalho contando essa história
[2018-02-19 16:48:02] isso, justamente por isso o exemplo do XI Tomo, com xi....
[2018-02-19 16:48:54] agora imagina vc pagando uma requisicao para o watson a cada ls? auhauhauhuahauha
[2018-02-19 16:49:14] zoado
[2018-02-19 17:07:18] Normal. Maioria, quiçá todas, Normas ABTN não são Dominio Publico ou Acessiveis
[2018-02-19 17:09:55] certamente nao sao acessiveis, nao sei se a licenca eh dominio publico
[2018-02-19 17:10:09] pode ser que o ramalho tenha dito que pagou pelo xerox
[2018-02-19 17:11:01] entao sao acessiveis se vc considerar pegar o busao e ir ate la buscar uma copia mimeografada algo acessivel kkkkk
[2018-02-19 17:11:46] para mim isso eh tipo dados abertos disponibilizados em PDF...
[2018-02-19 17:12:46] MAl ae. faltou um "não" antes do "são'... rs
[2018-02-19 17:12:51] hahahaha
[2018-02-19 17:13:16] E costumam ser carinhas... tipo uns 400 reais por norma
[2018-02-19 17:21:39] No campus de São Carlos da usp, icmc
[2018-02-19 17:25:46] Depende da norma... Algumas são mais baratas.
"só 180".
[2018-02-19 17:27:44] nem vou comentar
[2018-02-19 17:28:04] pq alem de falar o obvio, so vai ter palavrao
[2018-02-19 17:28:18] hauahuahauah
[2018-02-19 17:28:33] Calma Oda-senpai
[2018-02-19 17:29:07] document: /home/felipe/devel/github_garoa/Telegram_logs_Garoa_Hacker_Clube_Publico/media/Garoa_Hacker_Clube_(Público)/download_532580424354891636.mp4
[2018-02-19 17:40:06] Não dá pra implementar usando nenhum framework open?
[2018-02-19 17:41:19] tem um monte de coisa para NLP, mas acho que nao para isso...
[2018-02-19 17:41:48] nao eh impossivel treinar uma rede neural para fazer ordenacao
[2018-02-19 17:42:04] quer dizer, vc treina ela e no codigo da lib vai so ela treinada
[2018-02-19 17:49:43] Colegas , qual melhor dia dessa semana para ir no garoa ? Se hoje estiver aberto , quero aparecer por ai .
[2018-02-19 17:50:03] Sim. Acho que faltam ações de impacto por parte dos cientistas
[2018-02-19 17:50:27] Hj estara aberto, melhor dia geralmente é quinta ou sexta/sabado
[2018-02-19 17:52:39] Ação de impacto: debandar. Quando você fala em fazer mestrado tem que ouvir que ainda bem que a sua família pode sustentar esses luxos como se mestrando bolsista (ou mesmo sem bolsa) fosse um vagal
[2018-02-19 17:58:05] document: /home/felipe/devel/github_garoa/Telegram_logs_Garoa_Hacker_Clube_Publico/media/Garoa_Hacker_Clube_(Público)/download_4927109610646536209.mp4
[2018-02-19 17:58:20] huahuahauha
[2018-02-19 17:58:33] e ai felipe
[2018-02-19 17:58:48] eu eh que nao vou estimular ninguem a fazer pesquisa kkkk
[2018-02-19 18:01:00] hehehehehehehehheh
[2018-02-19 18:02:22] Eu recomendo receber dinheiro da FAPESP como funcionário, e não como bolsista heheheheheheh
[2018-02-19 18:08:21] cabideee!!
[2018-02-19 18:08:22] kkkk
[2018-02-19 18:09:08] Total
[2018-02-19 18:10:42] document: /home/felipe/devel/github_garoa/Telegram_logs_Garoa_Hacker_Clube_Publico/media/Garoa_Hacker_Clube_(Público)/download_135158025190117261.webp
[2018-02-19 18:38:41] Luana joined
[2018-02-19 20:34:42]  joined
[2018-02-19 20:49:18] Estamos com 800 pessoas nesse canal, das quais apenas umas 20 de fato participam ativamente da conversa e provavelmente umas 100 ou 200 devem ler algo (números sem relevancia estatística nenhuma, apenas chutes meus). O resto eu aposto que é gente que se interesou algum dia pelo Garoa mas nunca mais acompanhou as conversas do canal. E uma boa parcela também deve ser de bots e/ou gente com más intenções (por conta da má-fama do termo "hacker"). Será que deveríamos fazer alguma coisa? Ou deixa como está e tudo bem? Pergunto isso por que notei que recentemente aumentarm bastante as mensagem de bots com links ou até mesmo fotos de sexo, como a que eu acabei de deletar e banir alguns minutos atrás.
[2018-02-19 20:57:24] Um exemplo de "fazer alguma coisa" seria... ?
[2018-02-19 20:57:33] não sei
[2018-02-19 20:57:40] joguei pra galera discutir
[2018-02-19 20:58:21] Não vejo ponto nessa discussão.
[2018-02-19 20:58:37] Bônus e ônus de grupo público
[2018-02-19 20:58:45] EU acho dificil fazer algo aqui, muita gente usa o telegram raramente por conta do monopolio de franquia do whatsapp, mas são pessoas que querem um dia conhecer o garoa, ou pelo menos ter uma forma de contato mais rapida, criar outro grupo pra dar uma "filtrada" não se aplica.
[2018-02-19 20:59:47] So excluí o que for bot e pronto
[2018-02-19 20:59:53] ban por "inatividade" ou por suspeita de ser bot,,,,também não é justo......
[2018-02-19 21:00:57] Agreed
[2018-02-19 21:01:12] Inatividade não é ruim. O que é ruim acho que é a aparente infestação de bots. Será que eles vêm do link que tá na página principal da wiki ?
[2018-02-19 21:01:46] Provável. Será se mudar o link para uma página interna diminui?
[2018-02-19 21:01:52] podemos testar
[2018-02-19 21:02:34] Se os bots acham os links via crawling, pode não fazer difernça significativa.
[2018-02-19 21:03:06] Pode ser que as proprias pessoas que aqui frequentam colocam os bots
[2018-02-19 21:03:08] me faz lembrar de quando a gente começou a ser atacado por spammers no wiki e a solução foi usar captcha nas telas de login e de registro de nono usuário do wiki
[2018-02-19 21:03:23] Tipo pra "filtrar assuntos"
[2018-02-19 21:03:46] não não... to falado desses bots que mandam foto de bunda
[2018-02-19 21:04:55] Esse ultimo caso foi estranho mesmo... Assim que entrou um, o outro mandou mensagem
[2018-02-19 21:05:27] talvez você não tenha visto uns peitos e umas bundas por aqui por que a gente tenta deletar as postagens o mais rápido possivel e banir os bots
[2018-02-19 21:05:42] ah, você viu né? OK
[2018-02-19 21:06:13] Eu vi esse ultimo, antes do aviso a moderação foi competente,
[2018-02-19 21:06:26] Mas o post da bunda ainda tá aqui
[2018-02-19 21:06:36] Acho que quanto maior o grupo, mais precisa de atenção pra esses cases
[2018-02-19 21:09:11] não deveria estar, pois eu deletei
[2018-02-19 21:09:44] Bot de boas vindas pode ser que ajude, "olá, apresente-se" sei la
[2018-02-19 21:11:24] Em vários grupos tô vendo entrarem bots e pessoas mandando links duvidosos e fotos de sexo, não sei a origem disso.
[2018-02-19 21:11:38] A incidência disso parece que tá aumentando
[2018-02-19 21:43:06] O pai da namorada do meu filho perguntou a ele quando ia começar a trabalhar de verdade.
[2018-02-19 22:02:23] Creio que uns pings e pongs (echo request / echo respond) seja legal.
A partir do resultado disso pensar em procedimentos.
[2018-02-19 22:04:35] Me deixa aqui cara eu lei otudo
[2018-02-19 22:04:40] Nunca pedi nada
[2018-02-19 22:04:55] :-)
[2018-02-19 22:12:16] Tem mais de 20 bots aqui
[2018-02-19 22:12:27] E algumas contas desativadas
[2018-02-19 22:19:35] Pra um grupo de comunidade hacker, vejo até um bom senso aqui, não vejo flood de gif e bundaspam
[2018-02-19 22:21:36] Isso é sinal de que a "comunidade hacker" fora do Garoa vai muito mal então...
[2018-02-19 22:25:02] Pois é
[2018-02-19 22:25:12] Não sei que hackers são esses
[2018-02-19 22:25:21] Mas não recomendo a convivência
[2018-02-19 22:25:25] document: /home/felipe/devel/github_garoa/Telegram_logs_Garoa_Hacker_Clube_Publico/media/Garoa_Hacker_Clube_(Público)/download_244604348921808892.webp
[2018-02-19 22:30:29] existe uma linha tenue entre rackudo e troll... e nao sou la muito fã dessa segunda categoria
[2018-02-19 23:36:58] Começou lá atras. Quando começaram com essa de "cor nos chapeus"... hehehe
[2018-02-19 23:58:25] fazendo propaganda da atividade de ctf
[2018-02-19 23:58:26] https://www.youtube.com/watch?v=8ev9ZX9J45A
