[2017-01-11 00:35:56] Quem tem zenfone 2 por aqui?
[2017-01-11 00:42:57] Eu tenho...
[2017-01-11 09:59:12] ❤️ vegarella, mas p pizza super funciona a versão da superbom.  Eu topo pizza veg
[2017-01-11 10:18:24] eu estou testando senhas metodo  brute force do jeito basico senha contra as hashe usando aircrack, porem pretendo fazer raibow table. Sera q o tempo reduz muito???? pois como faco eu chego a testar 1000 senhas por segundo,  com raibow table sera que tera muita diferenca??? usando chave pre computada
[2017-01-11 10:39:51] está usando dicionário?
[2017-01-11 10:40:32] Acho que no grupo Quebrando o Cerco você encontra mais quem te ajude nisso https://t.me/joinchat/AAAAAEFYFc832r37F5JEYA
[2017-01-11 10:40:41] Fabrício, já teve algum problema com o seu?
[2017-01-11 10:48:15] Tive problemas com "toques fantasmas", como estava na garantia ainda enviei e o consertaram.

Me informaram que isso costuma ocorrer quando entra água no telefone.
[2017-01-11 10:49:19] Depois disso tive outros problemas, mas não por causa do aparelho em si, foi por causa de um cabo USB defeituoso, que estava em curto.
[2017-01-11 10:50:33] Agora está funcionando bem... estou usando ele nesse momento... 😀
[2017-01-11 11:43:11] 😞
[2017-01-11 11:43:11] Enviou para a Asus mesmo?
[2017-01-11 11:58:09] :) Que horas vai ser a pizza?
[2017-01-11 12:23:55] Eu tive, aparelho com processador dá Intel me deu bastante problema com o carregamento rápido, não carregava direito até que um dia não carregou me consertaram ele e desgostoso vendi a um colega ele está com ele e tá com alguns problemas no microfone dos Zenfone 2 o selfie compensa pelo processador Qualcomm outra vida...
[2017-01-11 12:25:52] A assistência dá Asus é boa mt melhor que a dá Motorola que ocasionou num processo meu contra eles, mas enfim o smartphone em si não funciona da maneira que deveria principalmente em quesito bateria tô com um Redmi note pro 3 que tem um setup similar e o desempenho é muito superior
[2017-01-11 13:14:20] Estava contente com meu Z2
[2017-01-11 13:14:31] Só que ele pifou 😔
[2017-01-11 13:16:46] tem uma noção do pq?
[2017-01-11 13:16:50] ou só aconteceu...
[2017-01-11 14:00:30] Foi pro céu dos celulares
[2017-01-11 14:00:46] Não carrega, não liga
[2017-01-11 14:03:18] Sim... só que é chato, você tem que entrar no site, solicitar um código de postagem e despachar via Correios...
[2017-01-11 14:03:54] Já solicitei o atendimento
[2017-01-11 14:04:12] Eles dão um prazo de 72 h...
[2017-01-11 14:39:25] Quem vai levar qual ingrediente de pizza sabado?
[2017-01-11 14:40:16] Precisa ver
[2017-01-11 14:40:19] Quero participar
[2017-01-11 14:40:30] vou levar 500g de barriga vazia
[2017-01-11 14:40:31] zoas
[2017-01-11 14:40:38] quero participar tbm
[2017-01-11 14:44:00] Quero participar, mais so vai ser ingredientes veganos ? Ou posso levar meus 4 kilos de calabresa (que segundo um amigo meu vegano tem tudo ali dentro menos carne )
[2017-01-11 14:44:53] carne feita de ferrugem
[2017-01-11 14:45:00] tendo sabor q mal tem?
[2017-01-11 15:00:37] Mano gosto muito de tofu defumado alias gosto de tofu de qualquer forma
[2017-01-11 15:04:12] Mesmo erro que deu no meu antes de eu vender boa notícia é que ele voltou funcionando, a má é que acontecendo com você também pode estar se mostrando um problema crônico.
[2017-01-11 15:05:05] Pelo que pesquisei parece 😡
[2017-01-11 15:05:20] Caique joined
[2017-01-11 15:05:21] Hi Caique !
[2017-01-11 15:35:00] :O nossa, grelhado também é super bom
[2017-01-11 15:35:12] photo: /home/felipe/devel/github_tvdstaaij/telegram-history-dump/output/media/Garoa_Hacker_Clube_(Público)/download_803721025_49662.jpg
[2017-01-11 15:38:02] e 418?
[2017-01-11 15:38:45] hmm acho q vo fazer um chá
[2017-01-11 15:44:42] com bacon tb deve ser bom
[2017-01-11 15:46:12] Simmmm é
[2017-01-11 15:55:14] Vai bem... Mandou um abraço! rs
[2017-01-11 15:55:26] chaleiras não mandam abraços
[2017-01-11 15:56:19] Depende o LSD que vc usa...
[2017-01-11 15:59:02] justo
[2017-01-11 16:17:52] Alguém vai pro Garoa hoje?
[2017-01-11 16:18:23] Erick Gutem 🇧🇷 Fabricio
[2017-01-11 16:20:28] @Latex_lin Bruno
[2017-01-11 16:22:48] Tô sem dinheiro pra passagem, só em fevereiro agr
[2017-01-11 16:23:04] Que é quando volta o passe livre
[2017-01-11 16:23:10] Eita
[2017-01-11 16:23:21] Amanhã é certeza, marquei com o Erick Wendel e com o Filipe Adornelas...
[2017-01-11 16:26:23] pergunta pro porco
[2017-01-11 16:28:44] Então ninguém vai hoje?
[2017-01-11 16:52:09] Quem vai pro Garoa hoje?
[2017-01-11 16:58:02] hj pra mim ta osso
[2017-01-11 16:58:11] sepa colo sabadex
[2017-01-11 17:03:58] https://www.vivaolinux.com.br/topico/Apache-Web-Server/como-inserir-arquivos-na-pasta-www
[2017-01-11 17:04:32] desculpe colei errado...
[2017-01-11 17:37:34] photo: /home/felipe/devel/github_tvdstaaij/telegram-history-dump/output/media/Garoa_Hacker_Clube_(Público)/download_803729684_148572.jpg
[2017-01-11 18:29:43] photo: /home/felipe/devel/github_tvdstaaij/telegram-history-dump/output/media/Garoa_Hacker_Clube_(Público)/download_803730638_149620.jpg
[2017-01-11 18:41:06] Dia 28 tem Quebrando o Cerco, quem sabe vc não consegue um passe livre novo kkkk
[2017-01-11 19:22:38] Cup Noodles Calabresa é vegano, segundo um amigo meu...
[2017-01-11 19:54:23] boa hehe
[2017-01-11 21:27:27] Hambúrguer 🍔 de caixinha ta bem perto disso so tem farinha de milho e essência de fumassa
[2017-01-11 21:48:20] Nao vegano mais sem carne
[2017-01-11 21:54:05] A esfiha de carne do Habbibs, com certeza, tem tanta carne quanto um pastel de queijo
[2017-01-11 21:56:44] Kkkkk
[2017-01-11 22:08:48] Alguém quer fazer uma oficina no garoa?
[2017-01-11 22:36:21] Ah Mike, todo mundo sabe que é impossível fazer uma oficina no Garoa ;)
[2017-01-11 22:42:26] why? (uai?)
[2017-01-11 22:43:01] Kkkk
[2017-01-11 22:43:52] Nada impossível, é só fazer.
[2017-01-11 22:44:06] Provocação barata
[2017-01-11 22:53:19] Pelo que conheço do pessoal, muitos querem mas sentem que falta preparar algo
[2017-01-11 22:59:03] Podia rolar uma oficina de como fazer oficina
[2017-01-11 23:03:33] O @michaelhoward9 já me falou sobre isso... Nosso showman é o @villares, acho que é a melhor pessoa para tal!
[2017-01-11 23:08:13] Tem o Luciano também
[2017-01-11 23:10:21] Monica, eu, DQ, alguns outros que agitam atividade podem dizer o que da certo ou não
[2017-01-11 23:22:28] Eu sei fazer time lapse, mas não manjo dos vários programas pra isso. Normalmente faço no after effects, mas sei que rola fazer no blender. Se alguém quiser dividir essa oficina em duas na qual eu falo mais da parte fotográfica e alguém da edição, eu topo.
[2017-01-11 23:23:06] Lembrando que não sou profissa tb, faz tempo que brinquei mais ativamente com isso
[2017-01-11 23:34:55] Legal!
[2017-01-11 23:50:24] um jeito coxinha e simples de fazer também é só usar um aplicativo de celular que já faz isso pra você
[2017-01-11 23:50:40] tipo como fizemos os nossos últimos light paintings
