[2017-08-24 12:47:30] Senhoras e Senhores, alguém teria ou saberia de um Kinect 2 para vender? 😁
[2017-08-24 13:11:34] Hoje temos noite do Arduíno no garoa
[2017-08-24 13:12:43] Trazer as ideias, projetos, circuitos, notebooks e celulares
[2017-08-24 13:13:10] Pizza e cerveja também
[2017-08-24 13:16:04] To precisando comprar um kit, estou querendo montar um projeto de irrigação, monitoramento de umidade, provavelmente apanharei pra pegar as manhas
[2017-08-24 13:18:45] Alguém aí pode confirmar se vai ter Open Hack Night amanhã?
[2017-08-24 13:20:24] Se não me engano, open hack night é sempre q o Garoa esta aberto
[2017-08-24 13:20:48] Hehe
[2017-08-24 13:21:05] Estou vendo pelos horários no Wikipédia
[2017-08-24 14:13:50] Wikipédia é um site que constrói uma enciclopédia usando uma ferramenta wiki para edição colaborativa. O website do Garoa Hacker Clube é um wiki também, mas não é uma "Wikipédia". O software de wiki que usamos é o mesmo da Wikipédia, chamado MediaWiki (um software livre). E como não fizemos alteração no tema, realmente tem a mesma cara da Wikipedia, então compreendo a confusão que isso pode gerar.
[2017-08-24 16:03:28] Boa tarde a todos!
Passando rapidamente mais uma vez. Mais uma matéria interessante.

http://idgnow.com.br/ti-corporativa/2017/08/16/microsoft-e-sap-estao-entre-melhores-empresas-para-trabalhar-no-brasil/
[2017-08-24 17:10:17] Kaka Mendes joined
[2017-08-24 17:10:18] Hi Kaka !
[2017-08-24 19:15:35] Alguem indo pro garoa?
[2017-08-24 19:19:02] Queria saber disso tb
[2017-08-24 19:22:38] eu
[2017-08-24 19:23:44] Eu tô aqui já desde 15h
[2017-08-24 19:24:31] o sensor deve estar zoado
[2017-08-24 19:24:32] fui lá futucar no sensor pra ver se volta a funcionar.
[2017-08-24 19:26:17] voltou
[2017-08-24 19:35:08] ;-)
[2017-08-24 19:39:05] Abre ai djow
[2017-08-24 19:39:24] Tem 3 aqui fora
[2017-08-24 19:40:14] ok já estão aqui dentro
[2017-08-24 22:18:20] http://www.tse.jus.br/hotsites/teste-publico-seguranca-2017/
[2017-08-24 22:18:33] E aí? Vamos nós inscrever?
[2017-08-24 22:45:08] Óbvio né
[2017-08-24 22:45:28] Precisamos achar as especificações
[2017-08-24 22:45:33] Antes
[2017-08-24 23:55:35] photo: /home/felipe/devel/github_tvdstaaij/telegram-history-dump/output/media/Garoa_Hacker_Clube_(Público)/download_803119469_126452.jpg
[2017-08-24 23:55:50] Sucesso total
