[2018-01-25 00:30:07] Galera, não sei se tem alguém aqui no grupo que seja do Rio e não conhece o Carioca Hackerspace, acho que nunca fiz propaganda dele aqui lol:
 https://chat.whatsapp.com/023iRFcYM3gGx9ujW4hhQQ
[2018-01-25 00:44:01] Eu sou do Rio. Achei que não tinha hackerspace por aqui atualmente, lembro que pesquisei há algum tempo atrás e os poucos que encontrei estavam com o site fora do ar e pareciam não ter atividade nas páginas, então assumi que estavam desativados
[2018-01-25 00:50:02] É, amigo. A gente tentou fundar um, deu muita merda, geral desistiu. Eu ia tentar fazer umas modificações sozinha e tentar andar de novo, mas só uma andorinha tentando fazer verão, fica bem complicado.
[2018-01-25 00:50:31] Eu já ouvi falar, mas nunca pesquisei/procurei
[2018-01-25 00:55:54] Putz :/ qual era?
[2018-01-25 01:14:32] 21 hacker clube.
Q já sofreu mudança de nome umas 2x
[2018-01-25 01:15:39] Área 21 ou era outro?
[2018-01-25 01:18:09] Antes de ser área 21, era Sha1.
Só que o pessoal achava esquisito, etc.
Daí colocaram Área 21, mas tinha um grupo com nome parecido, daí deu treta.
Depois tiraram o área pra não dar treta, mas o grupo morreu.
[2018-01-25 01:19:22] eles tavam na campos de 2015
[2018-01-25 01:19:33] o cara até tinha um chip no dedo igual o guisso
[2018-01-25 01:19:36] e deu uma palestra
[2018-01-25 01:19:50] Roadsec
[2018-01-25 01:20:15] eu nao fui na roadsec em 2015 :O
[2018-01-25 01:20:40] quem tava na campus então? o 'area 21'?
[2018-01-25 01:20:43] Saquei
[2018-01-25 01:20:51] uhum
[2018-01-25 01:21:18] acho que não, hein.
[2018-01-25 01:21:27] uai, entao nao era
[2018-01-25 01:36:44] Seria outro Área 21?
[2018-01-25 01:36:54] Ou outro hackerspace com nome parecido?
[2018-01-25 01:37:27] don't think so
[2018-01-25 01:37:40] pera
[2018-01-25 01:38:11] Esse é o Area 31 - O cara do Biochip em questão é o Raphael Bastos, primeiro a implantar no Brasil
[2018-01-25 01:38:21] Pronto, podemos voltar a programação normal agora
[2018-01-25 01:38:25] Tem outros hackerspaces no Brasil com nomes que dão match pra regex /Área (.)1/...
[2018-01-25 01:38:29] kk
[2018-01-25 01:41:24] Estamos há seis anos para fazer a Web Page porque ninguém aceitava a minha ideia de Wiki, funcionando há uns 3 anos já.
[2018-01-25 02:00:45] photo: /home/felipe/devel/github_garoa/Telegram_logs_Garoa_Hacker_Clube_Publico/media/Garoa_Hacker_Clube_(Público)/download_805514076_82218.jpg
[2018-01-25 02:01:56] OMG!
[2018-01-25 02:03:26] Tinha evento no Facebook e parece que foi deletado. Acho que cancelaram :(
[2018-01-25 02:04:20] De qualquer forma, sempre quis fazer um relógio nesse modelo da Terra plana
[2018-01-25 02:04:22] https://youtu.be/K6R1phIeMws
[2018-01-25 02:04:25] Tipo isso aqui
[2018-01-25 02:04:34] Acho que ficaria super bacana como decoração
[2018-01-25 02:04:49] rsrsrs
[2018-01-25 02:05:09] vamos criar um ecossistema terra plana e vender pra eles
[2018-01-25 02:05:40] Hauahauah pior que nem é tão difícil construir esses modelos
[2018-01-25 02:21:38] Queria evitar nomes heuahauaha
[2018-01-25 02:45:01] Esse é um nome que tem que ser evitado
[2018-01-25 04:04:49] document: /home/felipe/devel/github_garoa/Telegram_logs_Garoa_Hacker_Clube_Publico/media/Garoa_Hacker_Clube_(Público)/download_182536080015231907.webp
[2018-01-25 08:48:18] https://twitter.com/agkdesign/status/955422176575873026
[2018-01-25 08:49:36] no tweet acima tem mais fotos lindas além dessa aí do preview
[2018-01-25 09:23:41] Sorry, you're not authorized to view these Tweets.
[2018-01-25 10:33:31] uhssahsahusahas
[2018-01-25 10:34:12] sed -e "s/Area.*/Garoa hacker clube eh mais top/g"
[2018-01-25 11:04:22] Eu sei. Mas o perdidão do @vrechson ia continuar os "achismos" dele, então, melhor explicar e finalizar o tópico...
[2018-01-25 11:23:15] https://motherboard.vice.com/en_us/article/a3np4a/new-municipal-broadband-map
[2018-01-25 11:23:32] @eduoda ^
[2018-01-25 11:34:16] Hahaha boa
[2018-01-25 12:08:30] Não lembro se já compartilharam aqui, mas o vídeo é ótimo: https://youtu.be/ltzy5vRmN8Q
[2018-01-25 12:44:45] 🤘🤘
[2018-01-25 14:24:23] Ótima forma de explicar, finalmente alguém colocou de forma gritante óbvia sem complicações
[2018-01-25 14:25:16] Tem que explicar assim mesmo, senão só alguns entendem
[2018-01-25 18:29:11] photo: /home/felipe/devel/github_garoa/Telegram_logs_Garoa_Hacker_Clube_Publico/media/Garoa_Hacker_Clube_(Público)/download_804723231_121570.jpg
[2018-01-25 18:29:23] Precisamos de um tubo de exaustão mais longo
[2018-01-25 18:29:41] É da cortadora laser, para levar fumaça para fora
[2018-01-25 18:39:48] photo: /home/felipe/devel/github_garoa/Telegram_logs_Garoa_Hacker_Clube_Publico/media/Garoa_Hacker_Clube_(Público)/download_804729066_98576.jpg
[2018-01-25 18:40:03] Ganhamos uma porta para instalar no depósito
[2018-01-25 18:40:47] Precisamos colocar
[2018-01-25 19:25:41] https://www.instagram.com/p/BeYkHG7BoP2/
[2018-01-25 19:39:22] su
[2018-01-25 19:39:25] ops
[2018-01-25 19:42:23] photo: /home/felipe/devel/github_garoa/Telegram_logs_Garoa_Hacker_Clube_Publico/media/Garoa_Hacker_Clube_(Público)/download_806124504_31133.jpg
[2018-01-25 19:42:38] Estamos juntando tábuas para usar de prateleiras
[2018-01-25 19:42:56] Quem quiser ajudar a colocar, seria legal
[2018-01-25 19:54:35] ta precisando de ajuda agora?
[2018-01-25 19:57:58] Seria legal sim
[2018-01-25 21:00:16] Olha eleeeee!!! @villares https://campuse.ro/events/campus-party-brasil-2018/workshop/para-meninas-animacao-com-python-e-processing-para-meninas-cpbr11-openchallenge/
[2018-01-25 21:00:31] Representando!!
[2018-01-25 21:00:35] Parabéns mano!!
[2018-01-25 21:10:54] :))
[2018-01-25 21:10:54] Isso é obra do Masanori que me chamou
[2018-01-25 21:10:54] Vai ser legal
[2018-01-25 22:21:41] Caras, se o laboratório de eletrônica de vocês tiver ar-condicionado tenta colocar exaustor na bancada de solda também, aquela fumaça dentro de um ambiente com ar-condicionado acaba ferrando legal o pessoal
[2018-01-25 22:35:27] Falta gente, sobra opinião
[2018-01-25 23:00:54] Galera to preocupado com uma coisa..
[2018-01-25 23:02:16] Eu coloquei o cabo da internet no meu notebook e ainda assim diz cabo desconectado
[2018-01-25 23:02:23] ele ta com Debian
[2018-01-25 23:02:28] eu não entendo
[2018-01-25 23:02:46] sou novo nesse mundo Linux
[2018-01-25 23:07:46] Preocupado? Eu diria fodido...
[2018-01-25 23:08:20] Sua placa deve ser uma Broadcom ou outra placa mala que o driver/firmware não está no kernel
[2018-01-25 23:08:29] Wi-Fi não funciona?
[2018-01-25 23:09:05] Manda ai a saída do lspci
[2018-01-25 23:09:09] E lsusb
[2018-01-25 23:10:14] Btw, sem promessas de te ajudar, mas esses comandos são os básicos para começar a entender o problema
[2018-01-25 23:11:10] Eu acabei de resolver um pepino desses hoje
[2018-01-25 23:11:17] Mandando essas saídas mais chance de conseguir ajuda
[2018-01-25 23:11:27] a droga do firmware non-free não funcionava nem a pau
[2018-01-25 23:11:53] 90's  fellings
[2018-01-25 23:11:55] wifi funciona sim
[2018-01-25 23:11:58] Tive que instalar pacote do testing depois de descobrir um outro firmware alternativo (e livre)
[2018-01-25 23:12:39] Tem ticket de bug aberto com dongles usb com chipset atheros aberto há mais de um ano na distribuição estável e até agora não corrigiram isso
[2018-01-25 23:12:50] Debian...
[2018-01-25 23:13:02] Debian já foi uma distribuição séria
[2018-01-25 23:13:17] Se WiFi funciona, esquece o Cabo po
[2018-01-25 23:13:38] mas a net não funciona melhor via cabo?
[2018-01-25 23:13:43] Nao
[2018-01-25 23:13:53] Então, tudo bem.
[2018-01-25 23:13:55] A limitação eh link não sua dede
[2018-01-25 23:13:57] Rede
[2018-01-25 23:14:39] Além disso, seu cabo chega até o banheiro?
[2018-01-25 23:14:47] Kkk
[2018-01-25 23:15:26] Bom, mas com link do wi-fi pelo menos fica mais fácil baixar as coisas e tal
[2018-01-25 23:16:03] Foda eh quando a rede não sobe e vc tem que ficar copiando driver por pendrive
[2018-01-25 23:16:59] blz
