[2016-10-12 00:13:23] Se minha matemática estiver certa:
Segunda + Quinta = Sábado
[2016-10-12 00:38:25] 💕
[2016-10-12 07:31:24] Rsrsrs, boa!
[2016-10-12 10:10:47] Bom dia
Link de como instalar o Adobe AIR facilmente no Linux
Requerimento do Scratch
https://goo.gl/HwdCT2
[2016-10-12 10:56:38] É tão de quinta que tem que ser no sábado
[2016-10-12 10:57:51] RT
[2016-10-12 12:49:40] Uma desenvolvedora de jogos disse-me que não tinham como lançar versão para GNU/Linux pois a Adobe cancelou o suporte ao sistema.
[2016-10-12 13:52:32] Cheguei
[2016-10-12 13:52:55] Já temos mini hackers que chegaram tb
[2016-10-12 13:53:27] Chego logo tbn
[2016-10-12 13:54:31] 5 waze minutos pra chegar
[2016-10-12 13:56:35] Eu devo chegar só lá pelas 15:00
[2016-10-12 13:58:38] Não achei copos plásticos
[2016-10-12 14:27:18] Estou indo
[2016-10-12 14:50:14] @michaelhoward9, Yumi pergunta onde estaria a fita de cobre...
[2016-10-12 15:14:38] photo: /home/felipe/devel/github_tvdstaaij/telegram-history-dump/output/media/Garoa_Hacker_Clube_(Público)/download_803703557_112037.jpg
[2016-10-12 15:18:12] Eu criei um script em python que faz um crawling nas páginas do site Pouet e baixa todas as demos de ms-dos, detecta os metadados, 
thumbnail/screenshot e faz o download dos arquivos das demos e ao mesmo 
tempo vai subindo tudo pro Internet Archive e ainda por cima configura o
 sistema de emulação pra poder rodar as demos dentro do browser usando o
 dosbox transpilado pra javascript! Já tem quase 3 mil demos de MS-DOS 
catalogadas e o script ainda tá rodando e vai provavelmente chegar em 6 
ou 7 mil demos quando acabar. http://bit.ly/2e3SBjZ
[2016-10-12 17:17:38] Claudemiro Alves Feitosa joined
[2016-10-12 17:17:39] Hi Claudemiro !
[2016-10-12 17:21:57] Show, Juca... parabéns, cara! 👍
[2016-10-12 18:00:40] Quem vier... Pode trazer copos descartáveis
[2016-10-12 18:17:32] pessoal, alguem indica uma alternativa ao vitrinepix (que fechou, btw)
[2016-10-12 19:18:48] photo
[2016-10-12 19:19:08] Oficina de solda do DQ no Hackids
[2016-10-12 19:29:01] Quantas crianças internadas?
[2016-10-12 19:31:20] photo: /home/felipe/devel/github_tvdstaaij/telegram-history-dump/output/media/Garoa_Hacker_Clube_(Público)/download_803718103_110517.jpg
[2016-10-12 19:41:19] Oficina de solda para crianças:
[2016-10-12 19:41:25] photo: /home/felipe/devel/github_tvdstaaij/telegram-history-dump/output/media/Garoa_Hacker_Clube_(Público)/download_803705609_110581.jpg
[2016-10-12 19:44:53] que 10
[2016-10-12 20:53:06] Foi muito top ... Parabéns a todos
[2016-10-12 20:53:46] Esse dedo vai doer
[2016-10-12 20:53:49] 😢
[2016-10-12 21:01:12] 😂👌
[2016-10-12 21:58:30]  joined
[2016-10-12 21:58:30] Hi Steffan !
[2016-10-12 22:19:25] eu queria muito ter levado a minha pequena Checksum para o evento, ela queria conhecer a tal "casinha elétrica" alguém tem alguma imagem?
[2016-10-12 22:19:59] o problema é que eu estou "derrubado" hoje, eh uma grande pena.
[2016-10-12 22:40:29] galera
[2016-10-12 22:40:44] já viram essas luvinhas que a Imogen Heap está usando? http://www.dezeen.com/2014/03/31/imogen-heap-gloves-mini-frontiers-movie/
[2016-10-12 22:40:56] o projeto é open source
[2016-10-12 22:42:09] ah, me enganei... ela ta montando uma campanha no kickstarter e vai deixar o projeto open... enfim, me empolguei demais
[2016-10-12 22:42:09] haahh
[2016-10-12 23:44:33] photo: /home/felipe/devel/github_tvdstaaij/telegram-history-dump/output/media/Garoa_Hacker_Clube_(Público)/download_803729272_75618.jpg
[2016-10-12 23:44:36] photo: /home/felipe/devel/github_tvdstaaij/telegram-history-dump/output/media/Garoa_Hacker_Clube_(Público)/download_803707682_112292.jpg
[2016-10-12 23:44:38] photo: /home/felipe/devel/github_tvdstaaij/telegram-history-dump/output/media/Garoa_Hacker_Clube_(Público)/download_803712649_116903.jpg
[2016-10-12 23:44:40] photo: /home/felipe/devel/github_tvdstaaij/telegram-history-dump/output/media/Garoa_Hacker_Clube_(Público)/download_229964295763395399.webp
[2016-10-12 23:45:48] A atividade de casinha foi sensacional.
