[2016-07-15 02:40:40] Tava vendo minhas guias abertas no navegador, achei isso:
Jean Rafael Tomceac   

12/4/15

Salve!

Amanhã, 15h, no encontro mensal de Programação e Design de Games, faremos o lançamento oficial da OCUPA GAME JAM.

Segue chamada.
[2016-07-15 03:19:16]  joined
[2016-07-15 03:19:17] Hi Giulia !
[2016-07-15 03:25:28]  joined
[2016-07-15 03:25:29] Hi Vitor !
[2016-07-15 08:03:54] O Jack é agora o bot menos burro do garoa?
[2016-07-15 08:05:15] O Jack só dá boas vindas, e responde quando é chamado, não se intromete na conversa dos outros...
[2016-07-15 09:59:03] photo: /home/felipe/devel/github_tvdstaaij/telegram-history-dump/output/media/Garoa_Hacker_Clube_(Público)/download_803716201_57322.jpg
[2016-07-15 10:01:04] 50% é mais que o suficiente para a maioria dos casos, pois alia resistência, leveza e economia...
[2016-07-15 10:02:35] 20% forever
[2016-07-15 10:04:29] photo: /home/felipe/devel/github_tvdstaaij/telegram-history-dump/output/media/Garoa_Hacker_Clube_(Público)/download_803701738_57164.jpg
[2016-07-15 10:04:41] photo: /home/felipe/devel/github_tvdstaaij/telegram-history-dump/output/media/Garoa_Hacker_Clube_(Público)/download_803712520_56443.jpg
[2016-07-15 10:04:49] photo: /home/felipe/devel/github_tvdstaaij/telegram-history-dump/output/media/Garoa_Hacker_Clube_(Público)/download_803701483_56325.jpg
[2016-07-15 10:04:50] Impresso na 3DCloner...
[2016-07-15 10:06:58] Qnt tempo de impressão?
[2016-07-15 10:12:37] photo: /home/felipe/devel/github_tvdstaaij/telegram-history-dump/output/media/Garoa_Hacker_Clube_(Público)/download_803731653_19346.jpg
[2016-07-15 10:17:27] 10℅ e meu saco ainda explode
[2016-07-15 10:18:42] Mais de 100 reais numa peça inútil heehehe
[2016-07-15 10:19:29] Pois caras imprimem just for fun
[2016-07-15 10:19:34] Dava pra gastar metade do tempo deixando 20% e colocando .1 de layer
[2016-07-15 10:19:36] A peça eh feita e inútil
[2016-07-15 10:19:40] E ficaria com 200g
[2016-07-15 10:20:16] 5 não 50
[2016-07-15 10:20:20] Acho...
[2016-07-15 10:21:00] Oda sabe onde eu acho aquelas calhas articuladas que tem em cnc grande?
[2016-07-15 10:21:03] .1 eh tristeza...
[2016-07-15 10:21:22] Não sei do que VC ta falando
[2016-07-15 10:23:40] Porta cabos articulada
[2016-07-15 10:23:45] photo: /home/felipe/devel/github_tvdstaaij/telegram-history-dump/output/media/Garoa_Hacker_Clube_(Público)/download_803718415_56543.jpg
[2016-07-15 10:24:01] Ahhh
[2016-07-15 10:24:14] Tem uma modelos para imprimir, viu?
[2016-07-15 10:24:43] Se for comprar, essas lojas de CNC tem
[2016-07-15 10:25:01] Eu já andei cotando, era carinho
[2016-07-15 10:26:00] Hmm vou imprimir então kkk
[2016-07-15 10:42:46] A SUSE está distribuindo cachecóis com a marca... inteligente, considerando que estamos no Sul e no inverno... todos estão usando no evento...
[2016-07-15 10:43:08] Apesar de não estar tão frio quando eu "imagineve"... hahahaha...
[2016-07-15 10:44:28] "434g de filamento, 720g de peso da peça": alguém me explica isto? E não me venham com aquela de que balão cheio de ar pesa mais que balão vazio!
[2016-07-15 10:46:16] Eduardo Ciciliato joined
[2016-07-15 10:46:16] Hi Eduardo !
[2016-07-15 10:47:52] Eu ignorei deve tá errado
[2016-07-15 10:48:21] Talvez tenha cola e peso pra deixar sólido dentro kk
[2016-07-15 10:49:54] Não me liguei nisso, depois que terminar a palestra que estou, volto e pergunto...
[2016-07-15 10:53:48] photo: /home/felipe/devel/github_tvdstaaij/telegram-history-dump/output/media/Garoa_Hacker_Clube_(Público)/download_802207943_110375.jpg
[2016-07-15 10:54:30] Mas foi gravada, em breve devem colocar no site do FISL... 👍
[2016-07-15 10:56:06] Perdeu mesmo
[2016-07-15 10:56:31] A peça final sempre eh mais leve do que a quantidade de filamento gasto
[2016-07-15 10:56:39] Tipo uns 20% mais leve
[2016-07-15 10:56:54] Qnt menor essa % melhor o filamento
[2016-07-15 10:57:23] Mesma regra do frango congelado
[2016-07-15 11:00:59] O cara me falou 434g, mas se for ver na foto, está somente 434... acho que a unidade é outra, tipo 434cm de filamento...
[2016-07-15 11:02:22] 700g da quase  rolo que tem vaaaaaarios metros
[2016-07-15 11:02:22] Putz, fui procurar "experiência física peso bexiga cheia" e só acho link dizendo que a bexiga cheia é mais pesada por causa do peso do ar dentro... #EDUCACAOFAIL
[2016-07-15 11:02:36] Mas o Stack Exchange salvou o dia: http://physics.stackexchange.com/questions/128468/is-this-kids-experiment-a-legitimate-way-to-show-that-air-has-mass
[2016-07-15 11:04:54] Isto faz sentido, embora 20% pareça muito.
[2016-07-15 11:08:03] 10℅ eh só a perda para começar a imprimir
[2016-07-15 11:08:12] Fazendo macarrão
[2016-07-15 12:30:31] alguem quer rachar o frete?
[2016-07-15 12:30:34] http://produto.mercadolivre.com.br/MLB-722452827-placa-para-montar-shield-wifi-esp8266-esp12-esp07-_JM
[2016-07-15 13:04:09] http://www.wemos.cc/
[2016-07-15 13:04:33] @LucasVido nao quer uns breakout desse ai?
[2016-07-15 13:06:52] pota, esquece essa breakout, se liga:
[2016-07-15 13:07:07] document: /home/felipe/devel/github_tvdstaaij/telegram-history-dump/output/media/Garoa_Hacker_Clube_(Público)/download_803717498_57661.jpg
[2016-07-15 13:09:00] o cara aqui trocou o macho pelo femea, ficou melhor:
[2016-07-15 13:09:07] photo: /home/felipe/devel/github_tvdstaaij/telegram-history-dump/output/media/Garoa_Hacker_Clube_(Público)/download_272479773299573191.webp
[2016-07-15 13:53:42] document: /home/felipe/devel/github_tvdstaaij/telegram-history-dump/output/media/Garoa_Hacker_Clube_(Público)/download_803731598_19416.jpg
[2016-07-15 13:53:45] Olha o preço? US$4 com o ESP incluso...
[2016-07-15 13:53:54] kkkk
[2016-07-15 13:54:03] o wemos?
[2016-07-15 13:54:06] adorei
[2016-07-15 13:54:17] vou vender todos meus arduinos e so comprar isso agora
[2016-07-15 13:54:35] Isto, clique no Buy que vai para a página no AliExpress.
[2016-07-15 13:54:41] parece que tem ate uma porta com conversor AD de 10bits
[2016-07-15 13:54:50] sim sim, eu ja tinha visto
[2016-07-15 13:55:26] a velocidade eh bem decente tb: 80mhz
[2016-07-15 13:55:32] tem spi
[2016-07-15 13:55:37] nao sei se tem dma :P
[2016-07-15 13:55:41] http://www.wemos.cc/Products/d1_mini.html
[2016-07-15 13:55:58] pau de led com esp8266 :D
[2016-07-15 13:57:23] o problema desse bicho eh a baixissima corrente, algo com 10mA
[2016-07-15 13:57:31] e a tensao mala de 3.3
[2016-07-15 13:58:05] bem, mala pq a maioria dos penduricalhos faceis de comprar eh pensado para arduino
[2016-07-15 13:59:01] a corrente alguns drivers resolvem.
[2016-07-15 13:59:21] tem um monte de coisa 3V3: displays, acelerômetros, etc.
[2016-07-15 13:59:42] sim, tb estou animado :)
[2016-07-15 14:02:07] A versão de grife:
[2016-07-15 14:02:09] https://www.seeedstudio.com/item_detail.html?p_id=2415
[2016-07-15 14:27:02] Feliz dia dos Omis!
[2016-07-15 14:35:47] to mais feliz por ser o dia do home (office)
[2016-07-15 15:19:43] Está para chegar uns desses, vou doar uns pro Garoa...
[2016-07-15 15:36:09] photo: /home/felipe/devel/github_tvdstaaij/telegram-history-dump/output/media/Garoa_Hacker_Clube_(Público)/download_702415577_113084.jpg
[2016-07-15 15:39:00] O ladrão que roubou o juca?
[2016-07-15 15:39:20] algum fanboy do juca?
[2016-07-15 15:39:51] Um impostor?
[2016-07-15 15:53:38] Lagarta ou esteira porta cabos também ajudam a encontrar mas pesquisas
[2016-07-15 15:53:43] Um Clone?
[2016-07-15 16:14:49] Hahahaha... só agora vi as respostas...
[2016-07-15 16:19:34] Além do Juca, também encontrei com o Kemel e com o Ramalho...
[2016-07-15 16:26:51] Jackson Pena joined
[2016-07-15 16:26:52] Hi Jackson !
[2016-07-15 16:34:57] photo: /home/felipe/devel/github_tvdstaaij/telegram-history-dump/output/media/Garoa_Hacker_Clube_(Público)/download_802609562_109813.jpg
[2016-07-15 16:39:45] photo: /home/felipe/devel/github_tvdstaaij/telegram-history-dump/output/media/Garoa_Hacker_Clube_(Público)/download_803726508_19800.jpg
[2016-07-15 17:56:20] A palestra do Ramalho no FISL sem dúvida foi uma das melhores...
[2016-07-15 18:02:57] http://hemingway.softwarelivre.org/fisl17/41a/sala41a-high-201607151659.ogv
[2016-07-15 18:18:56] 😊
[2016-07-15 18:19:05] valeu pelo link!
[2016-07-15 18:26:45] photo: /home/felipe/devel/github_tvdstaaij/telegram-history-dump/output/media/Garoa_Hacker_Clube_(Público)/download_802207071_110658.jpg
[2016-07-15 18:26:47] Fiz o teste aqui
[2016-07-15 18:26:53] Mas não deu muito certo
[2016-07-15 18:26:59] Vai ser um escorpião?
[2016-07-15 18:26:59] Preciso fazer maior kkkk
[2016-07-15 18:34:30] eh pra cnc
[2016-07-15 18:39:01] po, ficou maior legal :D
[2016-07-15 18:41:47] to fazendo com ABS ainda
[2016-07-15 19:11:08] Comecei ler uns posts antigos da lista
[2016-07-15 19:11:18] achei isso em 2013: http://blog.corujadeti.com.br/garoa-hacker-clube-passando-por-problemas/
[2016-07-15 19:11:50] Cada vez entendo mais o vaz
[2016-07-15 19:14:26] desenterrando coisa ai
[2016-07-15 19:15:00] noss
[2016-07-15 19:16:24] Achei um post do Aleph de 2011
[2016-07-15 19:18:08] @gfth4x07 como tá seu arduino?
[2016-07-15 19:18:20] digo, sua proficiência em programar nele
[2016-07-15 19:18:35] e quem mais quiser um estágio
[2016-07-15 19:19:22] Achei uma discussão sobre cannabis num post sobre o lulzsec
[2016-07-15 19:19:35] Rs...
[2016-07-15 19:19:44] de 2011
[2016-07-15 19:20:03] o pessoal da bright ainda tá procurando alguém pra programar a máquina deles, eu fiz uma entrevista lá, acabei tendo que recusar a vaga porque eu já tenho outros trabalhos mas eles tão bem desesperados procurando alguém. quem for bom de arduino e bluetooth essas coisas dá um toque
[2016-07-15 19:20:11] Tem post mais recente sobre isso, que deu origem ao "quadrado da ilegalidade" no Garoa
[2016-07-15 19:20:33] sdds quadrado da ilegalidade
[2016-07-15 19:20:47] eu tava vendo umas tretas antigas do Garoa
[2016-07-15 19:21:21] vou procurar esse mais recente
[2016-07-15 19:21:31] é mais recente tipo 2013? 2014?
[2016-07-15 19:23:05] daria pra trampar lá só de manhã? to procurando trampo pra fazer de manha
[2016-07-15 19:23:29] acho que eles querem de tarde. 20h/semana
[2016-07-15 19:23:39] mas disseram que horário é flexível
[2016-07-15 19:23:49] manda um email lá pra ela?
[2016-07-15 19:36:34] Hahahaha. A gente já riu muito por este post.
[2016-07-15 19:50:21] Temos que refazê-lo
[2016-07-15 19:50:53] siiiii
[2016-07-15 19:51:12] @Fabiohirano @Yumizinha quando vamos fazer outra festa no garoa?
[2016-07-15 19:51:27] por festa leia-se passar a noite comendo besteira e fazendo besteira
[2016-07-15 19:51:32] não uma festa formalmente dita
[2016-07-15 20:53:36] Festa!!! 🌭🍕🌮🌯🍣🍙🍡🍰
[2016-07-15 21:05:08] photo: /home/felipe/devel/github_tvdstaaij/telegram-history-dump/output/media/Garoa_Hacker_Clube_(Público)/download_803729889_19654.jpg
[2016-07-15 21:05:09] photo: /home/felipe/devel/github_tvdstaaij/telegram-history-dump/output/media/Garoa_Hacker_Clube_(Público)/download_803731528_19705.jpg
[2016-07-15 21:05:10] photo: /home/felipe/devel/github_tvdstaaij/telegram-history-dump/output/media/Garoa_Hacker_Clube_(Público)/download_803707961_59442.jpg
[2016-07-15 21:05:18] Muito massa
[2016-07-15 21:06:41] No curso de redes
[2016-07-15 21:17:24] Eu ajudo
[2016-07-15 21:17:46] Por festa leia-se uma noite normal no garoa então
[2016-07-15 21:23:15] pff não tá nem ligado
[2016-07-15 21:23:22] moço tá lá só fazendo pose
[2016-07-15 21:26:24] facil falar para quem ganha de presente coisa funcionando  :D
[2016-07-15 21:26:36] "funcionando"
[2016-07-15 21:26:40] precisei trocar o hd
[2016-07-15 21:27:00] :P
[2016-07-15 21:27:56] choooora
[2016-07-15 21:28:01] o toshiba funcionava, nao?
[2016-07-15 21:28:27] ele tava "travado"
[2016-07-15 21:28:46] funcionou até eu fazer uma imagem dele, aí ele começou a parar de funcionar e morreu de vez
[2016-07-15 21:29:06] agora tem um CF no lugar de HDD no laptop
[2016-07-15 21:29:37] quando digo travado quero dizer o braço do hdd, eu dei um tapinha e ele funcionou no dia que eu copiei ele
[2016-07-15 21:29:54] humm
[2016-07-15 21:30:17] teve um outro, cinza, uber-old, nao?
[2016-07-15 21:30:32] você só me levou um, falou do outro mas acho que ainda tá com você
[2016-07-15 21:30:52] putz
[2016-07-15 21:31:51] quem vem no GruPy amanhã?
[2016-07-15 22:30:04] tutorial rápido de http://py.processing.org
[2016-07-15 22:40:48] Eu 🙌
[2016-07-15 23:14:48] :))
[2016-07-15 23:15:12] e o @Belimawr certamente!
[2016-07-15 23:15:33] Eu tava pensando em ir, mas meu celular já tá com problema
[2016-07-15 23:15:45] Uma semana e já ta ruim
