[2017-09-22 08:09:11] Pessoal, sabem se há fundações brasileiras com propósito de manter projetos Open Source, no estilo Apache, Eclipse e talz?
[2017-09-22 08:09:33] Bom dia
[2017-09-22 08:13:50] bom dia
[2017-09-22 08:37:49] parece bacana. cabe mais um  neste grupo?
[2017-09-22 09:07:46] Fala ai galera, tudo bem?
[2017-09-22 09:07:56] Estou lendo sobre bitwise operators em python
[2017-09-22 09:08:10] alguém tem algum material relativo que explique para que serve e como funciona?
[2017-09-22 09:17:22] cabe sim. Te incluí lá.
[2017-09-22 09:18:13] O mais próximo que eu consigo pensar é o CCSL (Centro de Competência em Software Livre) da USP
[2017-09-22 09:29:31] 👍
[2017-09-22 09:56:35] Oi pessoal.
Alguém já usou algum aplicativo para videoconferência ou conhece.

É para transmissão via celular

 Pode me indicar o que seja bom. 
Por exemplo:
1.Facebook que permite transmitir ao vivo um evento para várias pessoas; 
2. Hangout.

Aceito sugestão de vídeos do YouTube ou tutoriais em algum site.
*é isso até mais.
[2017-09-22 10:04:18] Somente app para celular?
[2017-09-22 10:06:16] Ja usei o hangout
[2017-09-22 10:07:16] Agora que eu vi que é para transferência via celular.

Bom, qual a sua demanda? Quantas pessoas? Qual a qualidade da transmissão?
[2017-09-22 10:09:08] E mais importante do que tudo, necessariamente precisa ser open source ou você está disposta a utilizar ferramentas proprietárias e pagar por isso?
[2017-09-22 14:14:10] Então o  que o carroceiro não quiser vai aí nesse lugar :) que blza
[2017-09-22 14:14:28] Descarte do vortex não aconteceu esse mês. Deve acontecer na semana que vem sem falta.
[2017-09-22 14:15:19] Depois disso estou pensando seriamente em desmontar e abandonar a ideia do Vortex. O teste que fiz nos últimos meses não foi bem sucedido.
[2017-09-22 14:16:48] Nesses descartes comumente jogam equipamentos em funcionamento, ja consegui uma impressora que ajeitei para doar
[2017-09-22 14:23:47] Isso não é algo a ser decidido unilateralmente. É tema para CMC.
[2017-09-22 14:30:17] O que eu quis dizer é eque eu vou encerrar meus trabalhos em relação ao vortex. Isso, é, não vou colocar mais itens lá e vou desmontar aquele estrutura provisória que montei. Claro, se alguém quiser continuar, poderá fazer. Mas como acho que a adoção e uso dele foi muito baixa, acho que não haverá ninguém para tocar o projeto. Se você tiver interesse, tudo bem.
[2017-09-22 14:31:29] Sim, nós temos impressoras lá no garoa que só precisam trocar o tonner. Se vc quiser fazer isso: reparar a impressora para doar, é bem-vindo. Não temos espaço para todas elas e então temos que escolher apenas uma  ou duas para ficarem no garoa. É que geralmente faltam pessoas que façam isso q vc falou: testar, consertar e dar um fim para o equipamento.
[2017-09-22 14:42:40] Massa posso ver isso sim
[2017-09-22 14:44:14] acho que você pode poupar o trabalho de desmontar a estrutura.
[2017-09-22 14:44:57] até que o CMC decida se vamos querer continuar usando-a ou se vamos fazer diferente ou se vamos fazer alguma outra coisa.
[2017-09-22 14:56:37] Ok
[2017-09-22 15:36:36] Primeiramente: open source.
[2017-09-22 15:37:22] Transmissão para no máximo 30 pessoas
[2017-09-22 15:37:55] Preciso já ter isso pra hoje Rafael
[2017-09-22 15:38:34] Já transmitiu para mais de 20 pessoas via celular?
[2017-09-22 15:39:26] Preciso ter o aplicativo ou meio de transmissão definido para hoje
[2017-09-22 15:40:05] A transmissão ser via celular Galaxy Note 2.
[2017-09-22 15:41:06] Desde já agradeço a resposta do Rafael e da Glayce.
[2017-09-22 15:44:13] Renata , se o que você for fazer é algo mais voltado a um debate, hangout da conta, caso seja algo parecido com uma vídeo aula, onde uma pessoa vai falar, YouTube live
[2017-09-22 15:44:59] No YouTube live você consegue deixar privada a stream para que só consigam acessar pelo link
[2017-09-22 15:46:50] Vai depender mais da sua conexão, qualidade do microfone e da câmera
[2017-09-22 15:47:25] Recomendo utilizar essas ferramentas que já estão prontas
[2017-09-22 15:48:52] Já que o prazo é bem em cima da hora para verificar viabilidade de outras ferramentas
[2017-09-22 15:53:12] Realmente, se for voltado pra debate rola. Se eu não to enganada rola até 25 participantes
[2017-09-22 15:56:39] Na última atualização dele eram 15 participantes
[2017-09-22 16:00:25] @Gleemorales é verdade. Estou vendo aqui. O número de participantes é limitado a 25 participantes
[2017-09-22 16:00:42] Mas é sem limite a quantidade de pessoas visualizando
[2017-09-22 16:01:09] Ai rola com o YouTube ou pelo gsuite não é?
[2017-09-22 16:02:11] Pelo YouTube eu nunca vi um debate propriamente dito pelo app
[2017-09-22 16:02:48] Mas sei que você consegue transmitir o hangout pelo YouTube, mas ainda existe o limite
[2017-09-22 16:03:07] Agora o meets do gsuit
[2017-09-22 16:03:25] Gsuite
[2017-09-22 16:03:28] Não sei
[2017-09-22 16:05:10] E fazendo um adendo, o Facebook limite a live para 30 minutos
[2017-09-22 16:06:19] Eu acho meio bla pelo face... Acho o hangouts melhor... Mas isso sou eu né
[2017-09-22 16:11:02] Concordo. Na verdade, o melhor jeito seria settar um open broadcast ou um xplit pra fazer a live no YouTube e procurar algum Script que se simule algo  como o hangouts
[2017-09-22 16:11:33] Sei que dá pra fazer pois eu cheguei a pesquisar isso para ministrar umas aulas de física
[2017-09-22 16:14:06] Melhor mesmo seria utilizar alguma solução webinar, mas não conheço nenhuma open source
[2017-09-22 16:14:28] Desenvolve esse avanço ai rapaz!! A sociedade agradecerá
[2017-09-22 16:16:35] Olha que é uma boa ideia. Eu estou travado e frustrado sem ideias para projetos.
[2017-09-22 16:17:00] Vou ver como fazer no Open broadcast
[2017-09-22 16:17:08] Ele lida melhor
[2017-09-22 16:31:00] Live do youtube e do face sao as coisas mais prontas pro uso, importante ter uma bateria auxiliar ou deixar o mobile plugado
[2017-09-22 16:31:16] Galera, pesquisa rápida sobre Livros Tecnicos En x PT... Quem puder responder, agradeço:
https://goo.gl/forms/Ty1LNWC9sQwWyimV2
[2017-09-22 16:48:30] 👍
[2017-09-22 16:51:13] hecho
[2017-09-22 16:56:20] 🤙🏽
[2017-09-22 16:57:34] Tks
[2017-09-22 18:16:40] alguém já usou essa placa com raspberry ou arduino?
[2017-09-22 18:17:16] photo: /home/felipe/devel/github_tvdstaaij/telegram-history-dump/output/media/Garoa_Hacker_Clube_(Público)/download_805511323_7114.jpg
[2017-09-22 18:17:31] photo: /home/felipe/devel/github_tvdstaaij/telegram-history-dump/output/media/Garoa_Hacker_Clube_(Público)/download_804724209_30932.jpg
[2017-09-22 18:17:48] photo: /home/felipe/devel/github_tvdstaaij/telegram-history-dump/output/media/Garoa_Hacker_Clube_(Público)/download_804730710_7639.jpg
[2017-09-22 18:18:01] live no youtube eu faço usando um software livre chamado Open Broadcaster
[2017-09-22 18:18:45] doido esse display, hein!?
[2017-09-22 18:19:06] É RGB ou é monocromático ?
[2017-09-22 18:19:11] mano, tô aqui lendo
[2017-09-22 18:19:16] rgb
[2017-09-22 18:19:40] photo: /home/felipe/devel/github_tvdstaaij/telegram-history-dump/output/media/Garoa_Hacker_Clube_(Público)/download_804725994_30887.jpg
[2017-09-22 18:20:07] vou fazer algumas coisas
[2017-09-22 18:21:12] estou vendo essas portas
[2017-09-22 18:21:26] ja achei o mapinha dela aqui
[2017-09-22 18:30:54] :-)
[2017-09-22 18:30:58] 👌
[2017-09-22 18:53:53] Respondido ;)
[2017-09-22 19:23:57] A transmissão será de mais de 2:30hs, tipo aula. Estava pensando no Facebook mesmo, via celular, mas nunca testei por tanto tempo. 
Grata pelos comentários.
[2017-09-22 19:25:26] Gosto do Hangaut também, mas por ser mais de 2:30hs de transmissão não sei vai servir.
[2017-09-22 19:25:46] Grata pelos comentários Glayce
[2017-09-22 19:27:18] Acho melhor o Facebook também. Por enquanto essa vai ser a escolha. Grata.
[2017-09-22 19:32:49] Ele faz um encode e deixa registrado, isso é bom pra quem nao tem material pra gravacão, soh recomendo interromper e recomecar a transmissao a cada 40 min/1hr
[2017-09-22 20:13:20] 👍
[2017-09-22 20:19:22] Apropósito.
Aceito sugestões de transmissão (ao vivo tipo videoconferência ), com investimento de valor baixo. 
Para avaliar e talvez utilizar futuramente.
[2017-09-22 20:20:51] Procure o webinar da cisco
[2017-09-22 20:20:57] Solução completa
[2017-09-22 20:21:02] Não sei o valor
[2017-09-22 21:50:24] alguém aqui entende de fonte? mais especificamente de um monitor. a placa da fonte deveria suprir 5, 15, 115 e -15 DCV e no lugar de -15 está saindo -22. não consegui identificar qual componente estava com falha.
[2017-09-22 21:50:56] suspeito do transformador mas não tenho certeza
[2017-09-22 22:25:29] alguem tem foto do patinho feio aqui?
[2017-09-22 22:45:49] Estou fazendo na faculdade, serão também 4 aulas aos sábados, neste sábado farei a segunda.
[2017-09-22 22:48:40] Aonde? Quando? Tem link?
[2017-09-22 23:30:59] Quem nunca precisou de um objeto com fundo transparente?
separamos 10 sites com um grande acervo de imagens e objetos com fundo transparente, conhece mais algum? deixe nos comentários. ;)
www.pngimg.com
www.pngpix.com
www.imagespng.com
www.freepngimg.com
www.pngall.com
www.pluspng.com
www.picpng.com
www.freeiconspng.com
www.imagenpng.com
www.pixabay.com/pt/photos/png/
[2017-09-22 23:31:28] Dica do Edilson Pereira, do Canal do Designer... só tomem cuidado com as licenças de uso...
