[2016-08-20 10:43:06] Alguém no garoa hj a noite?
[2016-08-20 10:56:17] Eu vou
[2016-08-20 11:07:46] tou pensando em ir
[2016-08-20 11:07:57] queria discutir algumas ideias de desenvolvimento em GoLang
[2016-08-20 11:10:32] Já tiveram grupo de estudos C++ no garoa?
[2016-08-20 11:10:36] Tão afim?
[2016-08-20 11:24:38] Sim
[2016-08-20 11:24:50] Tô afim
[2016-08-20 11:30:54] Certeza Michael que já tiveram grupo de estudos de C++ no Garoa este ano?
[2016-08-20 11:31:21] Pela wiki do Garoa, ainda não
[2016-08-20 11:31:24] pode ser Rodrigo
[2016-08-20 11:31:29] se vc quiser cuidar de criar a atividade
[2016-08-20 11:47:47] Selecionei o comentário errado
[2016-08-20 11:54:25] A pessoa que eu conheço que mais entende de GoLang é o César Gimenes, do ABC Makerspace...
[2016-08-20 11:57:29] Encontrei um projeto parecido com o seu. Olha isso:
[2016-08-20 11:57:33] photo
[2016-08-20 12:41:11] Podemos fazer algo aos sábados se toparem
[2016-08-20 12:41:16] De C++
[2016-08-20 12:41:28] Ainda estou aprendendo. Mas aprenderemos juntos.
[2016-08-20 12:41:51] São 18 anos estudando e quanto mais estudo mais coisas descubro que preciso aprender.
[2016-08-20 12:44:58] Você está há 18 anos estudando C++?
[2016-08-20 13:48:52] não, eu estou usando o tea2025
[2016-08-20 13:58:36] Eu comecei a estudar C++ em 88 (ou 89, não lembro mais).
[2016-08-20 13:59:38] Sou totalmente ignorante das novidades das versões mais recentes.
[2016-08-20 14:02:47] Erin, eu montei em fevereiro um amp com tda2005, a partir de um kit. Ficou bom, mas longe de ser portátil.
[2016-08-20 14:03:21] A alimentação usava um trafo 12V@3A...
[2016-08-20 14:05:10] Aquele knob que você usou é um "pé de galinha", certo?
[2016-08-20 14:05:38] Comprei alguns mas ainda não tive oportunidade de usar.
[2016-08-20 14:19:53] Sim! E praticando praticamente todo dia desde então.
[2016-08-20 14:20:18] Quando eu achei que estava manjando, me lançaram a próxima versão. E dai recursivamente.
[2016-08-20 14:24:41] não sei o que é isso
[2016-08-20 14:28:45] Mas você conhece?
[2016-08-20 14:29:50] https://twitter.com/lana_chan_/status/766852586385408000 coloquei mais fotos aqui
[2016-08-20 14:30:41] Curtir
[2016-08-20 14:31:05] Tu deve ser um monstro do c++ atualmente
[2016-08-20 14:31:08] rs
[2016-08-20 14:34:55] Acho que é cabeça de galinha, não pé...
[2016-08-20 14:35:31] Era o nome que eu vi no site da Mult
[2016-08-20 14:42:09] Quem me dera. Mas se quiserem evoluímos todos juntos numa atividade C++ regular.
[2016-08-20 16:06:19] Querem algo legal de C++? Alguns desenvolvedores do Kicad vem no fim de outubro e estamos bolando uma hackatona de Kicad. Como ele é feito em C++, é uma deixa para treinar.
[2016-08-20 16:15:08] Se a galera tiver bom nível já, será produtivo. Acredito que não será tão acessível, pois além de fluência na linguagem precisa de fluência em geometria analítica.
[2016-08-20 16:25:42] O Kicad não tem só o editor de layout. Tem o de esquemático, por exemplo, editor de componentes, etc. Um dos projetos propostos é conversor de arquivo do Eagle para Kicad também
[2016-08-20 16:43:35] Aí fica bem mais acessível! Estarei lá se for de fds
[2016-08-20 16:48:09] Vai ser durante a e-HAL
[2016-08-20 17:02:39] (googling...)
[2016-08-20 17:16:03] O garoa precisa de um ampli de baixo, por acaso?
[2016-08-20 17:17:29] Eu tenho um cubo que tão pedindo 400 conto pra arrumar. Parece que tem transistor queimado. Tô achando bem caro e não vou fazer. Se tiverem precisando, posso deixar no garoa, mas tem que arrumar essas coisas
[2016-08-20 17:18:36] http://hardwareaberto.org/e-hal/
[2016-08-20 17:19:01] cara, acho que vai ficar encostado la...
[2016-08-20 17:19:03] judiacao...
[2016-08-20 17:19:28] Não tá rolando som lá?
[2016-08-20 17:19:30] pq vc nao tenta consertar?
[2016-08-20 17:19:55] Pode ser. Manjo zero disso. Pode ser divertido, hehe
[2016-08-20 17:19:57] o garoa já tem umas caixas boas e até um sub
[2016-08-20 17:20:38] que marca eh?
[2016-08-20 17:20:49] tipo, 400 paus para arrumar, deve ser bagaca, hein?
[2016-08-20 17:21:07] Beleza. Eu queria passar ele pra frente, ou doar mesmo. Ele é um staner antiguinho. Apesar de ser cubo, é pesado pacas
[2016-08-20 17:21:27] uia
[2016-08-20 17:21:30] aceito a doacao :D
[2016-08-20 17:21:40] Demoro então
[2016-08-20 17:21:41] kkk
[2016-08-20 17:21:44] coisa chique, mano
[2016-08-20 17:22:06] Tenho que ver se a loja não jogou fora, pq faz uns meses que não fui buscar hehehe
[2016-08-20 17:22:12] vish
[2016-08-20 17:22:30] É aquele mais antigo, com uma grade cinza
[2016-08-20 17:22:47] to ligado
[2016-08-20 17:23:00] acho que passa de 1mil esse ai
[2016-08-20 17:23:21] Ah, e minha gata detonou toda as quinas da frente, tá aparecendo a madeira, hehe
[2016-08-20 17:23:27] Uia, sério?
[2016-08-20 17:23:38] acho que sim, eh daquels bx?
[2016-08-20 17:23:39] Acho que já troquei falante até
[2016-08-20 17:23:56] Bx ou bs... Existe bs?
[2016-08-20 17:24:06] tem bs tb
[2016-08-20 17:24:29] estou planejando montar um grupo para hackear o kicad, escrito em c++. já comecei, na real. só falta chamar o povo
[2016-08-20 17:25:07] pitanga, ali ó, na janelinha
[2016-08-20 17:25:43] https://goo.gl/images/9R8p6I
[2016-08-20 17:26:01] É o bs120
[2016-08-20 17:26:21] isso!
[2016-08-20 17:26:35] https://goo.gl/images/HqeZHP
[2016-08-20 17:26:46] @dudedias ve ai, mas leva no garoa, pede umas dicas, ve como consertar
[2016-08-20 17:26:52] ?
[2016-08-20 17:27:08] Beleza. Vou tentar durante essa semana
[2016-08-20 17:27:20] Valeu as dicas!
[2016-08-20 17:27:41] Tem gente vendendo por 700. Como o estado do meu tá péssimo...
[2016-08-20 17:28:47] sei, vc toca ainda?
[2016-08-20 17:29:35] considera que vai ser dificil encontrar coisa pagavel se for comprar outro..
[2016-08-20 17:29:59] Toco sim, mas tenho tocado pouco. Tenho outro ampli bem melhor, esse sim da pra vender por uma grana
[2016-08-20 17:30:33] Esse staner deve ser tipo meu primeiro ampli, rs. Mentira, é o segundo. O primeiro era minúsculo.
[2016-08-20 18:09:24] Gente, foi excelente a oficina/vivência do Garoa no FabLab hoje, parabéns a todos envolvidos! 
Como sou educador sei que quem ministrou deve ter várias autocríticas mas percebi que o público aproveitou bastante e quero dar esse feedback e os parabéns pro grupo todo. 😊🙌🏾👍🏾
[2016-08-20 18:36:18] 👍👏
[2016-08-20 19:02:30] galera,
[2016-08-20 19:02:52] será que seria possível armazenar senhas em um arduino e usar um software no pc da pessoa para poder descriptografar
[2016-08-20 19:05:13] Como assim, Vin?
[2016-08-20 19:05:48] tipo armazenar uma hash q seria a senha na memória do arduino e dps recuperar no pc quando vc tiver um software especifico
[2016-08-20 19:05:55] dar retrieve de dados da memória
[2016-08-20 19:08:30] cara, esses dias estava vendo um esquema de usar o arduino como hid, que vc espeta e ele digita sua senha
[2016-08-20 19:09:00] sim
[2016-08-20 19:09:06] tava pensando em fazer isso
[2016-08-20 19:09:13] enfim, sim, da, se vc usar alguem que seja hid mais nativo, tipo leonardo, rola mais facil
