[2016-07-17 12:29:11] document
[2016-07-17 12:44:11] A palestra foi show... todos choraram quando ele cantou My Way, do Frank Sinatra... ele até extrapolou o horário porque a plateia pediu bis... foi uma das melhores palestras, uma das poucas que envolveu música...

PS: Somente parte do que escrevi é ficção...
[2016-07-17 13:25:08] de fato envolveu música!
[2016-07-17 13:25:27] http://www.lcs.poli.usp.br/~gstolfi/gus_files/bachianinha_1.mp3
[2016-07-17 14:45:57] Alguém já fez algum vazo con un girassol e a base dele girava pra fugir do sol com servo e sensor de luminosidade?
[2016-07-17 14:46:26] isso seria maldade
[2016-07-17 15:00:20] Nem é
[2016-07-17 15:00:39] É ciência
[2016-07-17 15:51:45] Agora falando sério, a palestra foi show, uma das melhores, também uma das poucas que envolveu música... e extrapolou o horário, mas só um pouquinho...
[2016-07-17 16:24:07] só se "só um pouquinho" for tipo 10 segundos
[2016-07-17 16:25:01] pq quando vi 10:00 no meu relógio eu virei para a Vanessa e disse: "Pessoal, agora vocês ficam com a apresentação da Vanessa Tonini que vai falar sobre..." :-D
[2016-07-17 16:31:14] Parabéns,  Juca.
[2016-07-17 16:50:26] Não extrapolou, foi certinho dentro do horário programado, o problema é que os organizadores estavam acelerando todos os palestrantes... quando ainda falavam 10 minutos eles informaram que o tempo já tinha esgotado... isso aconteceu com Kemel, Ramalho, Avelino, etc...
[2016-07-17 17:07:36] photo: /home/felipe/devel/github_tvdstaaij/telegram-history-dump/output/media/Garoa_Hacker_Clube_(Público)/download_58023844232823818.webp
[2016-07-17 17:08:29] Eu sentei na mesa 43 de um restaurante ontem e fiquei triste olhando pra mesa do lado...
[2016-07-17 21:39:57] Heheh 42 is a fucking great number
[2016-07-17 22:08:10] Ou arte
[2016-07-17 23:45:56] http://spaceflightnow.com/2016/07/17/spacex-9-mission-status-center/
[2016-07-17 23:54:05] http://spaceflightnow.com/2016/07/17/timeline-for-spacexs-ninth-station-resupply-launch/
