[2016-10-23 00:29:37] photo: /home/felipe/devel/github_tvdstaaij/telegram-history-dump/output/media/Garoa_Hacker_Clube_(Público)/download_803712421_119618.jpg
[2016-10-23 00:29:56] @Biazzotto chegou :)
[2016-10-23 01:53:33] Vai aparece no Garoa com isso, @eduoda ?
[2016-10-23 01:53:52] Tava querendo ver o RemixOS de perto
[2016-10-23 05:10:03] O meu também chegou... 🙂
[2016-10-23 08:33:46] Levo sim
[2016-10-23 08:35:57] Tava pensando em dar para uma pessoa que trabalha aqui em casa e não tem computador, mas não sei se eh sacanagem tentar inclui-la com um treco meio exclusivo...
[2016-10-23 09:52:19] Agluém teria um ‘Google Cardboard’ para emprestar? Preciso dar uma oficina de VR e acho que não vou ter tempo de construir um…
[2016-10-23 09:53:39] (Ainda não estudei muito, mas na versão mais recente do Processing ‘Modo Android’ tem exemplos preparados para apresentação em Cardboard o_O)
[2016-10-23 09:54:01] "Inclusão digital com algo exclusivo"... realmente, não soa muito bem essa ideia... mas uma brasileiros tiveram uma ideia assim e está fazendo sucesso no mundo, depois procura pelo "Endless Mini"...
[2016-10-23 09:55:46] Villares, eu tenho um... precisa para quando?
[2016-10-23 09:55:58] quarta
[2016-10-23 09:56:10] se você for à Noite de Processing na terça...
[2016-10-23 09:58:47] Pode deixar, eu levo para você.
[2016-10-23 10:06:50] Muito agradecido!
[2016-10-23 11:06:54] M4g43n0ch joined
[2016-10-23 11:06:55] Hi M4g43n0ch !
[2016-10-23 11:07:07] Hi
[2016-10-23 11:34:25] How're you?
[2016-10-23 12:32:42] Boa tarde
[2016-10-23 12:53:16] Boa tarde
[2016-10-23 12:57:19] 👍
[2016-10-23 20:09:21] Ciro Jesus joined
[2016-10-23 20:09:22] Hi Ciro !
[2016-10-23 20:21:40] Bispo joined
[2016-10-23 20:21:41] Hi Dennis !
[2016-10-23 20:38:36] Pessoal, obrigado pela recepção e pela troca de idéias nos projetos.
Precisando de qualquer coisa estou à disposição.
Vou acompanhar vocês aqui 🖖
Abraços (Bispo - Área 31).
[2016-10-23 20:48:40] Show
[2016-10-23 23:10:08] Terça o Pedro Emilio Guglielmo vem falar na Noite de Processing (física com p5js e box2d)
[2016-10-23 23:10:27] e quarta ele vai estar na IBM falando de VR e JS: http://www.meetup.com/pt-BR/GDG-SP/events/235063801/
[2016-10-23 23:55:50] Rodrigo Madera added Marcio Rodrigues
[2016-10-23 23:55:51] Hi Marcio !
[2016-10-23 23:59:13] Alex Souza joined
[2016-10-23 23:59:13] Hi Alex !
