[2017-02-15 00:20:23] Não, fui atender um cliente
[2017-02-15 00:24:52] https://github.com/rikkertkoppes/spacex-telemetry
[2017-02-15 00:24:53] rikkertkoppes | spacex-telemetry

Project to read live telemetry from SpaceX live streams by ocr.

Language: JavaScript
Forks: 2
Stars: 22
Issues: 0
[2017-02-15 00:31:51] http://www.thespacereview.com/article/3171/1
[2017-02-15 00:34:42] So faltou uns stickers do tiozinho do Moebius
[2017-02-15 00:41:13] B0L4D40 joined
[2017-02-15 00:41:14] Hi B0L4D40 !
[2017-02-15 00:41:36]  joined
[2017-02-15 00:41:36] Hi j0shua !
[2017-02-15 00:57:12] https://science.slashdot.org/story/17/02/14/224251/scientists-propose-plan-to-re-freeze-the-arctic
[2017-02-15 00:57:39] https://hardware.slashdot.org/story/17/02/14/2349219/apple-will-fight-right-to-repair-legislation
[2017-02-15 01:22:06] Hahahaha. Achei que ela fosse dizer "wich means that é difícil pacas passar o requeijão sem quebrar a rosca"
[2017-02-15 01:27:02] hahahahahahaha
[2017-02-15 01:27:03] eu também
[2017-02-15 01:27:11] parece mes
[2017-02-15 01:27:19] a porta vai ficar aberta
[2017-02-15 01:27:26] senta todo mundo
[2017-02-15 01:27:30] parece q ta todo mundo cagado
[2017-02-15 01:36:24] document: /home/felipe/devel/github_tvdstaaij/telegram-history-dump/output/media/Garoa_Hacker_Clube_(Público)/download_694481660414001199.webp
[2017-02-15 05:19:17] Na verdade, qdo inauguramos a sede nova nós distribuimos a chave da porta errada. Era p os associados terem a chave do lab de eletrônica aonde está o sensor, mas distribuímos a chave da porta da cozinha sem lembrar daonde estava o sensor
[2017-02-15 07:57:54] move fast and break things
[2017-02-15 07:58:01] hoje estou assim
[2017-02-15 08:07:31] Pessoal, o 21 Hacker Clube está com um grupo novo no Telegram, o anterior foi desfeito.

O link do novo grupo é:
https://t.me/joinchat/AAAAAEHrHrD0UDWlR12p0Q
[2017-02-15 08:10:42] Obrigado!
[2017-02-15 08:15:30] temos página na wiki para a assembleia geral 2017?
[2017-02-15 08:22:07] comunicando assembleia geral ordinaria 04 de Março 2017 https://garoa.net.br/wiki/Arquivo:Assembleia_geral_2017.jpg
[2017-02-15 08:22:50] photo: /home/felipe/devel/github_tvdstaaij/telegram-history-dump/output/media/Garoa_Hacker_Clube_(Público)/download_803119855_5921.jpg
[2017-02-15 08:39:02] Pagina temos, conteúdo ainda não https://garoa.net.br/wiki/Assembleia_Geral_Ordin%C3%A1ria_2017
[2017-02-15 08:50:39] Para entender o que é a Assembléia Geral Ordinária, qual a sua função, quem participa e quem vota:
https://garoa.net.br/wiki/Estatuto#Artigo_16
[2017-02-15 09:47:02] photo: /home/felipe/devel/github_tvdstaaij/telegram-history-dump/output/media/Garoa_Hacker_Clube_(Público)/download_803112527_6254.jpg
[2017-02-15 09:53:08] Só quem já teve um livro publicado sabe a sensação de ver alguém com uma cópia pirateada.
[2017-02-15 09:54:43] Para o pessoal que quer refazer o sensor de presença do Garoa: http://abacus.avnet.com/wps/portal/abacus/manufacturers/panasonic/products/panasonic-2-nd-gen-grid-eye
[2017-02-15 10:06:04] http://www.oreilly.com/programming/free/files/open-source-in-brazil.pdf
[2017-02-15 10:06:47] Quando eu publicar o meu livro vou querer que ele seja lido 😃
[2017-02-15 10:20:52] Sim, é o que todo autor deseja. Mas o processo de escrever e publicar exige uma certa dedicação e isto merece respeito. Tanto se o autor optar por disponibilizar gratuitamente como se optar por explorar comercialmente a obra.
[2017-02-15 10:25:02] Sabe o que me entristeceu mais ao descobrir uma cópia xerox (estamos falando dos anos 80) de um dos meus livros? É que estava com uma pessoa conhecida. Se ele tivesse pedido eu teria dado um exemplar autografado.
[2017-02-15 10:28:24] Bom, minha opinião é a seguinte: Procuro a obra digitalmente sem custo. Se for boa e me ajudar, eu compro fisicamente.
[2017-02-15 10:33:11] Novo eufemismo no pedaço: "digitalmente sem custo".
[2017-02-15 10:38:43] Por isso o Brasil está, e continuará estando na merda.
[2017-02-15 10:53:47] É só a forma que eu faço. Se é não gosto da obra eu procuro outra.
[2017-02-15 11:21:29] eu tava no grupo, vi essa treta ao vivo, foi demais kkk
[2017-02-15 11:22:49] Engraçado ainda existir quem defenda o copyrigth e acreditar que realmente defende os direitos do autor.
[2017-02-15 11:23:26] e dizer que os problemas de um país advém disso :p
[2017-02-15 11:30:01] Puts sério kkkkkk e como terminou?
[2017-02-15 11:32:54] IANAL só qualifica crime de pirataria se o cara revender, distribuindo de graça não dá nada
[2017-02-15 11:36:06] Rodrigo, acho que não. Estar de posse de pirataria também é crime.
[2017-02-15 12:06:57] Se for para uso próprio sem o intuito de obter lucro, acho que não dá nada.
[2017-02-15 12:06:59] o cara apagou o post e vazou
[2017-02-15 12:08:11] Kkkkkkkk
[2017-02-15 12:08:36] photo: /home/felipe/devel/github_tvdstaaij/telegram-history-dump/output/media/Garoa_Hacker_Clube_(Público)/download_803110451_24062.jpg
[2017-02-15 12:08:51] eu quero seus livros autografados, dq! :p
[2017-02-15 12:10:56] photo: /home/felipe/devel/github_tvdstaaij/telegram-history-dump/output/media/Garoa_Hacker_Clube_(Público)/download_803734822_55289.jpg
[2017-02-15 12:11:07] 👆terça de Carnaval - na programação Garoa Carnahacking 2017
[2017-02-15 12:17:06] Deixa eu ver se acho uma cópia física... Os dois primeiros estão disponíveis como eBook no repositório de arquivos do meu blog: http://1drv.ms/1n7L5yA
[2017-02-15 12:24:20] você viu que eu achei um livro sobre arquitetura 68000 num sebo?
[2017-02-15 12:24:41] comprei pra mim mas pensei em emprestar pro garoa se alguém tiver interesse
[2017-02-15 12:29:05] Eu achei 3 livros sobre Motorola 68000 e chips auxiliares (memória virtual, etc) no LIXO da UNIVERSIDADE DE SÃO PAULO !!!
[2017-02-15 12:29:15] comum
[2017-02-15 12:29:20] Fazem parte da minha biblioteca hoje em dia
[2017-02-15 12:29:52] quando mostrei a foto do livro pra um amigo meu da poli ele falou "nossa, achou em qual biblioteca da USP?"
[2017-02-15 12:30:08] e eu ri
[2017-02-15 12:30:44] Um professor meu me mostrou a placa de memória de núcleo de ferrite que ele retirou do lixo lá da Poli. A placa fazia parte do G10, o sucessor do Patinho Feio.
[2017-02-15 12:31:02] oxe
[2017-02-15 12:31:38] Existe ainda muito desrespeito/desdém pelo conhecimento e pela memória...
[2017-02-15 12:34:49] photo: /home/felipe/devel/github_tvdstaaij/telegram-history-dump/output/media/Garoa_Hacker_Clube_(Público)/download_803117826_5937.jpg
[2017-02-15 12:35:52] legal, onde vc viu isso?
[2017-02-15 12:36:11] atualizei a descrição, pra deixar o link do PDF do livro junto
[2017-02-15 12:57:43] Os problemas vem da falta de capacidade de empatia e abstração do povo. De fazer como gostariam que fizessem com eles. De respeitar o direito alheio. De interpretar textos. Enfim, de uma coletânea de quesitos que em poucas frases aqui ficam evidenciadas como necessárias.
[2017-02-15 13:01:29] o ehal foi em sp
[2017-02-15 13:02:26] fico me perguntando de onde tiraram que foi no rs...
[2017-02-15 13:09:16] Quem escreveu o livro? Manda uma errata...
[2017-02-15 13:12:46] Hmm, tentei avisar o autor no twitter rsrsrsrs https://twitter.com/villares/status/831883767723724802
[2017-02-15 13:24:21] 👍
[2017-02-15 13:24:30] e depois ele chama o ramalho de leandro kkk
[2017-02-15 13:31:42] Não tem a ver com a massiva presença de gaúchos no staff?
[2017-02-15 13:33:17] acho que o cara nao estava presente para ver
[2017-02-15 13:47:16] photo: /home/felipe/devel/github_tvdstaaij/telegram-history-dump/output/media/Garoa_Hacker_Clube_(Público)/download_803113346_6253.jpg
[2017-02-15 13:47:31] Não tenho maiores notícias, mas fica aqui meu pesar
[2017-02-15 13:48:06] Ele frequentava bastante as noites de sexta no Garoa, pelo que me lembro
[2017-02-15 13:51:37] Lembro de o ter visto algumas vezes... uma pena.
[2017-02-15 13:51:58] Eu tbm
[2017-02-15 13:52:10] Sim, vi ele muitas vezes la
[2017-02-15 13:55:10] Uma pena.. triste notícia..
[2017-02-15 14:42:37] não o conhecia bem, mas lembro dele ouvindo alguns dos meus rants, se não me engano ele estava numa das noites de retrocomputação também :( meus pêsames
[2017-02-15 14:47:47] Sempre gostei de ouvir as histórias dele, aprendi bastante com as experiências que ele teve.
Estou muito abalado ainda.
[2017-02-15 14:48:43] O velório será realizado hoje, a partir das 17h00, no Cemitério da Vila Mariana, na Rua Batista Caetano, 300.

A cerimônia de cremação ocorrerá hoje também, no Crematório da Vila Alpina, a partir das 22h00, na Av. Francisco Falconi, 437.

Infelizmente não tive noticias sobre a causa.
[2017-02-15 14:49:28] Obrigado @Biazzotto
[2017-02-15 14:56:41] Uma pena, ele ia sempre no Garoa 😢
[2017-02-15 14:59:39] se alguem for, pode levar umas flores ai pelo garoa?
[2017-02-15 14:59:50] reembolsamos depois
[2017-02-15 15:03:40] Bem triste! Meu pesar :/
Muito gente boa.
[2017-02-15 15:12:34] Puxa! Ele tava no evento em homenagem ao Alberto Fabiano na ThoughtWorks!
[2017-02-15 15:18:11] http://thespacereview.com/article/3170/1
[2017-02-15 16:23:00] Poxa :(
[2017-02-15 16:23:10] Ele morava perto de casa, me dava carona direto
[2017-02-15 16:24:31] Oxi
[2017-02-15 16:28:00] Alguem poderia me ajudar estou com um problema no meu pc
[2017-02-15 16:28:15] Ele ta desligando sozinho
[2017-02-15 16:28:19] 😭
[2017-02-15 16:31:01] põe fita pra tomada parar de cair
[2017-02-15 16:31:29] Acompanho o trabalho deste cara. 
Ele tem o projeto de criar uma versão atualizada do MSX, com especificações atuais, CPU 64 bits e retrocompatibilidade full
http://albertodehoyonebot.blogspot.com.br/2016/11/vrobit-aka-msx3-msxvr.html
[2017-02-15 16:32:27] @Bjygvjkiyyunkik além da dica da @mynameiserin 😄 verifique se o ventilador está funcionando. Este comportamento pode ser devido a superaquecimento.
[2017-02-15 16:33:39] ambicioso
[2017-02-15 16:36:45] Na última postagem, ele diz que já tem um protótipo
[2017-02-15 16:39:48] E o design proposto da máquina é bem legal, parece uma coisa híbrida entre o design atual e o que poderia ter sido feito nos anos 90 🙂
[2017-02-15 16:39:53] (Me dá uma sensação meio Fringe)
[2017-02-15 16:45:34] hah
[2017-02-15 16:57:37] Parou de cair da tomada
[2017-02-15 16:57:40] Uf
[2017-02-15 17:45:12] Sobre a cópia de livros digitais:
[2017-02-15 17:45:30] No Brasil não é crime se for para uso sem fins comerciais
[2017-02-15 17:46:23] comprei filamento flexivel \o/
[2017-02-15 17:52:37] Nãe é bem assim... o artigo 46 (consulte o texto da lei aqui: http://www.planalto.gov.br/ccivil_03/leis/L9610.htm) especifica a legalidade do uso de obra autoral em alguns casos sem a necessidade de autorização prévia do autor/detentor dos direitos desde que cumpra um certo conjunto de condições. O uso não comercial é apenas um dos pré-requisitos. Mas também tem que ser um "pequeno trecho" (e ninguém sabe dizer o que isso realmente significa). E o uso tem que ser feito pelo próprio copista (a lei nitidamente foi escrita com cópia reprográfica em mente, temos que usar a criatividade jurídica pra tentar adaptar isso pras cópias digitais).
[2017-02-15 18:01:05] "Art. 46. Não constitui ofensa aos direitos autorais: [...] II - a reprodução, em um só exemplar de pequenos trechos, para uso privado do copista, desde que feita por este, sem intuito de lucro;"
[2017-02-15 18:02:24] Ai fica a questão do que é pequenos trechos. Eu sempre tento comprar mas a maioria dos livros de Engenharia bons estão na faixa de US$100 a US$250, o que é pesado.
[2017-02-15 18:03:43] https://web.archive.org/web/20130329042137/http://www.gpopai.usp.br/relatoriolivros.pdf
[2017-02-15 18:04:42] Esse relatório do GPOPAI-USP é muito bom sobre esse tema. O Capítulo 2 inteiro é sobre especificamente essa questão.
[2017-02-15 18:04:44] "Não há justiça em seguir leis injustas." (Guerilla Open Access Manifesto)
[2017-02-15 18:04:53] Até tem como comprar na Índia mais barato mas quem disse que chega? Já tentei duas vezes e não foi.
[2017-02-15 18:05:31] M4C, exato! Imagina o meu caso, eu comecei na eletrônica com 13 anos de idade, mal tinha grana pra comprar bala imagina pra comprar livro de eletrônica. 😂😂😂
[2017-02-15 18:06:13] ✊
[2017-02-15 18:06:31] Saudades "Projeto Robin Hood"
[2017-02-15 18:07:06] photo: /home/felipe/devel/github_tvdstaaij/telegram-history-dump/output/media/Garoa_Hacker_Clube_(Público)/download_804201943_14765.jpg
[2017-02-15 18:08:00] Por isso, nas universidades, as "xerox" só vendem um capítulo por vez?
[2017-02-15 18:08:23] Sim
[2017-02-15 18:08:52] Você vai lá, copia um capítulo, depois o outro, depois o outro e por ai vai.
[2017-02-15 18:09:32] Não faz sentido, cara... se ele copiar o livro todo e apenas "parcelar" a venda. Éum absurdo isso! Por isso que o Copyright tem um problema insolucionável nas mãos, porque, olha... ¬¬
[2017-02-15 18:11:08] photo: /home/felipe/devel/github_tvdstaaij/telegram-history-dump/output/media/Garoa_Hacker_Clube_(Público)/download_803721303_76773.jpg
[2017-02-15 18:12:27] Tdo muito subjetivo. Chega a ser engraçado
[2017-02-15 18:12:39] É trágico!
[2017-02-15 18:16:24] Tem que se pensar assim, se meu material não foi copiado é porque ele é ruim! hahaha
[2017-02-15 18:17:02] photo: /home/felipe/devel/github_tvdstaaij/telegram-history-dump/output/media/Garoa_Hacker_Clube_(Público)/download_803113789_6341.jpg
[2017-02-15 18:17:03] photo: /home/felipe/devel/github_tvdstaaij/telegram-history-dump/output/media/Garoa_Hacker_Clube_(Público)/download_803118488_6252.jpg
[2017-02-15 18:18:03] E a galera ainda não entende que o Copyright protege quem vende a cópia "oficial" e não o autor. ¬¬
[2017-02-15 18:18:36] A treta é grande... não chegamos no ponto TRETA da história ainda... aguardem...
[2017-02-15 18:18:48] Exato! O autor deve ganhar o que? Merreca por cada livro vendido.
[2017-02-15 18:19:21] Igual quando alguém copia os meus vídeos para usar em sala de aula, é uma baita honra.
[2017-02-15 18:19:51] Agora a treta:
[2017-02-15 18:19:57] photo: /home/felipe/devel/github_tvdstaaij/telegram-history-dump/output/media/Garoa_Hacker_Clube_(Público)/download_803709692_44066.jpg
[2017-02-15 18:20:22] photo: /home/felipe/devel/github_tvdstaaij/telegram-history-dump/output/media/Garoa_Hacker_Clube_(Público)/download_532577039920667540.mp4
[2017-02-15 18:21:09] Felipe, com fins lucrativos ai já é problema. Copiar para depois revender é complicado, nesse ponto, já não concordo.
[2017-02-15 18:22:59] PQP!!!!!
[2017-02-15 18:23:41] pois é...
[2017-02-15 18:24:49] Mas cara, não adianta. O "problema" só será resolvido se voltarmos a utilizar a prensa de guttemberg e manter o controle (censura) com o governo. 😜
[2017-02-15 18:26:08] Hoje, TODOS NÓS temos um estúdio de gravação em nossos bolsos. Uma "prensa" em casa ou no trabalho, e uma cópia à 0,10 na esquina.. é impossível, cara. 😜
[2017-02-15 18:29:57] As origens das leis de direito autoral estão na Inglaterra de 1710, onde o povo não tinha a habilidade de fazer cópias (então era absolutamente trivial abrir mão de um direito que não era plausível de ser posto em prática), mas podia se beneficiar dos incentivos criados pela lei (maior produção literária). Hoje em dia a situação é muito diferente e, portanto, faz-se necessário re-negociar as regras do jogo para adequá-lo ao que faz sentido para a sociedade nesta nova realidade.
[2017-02-15 18:30:42] Exatamente.
[2017-02-15 18:38:21] Tal qual a indústria fonográfica, a questão passa pelo modelo de negócio obsoleto...
[2017-02-15 18:40:36] Não é mais necessário uma empresa concentrar, estocar e controlar a distribuição de livros, música, filmes e artigos científicos.
[2017-02-15 18:43:04] E uma nuance dessa treta toda recai sobre um tema muito importante para nós da computação: Se os computadores são máquinas universais de copiar, a reação natural de quem não quer que sejam feitas cópias é distorcer o design das máquinas para revertê-las a meros eletro-domésticos de uso específico (Set-Top-Box de TV Digital, DVR que não grava algumas coisas, etc, etc, etc...) Mas o grande valor do computador na sociedade moderna é justamente o fato de ser uma máquina programável universal. E o computador universal é constantemente posto em risco (por DRM via hardware, arquiteturas defeituosas por desing, etc) para satisfazer as demandas das indústrias de música, cinema e, ironicamente, software.
[2017-02-15 18:43:54] Estas empresas estão perdendo sua função técnica e social. Já eram. A questão é o que por no lugar para que os autores sejam devidamente remunerados pelo trabalho.
[2017-02-15 18:44:36] http://boingboing.net/2012/08/23/civilwar.html
[2017-02-15 18:44:50] alguem com um nobreak funcionando querendo vender?
[2017-02-15 18:50:16] Não tenho nada a ver com isso... Me tira dessa Fita aí! #Guttenberg
[2017-02-15 18:56:12] Tem duas empresas, a Packt e a Tradepub que distribuem livros de graça (ou quase) e como contrapartida vão montando profiling da sua conta. Um pouco como as músicas, que estão perdendo o valor como obra em si (por modos  diferentes) e tudo de bom e de ruim que isso acarreta.
[2017-02-15 18:56:52] Olá pessoal
[2017-02-15 18:57:16] O "quebrando o cerco" acabou? Eu fiquei um tempo impedido de ir em função do trabalho
[2017-02-15 19:00:00] 👆leitura essencial
[2017-02-15 19:02:10] galera, anuidade do garoa vence esse mês, ne
[2017-02-15 19:02:33] sim
[2017-02-15 19:02:54] tem a conta fácil ai?
[2017-02-15 19:04:48] Neste mês em especial é possível pagar uma anuidade de associado(a). Pagando a anuidade você ajuda a manter o caixa do Garoa para os meses seguintes. As anuidades tem o desconto de duas mensalidades. Os valores são de R$700,00
O pagamento deve ser feito por depósito bancário para a conta corrente do Garoa Hacker Clube:

Banco 341 (Itaú)
Agência 0609-2
Conta 01777-7
CNPJ 14124685000192
Titular Garoa Hacker Clube
[2017-02-15 19:05:19] (700 é o valor com desconto)
[2017-02-15 19:05:43] Nunca! Esse sábado teremos nosso encontro sobre Nmap
[2017-02-15 19:35:56] pitanga, nao manda na conta nao
[2017-02-15 19:39:11] document: /home/felipe/devel/github_tvdstaaij/telegram-history-dump/output/media/Garoa_Hacker_Clube_(Público)/download_803117940_6147.jpg
[2017-02-15 19:50:58] Pessoal, só vi agora as mensagens. falei com o @Fabiohirano encomendei aqui do garoa. Só vi agora que vcs falaram. Já chegou a coroa dá Python Brasil
[2017-02-15 19:51:33] photo: /home/felipe/devel/github_tvdstaaij/telegram-history-dump/output/media/Garoa_Hacker_Clube_(Público)/download_803119124_6269.jpg
[2017-02-15 19:51:42] Valeu @samukasmk
[2017-02-15 19:55:34] photo: /home/felipe/devel/github_tvdstaaij/telegram-history-dump/output/media/Garoa_Hacker_Clube_(Público)/download_804206049_8266.jpg
[2017-02-15 20:21:39] Pessoal. Já chegou
[2017-02-15 20:21:48] photo: /home/felipe/devel/github_tvdstaaij/telegram-history-dump/output/media/Garoa_Hacker_Clube_(Público)/download_803113064_6712.jpg
[2017-02-15 20:22:19] Obrigado Samuka! =)
[2017-02-15 20:23:57] 👍
[2017-02-15 21:06:02] boa escolha samuka
[2017-02-15 23:15:48] 👍
