[2017-04-18 01:25:59] porra, isso aqui é legal https://transfer.sh
[2017-04-18 02:08:52] Favoritado! Valeu!! Bora testar (tem limite de up/down?)
[2017-04-18 02:23:21] legal mesmo
[2017-04-18 02:25:31] Legal, só não inventa de enviar informação sensível... Rs
[2017-04-18 02:31:12] putz, achei que era para guardar minhas senhas
[2017-04-18 02:32:13] no slackware aqui deu umas zicas na funcaozinha, botei mais uns X a mais no tmpfile e um echo no final para pular uma linha
[2017-04-18 06:42:48] GitHub - robertfoss/audio_shop: Your frinedly neighbourhood script for mangling images using audio editing tools
https://github.com/robertfoss/audio_shop/
[2017-04-18 07:19:03] Lembrete: Hoje tem reunião do CMC no garoa
[2017-04-18 07:25:26] eitchaaaa hj
[2017-04-18 07:33:08] 3a 3a do mês
[2017-04-18 10:50:00] https://garoa.net.br/wiki/Jupyter_Notebooks atualizei la com uns links uteis =)
[2017-04-18 10:54:10] Vou no Garoa
[2017-04-18 10:56:49] Legal Jéssica, não pude ir, fui lendo sobre, parece bem legal
[2017-04-18 11:01:51] Vamos ter uma turma 2, Srta @jtemporal ?
[2017-04-18 11:24:32] Apoiado
[2017-04-18 11:59:54] Podemos ter... Sugestão de datas para mês q vem?
[2017-04-18 12:28:19] Qualquer fim de semana que não o de 20/21 de maio (BSides SP) acho que funciona bem.
[2017-04-18 12:31:53] 20/21 - BSides
27 - Quebrando o Cerco
dia 13 temos Matematicos, @Fabiohirano ?
Domingo fica muito ruim para todos?
[2017-04-18 12:32:32] pre agendamos para dia 6, então?
[2017-04-18 12:33:02] Não eu estarei na pyse e tem cryptorave
[2017-04-18 12:33:11] De 3 a 10 de maio no posso
[2017-04-18 12:33:18] Tem q ser dps
[2017-04-18 12:33:25] Sem matemáticos
[2017-04-18 12:33:47] 13 então ?
[2017-04-18 12:35:54] Verdade... Também estarei
[2017-04-18 12:36:28] Dia 13 tem a Oficina de Cutelaria do Vitor, o dia todo
[2017-04-18 12:36:53] 14? 28?
[2017-04-18 12:41:08] 14 eh dia das mães vou passar com a minha rs
[2017-04-18 12:41:40] Verdade! rs
[2017-04-18 12:43:01] 3/6?
[2017-04-18 12:44:01] Pretendo fazer TOEFL nesse dia hahaha 10/06?
[2017-04-18 12:45:11] hauahuahauhau
[2017-04-18 12:45:32] 10/6
[2017-04-18 12:48:00] Como coloca na agenda do garoa?
[2017-04-18 12:53:19] só editar o "Prox Atividades" na home e inserir
[2017-04-18 12:53:51] Vc criou uma página para o desse fds? Poderia editar e colocar a data lá tbm
[2017-04-18 13:14:30] Dia 7/5 15h - Ethereum e smart-contracts - ainda vou criar a página, mas pra já avisar, tá marcado
[2017-04-18 13:14:55] Ae \o/
[2017-04-18 13:15:49] Levem o note q provavelmente vamos rodar um Blockchain privado, criar uns contratinhos e coisas do tipo
[2017-04-18 13:16:07] Seria boa idéia escrever na lista de emails também.
[2017-04-18 13:16:28] Podexa
[2017-04-18 13:26:01] Tá! Mais tarde eu já vejo isso então :)
[2017-04-18 13:26:41] Ansioso! \o/
[2017-04-18 13:49:58] Tá, fui trouxa, desculpe, não brinco mais
[2017-04-18 13:54:20] Ah q desnecessário
[2017-04-18 13:55:22] +1
[2017-04-18 13:55:30] \o/
[2017-04-18 13:55:33] Sorry
[2017-04-18 13:57:42] Ê, Guisso... ¬¬
[2017-04-18 14:01:00] Gente, não poderei ir na reunião do CMC hoje, pois já tenho outro compromisso marcado.

Happy hacking! 😎
[2017-04-18 14:02:03] document: /home/felipe/devel/github_tvdstaaij/telegram-history-dump/output/media/Garoa_Hacker_Clube_(Público)/download_694481660414001313.webp
[2017-04-18 14:02:08] O q eh CMC?
[2017-04-18 14:02:39] Conselho Manda Chuva
[2017-04-18 14:02:55] Reunião mensal para deliberar sobre assuntos do HS
[2017-04-18 14:02:58] Pingou esse desenho né?
[2017-04-18 14:03:13] Aham
[2017-04-18 14:03:22] Hs?
[2017-04-18 14:03:39] Haha Belo nome!
[2017-04-18 14:04:06] Hacker Space
[2017-04-18 14:04:07] Adorava ver isso, nossa
[2017-04-18 14:05:30] Aaah okay valeuu diminui meu grau de noobeza
[2017-04-18 14:06:31] ;)
[2017-04-18 16:33:19] Ola boa tarde gostaria de rodar un script php com consulta a banco de dados direto no meu Android ... Alguém recomenda algum bom e leve
[2017-04-18 17:07:40] pessoal, alguem querendo fazer um bico em drupal para um grupo de pesquisa aqui do IME-USP?
[2017-04-18 17:38:44] /me@jackbot
[2017-04-18 17:38:45] Ronilson
You've sent 16 (0%) messages and this group has 27063 messages.
[2017-04-18 17:51:52] /me@jackbot
[2017-04-18 17:51:52] !g0r
You've sent 228 (0%) messages and this group has 27064 messages.
[2017-04-18 18:16:42] Galera
[2017-04-18 18:16:57] Alguém sabe como funciona essa mágica, além da tag nfc?
[2017-04-18 18:17:50] document: /home/felipe/devel/github_tvdstaaij/telegram-history-dump/output/media/Garoa_Hacker_Clube_(Público)/download_5166144190144315395
[2017-04-18 18:18:02] Eu vou abrir um sensor para ver uma hora
[2017-04-18 18:57:24] Make Your Own High Quality CO2 Lasercutter! With Touch Control! - All
http://www.instructables.com/id/Make-Your-Own-High-Quality-CO2-Lasercutter-With-To/?utm_source=newsletter&utm_medium=email
[2017-04-18 19:12:23] @jtemporal ficou para dia 10/6 então?  a confirmar ainda, ou confirmado?
[2017-04-18 19:52:23] Bem, adicionei la na wiki https://garoa.net.br/wiki/Proximos_Eventos
[2017-04-18 21:11:43] Avelino joined
[2017-04-18 21:11:43] Hi One Time Pad !
[2017-04-18 21:40:04] A caminho com a Cabify! Seguir a minha viagem em tempo real https://cabify.com/j/74e338cp
[2017-04-18 21:43:13] Sim! Dps eu coloco horário lá, aconteceu um imprevisto não deu pra atualizar a agenda como eu queria hj :/
[2017-04-18 21:43:19] Obrigada :)
[2017-04-18 21:46:24] http://produto.mercadolivre.com.br/MLB-764903851-pia-de-inox-180-metro-medidas-1800x540mm-_JM
[2017-04-18 22:00:23] Alguém conheço algum grupo do Telegram que o assunto é Machine Learning?
[2017-04-18 22:06:11] acho que o @vmesel ia montar um...
[2017-04-18 22:12:30] O DQ tá por aqui?
[2017-04-18 22:12:38] Sou um grande fã do blog dele
[2017-04-18 22:17:19] Haaaaa valeu.... vou falar com ele.
Faz tempo que não vejo ele escrevendo por aqui...
[2017-04-18 23:36:02] document: /home/felipe/devel/github_tvdstaaij/telegram-history-dump/output/media/Garoa_Hacker_Clube_(Público)/download_328774854541050125.webp
[2017-04-18 23:46:53] @Alceluiz
[2017-04-18 23:52:32] document: /home/felipe/devel/github_tvdstaaij/telegram-history-dump/output/media/Garoa_Hacker_Clube_(Público)/download_272479773299572978.webp
