[2016-07-18 00:33:19] começou agora o streaming na NasaTV
[2016-07-18 00:33:35] o lançamento em si é daqui 1h e 15min
[2016-07-18 00:33:41] aproximadamente
[2016-07-18 00:33:55] e o pouso 10 minutos depois
[2016-07-18 00:34:19] e o webcast da spacex começa 20 minutos antes do lançamento
[2016-07-18 07:01:02] Ahmes: Uma CPU em VHDL - Por Fábio Pereira https://t.co/4vLBnG22kx https://t.co/F8AKw6ZDf0
[2016-07-18 09:51:00] SoftBank anuncia a compra da ARM em uma transação de $32 bilhões https://t.co/PKPj4HmFUS https://t.co/Nel2MJJKSE
[2016-07-18 15:32:31] Lembrete: teremos Reunião do CMC amanhã, 3a feira (19/07): https://garoa.net.br/wiki/Reuni%C3%A3o_de_19/07/2016
[2016-07-18 15:43:08] Qual eh aquele link que mostra o rank das linguagens mesmo?
[2016-07-18 23:05:49] uns colegas da prefeitura pediram sugestoes ideias etc para a  informatica da cidade
[2016-07-18 23:06:27] telecentros fablabs wifi nas ruas sei la mais o que
[2016-07-18 23:06:40] cultura digital etc
[2016-07-18 23:07:19] eu sugeri chamar a gente para instalar blinkenlights num edificio :)
[2016-07-18 23:14:16] Mais wifi livre seria ótimo
[2016-07-18 23:15:19] acho que mais dados abertos tambem
[2016-07-18 23:15:25] Sim
[2016-07-18 23:15:31] E sites que funcionem
[2016-07-18 23:16:03] Não sei quanto os da prefeitura, mas geralmente sites de órgãos públicos são horríveis
[2016-07-18 23:16:07] E apps também
[2016-07-18 23:17:25] que prefeitura mike, desculpe perguntar.
[2016-07-18 23:17:53] sampa mesmo
[2016-07-18 23:18:15] beleza,brigado
[2016-07-18 23:18:53] E as atividades nos fablabs Mike, quando vai rolar?
[2016-07-18 23:19:05] creio que vai ser sobre a inclusao digital, telecentros, fablab,s wifi livre, comunidades de cultura digital, software livre, etc
[2016-07-18 23:19:49] o projeto de wifi SP não iria ampliar? ou a crise não deixou? sabe me dizer isso?
[2016-07-18 23:21:33] a verba para isso acabou, estavam tentando ver parcerias com varios grupos para como poderia expandir
[2016-07-18 23:21:58] saquei, brigado
[2016-07-18 23:23:10] fui num bate-papo tempos atras onde buscavam parcerias com entidades privadas para pagar por mais pontos de wifi
[2016-07-18 23:23:45] houve pedidos de empresas para colocar propagandas, e isso trouxe oposicao de alguns grupos
[2016-07-18 23:24:49] sou contra também
[2016-07-18 23:25:07] nos telefones públicos de NY deu ruim
[2016-07-18 23:50:00] pois é mas o governo só consegue bancar tudo até um certo ponto
[2016-07-18 23:50:52] sim
