[2016-11-26 00:12:33] no python3 é diferente ?
[2016-11-26 00:35:07] Sim, o Python 3 adotou o padrão Unicode, e há tipos distintos para bytes (byte, bytearray) e strings (str), dá uma olhada nestes dois links, que explicam melhor:

http://eli.thegreenplace.net/2012/01/30/the-bytesstr-dichotomy-in-python-3

http://python3porting.com/problems.html#bytes-strings-and-unicode
[2016-11-26 01:14:33] photo: /home/felipe/devel/github_tvdstaaij/telegram-history-dump/output/media/Garoa_Hacker_Clube_(Público)/download_34999035660075108.jpeg
[2016-11-26 08:13:03] juro q pensei ontem em fazer uma do garoa, só me faltou a grana
[2016-11-26 09:28:53] Também pensei !
[2016-11-26 09:34:07] vamos, fazer perto da marquinha do biquíni?
[2016-11-26 09:35:06] Aí eu quero tb
[2016-11-26 09:35:20] Eu topo
[2016-11-26 10:07:04] tem alguma promoção boa por aí de arduinos?
[2016-11-26 10:07:05] Sou naturalista, não tenho marquinhas
[2016-11-26 10:07:44] dá para a gente comprar 100 arduinos ou esp8266 em algum lugar a preço de banana hoje?
[2016-11-26 10:11:37] Aliexpress
[2016-11-26 10:11:55] Compra hoje, mas a entrega...
[2016-11-26 10:22:48] 😂😂😂
[2016-11-26 10:31:38] gente, eu li naturista....
[2016-11-26 10:33:20] Era naturista... Maldito corretor
[2016-11-26 10:34:36] Corretor mental
[2016-11-26 10:37:25] Eu também sou naturista, mas acabo com uma baita sombra nas pernas.
[2016-11-26 10:59:30] E que esse naturismo todo nada tenha haver com o hacker camp de janeiro... pls!
[2016-11-26 10:59:57] Hauhauhau
[2016-11-26 11:00:01] Pensei nisso
[2016-11-26 11:00:33] Todo mundo "Natural na Natureza"
[2016-11-26 11:00:36] Hehehe
[2016-11-26 11:01:10] é inviável... tem muito pernilongo
[2016-11-26 11:01:42] Vai ter Hacker Camp em janeiro?
[2016-11-26 11:03:16] Tamo organizando
[2016-11-26 11:03:29] Legal hein, que datas?
[2016-11-26 11:03:36] oloko
[2016-11-26 11:04:03] Aproveitar o feriado em SP dia 25
[2016-11-26 11:06:28] Ah
[2016-11-26 11:06:59] Onde vai ser?
[2016-11-26 11:57:57] Já tenho uma borboleta lá. Posso fazer o guarda-chuva numa das nadegas
[2016-11-26 11:59:11] Bora fazer uma atividade naturista no garoa!?
[2016-11-26 11:59:26] Estamos trabalhando nisso. Sugestões?
[2016-11-26 12:00:23] Q tal 1 sabado por mês?
[2016-11-26 12:01:07] Qual vai ser o nome?
[2016-11-26 12:01:24] Hacking Naked?
[2016-11-26 12:01:43] Os cara nem avisa
[2016-11-26 12:02:36] A gente te convida para o Hack Naked
[2016-11-26 12:02:57] Precisa levar alguma coisa? ou só chegar?
[2016-11-26 12:03:15] Quanto menos levar, melhor
[2016-11-26 12:03:19] acho bom não levar roupa
[2016-11-26 12:03:37] Acho bom ir de roupa
[2016-11-26 12:03:37] será que dá problema se fizer algo do tipo no Dumont?
[2016-11-26 12:03:40] Tira lá
[2016-11-26 12:03:53] Primeira regra, ninguém leve lupa, n quero ninguém me olhando
[2016-11-26 12:04:18] Pensei q o Oda ia dizer isso
[2016-11-26 12:07:00] 😂😂😂
[2016-11-26 13:14:26] Interessante como se acha todo tipo de coisa prática na Sta Efigênia
[2016-11-26 13:14:40] Vi uma loja hoje vendendo tênis sem par
[2016-11-26 13:48:34] No mercado livre
[2016-11-26 13:48:34] Vendem a preço de banana
[2016-11-26 13:48:34] Menor preço
[2016-11-26 13:48:34] Sem ser la só direto do paraguai pra chegar rapido
[2016-11-26 13:48:34] Santa Efigênia ja se foram os tempos la so tem explorador pior preço
[2016-11-26 13:50:12] Tem um esquema nos anúncios que vendem como usado o produto pra nao pagar taxa e a pessoa vende mais de 100 esp8266 a preço de banana
[2016-11-26 14:07:46] Marcos Gaiamu GNU joined
[2016-11-26 14:07:47] Hi Marcos e !
[2016-11-26 14:08:14] Bom dia pessoal
[2016-11-26 14:25:32] Como será que os índios, que moram na floresta cheia de mosquito, evitam os pernilongos? 🤔
[2016-11-26 14:53:18] Isso pode ajudar
[2016-11-26 14:53:23] http://letmegooglethat.com/?q=Como+os+%C3%ADndios+evitam+pernilongos
[2016-11-26 14:54:29] De nada!
[2016-11-26 14:59:28] raquete elétrica
[2016-11-26 14:59:38] hehehe
[2016-11-26 15:10:17] http://letmegooglethat.com/?q=How+to+be+awesome+to+others
[2016-11-26 15:28:40] document: /home/felipe/devel/github_tvdstaaij/telegram-history-dump/output/media/Garoa_Hacker_Clube_(Público)/download_295461387386224646.mp4
[2016-11-26 17:26:26] Fazem acordo de paz.
[2016-11-26 18:58:03]  joined
[2016-11-26 18:58:04] Hi Eli !
[2016-11-26 19:10:02] Sabem o que eu não achei na Sta? As lojas de sucata que a galera fala. Quando eu fui só achei uma, que deu para comprar umas caixinhas maneiras. Também comprei uma tesoura em uma em frente a Mult mas era muuuuito careira
[2016-11-26 19:40:40] Muitas fecharam
[2016-11-26 19:41:10] Me lembro que na Gusmões, fechou tipo 3 em dois meses
[2016-11-26 20:43:34] Tem varias ainda
[2016-11-26 20:43:38] Mas tem que andar
[2016-11-26 20:43:46] Não tem mais tudo em uma rua só
[2016-11-26 21:02:03] preciso achar tbm
[2016-11-26 23:19:21] Eduardo Spanó joined
[2016-11-26 23:19:21] Hi Eduardo !
[2016-11-26 23:21:23] Boa noite! Trabalho na TI secretaria municipal de educação
