[2017-02-12 00:01:50] Não temos partidos socialistas ou comunistas no Brasil, de fato. Os que se dizem de Esquerda são de "Centro-Esquerda".
A Esquerda no Brasil, de fato, são de militantes, não partidos...
[2017-02-12 00:14:46] Eu ainda sou Padawan...
[2017-02-12 00:17:45] Quer inovar na sua empresa?  Fazemos um hackathon para você achar mão de obra de trouxas!
[2017-02-12 00:17:49] http://simplez.com.br/software-gestao-inovacao
[2017-02-12 00:19:22] Esses caras não deveriam existir
[2017-02-12 00:26:36] si fueron militarios ya pudieron tomar el gobierno pero no lo hacen.pero creo que 20 milliones votes tienen los izquierdos entonces pudieron hacer la revolucion si lo van a querer de verdad
[2017-02-12 00:28:29] Mas tu é Jedi em NodeMCU
[2017-02-12 09:20:45] Allê Breezy joined
[2017-02-12 09:20:46] Hi Allê !
[2017-02-12 09:23:48] Alguem me passa um APP bom pra root
[2017-02-12 11:22:38] Alguém vai pro Garoa hj?
[2017-02-12 12:10:26] 👏🏻👏🏻👏🏻🙌🏻
[2017-02-12 12:51:00] Eu vou comer algo depois vou lá falar do carnanahacking carnahackathon
[2017-02-12 13:10:51] Explica melhor, por favor.
[2017-02-12 13:12:14] Quero um aplicativo pra fazer root em um Alcatel
[2017-02-12 13:20:24] com qual finalidade ?
[2017-02-12 13:20:45] photo: /home/felipe/devel/github_tvdstaaij/telegram-history-dump/output/media/Garoa_Hacker_Clube_(Público)/download_804206617_7185.jpg
[2017-02-12 13:21:40] Preciso falar?
[2017-02-12 13:40:43] não precisa. Mas se quiser continuar um diálogo, parece que é a sua vez de falar
[2017-02-12 14:38:12]  joined
[2017-02-12 14:38:13] Hi Arthur !
[2017-02-12 14:45:23] Bom dia, talvez isso não seja plenamente de acordo com o intuito do grupo mas, alguém conhece um bot que permita-me conseguir curtidas em um comentário do facebook?
[2017-02-12 14:45:23] Hoje um cara veio fazer uma palestra na minha escola, aí ele fez uma promoção: quem conseguir mais curtidas comentando um post específico dele ganharia 50 reais.
[2017-02-12 14:45:23] Estou disposto a pagar um boleto de até 25 reais pra quem me ajudar.
[2017-02-12 14:49:37] Parabéns 👏👏👏👏👏
[2017-02-12 14:53:18] Créditos para Thomas (o francês), @TuTuBarao , Afonso e @tamysguimaraes
[2017-02-12 14:54:49] document: /home/felipe/devel/github_tvdstaaij/telegram-history-dump/output/media/Garoa_Hacker_Clube_(Público)/download_446404499720896621.webp
[2017-02-12 15:05:11] document: /home/felipe/devel/github_tvdstaaij/telegram-history-dump/output/media/Garoa_Hacker_Clube_(Público)/download_1842540969984066.webp
[2017-02-12 15:32:01] Alguém com um alicate de crimpar quer fazer uma boa ação e me ajudar com um cabo na casa dos meus pais? Tipo terça à noite? Convido para uma cerveja depois no Geek's Beer perto do metrô Sumaré.
[2017-02-12 15:40:06] ...
[2017-02-12 15:40:43] Allê Breezy, existem usos legítimos para "aplicativo para root em celular". Mas também existem usos maliciosos e até mesmo ilegais. Não está claro para mim em qual dos dois casos o seu pedido se encaixa, mas a sua aparente indisposição para conversar em mais detalhes sobre suas 
motivações me faz crer que possa ser um uso ilegal (ou malicioso). Por favor, leia o FAQ do Garoa para entender o propósito do nosso clube:  https://garoa.net.br/wiki/FAQ#Hackers
[2017-02-12 15:50:06] paciencia demais kkk
[2017-02-12 15:51:04] Concordo
[2017-02-12 15:53:50] Eu tenho
[2017-02-12 15:54:13] Posso te emprestar :)
[2017-02-12 15:58:58] Legal Muriel! Vou DM
[2017-02-12 16:00:38] Allê Brisado, dessa vez você dançou...
[2017-02-12 16:01:12] Usuário Allê Breezy removido do grupo.
[2017-02-12 16:04:27] Não
[2017-02-12 16:05:13] Não
[2017-02-12 16:09:26] Arthur, sua intuição estava certa. Aqui nós não apoiamos fraudes. Se quiser conhecer mais sobre o Garoa Hacker Clube e as atividades que promovemos, assim como os valores de Ética Hacker que promovemos, pode dar uma olhadinha no nosso website em garoa.net.br E para entender sobre a sua falha de conduta pode consultar nosso FAQ em https://garoa.net.br/wiki/FAQ#Hackers
[2017-02-12 16:11:28] photo: /home/felipe/devel/github_tvdstaaij/telegram-history-dump/output/media/Garoa_Hacker_Clube_(Público)/download_803110480_23040.jpg
[2017-02-12 16:15:49] Juca, teve algum progresso na máquina do SF2?
[2017-02-12 16:16:01] Fez aniversário estes dias e bateu saudade do fliper
[2017-02-12 16:16:47] Ainda tenho esperança de um dia a pancadaria rolar solta no garoa num campeonato de SF2 arcade :D
[2017-02-12 16:18:58] A placa de vídeo tá falhando. Da primeira vez a gente conseguiu fazer voltar a funcionar, mas depois falhou de vez
[2017-02-12 16:19:02] eu não mexi mais depois
[2017-02-12 16:20:29] document: /home/felipe/devel/github_tvdstaaij/telegram-history-dump/output/media/Garoa_Hacker_Clube_(Público)/download_405934178236891355.webp
[2017-02-12 16:21:11] Se fosse Software eu me candidataria pra resolver. Mas hardware --> =(
[2017-02-12 17:08:54] o jeito é colocar um rpi
[2017-02-12 17:10:07] Só se for pra resolver o problema da placa de vídeo especificamente. Eu não sou fã de emular se tem 99.9% do hardware original.
[2017-02-12 17:10:22] IMHO, claro.
[2017-02-12 17:10:26] ai que tá precisamos dele funcionand pra se divertir mesmo
[2017-02-12 17:10:51] enquanto isso tira a placa e tentar fazer funcionar fora do case
[2017-02-12 17:11:28] o nosso pebolim ta todo zoado, ontem colaram 1 bonequinho com araudite pra ve se melhorar, mas ta todo penso.. fora isso nao temos nada pra diversão em duas+ pessoas
[2017-02-12 17:13:24] :/
[2017-02-12 17:20:42] o jeito é fazer uma vaquinha e comprar uma placa jamma boa. tem num grupo do facebook uma street fighter 2 por 200 reais
[2017-02-12 17:21:29] só pra ficar claro, o arcade não é do Garoa, é meu. Mas se quiserem usar ele não tem problema
[2017-02-12 17:22:04] Mas se fizer vaquinha a placa é do Garoa
[2017-02-12 17:22:04] só que eu não quero detonar o chicote jamma pra meter um rpi lá
[2017-02-12 17:22:16] sem problema quanto a isso
[2017-02-12 17:22:29] Melhor doar logo pró Garoa e focar de boa sem burocracia
[2017-02-12 17:22:40] eu gastei dinheiro comprando esse arcade
[2017-02-12 17:23:04] E o garoa gasta espaço kkk
[2017-02-12 17:23:15] Porisso é doação
[2017-02-12 17:23:36] eu só não quero que nego aregaçe o chicote botando um rpi
[2017-02-12 17:23:56] se quiser jogar não tem problema
[2017-02-12 17:24:07] se quiser botar uma outra placa jamma no lugar da que tá com defeito, não tem problema
[2017-02-12 17:24:20] se quiser botar um rpi com adaptador de jamma tmb nao tem problema
[2017-02-12 17:24:27] só não estraga um arcade de verdade, por favor
[2017-02-12 17:24:41] Ngm vai mexer sem falar ctg
[2017-02-12 17:24:45] 😊
[2017-02-12 17:25:04] A questao é que precisamos de algo funcionando pro povo usar
[2017-02-12 17:25:16] Nem que seja um SNES no projetor
[2017-02-12 17:25:16] é só arregaçar as mangas e fazer
[2017-02-12 17:25:51] "É só"
[2017-02-12 17:25:56] pois é...
[2017-02-12 17:28:22] Bingo!!
[2017-02-12 17:28:29] "é só". Tipo assim. Gostei dessa sua atitude. Tenho certeza que faremos muito mais coisas espontaneamente no Garoa.
[2017-02-12 17:31:19] Para oq precisar estamos juntos
[2017-02-12 18:00:18] +1
[2017-02-12 18:01:25] -1
[2017-02-12 18:01:59] hahahaha
[2017-02-12 18:02:21] o que precisa para ligar videogame velho no projetor?
[2017-02-12 18:03:27] acho que o nosso ate tem entrada vga... precisa ver tb a distancia para os controles
[2017-02-12 18:03:38] +1
[2017-02-12 18:06:18] Dá pra ligar um RPi direto no projetor, com uma porrada de emulador. Não é a mesma vibe, mas quebra um galho
[2017-02-12 18:28:33] Alguém aí usa Linux num PowerPC G4 pra me dar recomendação de distro?
[2017-02-12 18:43:42] E ai pessoal beleza?
[2017-02-12 18:44:51] estava navegando aqui nas entranhas da web e tive um contato com satan mas não tenho coragem de testar o estrago dele.
[2017-02-12 18:45:00] alguem tem uma VM de responsa para testar ?
[2017-02-12 18:45:50] meu pc é bem dinossauro e não comporta VM
[2017-02-12 18:47:37] cual ahora OS es mas seguro?
[2017-02-12 18:52:02] mas ai precisa do controle, ne?
[2017-02-12 18:52:07] bora comprar?
[2017-02-12 18:54:50] tem uns caras vendendo por +- 200 reais o individual
[2017-02-12 18:57:29] http://produto.mercadolivre.com.br/MLB-807442283-controle-arcade-duplo-kof01-usb-pcps3-_JM
[2017-02-12 18:57:44] a gente pode deixar embutido numa das mesas da sala multiuso
[2017-02-12 19:01:31] qual é o sistema operacional mais seguro agora?
[2017-02-12 19:03:52] Compila uma com Yocto ^^
[2017-02-12 19:04:11] da pra olhar o face?
[2017-02-12 19:05:37] Aí depende
[2017-02-12 19:05:59] Minha chall ta on lá, mate se puder (não no face, la no interno)
[2017-02-12 19:11:05] vixe!
[2017-02-12 19:26:29] Pra quem esta antenado o Satan ou Satan2 é um novo Ramsomware Vietnamita que ainda não tem vacina e talvez nunca tenha pois todas ações com ele são feitas sem que o arquivo infectante seja encaminhado aos servidores de AV. Sempre é usado um AVkill antes do ataque.
[2017-02-12 19:28:07] Com muita pesquisa e alguns contatos em inglês consegui um exemplar dele... mas não sei como testar o estrago sem uma VM.
[2017-02-12 19:28:28] Alguem disposto ao teste ?
[2017-02-12 19:46:40] esses makers que compram controle de arcade pronto..
[2017-02-12 19:49:55] photo: /home/felipe/devel/github_tvdstaaij/telegram-history-dump/output/media/Garoa_Hacker_Clube_(Público)/download_803114342_4840.jpg
[2017-02-12 19:50:18] Sim, mas deixo para mãos mais capacitadas
[2017-02-12 19:50:28] inclusive ta presisando de uma solda...
[2017-02-12 19:50:50] montar o controle é fácil
[2017-02-12 19:51:10] eu posso fazer a eletrônica numa boa, mas preciso de alguém pra ajudar na marcenaria se for de madeira
[2017-02-12 19:51:19] já vi controles assim montados em tupperware, então...
[2017-02-12 19:51:46] photo: /home/felipe/devel/github_tvdstaaij/telegram-history-dump/output/media/Garoa_Hacker_Clube_(Público)/download_803112145_4896.jpg
[2017-02-12 19:57:03] E você está tentando desenvolver uma vacina?
[2017-02-12 19:59:01] eu tenho uma serra copo de 29mm, e sei usar
[2017-02-12 19:59:16] agora furadeira eh outra historia
[2017-02-12 19:59:29] mutirão de montar controles de arcade no garoa
[2017-02-12 19:59:43] acho que tem serra copo e com certeza tem algo que se passa por furadeira no garoa
[2017-02-12 19:59:46] eu só nunca usei
[2017-02-12 20:00:06] leva teu controle também que dou um tapa na solda
[2017-02-12 20:00:22] se marcar direitinho todo mundo sai com controle de arcade
[2017-02-12 20:02:10] makers comprariam um kit, eu sou eh preiboi
[2017-02-12 20:02:23] tenho dinheiro pr'isso não
[2017-02-12 20:03:19] vaquinha, po
[2017-02-12 20:04:42] que seja 300 reais, nao tem uma 15 pessoas que dariam vintao?
[2017-02-12 20:04:56] tô dizendo pra montar uma pra mim haha
[2017-02-12 20:05:01] não pro garoa
[2017-02-12 20:09:52] photo: /home/felipe/devel/github_tvdstaaij/telegram-history-dump/output/media/Garoa_Hacker_Clube_(Público)/download_803721371_75173.jpg
[2017-02-12 20:14:07] Sobre curso de solda, posso ajudar trabalhei um tempo como caldeireiro e sei soldar posso ajudar
[2017-02-12 20:17:11] Eu tenho em um MacBook com Ubuntu 16.04 LTS... facilitou colocar um 
 HD SSD zerado e dar boot no pen drive.
[2017-02-12 20:26:35] Legal. Mac mini do meu pai. Não tem nem um browser decente no os original :P
[2017-02-12 20:28:28] Os botões estão saindo por +- R$100 no ML.

No garoa tem algumas furadeiras, uma furadeira vertical e serra copo.

O que fica faltando é alguma boa ferramenta/serra para cortar a madeira para a "caixa" do controle.
[2017-02-12 20:29:42] tem uma serra tico tico em algum lugar no garoa, mas não sei se está funcionando, e pelo que sei está sem a serra
[2017-02-12 20:30:02] esse seria um projeto legal para o carnaval ou o garoa hacker camp.
[2017-02-12 20:31:46] photo: /home/felipe/devel/github_tvdstaaij/telegram-history-dump/output/media/Garoa_Hacker_Clube_(Público)/download_803115729_4956.jpg
[2017-02-12 20:32:03] detalhe do estrutural do meu.
[2017-02-12 20:32:21] sao so 3 pedacos de madeira,
[2017-02-12 20:32:39] os apoios sao angulados, ficou bem ergonomico
[2017-02-12 20:33:03] da pra fazer com serrote, eu tenho inclusive, mas eu fiz num marceneiro, ele nao me cobrou nada
[2017-02-12 20:34:06] Posso estar enganado, mas esse controle de tupperware parece ser muito frágil. Duvido aguente um campeonato.
[2017-02-12 20:35:26] 100 reais os botoes?
[2017-02-12 20:35:36] o cara compra na multi e revende?
[2017-02-12 20:35:38] kkk
[2017-02-12 20:35:52] na verdade eu tava querendo arrumar alguem pra fazer um plaquinha pra pra resolver. eu liguei a fiação direto em uma plaquinha de teclado
[2017-02-12 20:36:46] mas ficou fragil. pensei em um esquema de uma placa que espelha o layout da placa do teclado e dai eu fixo uma na outra, com elasticos ou cola, sei la
[2017-02-12 20:38:05] na roadsec o pessoal da Robocore montou um arcade colocou os controles numa tábua amarrada numa mesinha de metal
[2017-02-12 20:38:17] aguentou o evento todo,
[2017-02-12 20:38:56] @eduoda +- R$100 os botões para 2 jogadores (20), os 2 joysticks e todos os microswitchs. incluindo o frete.
[2017-02-12 20:40:44] @Introscopia Sim, da para fazer com serrote/serra de arco, etc.

mas as minhas experiências de cortar madeira com eles não sairam muito retas, kkkk

preciso treinar mais :P
[2017-02-12 20:42:40] pois eh. Como eu disse, no meu design so precisei fazer uns 4 cortes na madeira (que comprei bem barata tbm, era resto de alguma obra) dai o cara fez de gratis. As vezes ce arruma alguem q cobra so uma gorjeta ou sei la tbm. Nao eh grande problema nao!
[2017-02-12 20:43:49] se não me engano a Leroy Merlin quando vc compra chapa de madeira eles cortam no tamanho que vc quiser. (mas perde parte da graça pegar as madeiras prontas).

Além disso eles também vendem retalhos de madeira bem barato. da ultima vez que fui lá comprei retalhos por R$4,00 que da para montar um que nem o que @Introscopia postou.
[2017-02-12 20:45:21] @Introscopia fazer algo simples não é tão difícil.  Mas se eu for montar, gostaria de um acabamento pelo menos igual ao seu
[2017-02-12 20:45:47] entao velho, ja comprei com esse branco neh
[2017-02-12 20:45:59] nao sei bem nem se eh uma chapinha ou so tinta
[2017-02-12 20:46:11] acho que ta caro, de todo modo isso so corrobora com o fato de ser melhor comprar pronto
[2017-02-12 20:46:58] @oda
[2017-02-12 20:48:23] @oda eu nunca achei os botões separados por um preço melhor...

e o legal e montar um, comprar pronto não tem graça.
[2017-02-12 20:48:38] nao tem graca para vc ;)
[2017-02-12 20:48:48] já vi uns projetos usando o arduino leonardo como interface com o PC
[2017-02-12 20:49:05] para mim nao tem graca eh gastar tempo com isso ai, tenho n projetos mais interessantes que furar madeira e colocar bota
[2017-02-12 20:49:09] que é mais legal do que usar uma placa pronta de teclado ou joystick
[2017-02-12 20:49:38] mas 100 ta caro gente
[2017-02-12 20:50:47] +1
[2017-02-12 20:51:33] ah nao, haha
[2017-02-12 20:51:38] fui ver aonde eu tinha comprado
[2017-02-12 20:51:42] ja inflacionou mesmo
[2017-02-12 20:52:10] ne real vem o suficiente pra dois controles por 110
[2017-02-12 20:55:40] Manda pra mim!
[2017-02-12 21:04:07] Não quero ninguém pedindo ajuda no grupo pra tirar rasom amanhã em kkkk
[2017-02-12 21:07:44] Gutem, ele já foi removido do grupo pelo Juca...
[2017-02-12 21:07:56] https://www.aliexpress.com/item/Good-Quality-50-PCS-lot-30mm-Round-Push-Button-arcade-button-with-switch-buttons-for-arcade/32616257173.html
[2017-02-12 21:08:05] "Não tem vacina e provavelmente nunca terá..." <-- parei de ler aí
[2017-02-12 21:08:51] https://www.aliexpress.com/item/ROSSO-JOYSTICK-8-WAY-CONTROLLER-PER-GIOCHI-ARCADE-NUOVO/32661162045.html
[2017-02-12 21:11:16] Sem querer desmerecer, mas só faltou falar q foi o ransomware que invadiu a Nasa  e a Microsoft, e que a notícia saiu no Fantástico
[2017-02-12 21:13:48] Pois é.
[2017-02-12 21:13:53] aliexpress
[2017-02-12 21:14:56] meh, ninja'd por muito porque eu não desci a conversa
[2017-02-12 21:15:21] esse manche parece bom mas acho que os botões podiam ser melhores
[2017-02-12 21:15:55] "Joystick joystick de arcade DIY Bola Vermelha 4/8 Vias Peças para o Jogo de Arcade Joystick Luta da Vara"
[2017-02-12 21:15:59] luta da vara!!!!!!!!!!
[2017-02-12 21:16:10] adoro as traduções do ali
[2017-02-12 21:26:36] Francisco Fernandes joined
[2017-02-12 21:26:37] Hi Francisco !
[2017-02-12 21:26:42] Opa
[2017-02-12 21:26:44] Boa noite pessoal
[2017-02-12 21:31:23] tem nus kits que vem com a aletronica tb
[2017-02-12 21:57:22] photo: /home/felipe/devel/github_tvdstaaij/telegram-history-dump/output/media/Garoa_Hacker_Clube_(Público)/download_804201581_13512.jpg
[2017-02-12 22:08:34] Caraca que lokooooo
[2017-02-12 22:10:34] kkkkkkkk
[2017-02-12 22:11:03] auhauhauah boa gostei
[2017-02-12 22:28:01] 😂👌🏻
