[2017-07-25 00:03:26] O sistema de versões do Ubuntu é engraçado.  Podemos recomeçar chamando está de Amada Ale
[2017-07-25 00:03:57] A próxima de Bela Bier
[2017-07-25 00:04:23] A outra de Cerca do Cerrado
[2017-07-25 00:04:41] Cerveja​ do Cerrado
[2017-07-25 00:05:02] D?
[2017-07-25 01:25:06] Pra min podia chamar hello world
[2017-07-25 01:26:04] O rotulo tipo include lúpulo.h, include malte.h
[2017-07-25 01:26:08] E rala
[2017-07-25 01:36:57] Isso 
foi divertido hahaha: https://github.com/felipesanches/AnotherWorld_VMTools/commit/3fa2197083efd68246f538b51fd99b4be1ea1add
[2017-07-25 07:56:12] Download Drink
[2017-07-25 08:50:40] Rafael Oliveira joined
[2017-07-25 08:50:41] Hi Rafael !
[2017-07-25 09:40:26] Bela Breja
[2017-07-25 09:42:31] Caldo Capacitivo (pra quem curte um capacitor estourado)
[2017-07-25 09:45:09] Dose Digital
[2017-07-25 09:47:24] Espuma Elétrica
[2017-07-25 09:48:11] Breja Byte
[2017-07-25 09:51:59] Um nome com AA tá mais difícil de conceber...
[2017-07-25 09:52:22] ASCII Art ? :-P
[2017-07-25 09:54:04] Astúcia Artificial (fazendo referência à inteligência tão em voga ultimamente...)
[2017-07-25 09:55:29] Boa
[2017-07-25 09:56:59] Beer Bot
[2017-07-25 09:57:44] Bit Booze
[2017-07-25 09:58:16] Breja Bugada (LOL)
[2017-07-25 09:58:56] Breja Bugada tem que ter Brettanomyces
[2017-07-25 10:01:02] Blob Binário!
[2017-07-25 10:02:06] Ou Breja Blob (aliás... o termo breja vai bem com várias combinações de nomes BB)
[2017-07-25 10:02:55] ASCII Ale
[2017-07-25 10:06:13] Mas não é Ipa?
[2017-07-25 10:07:18] IPA - India Pale Ale
[2017-07-25 10:07:35] photo
[2017-07-25 10:07:57] uma para cada tipo de cerveja
[2017-07-25 10:45:32] bem... são só 7 brassagens até chegarmos na letra G...
[2017-07-25 10:45:41] Garoa Grossa
[2017-07-25 10:51:12] Rsrsrsrs
[2017-07-25 11:20:04] Cara, aqui você primeiro criou o volume logico e depois encriptou. Acho que é por isso que está dando esse warning
[2017-07-25 11:21:16] Você encriptou cada volume com um pwd diferente?
[2017-07-25 13:04:32] http://hackaday.com/2017/07/25/the-end-of-arduino-101-intel-leaves-maker-market/
[2017-07-25 13:51:36] Lucas M.R. joined
[2017-07-25 13:51:36] Hi Lucas !
[2017-07-25 13:51:58] /help@jackbot
[2017-07-25 13:51:59] Message me first so i can message you !
[2017-07-25 13:52:31] Oi gente
[2017-07-25 13:53:03] Tem alguém no Garoa
[2017-07-25 14:11:01] ?
[2017-07-25 14:33:26] #dica #castalio #podcast #python #gimp #inkscape

Amanhã, quarta-feira, às 20h00, será transmitido ao vivo o Castálio Podcast:

Produção e Edição de Imagens no Linux com software livre.
https://youtu.be/KRntD1K8_WQ
[2017-07-25 15:04:52] Galera do linux e archs
[2017-07-25 15:05:09] qual client de email vcs usam?
[2017-07-25 15:05:32] gmail.com
[2017-07-25 15:06:14] da pra usar outlook?
[2017-07-25 15:06:26] Thunderbird
[2017-07-25 15:06:54] thunderbird ja abandonei, n tava curtindo mt
[2017-07-25 15:07:04] É que eu não uso nenhum client, mas o Thunderbird é o melhor em minha opinião.
[2017-07-25 15:07:47] Eu estou na inércia, porque é o primeiro e único que usei. (Desde abandonar o Windows)
[2017-07-25 15:08:02] Não sei se tem melhores.
[2017-07-25 15:09:34] Tem o Nylas Mail  que fiquei de testar, mas sacomé...
[2017-07-25 15:10:40] na epoca q testei achei zuado, é era semi opensouce
[2017-07-25 15:10:49] vc pode fazer plugins, mas tem q pagar pra usar
[2017-07-25 15:11:29] Não, it's free!
[2017-07-25 15:12:09] Pelo menos no site deles está "Nylas Mail is now free!"
[2017-07-25 15:12:11] https://www.nylas.com/company-blog/nylas-mail-is-now-free#.la0mn8800
[2017-07-25 15:13:34] Nylas Basic
[2017-07-25 15:13:36] zuado
[2017-07-25 15:13:53] os cara creceu com plugins e meteram o basic pra vender o resto kkk
[2017-07-25 15:21:41] Não é "o cara". É a mina. Eu conheço a fundadora e CTO dessa empresa Nylas.
[2017-07-25 15:23:19] É uma amiga minha de Boston. Da comunidade de software livre. Ex-funcionária da ORACLE e da KSPLICE (que foi comprada pela ORACLE). Na KSPLICE ela fazia patches pro kernel Linux.
[2017-07-25 15:24:49] dhora, fala pra ela liberar uma licensa ai pra gente, se posivel
[2017-07-25 15:24:58] :-)
[2017-07-25 15:28:40] https://blogs.adobe.com/conversations/2017/07/adobe-flash-update.html
[2017-07-25 15:40:07] 👌🏻👏🏻👏🏻👏🏻🌈
[2017-07-25 16:38:16] /help@mate_obot
[2017-07-25 16:38:23] /help@mate_obot
[2017-07-25 16:39:54] https://tech.slashdot.org/story/17/07/25/1349257/elon-musk-says-mark-zuckerbergs-understanding-of-ai-is-limited
[2017-07-25 16:43:35] Povo do Design:  Preciso contratar um pessoa para fazer um freela. Criação de material para newsletter e tutoriais
[2017-07-25 16:44:11] Quem tiver interesse, mande um alô no privado. Valeu!
[2017-07-25 19:27:35] Agora que vi que o corretor mudou... Vlw por colocar o nome coreto ;)
[2017-07-25 22:31:10] https://lhc.net.br/wiki/Encontro_PyLadies_Campinas_29/07/2017
Encontro PyLadies Campinas neste sábado no LHC
