[2017-04-09 00:11:26] Sério, existe coisa mais difícil de se escolher do que notebook? Tô no dilema: Leve e posso carregar para todo lugar mas pelo preço compro algo com muito mais processamento.
[2017-04-09 00:19:49] Acho que tem que pensar na tua rotina. Quanto de potência vc tá disposto a carregar sem que isso te de preguiça de levar o note.
[2017-04-09 02:32:08] Então, minha ideia era pegar algo de 12 ou 13, mas fico meio com medo desses processadores Mobile, mesmo lendo review, não consigo entender o quão fraco é em comparação ao meu desktop, saca?
[2017-04-09 05:54:14] Se você não pretende fazer coisa muito demandante, não importa. Eu compilo programas grandes no meu note de boa.
[2017-04-09 09:51:25] estamos com uma vaga aqui no Makerspace da Escola Eleva, no Rio. Se houver alguem interessado, tá aqui: https://goo.gl/3ONufs
[2017-04-09 10:27:57] Yuri Sales joined
[2017-04-09 10:27:57] Hi Yuri !
[2017-04-09 10:28:07] Opa!
[2017-04-09 11:28:35] Gente os amigos que fazemos no caminho da vida são tudo. É o que temos de mais valioso na vida.
[2017-04-09 11:29:23] Bom dia
[2017-04-09 11:29:54] Eu fico feliz de poder ter tantos amigos de poder fazer novos a cada dia
[2017-04-09 11:31:36] Me amarro nessas linguagens  😈😈😈
[2017-04-09 11:54:52] Céus, agora eu PRECISO TER uma..  😍 Onde compra?
[2017-04-09 12:21:01] Não era frágil, o sulcos eram bem profundos, o material acho que era o mesmo do corpo da boneca, pois o disco era dá mesma cor...
[2017-04-09 12:26:54] Tentei achar alguma foto no Google, mas não consegui...  😔
[2017-04-09 12:27:59] https://medium.com/@shadowbrokerss/dont-forget-your-base-867d304a94b1
[2017-04-09 12:27:59] Leak novo do shadowbrokers, com uma carta sinistra pro Trump em resposta aos ataques na Síria e liberando a senha de supostas ferramentas da NSA que publicaram criptografadas antes
[2017-04-09 12:30:44] O mais próximo que achei:
http://souloucaporbonecas.blogspot.com.br/2013/02/a-e-uma-boneca-da-estrela-antiga-deve.html
[2017-04-09 12:39:40] Que massa! Pensando aqui, acho que essa solução foi usada pra que não fosse preciso pilhas, né? Ou a boneca tinha a amplificação?
[2017-04-09 12:44:39] Esta foto ficou bem perturbadora 😅 http://2.bp.blogspot.com/-PUFIihbJEfU/URqL1YDYSTI/AAAAAAAAAIE/cA4pgVWYAlw/s1600/008.JPG
[2017-04-09 13:01:51] document: /home/felipe/devel/github_tvdstaaij/telegram-history-dump/output/media/Garoa_Hacker_Clube_(Público)/download_328774854541050158.webp
[2017-04-09 13:24:03] Gente
[2017-04-09 13:24:11] Ceis tão c msx?
[2017-04-09 13:24:23] Quem vai na CryptoRave?
[2017-04-09 13:24:25] document: /home/felipe/devel/github_tvdstaaij/telegram-history-dump/output/media/Garoa_Hacker_Clube_(Público)/download_182536080015229384.webp
[2017-04-09 13:24:32] A barriga era oca, funcionava como uma caixa de ressonância que amplificava o som naturalmente, como acontece com o violão...
[2017-04-09 13:25:34] Essas bonecas eram bem bizarrinhas mais o mecanismo é deveras interessante
[2017-04-09 13:27:51] Leonardo da Vinci tinha muitos projetos de autômatos
[2017-04-09 13:28:08] Sou um tanto que fascinada com esses autômatos
[2017-04-09 13:30:07] Pena que não estão mais na internet 😢
[2017-04-09 13:32:27] Tem uns mton okos
[2017-04-09 13:32:37] *mto lokos
[2017-04-09 13:32:47] Gosto de autômatos tbm
[2017-04-09 13:34:17] Uma vez achei uma page
[2017-04-09 13:34:27] Q falava de vários projetos antigos de autômatos
[2017-04-09 13:34:41] E personagens ds ficção tbm
[2017-04-09 13:34:48] Mas nunca mais achei :(
[2017-04-09 13:36:59] Sumiu da internet
[2017-04-09 13:37:03] Mesmo
[2017-04-09 13:37:31] O conhecimento mais avançado está sumindo mesmo
[2017-04-09 13:39:37] Tenho percebido isso
[2017-04-09 13:39:43] Já faz um tempo
[2017-04-09 13:40:09] https://www.youtube.com/watch?v=bLb54FCMt9o
[2017-04-09 13:57:53] Entendi. Deve ser por isso mesmo então.
[2017-04-09 14:59:37] photo: /home/felipe/devel/github_tvdstaaij/telegram-history-dump/output/media/Garoa_Hacker_Clube_(Público)/download_803114314_33578.jpg
[2017-04-09 15:06:09] Alguém abre o garoa hj?
[2017-04-09 15:25:27] tem 2 experts funcionando no garoa
[2017-04-09 15:46:25] eu tentei ajudar o povo a abrir o msx hb1000
[2017-04-09 15:46:26] http://www.museo8bits.com/anuncios/hotbit_1986_3.jpg
[2017-04-09 15:46:28] esse aqui
[2017-04-09 15:46:43] o problema é que a tvzinha que estávamos ligando ele tinha uma placa pré-programada
[2017-04-09 15:46:48] Icaro Araujo joined
[2017-04-09 15:46:49] Hi Icaro !
[2017-04-09 15:47:23] que não mudava a tela dele
[2017-04-09 15:47:33] aí não achamos um monitor para ligar o msx tbm
[2017-04-09 15:47:49] Oi, queria saber quando vai ter o Synth drums & hack
[2017-04-09 15:50:01] Ai sim meu patrão
[2017-04-09 15:50:17] To com uma grana
[2017-04-09 15:50:24] Encomendar um msx
[2017-04-09 15:50:27] E um c64
[2017-04-09 15:50:32] Acho bem legal
[2017-04-09 15:57:41] Pior q na Amazon
[2017-04-09 15:58:04] Deu 850 dinheiros
[2017-04-09 15:58:09] :0
[2017-04-09 16:19:57] @TheSeventhGod... @tilt4...
[2017-04-09 16:26:19] Mais um da saga "doando livros"
[2017-04-09 16:26:19] photo: /home/felipe/devel/github_tvdstaaij/telegram-history-dump/output/media/Garoa_Hacker_Clube_(Público)/download_803734387_82402.jpg
[2017-04-09 16:28:53] Este faz parte de um conjunto de apostilas de piloto privado que recebi de doação faz um tempo, e estou doando todas agora
[2017-04-09 16:30:31] Eu tenho um livro desse cara também. Achei no lixo do meu prédio e peguei pra mim por que achei interessante :-)
[2017-04-09 16:31:16] photo: /home/felipe/devel/github_tvdstaaij/telegram-history-dump/output/media/Garoa_Hacker_Clube_(Público)/download_803117025_33198.jpg
[2017-04-09 16:32:03] Eu tenho um de geladeiras
[2017-04-09 16:32:11] o Garoa se interessa? haha
[2017-04-09 16:32:31] Quando eu disse "no lixo", na verdade eu quis dizer "na lixeira do meu prédio".
[2017-04-09 16:33:38] Achei também uns 3 livros da Motorola no lixo do Laboratório de Sistemas Integráveis (LSI) da Poli-USP. Era sobre processadores Motorola 68k e co-processadores e unidades de gerenciamento de memória virtual.
[2017-04-09 16:38:22] Pro garoa estou pensando em doar esta apostila:
[2017-04-09 16:38:24] photo: /home/felipe/devel/github_tvdstaaij/telegram-history-dump/output/media/Garoa_Hacker_Clube_(Público)/download_803116687_33478.jpg
[2017-04-09 16:39:41] HAHAHA
[2017-04-09 16:39:46] Tecnoponta!!!
[2017-04-09 16:40:34] É a empresa que criou o PARK.COM ! https://www.youtube.com/watch?v=A4WEdtpA5aM
[2017-04-09 16:47:31] Legal
[2017-04-09 17:08:16] photo: /home/felipe/devel/github_tvdstaaij/telegram-history-dump/output/media/Garoa_Hacker_Clube_(Público)/download_803113509_33694.jpg
[2017-04-09 17:09:08] photo: /home/felipe/devel/github_tvdstaaij/telegram-history-dump/output/media/Garoa_Hacker_Clube_(Público)/download_803115328_33706.jpg
[2017-04-09 17:26:49] Foi o primeiro lugar onde fui atrás de aprender sobre eletrônica, antes do garoa
[2017-04-09 19:43:30] http://open.spotify.com/track/5KiS8SFnu21xI74mHgfZ3D
[2017-04-09 19:43:37] Minha infância
[2017-04-09 21:30:42] https://twitter.com/Cmdr_Hadfield/status/851082469378076673
[2017-04-09 22:43:51] eBAy ou Ali vc encontra... tá por volta de 120 Golpinhos cada
[2017-04-09 23:05:25] Pessoas jogam livros no lixo?! Coloca um aviso no sue prédio pra doarem pra bibliotecas/escolas e/ou pessoas. Aqui eu fiz um cesto pra quem quiser pegar - até os porteiros começaram a ler de tudo - foi o que me falaram! :)
[2017-04-09 23:19:13] eu nao jogo livro no lixo, puta desperdicio
[2017-04-09 23:19:17] uso para acender a lareira
[2017-04-09 23:21:08] document: /home/felipe/devel/github_tvdstaaij/telegram-history-dump/output/media/Garoa_Hacker_Clube_(Público)/download_368739082848698855.webp
[2017-04-09 23:21:57] (pqp, preciso limpar meus stickers, levei horas para encontrar o heman)
[2017-04-09 23:36:07] photo: /home/felipe/devel/github_tvdstaaij/telegram-history-dump/output/media/Garoa_Hacker_Clube_(Público)/download_803112308_33315.jpg
