[2018-05-03 01:47:54] Em uma empresa que eu trabalhei, um colega resolveu isso de um jeito mais ogro: colocou purgante. #truestory
[2018-05-03 01:53:11] Cara, suas opções são:
a) aceitar, calado.
b) mandar um email, copiando todo mundo, pedindo por favor, que não consumam os itens identificados com o seu nome. Caso alguém queira, pedir antes de consumir.
c) Colocar laxante e ter certeza que o FDP, não irá NUNCA MAIS fazer algo do tipo com ninguém
[2018-05-03 01:54:02] Eu faria a C seguida de B
[2018-05-03 01:54:50] E passaria a tomar enérgico de lata, ao invés de garrafa, para o feitiço não virar contra o Feiticeiro
[2018-05-03 01:57:53] Laxante seems nice... uma camera escondida seria interessante tbm mas poderia causar uma justa causa dependendo do naipe da empresa.
[2018-05-03 02:00:12] Já trampei em lugar que tinham seres capazes de roubar SÓ o bife da marmita... “toda vingança de geladeira será perdoada no reino dos céus” Glutão 10:42.
[2018-05-03 11:01:05] Velho, roubar comida do coleguinho de trabalho te condena para um ciclo do inferno que nem Dante poderia descrever.
[2018-05-03 11:07:00] Uma vez robaram um chocolate de uma mina num trampo antigo . . . Ela fez a galera puxar nas cameras quem tinha sido o.O
[2018-05-03 11:08:28] RT
[2018-05-03 11:38:55] Hahaha eh bem comum em call center direto roubavam a mistura das marmita...  to rindo mas to preocupada
[2018-05-03 11:43:43] E acharam?
[2018-05-03 11:46:13] coloca na marmita, arroz em cima do feijao e feijao em cima da carte e ja era, a pessoa abre e so tem arroz, chocolate guarda na mochila ou gaveta com chave
[2018-05-03 11:46:40] Arroz em cima do feijao eh um crime .... nao pode de maneira alguma .....
[2018-05-03 11:49:17] Sim, tinha sido um mano que teve que virar a madrugada la e nao tinha nada aberto pra comer . . . Ai a moça passo de full pistola pra half pistola só
[2018-05-03 11:49:36] Hahhaahah
[2018-05-03 11:50:14] Entendo.. já troquei umas máquinas no Itaú na madrugada... A galera fazia a festa nos docinhos kkk eu como sou educado só pegava café kkkkk
[2018-05-03 11:52:40] Já roubei comida na madruga e deixei bilhetinho, pra aplacar a ira. Às vezes é vida ou morte, né...
[2018-05-03 11:53:09] na guerra tudo pode
[2018-05-03 11:53:27] quer comer bonitinho vai no restaurante
[2018-05-03 11:53:35] na marmita eh na loucura mesmo
[2018-05-03 11:53:54] Tem certos limites que eu nao consigo ultrapassar ....
[2018-05-03 11:54:17] Meu feijão always vai embaixo... em cima seca o caldo, tá doido
[2018-05-03 11:54:49] nao tem logica secar o caldo em cima
[2018-05-03 11:54:56] o que seca eh a geladeira
[2018-05-03 11:55:54] vai comer em casa de boa, colocar o feijao em baixo eh igual colocar ketchup na pizza(a nao ser que seja do habibs)
[2018-05-03 11:57:24] Eita, meu feijão sempre foi embaixo... aquela concha de feijao em cima do arroz me deixa maluco...do ladinho é aceitavel
[2018-05-03 11:58:32] Catchup em pizza jamais...cariocas costumam praticar tal heresia com normalidade
[2018-05-03 11:59:59] na verdade so em sp que nao coloca ketchup na pizza
[2018-05-03 12:00:01] auehaueae
[2018-05-03 12:00:31] nos outros lugares a pizza eh zoado igual salgado de boteco
[2018-05-03 12:00:34] Soh em SP se come pizza corretamente .....
[2018-05-03 12:00:34] ai precisa de ketchup
[2018-05-03 12:01:29] Ah, se for aquela pizza de estufa de padaria...mais seca que bolacha agua/sal.... pode se pensar
[2018-05-03 12:52:36] Felipe joined
[2018-05-03 12:53:34] Bem vindo
[2018-05-03 13:14:49] Uhm, hj não tem nada rolando no garoa, tem? Pela wiki parece q não
[2018-05-03 13:19:43] Hoje tem evento regular... se ninguém o desmarcou, deve rolar normalmente... pena que não posso ir...
[2018-05-03 13:20:40] Tiraram o evento regular de quinta-feira da wiki?
[2018-05-03 13:21:50] Qual q era?
[2018-05-03 13:22:02] Então, na página de eventos não consta nada de quinta
[2018-05-03 13:40:11] Antigamente era o "Arduino Day", depois mudaram o nome para "Jazz, Pizza & Hacking"...
[2018-05-03 13:40:52] Era o evento regular mais movimentado do Garoa...
[2018-05-03 14:06:26] Gente, não tem mais como participar do eventos da bsides no dia 19?
[2018-05-03 14:09:23] Não. Esgotaram em minutos
[2018-05-03 14:11:00] Poxa
[2018-05-03 14:11:22] Gutem, tem fila de vagas dos desistentes na hora do evento?
[2018-05-03 14:11:59] Não faço ideia... Quem gere isso é o @anchisesbr
[2018-05-03 14:48:27] ainda tem sim auheuaheu https://www.eventbrite.com/e/bsidessp-0xf-maio2018-registration-45049792141
[2018-05-03 14:48:58] Mas na hora de selecionar não abre
[2018-05-03 14:49:22] Eu tentei
[2018-05-03 14:49:35] So funfa pro de domingo
[2018-05-03 14:49:44] Que aliás tá como 21.5
[2018-05-03 14:49:46] Paz
[2018-05-03 14:50:54] tu ta vendo onde isso?
[2018-05-03 14:51:07] aqui foi de boa
[2018-05-03 14:51:22] so tem um aviso
Bem-vindo a BSidesSP 0xF. Por favor, registre-se. A inscrição é válida para o Domingo 20/05. Caso deseje participar das atividades no Sábado 19/05, basta informar no campo específico abaixo (com limite de vagas por atividade).
[2018-05-03 14:54:09] document: /home/felipe/devel/github_garoa/Telegram_logs_Garoa_Hacker_Clube_Publico/media/Garoa_Hacker_Clube_(Público)/download_5141308954072055850.jpeg
[2018-05-03 14:58:36] mas as vagas nao sao limitadas?
como saber quem conseguiu uma dessas vagas limitadas, ou quem chegar primeiro e entrar na sala assiste?
[2018-05-03 14:58:59] isso pro dia 19, to com essa duvida desde a inscrição, que ocorreu no primeiro dia rs
[2018-05-03 14:59:14] deve recber um email
[2018-05-03 14:59:19] u chega e participa
[2018-05-03 15:37:59] de ladinho é mais gostoso
[2018-05-03 15:39:06] eu tenho dito isso pros italianos e eles ficam loucos da vida...
[2018-05-03 15:40:10] hoje eu vô lá!
[2018-05-03 15:40:16] boto meu nome no wiki?
[2018-05-03 15:40:19] hahaha
[2018-05-03 15:44:37] Hahaha
[2018-05-03 15:46:24] Podia colocar:
Noite com o Juca
[2018-05-03 15:46:26] Acho q vou tbm. To trabalhando numa talk, "Seja Satoshi Nakamoto, como publicar e manter um projeto opensource no anonimato", só q tem mto assunto pra tocar nisso, querendo trocar ideia com mais pessoas pra descobrir quais podem ser mais interessantes e que devo aprofundar mais...
[2018-05-03 15:48:26] Ui!
[2018-05-03 16:00:13] Quinta, 03/maio/2018 a partir das 17:00, até meia-noite: Happy Hacking com o Juca
[2018-05-03 16:00:26] https://garoa.net.br/wiki/Happy_Hacking
[2018-05-03 16:01:02] engraçado vc dizer isso hahaha. Quando eu li aqui a sua sugestão, a página acima já tava escrita e publicada. Bora lá!
[2018-05-03 16:01:22] Gostei da nossa idéia ;-)
[2018-05-03 16:01:40] hoje acho que vou zoar com OpenScad talvez
[2018-05-03 16:01:49] (ou o que der na telha, é claro!)
[2018-05-03 16:02:42] Vai com tudo que estamos dando a maior força.
[2018-05-03 16:05:42] photo: /home/felipe/devel/github_garoa/Telegram_logs_Garoa_Hacker_Clube_Publico/media/Garoa_Hacker_Clube_(Público)/download_806122350_88761.jpg
[2018-05-03 16:05:53] Alguém sabe aonde tá o microfone?
[2018-05-03 16:06:13] Ê, rapá, não pode porn aqui!
[2018-05-03 16:07:09] geralmente, do outro lado. Lado do Teclado
[2018-05-03 16:07:32] Tem como eu tirar isso?
[2018-05-03 16:07:33] Você vai cortar a trilha? Ou vai desconectar o cabo?
[2018-05-03 16:07:45] O cabo
[2018-05-03 16:07:49] Juca
A gente tinha combinado de escanear 4 revistas.
Vou aparecer lá só para pegar elas.
[2018-05-03 16:07:49] Vai ficar definitivamente sem microfone? Ou vai botar uma chavinha liga-desliga ?
[2018-05-03 16:08:04] Vai aparecer hoje ?
[2018-05-03 16:08:36] Sim, bem rapidinho
[2018-05-03 16:08:44] Eu tinha me mente desplugar forever, mas é dificil fazer esse liga-desliga?
[2018-05-03 16:08:58] https://pt.ifixit.com/Search?query=lenovo
[2018-05-03 16:09:04] ok, combinado! Vou levar as revistas então...
[2018-05-03 16:09:04] Vê se acha seu modelo aí
[2018-05-03 16:09:07] Já combinei com Marcelo Campos de ir na sexta-feira
[2018-05-03 16:09:39] ah! vc vem só amanhã?! Ou vai passar hoje lá?
[2018-05-03 16:10:43] Vou hoje bem rapidinho só para pegar as revistas.
Amanhã vou ficar mais tempo
[2018-05-03 16:10:58] nao sei dizer. Mas teoricamente é algo bacana que daria pra fazer
[2018-05-03 16:11:00] Opa, obrigado. Tô procurando.
[2018-05-03 16:11:26] Ah então por enquanto eu queria só desplugar
[2018-05-03 16:12:58] Recomenda-se desplugar e quando quiser usar microfone, usar um fone com microfone embutido.
[2018-05-03 16:13:33] Isso mesmo que eu queria.
[2018-05-03 16:13:48] Não achei.
[2018-05-03 16:14:15] procura por trocar microfone com o nome do seu equipamento
[2018-05-03 16:14:33] Pode não ter tutorial de tirar microfone, mas pode ter um de substituir...
[2018-05-03 16:14:45] ou joga seu modelo aqui que o pessoal sempre auxilia
[2018-05-03 16:15:01] Ideapad 320
[2018-05-03 16:15:19] No site não tem, vou pesquisar no google
[2018-05-03 16:17:12] https://pcsupport.lenovo.com/br/pt/solutions/ht504454
[2018-05-03 16:17:46] Capaz dele estar na moldura da tela, na parte superiro
[2018-05-03 16:18:18] Ah entendi.
[2018-05-03 16:18:20] Obgd.
[2018-05-03 16:19:09] https://produktinfo.conrad.com/datenblaetter/1600000-1699999/001629533-an-01-en-MAINTENANCE_MANUAL_HARDWARE_LENOVO_NOTEB.pdf
[2018-05-03 16:19:11] Página 62
[2018-05-03 16:22:26] o fato do microfone estar ali não significa que ali é o mlhor lugar para desplugá-lo
[2018-05-03 16:22:36] voce pode claro detonar d evez cortando fora
[2018-05-03 16:23:04] mas se quiser botar um liga-desliga, ou se quiser fazer uma alteração reversivel, seria bom achar o ponto onde o cabo é conectado no resto do circuito
[2018-05-03 16:23:16] e isso é provavelmente na própria placa mãe
[2018-05-03 16:23:55] Se for abrir a moldura do notebook, mande uma foto aqui dele aberto
[2018-05-03 16:25:18] Tive q trocar a placa mãe de um asus 12'' uma vez. Levei 5h pra conseguir desmontar tudo e mais 3h30 pra remontar... Não tinha achado manual, tive q fazer na raça...
[2018-05-03 16:25:47] Juca, tava mexendo com openscad semana passada, curti a idéia!
[2018-05-03 16:25:58] Moldura é a parte da tela?
[2018-05-03 16:26:36] sim.
Procura um tutorial de como trocar a tela que eles devem ensinar a tirar a moldura
[2018-05-03 16:26:58] Igor, meu mic fica na parte superior da tela, se for o caso, deve haver um ou dois buraquinhos perto da webcam, dá uma olhada
[2018-05-03 16:27:20] Se não tiver, pouco provável q seja lá
[2018-05-03 16:27:47] eu faço umas coisas cabeludas no scad de vez em quando
[2018-05-03 16:28:01] preciso te mostrar a doideira da vez
[2018-05-03 16:28:17] tirando água de pedra!
[2018-05-03 16:28:52] Combinado!
[2018-05-03 16:29:24] O Juca mandou o manual do meu modelo, fica ali msm
[2018-05-03 16:29:42] tem o buraquinho anyway
[2018-05-03 16:29:59] Se você não se lembra do que preencheu no formulário de inscrição, no email de confirmação automático do Eventbrite vem um resumo do que vc preencheu. Lá diz que opção vc colocou para o sábado. 
Veja exenplo:
[2018-05-03 16:30:18] photo: /home/felipe/devel/github_garoa/Telegram_logs_Garoa_Hacker_Clube_Publico/media/Garoa_Hacker_Clube_(Público)/download_806123058_87803.jpg
[2018-05-03 16:32:25] Quem não conseguiu se inscrever para as atividades do sábado e quiser arriscar, no dia nós fazemos uma fila de espera, e se sobrar vaga nas salas nos colocamos o pessoal para dentro.
Mas é por sua conta e risco, não temos como garantir que haverá vaga.
Sempre há aquela gente que se inscreve e não vai, mas não temos como dimensionar isso.
[2018-05-03 16:33:18] Como o pessoal já disse, as atividades de sábado estão lotadas
[2018-05-03 16:33:20] photo: /home/felipe/devel/github_garoa/Telegram_logs_Garoa_Hacker_Clube_Publico/media/Garoa_Hacker_Clube_(Público)/download_806123319_88618.jpg
[2018-05-03 16:33:28] Isso aqui é a placa de rede?
[2018-05-03 16:35:27] Sem problemas Anchises
[2018-05-03 16:35:34] sim. acho que isso conecta as antenas do notebook
[2018-05-03 16:35:37] Obrigada migs
[2018-05-03 16:36:06] Você vai abrir a moldura da tela?
[2018-05-03 16:37:12] Sim, só tô criando coragem
[2018-05-03 16:37:45] tem as ferramentas?
[2018-05-03 16:38:39] vi uma palheta de guitarra alí...
[2018-05-03 16:38:55] S
[2018-05-03 16:40:42] photo: /home/felipe/devel/github_garoa/Telegram_logs_Garoa_Hacker_Clube_Publico/media/Garoa_Hacker_Clube_(Público)/download_806123695_88650.jpg
[2018-05-03 16:41:02] as marcações são os possíveis dois pontos de captação de aúdio
[2018-05-03 16:41:21] Se eu desplugar ai
[2018-05-03 16:41:33] tem como plugar dnv algum dia?
[2018-05-03 16:42:51] acho que câmera e mics são todos no mesmo cabo
[2018-05-03 16:43:04] esse branco que passa pela moldura, indo pra esquerda e descendo
[2018-05-03 16:43:23] Nao sei como tiro a moldura
[2018-05-03 16:43:23] veja até onde vai, desconecte e veja o que parou de funcionar.
[2018-05-03 16:43:50] aqui
[2018-05-03 16:44:08] https://www.youtube.com/watch?v=beebzN5MCDw
[2018-05-03 16:45:00] Consegui
[2018-05-03 16:45:05] Era só encaixe
[2018-05-03 16:45:31] photo: /home/felipe/devel/github_garoa/Telegram_logs_Garoa_Hacker_Clube_Publico/media/Garoa_Hacker_Clube_(Público)/download_806022461_14856.jpg
[2018-05-03 16:46:22] ae
[2018-05-03 16:47:13] photo: /home/felipe/devel/github_garoa/Telegram_logs_Garoa_Hacker_Clube_Publico/media/Garoa_Hacker_Clube_(Público)/download_806009971_34690.jpg
[2018-05-03 16:47:20] Puxo isso aqui?
[2018-05-03 16:49:11] se isso for de encaixar, solta
e manda uma foto dele solto
[2018-05-03 16:49:40] Aí que tá o problema nao sei se ele é de encaixe
[2018-05-03 16:50:26] tenta tirar tudo da moldura
aí você tenta analisar se tem um encaixe ali ou se é tudo "chumbado"
[2018-05-03 16:50:38] tirar tudo eu digo esse conjunto da foto
[2018-05-03 16:51:30] photo: /home/felipe/devel/github_garoa/Telegram_logs_Garoa_Hacker_Clube_Publico/media/Garoa_Hacker_Clube_(Público)/download_805529151_14647.jpg
[2018-05-03 16:51:51] mete o alicate e adeus webcam+mic!
[2018-05-03 16:52:10] (sim, eu sei que vc quer manter a webcam)
[2018-05-03 16:52:18] webcam dá pra tapar com adesivo
[2018-05-03 16:52:26] o ideal é cortar só o microfone
[2018-05-03 16:52:39] Caralho tu lê mentes?
[2018-05-03 16:52:46] webcam eu acho que é usb
[2018-05-03 16:53:04] não. Eu só penso sobre essas questões faz mais de 10 anos...
[2018-05-03 16:53:12] os argumentos já são lugar comum
[2018-05-03 16:53:31] Tenta puxar o fio e ver se o conjunto sai desse encaixe
[2018-05-03 16:53:53] aí analisamos o conjunto olhando por todos os lados
[2018-05-03 16:54:18] Puxei
[2018-05-03 16:54:43] conjunto saiu?
[2018-05-03 16:55:16] eu tinha dito que ia pro garoa às 17h mas to saindo de casa só agora. Vou atualizar o wiki e listar lá 18h
[2018-05-03 16:56:37] photo: /home/felipe/devel/github_garoa/Telegram_logs_Garoa_Hacker_Clube_Publico/media/Garoa_Hacker_Clube_(Público)/download_806008123_33704.jpg
[2018-05-03 16:56:37] photo: /home/felipe/devel/github_garoa/Telegram_logs_Garoa_Hacker_Clube_Publico/media/Garoa_Hacker_Clube_(Público)/download_806123360_87218.jpg
[2018-05-03 16:56:43] Era encaixe grazadeus
[2018-05-03 16:58:59] acho que a caixa cinza é um mic
e deve ter outro do outro lado da câmera
você pode usar força bruta pra tirar os dois
religar
e ver se a câmera funciona ainda
[2018-05-03 17:31:17] Não é isso Anchises, eu lembro, inclusive tenho salva essas informações
[2018-05-03 17:31:48] ta la, o que escolhi pro sabado, o que eu nao sabia era se tinha limite pra inscrição de acordo como o limite de pessoas pra atividade
[2018-05-03 17:32:19] nao informa isso la, e fiquei confuso se tava dentro das 80 vagas
[2018-05-03 17:59:10] Pqp, me enrolei
[2018-05-03 17:59:26] Não vou conseguir ir hj Juca, resolvendo umas coisas em casa que esqueci...
[2018-05-03 18:11:10] ok
[2018-05-03 18:16:48] Juca abri a porta
[2018-05-03 18:17:25] Abre
[2018-05-03 20:04:48] Sim..  A fonte dele funciona... 
Eu vou desmontar ele inteiro e fazer uma 'doação de órgãos' rs
Já tirei os cabos sata pra usar em outro pc e já doei os dois pentes de memória ram
[2018-05-03 20:34:59] @lvido @galera, as cervejas do garoa estão prontas para consumo???
[2018-05-03 21:04:45] Ta boa, ja provei
[2018-05-03 21:09:24] Ta boa, mas sem gás
[2018-05-03 21:17:07] Pelo que parece essa deu fail, mas haverão melhores
[2018-05-03 21:35:29] Dei sorte, a que peguei tinha gas
[2018-05-03 21:37:53] Curso EaD de Astrofísica 

http://zabot.paginas.ufsc.br/astro/
[2018-05-03 21:52:18] Remember the iPhone unicode bug? Android revenge is here https://bit.ly/2wbWxHV  (Telegram, WhatsApp, Facebook, Slack)
[2018-05-03 21:58:29] Alguém poderia por obséquio abrir a porta do garoa pra mim?
[2018-05-03 22:07:22] A porta está aberta, empurra
[2018-05-03 22:28:05] Ele conseguiu entrar! 😂
[2018-05-03 22:28:12] photo: /home/felipe/devel/github_garoa/Telegram_logs_Garoa_Hacker_Clube_Publico/media/Garoa_Hacker_Clube_(Público)/download_806010954_34866.jpg
[2018-05-03 22:28:51] photo: /home/felipe/devel/github_garoa/Telegram_logs_Garoa_Hacker_Clube_Publico/media/Garoa_Hacker_Clube_(Público)/download_804724683_190996.jpg
[2018-05-03 22:29:04] Conseguiu entrar! 👏👏👏
[2018-05-03 22:32:11] http://www.inovacaotecnologica.com.br/noticias/noticia.php?artigo=livro-gratuito-traz-nomenclatura-oficial-fisico-quimica-portugues&id=010175180502#.Wuu39RZv-Ec
[2018-05-03 23:17:38] document: /home/felipe/devel/github_garoa/Telegram_logs_Garoa_Hacker_Clube_Publico/media/Garoa_Hacker_Clube_(Público)/download_1244824411647770761.webp
[2018-05-03 23:18:18] Oi Galera, boa noite!!
Um amigo meu está trabalhando com personalização de... basicamente... qualquer coisa! haha ele tá estampando tudo, em diversos materiais (de tecido a azulejo a metal e por aí vai...), uma pegada bem maker mesmo com um trabalho lindo!!

Falei do Garoa pra ele, porque sei que a galera desenvolve muitos projetos fantásticos do zero e pensei se alguém aqui teria interesse em customizá-los, um possível parceria...

Se alguém tiver interesse, só dar um grito, posso passar o contato dele! 😊
