[2017-11-19 00:02:01] photo: /home/felipe/devel/github_garoa/Telegram_logs_Garoa_Hacker_Clube_Publico/media/Garoa_Hacker_Clube_(Público)/download_804727893_50440.jpg
[2017-11-19 00:02:08] photo: /home/felipe/devel/github_garoa/Telegram_logs_Garoa_Hacker_Clube_Publico/media/Garoa_Hacker_Clube_(Público)/download_804724524_72121.jpg
[2017-11-19 00:06:11] Boaaaa
[2017-11-19 00:06:25] Finalmente temos uma geladeira que fecha
[2017-11-19 00:06:43] @agaelebe
[2017-11-19 00:31:46] 666 membros
[2017-11-19 00:36:41] Ela tá funfando?
[2017-11-19 00:43:30] /qr@mate_obot
[2017-11-19 00:43:37] /QR teste
[2017-11-19 00:43:57] /qr nãofunfa
[2017-11-19 00:43:58] photo: /home/felipe/devel/github_garoa/Telegram_logs_Garoa_Hacker_Clube_Publico/media/Garoa_Hacker_Clube_(Público)/download_434314667_291457.jpg
[2017-11-19 00:44:09] Funfa sim kkkkkk
[2017-11-19 00:44:20] /stat@combot
[2017-11-19 00:44:21] combot.org/chat/-1001050919227
[2017-11-19 00:44:24] /stat
[2017-11-19 00:44:25] combot.org/chat/-1001050919227
[2017-11-19 00:45:00] Bora floodar o chat kkkkkk..foi mau, parei
[2017-11-19 00:45:37] document: /home/felipe/devel/github_garoa/Telegram_logs_Garoa_Hacker_Clube_Publico/media/Garoa_Hacker_Clube_(Público)/download_532576829467304010.mp4
[2017-11-19 00:55:01] /qr@mate_obot
[2017-11-19 00:55:08] eita malz
[2017-11-19 00:55:29] cliquei num negócio sem querer e a mensagem simplismente foi sozinha
[2017-11-19 00:57:53] Foi exatamente o que eu fiz, só que eu sou zueiro e continuei minha babaquice
[2017-11-19 01:13:42] Tá acontecendo alguma coisa com a wiki do garoa
[2017-11-19 01:13:58] photo: /home/felipe/devel/github_garoa/Telegram_logs_Garoa_Hacker_Clube_Publico/media/Garoa_Hacker_Clube_(Público)/download_804724837_72588.jpg
[2017-11-19 01:25:22] Ah, voltou
[2017-11-19 08:48:30] document
[2017-11-19 08:48:34] https://garoa.net.br/wiki/Noite_de_Processing
[2017-11-19 08:48:46] 6 Lightning talks
[2017-11-19 08:49:39] E 9 slots para projeção sem fala (pode rolar som, e vai ser durante a confraternização)
[2017-11-19 10:00:00] Pô, o garoa já tá aberto?? Madrugaram aí, foi?
[2017-11-19 11:15:06] https://tech.slashdot.org/story/17/11/19/0020219/musk-backed-slaughterbots-video-will-warn-the-un-about-killer-microdrones
[2017-11-19 11:22:29] https://www.youtube.com/watch?v=HipTO_7mUOw
[2017-11-19 11:45:55] document: /home/felipe/devel/github_garoa/Telegram_logs_Garoa_Hacker_Clube_Publico/media/Garoa_Hacker_Clube_(Público)/download_804725086_74129.jpg
[2017-11-19 12:00:00] https://docs.google.com/forms/d/e/1FAIpQLScYgMZ-dvwyvVzQMb_BPX9TVo1QWr7z0nTQZEtsvNojn-4omA/viewform
[2017-11-19 12:53:21] Simões joined
[2017-11-19 12:53:22] Hi Simões !
[2017-11-19 12:53:58] Opa. O garoa abre hoje ? Ou há alguma vida inteligente por lá hoje ? Kkk
[2017-11-19 13:40:29] Veja em www.garoa.net.br, se tem algum evento marcado hoje, ou consulte o status do Garoa...
[2017-11-19 13:40:53] Parece que tem gente lá... o status está "Aberto"...
[2017-11-19 14:59:48] Valeu
[2017-11-19 15:36:33] Galera, estou vendendo ESP. Quem quiser pode comprar pelo Mercado Livre, ou diretamente comigo
[2017-11-19 15:36:36] https://produto.mercadolivre.com.br/MLB-922008352-modulo-wifi-esp8266-esp-12-arduino-raspberry-iot-_JM
[2017-11-19 16:04:36] Se tiver alguém vindo pro Garoa, o status tá fechado mas os caras só tão almoçando aqui do lado e já voltam
[2017-11-19 16:12:53] Mas ta vendendo que versão?
[2017-11-19 16:13:11] Primeira foto é de um ESP-12E, segunda foto de um ESP-12
[2017-11-19 16:49:36] Tenho a ESP12 (sem os pinhos adicionais) e a ESP07
[2017-11-19 16:49:57] Tenho a plaquinha adptadora também.
[2017-11-19 17:03:03] https://produto.mercadolivre.com.br/MLB-922029269-kit-completo-modulo-wifi-esp8266-placa-adaptadora-_JM
[2017-11-19 17:12:55] Só to comentando que tem foto de dois produtos diferentes
[2017-11-19 19:58:14] Vi que uma galera falou de Bitcoin ali em cima, cuidado que no ultimo mês já rolou dois sequestros em Sampa e um no Rio. Limparam a carteira dos caras.
