[2016-07-20 00:39:03] Porque da trabalho e não é pra mim
[2016-07-20 00:39:12] Física de preferência
[2016-07-20 00:39:26] As duas na verdade, online tb é bom
[2016-07-20 00:40:14] http://loja.vidadeprogramador.com.br/
[2016-07-20 00:40:48] Conhece alguma física?
[2016-07-20 00:42:43] Não, especializada assim, não
[2016-07-20 00:45:10] Beleza
[2016-07-20 01:11:00] Funcionou como criptografia pra mim
[2016-07-20 10:09:32] 😄
[2016-07-20 14:26:25] document: /home/felipe/devel/github_tvdstaaij/telegram-history-dump/output/media/Garoa_Hacker_Clube_(Público)/download_735324325497798682
[2016-07-20 14:26:28] document: /home/felipe/devel/github_tvdstaaij/telegram-history-dump/output/media/Garoa_Hacker_Clube_(Público)/download_61206384934388589.webp
[2016-07-20 14:26:29] document: /home/felipe/devel/github_tvdstaaij/telegram-history-dump/output/media/Garoa_Hacker_Clube_(Público)/download_61206384934388589.webp
[2016-07-20 14:26:31] document: /home/felipe/devel/github_tvdstaaij/telegram-history-dump/output/media/Garoa_Hacker_Clube_(Público)/download_61206384934388591.webp
[2016-07-20 14:27:04] ^^ achei perdido aqui no Telegram. ele costuma ficar na porta da biblioteca!
[2016-07-20 14:27:04] LOL!
[2016-07-20 14:27:24] document: /home/felipe/devel/github_tvdstaaij/telegram-history-dump/output/media/Garoa_Hacker_Clube_(Público)/download_317335015874626446.webp
[2016-07-20 15:02:06] Jonnes joined
[2016-07-20 15:02:07] Hi Jonnes !
[2016-07-20 15:02:57] Fala galera, tudo em ordem?
[2016-07-20 15:22:34] o cara ta vivo
[2016-07-20 19:44:00] Pessoal, alguém quer dar pitaco no PC que estou montando agora? http://pcpartpicker.com/list/6Q7mqk
[2016-07-20 20:01:48] Hahahaha... Ae Oda!!!
[2016-07-20 20:02:48] document: /home/felipe/devel/github_tvdstaaij/telegram-history-dump/output/media/Garoa_Hacker_Clube_(Público)/download_58023844232823818.webp
[2016-07-20 20:02:59] Vou te chamar no pvt. Aguenta ae! ;)
[2016-07-20 20:58:41] @fsanches, achei um cara querendo ajuda para comprar um note que não dependa de blobs, pode ajudá-lo? Ou outrem aqui do grupo?
[2016-07-20 21:19:51] photo: /home/felipe/devel/github_tvdstaaij/telegram-history-dump/output/media/Garoa_Hacker_Clube_(Público)/download_802332311_112400.jpg
[2016-07-20 21:20:19] photo: /home/felipe/devel/github_tvdstaaij/telegram-history-dump/output/media/Garoa_Hacker_Clube_(Público)/download_803701729_60188.jpg
[2016-07-20 21:20:48] synth-porn
[2016-07-20 21:21:42] photo: /home/felipe/devel/github_tvdstaaij/telegram-history-dump/output/media/Garoa_Hacker_Clube_(Público)/download_803718277_59703.jpg
[2016-07-20 21:23:18] document: /home/felipe/devel/github_tvdstaaij/telegram-history-dump/output/media/Garoa_Hacker_Clube_(Público)/download_58023844232823455.webp
[2016-07-20 21:23:40] Wow! 8)
[2016-07-20 21:24:00] photo: /home/felipe/devel/github_tvdstaaij/telegram-history-dump/output/media/Garoa_Hacker_Clube_(Público)/download_548334029389168661.mp4
[2016-07-20 21:24:06] e autógrafos dos roqueiros :-)
[2016-07-20 21:24:47] sexta a fernanda tosta do garagem fablab vem no garoa
[2016-07-20 21:24:49] pra quem não conhece, esse é o bicho: http://www.lcs.poli.usp.br/~gstolfi/synthpage2.htm
[2016-07-20 21:25:40] photo: /home/felipe/devel/github_tvdstaaij/telegram-history-dump/output/media/Garoa_Hacker_Clube_(Público)/download_803712039_59809.jpg
[2016-07-20 21:27:01] NNão tá tendo mais o Hackids de quarta?
[2016-07-20 21:27:19] Olhei na Wiki e aparece que o Garoa tá fechado
[2016-07-20 21:29:20] Esse é legal
[2016-07-20 21:29:40] Visitei o Guido na sala dele hoje
[2016-07-20 21:29:55] e ele me emprestou esse material histórico
[2016-07-20 21:30:33] tem páginas onde ele diz: "mudança de planos, vamos abandonar a abordagem que tivemos até agora e seguir por outro caminho."
[2016-07-20 21:30:51] tem as datas das reuniões do grupo de pesquisa
[2016-07-20 21:31:05] e, se eu entendi bem, mostra o projeto evoluindo aos poucos
[2016-07-20 21:31:22] tem vários circuitos desenhados com capricho e depois riscados por cima
[2016-07-20 21:31:49] no índice do caderno consta: "material obsoleto: paginas tal e tal e tal"
[2016-07-20 21:37:21] QUe bacana
[2016-07-20 21:37:44] tem muita coisa
[2016-07-20 21:38:12] incrível como tem documento pra ser garimpado nessa história toda
[2016-07-20 21:38:24] já escaneei umas 10 teses de mestrado
[2016-07-20 21:38:32] e não para de aparecer documento legal pra escanear
[2016-07-20 21:38:52] o guido tá digitalizando o acervo completo de fitas perfuradas dele
[2016-07-20 21:39:11] Muito legal
[2016-07-20 21:39:18] e se ofereceu pra digitalizar as fitas de outras pessoas que tiverem material relativo ao patinho feio
[2016-07-20 21:39:29] E eu achando legal que eu tinha digitalizado o original da apostila de eletromag do orsini
[2016-07-20 21:39:30] acho que o Sebastião Barreto tmb tem bastante coisa
[2016-07-20 21:39:34] Opa, Mariotto
[2016-07-20 21:41:46] photo: /home/felipe/devel/github_tvdstaaij/telegram-history-dump/output/media/Garoa_Hacker_Clube_(Público)/download_803707212_59636.jpg
[2016-07-20 21:42:14] Pessoal, alguém sabe o nome desse tipo de parafuso?
[2016-07-20 21:42:20] hoje falei com a professora Maria Alice
[2016-07-20 21:42:36] espaçador hexa
[2016-07-20 21:43:10] Obrigado
[2016-07-20 21:47:20] achei!
[2016-07-20 21:53:47] photo: /home/felipe/devel/github_tvdstaaij/telegram-history-dump/output/media/Garoa_Hacker_Clube_(Público)/download_803716801_58960.jpg
[2016-07-20 21:54:15] catálogo da Alliance Plastics
[2016-07-20 21:55:13] que aliás... mudou de nome
[2016-07-20 21:55:14] http://www.essentracomponents.com.br/
[2016-07-20 21:55:42] http://www.essentracomponents.com.br/espacador-de-metal-roscado
[2016-07-20 22:19:01] document: /home/felipe/devel/github_tvdstaaij/telegram-history-dump/output/media/Garoa_Hacker_Clube_(Público)/download_826459275206328402.webp
[2016-07-20 22:36:20] Sai agora do Code For São Paulo... eles possuem ideias muito legais de hacktivismo*, quarta-feira que vem tem novo encontro...

* usam hacktivismo no sentido de utilizar conhecimento na área de tecnologia para ajudar pessoas, divulgar conhecimento...
[2016-07-20 22:42:05] Convidei-os para conhecer o Garoa, quando for possível marcarei com eles lá...
[2016-07-20 23:01:26] Felipe, vou tentar achar perto de casa, preciso de poucas peças
[2016-07-20 23:06:31] quero fazer um evento tipo fuckup night mas nao sei se esse nome eh bom em portugues
[2016-07-20 23:07:23] pensei em noite deu merda talvez
[2016-07-20 23:07:44] sugestoes de nomes?
[2016-07-20 23:07:55] deu ruim
[2016-07-20 23:08:05] foi mal
[2016-07-20 23:08:16] sifu
[2016-07-20 23:09:43] error 404
[2016-07-20 23:10:03] general fault
[2016-07-20 23:10:57] Segfault
[2016-07-20 23:13:37] General error
[2016-07-20 23:13:47] Deu merda é legal
[2016-07-20 23:36:40] como destruir ferrar e melar projetos - sexta

tem um projeto?
como destruir
ferrar
melar
com tudo de uma vez

uns mexicanos criaram um fuckup night pra discutir fracassos
vamos no garoa aprender tambem

algumas historias de como destruir projetos, grupos e espacos
como fazer tudo dar errado (ou nem tanto)
com pizza e cerveja
sexta

vem bater papo com a gente a fernanda tosta, mike howard, fernando carril, e erick emiliano, e mais alguns outros, para contar algumas boas historias
[2016-07-20 23:36:43] que tal assim
[2016-07-20 23:39:08] ah bando de gente que dorme aqui
[2016-07-20 23:39:23] ninguem falou que esta proibido dormir
[2016-07-20 23:39:30] pfft
[2016-07-20 23:39:45] ping
[2016-07-20 23:39:46] ping
[2016-07-20 23:39:47] ping
[2016-07-20 23:39:53] ping
[2016-07-20 23:40:11] ding
[2016-07-20 23:40:12] bling
[2016-07-20 23:48:00] agora o telegram limita a qtd de notificacoes por intervalo de tempo
[2016-07-20 23:48:01] kkkk
