[2016-12-04 00:47:50] Tenta pesquisar aqui:
http://listatelegram.github.io
[2016-12-04 01:03:22] document: /home/felipe/devel/github_tvdstaaij/telegram-history-dump/output/media/Garoa_Hacker_Clube_(Público)/download_20578987906433377.webp
[2016-12-04 01:13:26] Outra opção:
http://tg-list.online
[2016-12-04 02:15:19] Engenharia reversa ao vivo do HTC Vive:
https://youtu.be/sv_AVI9kHN4

A propósito, vídeo do CNLohr... sempre ele...
[2016-12-04 12:28:03] Eu comecei a ver ontem na madruga mas ja tava bem adiantado o codigo.. muito massa
[2016-12-04 12:28:38] Metrô Eldorado? Tem link do site da escola/seleção?
[2016-12-04 12:28:56] A ETEC com esse nome que encontrei no Google fica no Carrão. É essa?
[2016-12-04 12:34:56] Metrô Eldorado não fica em Minas Gerais? A ETEC Martin Luther King fica na Apucarana, próxima ao Metrô Carrão...
[2016-12-04 13:17:05] Pessoal, tenho uma dúvida.
Tenho uma pasta que contém diversas outra pastas e com diversos nomes, porém todas possuem uma pasta chamada original. Como faço para apagar somente a pasta original no terminal ?
[2016-12-04 13:21:00] Realmente não conferi as informações me perdoem
[2016-12-04 13:29:51] Consegui, obrigado
Segue abaixo a solução:
rm -rf textur*/original
[2016-12-04 15:03:04] galera alguém sabe como eu posso colocar crédito no paypal por boleto?
[2016-12-04 15:04:48] https://www.youtube.com/watch?v=T-vn5aG6YsY
[2016-12-04 15:10:15] Não tem como pelo que sei...Já li e reli o site
[2016-12-04 20:52:44] Alguém tem alguma pergunta para enviar ao Henrique Meirelles?
[2016-12-04 21:06:00] A sério?
[2016-12-04 21:15:36] De preferência pergutnas sérias
[2016-12-04 21:15:46] Com certeza
[2016-12-04 21:15:56] Pra quando?
[2016-12-04 21:16:05] Pergunta para ele se o estado é minimo, se os impostos serao minimos
[2016-12-04 21:16:35] ou vamos contiuar sendo estuprados
[2016-12-04 21:17:34] manda por inbox pra mim que eu listo tudo e vejo o que der pra perguntar... amanhã tenho fórum
[2016-12-04 21:18:25] Vou pensar em umas duas ou três e amanhã te mando
[2016-12-04 21:19:42] Como ele é o chefe da receita uma coisa que podemos perguntar é sobre burocracia na importação de equipamentos para desenvolvimento
[2016-12-04 21:20:00] isso já está aqui
[2016-12-04 21:20:16] Uhnnn
[2016-12-04 21:53:23] Acabei de conseguir recompilar o openwrt com umas mudanças e meu roteador pegou. Se alguém estava esperando suporte pro dir-610 a1 ou dir-615 b5, vou tentar fazer um pull request assim que possível. :D
[2016-12-04 21:54:29] O b5 eu não garanto, mas creio que funcione pelo chip flash ser o mesmo e o SoC também.
[2016-12-04 23:22:08] UHuu que bacana
