[2016-06-30 09:52:07] fala com a Gabi Agustini, do Olabi. Ela é uma dessas pessoas e conhece mais um monte.
[2016-06-30 10:33:59] E se usar a cabeça de base e pintar para preencher?
[2016-06-30 10:38:08] Seria possível fazer um molde na 3d, e depois moldar as canecas em algum material mais apropriado
[2016-06-30 10:38:35] Tipo argila
[2016-06-30 11:04:48] Eu já mexi com argila.... Não acho fácil mexer com argila
[2016-06-30 11:14:41] Não é fácil mexer com argila
[2016-06-30 11:14:59] trinca fácil...
[2016-06-30 12:56:26] Tem uma empresa que você encomenda e eles imprimem em cerâmica
[2016-06-30 12:56:35] Eles esmaltam e queimam
[2016-06-30 12:56:42] Não deve ser barato
[2016-06-30 12:57:01] Um arquiteto que conheço desenhou uma xícara
[2016-06-30 12:57:09] E encomendou
[2016-06-30 12:57:20] Fica lindo
[2016-06-30 12:57:23] nao eh facil? gostei, vamos fazer?
[2016-06-30 13:13:32] Argila. Manualmente? É necessário um forno para queima. O transporte é delicado e normalmente a esmaltação é feita com pigmentos que podem ser de manuseio complicado. Um molde vazado poderia auxiliar no processo. Seria difícil manter um padrão nos resultados.
[2016-06-30 13:13:53] e a coisa melhora a cada segundo :D
[2016-06-30 13:14:14] eu levo o forno
[2016-06-30 13:14:23] ja estava com uns planos de construir um
[2016-06-30 13:18:09] eu ja tenho o concreto celular e o fio para a resistencia, vou procurar uns reles que aguentem uma porrada para controlar a temperatura, acho que uns 20A em 220V deve dar conta
[2016-06-30 13:18:20] Lacad - Laboratório de Cerâmica Artística a Distância
http://www.ufrgs.br/lacad/fornos_ceramicos.html
[2016-06-30 13:18:27] P oda
[2016-06-30 13:22:41] vou para o garoa hoje comecar a estudar o assunto
[2016-06-30 13:25:21] mandei um email para um amigo que trabalhou com uma ceramista famosa ai... vou ver se ele arruma os pigmentos
[2016-06-30 13:25:58] se for algo realista com relacao a tempo e tamanho do forno, vamos ver se rola uma oficina
[2016-06-30 13:26:25] Oficina de produção de canecas, pratos e afins
[2016-06-30 13:27:09] acho que  pessoal vai mesmo eh fazer umas medalhinhas kkk
[2016-06-30 13:27:21] Kkkkkkkkk
[2016-06-30 13:33:55] alias, precisa do sensor de temperatura tb... alguem sabe qual aguenta, assim de cabeca?
[2016-06-30 13:37:47] No SESC Pompéia tem um senhor bem simpático que sabe muito sobre isso
[2016-06-30 13:38:20] Faz todas as oficinas de cerâmica, o Eng Goan
[2016-06-30 13:39:01] Ele tem uma ateliê tambem
[2016-06-30 13:40:18] Na Alfonso Bovero tem um atelier também, eles fazer por encomenda, claro que custa bem caro
[2016-06-30 13:42:12] Pena que o Oda já arrumou um projeto, este aqui tinha a cara dele: http://www.retrobuiltgames.com/the-build-page/arduino-vending-machine/
[2016-06-30 13:44:01] Duas coisas:
1. Porra, DQ, tenho filho para criar, para de me apresentar a tentacao!
2. Por 1 segundo achei que vc ia dar o modelo do sensor de temperatura e dizer que tinha uns 3, ja estava animado kkkk
[2016-06-30 13:44:33] O sensor que eu tenho vai só até 125 C.
[2016-06-30 13:44:48] https://www.youtube.com/watch?v=5eE7Da_6AMM
[2016-06-30 13:44:59] Epa, vídeo errado!
[2016-06-30 13:45:11] http://www.dx.com/p/water-proof-ds18b20-temperature-probe-90cm-142889#.V3VMbhJhrm5
[2016-06-30 13:45:40] Não olhem o vídeo do Obama, tem spoiler do Game of Trones!
[2016-06-30 13:46:10] Se abrir curso de cerâmica  no Sesc eu faço e repasso depois
[2016-06-30 13:46:21] O sensor de temperatura está à disposição de quem quiser automatizar a produção de cerveja.
[2016-06-30 13:47:30] Cerveja é mole, quero ver é produzir refri
[2016-06-30 13:47:44] paging @Gutem
[2016-06-30 13:47:57] Refrigerantes é muito mais fácil que cerveja
[2016-06-30 13:49:08] Para refrigerantes precisamos comprar outros equipamentos - mas ajudariam na cerveja também
[2016-06-30 13:49:43] Cilindro co2, válvulas, geladeira ou cuba pra gelar isso
[2016-06-30 13:50:33] Refri é fácil: água + gás carbônico + algo para dar gosto. Não lembro bem os detalhes mas na juventude eu fiz algo como água + KiSuco + Ácido ascórbico + bicarbonato de sódio.
[2016-06-30 13:51:23] Cuidado com o ácido ascórbico...
[2016-06-30 13:52:11] ele também é conhecido como vitamina C.
[2016-06-30 14:26:19] ah meu deus! acido! que perigo!
[2016-06-30 14:39:27] mas psôr... se vitamina C é acido não deveria fazer mal de ser ingerido?
[2016-06-30 14:39:30] LOL
[2016-06-30 14:49:41] O que será que podemos fazer pra colocar na lojinha
[2016-06-30 14:50:25] Eu já aprovei verba e estou pra fazer mais camisetas e imã que todo mundo me pediu
[2016-06-30 14:50:38] se imprimirmos chaveiros do Garoa, deve vender bem também
[2016-06-30 14:53:26] Yumi, se tiver essa opcao do moleton, pode ser bem legal
[2016-06-30 14:53:30] fico com um facil
[2016-06-30 14:53:46] podemos colocar uma margem maior neles
[2016-06-30 14:54:13] Podemos comprar ima de neodímio e colar objetos feitos na 3d
[2016-06-30 14:55:50] dá pra fazer imãs legais se pensarmos fora da caixa
[2016-06-30 14:55:57] algo que se mexe, sei lá...
[2016-06-30 14:56:37] Seria legal fazer os livros de cédulas de usd$2 de picotar, igual do Steve Wozniak
[2016-06-30 15:30:48]  joined
[2016-06-30 15:38:40] Sai cara a brincadeira
[2016-06-30 15:38:55] Fui ver para passear nos EUA uma vez.
[2016-06-30 15:40:10] Não lembro o quanto, mas desencanei
[2016-06-30 15:43:16] http://www.moneyfactorystore.gov/2currencysheetsbeptestsheet.aspx
[2016-06-30 15:43:16] Taí
[2016-06-30 15:45:17] E  as notas do Woz são verdadeiras. Ele não falsifica.
[2016-06-30 15:47:30] Pena que a brincadeira sai cara. Mais de 100 dólares por 32 notas de 2
[2016-06-30 15:57:25] photo: /home/felipe/devel/github_tvdstaaij/telegram-history-dump/output/media/Garoa_Hacker_Clube_(Público)/download_826459275206328422.webp
[2016-06-30 16:48:56] document: /home/felipe/devel/github_tvdstaaij/telegram-history-dump/output/media/Garoa_Hacker_Clube_(Público)/download_135158025190113522.webp
[2016-06-30 17:21:38] Mais um autógrafo... 👍
[2016-06-30 18:08:12] Já tem gente no Garoa? O status está como fechado, quero saber se não é nova falha no sensor...
[2016-06-30 18:08:48] Quinta-feira costuma ter gente bem mais cedo...
[2016-06-30 18:38:40] Devo chegar 19h
[2016-06-30 18:39:28] @Biazzotto a ThoughtWorks não se dedica só impacto social mas é um dos nosso fundamentos a defesa da justiça econômica e social então investimos forte em software livre de impacto social positivo e outras ações. E no Brasil a direção da TW é feita por duas mulheres.
[2016-06-30 18:41:19] Respondi tua mensagem lá embaixo... Foi mal. Mas tenho dois nomes pra te indicar, as diretoras da Thoughtworks no Brasil
[2016-06-30 18:55:40] Acabo de chegar e abrir
[2016-06-30 19:07:33] Valeu Luciano, estou entrando em contato com o pessoal do Fórum de Finanças Sociais e Negócios de Impacto. A Thoughworks é um excelente exemplo a ser seguido.
[2016-06-30 19:08:45] Villares, já estou a caminho... o sensor está funcionando bem, aparentemente, assim que recebi sua mensagem confirmei isso...
[2016-06-30 19:12:42] Proposta (pro CMC) ganhamos 8 cadeiras maravilhosas do LabDeGaragem, vamos eleger as 6 piores dentre as antigas e descartar?
[2016-06-30 19:13:38] Sou a favor e acho que não precisa do CMC :)
[2016-06-30 19:17:58] o diretor de hardware sou eu
[2016-06-30 19:18:15] entao sigam minnhas instrucoes a risca
[2016-06-30 19:18:19] facam como achar melhor
[2016-06-30 19:18:46] [façocracia mode ON]
[2016-06-30 19:19:16] acho legal nao jogar fora de cara, separa, deixa em um lugar recuperavel pro uns dias
[2016-06-30 19:19:31] Kkkk
[2016-06-30 19:19:35] facocracia pressupoe a viabilidade de reversao
[2016-06-30 19:28:57] preciso de cadeiras pra minha nova moradia
[2016-06-30 19:29:08] pra usar na cozinha, so tenho mesa mas nao tenho cadeiras
[2016-06-30 19:29:14] duas tá bom
[2016-06-30 19:29:19] afonso, tem mesa?
[2016-06-30 19:29:30] tenho uma de madeira
[2016-06-30 19:30:18] Depois me fala do que ta precisando... Se pá tenho uns paranaue pra arranjar
[2016-06-30 19:30:51] fabio trambiqueiro
[2016-06-30 19:31:30] @AlexandreVillares será que vai ter gente o suficiente para dividir pizza? Estou pensando em parar no Sukiya se não tiver...
[2016-06-30 19:31:42] eu vou! quero pizza!
[2016-06-30 19:31:50] de urgente já tenho uma lavaroupas +- e uma microondas quebrado
[2016-06-30 19:31:59] falta fogao geladeira que vou comprar usado
[2016-06-30 19:32:18] de moveis falta cadeira pra cozinha e moveis pra guardar panela de cozinha
[2016-06-30 19:32:21] Beleza, então vou direto...
[2016-06-30 19:33:39] shhh
[2016-06-30 19:33:46] o alvara foi caçado aqui
[2016-06-30 19:33:50] nao vou mais...
[2016-06-30 19:34:07] espero que ainda consiga passar no sukiya
[2016-06-30 19:34:50] Já era, hahahaha... tudo bem, qualquer coisa tem a padaria.
[2016-06-30 19:35:27] po, foi mal
[2016-06-30 19:35:57] estou entrando com um recurso no supremo, mas as chances nao estao ao meu favor
[2016-06-30 19:37:04] Hahahaha...
[2016-06-30 19:45:50] no grupo repúblicas usp tem uns vendendo. Tudo de recém formado louco pra se virar
[2016-06-30 19:46:48] Boa sorte Oda. Você é japonês. Vai conseguir
[2016-06-30 20:21:01] kkkkk
[2016-06-30 20:50:45] começando webnar sobre linguagens no TDC https://app.webinarjam.net/register/19271/f4bc87db7b
[2016-06-30 21:00:25] Oda, nas sucatas de notebook tem algum teclado funcionando?
[2016-06-30 21:00:40] nao tenho ideia
[2016-06-30 21:00:51] acho que aqueles notes tem problemas como bateria, fonte, memoria e fonte
[2016-06-30 22:02:15] se alguem quiser ir visitar um fablab, estamos indo sexta e sabado
[2016-06-30 22:57:52] hihihi...
[2016-06-30 22:58:00] document
[2016-06-30 23:01:16] :-)
[2016-06-30 23:01:16] Rá!
[2016-06-30 23:01:53] O Aurium's Bot está louco...
[2016-06-30 23:02:39] Novidade
[2016-06-30 23:02:49] O que é um bot normal?
[2016-06-30 23:03:15] 🤔
[2016-06-30 23:03:20] Acontece quando serv sai do ar :-p
[2016-06-30 23:03:21] /help@AuriumBot
[2016-06-30 23:03:33] Um dia descubro!
[2016-06-30 23:03:45] O meu objetivo é interagir de forma natural, mas sem causar floods em grupos. 
 
Eu posso: 
Responder a "o que é [alguma coisa]?" com uma busca na Wikipedia e DDG. 
Responder a "onde fica [algum lugar]?" com uma busca no Google Maps. 
Calcular expressões algébricas nas frases, tipo "tenho (38+52)/6 bananas". 
Gerar áudio do texto que você quiser após a palavra "diga". 
Responder a "que horas são?" de uma forma humana. 
Jogar velha. (é só me pedir!) 
Te trazer notícias. Escreva "rss help" para saber mais. 
Gerir suas tarefas. Escreva "todo help" para saber mais. 
 
Se precisar, fale com @Aurium.
[2016-06-30 23:03:48] Não sei O que é um bot normal?. :-(
[2016-06-30 23:04:03] Eu tava esperando o bot responder "Eu não sei o que é um bot normal :/"
[2016-06-30 23:04:05] Uhuuu
[2016-06-30 23:04:06] Não sei o que é um bot normal :/". :-(
[2016-06-30 23:04:41] O que é agir normalmente sem passar vergonha?
[2016-06-30 23:04:42] Ele respondeu... hahahaha....
[2016-06-30 23:04:44] hehehehe!
[2016-06-30 23:04:46] Não sei O que é agir normalmente sem passar vergonha?. :-(
[2016-06-30 23:07:08] Todo: Aprender a agir normalmente....
[2016-06-30 23:07:09] Tarefa "2016-jul-01 02:07 Aprender a agir normalmente...." adicionada.
[2016-06-30 23:11:30] Todo: Transformar Gregório Duvivier em anarquista...
[2016-06-30 23:11:31] Tarefa "2016-jul-01 02:11 Transformar Gregório Duvivier em anarquista..." adicionada.
[2016-06-30 23:12:55] Diga que Gregório é o ateuzinho do meu coração.
[2016-06-30 23:12:56] document: /home/felipe/devel/github_tvdstaaij/telegram-history-dump/output/media/Garoa_Hacker_Clube_(Público)/download_594142595790148544.mp3
[2016-06-30 23:14:41] Hahahaha...
