[2017-04-03 00:46:57] document: /home/felipe/devel/github_tvdstaaij/telegram-history-dump/output/media/Garoa_Hacker_Clube_(Público)/download_5123383306766778369
[2017-04-03 08:58:48] Tá no ar
[2017-04-03 08:58:52] levinho rs
[2017-04-03 09:04:27] 1° de Abril ;)
[2017-04-03 09:05:28] Considerando que mensagem foi enviada em 31 de março...
[2017-04-03 09:06:57] Lá deve ter um email de contato, reclama com o SysAdmin... ;)
[2017-04-03 11:03:19] Norberto Silva @ABAPgroup Telegram joined
[2017-04-03 11:03:20] Hi Norberto Silva !
[2017-04-03 12:44:12] 💖🌈
[2017-04-03 12:44:59] que lyndo 👏🏻👏🏻👏🏻
[2017-04-03 13:31:29] Elvio Martinelli joined
[2017-04-03 13:31:29] Hi Elvio !
[2017-04-03 15:31:13] boa tarde
[2017-04-03 15:31:27] alguem trabalha com o yocto-project ?
[2017-04-03 16:27:16] Sim.
[2017-04-03 16:28:08] Alguém.
[2017-04-03 16:28:11] LOL
[2017-04-03 16:28:26] hahahaha
[2017-04-03 16:29:18] https://lh5.googleusercontent.com/-Xatj-FQ-hjs/Tn6lN3S3hzI/AAAAAAAAABo/lc9kzABD3J4/s400/445-three-logicians-walk-into-a-bar.png
[2017-04-03 17:03:15] Rafael Reimberg joined
[2017-04-03 17:03:16] Hi Rafael !
[2017-04-03 18:11:54] Qualquer pessoa pode frequentar o Garoa?
[2017-04-03 18:16:14] Sim
[2017-04-03 18:16:32] Até eu sou aceita
[2017-04-03 18:17:44] não-pessoas também podem:
[2017-04-03 18:17:45] https://en.wikipedia.org/wiki/Nonperson
[2017-04-03 19:00:13] Dinossauros e extra-terrestres também são aceitos, mas acho q Ainda não apareceram por lá
[2017-04-03 19:07:18] Tem umas mini lagartixas super de boa tb.
[2017-04-03 19:12:52] Mosquitos pelo que me lembro não são, mas eles continuam indo
[2017-04-03 19:12:58] Ou marxistas
[2017-04-03 19:33:31] Hauahhaauhaha
[2017-04-03 19:39:08] Até onde sabemos
[2017-04-03 19:59:08] Quanto a esses há controvérsias se são bem vindos ou se são enxotados aos tapas...
[2017-04-03 20:25:57] 😂
[2017-04-03 21:00:00] Alguém já mudou metadados de uma arquivo cr2 (canon raw)?
[2017-04-03 21:01:30] alguém daqui*
[2017-04-03 21:01:33] Kkkk
[2017-04-03 21:01:50] LOL
[2017-04-03 21:18:51] document: /home/felipe/devel/github_tvdstaaij/telegram-history-dump/output/media/Garoa_Hacker_Clube_(Público)/download_803111025_48858.jpg
[2017-04-03 21:18:58] Como usar não usar um multímetro
[2017-04-03 21:20:03] Eu brinquei com RAW da Canon MUITO tempo atrás
[2017-04-03 21:20:10] Alguma pegunta específica?
[2017-04-03 21:50:24] Gutem, tu já fez aquela palestra sobre bitcoins e afins?
[2017-04-03 21:51:38] https://www.coinstaker.com/bitcoin-hyip/
[2017-04-03 21:53:50] @Gutemhc eu e um grupo de amigos estamos pesquisando sobre investimentos em Coins, daí lembrei de q vc tinha comentado em fazer algo sobre... Kkkk
[2017-04-03 21:55:38] Eu fiz sobre segurança do ecossistema. Sobre o BTC em si, foi o @fernandoGuisso que falou
[2017-04-03 21:57:46] Blz, pq tem uma HYIP brasileira fazendo sucesso aí atualmente em 4 lugar no ranking e com uns reviews estáveis só q o assunto do q e não é bem simples de entender kkkk
[2017-04-03 21:58:40] E não, não é minha kkkkk
[2017-04-03 22:05:54] eu n curto HYIP de jeito nenhum, pulo fora, sobre a Bitcointask n tenho o que reclamar, mas também nas comunidades series sobre btc nunca vi ninguém falando
[2017-04-03 22:08:38] Conheci algumas pessoas investindo pesado nessa HYIP (coisa de 5 bitcoins) e como vi eles sacando fui ver qualé q é... Achei arriscado em alguns pontos (e praticamente uma pirâmide de Coins) mas dá pra rentabilizar se for esperto...
[2017-04-03 22:08:42] Assim, se for pra investir em BTC, ñ recomendo HYIP, Faucet e nem Cloud Mining, se tu quer ganhar dinheiro mesmo vai de servicos p2p, Trade, Arbitragem, Alavancagem, essas coisas
[2017-04-03 22:09:41] é aquele esquema ponzi né, se tu for esperto, até ganha grana e cai fora na hr certa, mas vc pode ter certeza q tds as outras pessoas estão pensando da mesma forma q vc
[2017-04-03 22:11:47] Sim sim, no site q passei explica a curva de rendimentos e afins, por isso fui pesquisar mais... Eu já tinha pesquisado um tanto sobre mas fiquei pq não tinha grana para um hardware decente pra ter um lucro
[2017-04-03 22:12:01] Agora estava vendo os clound dá vida...
[2017-04-03 22:12:22] Mano, tu tem grana?
[2017-04-03 22:12:31] tipo, milhões?
[2017-04-03 22:12:37] Quem dera kkkk
[2017-04-03 22:12:51] Se tiver blz, se não larga mão de mining
[2017-04-03 22:12:58] Cloud é piada, vou nem comentar
[2017-04-03 22:14:21] Já vi bot ruim fazendo 1, 2 % por dia no trade, bot ruim, imagina se tu fizer um bom
[2017-04-03 22:16:19] Vlw, vou pesquisar mais aqui.... Sempre existirá aquele sonho de ganhar dinheiro sem ter trabalho kkkk
[2017-04-03 22:19:04] Auhauha, pode crer, só cuidado pra ñ perder mt antes de ganhar pouco
[2017-04-03 22:20:39] Sobre investimento, já fica a dica, a curva do bitcoin por enquanto esta só subindo, investimentos a longo prazo são ótimos e ainda valem a pena.
[2017-04-03 22:21:15] http://www.fmss.org.br/novidade/quatro-jovens-e-um-destino/
[2017-04-03 22:23:26] Por sorte extrema eu consegui alguns Coins na época q começou e tenho em carteira até hj, por isso pensei em reinvestir eles, já até estou olhando nas carteiras de nuvem tipo xapo e afins, mas queria q eles rendessem mais q só a valorização
[2017-04-03 22:25:15] Tendeu, se achar a mina de ouro conta pra gente então ehhehe
[2017-04-03 22:25:35] Ahauahauay
[2017-04-03 22:25:46] e cuidado com carteiras q vc n tenha a custodia das suas moedas, q vc não tenha as privkey
[2017-04-03 22:27:03] Tem alguma q vc indique/conheça ? Curti a xapo pelo cartão de débito atrelado ao coin
[2017-04-03 22:28:41] Aproveitando q tô explorando vc kkkk site de corretagem tb aceito dica kkkkk
[2017-04-03 22:31:04] A Xapo é ótima, inclusive tem um time fodastico de heads da Visa e afins, mas eu recomendo Paper Wallet, pq tenho problemas de segurança, paper é o q se aproxima de mais seguro, depois tem a electrum, copay e mycelium q tem codigo aberto, então vc pode modificar a seu gosto e saber o q rola
[2017-04-03 22:31:13] https://bitcoinpaperwallet.com/
[2017-04-03 22:31:58] Se liga nos preços aqui e mete bala https://biscoint.io/
[2017-04-03 22:32:55] Walltime, foxbit, bitcoin2you, coinbr, são as q coloco a mão no fogo no momento
[2017-04-03 22:34:28] Cara, obrigado pelo help aí... Faz tempo q não pesquiso tanto sobre um assunto kkkk já tem alguns dias q tô debulhando tudo q vejo só não fui ver no Reddit (pq daí perco a vida por lá)
[2017-04-03 22:35:11] é, Reddit é o que á de melhor hehe, se ficar esperto por lá tu lucra bem, mas tem q ter tempo
[2017-04-03 22:37:38] Fica a dica pra quem quer ganhar grana no sofá
[2017-04-03 22:37:44] http://www.infomoney.com.br/carreira/emprego/noticia/6301521/netflix-contrata-pessoas-mundo-todo-para-trabalho-remoto-traducao
[2017-04-03 23:42:54] O site do Garoa tá cagado: https://garoa.net.br/wiki/Garoa_Hacker_Camp_2017
[2017-04-03 23:46:08] photo: /home/felipe/devel/github_tvdstaaij/telegram-history-dump/output/media/Garoa_Hacker_Clube_(Público)/download_5125215166153097217.png
[2017-04-03 23:49:08] sausifrufru
[2017-04-03 23:54:13] @eduoda andou mexendo no server?
[2017-04-03 23:58:23] @Gutemhc andou testando sua botnet?
[2017-04-03 23:58:49] Sim
[2017-04-03 23:59:01] Mas uma coisa não tem nada a ver com a outra
