[2017-12-27 01:01:14] Valeu amigo
[2017-12-27 08:43:06] photo: /home/felipe/devel/github_garoa/Telegram_logs_Garoa_Hacker_Clube_Publico/media/Garoa_Hacker_Clube_(Público)/download_805514570_67850.jpg
[2017-12-27 08:43:09] Pessoal! Agora no começo do ano vai rolar um workshop (4 encontros) sobre Arduino no Sesc 24 de maio (no ETA)! Conteúdo incrível e custo bem camarada ... Vamos participar, aprender e compartilhar
[2017-12-27 09:51:55] https://hackernoon.com/ten-years-in-nobody-has-come-up-with-a-use-case-for-blockchain-ee98c180100
[2017-12-27 10:28:28] Oxente! https://www.healthit.gov/sites/default/files/5-56-onc_blockchainchallenge_mitwhitepaper.pdf
[2017-12-27 10:41:27] Atacaram um SIS Triconex em um SDCD com sucesso no Oriente Médio. http://www.isssource.com/safety-system-dcs-attacked/
[2017-12-27 14:06:45] Acabou o hype kkkkkk
[2017-12-27 14:25:40] Felipe "Juca" Sanches removed Roll 'em Bot
[2017-12-27 14:25:57] Felipe "Juca" Sanches removed Combot
[2017-12-27 14:38:15] Lucas Golino joined
[2017-12-27 15:26:34] Porque tem um graph do MtGox com a coluna usd/btc nessa matéria?
[2017-12-27 15:37:41] Luciano joined
[2017-12-27 16:39:56] Formulário de comentário fica no final do post, lá no medium.
Perguntar ao autor parece a forma mais inteligente de receber uma resposta precisa ao invés de especulações. ( Ler o post também pode ser uma boa. )
[2017-12-27 17:09:51] Olá queridos colaboradores de hackerspaces do Brasil!!!!

Aqui quem fala é o Fernando Guisso, membro do Garoa Hacker Clube.

Estou entrando em contato para convida-los a participar do nosso Espaço Dumont Hackerspace dentro da Campus Party BR11.

Neste link você pode cadastrar sua atividade para participar com a gente, lá também tem alguns links explicando o que é o Dumont hackerspace e algumas outras duvidas que possam surgir como: Não tenho ingresso e agora? Como funciona a ética de um hackerspace, funciona o espaço Dumont, Be excellent each other, se você propor uma atividade para compartilhar seu conhecimento, seu ingresso esta garantido, lógico que temos um limite de cortesias, por isso você tem que propor uma atividade legal.

O Douglas do Laboratorio Hacker de Campinas(LHC) e eu vamos organizar esse espaço e escolher as atividades que vão participar do evento, qualquer duvida, entre em contato com qualquer um de nós.

Vida longa e prospera amigo e até o evento!

Fernando Guisso
Garoa HC
[2017-12-27 17:09:51] https://goo.gl/forms/UbpkTn96BfJZ3LgD3
[2017-12-27 17:16:03] document: /home/felipe/devel/github_garoa/Telegram_logs_Garoa_Hacker_Clube_Publico/media/Garoa_Hacker_Clube_(Público)/download_532580527434145694.mp4
[2017-12-27 17:52:59] Pessoal, se alguém tiver experiência com data science e tiver interesse em trabalhar num banco (para área de macroeconomia e equity research), me manda msg :)
[2017-12-27 18:54:11] Eu faço MBA de big data 
Me passa o link da vaga q divulgo para turma
[2017-12-27 19:16:25] https://www.youtube.com/watch?v=nsiYTBQpIJ8
[2017-12-27 21:04:44] Cada lei que aparece, não? https://www.radarlegislativo.org/projeto/254/ os hospitais mal possuem estrutura pra parto, agora querem obriga-los a adquirirem digitais dos bebês e mães e ceder dados para o governo sem mesmo autorização judicial. Pq querem hashs de bebês eu gostaria de saber
[2017-12-27 21:07:21] Isso é daquele major?
[2017-12-27 21:18:51] 1984 haha
[2017-12-27 21:24:16] Magno Malta é um pastor evangélico, cantor e senador brasileiro
[2017-12-27 21:25:28] tem um PL de um major nessa pegada
[2017-12-27 21:25:36] cansei de ler chorume hoje
[2017-12-27 21:26:07] photo: /home/felipe/devel/github_garoa/Telegram_logs_Garoa_Hacker_Clube_Publico/media/Garoa_Hacker_Clube_(Público)/download_805514890_67869.jpg
[2017-12-27 21:41:26] 👍
[2017-12-27 21:59:27] É uma boa ideia pra rotulo de breja
[2017-12-27 23:58:18] Curti tb
