[2018-01-23 04:22:41] Júnior era um gênio. Ele salvou uma missão da NASA, na década de 90 e me ajudou MUITO há dois anos com umas.pesquisas minhas sobre sensores de solo com os seus conhecimentos de geologia
[2018-01-23 04:24:15] Se quiserem eu posso apresentar ao grupo alguns amigos radioamadores de Sampa
[2018-01-23 06:59:58] Seria legal sim
[2018-01-23 07:22:30] Vou ver se consigo alguém, peço para falar diretamente com quem do Garoa? Vocês possuem espaço para instalar antenas?
[2018-01-23 11:08:01] Tem um quintalzinho que acho que rola.
[2018-01-23 11:08:07] Pode falar comigo diretamente
[2018-01-23 11:15:17] Bora prototipar um CubSat? #Partiu @lvido @eduoda @NavarroFelipe ?
[2018-01-23 12:20:11] Queria
[2018-01-23 12:23:11] Dê uma olhada no google flights, os preços estão nessa faixa
[2018-01-23 12:23:54] Tenho um baita tesão nisso, pena que não moro em Sampa, dificultando a logística da coisa :(
[2018-01-23 12:33:24] Tem um aqui que tá 3,150k, mas tem escala. 
Qual o problema de vôos com escalas?
[2018-01-23 12:43:49] CR2018! Aberta a Chamada de Propostas de Atividades para CryptoRave 2018 - 5ª edição! \o/

As inscrições vão até dia 24 de março, à meia-noite.
Não deixe para a última hora!

Submeta a sua proposta: https://cpa.cryptorave.org/pt-BR/cr2018/cfp/session/new
[2018-01-23 12:59:32] Depende da sua tolerância em esperar o tempo da escala para pegar o próximo vôo, mas se a escala for muito longa eu vejo como uma oportunidade de conhecer uma nova cidade. (Há variáveis que impactam no planejamento disso, mas vai de cada um...)
[2018-01-23 13:02:27] Demoram mais 😂
[2018-01-23 13:03:15] Ou se a escala for muito curta, corre o risco de perder o vôo
[2018-01-23 16:37:09] Portas da melancolia : escrever código ao som de Dark Souls OST : Souls of Fire
[2018-01-23 16:44:21] Alguém
[2018-01-23 16:44:24] Sabe me dizer
[2018-01-23 16:44:27] O que é
[2018-01-23 16:44:46] Vulnerabilidade de code sining em sistemas móveis (mobile)?
[2018-01-23 16:45:05] code signing*
[2018-01-23 16:50:55] todo app tem assinatura pra poder o sistema instalar sem reclamar que eh de algo que ele nao conhece
[2018-01-23 16:51:02] sistema mobile*
[2018-01-23 16:51:18] ai tem um ataque que coloca uma assinatura valida num app malicioso
[2018-01-23 16:51:39] e vc roda e ja era
[2018-01-23 16:51:41] ;d
[2018-01-23 17:34:42] photo: /home/felipe/devel/github_garoa/Telegram_logs_Garoa_Hacker_Clube_Publico/media/Garoa_Hacker_Clube_(Público)/download_804724409_120271.jpg
[2018-01-23 17:37:54] 😳
[2018-01-23 17:54:04] Tendir
[2018-01-23 18:33:21] Pesadelo
[2018-01-23 18:33:52]  joined
[2018-01-23 19:39:42] Já a caminho do Garoa! Alguém por aí?
[2018-01-23 19:53:27] o status ta fechado
[2018-01-23 20:06:28] terá algo no garoa hj?
[2018-01-23 20:38:57] Acho q não
[2018-01-23 20:39:12] O Nelson já voltou p o hotel
[2018-01-23 20:40:28] :p ainda bem que nao fui na sorte hahahaha
[2018-01-23 20:40:40] esse mes teve 5 tercas
[2018-01-23 20:41:01] qnd tem a quarta terca e nao eh a ultima do mes nao tem nada sempre
[2018-01-23 20:43:29] o cara tem q resolver uma equacao pra saber se vai ter terca
[2018-01-23 20:43:42] ou é só olhar na wiki :p
[2018-01-23 20:49:26] photo: /home/felipe/devel/github_garoa/Telegram_logs_Garoa_Hacker_Clube_Publico/media/Garoa_Hacker_Clube_(Público)/download_804727038_95287.jpg
[2018-01-23 23:15:31] Bruno joined
[2018-01-23 23:16:33] Olá galera , sou apaixonado por tecnologia e venho estudando sobre o assunto .
Encontrei por acaso o site .
Show!
[2018-01-23 23:27:59] photo: /home/felipe/devel/github_garoa/Telegram_logs_Garoa_Hacker_Clube_Publico/media/Garoa_Hacker_Clube_(Público)/download_806123998_30587.jpg
