[2016-08-03 08:00:36] Foi bem legal a apresentação do Carril ontem
[2016-08-03 08:02:08] Na conversa que seguiu vislumbrei alguns 'design patterns' de hackerspace que vou tentar ajudar a implementar
[2016-08-03 08:05:05] 'embaixadores voluntários do dia' (por falta de um nome melhor) são os associados que se apresentam num momento de atividade com atenção extra para receber visitantes
[2016-08-03 08:07:40] 'livro de visitantes' que o Garoa até já teve, e tem alguma relação com o pattern anterior, por conter a pergunta 'quem recebeu e/ou mostrou para você o Garoa?'
[2016-08-03 08:14:56] a gente tinha um
[2016-08-03 08:15:02] aí ele  queimou
[2016-08-03 08:19:06] Hahahaha...
[2016-08-03 08:46:40] Shit happens
[2016-08-03 08:57:57] Quem desejar eu posso ajudar no planejamento da interação social do hackerspace, posso dar suporte em áreas como gestão do acolhimento, educação ambiente individual e coletivo, gestão do espaço fisico e psicólogico se o hackerspace tiver projetos como mante-los etc... Poderia fazer um whitepaper e deixar como base pra outros que tenho interesse em fazer, é claro se os tipos e objetivos forem semelhantes.
[2016-08-03 08:58:30] Tem alguem de Recife aqui?
[2016-08-03 08:58:49] De pernambuco? Ou do nordeste?
[2016-08-03 08:59:15] Algo similar aos Embaixadores voluntários não funcionou, o pattern observado até agora eh: entra animado, logo cansa
[2016-08-03 08:59:21] *Que tenham interesse em...
[2016-08-03 09:00:41] Sem gestão não funciona, nem com toda boa vontade do mundo, mesmo autogestionado tem que ter gestão.
[2016-08-03 09:00:56] Começou...
[2016-08-03 09:02:38] O__O ? Ja falaram sobre isso? Desculpem é que vi os comentarios e acho que da pra fazer muita coisa imagina o Brasil brotando hackerspace em todo lugar?
[2016-08-03 09:03:37] Com um modelo de partida ficaria mais facil pra os que tiverem interesse 👍
[2016-08-03 09:04:26] Minha ideia e a seguinte Oda, quem estiver lá lembrar e combinar que alguém deve ficar mais atento com os visitantes
[2016-08-03 09:04:38] Só isso, sem burocracia
[2016-08-03 09:06:14] Diego, o Garoa é bem anárquico e não vai rolar nada muito estruturado.
[2016-08-03 09:06:34] Eu tambem sou
[2016-08-03 09:07:13] Form online pega menos fogo ;)
[2016-08-03 09:07:27] o que falo são estruturas ergonômicas da interação.
[2016-08-03 09:08:23] Pixe no muro eh ainda melhor
[2016-08-03 09:08:53] Parede dos visitantes? Deixamos uns canetoes la
[2016-08-03 09:09:38] Outras duas coisas que rolaram na conversa foram: maquina de costura
[2016-08-03 09:10:22] Isso eh legal mesmo
[2016-08-03 09:10:38] Hackatona de manutenções/melhorias
[2016-08-03 09:11:02] O saco eh agulha quebrando, a minha tem que usar com um pouco de cuidado, já está meio velhinha...
[2016-08-03 09:13:22] Tenho  um amigo que tem aquelas máquinas de tricô animais, tou pra trazer ele pra fazer uma oficina de tricô no Garoa, ele faz aqui no Copan as vezes
[2016-08-03 09:18:05] Show... poderia ser usada para "wearables"...
[2016-08-03 09:20:49] 🌉O NoiseBridge é acessível aos cadeirantes, tem protocolo para receber visitantes, divulga claramente as atividades e pede doações o tempo todo...
[2016-08-03 09:21:59] Acho que dá para atualizar o sistema Garoa 2.x para receber mais gente e exigir isenção fiscal do governo ☔️
[2016-08-03 09:22:57] document: /home/felipe/devel/github_tvdstaaij/telegram-history-dump/output/media/Garoa_Hacker_Clube_(Público)/download_58023844232823124.webp
[2016-08-03 09:23:22] Bom, o garoa eh o lugar da façocracia
[2016-08-03 09:23:32] Então façam :)
[2016-08-03 09:23:41] ;-)
[2016-08-03 09:24:21] Se quiserem conversar sobre experiências anteriores, só falar
[2016-08-03 09:24:56] @Fabiohirano  vamos tentar uma meta de duas atividades com crianças por semestre?
[2016-08-03 09:25:42] Verdade @carril, falamos de acessibilidade, preciso checar umas medidas...
[2016-08-03 09:28:28] @eduoda você topa dar uma olhada em uma máquina de costura que você recomendaria?
[2016-08-03 09:31:26] Naquele corredor passa cadeirante?
[2016-08-03 09:32:19] @AlexandreVillares qq uma pela qual não tenhamos que pagar ta otimo
[2016-08-03 09:33:24] Singer eh a clássica
[2016-08-03 09:33:43] Se for comprar, pagar menos de 600 reais eh pedir para se fuder
[2016-08-03 09:34:15] Overlock pode ser mais interessante para nós...
[2016-08-03 09:35:05] Aquelas coisa de infinitos tipo de ponto acabo nunca usando
[2016-08-03 09:40:01] legal!
[2016-08-03 09:40:24] exatamente a minha dúvida, e se tem espaço de giro no banheiro
[2016-08-03 09:40:27] Overlock é mais versátil.
[2016-08-03 09:44:12] Oba oficina de Overlock! (não faço a menor ideia)
[2016-08-03 09:51:51] como fica melhor de falar: "O Garoa aceita doações de máquinas de costura e/ou overlock funcionando"
[2016-08-03 09:54:33] https://twitter.com/garoahc/status/760821002200899584
[2016-08-03 10:03:47] Agora que virou um homemzinho já quer encher a cara né?
[2016-08-03 10:55:56] Parece bom. Gostei. Trimestralmente?
[2016-08-03 10:58:59] Yep, aquele último que você organizou com crianças e chili, foi quando mesmo?
[2016-08-03 11:09:40] Não passa,experiência própria. Fiquei um tempão de cadeira e tenho a exata noção de espaço
[2016-08-03 11:10:24] Mas talvez o pior seja a irregularidade do piso
[2016-08-03 11:17:22] Foi na festa junina
[2016-08-03 11:19:54] Bom, fica como aspiração para que no futuro tenhamos uma sede acessível.
[2016-08-03 11:20:02] Michael, teria como você fazer uma lista de dificuldades que encontrou pra usar cadeira de rodas lá? Talvez isso servisse como um começo funcional pra essas coisas serem melhoradas. Fazendo uma atividade-mutirão, sei lá.
[2016-08-03 11:28:22] Tem um amigo meu que está querendo muito visitar o Garoa, mas como é cadeirante não pôde ir...
[2016-08-03 11:31:31] Será que rola um acesso 'emergencial'? Uma cadeira dobrável e ele ser carregado pra dentro e pra fora?
[2016-08-03 12:01:31] @anchisesbr bom dia, posso te fazer uma pergunta?
[2016-08-03 12:13:56] Dê uma olhada aqui: https://garoa.net.br/wiki/Como_criar_um_hackerspace
[2016-08-03 13:45:51] A gente pode ver amanhã. Eu faço um teste
[2016-08-03 15:23:52] @aylon
[2016-08-03 15:24:09] @aylons eu to projetando a CPU do Another World
[2016-08-03 15:24:19] E quero botar uma licença de hardware livre
[2016-08-03 15:24:33] tem algo análogo à GPL pra design de hardware ?
[2016-08-03 15:24:45] Para HDL ou para esquemático e sistema?
[2016-08-03 15:25:00] esquemático + PCB
[2016-08-03 15:25:10] OHL
[2016-08-03 15:25:20] é copyleft ?
[2016-08-03 15:25:24] Foi criada deliberadamente para ser o GPL do hardware.
[2016-08-03 15:25:30] Sim.
[2016-08-03 15:25:30] ótimo
[2016-08-03 15:25:40] Procura a versão 1.2
[2016-08-03 15:25:48] tem um exemplo de uso da licença pra eu ver como se aplica?
[2016-08-03 15:26:30] Veja meu usuário no GitHub, no repositório LNLS-dig tem vários
[2016-08-03 15:26:43] O OHWR também tem um monte.
[2016-08-03 15:29:21] https://github.com/lnls-dig/afc-hw?files=1
[2016-08-03 15:30:08] Taí um que estou trabalhando agora
[2016-08-03 15:34:22] pronto
[2016-08-03 15:34:42] https://github.com/felipesanches/AnotherWorld_JAMMA
[2016-08-03 15:35:56] posso tirar os arquivos .bak do repositório e colocalos num .gitignore ?
[2016-08-03 15:44:52] e os arquivos *-cache.lib ? Podem ser retirados do git tmb ?
[2016-08-03 18:02:13] photo: /home/felipe/devel/github_tvdstaaij/telegram-history-dump/output/media/Garoa_Hacker_Clube_(Público)/download_803703703_67979.jpg
[2016-08-03 18:02:14] por falar em kicad..
[2016-08-03 18:02:46] refiz o projeto do broche baseando em um instructable que mostra como fazer direct drive da matriz com um 328p
[2016-08-03 18:03:12] a fiação é consideravelmente mais simples e dá pra fazer essa versão em camada única
[2016-08-03 18:03:24] o que é que isso faz/
[2016-08-03 18:03:25] ?
[2016-08-03 18:03:40] é um broche com um display 8x8
[2016-08-03 18:04:06] https://www.facebook.com/photo.php?fbid=10154266735009462&set=a.10150320432369462.392638.687699461&type=3
[2016-08-03 18:04:30] meu projeto original tem um max7219 e um attiny85
[2016-08-03 18:23:11] https://github.com/Lana-chan/brochehacker/tree/singlesided
[2016-08-03 18:23:51] Sim
[2016-08-03 18:23:57] Talvez
[2016-08-03 18:24:41] Depois eu explico melhor. Mas se você referenciar as bibliotecas de componentes adequadamente, não precisaria.
[2016-08-03 18:24:52] Se estiver na dívida, deixa lá.
[2016-08-03 19:04:52] tô sempre em dívida
[2016-08-03 19:10:24] kd os mestres pokemons?
[2016-08-03 19:10:29] tudo funcionando no brasil agora
[2016-08-03 19:11:00] Estamos aqui
[2016-08-03 19:11:18] Já peguei vários, hehehe
[2016-08-03 19:11:29] kkkkk
[2016-08-03 19:31:29] galera que quiser usar um encurtador de URL, opensource, grátis e que não registra nenhum dado pessoal: http://wp-a.co
[2016-08-03 19:31:36] é feio, mas funciona
[2016-08-03 19:35:26] Está funcionando com processador Intel? Vou instalar, então...
[2016-08-03 19:36:34] Começou agora?
[2016-08-03 19:36:46] Acabei de chegar de viagem
[2016-08-03 19:36:54] upaco
[2016-08-03 19:50:57] photo: /home/felipe/devel/github_tvdstaaij/telegram-history-dump/output/media/Garoa_Hacker_Clube_(Público)/download_803701329_67860.jpg
[2016-08-03 19:51:00] Isolado
[2016-08-03 19:52:25] Hj eu tava emulando Android no PC e caçando uns pokemons,  finalmente saiu
[2016-08-03 19:53:04] Dando um role
[2016-08-03 19:53:08] Não apareceu nada...
[2016-08-03 19:53:32] Tem que fazer algo ou eh tipo: surpresaaaaa!!!
[2016-08-03 19:53:35] ?
[2016-08-03 19:54:09] photo: /home/felipe/devel/github_tvdstaaij/telegram-history-dump/output/media/Garoa_Hacker_Clube_(Público)/download_803718993_68992.jpg
[2016-08-03 19:54:13] Dentro do imasters
[2016-08-03 20:25:22] quantos viciados de pokemon go?
[2016-08-03 20:25:41] importaram os portais do ingress, entao ja temos um no garoa
[2016-08-03 20:25:54] Já peguei 4, e instalei faz 20 minutos...
[2016-08-03 20:25:55] eu to viciado é em portas lógicas
[2016-08-03 20:26:32] É melhor... vício mais útil...
[2016-08-03 20:28:28] photo: /home/felipe/devel/github_tvdstaaij/telegram-history-dump/output/media/Garoa_Hacker_Clube_(Público)/download_803716894_68170.jpg
[2016-08-03 20:31:27] preparem-se para ver um monte de Pokemongol pela rua...
[2016-08-03 20:32:22] já não basta olimpíadas, agora mais essa... :-(
[2016-08-03 20:32:53] Peguei 3
[2016-08-03 20:33:02] Usei um incenso
[2016-08-03 20:34:04] Tentei encontrar dando uma volta, mas nada
[2016-08-03 20:34:24] Vou manter o sedentarismo e mockar o gps
[2016-08-03 20:34:51] Meu irmão importou no computador de bordo dele no Japão
[2016-08-03 20:35:58] document: /home/felipe/devel/github_tvdstaaij/telegram-history-dump/output/media/Garoa_Hacker_Clube_(Público)/download_55490225845045187.webp
[2016-08-03 20:36:18] photo: /home/felipe/devel/github_tvdstaaij/telegram-history-dump/output/media/Garoa_Hacker_Clube_(Público)/download_803707298_68365.jpg
[2016-08-03 20:36:26] Se soltou 3 vezes da pokébola já
[2016-08-03 20:36:49] Não rola uma batalha?
[2016-08-03 20:38:07] photo: /home/felipe/devel/github_tvdstaaij/telegram-history-dump/output/media/Garoa_Hacker_Clube_(Público)/download_803716314_69021.jpg
[2016-08-03 20:38:35] O da segunda linha, última coluna eh aquele rosa inútil, né?
[2016-08-03 20:38:36] Da hora... capturou um Carril... 😂😂😂
[2016-08-03 20:39:03] Sim, capturei dois...
[2016-08-03 20:39:34] Melhor deixar comprado umas bolas melhores
[2016-08-03 20:40:05] Po, só tem um tipo? Kkkkk
[2016-08-03 20:40:25] Pay to win ta foda assim kkkk
[2016-08-03 20:41:21] photo: /home/felipe/devel/github_tvdstaaij/telegram-history-dump/output/media/Garoa_Hacker_Clube_(Público)/download_803716016_67812.jpg
[2016-08-03 20:42:30] O que eh essa bola branca?
[2016-08-03 20:48:53] photo: /home/felipe/devel/github_tvdstaaij/telegram-history-dump/output/media/Garoa_Hacker_Clube_(Público)/download_803712081_68481.jpg
[2016-08-03 20:49:06] Vou precisar me esforçar mais...
[2016-08-03 20:54:21] photo: /home/felipe/devel/github_tvdstaaij/telegram-history-dump/output/media/Garoa_Hacker_Clube_(Público)/download_803705832_68287.jpg
[2016-08-03 21:07:30] photo: /home/felipe/devel/github_tvdstaaij/telegram-history-dump/output/media/Garoa_Hacker_Clube_(Público)/download_803711820_68542.jpg
[2016-08-03 21:07:48] Da hora...
[2016-08-03 21:08:58] Aqui quando capturo um pokemon aparece um cenário genérico, não aciona minha câmera...
[2016-08-03 21:19:49] https://garoa.net.br/wiki/CPU_do_Zero
[2016-08-03 21:20:02] O garoa  é ginasio?
[2016-08-03 21:20:36] Sim
[2016-08-03 21:20:53] Por causa do portal do ingress pelo visto
[2016-08-03 21:21:21] document: /home/felipe/devel/github_tvdstaaij/telegram-history-dump/output/media/Garoa_Hacker_Clube_(Público)/download_826459275206328386.webp
[2016-08-03 21:21:32] Galera, vcs já acharam algum jeito de andar com o Pokemon go ativo e no bolso?
[2016-08-03 21:21:36] photo: /home/felipe/devel/github_tvdstaaij/telegram-history-dump/output/media/Garoa_Hacker_Clube_(Público)/download_803712239_68477.jpg
[2016-08-03 21:21:48] Infelizmente não
[2016-08-03 21:22:34] Preciso achar uma forma de fazer isso urgente
[2016-08-03 21:22:49] Kkkk
[2016-08-03 21:23:20] Ficou legal com o chanfro no canto...
[2016-08-03 21:23:39] Vc perde algo quando o Pokémon te ataca?
[2016-08-03 21:24:00] sdds época que não tinha chanfro e você queimava a CPU por ligar ela ao contrário..
[2016-08-03 21:24:02] Senão eh só deixar aberto direto
[2016-08-03 21:24:08] sdds meu 486 que eu queimei assim...
[2016-08-03 21:24:54] Falou a terceira idade do garoa
[2016-08-03 21:25:07] falou o diretor músico
[2016-08-03 21:26:38] Meu, a gente tem que criar um gadget pra isso oda
[2016-08-03 21:26:59] document: /home/felipe/devel/github_tvdstaaij/telegram-history-dump/output/media/Garoa_Hacker_Clube_(Público)/download_753733448681653111.webp
[2016-08-03 21:27:23] Olha o desespero
[2016-08-03 21:27:24] Kkkk
[2016-08-03 21:27:52] AHAHHAHAHAHA
[2016-08-03 21:27:52] Rumo aos 150 pokemons
[2016-08-03 21:27:53] mano.. não pintaram o snowy nesses stickers
[2016-08-03 21:28:00] Ele deveria soltar um intent aleatório dizendo que tem Pokémon
[2016-08-03 21:28:02] Enquanto a galera ta vendo as olimpíadas, eu estou vendo os pokemon que eu quero
[2016-08-03 21:28:03] document: /home/felipe/devel/github_tvdstaaij/telegram-history-dump/output/media/Garoa_Hacker_Clube_(Público)/download_753733448681652856.webp
[2016-08-03 21:28:12] snowy vazado
[2016-08-03 21:28:15] que bizarro
[2016-08-03 21:28:39] document: /home/felipe/devel/github_tvdstaaij/telegram-history-dump/output/media/Garoa_Hacker_Clube_(Público)/download_58023844232824106.webp
[2016-08-03 21:29:00] Arrrrrrrrr
[2016-08-03 21:29:40] Juca, mongol com que sentido?
[2016-08-03 21:29:40] preparem-se para ver um monte de Pokemongol pela rua...
[2016-08-03 21:29:56] oh yeah
[2016-08-03 21:30:09] Cara tou vendo os ladrões se profissionalizando em pokemon go dps de hj
[2016-08-03 21:30:21] A galera vai ficar especialista em roubar celular
[2016-08-03 21:30:22] Juca, mongol com que sentido?
[2016-08-03 21:30:31] document: /home/felipe/devel/github_tvdstaaij/telegram-history-dump/output/media/Garoa_Hacker_Clube_(Público)/download_505010926202650760.webp
[2016-08-03 21:30:35] oh yeah
[2016-08-03 21:30:41] Oh yeah o q?
[2016-08-03 21:30:44] oh yeah
[2016-08-03 21:30:49] Ahahaahahahah
[2016-08-03 21:31:06] @vmesel já aconteceu faz tempo nos EUA
[2016-08-03 21:31:17] Tou falando no Brasil
[2016-08-03 21:31:25] Juca, ainda estou esperando a explicação
[2016-08-03 21:31:35] só por lure num gym
[2016-08-03 21:31:39] todos vêm
[2016-08-03 21:31:39] oh yeah
[2016-08-03 21:32:10] ótimo jeito de chamar novos associados pro garoa também..
[2016-08-03 21:32:15] põe isca no garoa!
[2016-08-03 21:32:38] que tipo de associado queremos?
[2016-08-03 21:32:53] jogando pokemon acho que já é meio caminho andado
[2016-08-03 21:33:01] Ofender metade do grupo nao parece uma postura muito decente, sem falar na referência pejorativa a um povo
[2016-08-03 21:33:24] eu quero associados que se interessem em maquinas de pinball, software livre, arcades, engenharia reversa, hardware hacking e design de CPUs :-)
[2016-08-03 21:34:00] E ai juca? Vai ser fazer de desentendido?
[2016-08-03 21:34:06] oh yeah
[2016-08-03 21:34:54] E não podem ter associados que se interessem em máquinas de pinball, software livre, arcades, engenharia reversa, hardware hacking, design de CPUs, E Pokémon Go?
[2016-08-03 21:35:04] pode sim :-)
[2016-08-03 21:35:05] Ótimo, juca, nao esperava mais de vc
[2016-08-03 21:35:21] foi so um trocadilho beste, Oda. Relaxa
[2016-08-03 21:35:24] besta
[2016-08-03 21:35:29] trocadilho besta
[2016-08-03 21:35:41] Não achei besta
[2016-08-03 21:35:52] E não, não relaxo
[2016-08-03 21:35:55] ja passou...
[2016-08-03 21:35:59] vai passar...
[2016-08-03 21:36:13] Eu também não estou ofendendo os jogadores
[2016-08-03 21:36:16] Juca, mongol com que sentido?
[2016-08-03 21:36:21] Até pq...
[2016-08-03 21:36:26] Nao passou
[2016-08-03 21:36:57] mmmm https://twitter.com/smartereveryday/status/760817815289028608
[2016-08-03 21:37:04] quero um painel com todos esses botões
[2016-08-03 21:37:13] não sei o que vão fazer, mas eu quero todos eles
[2016-08-03 21:38:26] me desculpe, Oda. Se te ofendeu, eu posso de pedir desculpas. E peço também pra qualquer outra pessoa que tenha se ofendido
[2016-08-03 21:40:38] @mynameiserin o dq tem uns bem bacanas
[2016-08-03 21:41:03] Vc já viu os kits dele?
[2016-08-03 21:41:11] non
[2016-08-03 21:41:37] será que eu encontro osciloscópio quebrado barato na sta ifigênia pra canibalizar knobs e switches?
[2016-08-03 21:41:39] seria legal
[2016-08-03 21:43:26] Compra uma mesa de som velha
[2016-08-03 21:43:48] Tem algumas antigas com uns knobs bem loucos
[2016-08-03 21:44:16] ooh, bom soruce também
[2016-08-03 21:44:29] gosto desses knobs que também são switches
[2016-08-03 21:44:35] A minha só tem knob comum...
[2016-08-03 21:44:36] tipo knob de volume em tv antiga
[2016-08-03 21:44:39] Isso
[2016-08-03 21:44:44] Tem mesa com esses
[2016-08-03 21:44:51] doido
[2016-08-03 21:45:01] Tipo, dois knobs em  e ainda puxa e aperta
[2016-08-03 21:45:18] yessss
[2016-08-03 21:45:41] Nos minha mesa te uma bosta... Osmar tomou conta...
[2016-08-03 21:45:48] ixe
[2016-08-03 21:46:06] Pior que nem sei se abrir e limpar resolve
[2016-08-03 21:46:18] Acho que eh pt...
[2016-08-03 21:52:40] enquanto metade da população joga pokemongo e a outra metade assiste as olimpíadas, eu fico observando os gatos bocejarem aleatoriamente
[2016-08-03 21:53:35] Aleatoriamente? Isso é o que eles querem que você pense
[2016-08-03 21:54:01] gatos sempre seguem a sequência de fibonacci
[2016-08-03 21:54:04] photo: /home/felipe/devel/github_tvdstaaij/telegram-history-dump/output/media/Garoa_Hacker_Clube_(Público)/download_803701428_68669.jpg
[2016-08-03 21:54:17] photo: /home/felipe/devel/github_tvdstaaij/telegram-history-dump/output/media/Garoa_Hacker_Clube_(Público)/download_803703349_68160.jpg
[2016-08-03 21:54:44] Seu gato te hipnotizou e vc ainda não percebeu
[2016-08-03 21:55:05] hahahaha
[2016-08-03 21:55:32] photo: /home/felipe/devel/github_tvdstaaij/telegram-history-dump/output/media/Garoa_Hacker_Clube_(Público)/download_803703315_67600.jpg
[2016-08-03 21:55:36] pombos tb
[2016-08-03 21:57:30] tem dois pombos ocupando o mesmo lugar no espaço começo da sequência ?!
[2016-08-03 22:03:20] No enough data
[2016-08-03 22:16:03] @fsanches : 

-cache.lib: …​ a local copy of all the symbols used in the corresponding schematic, so that when the folder containing a KiCad project is copied to a different PC, the schematic can still be opened and printed and will still look the same as the original draughtsperson intended - even if that other PC does not have those symbols in its main libraries (or has symbols that coincidentally have the same name but are completely different).
[2016-08-03 22:16:09] Tirei do site do Kicad.
[2016-08-03 22:17:09] Na prática, a gente faz assim: cria uma biblioteca com prefixo próprio para evitar conflito de nomes, e assim, a pessoa pode baixar a biblioteca inteira e assim não se guarda o cache-lib no repositório.
[2016-08-03 22:17:29] Se não for o caso, como não é para a maioria dos projetos, deixa o cache-lib lá
[2016-08-03 22:17:44] Ele não é muito grande
[2016-08-03 22:18:24] Eeeee... estamos agitando para trazer os desenvolvedores do Kicad do CERN para e E-HAL.
[2016-08-03 22:18:45] E fazer uma grande hackatona de kicad durante o evento.
[2016-08-03 22:18:52] Vamos ver se dá certo.
[2016-08-03 22:23:41] sim, eu to sabendo
[2016-08-03 22:24:04] o Rafael Pezzi entrou em contato
[2016-08-03 22:24:49] @aylons você sabe dizer se existe alguma forma de fazer simulação de circuitos digitais a partir de um netlist do KiCAD ?
[2016-08-03 22:25:03] Ainda não
[2016-08-03 22:25:04] Maaas
[2016-08-03 22:25:30] Eu estou interessado em implementar, e o cern também. Seria uma integração com o Icarus.
[2016-08-03 22:25:39] legal!
[2016-08-03 22:25:56] eu estou lendo uma tese de mestrado sobre isso
[2016-08-03 22:26:06] Você , aliás, tem um know how que interessa muito para o Kicad
[2016-08-03 22:26:20] Que é a parte gráfica da coisa, tanto do editor de esquemático quanto do de layout.
[2016-08-03 22:26:55] https://github.com/felipesanches/PatinhoFeio/blob/master/Automa%C3%A7%C3%A3o_de_Projetos_de_Sistemas_Digitais__Simulacao_em_Nivel_de_Portas_Logicas__Massola_1974.pdf
[2016-08-03 22:27:35] Automação de Projetos de Sistemas Digitais: Simulação em Nível de Portas Lógicas - Massola, 1974
[2016-08-03 22:28:08] cara... a parte gráfica do KiCAD é bem KAGADS :-P
[2016-08-03 22:28:36] um monte de buffer de vídeo que o editor de esquemáticos esquece de atualizar
[2016-08-03 22:28:46] sobra um monte de caca na tela o tempo todo
[2016-08-03 22:29:00] Você está usando qual render? E qual versão do KICAD?
[2016-08-03 22:29:04] tem que ficar dando zoom out / zoom in pra redesenhar
[2016-08-03 22:29:17] to usando a estável do repositório do Trisquel
[2016-08-03 22:29:27] antes eu usava compilada direto do git
[2016-08-03 22:29:40] Manda um link da do trisquel
[2016-08-03 22:29:47] mas deu uma zica que eu não tive saco de correr atrás pra acertar e não era crítico pra mim usar bleeding edge
[2016-08-03 22:30:11] eu sei que tem um render opengl no editor de pcb
[2016-08-03 22:30:12] Enfim, tem uma tecla de atalho para redesenhar. E a maioria das distros usa uma estável antiga demais. A estável do site do Kicad é a melhor.
[2016-08-03 22:30:21] mas eu to usando o editor de esquematico só ultimamente
[2016-08-03 22:31:43] Beleza. Se quiser simular circuitos logicos, veja o QUCS
[2016-08-03 22:32:16] http://qucs.sourceforge.net/docs/tutorial/ffmodels.pdf
[2016-08-03 22:32:58] o MAME está com um subsistema de emulação de CIs de lógica digital
[2016-08-03 22:33:08] [OFF] Utilidade Pública para sedentários e preguiçosos!
[2016-08-03 22:33:14] http://galaxianerd.com.br/como-jogar-pokemon-go-sem-sair-de-casa/
[2016-08-03 22:33:15] e também analógicos
[2016-08-03 22:33:30] pq tem algumas placas de arcade que não tê CPU !
[2016-08-03 22:51:19] @aylons muito legal o artigo que vc passou sobre simulação mista de flip-flops
[2016-08-03 22:51:35] transientes...
[2016-08-03 22:51:48] propagação de ondas em circuitos digitais...
[2016-08-03 22:52:18] faz a gente lembrar que o mundo de verdade não é sempre lindo como no modelo teórico do zero e um
[2016-08-03 22:55:15] Para quem faz eletrônica digital de alta velocidade, este é o dia a dia. São essas coisas que dão os paus.
[2016-08-03 22:55:36] :-)
[2016-08-03 22:57:09] vc faz falta aqui no Garoa, viu... precisamos fazer um Garoa Hacker Camp #1 pra te trazer dar oficinas dentro da piscina
[2016-08-03 22:58:10] Eu quase não fico em casa
[2016-08-03 22:59:36] document: /home/felipe/devel/github_tvdstaaij/telegram-history-dump/output/media/Garoa_Hacker_Clube_(Público)/download_61206384934388105.webp
[2016-08-03 23:05:45] Pode ser ano que vem? Estou envolvido com dois eventos grandes este ano. Mas podemos fazer para comemorar os 6 anos da fundação do Garoa, ou talvez os 7 do início do processo.
[2016-08-03 23:05:58] Tinha vários pokemons no imasters
[2016-08-03 23:05:58] Foi engraçado o pessoal capturando lá
[2016-08-03 23:06:28] O Garoa não é uma gym?
[2016-08-03 23:10:34] Pokestop
[2016-08-03 23:12:43] Qual a diferença?
[2016-08-03 23:18:12] Não sei, mas gyms são onde os jogadores se agrupam mais
[2016-08-03 23:20:26] Acho que Gym é onde se luta e o outro onde se ganha itens
[2016-08-03 23:22:30] Tem que criar um time
[2016-08-03 23:22:39] Demorou
[2016-08-03 23:23:06] Aí o time toma conta do gym
[2016-08-03 23:24:47] E o time tem que tomar um gym
[2016-08-03 23:25:16] O líder do time vira gum leader
[2016-08-03 23:26:02] E pra cada cada tomando de conta do gym sem ser tomado eh 10pokecoins pro time ou leader
[2016-08-03 23:26:11] Que serve pra comprar coisas kkk
[2016-08-03 23:27:21] 10?
[2016-08-03 23:27:27] Que miséria kkkk
[2016-08-03 23:28:48] 5200 pcoins da 130 reais
[2016-08-03 23:29:15] 14500 pcoins da 390 reais
[2016-08-03 23:29:22] Faz sentido?
[2016-08-03 23:32:12] Sim
[2016-08-03 23:32:39] Pq?
[2016-08-03 23:33:17] Pq tem gym que fica longe
[2016-08-03 23:33:28] E qm domina foca ganhando pcoins sem Fazer nada
[2016-08-03 23:33:31] Nao, po
[2016-08-03 23:33:36] Os preços
[2016-08-03 23:33:41] Ah tá
[2016-08-03 23:34:04] Se liga, se comprar 3 de 5200 sai mais barato
[2016-08-03 23:34:15] Sei lá se vi errado
[2016-08-03 23:35:37] É o imposto sobre grandes fortunas... 😂😂😂
[2016-08-03 23:37:00] Eh verdade
[2016-08-03 23:37:21] Acho que por conta das lavagens de dinheiro
[2016-08-03 23:37:29] Kkkkk
