[2016-10-16 01:27:55]  joined
[2016-10-16 01:27:56] Hi Andre !
[2016-10-16 06:53:53] http://icoboard.org/
[2016-10-16 06:55:02] FPGA compatível com pinagem do raspi e que roda com uma toolchain supostamente livre.
[2016-10-16 13:29:37] photo: /home/felipe/devel/github_tvdstaaij/telegram-history-dump/output/media/Garoa_Hacker_Clube_(Público)/download_803711473_114561.jpg
[2016-10-16 13:46:19] Estou no espaço do Garoa no Redbull aqui
[2016-10-16 14:10:18] No evento maker?
[2016-10-16 14:56:14] Está faltando gente aqui, se alguém quiser ajudar
[2016-10-16 14:59:38] eita, quem está aí?
[2016-10-16 14:59:54] até que horas vai?
[2016-10-16 15:00:47] Até 20h
[2016-10-16 15:01:03] Cheguem ai com coisas pra ocupar o espaço
[2016-10-16 15:01:13] O Oda e o Vitor tava envolvidos
[2016-10-16 15:01:32] Mas achei que eles já tinham falado com o pessoal pra vir
[2016-10-16 15:02:20] Tem Ngm e nada lá
[2016-10-16 15:02:37] Pois é, fiquei na dúvida se ia rolar alguma atividade Garoa...
[2016-10-16 15:03:39] Vou tentar ir, preciso permissão :(
[2016-10-16 15:06:29] Só o poster já seria bom
[2016-10-16 15:06:37] O Mike vai ficar aqui
[2016-10-16 16:17:26] Apesar de já estar melhor, não poderei ir, tenho um compromisso familiar hoje...
[2016-10-16 19:37:20] hoje de noite vai ter lançamento de 2 astronautas chineses num foguete chinês rumo à estação espacial chinesa :-)
[2016-10-16 19:37:22] http://spaceflightnow.com/2016/10/16/shenzhou-11-mission-status-center/
[2016-10-16 19:37:41] daqui cerca de 2 horas
[2016-10-16 19:37:47] mas já está com streaming ao vivo
[2016-10-16 20:16:18] IoE https://www.bbvaopenmind.com/en/the-internet-of-everything-ioe/?utm_source=twitter&utm_medium=techreview&utm_campaign=MITcompany&utm_content=IoEverything
[2016-10-16 20:30:20] Juca, esqueceu de mencionar que é do programa espacial chinês...
[2016-10-16 20:30:44] 😂
[2016-10-16 20:32:41] Os russos ajudaram os chineses nesses lançamentos ou é 100% tecnologia chinesa?
[2016-10-16 20:34:18] Estou só brincando, nem sei...
[2016-10-16 20:39:54] Pc não liga depois da manutenção.
[2016-10-16 20:40:15] Estou com o Cobre na mão, hue.
[2016-10-16 20:41:01] suponho que seja 100% tecnologia chinesa
[2016-10-16 21:16:14] Sem querer te desanimar, o meu já era... estática... tive que comprar outro...
[2016-10-16 21:18:11] Fica frio, deve ser nada...
[2016-10-16 21:26:08] Cara, Dsclp a curiosidade, mas eu já vi essa pixacao da sua foto numa escola abandonada em pinheiros. Q. Desgraça eh essa?
[2016-10-16 21:37:32] document: /home/felipe/devel/github_tvdstaaij/telegram-history-dump/output/media/Garoa_Hacker_Clube_(Público)/download_129472600886738984.jpeg
[2016-10-16 22:15:03] Carlos Adão é uma longa história! Mas dizem q tem essa pichação em milhares de lugares. Eu nunca vi... 😊 coloquei só pra zoar um pessoal do garoa.
[2016-10-16 22:15:45] Q loucura
[2016-10-16 22:19:22] O Carlos Adão já deu até entrevista, procura no Google que acha
[2016-10-16 22:19:41] Oloco tio
[2016-10-16 22:23:14] https://youtu.be/_mkGr5thFxs
[2016-10-16 22:26:08] É, eu tinha lido entrevista de verdade, essa eu não garanto nada
[2016-10-16 22:28:49] http://spaceflightnow.com/2016/10/16/shenzhou-11-mission-status-center/
[2016-10-16 22:28:56] vejam o replay agora
[2016-10-16 22:33:32] amanhã tem o retorno do foguete Antares: http://spaceflightnow.com/2016/10/16/video-antarescygnus-pre-launch-news-conference/
[2016-10-16 22:33:41] http://spaceflightnow.com/2016/10/16/faulty-cable-delays-antares-launch-24-hours/
[2016-10-16 22:34:12] E na 4a feira tem astronautas indo de Soyuz (foguete russo) para a ISS: http://spaceflightnow.com/2016/10/16/video-soyuz-rocket-rolled-to-pad-for-expedition-49-crew-launch/
[2016-10-16 22:48:54] Boa noite
[2016-10-16 22:57:51] a noite é boa
[2016-10-16 23:00:45] Quero fazer uma visita no garoa, rsrs
[2016-10-16 23:18:44] que bom, rsrs
[2016-10-16 23:19:12] É só olhar no nosso site pra saber se está aberto e, se sim, colar lá.
[2016-10-16 23:20:40] tem um logo de um guarda-chuva na página principal (https://garoa.net.br/wiki/P%C3%A1gina_principal) que informa se o espaço está aberto (guarda-chuva verde e aberto com a palavra "ABERTO") ou fechado (guarda-chuva vermelho e fechado com a palavra "FECHADO").
[2016-10-16 23:33:12] Essa semana vou
[2016-10-16 23:33:13] Haha
[2016-10-16 23:33:15] Obrigado
[2016-10-16 23:33:40] Beleza
[2016-10-16 23:33:41] Haha
[2016-10-16 23:33:43] De nada
[2016-10-16 23:34:06] 👏
[2016-10-16 23:34:14] document: /home/felipe/devel/github_tvdstaaij/telegram-history-dump/output/media/Garoa_Hacker_Clube_(Público)/download_1842540969984064.webp
[2016-10-16 23:34:49] document: /home/felipe/devel/github_tvdstaaij/telegram-history-dump/output/media/Garoa_Hacker_Clube_(Público)/download_38846012097298894.webp
