[2016-11-23 00:31:02] Só consigo pensar em maldades. rsrs
[2016-11-23 00:31:09] document: /home/felipe/devel/github_tvdstaaij/telegram-history-dump/output/media/Garoa_Hacker_Clube_(Público)/download_147119960081039386.webp
[2016-11-23 01:15:43] alguém on aqui?
[2016-11-23 01:54:38] eu
[2016-11-23 02:19:23] Pessoal, estou ajudando a organizar o Dumont na CPBRX/ Campus Party 2017
No momento preciso de palestras, só o nome e minibio para submeter aos organizadores e mostrar que o Dumont é grande, que merece um espaço grande e mais destaque. Por favor, quem tiver alguma palestra na manga, me da um ping, please, o mais rapido possivel, já q esse vai ser o primeiro contato com o pessoal lá, ñ garanto nd free, mas conforme for, a gente da um jeito e eu aviso todos q me passarem algum dado interessante, obg 😘😘😘
[2016-11-23 06:49:27] Bom dia, compartilhando a notícia e foto
NÃO ACESSEM O VIVA O LINUX 
alguém roubou a senha do registro.br do site e a página principal está para outro ip que faz um download de um zip, possivelmente vírus. 
Ainda está propagando no dns.

Alguém com uma VM aí pra testar?
Testado e é verdade
[2016-11-23 06:49:46] photo: /home/felipe/devel/github_tvdstaaij/telegram-history-dump/output/media/Garoa_Hacker_Clube_(Público)/download_768648332502368467.png
[2016-11-23 06:57:31] está normal aqui
[2016-11-23 06:58:54] pera q em dispositivo móvel está dando isso ai.
[2016-11-23 07:03:52] Aqui acessou, acho que está normalizando
[2016-11-23 07:04:41] Aqui continua o mesmo problema
[2016-11-23 07:13:46] Descobri que só ocorre com Android
[2016-11-23 07:15:27] Não uso Android e está caindo nessa tela de download aí
[2016-11-23 07:15:28] No iPhone abre normal
[2016-11-23 07:15:28] Guardei o vírus para verificar depois numa vm
[2016-11-23 07:15:43] E testei em dois navegadores
[2016-11-23 07:20:55] Estranho, eu consegui o zip mas não abrir, só a noite mesmo
[2016-11-23 07:28:16] Vou dormir um pouco, qualquer coisa depois vamos interagindo, bom dia à todos
[2016-11-23 08:04:24] photo: /home/felipe/devel/github_tvdstaaij/telegram-history-dump/output/media/Garoa_Hacker_Clube_(Público)/download_803716704_139510.jpg
[2016-11-23 08:04:38] Bom dia
[2016-11-23 08:04:52] Ainda funcionando
[2016-11-23 11:51:43] Eu conheço uma pessoa q pode dar uma palestra de segurança
[2016-11-23 12:12:49] Edney Rossi joined
[2016-11-23 12:12:49] Hi Edney !
[2016-11-23 13:15:03] Olha só o biohacking
[2016-11-23 13:15:05] http://www.popsci.com/genetically-modified-viruses-transmit-energy-more-efficiently?con=TrueAnthem&dom=fb&src=SOC&utm_campaign=&utm_content=5835a91619d6ba0007473c69&utm_medium=&utm_source=
[2016-11-23 13:15:12] http://www.nature.com/nmat/journal/v15/n2/full/nmat4448.html
[2016-11-23 13:15:46] Usando vírus geneticamente modificados para aprimorar a eficiência de células soláres
[2016-11-23 13:22:57] Jaques joined
[2016-11-23 13:22:58] Hi Jaques !
[2016-11-23 13:41:10] Galera, sou organizador da HackaNoel, uma hackathon para desenvolvimento de brinquedos para crianças carentes, (link: http://app.multitalentos.com.br/challenge/hackanoel). Quem estiver interessado em ser mentor ou sediar uma parte da hackathon na sua cidade, me contate por priv8!
[2016-11-23 13:46:48] @vmesel vou dar uma olhada no projeto e ver como podemos ajudar aqui no Rj
[2016-11-23 13:52:15] nossa, q show
[2016-11-23 14:35:23] Se tivesse avisado uma semana antes, podíamos ter feito isso na bsides :(
[2016-11-23 14:36:29] e eu surtando pra fazer good hacker e oficina na bsides?
[2016-11-23 14:37:44] sim
[2016-11-23 14:38:09] estou pensando em montar essa oficina do HackaNoel lá no Garoa, vocês topariam ajudar a abrir o espaço?
[2016-11-23 14:38:27] Eu posso ficar monitorando a galera, mas não tenho as chaves
[2016-11-23 14:39:08] claro
[2016-11-23 14:39:13] conte comigo
[2016-11-23 14:59:02] Sugestão: por que não fazer COM as crianças? Podia pegar brinquedo antigos, sucata e eletrônicos para customizar em uma oficina (ao invés de levar prontinho). #brinquedooubrincadeira?
[2016-11-23 14:59:25] então seria para fazer lá mesmo!
[2016-11-23 14:59:38] é uma Hackathon de brinquedos
[2016-11-23 15:12:54] Alguém sabe se as apresentações da BSides serão disponibilizadas?
[2016-11-23 15:14:59] O Ricardo Tavares ficou de passar o Github dele com os comandos apresentados.
[2016-11-23 15:16:48] R0g3r P4g4N joined
[2016-11-23 15:16:49] Hi R0g3r !
[2016-11-23 15:23:26] Segunda tentativa, agora parece bem melhor
[2016-11-23 15:23:34] document: /home/felipe/devel/github_tvdstaaij/telegram-history-dump/output/media/Garoa_Hacker_Clube_(Público)/download_803717749_139219.jpg
[2016-11-23 15:23:48] Agora fazer as trilhas
[2016-11-23 15:25:05] Sem o freeroute
[2016-11-23 15:25:07] rsrsrs
[2016-11-23 15:43:37] Não vi a apresentação dele desta vez, mas no BSides LATAM ele me pagou o seguinte link:
http://bit.ly/28PZdel
[2016-11-23 17:51:29] Galera, oq vcs fazem enquanto estao em seus periodos ociosos?
[2016-11-23 17:53:35] O que é período ocioso?
[2016-11-23 17:53:48] realmente do fundo da palavra
[2016-11-23 17:53:52] sem fazer nada
[2016-11-23 17:54:09] nada que envolva trabalho digo
[2016-11-23 17:54:26] preciso me envolver em algo antes q eu morra de tedio meu
[2016-11-23 17:55:09] Ainda bem que inveja não mata...
[2016-11-23 17:55:14] O que é período ocioso?
[2016-11-23 17:55:36] hahaha... DQ também não sabe
[2016-11-23 17:55:42] eu durmo
[2016-11-23 17:55:47] periodo que nao envolva trabalho
[2016-11-23 17:55:50] Brincadeiras à parte: ler um livro, fazer um curto à distância, inventar e implementar um projeto.
[2016-11-23 17:55:58] na verdade, depois do celular, não tem mais tempo ocioso
[2016-11-23 17:56:06] aushashushuauhsauhsahuasusa
[2016-11-23 17:56:08] vrdd
[2016-11-23 17:56:16] Ou jogar paciência
[2016-11-23 17:56:21] Livro, netflix, games... Default
[2016-11-23 17:56:38] estou me sentindo muito inutil ultimamente
[2016-11-23 17:56:40] ausauhsusauhsaha
[2016-11-23 17:56:44] Un overwatch ou battlefield 1 cai bem
[2016-11-23 17:56:45] por isso a pergunta
[2016-11-23 17:56:50] ouvir música, por exemplo. hoje ouvimos fazendo outras coisas, e não paramos mais pra ouvir um disco inteiro com calma. falando mais por mim, aqui.
[2016-11-23 17:56:51] preciso comprar overwatch
[2016-11-23 17:57:42] Acho que tem um bom custo benefício. Pois vc paga um valor único e recebe melhorias pro resto da vida(é a promessa da blizzard, e ate agora tem cumprido)
[2016-11-23 18:00:07] https://shellterlabs.com/pt-br/
[2016-11-23 18:02:22] Jogar no trabalho pega mal... Melhor um curso da Coursera ou edX. Ler um livro fica nom
[2016-11-23 18:02:37] eio do caminho
[2016-11-23 18:02:59] Em ambiente de trabalho não rola mesmo
[2016-11-23 18:05:25] Não estou no trabalho
[2016-11-23 18:05:33] Por isso pergunto kk
[2016-11-23 18:06:18] Eu meio que si tenho estudado últimamente, e ja estou ficando saturado. Estou de volta nessa vide vagabunda de ler ficção, netflix e jogar um game
[2016-11-23 18:06:58] Dizem que Black mirror é uma ótima série !
[2016-11-23 18:07:20] Estou pensando em ir pra essa vida vagabunda por um tempo
[2016-11-23 18:08:03] Qualquer coisa demais não é legal... É bom dar uns intervalos até pra voltar com mais tesão de produzir coisas uteis
[2016-11-23 18:08:35] se eu faço algo na hora do ócio, ele deixou de ser ócio, logo, nunca faço nada na hora do ócio
[2016-11-23 18:10:59] photo: /home/felipe/devel/github_tvdstaaij/telegram-history-dump/output/media/Garoa_Hacker_Clube_(Público)/download_803707598_139221.jpg
[2016-11-23 18:11:05] Hack de hoje
[2016-11-23 18:11:14] Colocar a TV da globo no sbt
[2016-11-23 18:11:15] Hahahaha
[2016-11-23 18:11:56] Kkkkkkkkkkkkkkk vc que fez a façanha Henrique?
[2016-11-23 18:14:18] Sim
[2016-11-23 18:14:21] photo: /home/felipe/devel/github_tvdstaaij/telegram-history-dump/output/media/Garoa_Hacker_Clube_(Público)/download_803705265_139398.jpg
[2016-11-23 18:15:03] É uma vergonha, mas nunca mexi com SmarTV
[2016-11-23 18:15:10] Kkkk
[2016-11-23 18:15:19] Nao sei se é possível pareae qualquer aparelho
[2016-11-23 18:15:24] Então em seu horário livre
[2016-11-23 18:15:28] Longe do emprego
[2016-11-23 18:15:55] Quem não faz nada está doente. Eu fico blogando.
[2016-11-23 18:16:41] O que você admira como sendo útil? Vai lá e faz isso.
[2016-11-23 18:16:47] É por infravermelho
[2016-11-23 18:16:56] Tranquilo você acha a frequência e já era
[2016-11-23 18:16:59] Programar, mas faço isso todo dia em meu emprego
[2016-11-23 18:17:04] O celular vira um controle remoto
[2016-11-23 18:17:22] Eu sou do ponto de vista de que as vezes é necessário não fazer nada. Preciso tirar o pé do freio...
[2016-11-23 18:17:40] Então era uma tv convencional?
[2016-11-23 18:17:41] heheh
[2016-11-23 18:17:45] photo: /home/felipe/devel/github_tvdstaaij/telegram-history-dump/output/media/Garoa_Hacker_Clube_(Público)/download_803701624_139427.jpg
[2016-11-23 18:17:47] photo: /home/felipe/devel/github_tvdstaaij/telegram-history-dump/output/media/Garoa_Hacker_Clube_(Público)/download_803718820_138378.jpg
[2016-11-23 18:17:49] photo: /home/felipe/devel/github_tvdstaaij/telegram-history-dump/output/media/Garoa_Hacker_Clube_(Público)/download_803705100_139165.jpg
[2016-11-23 18:17:57] Não é uma smart mesmo
[2016-11-23 18:18:07] Mas todas as TVs ainda possuem sensor infravermelho
[2016-11-23 18:18:22] Não fazer nada seria ficar deitado no chão olhando pro teto?
[2016-11-23 18:18:39] Sim, deitar... Respirar
[2016-11-23 18:18:51] Que tal programar mais, mas para um hobby?
Não tem nenhuma outra coisa que você admire como útil?
[2016-11-23 18:18:53] Então basta ter o celular com ou pra quem manja de hardware montar uma adaptação com entrada de fone de ouvido e sensor de TV velhos
[2016-11-23 18:19:30] Sempre tem... Mas também é saudável tira um período no ano pra descansar a cabeça.
[2016-11-23 18:20:17] Preciso arrumar um passatempo mesmo
[2016-11-23 18:20:29] Vcs estão na gravação de qual programa?
[2016-11-23 18:20:32] Jo?
[2016-11-23 18:20:38] Esse ano teve mês que eu virei 2 noites seguidas programando... Feriados a dentro e tudo mais. Eu estava planejando férias, mas sinceramente acho que vou preferir não fazer nada pra poder relaxar
[2016-11-23 18:21:05] Dormir e procrastinar em frente à TV ou internet por uns dias
[2016-11-23 18:21:52] Procrastinar em frente a internet que está sendo meu maior problema
[2016-11-23 18:21:59] Não sei com o que passar tempo ahahaha
[2016-11-23 18:22:11] Acho que preciso comprar algum jogo que me divirta
[2016-11-23 18:22:35] Ache um hobby... Sei lá
[2016-11-23 18:23:38] Vou achar algum tutorial de achar um hobby
[2016-11-23 18:23:43] Ou talvez um relacionamento. Assim você vai voltar a apreciar teu tempo ocioso e sozinho rs.
[2016-11-23 18:23:51] Gosta de RPG? Joga Card Hunter no Steam.
[2016-11-23 18:23:55] Acho que isso é saudade de meus drones
[2016-11-23 18:24:26] 👌
[2016-11-23 18:24:39] Ahahhahaahahah
[2016-11-23 18:25:03] Eu gasto meu tempo ocioso programando.
[2016-11-23 18:25:09] E no trabalho, programo.
[2016-11-23 18:25:18] E quando estou na piscina, penso em programação.
[2016-11-23 18:25:25] Até mergulhando penso em programação.
[2016-11-23 18:25:39] Voando? Programação.
[2016-11-23 18:26:01] Mas eu gosto pra garai
[2016-11-23 18:26:11] Ache algo que te empolga e não consegue ficar sem.
[2016-11-23 18:26:20] photo: /home/felipe/devel/github_tvdstaaij/telegram-history-dump/output/media/Garoa_Hacker_Clube_(Público)/download_803705053_140673.jpg
[2016-11-23 18:26:23] Alisar os gatos
[2016-11-23 18:26:24] Aqui tá todo mundo usando tempo ocioso pra discutir o que faz no tempo ocioso
[2016-11-23 18:26:31] Pouts, eu não consigo ser assim. Gosto de computação e tudo mais, mas eu preciso parar e fazer outras coisas... Inutilidades inclusive
[2016-11-23 18:26:52] Vontade de ir andar de bicicleta num parque por exemplo .. acho que vou no fds
[2016-11-23 18:27:01] Excelente!!! Mas normalmente aliso eles com a mão direita e programo com a esquerda. Em paralelo.
[2016-11-23 18:27:12] Faça isso
[2016-11-23 18:27:24] Hah, que nem o Stallman visitando pontos turísticos então.
[2016-11-23 18:27:24] Tá compilando o projeto aqui. Tá demorado pois não estou usando Cross compiling rs
[2016-11-23 18:27:25] Meu hobby fotografia
[2016-11-23 18:27:31] Eu faço isso haha
[2016-11-23 18:27:38] Só que ele fica respondendo e-mails.
[2016-11-23 18:28:08] Limpa alma kkkkkkk
[2016-11-23 18:28:12] E séries. Muitas séries de TV.
[2016-11-23 18:28:35] photo: /home/felipe/devel/github_tvdstaaij/telegram-history-dump/output/media/Garoa_Hacker_Clube_(Público)/download_803730182_101502.jpg
[2016-11-23 18:28:35] Eu faço isso, mas chegou num ponto que não tenho empolgação nem projeto
[2016-11-23 18:28:36] Com o Miguelito, claro.
[2016-11-23 18:28:45] photo: /home/felipe/devel/github_tvdstaaij/telegram-history-dump/output/media/Garoa_Hacker_Clube_(Público)/download_803707656_138674.jpg
[2016-11-23 18:28:55] Fotografia
[2016-11-23 18:29:09] Tenho uma série
[2016-11-23 18:29:11] Quando vai rolar a sessão de filmes no garoa?
[2016-11-23 18:29:20] O mundo sem ninguém
[2016-11-23 18:29:30] É uma boa pra passar o tempo
[2016-11-23 18:29:39] Sair no vazio
[2016-11-23 18:29:52] E fotografar lugares que normalmente são lotados
[2016-11-23 18:29:56] Documentário esplêndido
[2016-11-23 18:30:41] https://m.flickr.com/#/photos/rafaeltorresrj/
[2016-11-23 18:30:42] Boa ideia. Ouvindo um bom áudio livro.
[2016-11-23 18:30:51] photo: /home/felipe/devel/github_tvdstaaij/telegram-history-dump/output/media/Garoa_Hacker_Clube_(Público)/download_768648332502368470.png
[2016-11-23 18:31:36] se vc gosta mesmo de ficção, acho que vai se decepcionar, hehehe
[2016-11-23 18:32:12] Porque?
[2016-11-23 18:33:11] Black mirror é muito bom
[2016-11-23 18:33:33] E não é ficção aquilo não hein
[2016-11-23 18:34:22] cara, tem umas coisas interessantes e tal, mas vários episódios caem numas discussões onde a distopia/tecnologia perde um pouco a graça na trama. tipo um que vira briga de casal numa era moderna. o do porco, que nem tem nada de tecnologia envolvida.
[2016-11-23 18:34:37] A preguiça é um ócio duro de roer. O trocadilho idem (Leon Eliachar)
[2016-11-23 18:34:59] talvez vc curta e tal. só não acho que seja tão massa assim como ficção científica.
[2016-11-23 18:35:32] Pouts... Entendi. Esperava que fosse algo mais na pegada de person of Pinterest, que por sinal é uma ótima série.
[2016-11-23 18:35:46] Person of interest *
[2016-11-23 18:36:35] hehe
[2016-11-23 18:36:47] Um vibe bem Philip K. Dick, contos independentes sobre distopias tecnológicas
[2016-11-23 18:37:21] Já eu acho isso bem fantasioso e besta
[2016-11-23 18:37:42] Talvez você não tenha entendido como entendi
[2016-11-23 18:37:55] Nao acho tão utópico assim
[2016-11-23 18:38:24] Não falei utópico, falei fantasioso :p
[2016-11-23 18:38:55] Apareço no Garoa... rs
[2016-11-23 18:39:10] então é raro vc cair no ócio?
[2016-11-23 18:39:11] SAHUUSAHHUSAHUSAHUSA
[2016-11-23 18:39:16] briiinnkkkssss
[2016-11-23 18:41:58] Mais ou menos... Hehehe
[2016-11-23 18:42:20] caralho, tou começando a assistir Black Mirror
[2016-11-23 18:42:24] caralho q bizarro
[2016-11-23 18:42:29] e comprei overwatch
[2016-11-23 18:42:37] e dps de agora, preciso depositar dinheiro na minha conta
[2016-11-23 18:42:40] HUSAHUSAUHASUHSHSA
[2016-11-23 18:42:57] Black Mirror é foda
[2016-11-23 18:43:12] Já vi as 3 temporadas
[2016-11-23 18:43:14] caralho é uma critica a necessidade da tecnologia foda
[2016-11-23 18:43:30] Depois me adiciona Vinicius Rumblefish#1561
[2016-11-23 18:43:37] ah, faz parte, né? :)
Mas tipo, só vi um episódio da temporada nova e acho que não vi a 2ª
[2016-11-23 18:43:39] sem problemas
[2016-11-23 18:44:27] tem um episódio que curto muito que é o das bicicletas. pq tem uma crítica a um sistema bizarro e uns desdobramentos bem massa, que por mais absurda que seja a distopia desse ep, vc aplica perfeitamente hoje.
[2016-11-23 18:46:30] Não vejo que seja uma critica a necessidade ,mas ao tipo de uso que cada um dá as mesmas ferramentas.
[2016-11-23 18:47:28] acho que é uma crítica à sociedade em geral
[2016-11-23 18:48:07] o ep que eu vi da nova temporada é o da pedofilia. em termos de tecnologia, nada muito diferente do que temos hoje.
[2016-11-23 18:50:02] O 1 da 3 temporada já valeu a nova temp. Uma crítica bem fudida da galera q vive em função de like e status na internet
[2016-11-23 18:50:37] Alguns episódios tem críticas sutis da tecnologia, outros sem mais explícitos
[2016-11-23 18:50:55] Sempre indico essa série para amigos/conhecidos
[2016-11-23 18:52:35] será que nós estamos deixando de ser felizes ou não com a tecnologia
[2016-11-23 18:52:43] ?
[2016-11-23 18:53:04] Me lembrou um pouco aquele especial de natal, onde a punição do cara é ser "desfocado" para os outros
[2016-11-23 19:21:19] A tecnologia, desde o fogo, é que nos torna humanos... A questão atual é dominação, alienação, etc
[2016-11-23 19:23:24] Anarco-primitivistas discordam.
[2016-11-23 19:23:29] > @Gutemhc
Me lembrou um pouco aquele especial de natal, onde a punição do cara é ser "desfocado" para os outros

ignorado o termo certo. iria adorar aquilo se aquilo realmente existisse :P
[2016-11-23 19:23:54] Mas eles não estão no Telegram, então tanto faz 😁
[2016-11-23 19:25:38] Anarcos negacionistas do fogo?
[2016-11-23 19:25:47] Hahaha
[2016-11-23 19:29:24] Arduino
[2016-11-23 19:30:13] Faz miçanga
[2016-11-23 19:33:14] Só vale a pena se for pra vender na praia
[2016-11-23 19:37:30] document: /home/felipe/devel/github_tvdstaaij/telegram-history-dump/output/media/Garoa_Hacker_Clube_(Público)/download_50945793963590126.webp
[2016-11-23 19:39:29] Boa noite
[2016-11-23 19:52:41] Tá tendo esp
[2016-11-23 19:52:42] photo: /home/felipe/devel/github_tvdstaaij/telegram-history-dump/output/media/Garoa_Hacker_Clube_(Público)/download_803711102_139918.jpg
[2016-11-23 19:53:15] ESP12F
[2016-11-23 20:16:02] Anarco-primitivistas não são contra a tecnologia, eles são contra a civilização. E usam facebook, computador, telegram, etc.
[2016-11-23 20:22:15] Usam principalmente para falar mal da civilização 😄
[2016-11-23 20:27:36] 😂😭🙈
[2016-11-23 20:43:12] photo: /home/felipe/devel/github_tvdstaaij/telegram-history-dump/output/media/Garoa_Hacker_Clube_(Público)/download_803707603_138728.jpg
[2016-11-23 20:43:19] Sbt rolando na cultura
[2016-11-23 20:43:31] Mas nem fui eu, nem na cultura assistem a cultura
[2016-11-23 20:43:44] Um deputado invadiu minha for
[2016-11-23 20:49:02] https://en.wikipedia.org/wiki/Anarcho-primitivism
[2016-11-23 20:54:32] Boa!
[2016-11-23 21:25:21] Cara, black mirror tem uma figura de governo transando com uma porca mesmo?
[2016-11-23 21:29:54] Dica de editor de vídeo pra Linux? Basicão, pra noob mesmo
[2016-11-23 21:31:13] Pitivi
[2016-11-23 21:31:20] Openshot kdenlive cinelerra pitivi
[2016-11-23 21:31:28] Tem um povo que usa Openshot
[2016-11-23 21:31:58] Eu gosto do KDEnlive e do Lightworks que tem recursos mais profissionais
[2016-11-23 21:32:06] http://alternativeto.net/software/cyberlink-powerdirector/?platform=linux
[2016-11-23 21:32:13] Valeu!
[2016-11-23 21:32:49] Blender
[2016-11-23 21:33:55] > @vmesel
Cara, black mirror tem uma figura de governo transando com uma porca mesmo?

sim, é o primeiro episódio. ele cede a ameaça de um grupo
[2016-11-23 21:34:08] sim eu assisti
[2016-11-23 21:34:11] Sem spoilers, please.
[2016-11-23 21:34:14] só para confirmar mesmo se era black mirror
[2016-11-23 21:34:19] SORRRYY
[2016-11-23 21:34:30] if u read, u cant unread
[2016-11-23 21:34:36] Obg.
[2016-11-23 21:35:07] acontece quando se fala de série/filme ;p
[2016-11-23 21:38:32] Blender edita vídeo?
[2016-11-23 21:39:27] Tem que criar um bot anti spoiler
[2016-11-23 21:44:50] sim, tem uma janelinha choose screen layout aí você coloca vídeo. A curva de aprendizado é mais demorada que o kdenlive
[2016-11-23 21:46:14] Eu patrocino financeiramente o projeto.
[2016-11-23 21:52:58] Pra noobs acho que o Openshot é mais pa-puns né
[2016-11-23 21:54:50] Não manjo nada fiquei até curioso. Qual vai ser o uso @Fabiohirano, corporativo, hackerístico ou pessoal?
[2016-11-23 21:55:51] Aguarde e confie
[2016-11-23 21:56:52] Putz lembrei verdade fiz hunos testes uma vez colocando obj 3d em um video
[2016-11-23 22:08:11] Teremos novidades? É isso, Produção?
[2016-11-23 22:08:36] A NSA me proibiu de revelar mais detalhes
[2016-11-23 22:17:28] Kdenlive , testei vários fiquei com esse.
[2016-11-23 22:17:45] photo
[2016-11-23 22:21:19] Já usou Lightworks? Achei bem profissa e mais estável
[2016-11-23 22:26:06] Já testei com várias distros e sempre tive muitos crashs com Kdenlive.
[2016-11-23 22:28:56] Ubuntu 16.04, i7 esta rodando de boa
[2016-11-23 22:32:50] Sim, bem profissional, talvez eu mexa um pouco mais com ele pra aprender.
[2016-11-23 22:34:15] vlw, vou testar e já aproveito para tirar a 14.04
[2016-11-23 22:49:59] Obrigado pelas dicas, galere, vou testar o Openshot  aqui
[2016-11-23 23:17:01] Acho que existe sim. Pelo menos devo ter isso acionado em muita gente. 😂😂😂
[2016-11-23 23:18:16] O pior episódio. Piloto
[2016-11-23 23:19:57] Ignore esse episódio. Vai achar que a série é ruim.
