[2018-03-08 02:57:45] photo: /home/felipe/devel/github_garoa/Telegram_logs_Garoa_Hacker_Clube_Publico/media/Garoa_Hacker_Clube_(Público)/download_806122227_54832.jpg
[2018-03-08 09:07:52] Rodolfo Xavier added Aryane
[2018-03-08 10:22:31] Ótimo artigo: http://jornal.usp.br/universidade/por-que-as-mulheres-desapareceram-dos-cursos-de-computacao/
[2018-03-08 10:58:28] Confesso minha dificuldade em lidar com mulheres
[2018-03-08 11:34:09] Já eu tenho dificuldade de lidar com seres humanos de td quanto é tipo e não estou conseguindo superar
[2018-03-08 11:39:54] Eita
[2018-03-08 12:01:33] Prefiro lidar com RedHat
[2018-03-08 12:05:40] Parece boa frase para definir boa parte da população e sociedade
[2018-03-08 12:06:18] Crazy Kowalski joined
[2018-03-08 12:52:51] Essa é a capivara do FINANCIAMENTO COLETIVO
　　　　/)─―ヘ
　　＿／　　　　＼
／　　　　●　　　●
｜　　　　　　　▼　|
｜　　　　　　　亠ノ
U￣U￣￣￣￣U￣U

DOE em https://t.co/GvxdHrpk79
e repasse se você quer que a CryptoRave 2018 ACONTEÇA!
[2018-03-08 12:59:33] Eu
[2018-03-08 13:11:28] Boa Tarde Pessoal 👍
[2018-03-08 13:11:28] Estou cursando CCNA R&S 6
[2018-03-08 13:11:29] Alguém conhece algum site de perguntas e respostas?

Att...
[2018-03-08 13:14:34] Na FATEC-SP, nos anos 70, quando abriu o curso de computação as meninas eram maioria.
Eu adorava, conhecia todas, eu era da mecânica onde só tinha homens.
[2018-03-08 13:20:56] photo: /home/felipe/devel/github_garoa/Telegram_logs_Garoa_Hacker_Clube_Publico/media/Garoa_Hacker_Clube_(Público)/download_806123882_55282.jpg
[2018-03-08 13:22:35] Legal foi uma vez que apareceram 3 calouras da computação na porta da Oficina, querendo saber onde poderiam comprar *bits*. Bit, que parece uma plaquinha retangular, é uma ferramenta usada em tornearia para fazer canais. Eu tive que explicar que o bit delas era uma unidade de medida na transmissão de dados. Foi tudo um trote dos veteranos delas.
[2018-03-08 13:38:01] Já li este artigo, é realmente surpreendente!
[2018-03-08 13:49:26] Interessante este seu relato
[2018-03-08 13:49:47] ❤️
[2018-03-08 13:49:56] ❤️
[2018-03-08 13:50:36] 👍
[2018-03-08 14:09:46] photo: /home/felipe/devel/github_garoa/Telegram_logs_Garoa_Hacker_Clube_Publico/media/Garoa_Hacker_Clube_(Público)/download_804723305_151576.jpg
[2018-03-08 14:14:03] rlx eu tenho um manual
[2018-03-08 14:14:05] https://www.xojane.com/issues/feminism-men-practical-steps
[2018-03-08 14:14:23] ❤❤❤❤❤
[2018-03-08 14:23:24] Boa kk
[2018-03-08 14:25:42] Tipo buracos de alguns proxys e redes bisonhos ,hahabab
[2018-03-08 14:26:00] Bem interessante
[2018-03-08 14:43:46] Inclusive eu acho extremamente discriminatório colocar todas as mulheres numa caixinha e generalizar
[2018-03-08 14:44:40] Outro dia também disseram numa empresa que mulheres não tem habilidade com matemática e que era bom ter elas porque tem habilidades sociais e facilidade em se relacionar
[2018-03-08 14:45:34] Toda vez que alguém fala alguma coisa sobre qualidades de mulheres eu me sinto uma fraude e tenho certeza que pra ser um homem só faltava eu ter nascido com um pau :p
[2018-03-08 14:46:36] Deixa a Cristina saber disso, ela vai lá e decapta o cidadão...
[2018-03-08 14:46:48] RT
[2018-03-08 14:47:39] Essas pessoas claramente tb nao sabem matemática pois olha o absurdo estatístico
[2018-03-08 14:48:22] Já vi alguns como esse¹ falando que parte da culpa vem da separação de "brinquedos de menino" e "brinquedos de menina", e em geral, há poucos brinquedos "tecnologicos" no grupo "de menina"
¹ https://www.npr.org/sections/money/2014/10/21/357629765/when-women-stopped-coding
[2018-03-08 14:48:32] Taca uma distribuição binomial neles
[2018-03-08 14:48:58] E mostra que existe dados além da média
[2018-03-08 14:49:41] Verdade kk
[2018-03-08 14:49:44] Concordo.
[2018-03-08 14:51:18] https://www.meetup.com/Garoa-Hacker-Clube/events/248472173/
[2018-03-08 14:51:27] pinned the message
[2018-03-08 14:52:29] 💕
[2018-03-08 14:53:00] talvez s/tecnologicos/computacionais/g...
[2018-03-08 14:54:54] Vero
[2018-03-08 14:55:02] Compartilho de sua dor
[2018-03-08 14:58:58] Mas eu sou uma pessoa peculiar independente de sexo
[2018-03-08 17:14:25] photo: /home/felipe/devel/github_garoa/Telegram_logs_Garoa_Hacker_Clube_Publico/media/Garoa_Hacker_Clube_(Público)/download_806010234_839.jpg
[2018-03-08 18:36:33] concordo
o mundo corporativo é só uma extensão do mundo adulto que é lotado de estereótipos :/
[2018-03-08 18:37:05] Minha irmã tem esse livro
[2018-03-08 18:37:34] Bem eu sigo as minhas regras
[2018-03-08 18:39:00] Legal isso San, é ótimo a gente seguir a própria filosofia de vida.
Mas é cansativo escutar o mesmo em todo lugar principalmente quando é alguma coisa 'consenso', até aqui no grupo
[2018-03-08 18:40:56] O pior é isso ser comum entre as mulheres, os caras entre si formam uma panelinha do kct e como já não bastasse isso eu vejo todo dia mulheres falando que não gostam de ser atendidas por mulheres, que homens fazem isso e aquilo melhor e etc
[2018-03-08 18:42:07] que papo de mulher é cansativo e preferem andar só com homens... desse jeito a situação tende a melhorar mesmo, já que é consenso até entre as mulheres que mulher é chata e insuportável
[2018-03-08 18:43:47] anteontem uma amiga minha disse que pra uma mulher se casar tem que ser com um cara que ganha mais e tem uma formação intelectual melhor que a dela mesmo. assim a gente vai longe
[2018-03-08 18:44:25] O pior é quando é amiga da gente né?
[2018-03-08 18:44:25] document: /home/felipe/devel/github_garoa/Telegram_logs_Garoa_Hacker_Clube_Publico/media/Garoa_Hacker_Clube_(Público)/download_113414654469865847.webp
[2018-03-08 18:45:05] Eu tenho uns amigos de infância que cresceram e viraram machistas, me dá muito desgosto
[2018-03-08 18:45:11] tipo como isso foi acontecer
[2018-03-08 18:45:46] isso não faz sentindo algum haha
[2018-03-08 18:45:57] Cultura do meio que se vive, se a pessoa não questionar, tende a não mudar. ;(
[2018-03-08 18:48:26] https://en.wikipedia.org/wiki/Hypergamy
[2018-03-08 18:49:24] :/
[2018-03-08 18:50:26] na índia é uma regra social rígida disso, mas as pessoas tendem a ir pelo caminho de menor gasto de energia então eles deixam as meninas analfabetas mesmo pra casar com os chucros que só sabem ler e continuar cumprindo a formalidade
[2018-03-08 18:50:37] *isso
[2018-03-08 19:03:48] Massa o what is mathematics, @eduoda . Tô separando um tempinho do dia p ler. @Rafiwskis o teu ta na lista tb
[2018-03-08 19:30:31] 👍
[2018-03-08 19:39:51] document: /home/felipe/devel/github_garoa/Telegram_logs_Garoa_Hacker_Clube_Publico/media/Garoa_Hacker_Clube_(Público)/download_4974453211244003355.ogg
[2018-03-08 19:42:22] document: /home/felipe/devel/github_garoa/Telegram_logs_Garoa_Hacker_Clube_Publico/media/Garoa_Hacker_Clube_(Público)/download_4974453211244003356.ogg
[2018-03-08 19:44:47] document: /home/felipe/devel/github_garoa/Telegram_logs_Garoa_Hacker_Clube_Publico/media/Garoa_Hacker_Clube_(Público)/download_4976770474949214254.ogg
[2018-03-08 19:45:44] Miga, por isso que já entro no lugar com AQUELA CARA DE DE DEMÔNIO, assim entendem que NÃO, NÃO SOU A MÃEZINHA UNIVERSAL que entende pessoinhas e não me colocam NEM PERTO DE NINGUÉM
Quanto a "mulher ruim em matemática" , eu deixo a pessoinha encarar as professoras do IME USP por exemplo..
[2018-03-08 19:46:53] foda é que isso impacta muito no mercado de trabalho
[2018-03-08 19:46:56] document: /home/felipe/devel/github_garoa/Telegram_logs_Garoa_Hacker_Clube_Publico/media/Garoa_Hacker_Clube_(Público)/download_4974453211244003357.ogg
[2018-03-08 19:47:00] As famosas "biscoiteiras"
[2018-03-08 19:47:51] Não, amor só entrego ele para duas professoras lá do IME USP...
[2018-03-08 19:48:44] Sim, só tentam colocar a gente em cargo MERDA
[2018-03-08 19:52:41] no icmc minha ex orientadora está sofrendo processo administrativo porque não consideraram como licença saúde o período pós parto da gravidez dela... a usp também é uma merda dependendo de quem dá as cartas lá dentro
[2018-03-08 19:53:15] 😡
[2018-03-08 19:54:45] Sim, sei de alguns casos
[2018-03-08 19:55:58] Hj é o dia que o pessoal escolheu pra ser escroto nesse grupo e eu não to sabendo?
[2018-03-08 19:58:12] Era pra ter alguma graça ou vc queria demonstrar sua homofobia em um grupo publico ?
[2018-03-08 19:59:33] Era apenas para o pessoal refletir sobre as mudanças na sociedade, e que não há mais apenas dois sexos.
[2018-03-08 20:00:12] Mas cada um interpreta como achar melhor. I don't give a shit.
[2018-03-08 20:00:40] Não não, tá sendo escroto mesmo, sorry
[2018-03-08 20:02:17] Essa é a sua interpretação limitada ao seu conhecimento. E inclui o desconhecimento  sobre meu pensamento. Mais uma vez, não me importo com o que você pensa.
[2018-03-08 20:03:26] Não pertenço ao grupo lgbtqap, se eu não pertenço, logo não tenho direito de inventar manifestação escrota sobre a temática #ficadica
[2018-03-08 20:04:26] #DicaDispensada ... Guarde para vc.
[2018-03-08 20:05:36] Respeito seu modo de pensar, desprezo seu desrespeito.
[2018-03-08 20:05:42] Be excellent to each other, por favor
[2018-03-08 20:05:54] Aff havia silenciado o grupo por conta de discussões que fugiam sobre o intuito do garoa. Espero não ter que fazê-lo novamente! Foco galera foco.
[2018-03-08 20:07:45] O cara só interrompeu o papo das minas com um flame homofobico, mas tudo bem, lets be excellent...como falei, não pertenço, não me envolvo e evito fugir do escopo do grupo.
[2018-03-08 20:10:13] pabblo vitar já disse que é um homem gay
[2018-03-08 20:11:24] e na boa, só vejo cancervador fazendo esse tipo de 'reflexão' pra tentar não ficar mal quando as pessoas reagem. se tivesse um monte de kkkk não seria uma reflexão sobre as mudanças da sociedade não?
[2018-03-08 20:12:55] 👍
[2018-03-08 20:13:38] Legal... Não soube disso. Mas é interessante pensar que outros podem se declarar para outro sexo. E isso de esteriotipar homem e mulher pela aparência não cola mais.
[2018-03-08 20:14:24] É só perguntar.
ou olhar nos perfis/biografias
[2018-03-08 20:14:37] Penso diferente, se tivesse um monte de kkkkk eu encararia como uma piada, e não como uma reflexão.
[2018-03-08 20:16:30] Mais uma vez... A reflexão não é para as personalidades exemplificadas na imagem, mas sim para todas as pessoas que não devem ter seu conteúdo julgado pela aparência.
[2018-03-08 20:17:34] Até pq pode acontecer de desejar feliz dia das mulheres para a Tammy e ela se sentir ofendida, e o mesmo acontecer com o Pablo Vittar.
[2018-03-08 20:19:23] que eu saiba o que dizem não é que existem novos sexos, o que se fala no meio lgbtt é do conceito de gênero e sexo de formas distintas, que eu acho que não é o escopo aqui do grupo discutir.
de qualquer forma, independentemente do que qualquer lado queira afirmar como verdade, custa respeitar as pessoas? 
não tem nada de novo também. vc pega livros considerados sagrados e escritos há mais de 2 mil anos e o pessoal já citava isso como pecado e proibição. vc acha que se não existisse precedente alguém ia se dar ao trabalho de escrever proibindo?
[2018-03-08 20:19:42] a gente sabe
Pedir desculpas era melhor que ficar tentando justificar
[2018-03-08 20:23:07] Acho qualquer proibição imbecil. Se há o livre arbítrio cada um deve ser como quer, sem julgamentos ou reducionismos.
[2018-03-08 20:23:59] Livros de mais de 2 mil anos não devem ser levados em consideração em uma sociedade de constante evolução e mudanças nos costumes.
[2018-03-08 20:24:16] https://pt.wikipedia.org/wiki/Drag_queen
[2018-03-08 20:24:59] Ainda não entendi pq vc acha que devo pedir desculpas. Desculpas por acreditar que cada um deva seguir o caminhos que quiser?
[2018-03-08 20:25:44] Por mandar uns meme q a galera n foi com a cara
[2018-03-08 20:26:06] enfim
bati minha quota de treta hj bye
[2018-03-08 20:27:30] Na boa, ninguém vai ganhar um prêmio por ter convencido ao outro sobre quem está correto ou não. Ou por ter encaixado a sua ideologia na cabeça de outro. Quem gostou, quem não gostou, quem não se pronunciou. Boa.
[2018-03-08 20:29:56] Pessoal, acalmem os ânimos aí no chat. Be excelent to each other! Não quero moderar ninguém.
[2018-03-08 20:30:00] E outra coisa
[2018-03-08 20:30:09] Parabéns mulheres deste grupo!
[2018-03-08 20:50:25] Quando tiver por sampa eu passo aí pra abraçar vocês
[2018-03-08 20:50:47] Vocês são show
[2018-03-08 20:51:31] Não mesmo, mas respeitar as pessoas é fundamental.
E se por encaixar ideologia quer dizer não humilhar ou desrespeitar os outros, vai ter encaixa na marra SIM
[2018-03-08 20:54:16] Se você entendeu que "encaixar ideologia" significa isso, por mim tudo bem :) Cada um com sua ideologia e definição!
[2018-03-08 20:54:40] Algumas pessoas entendem assim
[2018-03-08 21:28:31] Aham, sei, tu faz isso jogando do nada  no meio de uma conversa um meme de tiozão reaça do zap zap e vc quer que a galera "entenda" sua reflexão?
[2018-03-08 21:31:44] ...
[2018-03-08 21:32:07] Opiniões diferentes e o respeito a cada uma delas gera um lindo aprendizado e nos tornamos pessoas melhores
[2018-03-08 21:32:57] "vai ter encaixa na marra SIM" amo essa MININA!
[2018-03-08 21:33:01] A variedade é essencial ao crescimento e aprendizado individual do ser humano e social
[2018-03-08 21:33:57] Palavra de educadora
[2018-03-08 21:34:17] Mais ou menos, mais ou menos.... Existem coisas como respeito ao proximo, bom senso e o famoso simancol
[2018-03-08 21:37:26] Enfim, no more flame.... Como diria um jovem com cabelo colorido "meça suas palavra parça"
[2018-03-08 21:39:28] É óbvio que ofensas e preconceito não são bem vindos pois destroem as pessoas
[2018-03-08 21:43:52] Ai pessoal, chega vai! Se vcs quiserem discutir coisas offtopic, por favor criem um grupo e mantenham o papo por lá.
[2018-03-08 21:44:10] Acredito que esta discussão está destoando do foco do grupo
[2018-03-08 21:44:22] Em que tod@s somos hackers
[2018-03-08 21:45:48] Recomendo este grupo para vcs discutirem coisas ideológicas
[2018-03-08 21:45:50] https://t.me/joinchat/DHuVn1CgD6hrz4qPTxzYgA
[2018-03-08 21:46:52] O que foi discutido aqui é a questão de falta de respeito, isso não é exatamente OFFTOPIC... Moderação precisa saber julgar situações onde alguem se sinta desrepeitado nesse ambiente.
[2018-03-08 21:48:43] Por isso optei em cessar minhas manifestações, por fugir do escopo, mas no dia das mulheres vir com um memê com apologia a homofobia é zoado aqui ou qualquer outro grupo. #pas
[2018-03-08 21:50:52] document: /home/felipe/devel/github_garoa/Telegram_logs_Garoa_Hacker_Clube_Publico/media/Garoa_Hacker_Clube_(Público)/download_1842540969984066.webp
[2018-03-08 21:51:33] Já morreu a treta já, já se foi o disco voador como diria Chaves
[2018-03-08 21:52:02] Tiago, respeito sua opinião. Mas questões de gênero, raça, cor e religião não devem ser relevantes neste grupo com o propósito de flamewar, estas questões são importantes, mas não podemos fazer a thread do grupo ser somente essa. Todos somos pessoas num grupo hacker e procuramos o entendimento, não discussões não produtivas sobre sexismo e etc. Recomendo a busca por outro grupo que contenha a intersecção de membros do grupo do garoa e as pessoas que queiram discutir este tópico.

Homofobia, sexismo, nazismo, islamofobia, misogenia e qualquer outra ofensa, cabe primeiro ao bom senso da pessoa, e depois de nós do grupo para direcionarmos a pessoa ofensora para fora do garoa (grupo) e outras medidas cabiveis.
[2018-03-08 21:52:13] HUAHAUHAUAHAUAHAUHAUA
[2018-03-08 21:53:55] Show fechou papo off vamos para os  papos hackudos
[2018-03-08 21:55:11] Beleza, isso é lindo de se ler, mas proxima vez sugiro intervir logo no começo ou remover o flame postado pelo responsavel....desculpe mas "be excellent be each other" fica bonitinho num adesivo de laptop, mas numa convivência são outros 500.
[2018-03-08 21:58:13] kkkkkkkkkkk
[2018-03-08 22:00:22] Como claramente passam pano pra comportamento homofóbico e ignorante, vou sair do grupo
Continuo trocando ideia normal e colando no garoa
Minha geração não é excellent to pricks
[2018-03-08 22:00:58] Ufa! Enfim a intervenção! Se não por um ponto o negócio não tem fim e o foco some
...
[2018-03-08 22:03:17] Vai fazer alguma coisa sobre o meme preconceituoso?
[2018-03-08 22:03:27] E com a pessoa que postou o mesmo?
[2018-03-08 22:04:11] Não sou só eu que sou mod aqui, e como o @tiagonaoexiste disse: o disco voador já vazou, irmão!
[2018-03-08 22:04:18] Link para o grupo da Atividade de CTF aos sábados https://t.me/joinchat/DaIsa0NcOMplYLmxAXqFog
[2018-03-08 22:04:42] Stefanie Melo joined
[2018-03-08 22:04:51] Boa Gabi! Vamos ao que interessa.
[2018-03-08 22:05:18] Legal 👍🏼
[2018-03-08 22:05:39] Stefanie achei vc \o/
[2018-03-08 22:06:03] Tem espaço pra iniciantes?
[2018-03-08 22:06:37] Sempre tem sim
[2018-03-08 22:06:50] Todos temos algo para ensinar e algo a aprender
[2018-03-08 22:07:18] Atividade de CTF aos sábados somente presencial?
[2018-03-08 22:07:23] document: /home/felipe/devel/github_garoa/Telegram_logs_Garoa_Hacker_Clube_Publico/media/Garoa_Hacker_Clube_(Público)/download_150229821346022369.webp
[2018-03-08 22:07:50] Preferencialmente sim, mas o @tilt4 pode te dar mais detalhes
[2018-03-08 22:08:21] Legal, sempre tive curiosidade em saber como funciona o CTF
[2018-03-08 22:08:33] Valeu Vinicius!
[2018-03-08 22:08:39] Eu também!
[2018-03-08 22:09:44] A gente tá sempre no grupo trocando ideia
Galera de outros estados costuma jogar com a gente
[2018-03-08 22:09:56] De outros países até hehe
[2018-03-08 22:10:11] Mas, se colar pessoalmente, é legal que tem toda a Vibe do jogo hquhahq
[2018-03-08 22:10:23] Só colar :D
[2018-03-08 22:10:30] Que bacana! Entrei pro grupo já!
[2018-03-08 22:10:44] Se neste sábado tiver eu chego hehe
[2018-03-08 22:11:23] O que devo levar?
[2018-03-08 22:12:26] document: /home/felipe/devel/github_garoa/Telegram_logs_Garoa_Hacker_Clube_Publico/media/Garoa_Hacker_Clube_(Público)/download_589936938044096521.webp
[2018-03-08 22:13:14] Seu notebook, e, se quiser, energético, salgadinho e afins
A gente geralmente acaba pedindo pizza
[2018-03-08 22:13:25] Talvez o que você deveria saber na sua limitada visão, é que nem sei que discussão rolava antes de ter enviado a figura.
[2018-03-08 22:13:29] E o costume é virar a noite
[2018-03-08 22:13:57] Beleza 👍🏼👍🏼 valeu Roz'
[2018-03-08 22:14:03] Tranquilo kkkkk
[2018-03-08 22:14:12] Tamo junto
Precisando, tamo ae haha
[2018-03-08 22:14:50] Opa! Valeu haha
[2018-03-08 22:15:57] Na boa veio, vou dar um tempinho desse grupo, não pago minha internet pra isso. Qualquer coisa pvt. Abraço
[2018-03-08 22:30:06] LG, qdo falamos de coletivos, é bem importante saber se algum comentário ou piada ofende alguém. Não se importar com isso e dizer foda-se não é o que se espera de coletivo.
[2018-03-08 22:37:52] ah sim, btw, não seria casos de homofobia mas sim transfobia
[2018-03-08 22:43:00] E mudando pouco de assunto, tá rolando atividade no garoa?
[2018-03-08 22:43:07] o grupo começou sem moderação, mas logo vai chegar em mil pessoas.  há que decidir sobre moderação.  muito pouco ou nada. no momento creio que temos um pouco de moderação mas é informal
[2018-03-08 22:45:25] com ou sem moderação vai haver um grupo de gente reclamando, um da modoração, outro da zona e abusos. em alguns lugares criam dois, um moderado e outro não.
[2018-03-08 22:47:24] bom, 5 pessoas me alertaram desse post e se sentiram ofendidas com o conteúdo
[2018-03-08 22:47:55] Eu acho que devemos cancelar o grupo público.
[2018-03-08 22:47:57] eita
[2018-03-08 22:48:14] Melhor saída. A lista de emails era muito melhor
[2018-03-08 22:51:42] Espero que a primeira reação de um moderador com algum post desrespeitoso seja na rede ou ferramenta que for não seja um "kkkk"
[2018-03-08 23:13:55] Brinquedos novos
[2018-03-08 23:14:04] Acredito que quando as regras são claras, esse tipo de discussão teria se resolvido mais rapidamente. Be excellent to each other é uma excelente regra, e o post claramente não é excellent a nenhuma pessoa trans.

Dado isso, sobre moderação, numa comunidade anárquica, cabe a cada um cobrar o melhor dos outros, e se alguém se ofender com posts futuros ofensivos, fale algo a respeito! Mas não deixe de continuar uma pessoa excelente.

Se acreditar que não conseguirá responder sem deixar de ser excellent, busque alguém que vc confie e que possa te representar, como fizeram as pessoas que falaram com a Yumi, que respondeu da melhor maneira.
[2018-03-08 23:14:29] photo: /home/felipe/devel/github_garoa/Telegram_logs_Garoa_Hacker_Clube_Publico/media/Garoa_Hacker_Clube_(Público)/download_805513795_106319.jpg
[2018-03-08 23:14:29] photo: /home/felipe/devel/github_garoa/Telegram_logs_Garoa_Hacker_Clube_Publico/media/Garoa_Hacker_Clube_(Público)/download_806123750_55286.jpg
[2018-03-08 23:14:38] Quem quer aprender sobre EFI ?
[2018-03-08 23:15:24] Programável?
[2018-03-08 23:17:19] Yes, sir. bico injetor e ponto de ignição
[2018-03-08 23:17:29] Estou pensando em instalar no Garoa
[2018-03-08 23:17:48] Cara, dá um vontade louca de fazer um eng. reversa
[2018-03-08 23:17:57] Bora fuçar enquanto tá na Garantia! hehehe
[2018-03-08 23:17:58] Pena que o modulo é lacrado com resina
[2018-03-08 23:18:05] hehehehehehehheh
[2018-03-08 23:18:11] Pffff...
[2018-03-08 23:18:20] Vou instalar. Só quero saber de horsepower
[2018-03-08 23:18:22] Se não for pra ser assim, nem quero... hehehehe
[2018-03-08 23:18:41] 750$ o brinquedo hehehehhe
[2018-03-08 23:19:12] Lander-09? rs
[2018-03-08 23:19:26] heheheheh Lander 290cc heheheh
[2018-03-08 23:19:51] Vou pro uruguay em maio com ela. preciso me certificar que a mistura está certa
[2018-03-08 23:19:56] Lander-03, então.. rs
[2018-03-08 23:19:57] É um tanto complicado. Alguns acham graça, outros não, alguns estão nem aí, outros estão... Não adianta querermos colocar nossa ideologia no outro (nem que seja "na marra") por que no fim das contas isto é falta de respeito também (mesmo que estejamos corretos). A questão do certo e errado, fere ou não fere é diferente pra todos. Então para não perder tempo e foco com este tipo de coisa, regras claras podem ajudar (já que não existe um consenso natural).
[2018-03-08 23:20:14] Total serão 4000km (ida e volta)
[2018-03-08 23:20:29] Eita
[2018-03-08 23:20:36] Montevidéu?
[2018-03-08 23:20:37] Hell Yaeh. Com cabeçote e comando dá pau em MT03 dacil
[2018-03-08 23:20:42] yep
[2018-03-08 23:20:56] E vamos fazer por lugares alternativos
[2018-03-08 23:21:13] Serra do Rastro-sp, estrada da graciosa....
[2018-03-08 23:21:27] vai ser a trip muito doida
[2018-03-08 23:21:29] Vão em quantos?
[2018-03-08 23:21:32] eu to querendo ir de cb300 pra buenos aires em outubro
[2018-03-08 23:21:36] 2
[2018-03-08 23:21:40] quem vamos sofrer mais?
[2018-03-08 23:21:42] hahahahahah
[2018-03-08 23:21:57] a lander é 10x mais macia
[2018-03-08 23:22:02] O bom do Garoa é que só tem motoqueiro heheheheheh
[2018-03-08 23:22:09] haahaahahah
[2018-03-08 23:22:15] Eu estou influenciando uns aí @tilt4
[2018-03-08 23:22:24] so less expensive
[2018-03-08 23:22:55] Um casal de conhecidos foram até o Ushuaia
[2018-03-08 23:23:19] Mel Rodrigues joined
[2018-03-08 23:23:32] Pegando a Fazer a gente faz uns rolês... rs
[2018-03-08 23:24:01] Demoro. Pega um Lander, coloca umas rodas 17
[2018-03-08 23:25:16] Gosto mais do estilão da Fazer...
[2018-03-08 23:25:40] naaaaaaaaaao
[2018-03-08 23:25:43] photo: /home/felipe/devel/github_garoa/Telegram_logs_Garoa_Hacker_Clube_Publico/media/Garoa_Hacker_Clube_(Público)/download_806006733_1128.jpg
[2018-03-08 23:25:43] photo: /home/felipe/devel/github_garoa/Telegram_logs_Garoa_Hacker_Clube_Publico/media/Garoa_Hacker_Clube_(Público)/download_806010308_1050.jpg
[2018-03-08 23:25:44] "(
[2018-03-08 23:25:52] hahahaha
[2018-03-08 23:26:03] Too Late
[2018-03-08 23:26:09] eu vi kkkkk
[2018-03-08 23:26:21] mas ficou bonita ate
[2018-03-08 23:26:25] Eu sempre monto 2 pares de rodas. Um trail e outro motard
[2018-03-08 23:26:30] nao sei se funcional, ai diz vc
[2018-03-08 23:26:57] Fica surreal o tanto de curva e freio que essa moto faz
[2018-03-08 23:27:15] se for pro uruguai da pra ir pra buenos aires de balsa
[2018-03-08 23:27:20] ja aproveita o role
[2018-03-08 23:27:41] possível, possível
[2018-03-08 23:29:33] photo: /home/felipe/devel/github_garoa/Telegram_logs_Garoa_Hacker_Clube_Publico/media/Garoa_Hacker_Clube_(Público)/download_806006487_1044.jpg
[2018-03-08 23:35:14] Lander com as rodas Trail
[2018-03-08 23:38:34] @Gutemhc Quanto você quer mexer com a EFI?
[2018-03-08 23:39:00] Amanhã apareço no Garoa... Cola?
[2018-03-08 23:39:15] Não dá.. Só sabado ou domingo
[2018-03-08 23:39:45] Sáb, provavelmente, então
[2018-03-08 23:39:57] Fechou.
[2018-03-08 23:40:01] Eu tinha algo marcado pra Sáb, mas não consigo lembrar o q... rs
[2018-03-08 23:40:08] hehehehehehehe
[2018-03-08 23:40:48] tiago FX joined
[2018-03-08 23:41:26] Deep @corvolino Vamos mexer com Injeção Eletrônica neste sábado, no Garoa. Colem lá, vai ser divertido.
[2018-03-08 23:42:26] se tudo correr bem vou passar la no garoa sabado conhecer, e cair num dia perfeito, ver sobre efi hahahah
[2018-03-08 23:43:06] Show de bola
[2018-03-08 23:44:17] mas agora vou dormir que o celular precisa entrar em modo aviao, esqueci o carregador na empresa e eh mei despertador hahahha
[2018-03-08 23:44:24] Off topic: Modalmais passou a alavancagem de 40$ para 25$ por minicontrato.
[2018-03-08 23:44:26] malditos cabos tipo C
[2018-03-08 23:44:35] Eu estou meio longe mas grato pelo convite
[2018-03-08 23:44:50] boa noite pra quem fica
[2018-03-08 23:44:53] hehehehehhhe relaxa, vamos nos falando
[2018-03-08 23:45:24] Tranquilo. Quando você estiver em SP, aparece no Garoa.
[2018-03-08 23:47:32] Fechou :)
[2018-03-08 23:53:04] Pessoal , eu não gosto quando algum moderador, em qualquer grupo, sai apagando mensagens. Mas achei por bem apagar o gif transfóbico.
O dia internacional da mulher foi criado para homenagear as mulheres e destacar a necessidade de respeita-las, e não oprimi-las, como infelizmente acontece diariamente na nossa sociedade.
Ou seja, é um dia para comemorar o respeito e a igualdade. Não é um dia para brincadeiras e piadinhas sem graça que reforçam o preconceito.
Obrigado a todos os participantes do grupo que se manifestaram contra a “piada sem graça”. Um dos principais valores do garoa é o respeito a todos, incondicionalmente. 
#paz
[2018-03-08 23:56:10] Concordo.
