[2016-11-13 01:26:07] Muito bom esse livro
[2016-11-13 10:19:28] Adoro! Tem em português pela Novatec tb.
[2016-11-13 10:21:29] Não sabia, que legal!
[2016-11-13 10:27:47] Tem esta tabela que talvez interesse... https://docs.google.com/spreadsheets/d/1l87iQ1ewJQahCOtLujH5AQ9nifyfTdYqkGRPeVvRcrE/pubhtml?gid=1695940833
[2016-11-13 10:28:56] Tá faltando atualizar com uma indicação massa do Luciano Ramalho
[2016-11-13 10:31:07] https://mitpress.mit.edu/books/exploratory-programming-arts-and-humanities
[2016-11-13 10:55:18] photo: /home/felipe/devel/github_tvdstaaij/telegram-history-dump/output/media/Garoa_Hacker_Clube_(Público)/download_803716618_133062.jpg
[2016-11-13 10:55:46] Meu home theater agora eh Bluetooth
[2016-11-13 10:55:49] Kkkk
[2016-11-13 10:56:07] #gambiarra
[2016-11-13 10:56:36] Quero fazer isso no meu carro
[2016-11-13 10:57:38] Tem uns prontos por 3 dólares
[2016-11-13 10:58:07] Esse aí peguei uma daquelas caixinhas Bluetooth bem boqueta e adaptei
[2016-11-13 10:58:19] Ela ia para lixo pq não uso para nada
[2016-11-13 10:58:34] Mas não eh stereo
[2016-11-13 10:58:53] Já vi
[2016-11-13 10:59:20] Tenho várias caixinhas dessa aqui, vou fazer uma dessas para aquele falante do garoa
[2016-11-13 10:59:50] photo: /home/felipe/devel/github_tvdstaaij/telegram-history-dump/output/media/Garoa_Hacker_Clube_(Público)/download_413438718758617176.webp
[2016-11-13 10:59:53] Essa eh outra versão
[2016-11-13 11:00:59] document: /home/felipe/devel/github_tvdstaaij/telegram-history-dump/output/media/Garoa_Hacker_Clube_(Público)/download_753733448681653053.webp
[2016-11-13 11:03:05] document: /home/felipe/devel/github_tvdstaaij/telegram-history-dump/output/media/Garoa_Hacker_Clube_(Público)/download_803718304_133329.jpg
[2016-11-13 11:03:43] Que doido, um cachorro transparente.
[2016-11-13 11:12:40] Kkk
[2016-11-13 11:12:49] Em bem fácil, Fernando
[2016-11-13 11:35:18] Galera que quer ajudar o pessoal a aprender Python, dêem uma olhada nesse repositório no Git: https://github.com/vmesel/Python-Hands-On
[2016-11-13 11:35:19] vmesel | Python-Hands-On

Conteúdo inicial para pessoas que tem interesse em Aprender Python

Language: Python
Forks: 0
Stars: 1
Issues: 2
[2016-11-13 11:35:26] e se possível divulguem!
[2016-11-13 12:09:13] alguem vai na roadsec??
[2016-11-13 12:42:41] Euzinha
[2016-11-13 14:03:42] https://garoa.net.br/wiki/Dumont_Hackerspace_no_Roadsec_S%C3%A3o_Paulo_2016
[2016-11-13 14:20:05] Eu vou
[2016-11-13 15:44:00] Eu vou
[2016-11-13 16:15:03] Eu vou também
[2016-11-13 17:07:01] PDF de uma exposição, de 90, no MoMA sobre Microchips
Information Art : Diagramming Microchips. 
https://www.moma.org/d/c/exhibition_catalogues/W1siZiIsIjMwMDA2Mjk4OCJdLFsicCIsImVuY292ZXIiLCJ3d3cubW9tYS5vcmcvY2FsZW5kYXIvZXhoaWJpdGlvbnMvMjEwMSIsImh0dHBzOi8vd3d3Lm1vbWEub3JnL2NhbGVuZGFyL2V4aGliaXRpb25zLzIxMDE%2FbG9jYWxlPWVuIiwiaSJdXQ.pdf
[2016-11-13 17:26:07] 😮
[2016-11-13 17:27:04] Não consigo baixar :((
[2016-11-13 17:27:41] https://www.moma.org/d/c/exhibition_catalogues/W1siZiIsIjMwMDA2Mjk4OCJdLFsicCIsImVuY292ZXIiLCJ3d3cubW9tYS5vcmcvY2FsZW5kYXIvZXhoaWJpdGlvbnMvMjEwMSIsImh0dHBzOi8vd3d3Lm1vbWEub3JnL2NhbGVuZGFyL2V4aGliaXRpb25zLzIxMDE%2FbG9jYWxlPWVuIiwiaSJdXQ.pdf?sha=9e4838d1bc0883ac
[2016-11-13 17:27:45] tenta agora
[2016-11-13 21:19:34] Eu vou...
