[2016-10-27 04:35:42] Eu tinha um, funcionava quando tinha servidor
[2016-10-27 04:35:49] Depois nunca mais Testei na vdd
[2016-10-27 11:37:54] jonatas joined
[2016-10-27 11:37:55] Hi jonatas !
[2016-10-27 11:38:45] bom dia  pessoal......alguemfaz ideia do que seria fuzzer????
[2016-10-27 11:39:53] eu vi isso no assunto  em analise de vulnerabilidade web .......e o que seria spider ou spidering
[2016-10-27 11:40:50] http://lmgtfy.com/?q=Fuzzer
[2016-10-27 15:48:55] BACK001 joined
[2016-10-27 15:48:56] Hi Thi !
[2016-10-27 15:50:14] Olá meu nome eh thiago sou coordenador de tecnologia e apaixonado por tecnologias estou ingressando no grupo para acompanhar assuntos e também compartilhar com informações que ajudem :)
[2016-10-27 15:51:32] Leo joined
[2016-10-27 15:51:33] Hi Leo !
[2016-10-27 15:52:39] Boa tarde amigos, sou o Léo, desenvolvedor web... gostaria de conhecer o clube
[2016-10-27 15:54:29] http://hackaday.com/2016/10/27/basic-interpreter-hidden-in-esp32-silicon
[2016-10-27 15:57:06] Bem vind9
[2016-10-27 15:57:31] Obrigado
[2016-10-27 15:58:26] Offset joined
[2016-10-27 15:58:26] Hi Anonymous !
[2016-10-27 15:58:31] Boa tarde amigos :)
[2016-10-27 15:58:36] document: /home/felipe/devel/github_tvdstaaij/telegram-history-dump/output/media/Garoa_Hacker_Clube_(Público)/download_1842540969984018.webp
[2016-10-27 15:58:54] Quem vai hoje pra estudar arduino?
[2016-10-27 16:00:15] Uma dúvida ...quais dias o garoa abre ? E que horas ? Tem agenda ? Ou só aparecer ?
[2016-10-27 16:00:32] Eu
[2016-10-27 16:00:43] Garoa.net.br
[2016-10-27 16:00:59] Tem os eventos lá
[2016-10-27 16:01:14] Confirma no grupo se alguém já abriu o Garoa
[2016-10-27 16:01:26] Mas é  só chegar
[2016-10-27 16:01:33] Ok valew
[2016-10-27 16:01:51] https://garoa.net.br/wiki/FAQ#Quando_o_Garoa_est.C3.A1_aberto.3F
[2016-10-27 16:01:58] https://garoa.net.br/wiki/P%C3%A1gina_principal
[2016-10-27 16:02:04] Estava olhando agora
[2016-10-27 16:02:07] dai encontrei este grupo
[2016-10-27 16:02:25] Não sei se vou mexer com o Arduino mas pretendo estar lá.
[2016-10-27 16:02:30] Show
[2016-10-27 16:03:06] To planejando ir hoje lá
[2016-10-27 16:04:08] Quinta nunca falha. Atenção que se a internet continuar fora do ar o status não será confiável.
[2016-10-27 16:04:38] Internet fora do ar?
[2016-10-27 16:04:43] Será bem vindo
[2016-10-27 16:04:51] vlw :D
[2016-10-27 16:04:59] Sou o Offset
[2016-10-27 16:05:16] O Garoa tem status online
[2016-10-27 16:05:24] No site . acima
[2016-10-27 16:05:33] Entendi
[2016-10-27 16:05:34] Offset já visitou o Garoa na terça-feira para o Synth, Drums and Hack :) não é?
[2016-10-27 16:05:39] Mas depende da Internet para atualizar
[2016-10-27 16:05:45] Isto
[2016-10-27 16:05:56] Tu que me chamou rs
[2016-10-27 16:06:16] Só que terça feira tenho aula
[2016-10-27 16:06:21] só posso ir dia de quinta
[2016-10-27 16:06:28] Exato foi bem legal :)
[2016-10-27 16:06:41] yes :D
[2016-10-27 16:06:55] Eu vi uma foto que tu postou tinha uma galera lá
[2016-10-27 16:07:28] Tu vai hoje?
[2016-10-27 16:07:51] Não
[2016-10-27 16:09:46] Tirei uma foto lá da h2hc
[2016-10-27 16:09:55] que tinha uma bomba C4
[2016-10-27 16:10:14] esqueci o nome daquela placa
[2016-10-27 16:11:55] Tava legal lá eu fui também :) vc viu q teve um lá q foi powned
[2016-10-27 16:12:49] Me perguntaram isso hoje, más não vi
[2016-10-27 16:13:05] Falaram que ele foi conectar no wi-fi publico pra acessar a essecurity
[2016-10-27 16:13:58] Más foi grave ou foi só uma brincadeira de leve?
[2016-10-27 16:14:21] photo: /home/felipe/devel/github_tvdstaaij/telegram-history-dump/output/media/Garoa_Hacker_Clube_(Público)/download_803717644_121249.jpg
[2016-10-27 16:14:37] photo: /home/felipe/devel/github_tvdstaaij/telegram-history-dump/output/media/Garoa_Hacker_Clube_(Público)/download_803716926_122620.jpg
[2016-10-27 16:15:04] http://blogs.msmvps.com/sdias/2016/10/27/owned-na-h2hc/
[2016-10-27 16:15:13] Então mais ou menos rs
[2016-10-27 16:15:15] Show...
[2016-10-27 16:15:18] KKKKKKKKKK
[2016-10-27 16:15:33] Wipe o notebook e iPhone do cara também
[2016-10-27 16:15:37] Será que não é fake pra ele se promover?
[2016-10-27 16:15:50] E pegaram todas senhas do cache do chrome
[2016-10-27 16:15:58] Pode ser não sei masssss tá aí rs
[2016-10-27 16:17:25] Acho q não eh Pq parece q este cara tem um histórico de problemas com pessoas rs
[2016-10-27 16:17:49] No LinkedIn já tá arrumado mas tem cache do Google q mostra q foi alterado mesmo
[2016-10-27 16:18:48] Divulgada de leve :D
[2016-10-27 16:18:48] photo: /home/felipe/devel/github_tvdstaaij/telegram-history-dump/output/media/Garoa_Hacker_Clube_(Público)/download_803701780_121606.jpg
[2016-10-27 16:25:45] humm todos os dias foi otimismo ;)
[2016-10-27 16:26:07] rs
[2016-10-27 16:27:10] @Jerrinho joined
[2016-10-27 16:27:11] Hi Jerry !
[2016-10-27 16:28:37] Jeferson B. Ribeiro joined
[2016-10-27 16:28:38] Hi Jeferson !
[2016-10-27 16:34:29] vocês aceitam iniciantes em Arduino lá? rsrsrs...
[2016-10-27 16:34:55] document: /home/felipe/devel/github_tvdstaaij/telegram-history-dump/output/media/Garoa_Hacker_Clube_(Público)/download_1842540969984065.webp
[2016-10-27 16:36:26] https://m.facebook.com/story.php?story_fbid=1808389182708405&id=1422550887958905
[2016-10-27 16:36:34] Intel
[2016-10-27 16:36:57] Intel Edson do tamanho de um SdCard
[2016-10-27 16:42:47] Matheus Farias joined
[2016-10-27 16:42:48] Hi Matheus !
[2016-10-27 16:43:34] Hi people
[2016-10-27 16:44:09] Claro, venha numa quinta.
[2016-10-27 16:49:11] Eita, entrou bastante gente no grupo hoje
Bem vindos!
[2016-10-27 16:50:23] Rsrs obrigado :)
[2016-10-27 17:31:16] Obrigado!
[2016-10-27 17:31:34] Quem vai hoje ô/
[2016-10-27 17:32:31] 🙋‍♂
[2016-10-27 18:00:35] Vitor Fernandes joined
[2016-10-27 18:00:36] Hi Vitor !
[2016-10-27 18:01:23] É só colar, hoje tem noite do Arduino, amanhã tem Nós Robôs e Sábado tem Quebrando o Cerco e festinha de Halloween a noite!
[2016-10-27 18:15:15] Garoa sem luz #CRISE
[2016-10-27 18:15:36] pqp 😭
[2016-10-27 18:15:57] pode crer. na hora do almoço tava sem luz já no aro 27
[2016-10-27 18:16:19] Vou ficar pelo menos até as 19
[2016-10-27 18:17:23] dq, se continuar sem luz, nem vou para ai... se ela voltar ate as 19hs, me avisa que ja estou pronto para sair
[2016-10-27 18:18:16] Ok, aguardem novos boletins.
[2016-10-27 18:26:27] Habemus luz elétrica!
[2016-10-27 18:26:38] \0/
[2016-10-27 18:26:40] indo
[2016-10-27 18:26:49] partiu santana de parnaiba!
[2016-10-27 18:27:10] Boa noite
[2016-10-27 18:33:50] Partiu
[2016-10-27 18:36:09] Aeee
[2016-10-27 18:41:09] Internet: agora só falta você!
[2016-10-27 18:56:13] Iê iê
[2016-10-27 18:57:59] photo: /home/felipe/devel/github_tvdstaaij/telegram-history-dump/output/media/Garoa_Hacker_Clube_(Público)/download_803718622_121571.jpg
[2016-10-27 18:58:15] Horário de verão eh muito massa
[2016-10-27 19:09:08] Aqui qualquer dia anoitece as 21
[2016-10-27 19:15:42] Sei, Ai no Alasca?
[2016-10-27 19:16:10] Verão no Uruguai era umas 21:30
[2016-10-27 19:19:05] Onde?
[2016-10-27 19:19:56] Internet-garoa ainda em crise?
[2016-10-27 19:20:42] Melhor, assim só dá para fazer coisa de verdade
[2016-10-27 19:21:15] Nada de ver vídeos e fotos de gatos
[2016-10-27 19:29:07] Gente... num vou mais. Vou ver gatinhos em casa
[2016-10-27 19:43:36] Garoa Hacker Clube está aberto...
[2016-10-27 19:51:15] www.gifcities.org
[2016-10-27 19:58:21] http://gifcities.org/#/dancing+baby
[2016-10-27 19:59:28] Porto Alegre
[2016-10-27 19:59:44] photo: /home/felipe/devel/github_tvdstaaij/telegram-history-dump/output/media/Garoa_Hacker_Clube_(Público)/download_803729683_85088.jpg
[2016-10-27 20:01:23] Muito legal!!
[2016-10-27 20:09:40] http://gifcities.org/#/under+construction
[2016-10-27 20:12:24] wilder Costa joined
[2016-10-27 20:12:24] Hi FuryousKaus !
[2016-10-27 20:14:29] Salvs
[2016-10-27 20:24:12] http://spaceflightnow.com/2016/10/27/new-images-resolve-finer-details-of-mars-landers-crash-site/
[2016-10-27 20:44:46] 👍🏼
[2016-10-27 20:46:58] Sdds Geocities
[2016-10-27 20:49:16] https://en.wikipedia.org/wiki/Schiaparelli_EDM_lander
[2016-10-27 22:28:52] Estou com uma Impressora 3D Printrbot Simple Metal pra vender.... Alguém tem interesse? 999 :)
