[2017-11-22 00:00:07] https://www.csoonline.com/article/3237591/security/captain-crunch-aka-john-draper-banned-from-defcon-for-sexual-misconduct.html
[2017-11-22 05:50:55] https://unix.stackexchange.com/questions/405783/why-does-man-print-gimme-gimme-gimme-at-0030#
[2017-11-22 07:03:37] Foi tbm por isso que cancelaram a participação dele na Roadsec
[2017-11-22 08:32:33] Saca só, é a minha página inicial do Reddit, todos esses com ícones vermelhos são compartilhamentos da petição em favor da Net Neutrality nos usa
[2017-11-22 08:32:51] photo: /home/felipe/devel/github_garoa/Telegram_logs_Garoa_Hacker_Clube_Publico/media/Garoa_Hacker_Clube_(Público)/download_805513253_46387.jpg
[2017-11-22 09:17:31] Do que se trata exatamente?
[2017-11-22 09:22:50] Opa, manjadores de Raspberry, esp8266, arduinos e entre outros boards. Sou Dev e queria brincar com essas plaquinhas, nunca mexi com nenhuma antes, minhas ambições são muitas. Raspberry é o que mais me desperta interesse, mas aí fico preso em qual projetinho começar. O que sugerem para começar?
[2017-11-22 09:45:03] Tá acontecendo a mesma coisa que ocorre aqui no Brasil, tão querendo acabar com a privacidade na internet
[2017-11-22 09:52:12] Os grandes provedores de internet nos USA vão poder acessar os pacotes e saber o que vc faz na internet se aprovarem esse negócio que tá tendo nos USA
[2017-11-22 09:59:55] Já existe um certo controle né, lá você é notificado pela operadora quando baixa filmes ou músicas por torrent
[2017-11-22 12:11:41] Alexandre Barbieri joined
[2017-11-22 12:11:42] Hi Alexandre !
[2017-11-22 12:12:47] https://olhardigital.com.br/noticia/correios-acusam-lojas-chinesas-de-trapaca-no-envio-de-produtos-ao-brasil/72490
[2017-11-22 12:40:39] Sim
[2017-11-22 12:51:45] Oh louco!!
[2017-11-22 12:55:03] Isso influencia o grande uso de proxy e vpn por lá.
[2017-11-22 13:23:16] Trapaça é um Sedex da ZL pra ZO custar R$56
[2017-11-22 13:23:34] Kkkkkkkkkk
[2017-11-22 14:29:17] Não só isso, mas vai afetar a neutralidade da rede, as trlecoms vão ganhar o direito de fazer pacotes com serviços, um para Netflix Hulu, um para quem usa aplicativos de comunicação etc
Lá a internet é adquirida de maneira livre e o que se escolhe contra o preço é a velocidade, talvez o quanto de banda.
[2017-11-22 14:38:20] Brinca com o GPIO dele.  Coloca um sensor de temperatura que te manda um email de ficar acima ou abaixo de X°C...
[2017-11-22 14:58:47] Verdade, tem isso tbm
[2017-11-22 15:00:25] Nunca vi um processo tratando sobre isso, mas o nosso marco civil, por exemplo, diz que os provedores devem "tratar de forma isonômica quaisquer pacotes de dados, sem distinção por conteúdo, origem e destino, serviço, terminal ou aplicação" (art. 9º
[2017-11-22 15:56:02] Diz varias outras coisas que ninguém está se importando né
[2017-11-22 15:56:18] Ninguém = empresas
[2017-11-22 15:59:29] Problema não é a lei, é a fiscalização da lei.
[2017-11-22 16:00:25] Quem regula isso é uma agência com a cooperação das Telecoms. Quem será que mede melhor o tráfego e faz uma análise boa, a Anatel ou qualquer Telecom?
[2017-11-22 16:42:41] document
[2017-11-22 17:35:52] Tira o monopólio do Correios e vai ver esse preço cair na hora... Fora que a empresa fali em 2 meses
[2017-11-22 17:36:22] @fernandoGuisso vou preparar umas coisas pra passar pro pessoal, ainda tenho material
[2017-11-22 17:37:21] opa, dhora, quanto mais melhor
[2017-11-22 18:11:05] Pessoal, alguém indica alguém ou loja especializada em drones?
[2017-11-22 18:11:58] Comprei o meu na GearBest (China)
[2017-11-22 18:12:15] Tive sorte e não fui taxado pela aduana!
[2017-11-22 18:26:26] https://rideapart.com/articles/meet-worlds-smallest-collapsible-scoot
[2017-11-22 18:26:41] Será que pode andar na ciclovia? hehehehe
[2017-11-22 18:31:53] Vlw, vou começar assim.
[2017-11-22 19:08:05] Is correios não tem monopólio para envio de encomendas. Você pode usar qualquer um dos concorrentes que quiser.
[2017-11-22 19:08:27] Que horas vai ser a oficina de cutelaria?
[2017-11-22 19:19:53] Corvo joined
[2017-11-22 19:19:55] Hi Corvo !
[2017-11-22 19:21:20] Ué
[2017-11-22 19:26:30] hahahahah
[2017-11-22 20:35:21] photo: /home/felipe/devel/github_garoa/Telegram_logs_Garoa_Hacker_Clube_Publico/media/Garoa_Hacker_Clube_(Público)/download_805514466_46574.jpg
