[2017-05-02 03:37:22]  joined
[2017-05-02 03:37:22] Hi Andreas !
[2017-05-02 03:37:31] olá a todos boa noite
[2017-05-02 05:02:11] Alguém aí manja de scripts ("javascript", por assim dizer....é usando a API do Google)? Preciso fazer uma pesquisa, vou usar o Google Forms, mas, como os recursos básicos dele são muito limitados, vou ter que apelar pra scripts.
E outras plataformas não fornecem esse recurso, então ficam igualmente limitadas...
 
Basicamente, é uma pesquisa de intenção de (anti-)voto, bem mais completa do que aquelas budegas simplistas que aparecem por aí...
[2017-05-02 05:58:51] Passa um tempo brincando aí, bem fácil de usar, só vc já for programador, melhor ainda, se não, faça os tutoriais q já dá pra entender legal
https://developers.google.com/apps-script/
[2017-05-02 06:16:02] Bacana, parabéns pelo trabalho!
[2017-05-02 06:16:15] Bom dia pessoALL
[2017-05-02 08:46:10] https://hardware.slashdot.org/story/17/05/01/228211/intel-patches-remote-execution-hole-thats-been-hidden-in-its-chips-since-2008
[2017-05-02 08:57:03] Bom dia, quando será a Bsides?
[2017-05-02 08:59:21] Dias 20 e 21 de maio...
[2017-05-02 09:19:41] Falha de segurança em modo nativo
[2017-05-02 09:21:56] https://www.autodeskresearch.com/publications/samestats
[2017-05-02 09:22:11] https://d2f99xq7vri1nk.cloudfront.net/DinoSequentialSmaller.gif
[2017-05-02 09:41:34] Da pra dar uma explorada na plataforma Sandstorm.io lá dá pra adicionar várias funcionalidades e formulários e tem como usar o servidor deles. É software livre. 
Talvez o formato que vc precisa já é está disponível lá.
[2017-05-02 11:30:14] No Wordpress também deve ter algum plugin de formulário poderoso. Eu apostaria 10centavos que sim.
[2017-05-02 11:31:31] Podiamos pinnar o aviso sobre a BSides, não?
[2017-05-02 11:31:36] com link pra page na Wiki
[2017-05-02 15:51:00] Pessoal, dia 13/05 vou fazer a oficina de cutelaria (fabricação de faca) no Garoa
[2017-05-02 15:51:16] Quem tiver interessado me chama, pois tem um custo para participar R$110,00
[2017-05-02 15:51:36] ainda tem 2 vagas
[2017-05-02 15:52:57] Tem info desse evento na wiki? Não encontrei aqui
[2017-05-02 15:58:09] Tem na lista de discussão
[2017-05-02 16:02:02] https://garoa.net.br/wiki/Cutelaria criei uma página com info básica
[2017-05-02 16:05:05] Ok, obrigado!
[2017-05-02 16:08:40] Vlw @Biazzotto
[2017-05-02 17:24:14] alguem conhece o hackspace de são josé dos campos -SP?
[2017-05-02 17:28:58] Sabugosa? Ainda estão ativos? Com sede?
[2017-05-02 17:37:25] Tão meio parados
[2017-05-02 17:37:50] A 'sede' era no parque santos-dumont
[2017-05-02 18:03:45] Alguém no garoa?
[2017-05-02 18:06:38] Esclarecendo: O Garoa não faz cursos pagos. Esse valor é estritamente para o custeio dos materiais usados na oficina. Ninguém será proibido de ouvir/perguntar/etc. A única limitação é o espaço-físico disponível e eventuais medidas de segurança, como aparelhos de segurança, etc...
[2017-05-02 18:08:59] Aproveitando falar sobre cursos, Domingo agora tem um sobre Blockchain, Ethereum e smart-contracts contracts, Freeeeee
[2017-05-02 18:09:11] As 15hs
[2017-05-02 18:19:49] Opa! FEz uma pra Deus ver, né, @gui
[2017-05-02 18:19:54] @fernandoGuisso
[2017-05-02 18:29:00] Oloko, uma? Tô sempre fazendo uai, é mt pecado pra Deus me perdoar, não posso parar as bondade, se não eu não chego nem no purgatório kkk
[2017-05-02 19:22:42] Opa, vou tentar ir
[2017-05-02 19:24:25] ✌
[2017-05-02 19:38:32] Sem choro, Guisso!
[2017-05-02 19:40:07] https://www.cyberciti.biz/hardware/gnubee-personal-blobfree-nascloud-server-for-hackers/
[2017-05-02 19:44:35] Alguém poderia me indicar algum material sobre pinvoke?
[2017-05-02 22:54:47] Fernando Guisso added Marcelo
[2017-05-02 22:54:48] Hi Marcelo !
[2017-05-02 22:57:48] Opa!
[2017-05-02 22:57:53] Saudações
[2017-05-02 23:04:18] Uélcome!
[2017-05-02 23:05:18] Boa noite 
Estou com um problema no meu notebook novo instalei o Debian Jessie e meu touchpad não funciona já fiz de tudo estou precisando de ajuda
