[2017-05-11 09:20:05] Arles joined
[2017-05-11 09:20:06] Hi Arles !
[2017-05-11 11:25:36] O Stalman na nos alertou sobre isso a anos em seu site. https://stallman.org/intel.html isso é verdade.
[2017-05-11 11:27:40] Pessoal, só pra avisar... saiu resultado das eleições da CGI
[2017-05-11 11:27:51] Garoa Hacker Clube vai pra segundo turno na votação de suplentes!
[2017-05-11 11:28:19] @Gutemhc Hoje vamos no Garoa
[2017-05-11 11:28:27] O Vasile, do Tor, vai aparecer :)
[2017-05-11 11:29:36] 👍👍👍 Quantos votos o garoa teve?
[2017-05-11 11:30:32] Nós apoiamos a Flavia Lefevre, votamos nela para garantir a entrada dela como titular. Maaaas recebemos um voto que nos qualificou como elegíveis no segundo turno.
[2017-05-11 11:40:22] Yumi, quantas pessoas votam no total?
[2017-05-11 11:51:38] 220
[2017-05-11 13:08:07] Pessoal, vai ter evento hoje de Data Science, né?
[2017-05-11 13:08:09] NO garoa
[2017-05-11 13:08:38] Dai to levando o cara do Tor, é ok eu entrar na WIKI e colocar essa nova atividade?
[2017-05-11 13:14:01] Sim, por favor
[2017-05-11 13:14:38] Mas já aviso, hj é quinta e tem noite do Arduino
[2017-05-11 13:14:58] Talvez vcs não possam usar a sala multiuso
[2017-05-11 13:15:16] Mas as outras estão liberadas
[2017-05-11 13:54:45] Coloca lá e damos um jeito!
[2017-05-11 13:55:50] Eu nào consegui criar a página do evento
[2017-05-11 13:55:54] Fala que não tenho permissão
[2017-05-11 13:55:54] :(
[2017-05-11 13:55:59] Tem como alguém criar?
[2017-05-11 14:09:35] Descobrir o que eu tinha feito de errado, já consigo criar a pagina
[2017-05-11 14:09:44] Só falta agora eu descobrir como aplica tag na página
[2017-05-11 14:29:24] [[Categoria:Evento]]
[2017-05-11 14:29:47] Mas como faço pra ele ir pro dia certo?
[2017-05-11 14:33:26] Coloquei isso e nada...
[2017-05-11 14:33:32] mas depois vejo isso com vcs lá ao vivo
[2017-05-11 14:36:30] https://garoa.net.br/wiki/Bate_papo_sobre_tor
[2017-05-11 14:36:30] Você tem que editar a página de próximos eventos também:
https://garoa.net.br/w/index.php?title=Proximos_Eventos&action=edit
[2017-05-11 14:39:29] Galera, quem for hoje no Garoa pode, por gentileza, reiniciar ou pedir para alguém reiniciar o Raspberry Pi?

Percebi que o status não está sendo atualizado automaticamente há algum tempo, e ninguém reiniciou o Raspberry Pi ainda...

Não posso ir, estou com conjuntivite e vou ficar de molho até segunda-feira...
[2017-05-11 14:40:59] Tem algo estranho, atualizei aqui, mas não aparece a mudança na home
[2017-05-11 14:41:26] Problemas com o cache do servidor, eventualmente ela atualiza...
[2017-05-11 15:05:56] Eu sempre dou um edit na página principal sem alterar nada pra aparecer
[2017-05-11 15:06:28] É uma opção, também faço isso... força o update...
[2017-05-11 17:00:22] Se tiver alguém no garoa antes das 19.30 por favor avise para que possa me deslocar
[2017-05-11 17:42:46] Alguém tem sticker nazi seria cômico
[2017-05-11 18:06:14] document: /home/felipe/devel/github_tvdstaaij/telegram-history-dump/output/media/Garoa_Hacker_Clube_(Público)/download_64858803648071081.webp
[2017-05-11 18:06:32] HAHA
[2017-05-11 18:08:41] document: /home/felipe/devel/github_tvdstaaij/telegram-history-dump/output/media/Garoa_Hacker_Clube_(Público)/download_64858803648070168.webp
[2017-05-11 18:08:45] Hahahahahah
[2017-05-11 18:10:14] http://static.fsf.org/nosvn/stickers/windows7sins.svg
[2017-05-11 18:11:23] document: /home/felipe/devel/github_tvdstaaij/telegram-history-dump/output/media/Garoa_Hacker_Clube_(Público)/download_182536080015232106.webp
[2017-05-11 22:36:58] posso divulgar uma chamada pra palestra aqui?
[2017-05-11 22:40:22] Pode sim, Jé...
[2017-05-11 22:44:53] Manda praquelas minas foda q vcs conhecem! https://www.facebook.com/grupyrp/photos/a.978736132202995.1073741830.960492644027344/1333401043403167/?type=1&theater
[2017-05-11 22:44:58] ❤️
[2017-05-11 22:50:54] Falar em minas
[2017-05-11 22:53:03] photo: /home/felipe/devel/github_tvdstaaij/telegram-history-dump/output/media/Garoa_Hacker_Clube_(Público)/download_803119221_51129.jpg
[2017-05-11 22:53:46] Gente, O R-Ladies está com uma proposta muito legal!!!! 

R é uma linguagem voltada para estatística, e o R-Ladies tem como objetivo educar e compartilhar experiências relacionadas a essa linguagem. 

Atualmente o Grupo do R-Ladies está BOMBANDO no vale do silício. E contará com a ilustre Gabriela de Queiroz que é Lead Data Scientist na SelfScore onde cria e mantém modelos Estatísticos e de Machine Learning usados em otimização, fraude e risco. Ela irá compartilhar suas experiências conosco nesse Meetup, fora outras coisas que irão ocorrer.

Que tal se Inscrever no Meetup. 
https://GOO.GL/AOsCQp   😊
[2017-05-11 23:14:22] Gostei
[2017-05-11 23:43:02] Gabriel Casarin joined
[2017-05-11 23:43:03] Hi Gabriel !
