[2018-02-20 00:01:36] ah entao esses que ele fala eh os chapeus claros?
[2018-02-20 00:03:07] Não sei... Minha Religião não permite Segregações. ;)
[2018-02-20 00:03:55] document: /home/felipe/devel/github_garoa/Telegram_logs_Garoa_Hacker_Clube_Publico/media/Garoa_Hacker_Clube_(Público)/download_627702366434494029.webp
[2018-02-20 07:11:30] Justo
[2018-02-20 08:43:35] E vocês vão aplicar Voight-Kampff  ou o q?
[2018-02-20 09:01:55] :-)
[2018-02-20 09:03:09] Na verdade, talvez criar um "Bot" que convide as pessoas pro grupo
Ao invés de divulgar o link do grupo, divulga-se o User desse Bot
A pessoa chama o Bot, e o Bot faz qualquer desafio simples, como "Por favor, envie 'batata' para entrar no grupo"
A pessoa envia e o "Bot" adiciona ela ao grupo
[2018-02-20 09:04:13] Ou talvez usar um Bot comum, que manda um botão e diz "Clique no botão para entrar no grupo"
E aí convida a pessoa pro grupo
[2018-02-20 09:04:30] Uma vez que Bot não clica em botão, fica um captchazinho
[2018-02-20 09:11:50] porteiro bot
[2018-02-20 09:12:41] Gente, tô sumida, mas é por uma boa razão, estou me dedicando a começar meu mestrado, pesquisarei na área de neurociência. Estou já vendo se consigo preparar algo pra falar no Garoa sobre o assunto. Tem alguma coisa da área que vocês tenham dificuldade ou curiosidade?
[2018-02-20 09:21:49] Controlar coisas só com pensamentos
[2018-02-20 09:22:46] document: /home/felipe/devel/github_garoa/Telegram_logs_Garoa_Hacker_Clube_Publico/media/Garoa_Hacker_Clube_(Público)/download_694481660414001257.webp
[2018-02-20 09:25:31] Yumi, tenho dificuldade 3m tudo kkkk
[2018-02-20 09:27:12] O @anchisesbr já brincou com isso lá no garoa! Eu estava testando umas paradas e ele foi a cobaia.
[2018-02-20 09:29:22] Controlar outras pessoas por Bluetooth
[2018-02-20 09:30:26] Kkkk
[2018-02-20 09:30:59] COM CONTROLE DE VÍDEO GAME É FAZER UM STREET FIGHTER HUMANO
[2018-02-20 09:31:13] document: /home/felipe/devel/github_garoa/Telegram_logs_Garoa_Hacker_Clube_Publico/media/Garoa_Hacker_Clube_(Público)/download_606707282096422942.webp
[2018-02-20 09:31:13] Exatamente
[2018-02-20 09:31:35] Tipo galera de química que só saber de fazer droga
[2018-02-20 09:31:50] Kkkkk
[2018-02-20 09:32:26] Se não for pra se autodestruição o ser humano nem precisava estudar
[2018-02-20 09:32:43] A Globo faz algo assim há décadas, com um rf melhor que bt
[2018-02-20 09:33:08] Um rolê interessante é o que uma galera tava fazendo de mapear onda cerebrais durante tentativas de hacking e tentar definir um padrão de quando alguém tem a intenção de causar algum mal
[2018-02-20 09:33:37] Pra daí colocar isso na cabeça das pessoas antes de entrar no avião :P
[2018-02-20 09:35:27] Tipo isso
[2018-02-20 09:35:49] credo!
[2018-02-20 09:35:57] document: /home/felipe/devel/github_garoa/Telegram_logs_Garoa_Hacker_Clube_Publico/media/Garoa_Hacker_Clube_(Público)/download_328774854541050098.webp
[2018-02-20 09:35:58] Hauahauahauha
[2018-02-20 09:36:10] Pra saber quem quer explodir o avião
[2018-02-20 09:36:18] E não deixar a pessoa entrar
[2018-02-20 09:36:31] absurdo!
[2018-02-20 09:37:24] Minority Report the beginning
[2018-02-20 09:37:54] pois é... zoado hahaha
[2018-02-20 09:38:07] photo: /home/felipe/devel/github_garoa/Telegram_logs_Garoa_Hacker_Clube_Publico/media/Garoa_Hacker_Clube_(Público)/download_804722046_139290.jpg
[2018-02-20 09:38:10] Auahaua
[2018-02-20 10:03:28] Vou fazer um Bot pra mim pessoal
[2018-02-20 10:03:40] So fala cmg quem passar no teste
[2018-02-20 10:05:54] Hoje o garoa faz aniversário?
[2018-02-20 10:10:51] 7 anos?
[2018-02-20 10:10:58] Hoje é aniversário de 7 anos da fundação do clube (assinatura dos papeis da associação). E há cerca de 5 anos (e 3 semanas aproximadamente) nós estávamos pegando as chaves na imobiliária para a nova sede aqui de Pinheiros.
[2018-02-20 10:11:34] Então é aniversário
[2018-02-20 10:11:40] Mas o clube começou a operar lá na sede original vários meses antes da fundação.
[2018-02-20 10:11:57] Aniversário oficialmente
[2018-02-20 10:12:06] Tipo bebê
[2018-02-20 10:12:19] Não conta os meses na barriga
[2018-02-20 10:14:12] A primeira atividade do clube (basicamente Alberto Fabiano - o "Aleph" -, Marcelo Rodrigues - do labdegaragem - e eu) aconteceu no porão da Casa de Cultura Digital no dia 28 agosto de 2010.
[2018-02-20 10:15:03] photo: /home/felipe/devel/github_garoa/Telegram_logs_Garoa_Hacker_Clube_Publico/media/Garoa_Hacker_Clube_(Público)/download_804723773_139735.jpg
[2018-02-20 10:27:54] O Garoa tem dois aniversários... show!
[2018-02-20 10:28:07] document: /home/felipe/devel/github_garoa/Telegram_logs_Garoa_Hacker_Clube_Publico/media/Garoa_Hacker_Clube_(Público)/download_4929361410460221461.mp4
[2018-02-20 10:32:14] Roni Nanini joined
[2018-02-20 10:39:29] Ainda não ta pronto, mas habemos website
[2018-02-20 10:39:29] https://dumonths.github.io/
[2018-02-20 10:58:06] Eu já vi alguns videos estranhos que dizem que usam  neurociência para aprender idiomas. Acho que vale a pena explicar quais são as aplicações dela e tentar explicar o q vc vai estudar
[2018-02-20 10:59:19] legal
[2018-02-20 10:59:31] tá sendo legal ir pra essa area
[2018-02-20 11:00:08] qualquer merda que eu falar não vai ser mais "yumi falando merda" mas sim "neurocientista afirma que..."
[2018-02-20 11:05:07] document: /home/felipe/devel/github_garoa/Telegram_logs_Garoa_Hacker_Clube_Publico/media/Garoa_Hacker_Clube_(Público)/download_641082946203157043.webp
[2018-02-20 11:34:33] Como montar um EEG headset.
[2018-02-20 12:11:44] Chegando atrasado na conversa... eu não vejo nenhum problema em ter pouca gente participando, isso acontece até mesmo em grupos por email, isso faz parte da vida. Muita gente assiste, poucos se manifestam. Na minha opinião, isso é super normal.
O ruim são os bots de spam, mas isso tbém é uma triste realidade do mundo.
[2018-02-20 12:12:30] exatamente! São os bots de spam que estão me preocupando
[2018-02-20 12:13:44] o tamanho do grupo é apenas um indicador de maior risco pois spammers provavelmente estão agora chegando no grupo mais frequentemente até mesmo por que ele tem uma quantidade maior de pessoas (e portanto um valor maior pro spammer)
[2018-02-20 12:14:04] e de fato eu tenho notado um crescimento de participação de bots spammers por aqui
[2018-02-20 12:20:03] Ter "lurkers" é a coisa mais comum mesmo, desde gente sem coragem pra falar até pessoas que estão procurando um bom momento pra visitar que tenha mais a ver com coisas que as interessem
[2018-02-20 13:23:06] Jogo sobre fake news, jogável no browser mesmo, quer alertar sobre as fake-news.
Você na pele de um futuro dono de mídia, partindo de ter um twitter reclamão, que foi onde eu parei.
Parece ser bom, vi no guardian.
https://www.getbadnews.com/
[2018-02-20 13:26:50] document: /home/felipe/devel/github_garoa/Telegram_logs_Garoa_Hacker_Clube_Publico/media/Garoa_Hacker_Clube_(Público)/download_987478251968397862.webp
[2018-02-20 13:27:21] pessoas, vou estar em sao paulo amanha, sei que tem 123541413215 threads sobre o assunto, mas recomendam alguma loga la na santa efigenia pra comprar um kit completinho de arduino em 224x sem juros no cartao das casas bahia?
[2018-02-20 13:28:53] document: /home/felipe/devel/github_garoa/Telegram_logs_Garoa_Hacker_Clube_Publico/media/Garoa_Hacker_Clube_(Público)/download_4929361410460221472.png
[2018-02-20 13:29:14] Alguém postou esse mapa no grupo de emails, na mesma thread com um cara com um mapa colaborativo disso
[2018-02-20 13:30:09] eu ja tava pensando em ir nessa galeria ai da timbiras que falaram em uma das threads
[2018-02-20 13:32:19] vai ter alguem no garoa amanha, umas 17 horas? 
agora to na duvida, ir na santa efigenia ou ir conhecer o garoa kkk
[2018-02-20 13:39:06] Artigo no ar 
https://www.linkedin.com/pulse/arduino-start-lucas-de-barros-teixeira/
[2018-02-20 14:04:09] Acho que eu prefiro a versão original mesmo
[2018-02-20 14:06:24] eu também
[2018-02-20 14:54:19] White Paper da primeira cryptomoeda governamental, a venezuelana PETRO
http://albaciudad.org/2018/01/descarga-white-paper-criptomoneda-petro-venezuela/
[2018-02-20 17:02:18] Quem postou o mapa foi o sócio do Garoa Marcelo Campos. Ele solicita sugestões dos participantes para completar o mapa.
[2018-02-20 18:27:18] Defesa Civil: Chuvas intensas em Cajamar, Franco da Rocha, Pirapora do Bom Jesus e Itapevi. Tem raios. Atinge cidades vizinhas. Busque abrigo.
[2018-02-20 18:27:32] Defesa Civil: Chuvas intensas na Z.Oeste, Sul, Norte e Centro da Capital. Atinge cidades vizinhas. Nao enfrente alagamentos, nem ande em areas alagadas.
[2018-02-20 18:34:14] document: /home/felipe/devel/github_garoa/Telegram_logs_Garoa_Hacker_Clube_Publico/media/Garoa_Hacker_Clube_(Público)/download_532582863896354709.mp4
[2018-02-20 18:42:09] As conversas costumam ter um alto nível, é bom porque cria uma 'nota de corte' alta pra decidir o que vale a pena postar. Eu por exemplo posto pouco mas leio quase tudo, incluindo artigos que rolam.
[2018-02-20 18:43:20] Meu caso, heh. Ia essa semana no Garoa conhecer o povo, mas tô me fodendo cuidando de ums DBs malcriados aqui...
[2018-02-20 18:46:33] Ou apenas lacônicos.
[2018-02-20 18:54:05] Concordo com Daniel, leio mt e falo pouco
[2018-02-20 18:54:14] estudando mt aqui
[2018-02-20 18:57:55] https://twitter.com/NowIsNotGood/status/966061383602319361
[2018-02-20 19:36:32] Hj eu fui na loja Mult da Timbiras e achei fantástica! Não olhei arduino, mas tem muito componente eletrônico lá
[2018-02-20 19:36:51] A Mamute Eletrônica é boa também
[2018-02-20 19:38:10] Ao lado do 107 da Timbiras tem uma eletrônica legal, mas eles me disseram que passou uma professora lá e levou quase todas as placas arduino deles, então é bom esperar eles renovarem o estoque
[2018-02-20 19:42:16] https://appear.in/conselhomandachuva
[2018-02-20 20:21:52] Full auto https://9gag.com/gag/aN1dGrv?ref=android
[2018-02-20 20:22:43] Foi mal gente, bati o dedo na tela
[2018-02-20 20:36:09]  joined
[2018-02-20 20:59:31] Quinta vamos fazer uma oficina de solda montando um tv b gone
[2018-02-20 21:00:29] Paga na hora né?
[2018-02-20 21:00:42] Sim
[2018-02-20 21:00:56] 19:30 hr
[2018-02-20 21:01:25] A oficina é sem cobrança como tudo no garoa, mas o kit de componentes fica $55
[2018-02-20 21:02:26] Sim, entendo, soh nao tenho kit de solda, vou aproveitar a oficina pra saber o que e qual marcar de ferro comprar
[2018-02-20 21:02:58] Legal
[2018-02-20 21:07:00] boa!
[2018-02-20 21:12:28] Estamos no CMC "conselho manda chuva" no garoa
[2018-02-20 21:13:30] Vou precisar pintar umas paredes no garoa e fazer uns grafites novos
[2018-02-20 21:17:40] Precisando de ajuda, estamos aí
[2018-02-20 21:19:16] Eu preciso de um Mestre Jedi pra virar Padwan
[2018-02-20 21:33:50] Oba, quero participar!
[2018-02-20 22:06:39] Boa noite galera do bem 
Só d olho
[2018-02-20 22:07:59] Só chamar quando precisar.
[2018-02-20 22:25:05] André Hermann joined
[2018-02-20 22:30:51] Dá última vez fizemos um monte de atividades de fazer estêncil e pintamos nas paredes
[2018-02-20 22:32:50] Estao velhos e precisamos fazer uns grafites novos.  Temos tinta branca, estamos precisando spray e tintas coloridas.
[2018-02-20 22:39:46] Da pra projetar o negativo de uma imagem na parede e pintar por cima
[2018-02-20 22:40:52] É uma técnica legal
[2018-02-20 22:45:24] Alguma ideia para fazer grafites embutindo tecnologias?
[2018-02-20 22:46:02] Usar aquela Fita condutiva sua?
[2018-02-20 22:46:21] componentes SMD e tinta condutiva?
[2018-02-20 22:54:17] Tambem vi um pessoal colando fios e passando massa
[2018-02-20 23:09:39] Pedro Pacheco joined
[2018-02-20 23:21:46] Olá pessoal, sou o Pedro participo de um grupo de estudo com o professor Gilson onde estamos montando algumas impressoras 3D.  

Trocamos alguns sanguinos, printboards e tubos teflon com o Oda. Contudo precisava passar para buscar no Garoa.

Infelizmente não pude ir hoje, caso tenha alguém ou alguma atividade no Garoa durante essa semana vocês poderiam fazer a gentileza me avisar para que eu possa passar por lá. 

Muito obrigado ! 
Boa noite a todos.
[2018-02-20 23:23:35] temos atividade quinta e sexta
[2018-02-20 23:23:50] sinta-se a vontade pedro :)
[2018-02-20 23:26:08] acredito que o @eduoda estara presente no sabado para participar da AGO. Entao recomendaria a voce ir neste dia!
[2018-02-20 23:27:03] photo: /home/felipe/devel/github_garoa/Telegram_logs_Garoa_Hacker_Clube_Publico/media/Garoa_Hacker_Clube_(Público)/download_806117531_46367.jpg
[2018-02-20 23:33:18] AGO ?
[2018-02-20 23:34:28] Ja vi...assembleia geral ordinaria
[2018-02-20 23:34:46] agosto
[2018-02-20 23:34:48] Àgò! (ou Agô, como é mais usado...)
[2018-02-20 23:35:44] Olá Matheus, obrigado! você pode me falar o horário das atividades na quinta feira e na sexta? 

Vinicius, eu falei com o Oda anteriormente e ele me recomendou que fosse lá no horário que tivesse atividade mesmo que ele não pudesse comparecer.

Mesmo assim, caso tenha algum problema posso passar ao sábado com a presença dele. Só fica meio ruim para nós pois nossos encontros acontecem de sábado bem cedo e necessitamos das peças para dar sequência. 


Obrigado !✌️
[2018-02-20 23:36:40] Agora o negocio tah sério... Intervenção do conselho supremo no garoa
[2018-02-20 23:36:55] quinta 19h30
[2018-02-20 23:37:15] Sexta tem uma as 18h e uma 19h30
[2018-02-20 23:38:15] aff bem no sábado que eu nao vou :(
[2018-02-20 23:40:57] Obrigado Matheus !
[2018-02-20 23:41:14] Pedro, seria mais interessante, combinar com o Oda, ou de ele deixar com alguem que possa te entregar sem bater cabeça por la
[2018-02-20 23:42:08] Ok Tiago.
[2018-02-20 23:42:17] Vou falar com ele novamente
[2018-02-20 23:54:34] Esse material está separado e está na Biblioteca.
[2018-02-20 23:54:41] Confirma, @eduoda ?
[2018-02-20 23:57:15] Confirmo
[2018-02-20 23:57:38] No alto da prateleira da direita
[2018-02-20 23:57:45] Tudo muito bem empilhado kkkk
[2018-02-20 23:58:03] photo: /home/felipe/devel/github_garoa/Telegram_logs_Garoa_Hacker_Clube_Publico/media/Garoa_Hacker_Clube_(Público)/download_804727444_111044.jpg
