[2018-03-23 00:07:53] M1 joined
[2018-03-23 00:10:00] Wtf
[2018-03-23 00:12:09] Hahaha adoraria acompanhar o grupo,  mas está difícil. Foda que quero acompanhar pq tem assuntos legais agauhs
[2018-03-23 00:21:29] Fala galera, tudo bem? Sou de Recife/PE e junto com meus amigos a gente ta tentando começar um hackerspace aqui.

Tudo começou depois de uma Campus Party, de ter um local parecido no dia-a-dia. Com pesquisas "achamos" hackerspace para servi de modelo, só alteramos a ideia para nosso "modelo".

Comando Binário HS
Website: comandobinario.com

A proposta de ideologia está no site, mas queria a opiniões de vocês, positivas e negativas.
[2018-03-23 00:21:31] Lá no Garoa as coisas e as conversas são mais
legais ainda
[2018-03-23 00:23:23] Bem vindo jovem, fica a vonts
[2018-03-23 00:33:31] Obrigado
[2018-03-23 00:36:31] Essa é a pilsen da última oficina?
[2018-03-23 00:37:22] sim. essa amostra é logo depois da fermentacão.
[2018-03-23 00:38:18] Daora, tenho q voltar aí pra saber como ficou a cria
[2018-03-23 02:21:36] Síndrome do pau pequeno. Simples assim.
[2018-03-23 02:27:43] Bizarro...

Fundado no dia 21 de março de 2018 em Pernambuco, o Comando Binário é um Hackerspace formado por milhares de membros com ramificações em todas as regiões do Brasil. 
-> “milhares de membros”!? É gente p caramba!
-> em todas as regiões? E como fica o lance dos encontros presenciais?

Trajetória dentro do Comando Binário
-> isso tá mais complexo e burocrático do que maçonaria
[2018-03-23 03:10:23] https://www.thedailybeast.com/exclusive-lone-dnc-hacker-guccifer-20-slipped-up-and-revealed-he-was-a-russian-intelligence-officer
[2018-03-23 09:31:37] Para os tarados por SDR e protocol hacking: https://github.com/jopohl/urh
[2018-03-23 09:49:13] Eu nunca participei de um ctf, mas conheço a plataforma e resolvo os desafios que tem lá
[2018-03-23 11:32:46] Compartilhando o que um amigo escreveu há tempos mas que li só hj...
http://www.dmytri.info/hackers-cant-solve-surveillance/
[2018-03-23 12:01:33] photo: /home/felipe/devel/github_garoa/Telegram_logs_Garoa_Hacker_Clube_Publico/media/Garoa_Hacker_Clube_(Público)/download_806119365_64978.jpg
[2018-03-23 12:01:45] Cara falou pro estagiário da oficina, vai lá e faz chupeta na bateria, não tem erro cabo positivo no polo vermelho e o negativo no polo preto
[2018-03-23 12:15:56] Comando Binário joined
[2018-03-23 13:56:10] Pergunta "wtf" do dia: Alguém usa IRC no Abdroid/Recomenda algum app open source?
[2018-03-23 13:56:10] Android*
[2018-03-23 14:08:35] photo: /home/felipe/devel/github_garoa/Telegram_logs_Garoa_Hacker_Clube_Publico/media/Garoa_Hacker_Clube_(Público)/download_804725007_163238.jpg
[2018-03-23 14:08:53] Nada contra os amiguinhos .Netters
[2018-03-23 14:11:23] Eu usava o AndChat
[2018-03-23 14:11:38] Mas faz tempo q nao uso, mas era bom!
[2018-03-23 14:50:40] nossa hahahha
[2018-03-23 14:54:01] Atomic (IRC (chat) client):
https://f-droid.org/app/indrora.atomic
[2018-03-23 17:13:41] photo: /home/felipe/devel/github_garoa/Telegram_logs_Garoa_Hacker_Clube_Publico/media/Garoa_Hacker_Clube_(Público)/download_806120738_64957.jpg
[2018-03-23 17:13:54] Elon Musk has deleted Tesla and SpaceX’s Facebook pages after Twitter challenge
https://ift.tt/2Gh4IXw

Submitted March 23, 2018 at 05:30PM by kQuantumK
via reddit https://ift.tt/2IN171Q
[2018-03-23 17:22:08] Regression é mais uma definição técnica do que uma explicação. Tem outras aí que podiam ser melhores também
[2018-03-23 17:40:14] document: /home/felipe/devel/github_garoa/Telegram_logs_Garoa_Hacker_Clube_Publico/media/Garoa_Hacker_Clube_(Público)/download_244604348921807626.webp
[2018-03-23 18:24:53] photo: /home/felipe/devel/github_garoa/Telegram_logs_Garoa_Hacker_Clube_Publico/media/Garoa_Hacker_Clube_(Público)/download_806119868_64878.jpg
[2018-03-23 18:26:16] vou tatuar
[2018-03-23 18:26:48] na real nao somente a midia, mas as leis de varios paises tambem
[2018-03-23 19:05:20] Boa kk A questão é que as pessoas aceitam que ele venda as informações kk
[2018-03-23 19:13:43] as informacoes eh o preco que se paga por usar
[2018-03-23 19:13:45] so nao usar
[2018-03-23 19:13:51] se usa tu paga, com informacoes
[2018-03-23 19:13:56] eh uma escolha
[2018-03-23 19:14:47] Tem um amigo Adv que diz: Se você não está comprando ou vendendo Informação, Vocé É a Informação...
[2018-03-23 19:14:55] Então, #AceitaQueDoiMenos
[2018-03-23 19:16:19] estou vendendo minhas informaçoes, interessados vem inbox
[2018-03-23 19:21:20] Aceita Bilhete unico?
[2018-03-23 19:25:49] aceito ate vale alimentacao
[2018-03-23 19:44:39] Verdade.
[2018-03-23 19:45:41] Bem isso. Não pagando por utilizar o serviço acaba sendo o produto.
[2018-03-23 19:45:51] Hahahahaha
[2018-03-23 19:46:22] Falar nisto alguém já conseguiu acesso a chave do bilhete único? kkkkkk
[2018-03-23 19:47:31] Minha Adv me instruiu a não falar sobre isso... hehehe
[2018-03-23 19:48:18] nem brinca com isso que da merda
[2018-03-23 19:48:32] Hahahahahaha
[2018-03-23 19:48:37] Parece que tá um pouco mais complicado, o FB andou fazendo 'shadow profiles' de gente que não tem conta... https://www.reddit.com/r/AntiFacebook/comments/5zk43x/facebook_shadow_profiles_a_profile_of_you_that/
[2018-03-23 19:48:48] Sim hahahaha
[2018-03-23 19:50:42] eu tb faria no lugar dele auhauaha
[2018-03-23 19:50:50] pq fb ta morrendo
[2018-03-23 19:50:54] jaja fica junto com orkut
[2018-03-23 19:50:58] Ahahhahahahahahha... Tá parecendo eu no rotina!
[2018-03-23 19:51:11] Orkut
[2018-03-23 19:51:20] ICQ
[2018-03-23 19:55:08] Dá nada... rs
[2018-03-23 19:55:44] Eu cheguei a começar a fazer uma Talk sobre isso, mas não terminei
[2018-03-23 19:55:55] vou ver de terminar e submeter para a CryptoRave
[2018-03-23 20:08:29] boa!
[2018-03-23 21:41:56] Já "orkuteou" kkkk
[2018-03-23 21:42:12] Vamos aproveitar pra lançar uma nova rede kkkk
[2018-03-23 22:09:18] Bizarro e meio, hm, militar demais? Essa estrutura aí de niveis, aceitações, julgamento... 😕 E milhares de membros??? 😳
[2018-03-23 23:06:06] Mais alguém aí tem raiva da qualidade dos HUBs USB vendidos por aí?
[2018-03-23 23:08:30] Dica enviada pelo @M4BUSE:

ANALISTA DE SUPORTE A SERVIDORES SENIOR - Pinheiros/SP
CONTRATAÇÃO PJ - SALÁRIO 11.000,00

Formação superior completa
Experiência com administração de servidores Unix, servidores de virtualização e dispositivos de redes
Criação de usuários, permissões de acesso
Configuração de servidores de redes como DNS, NTP, liberação de acessos externos
Criação de VPNs e VMs
Configuração de Storage e VLANs
Criação e manutenção de ambiente VMWare
Instalação, configuração, administração e suporte aos servidores Unix/Storage

Enviar cv para recrutamento@elorh.com

23.03.2018
