[2018-04-17 00:04:39] Bsides na puquê 😱 nofa
[2018-04-17 00:10:33] 👏🏻👏🏻
[2018-04-17 00:20:12] Deu vontade de ir :/
[2018-04-17 00:26:58] O barato vai ser loko
[2018-04-17 01:01:54] O prazo era até o dia 9 e a agenda já está no ar.
Mas, se for algo fodastico, manda um email para info arroba securitybsides.com.br
[2018-04-17 11:28:15] Alguém já usou o js.cookie ?
[2018-04-17 11:28:30] https://github.com/js-cookie/js-cookie
[2018-04-17 12:38:44] https://www.washingtonpost.com/world/europe/russia-blocks-some-google-amazon-servers-after-telegram-ban/2018/04/17/e14806d8-4243-11e8-b2dc-b0a403e4720a_story.html?noredirect=on&utm_term=.b261253b0e0b
[2018-04-17 12:42:21] https://t.me/durov
[2018-04-17 13:19:01] Esse sábado vai rolar a Brassagem Hacker? :)
[2018-04-17 13:19:28] Não
[2018-04-17 13:19:53] elas têm rolado ou tá meio parado?
[2018-04-17 13:20:48] Está rolando sim. Porém a ultima cerveja foi do tipo Lager, a qual demora consideravelmente mais tempo para ficar pronta
[2018-04-17 13:21:31] Foi legal para aprender, porém não compensa. Vamos focar em fazer Ale's daqui para frente
[2018-04-17 13:26:25] @lvido , me avise com um tempinho de antecedencia pq quero ir brassar com vcs e levar algumas cervejas aqui do LHC
[2018-04-17 13:38:10] ahhh que daora!!! vou colar na próxima brassagem entao\! :D
[2018-04-17 13:42:51] https://twitter.com/CatVsHumanity/status/985914182959759360
[2018-04-17 13:45:31] photo: /home/felipe/devel/github_garoa/Telegram_logs_Garoa_Hacker_Clube_Publico/media/Garoa_Hacker_Clube_(Público)/download_806006085_25344.jpg
[2018-04-17 13:45:48] Wi-Fé
[2018-04-17 14:05:58] sensacional
[2018-04-17 14:08:13] eu achei engraçado quando eu vi
[2018-04-17 14:23:06] Pessoal, ha um tempo atrás comentei de fazermos um encontro pra conversarmos sobre algoritmos (eu mandei na lista do grupo)
[2018-04-17 14:23:24] Acham que rola fazermos esse primeiro encontro nessa sexta feira à noite?
[2018-04-17 14:34:53] Seria bem legal vc tocar uma brassagem lá conosco, vamos combinar um sábado
[2018-04-17 14:36:16] Estou trabalhando de sabado, mas até umas 16:00 horas posso ficar por lá, o tenso é não poder molhar o bico durante o processo 🤤
[2018-04-17 15:35:58] eu trabalho com conservação de materiais impressos desse tipo :)
[2018-04-17 15:36:41] se não me engano, o museu de arte moderna de nova iorque tem umas guidelines pra você digitalizar esse tipo de material, vou ver se busco pra ti
[2018-04-17 15:46:54] alguem tem vaga de PO ae em alguma empresa de alguem do grupo ? rs.
[2018-04-17 15:52:26] Tem novidade pela frente...
[2018-04-17 15:53:16] Agora eu não estou meio enrrolado com outras questões, porém quando voltarmos, vamos voltar com novidades
[2018-04-17 15:53:30] Beleza, anseio por novidades
[2018-04-17 15:55:07] Vc é um dos criadores do cataki?
[2018-04-17 15:55:26] Sim, eu ajudei no começo
[2018-04-17 15:55:50] Porém vocês podem se organizar e tocar a cerveja sozinho heheheeh
[2018-04-17 15:57:54] Dá pra fazer, comecei num trabalho novo, ainda to me acostumando a rotina nova e encaixar o projeto da breja nesse meio
[2018-04-17 16:53:03] eu apoio, dá pra divulgar bem o encontro até lá, já tem algum associado na mira para abrir o garoa nesse dia?(Sou novo no garoa, se vc for associada, desconsidere kkkk)
[2018-04-17 16:58:24] Tem sim! Ja tinha criado a pagina do grupo de estudos só não aprendi a colocar o evento na Home, vou dar um jeito de fazer isso até o final do dia =)
[2018-04-17 17:00:58] blz, se precisar de uma ajuda na organização desse encontro, pode me chamar(Não manjo nada da wiki tb kkkk)
[2018-04-17 17:07:00] Beleza! Vc vai ne? :D
[2018-04-17 18:30:20] Ki ké isso.... td bem
[2018-04-17 18:41:31] https://www.youtube.com/watch?v=4ldg1lSpf5o&feature=youtu.be
[2018-04-17 20:09:16] Yeap
[2018-04-17 20:12:04] Belê!
[2018-04-17 21:23:47] https://garoa.net.br/wiki/Noite_de_Processing#24.2F04.2F2018_Origami_e_rob.C3.B3tica.2C_com_Daniel_Seda
[2018-04-17 21:24:46] Terça 24/4 @Interaubis vai falar um pouco da sua pesquisa em origami e robótica!
[2018-04-17 21:25:40] <<...As questões abordadas nesta pesquisa são ligadas à cultura do compartilhamento, à existência do software livre e às práticas muitas vezes de inspiração anarquista da criação coletiva, anti-proprietária e anônima.
O origami também pode ser entendido como uma prática de código aberto pois além dos modelos serem tradicionalmente compartilhados desde sempre a sua comunidade também conta há décadas com publicações que utilizam um sistema de notação que acaba ṕossibilitando a publicação de bancos de dados, tornando acessíveis os inúmeros modelos disponíveis.>>
[2018-04-17 22:09:30] photo: /home/felipe/devel/github_garoa/Telegram_logs_Garoa_Hacker_Clube_Publico/media/Garoa_Hacker_Clube_(Público)/download_804725260_181548.jpg
[2018-04-17 22:09:30] photo: /home/felipe/devel/github_garoa/Telegram_logs_Garoa_Hacker_Clube_Publico/media/Garoa_Hacker_Clube_(Público)/download_806008940_26153.jpg
[2018-04-17 22:11:05] Festa 🎈 no CMC, sobrou a fatia de bolo do @villares
[2018-04-17 22:11:21] Uia!
[2018-04-17 22:11:41] Valeu pelo bolo!
[2018-04-17 22:12:03] Podem dividir aí :)
[2018-04-17 22:12:09] Valeu pela lembrança
[2018-04-17 22:12:29] Abração!
[2018-04-17 22:13:25] Fernando Guisso joined
[2018-04-17 23:08:48] Boa Villares
[2018-04-17 23:09:36] No Garoa tem leitor de disquete de 3,5 polegadas?
[2018-04-17 23:39:06] Eu publiquei na lista de emails e na página que eu criei. Cheguei a editar e publicar nos próximos eventos da home mas não aparece (se clicar em editar aparece) 🤷‍♀
[2018-04-17 23:42:41] É um problema doido de cache do nosso site. Acredite, a informação está lá e em algum momento vc vai ver a página direitinho 😬
[2018-04-17 23:45:03] Villares faltou já própria festa de aniversário
