[2016-11-30 00:08:23] 👍👍👍👍
[2016-11-30 00:12:21] 😂
[2016-11-30 00:13:21] document: /home/felipe/devel/github_tvdstaaij/telegram-history-dump/output/media/Garoa_Hacker_Clube_(Público)/download_545728766651924528.jpeg
[2016-11-30 00:18:16] mandem fotos!
[2016-11-30 01:35:29] A V I S O :
A pouco recebi um 0-day para o TOR, focando em máquinas Windows.
Evitem o uso pelos próximos dias.
[2016-11-30 07:23:44] document: /home/felipe/devel/github_tvdstaaij/telegram-history-dump/output/media/Garoa_Hacker_Clube_(Público)/download_803718010_143662.jpg
[2016-11-30 07:34:15] Melhor bola de Natal!
[2016-11-30 09:35:04] Por enquanto está só no FB do Garoa: https://www.facebook.com/pg/GaroaHC/photos/
[2016-11-30 10:08:18] Tem mais infos?
[2016-11-30 10:10:23] Ficaram demais as bolas
[2016-11-30 10:11:36] https://www.wordfence.com/blog/2016/11/emergency-bulletin-firefox-0-day-wild/
[2016-11-30 10:14:42] Valeu por avisar gutem 😉
[2016-11-30 10:28:03] Com meu limitado inglês, não ficou claro se a falha permite executar qualquer código na máquina da vítima ou se apenas captura ip e loga aquela info num determinado logar
[2016-11-30 10:29:30] Qualquer coisa. "The vulnerability allows an attacker to execute code on your Windows workstation. "
[2016-11-30 10:31:21] Ficaram mesmo!!! 😍
[2016-11-30 10:32:17] Hmm... Então via javascript são enviados comandos direto pra máquina da vítima, certo?
[2016-11-30 11:26:12] photo: /home/felipe/devel/github_tvdstaaij/telegram-history-dump/output/media/Garoa_Hacker_Clube_(Público)/download_803707240_144729.jpg
[2016-11-30 11:26:26] Garoa dojo shield + WS2811
[2016-11-30 11:29:31] Alguém já usou os espaços de coworking do Google Campus ou da FIAP? 
Recomendações?
[2016-11-30 11:34:12] Já usei do Google campus. Nenhuma recomendação especial, só chegar. Se for de bike, tem bicicletário.
[2016-11-30 11:38:38] Ah, dizem que em algum momento vão limitar os cadastros. Vc pode se cadastrar no site, antecipadamente, ou na porta.
[2016-11-30 11:39:56] exploit em JS usando heap overflow, mesma técnica usada pelo FBI desde 2013

aqui tem o RE dele: https://tsyrklevich.net/tbb_payload.txt
[2016-11-30 11:41:10] É tranquilo lá? Consegue lugar fácil?
[2016-11-30 11:42:30] quando fui tava tranquilo. nao consegui lugar em bancada, mas fiquei numa poltrona com o laptop no colo - como o próprio nome indica :D
[2016-11-30 11:42:37] melhor chegar cedo
[2016-11-30 11:47:08] Ontem estava demonstrando pra Monica o WS2812B (Neopixel)...
[2016-11-30 11:47:43] neopixel é a da Adafruit? eu usei fastled
[2016-11-30 11:49:26] Neopixel é da Adafruit, estava usando no ESP8266, com Micropython...
[2016-11-30 11:49:36] daora
[2016-11-30 11:50:08] preciso me atualizar desses esquemas
[2016-11-30 11:50:30] vou comprar um ESP aqui, deve custar menos q uma cerveja
[2016-11-30 11:51:33] Haha o nome já diz o propósito
Legal, obrigada pela info
[2016-11-30 11:53:05] Basta se cadastrar em campus.co/saopaulo e pegar crachá na portaria.
[2016-11-30 11:53:14] document: /home/felipe/devel/github_tvdstaaij/telegram-history-dump/output/media/Garoa_Hacker_Clube_(Público)/download_307658858283663385.webp
[2016-11-30 11:57:13] Tá na china ainda? Eu paguei 6 USD no Wemos D1 Mini Pro
[2016-11-30 11:57:26] O ESP mesmo deve ser mais barato
[2016-11-30 11:58:04] últimos dias. domingo passo por Shenzhen, vou tentar comprar umas bugigangas.
[2016-11-30 11:58:40] Ah, se vai pra Shenzhen, vai tá no lugar certo pra isso! hehehe
[2016-11-30 11:59:57] Isso depende bastante do dia
[2016-11-30 12:00:28] Mas geralmente eu pego lugar tranquilo chegando antes do meio dia
[2016-11-30 12:01:39] photo: /home/felipe/devel/github_tvdstaaij/telegram-history-dump/output/media/Garoa_Hacker_Clube_(Público)/download_803712859_144603.jpg
[2016-11-30 12:01:43] photo: /home/felipe/devel/github_tvdstaaij/telegram-history-dump/output/media/Garoa_Hacker_Clube_(Público)/download_803703511_143651.jpg
[2016-11-30 12:01:52] certamente :D
[2016-11-30 12:02:06] como eh a comunicacao ai?
[2016-11-30 12:02:53] nao so shenzhen, mas por essas bandas da china
[2016-11-30 12:04:16] Mano, já fui nesse lugar em Shenzhen... é absurdo!
[2016-11-30 12:05:22] comunicação = internet ou língua?
[2016-11-30 12:08:11] Creio que ambos... rs
[2016-11-30 12:08:51] Como tá se virando pra falar? O pouco que conversei com Chineses, o ingles deles era horrivel... (Japoneses não ficam atras)
[2016-11-30 12:09:03] E o Grande Firewall?
[2016-11-30 12:09:11] sim, ambas
[2016-11-30 12:09:13] kkkk
[2016-11-30 12:09:40] acho que ele acabou de responder essa pergunta mas a resposta não chegou :-P
[2016-11-30 12:12:05] hauahuahau
[2016-11-30 12:12:42] ei, Gutem, preciso te devolver o leitor de fita perfurada que você me emprestou
[2016-11-30 12:12:50] eu sempre esqueço de levar pro Garoa
[2016-11-30 12:12:55] mal aí
[2016-11-30 12:13:05] Sem problemas
[2016-11-30 12:13:41] beleza, então vou botar pra vender no mercado livre
[2016-11-30 12:13:52] (zoeirinha, zoeirinha...!)
[2016-11-30 12:14:09] a gente combina um dia pra eu te levar o scanner de volta
[2016-11-30 12:23:16] Se quiser deixar na Biblioteca, depois eu pego
[2016-11-30 12:23:36] amanhã devo ir pra noite do Arduino
[2016-11-30 12:23:57] Fez a implementação em hardware mesmo?
[2016-11-30 12:41:36] O WS2812B é divertido, mas tem um timing muito apertado, com Arduino e cia precisa escrever em assembler e rodar com interrupções inibidas... O APA102 (que o Oda usou no "pau de led" requer clock, mas é padrão SPI.
[2016-11-30 12:42:58] Para quem estiver curioso, olha aqui o trecho em assembler (adaptação da Neopixel para operar a 20MHz): http://dqsoft.blogspot.com.br/2016/03/lanterna-com-anel-de-leds-rgb-firmware.html
[2016-11-30 12:47:07] Procura Wemos D1 Mini, é uma plaquinha de desenvolvimento que já inclui "FTDI" e um regulador de voltagem, além de ser "protoboard friendly" e ter shields...
Também comprei na China, mas foi no AliExpress, paguei 5 dólares com frete incluso...
[2016-11-30 12:48:16] se encontrar traz 1kg para o garoa, por favor
[2016-11-30 12:48:34] traga tb uns shields de rele
[2016-11-30 12:53:24] +1 para um saco de Wemos D1 mini. Se não achar procure um NodeMcu
[2016-11-30 14:34:15]  joined
[2016-11-30 14:34:16] Hi Leo !
[2016-11-30 14:35:41] Oi gente, tudo bem? 
Tô fazendo um projeto e preciso comprar mais ou menos uns 50 leds de 5mm e estou na região de pinheiros (ir na Santa Ifigénia agora é osso)... alguém sabe se no garoa eles têm led pra vender? Ou algum lugar na região?
[2016-11-30 14:40:32] Rua Butantã
[2016-11-30 14:41:01] Eletrônica Pinheiros
[2016-11-30 14:49:00] Eletrônica Butanta
[2016-11-30 14:50:07] Eletrônica Butantã:
(11) 3032-3900
[2016-11-30 15:00:29] Obrigado gente ✌🏻️
[2016-11-30 15:07:18] Valeu Fabricio pelo complemento
[2016-11-30 15:08:15] Tem a Ezaki
[2016-11-30 15:08:25] EZAKI  Rua Baltazar Carrasco, 128 - Pinheiros - São Paulo / SP - CEP 05426-060  |  Tel.: (11) 3095-9699 / 3815-7699 
[2016-11-30 15:08:31] Mas lá não tem Led
[2016-11-30 15:09:03] Tem muitas outras coisas de eletrônica focada em áudio e video
[2016-11-30 16:05:33] São Paulo é um lugar privilegiado por ter tantas lojas de eletrônica.
[2016-11-30 16:24:13] Verdade privilegiado mesmo
[2016-11-30 16:42:33] Garoa Hacker Clube tb tem 50 leds e vc pode usar e repor depois
[2016-11-30 16:42:36] ;)
[2016-11-30 18:34:30] usa 50 leds do garoa e devolve 100 e ta de boa
[2016-11-30 20:00:00] #Noticia #Tor #0day

Zero Day no Firefox pode expor usuários do Tor.

https://hackersec.com/zero-day-no-firefox-pode-expor-usuarios-do-tor-na-deep-web/Zero-Day

@pr1v8
[2016-11-30 23:25:35] na rua: gestos, poucas frases em mandarim (vagabundo, podia ter aprendido mais) e os numeros (falar e gestos específicos pra cada numero). Aprender a ler os nomes de algumas cidades e placas básicas também ajuda.
[2016-11-30 23:25:35] uma bosta. muito site bloqueado e eles degradam o tráfego do que não é bloqueado se não estiver na China.
[2016-11-30 23:30:38] ^^ falando da China! aparentemente a grande muralha nao queria que eu me comunicasse ontem
[2016-11-30 23:46:01] Quem aqui queria brincar de FPGA em servidor, mesmo? https://aws.amazon.com/blogs/aws/developer-preview-ec2-instances-f1-with-programmable-hardware/
