[2017-11-07 01:14:37] EStou muito frustrado
[2017-11-07 01:15:31] Estou muito frustrado ao ler que a mensagem de mais de 30 mil characteres que um pessoal da Alemanha conseguiu postar no Twitter é composta de um monte de caracteres que não fazem o menor sentido!
[2017-11-07 01:15:34] https://www.dailydot.com/debug/twitter-30k-tweet/
[2017-11-07 01:15:47] Podiam ter trolado tão melhor!
[2017-11-07 01:16:45] Não. Não é uma palavra em alemão.
[2017-11-07 02:11:28] https://www.youtube.com/watch?v=EMftMPpPDik
[2017-11-07 07:16:24] Hahahahaha
[2017-11-07 07:16:32] Em alemao
[2017-11-07 07:16:35] document: /home/felipe/devel/github_garoa/Telegram_logs_Garoa_Hacker_Clube_Publico/media/Garoa_Hacker_Clube_(Público)/download_368739082848699108.webp
[2017-11-07 10:10:37] photo: /home/felipe/devel/github_garoa/Telegram_logs_Garoa_Hacker_Clube_Publico/media/Garoa_Hacker_Clube_(Público)/download_804727053_42289.jpg
[2017-11-07 10:16:12] photo: /home/felipe/devel/github_garoa/Telegram_logs_Garoa_Hacker_Clube_Publico/media/Garoa_Hacker_Clube_(Público)/download_804724047_61636.jpg
[2017-11-07 10:26:20] Galeria Olídio👆
[2017-11-07 10:27:06] photo: /home/felipe/devel/github_garoa/Telegram_logs_Garoa_Hacker_Clube_Publico/media/Garoa_Hacker_Clube_(Público)/download_804727310_42486.jpg
[2017-11-07 10:27:07] photo: /home/felipe/devel/github_garoa/Telegram_logs_Garoa_Hacker_Clube_Publico/media/Garoa_Hacker_Clube_(Público)/download_804725231_60142.jpg
[2017-11-07 10:39:31] Tenho vontade de conhecer também
[2017-11-07 10:39:39] É bacana mesmo?
[2017-11-07 13:03:06] Tá vazio
[2017-11-07 13:03:09] Que milagre
[2017-11-07 13:03:31] Marcelo Fideles joined
[2017-11-07 13:03:31] Hi Marcelo !
