[2017-06-25 07:46:15] photo: /home/felipe/devel/github_tvdstaaij/telegram-history-dump/output/media/Garoa_Hacker_Clube_(Público)/download_803118602_76245.jpg
[2017-06-25 08:08:13] [EVENTO GRATUITO - SP CAPITAL]
Fala galera! Dia 01/07 (sábado) acontecerá o 2o. Stone Tech Saturday, com apresentações sobre Xamarin, Docker, Qualidade de Software, SQL Server 2017 e Bots. Não deixem de acompanhar! Para inscrições e maiores informações acessem:

https://www.meetup.com/pt-BR/dotnet-Sao-Paulo/events/240723522/
[2017-06-25 13:52:22] Alguém no garoa hj?
[2017-06-25 13:52:31] Ou irá lá
[2017-06-25 17:00:07] Começa daqui poucos minutos o stram ao vivo do lançamento da SpaceX de hoje: http://www.spacex.com/webcast
[2017-06-25 17:05:20] https://twitter.com/elonmusk/status/879067060558417921
[2017-06-25 17:08:24] 👍
[2017-06-25 17:09:11] Today's launch will target Plane 3 of the Iridium constellation, which is designed to have 66 satellites spread out evenly in six orbital planes around Earth.

The launch is timed to the second -- 1:25:14 p.m. PDT -- to target a hole in Plane 3 where one of Iridium's aging communications satellites failed last year.

Today's mission is the second of at least eight Falcon 9 flights to deliver at least 75 next-generation satellites to replace Iridium's network with upgraded services and new spacecraft designed to operate for the next 15 years.
[2017-06-25 17:11:12] Check out @elonmusk's Tweet: https://twitter.com/elonmusk/status/878821062326198272?s=09
[2017-06-25 17:14:46] https://pbs.twimg.com/media/DDMRdVJUIAERCGT.jpg
[2017-06-25 18:25:08] No stream agora dá pra ver cada um dos 10 satélites sendo soltos um depois do outro. Com 1 min e meio entre cada soltura.
[2017-06-25 18:53:17] document: /home/felipe/devel/github_tvdstaaij/telegram-history-dump/output/media/Garoa_Hacker_Clube_(Público)/download_5098198722349629450
[2017-06-25 18:53:40] SpaceX "São João", com reuso e  tudo mais...
[2017-06-25 21:28:32] https://www.instagram.com/p/BVxysOlA04j/
[2017-06-25 22:17:29] Amei seu Nick.... lembrando o delicioso editor de texto..
[2017-06-25 22:40:27] o famoso editor de texto que não é editor de texto?
[2017-06-25 22:40:45] tipo isso
[2017-06-25 23:12:57] Hahaha,sim mas ainda muito fofo
[2017-06-25 23:47:09] \begin{resposta}
ou linguagem de marcação
\end{resposta}
[2017-06-25 23:51:40] photo: /home/felipe/devel/github_tvdstaaij/telegram-history-dump/output/media/Garoa_Hacker_Clube_(Público)/download_804206949_79018.jpg
