[2017-12-07 00:00:41] https://youtu.be/My4RA5I0FKs
[2017-12-07 00:01:24] não é mano, depois ve o vídeo
[2017-12-07 00:12:53] hardware wallet
[2017-12-07 00:13:11] você dificilmente vai conseguir algo mais seguro que hardware wallet
[2017-12-07 00:19:38] https://olhardigital.com.br/noticia/britanico-quer-escavar-aterro-atras-de-hd-contendo-r-300-milhoes-em-bitcoins/72756
[2017-12-07 00:19:58] To achando que é historia de pescador mas ok
[2017-12-07 00:24:41] Parabéns, ta novo mesmo.
[2017-12-07 00:51:38] Agora o Vido ficou pobrão
[2017-12-07 01:00:17] Se alguém se interessar posso dar minha opinião de quem trabalhou em mercado financeir
[2017-12-07 01:36:15] É impressionante de onde vêm as palavras mais sinceras. Já tinha lido algo a respeito de um suposto "discurso" dele (que muita gente desmentiu), mas agora vendo sairem as palavras da boca dele, não resta dúvida nenhuma. Outra coisa q se nota é o quórum (vergonhoso, deve ter 3-4% de parlamentares ali, ouvindo - onde foram os demais? Ao banheiro?)
[2017-12-07 01:43:04] Prioto joined
[2017-12-07 01:44:09] Alguém poderia me auxiliar com uma questão  de eletrônica analógica?
[2017-12-07 01:47:38] Vejamos. Tem pelo menos duas pessoas aqui q certamente são feras, mas eu posso tentar te ajudar. Pergunte.
[2017-12-07 01:49:53] photo: /home/felipe/devel/github_garoa/Telegram_logs_Garoa_Hacker_Clube_Publico/media/Garoa_Hacker_Clube_(Público)/download_804729219_63675.jpg
[2017-12-07 01:50:20] Queria confirmar se o item a) é  falso.
[2017-12-07 01:51:33] Porque acho que no caso as correntes de difusão  e deriva e estão associados as causas trocadas.
[2017-12-07 01:53:20] Associadas*
[2017-12-07 01:54:16] No caso,  a  corrente de deriva que dependeria do campo elétrico, mas não tenho cerfeza
[2017-12-07 01:57:20] Essa questão é meio confusa. Devo admitir q ele está falando de uma junção p-n polarizada diretamente ou inversamente?
[2017-12-07 01:59:32] A zona (ou camada) de depleção se forma (e cresce) à medida em que elétrons e lacunas se afastam do centro em uma junção p-n reversamente polarizada. Na polarização direta, acontece o contrário, e praticamente não há depleção (levando à condução).
[2017-12-07 02:00:39] Mas nos dois casos existem correntes de difusão e deriva, não?
[2017-12-07 02:01:14] Eu nunca ouvi falar desses dois termos. Não sei o q significam.
[2017-12-07 02:02:29] Não sei te dizer.
[2017-12-07 02:02:50] Talvez vc tenha um material didático onde exista a explicação para isso?
[2017-12-07 02:03:01] Uma vez q isso me parece ser uma questão de prova.
[2017-12-07 05:51:26] Vc sabe me dizer o nome certinho do curso pra eu dar uma olhada no site do sesc? Fiquei interessado
[2017-12-07 11:02:09] Vcs encheram tanto o saco que dia 13 às 19h tem e vamos falar e fazer os famosos bottrade!

https://www.meetup.com/pt-BR/Garoa-Hacker-Clube/events/245710667/?eventId=245710667
[2017-12-07 11:11:25] https://carlchenet.com/the-github-threat/
[2017-12-07 15:33:15] https://blockchain.info está fora
[2017-12-07 15:36:00] Existe algum outro grupo de cerveja????
[2017-12-07 15:36:43] Não. No garoa só existe este grupo. Apenas migramos do whatsapp para o telegram
[2017-12-07 15:37:11] Pensei que houvesse algum grupo paralelo de discussão apenas de cerveja aqui no telegram
[2017-12-07 15:37:28] Sim, existe
[2017-12-07 15:37:48] Sò do Garoa? Posso participar?
[2017-12-07 15:38:43] Pode. Este sábado as 12h no Garoa
[2017-12-07 15:39:08] Ok, não é um grupo de Telegram .... é um encontro físico mesmo .....
[2017-12-07 15:39:24] Não vou poder ir por estar em Campinas ..... mas logo teremos cerveja do LHC para compartilhar com vcs
[2017-12-07 15:40:19] Show de bola.
[2017-12-07 15:40:45] Tenho família em Amparo. Esse final de ano eu quero vistar o LHC
[2017-12-07 15:41:57] Podemos fazer um talk no LHC, seria bacana
[2017-12-07 15:42:05] Legal .... só combinar ....
[2017-12-07 15:42:13] Não vou viajar mesmo no fim do ano :-P
[2017-12-07 15:42:44] Depois do dia 16, seria legal combinar alguma coisa.
[2017-12-07 15:52:40] Coinbase também.
[2017-12-07 15:54:03] 💩
[2017-12-07 16:05:45] Coinbase caiu bem no momento em que eu tava precisando acessar a conta :D
[2017-12-07 16:06:51] nunca usei Bitcoin, tinha R$7 em uma carteira lá, e no dia que preciso verificar algo, o treco cai
[2017-12-07 16:17:56] photo: /home/felipe/devel/github_garoa/Telegram_logs_Garoa_Hacker_Clube_Publico/media/Garoa_Hacker_Clube_(Público)/download_804724438_87935.jpg
[2017-12-07 16:18:57] https://br.cointelegraph.com/news/major-wallet-vulnerability-revealed-as-user-barely-reclaims-9-btc
[2017-12-07 16:27:25] Hae Brasil joined
[2017-12-07 19:12:15] photo: /home/felipe/devel/github_garoa/Telegram_logs_Garoa_Hacker_Clube_Publico/media/Garoa_Hacker_Clube_(Público)/download_804724049_87256.jpg
[2017-12-07 19:14:58] Boa!
[2017-12-07 19:15:20] Tava vendo de comprar um multimetro novo e, provavelmente, vai ser esse!
[2017-12-07 19:15:42] to no Garoa
[2017-12-07 19:15:49] E hoje eu trouxe o teclado musical
[2017-12-07 19:15:53] bora fazer um som!
[2017-12-07 19:18:34] Levo 1h ainda... mas apareço
[2017-12-07 19:22:08] queria ir Tambem!!
[2017-12-07 19:22:23] mas preciso sair daqui hoje, pr chegar ai no garoa sabádo uahuaha
[2017-12-07 19:23:08] Menos, vai... rs
De moto, tu deve levar o memso tempo que eu levo daqui da ZL pra chegar no Garoa
[2017-12-07 19:24:01] uahuahuahauhaua eu levo umas 2 horas
[2017-12-07 19:26:14] o ruim é subir  serra
[2017-12-07 20:42:38] photo: /home/felipe/devel/github_garoa/Telegram_logs_Garoa_Hacker_Clube_Publico/media/Garoa_Hacker_Clube_(Público)/download_804726196_66971.jpg
[2017-12-07 20:42:42] photo: /home/felipe/devel/github_garoa/Telegram_logs_Garoa_Hacker_Clube_Publico/media/Garoa_Hacker_Clube_(Público)/download_804725733_87938.jpg
[2017-12-07 20:42:44] Hoje estou brincando de consertar a moto kkkk
[2017-12-07 20:47:40] De moto é tranquilo
[2017-12-07 20:56:56] Que legal!
[2017-12-07 22:50:12] achei inspirador
http://esoteric.codes/post/168290778358/a-programming-language-with-only-one-command-and
