[2017-09-13 04:34:55] Não acho
 Olhei aqui e me parece algo bem comum para a área militar.    Pelo menos pelo o que vi no WikiLeaks
[2017-09-13 06:27:24] Na sociedade e um gênio
[2017-09-13 08:52:14] Oi
[2017-09-13 08:52:27] Vcs estão falando sobre?
[2017-09-13 08:54:07] Nada
[2017-09-13 08:54:13] Pelo o menos agora
[2017-09-13 08:56:49] Que o cara era um genio e talz
[2017-09-13 09:06:27] bom dia galera =)
[2017-09-13 09:09:58] Ola
[2017-09-13 09:10:20] O cara que inventou os exploits da NSA
[2017-09-13 09:11:18] Ahhh
[2017-09-13 09:11:27] Entendi
[2017-09-13 09:46:57] Feliz dia do programador Galera!
[2017-09-13 09:47:18] Pera o programador tem um dia?
[2017-09-13 09:47:30] Preferia um salario bom para todas as linguagens.
[2017-09-13 09:47:33] document: /home/felipe/devel/github_tvdstaaij/telegram-history-dump/output/media/Garoa_Hacker_Clube_(Público)/download_1842540969984021.webp
[2017-09-13 09:59:18] Bom dia, alguem pretende abrir o garoa antes de meio dia?
[2017-09-13 10:20:13] Olá Pessoal, bom dia!!
[2017-09-13 10:21:07] hoje creio que consigo ir no Garoa conhecer ! pelo que vi na agenda hoje é dia o Data Science Group, é isto mesmo?
[2017-09-13 10:54:26] Gostava de ir ao Garoa, se houver alguma instalação em Portugal podia ir
[2017-09-13 10:56:54] Isso, só que está mais para Data Science Advanced Group, hahahaha...

Amanhã tem a Noite do Arduino, é um dia bem legal para se conhecer o Garoa.
[2017-09-13 10:58:52] Noite do Arduino é legal tb hem, tenho um lá em casa parado a meses, gostei da ideia!

Sobre o grupo, creio que não conseguirei acompanhar esse Advanced Group, mas ficarei feliz em conhecer vocês.

Tentarei aparecer por ai, que horas que vocês costumam chegar?
[2017-09-13 10:59:49] Há alguns hackerspaces em Portugal, veja essa lista:
https://wiki.hackerspaces.org/Portugal
[2017-09-13 11:00:32] Obrigado
[2017-09-13 11:00:41] Por volta das 19:30, mas você pode acompanhar através do site www.garoa.net.br, lá mostra quando está aberto ou fechado.
[2017-09-13 11:12:49] Show Fabricio, até mais a noite então!
[2017-09-13 11:14:06] Na vdd os próprios artistas que ficaram famosos e foram praa galerias nunca sairam das ruas...
[2017-09-13 11:14:36] Hoje não irei, estou cursando faculdade, e agora só raramente consigo ir ao Garoa... quem sabe numa próxima oportunidade.
[2017-09-13 11:14:36] E parabéns @michaelhoward9  🙌🏾✨
[2017-09-13 11:15:36] tem uns hackerspaces em portugal sim, na verdade essa idéia vem da europa
[2017-09-13 11:15:56] Claro, mas em Lisboa quase nao tem nada ;(
[2017-09-13 11:17:00] foi no altlab? como é?
[2017-09-13 11:17:37] Não fui não, pensava que tinha acabado em 2013
[2017-09-13 11:17:43] http://altlab.org/
[2017-09-13 11:17:48] Pois nao tenho visto nada sobre eles em 2017
[2017-09-13 11:17:52] não sei
[2017-09-13 11:19:59] Hm, planejo ir com os meus pais
[2017-09-13 11:59:47] Eai Fabricio, sou de Goiania, estou aqui em SP hoje pra feira de IoT, vou tentar passar conhecer o Garoa, frequentava o CoraHC de Goiania.
[2017-09-13 12:47:54] Legal Evandro, infelizmente não irei hoje ao Garoa, estou cursando faculdade e hoje não poderei faltar, mas tenho certeza que será bem recebido lá.
[2017-09-13 13:08:16] Se puder contar pra gente como está lá seria legal
[2017-09-13 13:11:12] ^^ vou ver
[2017-09-13 13:12:11] Formar um novo hackerspace também é possível, tem bastante texto na internet dizendo como fazer
[2017-09-13 13:15:35] Tenho apenas 13 anos
[2017-09-13 13:15:39] Não posso
[2017-09-13 13:15:42] ;-;
[2017-09-13 13:18:12] É, vai dificultar um pouco, voce tem pouca experiência. Mas se insistir consegue assim mesmo. O essencial é juntar gente que esta a fim, ler como faz, e ficar tentando, só isso.
[2017-09-13 13:18:57] Exato
[2017-09-13 13:19:08] Só preciso de alguem que goste de tecnologia
[2017-09-13 14:38:45] Pessoal pra quem se interessou pelo projeto do WikiLab, que inclusive agradeço o apoio de todos, aqui vai um resumo do primeiro dia de montagem
[2017-09-13 14:38:51] https://wikilab.blog.br/2017/09/12/dia-1/
[2017-09-13 18:12:32] @fsanches lembra do álbum que eu te mostrei? tá no ar
[2017-09-13 18:12:34] http://bandcamp.mynameiser.in/album/the-space-adventures-of-general-mibi
[2017-09-13 19:35:51] Feliz dia do programador!
[2017-09-13 19:36:04] photo: /home/felipe/devel/github_tvdstaaij/telegram-history-dump/output/media/Garoa_Hacker_Clube_(Público)/download_804729067_1532.jpg
[2017-09-13 19:36:15] 👍
[2017-09-13 19:51:21] Alguém que tenha brincado com OpenCV fez algo parecido oi viu exemplos de como colocar um óculos no rosto de quem está sendo filmado?
[2017-09-13 19:51:28] Boa noite galer
[2017-09-13 20:15:17] boa
[2017-09-13 20:28:18] Olha exato assim não vi, mas nos exemplos de OpenCV no Processing (processing.org) rem reconhecimento de rosto em tempo real se não me engano
[2017-09-13 20:28:55] Aí acrescentar uns óculos em svg seria trivial depois, acredito
[2017-09-13 20:30:11] Vou testar hoje
[2017-09-13 20:30:13] Valeu
[2017-09-13 21:58:06] Alguem tem algum conteudo sobre anonimato?
[2017-09-13 22:18:57] http://torproject.org/
[2017-09-13 22:19:25] https://www.eff.org/issues/anonymity
