[2018-03-15 00:06:19] Pra quem manja de vídeos, como coloco perguntas dentro dos vídeos pras pessoas responderem? Como se fosse curso a distância
[2018-03-15 10:09:26] O editor online do YouTube tem uma ferramenta de pôr textos clicáveis que jogam para outros videos ou para trechos exatos deles...é algo assim q vc procura?
[2018-03-15 11:15:31] Bom Dia
[2018-03-15 11:16:26] Alguém trabalha com mais um monitor na mesma maquina?
e algum dia precisou rotacionar entre uma tela e outra de forma automatica?
[2018-03-15 11:21:05] Como assim rotacionar?
[2018-03-15 11:25:16] quando eu ligo mais de um monitor, eu consigo trabalhar com os dois ao mesmo tempo, so que hoje eu tenho que arrastar com o mouse para outra tela
[2018-03-15 11:25:53] é um pouco dificil de explicar....
[2018-03-15 11:26:46] Tá usando Linux?
[2018-03-15 11:26:57] Ruindows
[2018-03-15 11:27:05] é da empresa --'
[2018-03-15 11:32:08] No mac eu uso um cara chamado Spectacle que consigo fazer "tiling" e suporta multiplos monitores
[2018-03-15 11:32:27] num google rápido, o equivalente para Ruindows seria esse:
[2018-03-15 11:32:31] http://www.premeforwindows.com/
[2018-03-15 11:43:17] vlw gutem, não é exatamente o que eu preciso.. mas essa tool parece boa
[2018-03-15 11:43:25] Está aberta até 09/04 a chamada de trabalhos (CFP) para a próxima edição da BSides São Paulo (sábado e domingo dias 19 e 20/Maio de 2018). Os detalhes e o link para o formulário de submissão de propostas estão na página http://sp15.securitybsides.com.br/cfp-pt.html
[2018-03-15 11:44:29] Hoje teremos atividade de decoração da Sala de Jogos! https://garoa.net.br/wiki/Sala_de_Jogos
[2018-03-15 11:44:41] Vc quer estender as telas, quer, por exemplo abrir um navegador em uma e uma ide na outra, é isso?
[2018-03-15 11:47:01] eu ja tenho os monitores extendidos.. e trabalho com um navegador em uma tela e excel em outra por exemplo.. só que pra mudar os programas de uma tela pra outra eu tenho que arrastar com o mouse, e hoje eu preciso disso em um processo automatizado
[2018-03-15 11:47:36] No windows tem instalar software
[2018-03-15 11:47:45] Provavelmente com malwares
[2018-03-15 11:47:48] document: /home/felipe/devel/github_garoa/Telegram_logs_Garoa_Hacker_Clube_Publico/media/Garoa_Hacker_Clube_(Público)/download_244604348921808892.webp
[2018-03-15 11:53:34] Exato!
[2018-03-15 11:56:36] Tenta aí: Win+Shift+Seta Direita/Esquerda
[2018-03-15 11:59:00] Nada feito
[2018-03-15 11:59:14] No Garoa consigo mostrar melhor o que preciso fazer
[2018-03-15 11:59:24] Eu já entendi
[2018-03-15 11:59:31] Eu entendi o que vc quer fazer
[2018-03-15 11:59:31] É só com software
[2018-03-15 11:59:36] wow. trabalho com dois monitores e não sabia dessa, aqui funcionou. valeu!
[2018-03-15 11:59:54] Só que vc tá usando um Sistema de Usuário Virjão de Data Center... Simples assim
[2018-03-15 11:59:57] Então pelo jeito windows cagado
[2018-03-15 12:00:03] ;)
[2018-03-15 12:00:08] Kkkk
[2018-03-15 12:00:20] Vou ver se habilito essa função aqui
[2018-03-15 12:00:24] É windows XP starter
[2018-03-15 12:00:27] aqui é windows 7
[2018-03-15 12:00:35] Se fosse no Linux eu já teria resolvido kkkkk
[2018-03-15 12:01:02] Tenta vê no manual
[2018-03-15 12:01:07] Da Microsoft
[2018-03-15 12:01:28] Tô aí pra vocês: https://support.microsoft.com/pt-br/help/12445/windows-keyboard-shortcuts
[2018-03-15 12:01:59] Mas no windows 10 eu usei software pra  escolher atalho
[2018-03-15 12:11:07] Hoje tem atividade de decoração da Sala de Jogos! https://garoa.net.br/wiki/Sala_de_Jogos
A partir das 19h no Garoa.

Vamos fazer melhorias gerais na sala. Um dos itens que pretendo instalar é um painel decorativo que cortamos na laser cutter ao longo da semana. Segue foto abaixo:
[2018-03-15 12:11:07] photo: /home/felipe/devel/github_garoa/Telegram_logs_Garoa_Hacker_Clube_Publico/media/Garoa_Hacker_Clube_(Público)/download_806006268_5065.jpg
[2018-03-15 13:09:18] https://rideapart.com/articles/mv-agusta-electric-cagiva-eicma-2018
[2018-03-15 14:01:59] https://mobile.twitter.com/JanelleCShane/status/974132303315136513
[2018-03-15 14:11:12] Clonaram meu cartão de crédito, só não passou pq digitaram a data de validade errada. Bloqueei o cartão na hora.
[2018-03-15 14:11:53] mv augusta n presta
[2018-03-15 14:12:00] primeiro q é fabricada pela dafra
[2018-03-15 14:21:21] Não fala merda... MV Agusta é um Fabricante Italiano tradicionalissimo
[2018-03-15 14:21:32] Aqui no BR
[2018-03-15 14:22:48] Não fala merda [2]
[2018-03-15 14:23:02] A MV Agusta usa a Planta da Dafra em Manaus
[2018-03-15 14:23:10] Mas não é a Dafra que fabrica
[2018-03-15 14:24:00] Mesma coisa que acontecia quando a Citroen veio para o Brasil. Eles usavam a Planta da Peugeot em Resende, no RJ
[2018-03-15 14:24:00] cara, pra mim é a mesma coisa, ambas são do Grupo Itavema
[2018-03-15 14:24:16] se eu tou errado, sorry!
[2018-03-15 14:25:09] BMW tbm usava planta da Dafra bem no começo, nem por isso era "a mesma coisa"
[2018-03-15 14:25:36] mas até aí o grupo que é dono da BMW aqui no BR n é a Itavema, só isso já alivia muita coisa
[2018-03-15 14:26:26] E daí? Peça da MV ainda vem da Italia, só é montada aqui
[2018-03-15 14:27:37] E a Itavema não é "dona" da MV, e sim da Dafra. Por causa da Parceria com a Dafra, a Itavema REPRESENTA a MV, mas não é dona
[2018-03-15 14:28:19] Assim como ainda representa a BMW, apesar de não serem montadas mais na mesma planta
[2018-03-15 14:30:08] Já viu a Brutale 800?
[2018-03-15 14:49:32] Yep.
[2018-03-15 14:49:52] Eu postei mais pelo fato da Cagiva EV que eles estão planejando
[2018-03-15 14:51:01] sim
[2018-03-15 14:51:03] Com relação as MV Agusta, eles não estão nas melhores das situações financeiras, acho que ano passado rolou um papo de aquisição.
[2018-03-15 14:51:07] Me atentei a isso
[2018-03-15 14:51:36] MV é da Cagiva... Que tbm é dona da Ducatti
[2018-03-15 14:51:56] Mas não sei se dá lucro alguma delas
[2018-03-15 14:53:51] Na verdade a Cagiva vendeu a Ducati em 96
[2018-03-15 14:54:14] Mas fica o registro, quando a Cagiva venceu do ParisDakar, foi com os motores da Ducati
[2018-03-15 14:55:42] Sim
[2018-03-15 14:56:18] Cara, esse compra-vende é uma novela
[2018-03-15 14:57:09] Total
[2018-03-15 14:57:33] Husqvarna era do grupo Cagiva, depois vendeu pra BMW, que vendou para KTM
[2018-03-15 14:58:01] sim
[2018-03-15 14:58:35] Sendo que a Husqvarna, a empresa original, era uma Empresa militar, uma das mais antigas do mundo
[2018-03-15 14:59:18] Ducati tá na mão da VW, pq foi vendida para Lamborghini que vendeu pra Audi
[2018-03-15 15:01:50] Fazia armamentos heheeheh fundada em 1600 e tanto heheheh
[2018-03-15 15:02:16] Acho que mais antiga que a Huqs são só a cervejarias
[2018-03-15 15:03:06] Essa galera polivalente é foda... Samsung, Hyunday, SAAB
[2018-03-15 15:04:34] KTM tb usa a planta da Dafra
[2018-03-15 15:04:47] Pq é a única planta decente do Brasil
[2018-03-15 15:04:51] Samsung é tipo, memória, celular, míssil, SMG
[2018-03-15 15:05:12] Vende até ma mesma concessionária hehehehe
[2018-03-15 15:05:23] Se não fosse a Dafra essas empresas não viriam pro brasil e td mundo tava de cg
[2018-03-15 15:05:36] Mano, é a maior construtora de prédios na asia
[2018-03-15 15:05:40] Eu tenho uma dafra. Quando eu levo na revisão. É só KTM e MV Agusta na oficina heheheh
[2018-03-15 15:05:42] Exato!
[2018-03-15 15:06:34] Povo fica falando mal da Dafra heheheheh nada haver hehehe
[2018-03-15 15:07:09] Carai, bate as chinesas? PQP
[2018-03-15 15:13:12] Até onde li, sim
[2018-03-15 15:16:16] Ducati foi vendida pra Harley ano passado....
[2018-03-15 15:24:44] https://i.redditmedia.com/auzO1L2NCwVvhaPIqF15ZaNQODO9aytf70PUp2aEB-A.jpg?w=960&s=337c2e5b1abe17660bc37765b0ae01cd
[2018-03-15 15:26:46] wtf
[2018-03-15 15:26:49] tdo errado
[2018-03-15 15:27:13] hehehehehehehh
[2018-03-15 15:33:24] sorte que eh montagem
[2018-03-15 15:35:57] Tô falando que é uma "dança das cadeiras" issaê
[2018-03-15 15:37:56] a harley copiou o design da dafra horizon
[2018-03-15 15:38:03] so digo isso
[2018-03-15 15:38:17] hauahuahaua
[2018-03-15 15:48:04] Dafra > Harley
[2018-03-15 19:18:59] Da Indian...
[2018-03-15 19:19:41] nao to falando serio ne
[2018-03-15 19:19:41] auheaue
[2018-03-15 19:20:14] Ah porra mas mesmo assim 😂
[2018-03-15 19:22:14] Dafra > Harley > Indian
[2018-03-15 19:22:40] Shineray > Dafra > Harley > Indian
[2018-03-15 19:23:02] https://www.youtube.com/watch?v=7NnZWHvDj2s
[2018-03-15 19:23:24] Shineray é complicado. Mas ele tem uns modelos bacanas, pena que não trazem para o BR
[2018-03-15 19:25:16] Trazem sim, no nordeste é lider entre as cubs
[2018-03-15 19:27:57] http://www.shineray.com.au/index.php?page=xy250gy-2-motard
[2018-03-15 19:28:41] Essa não veio ainda pro br.
[2018-03-15 19:29:00] Mostra dinheiro que trazem o que quiser
[2018-03-15 19:29:10] http://www.shineray.com.br/produtos/
[2018-03-15 19:29:16] Sério?
[2018-03-15 19:29:42] No norte e nordeste so perde pra Honda
[2018-03-15 19:30:15] Tem um clone de Grom http://www.shineray.com.br/produtos/ciclomotores/mind-50/
[2018-03-15 19:34:29] Bom que essas 50 não paga IPVA, não toma multa... etc...
[2018-03-15 20:18:02] photo: /home/felipe/devel/github_garoa/Telegram_logs_Garoa_Hacker_Clube_Publico/media/Garoa_Hacker_Clube_(Público)/download_806124620_60640.jpg
[2018-03-15 20:21:15] How to Pick a Lock With a Paper Clip

https://www.artofmanliness.com/2018/03/14/pick-lock-paper-clip/
[2018-03-15 20:29:41] 3 Modos de escapar de uma cinta plástica (abraçadeira plástica, abraçadeira Hellermann)

3 Ways to Escape Zip Ties: An Illustrated Guide

https://www.artofmanliness.com/2014/03/27/3-ways-to-escape-zip-ties-an-illustrated-guide/
[2018-03-15 22:38:50] Galera, alguém conhece este fabricante de placa-mãe?
[2018-03-15 22:38:55] GSONIC?
[2018-03-15 22:44:20] photo: /home/felipe/devel/github_garoa/Telegram_logs_Garoa_Hacker_Clube_Publico/media/Garoa_Hacker_Clube_(Público)/download_806121517_60236.jpg
[2018-03-15 22:44:39] @Gutemhc Quebrou o parafuso dentro do cubo.
[2018-03-15 22:57:18] Eita
[2018-03-15 23:06:49] vixe
[2018-03-15 23:07:05] carai
[2018-03-15 23:07:30] joga fora e compra uma cg
[2018-03-15 23:11:17] Nada, landoca é guerreira
[2018-03-15 23:11:35] o motor
[2018-03-15 23:11:39] ehehe
[2018-03-15 23:12:21] to zuando
[2018-03-15 23:12:30] mas como esse parafuso quebrou?
[2018-03-15 23:12:33] tu fez cagada?
[2018-03-15 23:13:14] Fui instalar o disco de 320mm. Estava dando torque nos parafusos... quebrou
[2018-03-15 23:13:57] saiu a cabeca? nao da pra ve na foto
[2018-03-15 23:14:03] photo: /home/felipe/devel/github_garoa/Telegram_logs_Garoa_Hacker_Clube_Publico/media/Garoa_Hacker_Clube_(Público)/download_806121972_59560.jpg
[2018-03-15 23:14:23] photo: /home/felipe/devel/github_garoa/Telegram_logs_Garoa_Hacker_Clube_Publico/media/Garoa_Hacker_Clube_(Público)/download_805513781_112230.jpg
[2018-03-15 23:14:37] Sim. Está em cima do disco. perto do furo vazio
[2018-03-15 23:17:00] usa sem esse parafuso
[2018-03-15 23:17:13] Fixador químico e torquimetro de "quebra"... Melhores companheiros quando tem que parafusar algo relativo a mecânica
[2018-03-15 23:17:21] Não velho.... vai forçar os outros
[2018-03-15 23:17:21] ele ja devia ta zoado qnd tu tirou
[2018-03-15 23:18:05] Loctite eu uso. Senão com a vibração solta tudo
[2018-03-15 23:18:33] eu sei mas da pra usar ate resolver
[2018-03-15 23:19:10] Esse roda é um jogo completo. Eu tenho outro jogo na moto
[2018-03-15 23:19:52] com duas brocas e uma furadeira ou parafusadeira boa resolve
[2018-03-15 23:21:01] Vamos ver. espero que tenha ficado um pedaço para fora
[2018-03-15 23:21:53] As vezes dá para soltar no punção
[2018-03-15 23:23:53] E ferrar toda a rosca
[2018-03-15 23:24:30] Tem jogo de macho/tarracha?
[2018-03-15 23:24:57] Aqui não. No garoa tem (precisa ver a medida)
[2018-03-15 23:25:32] Garoa tem paquimetro também... #FicaDica
[2018-03-15 23:25:35] Hehehe
[2018-03-15 23:26:04] heheheheheheheh
[2018-03-15 23:26:24] É... precisa rolar um inventário heheheheh
[2018-03-15 23:32:49] Olha, a rosca é M6. Pior das hipóteses, passamos uma broca de 10mm e colocamos uma bucha.
[2018-03-15 23:35:37] Passa m6. só pra tirar o parafuso
[2018-03-15 23:35:46] M5, talvez
[2018-03-15 23:35:53] E refaz a rosca m6
[2018-03-15 23:47:20] É uma boa. O desafio é dar centro. Fora que o cubo é aluminio.
[2018-03-15 23:47:58] Ou tentar fazer uma fenda no parafuso...
[2018-03-15 23:48:04] so usar isso aqui https://www.extra.com.br/automotivo/Autopecas/PecasemGeral/extrator-de-parafusos-pequeno-jogo-de-05-pecas-lee-tools-683838-12413496.html
[2018-03-15 23:48:13] com a furadeira invertida
[2018-03-15 23:48:14] nem ferrando cabe na de bancada, né?
[2018-03-15 23:48:35] inclusive tinha que ter esse kit no garoa
[2018-03-15 23:49:22] Não. É uma roda 17 montada. heheh Vai ter que ser na furadeira manual heheheheheh
[2018-03-15 23:53:45] https://www.youtube.com/watch?v=Gr0Q7tnHnv0
[2018-03-15 23:54:00] Acho que é uma boa também.
[2018-03-15 23:54:07] mesmo kit
[2018-03-15 23:54:40] eu tinha esse kit
[2018-03-15 23:54:49] mas sumiu em uma das minhas mudancas
[2018-03-15 23:55:10] mas eh baratao
[2018-03-15 23:55:12] 15 conto
[2018-03-15 23:55:23] demais
[2018-03-15 23:55:25] tem no mercado car barra funda
[2018-03-15 23:55:41] vou passar lá qualquer hora
[2018-03-15 23:57:26] esse video ai de cima ele nao consegue tirar com o kit auheuahe
[2018-03-15 23:57:30] esse aqui ele consegue https://youtu.be/W7-YD9GDNOM
[2018-03-15 23:58:03] parece no caso da intruder o cara meteu um trava rosca..
[2018-03-15 23:58:17] ai tem que destruir o parafuso e refazer a rosca
[2018-03-15 23:58:48] https://youtu.be/tJP5zyWvgrI
