[2016-08-09 00:05:39] https://www.youtube.com/watch?v=txqfRsQkFMc
[2016-08-09 00:05:57] cadê isso no garoa, @Yumizinha @Fabiohirano
[2016-08-09 07:57:50] @tilt4 O evento da Redbull Station pode entrar a qualquer hora?
[2016-08-09 08:03:10] Estou pensando em depois do FabLab da Galeria Olido...
[2016-08-09 09:20:18] Você está levando numa especialista em felinos? Seria importante. Tenho referências se precisar.
[2016-08-09 09:29:51] Estou levando sim, numa médica especialista em felinos em um hospital veterinário. Mas se sua indicação for em Campinas, pode passar, que precisamos de alguém para atender os gatos rotineiramente depois.
[2016-08-09 09:34:34] No caso seria de São Paulo mesmo.
[2016-08-09 09:34:55] Estranho não terem deduzido o que ela tem.
[2016-08-09 09:54:25] Tem hipóteses diagnósticas, mas ainda nada determinado.
[2016-08-09 09:54:51] Foto da obra do Sirius dia 19/07:
[2016-08-09 09:55:45] photo: /home/felipe/devel/github_tvdstaaij/telegram-history-dump/output/media/Garoa_Hacker_Clube_(Público)/download_803703034_72928.jpg
[2016-08-09 09:56:45] Você participa ativamente do projeto?
[2016-08-09 09:58:05] Sim, trabalho no LNLS.
[2016-08-09 09:58:46] Duca!! Parabéns!!
[2016-08-09 09:59:12] Vê se não cria um buraco negro hein. Só isso que faltava pro Brasil.
[2016-08-09 10:09:46] Está parecendo a Millenium Falcon.
[2016-08-09 10:19:56] photo: /home/felipe/devel/github_tvdstaaij/telegram-history-dump/output/media/Garoa_Hacker_Clube_(Público)/download_803707140_71711.jpg
[2016-08-09 10:20:14] Foto do dia 5/08, de brinde
[2016-08-09 10:24:29] Posso compartilhar essas fotos?
[2016-08-09 10:24:35] Qual a previsão de entrega?
[2016-08-09 10:24:45] Aylons, como está o seu gato?
[2016-08-09 10:33:02] Já programei um monte... Você conseguiu? Um ponto importante é que precisa do clock para poder gravar.
[2016-08-09 10:33:23] Normalmente eu coloco o cristal e os capacitores.
[2016-08-09 10:33:40] é, foi isso mesmo :P
[2016-08-09 10:34:29] toquei o XTAL1 no cristal do arduino enquanto programava o bootloader do lilypad
[2016-08-09 10:34:29] agora ele roda a 8mhz sem nenhum componente extra
[2016-08-09 10:36:03] e em 8mhz deu pra fazer o direct drive de uma matriz 8x8 com timer1 sem problemas
[2016-08-09 10:37:31] É para o broche novo?
[2016-08-09 10:37:39] isso!
[2016-08-09 10:41:24] A primeira, pode, a segunda eu não sei.
[2016-08-09 10:42:02] O prédio vai ser entregue para a gente começar a instalar a máquina no fim do ano que vem. A expectativa é de fazer o comissionament em 2018.
[2016-08-09 10:42:16] Melhorando, mas ainda sem um diagnóstico.
[2016-08-09 10:43:07] Quer dizer, o comissionamento vai ser feito em 2018, a instalação da máquina deve durar uns 3 meses.
[2016-08-09 10:43:32] 👊
[2016-08-09 10:44:50] UK Copyright Extension On Designed Objects Is 'Direct Assault' On 3D Printing
Ars Technica:
A recent extension of UK copyright for industrially manufactured artistic works represents "a direct assault on the 3D printing revolution," says Pirate Party founder Rick Falkvinge. The UK government last month extended copyright for designs from 25 years to the life of the designer plus 70 years. In practice, this is likely to mean a copyright term of over 100 years for furniture and other designed objects. Writing on the Private Internet Access site, Falkvinge says that the copyright extension will have important consequences for makers in the UK and EU: "This change means that people will be prohibited from using 3D printing and other maker technologies to manufacture such objects, and that for a full century." Falkvinge points out a crucial difference between the previous UK protection for designs, which was based on what are called "design rights" plus a short copyright term, and the situation now, which involves design rights and a much-longer copyright term. With design rights, "you're absolutely and one hundred percent free to make copies of it for your own use with your own tools and materials," Falkvinge writes. "When something is under copyright, you are not. Therefore, this move is a direct assault on the 3D printing revolution." "Moving furniture design from a [design right] to copyright law means that people can and will indeed be prosecuted for manufacturing their own furniture using their own tools," Falkvinge claims.
[2016-08-09 10:47:24] Tá uma merda esse troço, tinha uma treta de não querem deixar *fotografar* um objeto do qual você é dono... tá insano.
[2016-08-09 11:50:07] acho bom que a coisa esteja degringolando nesse nivel
[2016-08-09 11:50:51] eh uma maneira de trazer as pessoas ao debate e, quem sabe um dia, fazer cair de vez os abusos de direitos autorais e patentes
[2016-08-09 11:52:37] (momento chute com 2 pes) minha impressao eh que historicamente, esse tipo de esperneio, a aversao a mudanca e tal, tem uma vida curta e fracassada
[2016-08-09 11:57:52] Pessoas com mentalidade ultrapassada ficam esperneando, como se isso fosse impedir as mudanças... a evolução...
[2016-08-09 12:08:15] http://partidopirata.org/a-quem-pertence-o-horizonte/
[2016-08-09 12:12:34] ~ME FALARAM~ (do verbo não tenha certeza) que não se pode fotografar a torre eiffel a noite pq a empresa que cuida da iluminação dela não permite
[2016-08-09 12:12:46] sera que belisca a bunda?

http://dornob.com/flexible-furniture-spring-wood-seating-bends-when-you-sit/
[2016-08-09 12:13:16] estou planejando umas poltroninhas novas para minha sala :D
[2016-08-09 12:16:18] se liga que coisa fina: http://dornob.com/upcycling-furniture-custom-whittled-wood-craft-chair/
[2016-08-09 12:16:38] Só dá uma pesquisada antes no Google Patents pra ver se você pode mesmo usar o design.
[2016-08-09 12:16:52] hauhauhahuahua
[2016-08-09 12:17:23] Rsrs
[2016-08-09 12:17:28] e a cadeira entao? eh modificar hardware sem a permissao do fabricante
[2016-08-09 12:17:36] DRM nas cadeiras ja!
[2016-08-09 12:20:26] E agora com o Pokemon GO Obama tem mapeado até os banheiros das residências. Então os royalties por cadeiras copiadas sem permissão irão ser cobradas de qualquer forma.
[2016-08-09 12:49:06] Opendesk.cc
[2016-08-09 13:13:01] photo: /home/felipe/devel/github_tvdstaaij/telegram-history-dump/output/media/Garoa_Hacker_Clube_(Público)/download_425811935_19422.jpg
[2016-08-09 13:13:43] Pra quem gosta de Puzzle: http://treksit.com/ #OF #AcabandoComAProdutividade
[2016-08-09 13:14:06] o cara quer me fuder a produtividade
[2016-08-09 13:14:22] agora que vi a hashtag rsrs
[2016-08-09 13:14:40] vou no aeroporto hoje pegar pokemon :D
[2016-08-09 13:15:36] Eles estão vindo de onde? 😜
[2016-08-09 13:16:12] rsr
[2016-08-09 13:16:19] photo: /home/felipe/devel/github_tvdstaaij/telegram-history-dump/output/media/Garoa_Hacker_Clube_(Público)/download_803701623_71037.jpg
[2016-08-09 13:16:35] document: /home/felipe/devel/github_tvdstaaij/telegram-history-dump/output/media/Garoa_Hacker_Clube_(Público)/download_368739082848698855.webp
[2016-08-09 13:19:41] massa hein
[2016-08-09 13:24:33] https://archive.org/details/softwarelibrary_amiga_games
[2016-08-09 13:24:50] Mais Joguinhos pra acabar com a Produtividade!
[2016-08-09 13:28:16] ai! Fodeu!
[2016-08-09 13:31:54] hehehe
[2016-08-09 13:32:10] Sabia que você ia comentar algo... rs
[2016-08-09 13:32:43] :-)
[2016-08-09 13:35:45] l😀La se foi minha hora de almoço !! :(
[2016-08-09 13:40:43] não vou abrir esse segundo
[2016-08-09 13:42:00] Erin, você conseguiu resolver? E você saberia onde comprar o atm328 já com bootloader aqui em SP? Abs
[2016-08-09 13:42:27] consegui, desce um pouco mais dessa mensagem pra minha conversa com o dq, e não
[2016-08-09 13:43:09] eita, acho que cheguei no final. :D
[2016-08-09 13:44:07] É meio rápido esse... Pensei que ia ser algo ad infinitum... rs
[2016-08-09 13:45:12] ufa
[2016-08-09 13:45:20] entao posso abrir daqui a pouco
[2016-08-09 13:45:31] pois é, até rolou um alívio.
[2016-08-09 13:45:41] heheheeh
[2016-08-09 13:45:52] meu deus
[2016-08-09 14:36:16] 🙂👍🏽
[2016-08-09 15:29:37] Francisco Kahil joined
[2016-08-09 15:29:37] Hi Francisco !
[2016-08-09 15:35:06] Nessa Guedes joined
[2016-08-09 15:35:07] Hi Nessa !
[2016-08-09 15:35:40] Tô aqui me perguntando pq eu ainda não tinha procurado o garoa no telegram
[2016-08-09 15:36:12] achei pelo site :-)
[2016-08-09 15:36:38] Saudades garoa ❤️
[2016-08-09 15:36:55] document: /home/felipe/devel/github_tvdstaaij/telegram-history-dump/output/media/Garoa_Hacker_Clube_(Público)/download_309446659895460267.webp
[2016-08-09 15:37:51] 😂
[2016-08-09 15:44:06] Eu ia sugerir você passar no Garoa em uma Noite do Arduino para a gente gravar, mas eu só volto em Setembro.
[2016-08-09 15:44:19] Mas o processo de gravação é simples.
[2016-08-09 15:44:44] http://dqsoft.blogspot.com/2011/11/passo-passo-usando-o-arduino-uno-para.html
[2016-08-09 15:45:36] 👍👍
[2016-08-09 15:48:12] nas IDEs mais novas do arduino nem precisa usar a linha de comando
[2016-08-09 15:49:05] só clicar em burn bootloader, escolhendo o formato certo (lilypad se quiser 8mhz sem cristal) e programmer como arduino as isp
[2016-08-09 15:49:17] Aí perde a graça.
[2016-08-09 15:49:20] :P
[2016-08-09 15:50:41] Algum dia eu monto o meu AVR Detonator que vai gravar o bootloader apertando um botão
[2016-08-09 15:50:43] https://garoa.net.br/wiki/AVR_Detonator
[2016-08-09 15:51:55] @DQuadros http://www.gammon.com.au/bootloader
[2016-08-09 15:54:17] @mynameiserin  mas o meu vai ser de "alta voltagem". E, mais importante, vai ter isto aqui: http://www.soldafria.com.br/tampa-p-chave-alavanca-mod-sac-01-vermelha-p-1972.html
[2016-08-09 15:54:33] :P
[2016-08-09 15:54:47] nada impede, oras! foi só uma sugestão do firmware, haha
[2016-08-09 15:55:01] foi esse que eu usei pra regravar com bootloader de lilypad
[2016-08-09 15:55:46] Opa, valeu 🙌🏾
[2016-08-09 15:56:16] Brincadeiras à parte, o que eu quero fazer é a programação em "alta voltagem" (12V), que ressuscita fuses gravados errado.
[2016-08-09 15:56:30] Só que a conexão e a forma de programação é totalmente diferente.
[2016-08-09 15:56:57] Lá na wiki tem os links para um projeto que usa isto.
[2016-08-09 15:56:58] os polyfuses do atmega não são regraváveis com 5v?
[2016-08-09 15:57:27] (não sei porque eu falei polyfuse)
[2016-08-09 15:57:49] São, até a hora que você (a) desligar a programação SPI ou (b) configurar o pino de Reset para I/O
[2016-08-09 15:57:56] ahhhh
[2016-08-09 15:58:06] Aí só a "alta tensão" salva.
[2016-08-09 16:05:45] cazzo.. comprei umas 5 coisas da china nos últimos 2 meses e nada foi taxado
[2016-08-09 16:05:54] comprei uma dos EUA e taxaram :P
[2016-08-09 16:06:13] @erin, não esqueça dos alfinetes!
[2016-08-09 16:06:21] já tinha esquecido!
[2016-08-09 16:06:21] @mynameiserin
[2016-08-09 16:06:44] Tire as medidas para mim de onde você acha que valha a pena soldar e tal, e das distâncias.
[2016-08-09 16:11:05] photo: /home/felipe/devel/github_tvdstaaij/telegram-history-dump/output/media/Garoa_Hacker_Clube_(Público)/download_803705390_73054.jpg
[2016-08-09 16:11:30] 2,5cm 3,5cm 4,5cm respectivamente
[2016-08-09 16:11:43] e um exemplo do protótipo, com as pontas soldadas
[2016-08-09 16:11:56] o protótipo usa 3,5cm
[2016-08-09 16:12:12] acho que esse é o tamanho ideal, os 3 tamanhos é o que temos jogados no lab
[2016-08-09 16:16:38] Ok, vou fazer um footprint só em que caibam estes três tamanhos.
[2016-08-09 16:17:05] Só uma coisa: pretendo usar a OHL, você vê algum problema?
[2016-08-09 16:17:14] nops
[2016-08-09 16:17:20] Beleza
[2016-08-09 16:17:28] o meu repo está como gplv3 por preguiça
[2016-08-09 16:17:39] basicamente: tá livre tá favoravel
[2016-08-09 16:18:06] aliás, se quiser fazer um fork e mandar um pull request melhor ainda :)
[2016-08-09 16:18:45] Estava pensando em fazer um repo para a biblioteca primeiro, depois a gente junta as coisas.
[2016-08-09 16:18:50] legal
[2016-08-09 16:18:56] posso colocar como submodule então
[2016-08-09 16:19:01] igual as outras estão
[2016-08-09 16:19:05] Assim fica fácil de usar em outros projetos
[2016-08-09 16:20:13] Beleza
[2016-08-09 16:20:21] A noite nos falamos.
[2016-08-09 16:35:49] perfeito, muito obrigada!
[2016-08-09 16:56:05] 'Where planning a Maker-mode project answers “how do I make this?”, planning a hacker-mode project runs more along the lines of “I wonder if I can make it do this?”'
[2016-08-09 16:56:13] http://hackaday.com/2016/08/09/yak-shaving-hacker-mode-vs-maker-mode/
[2016-08-09 17:00:40] O Coding Dojo de Python com o Grupy-SP é hoje... ansiedade me matando...
[2016-08-09 17:01:58] "When your goal is to deepen your knowledge, what would seem to be negative yak shaving is actually the work you need to do. Indeed, once you’ve learned what you came to learn, it might be time to abandon the physical thing even if it’s not done"
[2016-08-09 17:13:03] me too.
[2016-08-09 17:33:17] Eu não
[2016-08-09 17:33:43] Vou ficar na atividade de música hj, Sorry @Biazzotto
[2016-08-09 18:29:04] Vou chegar lá pelas 20h...
[2016-08-09 18:32:18] Demorei 20m pra achar a saída do shopping Aricanduva
[2016-08-09 18:54:09] Erick, vou postar no FB o S,D&H...
[2016-08-09 20:48:18] @mynameiserin , onde você vai fabricar?
[2016-08-09 20:48:22] a PCB
[2016-08-09 20:48:45] ryndack
[2016-08-09 20:48:49] vou fazer 10 cópias
[2016-08-09 20:49:29] s/fazer/mandar fazer/
[2016-08-09 20:53:46] Beleza, então sem slots
[2016-08-09 20:53:58] ah, sim, sem slots, sem nada
[2016-08-09 20:54:05] é fabricação bem caseira mesmo
[2016-08-09 20:54:45] cotei em tudo quanto era lugar e todos queriam fazer buracos ou colocar logo deles, cortei contato rapidinho :P
[2016-08-09 20:55:17] um dos lugares nem entendeu quando eu perguntei se eles conseguiam fazer traços com largura de 0.25mm..
[2016-08-09 20:55:22] Tirar logo do fabricante geralmente é tranquilo, as vezes eles cobram uma taxa modica.
[2016-08-09 20:56:01] 0.25mm é 10 mils. mil é o padrão da indústria.
[2016-08-09 20:56:27] EU ia fazer uma versão com slot para o alfinete ficar meio embutido
[2016-08-09 20:56:29] o problema nem foi isso, é que eles confundiram com a espessura da placa
[2016-08-09 20:58:19] É que a única coisa que se mede em milímetros geralmente é a espessura da placa. O pessoal de vendas é meio bronco, mesmo, e só sabe seguir receita de bolo.

Me lembra uma vez que eu fui comprar um indutor na santa efigência de 10nH. Quando eu falei, o cara me disse: ah não, nano é medida de capacitor.
[2016-08-09 20:58:37] uff
[2016-08-09 21:19:53]  joined
[2016-08-09 21:19:54] Hi Erik Henrique !
[2016-08-09 21:45:53] Desculpa a demora, mil coisas acontecendo.
[2016-08-09 21:45:54] https://github.com/aylons/safety_pin.pretty
[2016-08-09 21:45:55] aylons | safety_pin.pretty

Kicad library for soldering safety pins in a PCB

Language: userdata: (nil)
Forks: 0
Stars: 0
Issues: 0
[2016-08-09 21:46:59] fiquei na dúvida quanto à largura, eu precisaria pegar um alfinete desses para sentir. Coloquei 2mm, mas dá para aumentar um pouco.

Mas o comprimento deve estar ok e deve ser tanto fácil de soldar quanto garantido de segurar.
[2016-08-09 21:48:20] pingando @mynameiserin
[2016-08-09 21:49:27] \o/
[2016-08-09 21:49:47] vou ver logo, tô configurando uma vps nova
[2016-08-09 21:55:18] ok
[2016-08-09 21:55:50] Se funcionar, eu posso por silk e outras frescuras.
[2016-08-09 21:56:12] ah, por mim, eu nem vou fazer essa com silk
[2016-08-09 21:56:32] Quero fazer uma versão com um slot no meio, porque os alfinetes são meio curvos e assim tanto facilitaria a montagem quanto evitaria que ele deformasse
[2016-08-09 21:57:22] uhum
[2016-08-09 21:59:22] hmm, preciso tirar os pads do 4.5mm porque ficaram muito grandes pra placa
[2016-08-09 22:00:28] photo: /home/felipe/devel/github_tvdstaaij/telegram-history-dump/output/media/Garoa_Hacker_Clube_(Público)/download_803701973_72918.jpg
[2016-08-09 22:01:53] Faz uma versão sem eles.
[2016-08-09 22:02:12] Aliás, eu faço agora. Gosto de mexer no Kicad e tive poucas chances nos ultimos tempos.
[2016-08-09 22:02:53] ah, eu só'deletei os pads mesmo
[2016-08-09 22:05:27] Assim é ruim, quando eu fizer melhorias no footprint, vc teria que deletar de novo
[2016-08-09 22:06:34] tudo bem, faz aí que eu atualizo :) ainda não commitei nada
[2016-08-09 22:08:21] photo: /home/felipe/devel/github_tvdstaaij/telegram-history-dump/output/media/Garoa_Hacker_Clube_(Público)/download_803711056_72511.jpg
[2016-08-09 22:08:27] deu até pra diminuir a placa agora!
[2016-08-09 22:08:47] pera, não
[2016-08-09 22:08:58] acabei de perceber a falha imensa nisso :P desconsidera
[2016-08-09 22:10:45] Agora explica
[2016-08-09 22:11:15] dá curto no GND e no pino do botão por onde passa no segundo pad
[2016-08-09 22:11:25] aquele botão vai ficar "apertado" pra sempre
[2016-08-09 22:11:46] na real dá pra deixar nesse tamanho se eu só passar o pino daquele botão por outro lugar
[2016-08-09 22:12:37] ahá! já sei
[2016-08-09 22:15:52] Hum... use o DRC
[2016-08-09 22:18:03] Bem, preciso ir me arrumar. Sò verifique se 2mm é mais grosso que a espessura dos alfinetes nos pontos de solda. Se for o caso, deixe mais largo, mas não muito mais largo. Você precisa de menos de 1mm de folga para cada lado para soldar bem.
[2016-08-09 22:20:01] ok :)
[2016-08-09 22:22:05] photo: /home/felipe/devel/github_tvdstaaij/telegram-history-dump/output/media/Garoa_Hacker_Clube_(Público)/download_803718547_73472.jpg
[2016-08-09 22:38:12] Alguém já pensou na hipótese do Pokémon Go estar mapeando rotas de entrada e fuga para dentro de nossas casas? Vigiando nosso ambiente por dentro, já que o Google também mapeia áreas internas. Robôs controlados por inteligência artificial de posse desses dados podem instalar e fugir usando todas as rotas possíveis inclusive uma rota bloqueada por um humano.  Espalhar armas biológicas, mapear com interesse em qualquer governo existente.
[2016-08-09 22:41:16] Sinceramente, não duvido da captura de alguns dados para processamento posterior.
[2016-08-09 22:42:38] Eu particularmente não vou jogar. Mas de posse dessa hipótese, eu me senti traindo a ética por um amigo ter me procurado para ajudar a instalar fora da loja por um aparelho não compatível com a versão na loja.
[2016-08-09 22:43:30] Poderão usar para encontrar terroristas
[2016-08-09 22:43:34] Gente, o jogo não vai capturar nada para o Google que já não seja capturado. Não entendi porque a preocupação agora.
[2016-08-09 22:43:56] Câmera constante me pareceu novidade
[2016-08-09 22:44:25] Mas poderão saber também o que eu tenho em cima da minha mesa.
[2016-08-09 22:45:04] Fazer procura ativa de padrões de imagem (uma técnica de Computer Vision) seria relativamente trivial.
[2016-08-09 22:45:18] Algo que até hoje não vejo como mainstream pro Google.
[2016-08-09 22:45:39] A Niantic.Inc
[2016-08-09 22:45:55] Ou qualquer outra.
[2016-08-09 22:46:20] A câmera só liga quando o usuário está usando. E, se ele manda qualquer dado para o servidor, deve ter um algoritmo brutalmente eficiente, porque o negócio não envia nem o equivalente a uma foto durante um dia de jogo.

Sério, este tipo de teoria de conspiração só enfraquece o argumento bem sério de privacidade e acesso aos dados.
[2016-08-09 22:47:45] O que você chama de "equivalente a uma foto"?
[2016-08-09 22:48:05] Menos de 3MB, pelo que eu testei.
[2016-08-09 22:48:13] Não duvido que façam. Microsoft pega pesado na telemetria.
[2016-08-09 22:48:33] Nas não defendo que seja feito tampouco.
[2016-08-09 22:48:50] Apenas não me espantaria se comprovado
[2016-08-09 22:50:17] Lembrando que não seria eficiente fazer upload de imagens para o servidor. Mas sim baixar assinaturas e pesos de uma rede neural previamente treinada para detectar padrões de interesse. Por exemplo (absurdo), símbolos de grupos extremistas.
[2016-08-09 22:50:35] Isso seria muito, mas muito eficiente.
[2016-08-09 22:50:39] Me espantaria. O jogo só liga a câmera nos pokestops, que já são previamente cadastrados.
[2016-08-09 22:50:57] Estou mais preocupado com as fotos do instagram que com o pokemon go.
[2016-08-09 22:51:07] Justo.
[2016-08-09 22:51:39] As mídias sociais vieram pra acabar com a privacidade a troca de prazer social. Se eh que podemos chamar assim.
[2016-08-09 22:51:41] Pq a conversa não acabou aqui?
[2016-08-09 22:51:41] Gente, o jogo não vai capturar nada para o Google que já não seja capturado. Não entendi porque a preocupação agora.
[2016-08-09 22:52:07] Não leu a parte que comentei da câmera?
[2016-08-09 22:52:18] Li groselhas
[2016-08-09 22:52:32] Parabéns. Excelente argumento.
[2016-08-09 22:52:35] Vai por mim, sou bem paranóico
[2016-08-09 22:52:49] Outro excelente argumento.
[2016-08-09 22:52:54] Enfim
[2016-08-09 22:52:57] tô confusa http://puu.sh/qvP1S/5714c3ad25.png
[2016-08-09 22:53:51] Tenta como sudo
[2016-08-09 22:53:54] Cara, o nível do papo eh tao que realmente não vou nem começar a argumentar, sério, só trollar mesmo
[2016-08-09 22:54:08] sudo com root? :)
[2016-08-09 22:54:24] Sério? Bom. Beleza.
[2016-08-09 22:54:32] Putz. Disfarça. Rs
[2016-08-09 22:54:37] Isso, sudo com root
[2016-08-09 22:54:48] Super hiper usuário hahaha
[2016-08-09 22:55:04] Se controla, mano.
[2016-08-09 22:55:39] e aí, idéias?
[2016-08-09 22:55:48] Logs?
[2016-08-09 22:55:53] o arquivo tá lá... permissões tão certas... wtf ?
[2016-08-09 22:56:02] qual log você quer?
[2016-08-09 22:56:07] o erro ele já deu
[2016-08-09 22:56:23] Mas pode ter mais detalhes
[2016-08-09 22:56:38] Olha em /var/log sshd
[2016-08-09 22:56:41] Sei lá
[2016-08-09 22:56:42] não tem
[2016-08-09 22:56:43] Só chute
[2016-08-09 22:57:36] não tem log do sshd em /var/log
[2016-08-09 22:57:54] Sem ideias, Erin :(
[2016-08-09 22:58:03] Só estando lá pra tentar mais
[2016-08-09 22:58:12] Sorry
[2016-08-09 22:58:52] Dependendo da distribuição eu reinstalaria o sshd
[2016-08-09 22:58:52] Vamos reclamar no feisse sobre privacidade :p
[2016-08-09 22:59:05] root@trashzone:/etc/ssh# rm -r /etc/ssh/ssh*key
root@trashzone:/etc/ssh# dpkg-reconfigure openssh-server
[2016-08-09 22:59:09] parou de dar o erro depois
[2016-08-09 22:59:16] vou fingir que entendi como foi consertado
[2016-08-09 22:59:17] Show de bola
[2016-08-09 23:07:29] Alguém indica algum vendedor do ML que venda micro USB fêmea para USB macho?
[2016-08-09 23:07:48] Vish, ta fu
[2016-08-09 23:07:59] monta
[2016-08-09 23:08:25] Acabei de encomendar uns micro USB fêmea numa breakout
[2016-08-09 23:08:45] 10 por uns 2 dólares
[2016-08-09 23:09:04] O Pokemon não vai ter acesso a nada que o snap não tenha visto antes
[2016-08-09 23:09:10] Se não tiver pressa, pede ser uns opção
[2016-08-09 23:09:13] Que o hangouts não tenha visto
[2016-08-09 23:09:20] Dx? Eu estou com "pressa"
[2016-08-09 23:09:28] Ali
[2016-08-09 23:10:17] Eu to evitando mas acho q não vai ter jeito
[2016-08-09 23:10:42] Foi difícil encontrar até na santa
[2016-08-09 23:11:08] compra um cabo com usb plug, cabo com microusb jack
[2016-08-09 23:11:11] corta os dois
[2016-08-09 23:11:16] Eu vou ver se faço pelo modo alternativo que não preciso soldar
[2016-08-09 23:11:16] solda os fios da mesma cor
[2016-08-09 23:11:18] tá pronto
[2016-08-09 23:11:37] Bom, a santa agora só tem led
[2016-08-09 23:11:55] Eu não sou de SP :p
[2016-08-09 23:12:25] To ligado, mas a santa não te faz falta
[2016-08-09 23:12:52] Vai num cara que conserta celular, pede para ele fazer para vc
[2016-08-09 23:12:53] Faz velho.. Eu moro em interior e aqui conseguir as coisas são bem complicadas
[2016-08-09 23:13:12] Cara, santa só tem LED agora
[2016-08-09 23:13:27] Já chegou o natal lá foi? Haha
[2016-08-09 23:13:35] Zuado
[2016-08-09 23:13:58] Paflon, refletor e lâmpada, tudo de LED ...
[2016-08-09 23:14:31] Vixi
[2016-08-09 23:15:19] E o preço do ML anda melhor tb, mesmo com frete
[2016-08-09 23:17:25] Se tiver indicação de um vendedor agradeço
[2016-08-09 23:24:05] Eu compro cada hora de um sujeito, uso mercado pago e nunca deu xabu
[2016-08-09 23:32:05] Ok
[2016-08-09 23:34:23] Sou comprador Gold lá, então vos fala a voz da experiência
[2016-08-09 23:34:27] ;)
[2016-08-09 23:34:39] Tranquilo ✌🏼️
[2016-08-09 23:42:51] Xingar muito no Twitter
[2016-08-09 23:44:52] Aí eu topo
[2016-08-09 23:50:59] Desculpa ao pessoal do Dojo. Não ia conseguir chegar antes das 21h. Então não fui. Deve ter sido bacana!
[2016-08-09 23:52:54] Bora xingar no Twitter follow me at @saraptt13
