[2017-04-19 06:56:51] Não lembro de nenhum script pronto para isso, mas você deixou muito vago, tipo, qual o banco de dados, que tipo de consulta precisa fazer, etc...

Eu usaria o Termux para rodar o PHP direto no Android (também o uso com o Python).
[2017-04-19 07:04:42] Conheço uns de Data Science com Python:
@datasciencepython
@ScipySP
[2017-04-19 07:08:37] Mais fácil encontrar o DQ no nosso grupo do Google:
https://groups.google.com/forum/#!forum/hackerspacesp

PS: Também sou fã desse cara...
[2017-04-19 08:01:29] Bom dia pessoALL
[2017-04-19 08:05:06] photo: /home/felipe/devel/github_tvdstaaij/telegram-history-dump/output/media/Garoa_Hacker_Clube_(Público)/download_803119010_39000.jpg
[2017-04-19 08:23:23] Valeu Fabricio....
[2017-04-19 08:47:43] Não conheço, mas podemos montar agahhahha
[2017-04-19 08:48:05] Ta de sacanagem? Só estou na sombra, sempre estou aqui!
[2017-04-19 08:49:03] Esses q ele falou são os unicos que eu conheço
[2017-04-19 08:49:15] Tem um grupo no face sobre deep learning
[2017-04-19 09:57:07] photo: /home/felipe/devel/github_tvdstaaij/telegram-history-dump/output/media/Garoa_Hacker_Clube_(Público)/download_803113180_39381.jpg
[2017-04-19 09:57:19] #Partiu implantar, @eduoda ?
[2017-04-19 11:39:05] document: /home/felipe/devel/github_tvdstaaij/telegram-history-dump/output/media/Garoa_Hacker_Clube_(Público)/download_61206384934388060.webp
[2017-04-19 11:49:30] @eduoda BTW: acho que descolei um fornecedor para implantes biomagneticos... Anima? rs
[2017-04-19 11:50:43] quero!
[2017-04-19 11:50:52] cara, animo
[2017-04-19 11:54:28] to cotando... logo teremos uma resposta
[2017-04-19 11:54:39] \o/
[2017-04-19 13:08:55] Demoro heinnnnn
[2017-04-19 13:09:06] Seiiiiii ahhahahaha
[2017-04-19 13:09:26] Aquele do outro grupo!?
Eu vou fazer
[2017-04-19 13:12:02] Qual que é mano!?
[2017-04-19 13:53:51] #Dica
A Novatec Editora começou a vender livros seminovos online, através da loja da Amazon.

São livros que costumam ser recolhidos por conter pequenas avarias, mas que costumam ainda estar com uma qualidade excelente, porém muito mais baratos.

https://www.amazon.com.br/gp/aag/main/ref=olp_merch_name_1?seller=AXVVWO2GPSVBV
[2017-04-19 13:54:45] que bela dica!
[2017-04-19 13:59:08] :o
[2017-04-19 14:08:36] pow valeu pela info, vou ficar mais de olho nos semi usados
[2017-04-19 14:09:45] pinned the message
[2017-04-19 14:11:26] Valeu @Biazzotto
[2017-04-19 14:13:10] document: /home/felipe/devel/github_tvdstaaij/telegram-history-dump/output/media/Garoa_Hacker_Clube_(Público)/download_120138932577894469.webp
[2017-04-19 16:36:13] Boa! Vamos fazer um install fest na Bsides ! 😁
[2017-04-19 16:36:45] haahahahah
[2017-04-19 16:37:03] Vai ter Live de implante de BioChip na BSides!
[2017-04-19 16:37:55] O @paul1st4rd0x vai ser a cobaia! rs
[2017-04-19 16:40:30] Manoooooo acho que sim heinnnn
[2017-04-19 16:40:38] Preciso ver as financeiras hahahah
[2017-04-19 16:44:19] Olhaaaaaaa que vamos heinnn
[2017-04-19 16:57:48] https://t.me/PyMachineLearningBR
[2017-04-19 16:57:53] tem esse ai tbm ;)
[2017-04-19 16:58:22] Super obrigado!!!!
[2017-04-19 16:58:26] ;) disponha
[2017-04-19 17:58:43] eu quero um implante magnético \o/
[2017-04-19 18:04:57] Tamo trabalhando nisso... #KeepCalm
[2017-04-19 18:05:06] me da um de presente de aniversario 0/
[2017-04-19 18:05:11] hihihi
[2017-04-19 18:05:37] Implante? Dou...
[2017-04-19 18:06:19] Só não garanto no aniversário, pq são importados, demoram para chegar, to cotando o revestimento no Brasil ao inves de comprar revestido
[2017-04-19 18:06:24] então, ainda vai demorar
[2017-04-19 18:06:44] geral entrando no garoa de implante
[2017-04-19 18:06:47] 😍
[2017-04-19 18:06:56] também quero o meu de aniversário atrasado poxa
[2017-04-19 18:07:14] hauhauhauhaua
[2017-04-19 18:07:24] No prox aniver? rs
[2017-04-19 18:07:49] ué, pode ser :p
[2017-04-19 18:07:56] Só que o imã é BEM mais invasivo o procedimento...
[2017-04-19 18:08:06] é um corte com bisturi, de fato
[2017-04-19 18:08:34] tô ligada.. foi um cara com um desses no garoa uma vez
[2017-04-19 18:17:47] Isso da ruim em aeroporto não?
[2017-04-19 18:29:27] não deveria
[2017-04-19 18:29:46] a quantidade de metal é irrisoria pra ser pega no detector
[2017-04-19 18:30:04] onde pode "dar ruim" é em resonancia magnetica
[2017-04-19 18:30:24] o ima, não o chip
[2017-04-19 18:30:32] o chip aparece como uma bola preta
[2017-04-19 18:30:54] o imã, reza a Lenda Urbana, pode ser arrancado do seu dedo
[2017-04-19 18:31:04] somente com o magnetico né?
[2017-04-19 18:31:08] meu amigo tem um implante magnético @mynameiserin
[2017-04-19 18:31:08] document: /home/felipe/devel/github_tvdstaaij/telegram-history-dump/output/media/Garoa_Hacker_Clube_(Público)/download_5166144190144315395
[2017-04-19 18:31:18] nao reza, pode msm
[2017-04-19 18:31:33] mas eh feito pra ser implatado num lugar q nao de pra isso
[2017-04-19 18:32:06] esse é uma tag de nfc
[2017-04-19 18:32:13] que é um adesivo acho
[2017-04-19 18:32:27] é muito legal, ele nasceu diabético haha isso ajudou para caramba!
[2017-04-19 18:32:46] não é adesivo. é implantado
[2017-04-19 18:32:54] é, vdd
[2017-04-19 18:32:58] pq tem que ter contato com o sangue para medir a glicemia
[2017-04-19 18:32:59] é implantado para ver o sangue
[2017-04-19 18:33:01] sim
[2017-04-19 18:33:35] Na vdd nem tanto, tão melhorando a tecnologia para ver a partir da pele no sangue com IR, mas é uma coisa muito nova que tá para surgir e trabalhar ainda
[2017-04-19 18:34:23] glicemia? Sei disso para oxigenação e pulsação
[2017-04-19 18:34:37] acho que glicemia ainda é da forma "convencional"
[2017-04-19 18:34:45] Tem pesquisa para caramba nisso, tão tentando
[2017-04-19 18:34:51] Sim, por enquanto sim
[2017-04-19 18:35:24] ah, achei que já estava "disponivel"
[2017-04-19 18:35:56] o mais perto é aquela tatuagem que estão querendo fazer parecida com aquela do MIT
[2017-04-19 18:36:00] tão meio que testando
[2017-04-19 18:36:11] photo: /home/felipe/devel/github_tvdstaaij/telegram-history-dump/output/media/Garoa_Hacker_Clube_(Público)/download_803721488_108817.jpg
[2017-04-19 18:36:24] Pô, tinha um cara que apareceu no Garoa algumas vezes que tava estudando IR (ou UV, não lembro), para alivio da dor
[2017-04-19 18:37:01] Marcelo o nome dele... PhD em Fisica pelo MIT ou Havard
[2017-04-19 18:37:07] Gente finissima
[2017-04-19 18:39:46] Beleza, obrigado
[2017-04-19 19:28:25] quase peguei estágio no ipen na usp desenvolvendo firmware pra essa mesma coisa, mas já tinha outro trampo na época :p
[2017-04-19 19:28:39] chama brightmed a startup lá
[2017-04-19 19:29:04] Essa mesma
[2017-04-19 19:29:16] ha
[2017-04-19 19:55:42] Fui procurar um exemplo de um código em Python que converte HTML para Markdown, para um bot que estou desenvolvendo... caí no GitHub do Aaron Swartz...
[2017-04-19 19:56:21] http://www.github.com/aaronsw/html2text
[2017-04-19 19:56:57] 👍
