[2017-07-22 01:12:55] photo: /home/felipe/devel/github_tvdstaaij/telegram-history-dump/output/media/Garoa_Hacker_Clube_(Público)/download_803117590_96355.jpg
[2017-07-22 01:12:59] Spammer removido do grupo.
[2017-07-22 01:16:07] 😂
[2017-07-22 02:57:32] pai nerd com filho nerd dá nisso:
https://www.youtube.com/watch?v=DvH8TBriHGw
[2017-07-22 03:06:50] Fantástico Prof! Muito bom!
[2017-07-22 12:20:46] Caramba, nd de adaptador pra lapdock na santa Ifigênia
[2017-07-22 13:03:08] Rodrigo joined
[2017-07-22 13:03:09] Hi Rodrigo !
[2017-07-22 13:16:32] Eu fui 1 vez, gostei bastante. Na época eu emendei com férias, então fiquei um período longo. O ruim é que o evento é bem na semana entre o natal e ano novo, por isso os preços são altos
[2017-07-22 15:32:21] O garoa está aberto
[2017-07-22 15:33:02] Estou planejando estar até às 18h mais ou menos
[2017-07-22 16:03:03] Flávio Kubo joined
[2017-07-22 16:03:04] Hi Flávio !
[2017-07-22 16:09:34] Uma pequena "intro a eletrônica digital para programadores" teria gente interessada?
[2017-07-22 16:13:14] Comprei cola quente para o garoa, estava acabando
[2017-07-22 16:13:22] photo: /home/felipe/devel/github_tvdstaaij/telegram-history-dump/output/media/Garoa_Hacker_Clube_(Público)/download_803112082_102991.jpg
[2017-07-22 16:38:56] Legal eu tennho uma cola quente que brilha no escuro. Não testei ainda. Vou usar no proxim halloween :) Só não sei em qual pistola ela serve. Qual a bitola normal?
[2017-07-22 23:09:40] photo: /home/felipe/devel/github_tvdstaaij/telegram-history-dump/output/media/Garoa_Hacker_Clube_(Público)/download_804206504_98547.jpg
[2017-07-22 23:12:10] photo: /home/felipe/devel/github_tvdstaaij/telegram-history-dump/output/media/Garoa_Hacker_Clube_(Público)/download_804206368_99159.jpg
[2017-07-22 23:12:15] Reality-check!
[2017-07-22 23:26:50] photo: /home/felipe/devel/github_tvdstaaij/telegram-history-dump/output/media/Garoa_Hacker_Clube_(Público)/download_804206486_100477.jpg
