[2017-12-06 00:29:52] @wmoecke conseguiu ver os vídeos slc?
[2017-12-06 01:35:06] Shitting bricks 😂
[2017-12-06 02:41:26] ywrobot é uma empresa da china que faz coisas de eletrônica. esse da foto é um regulador 5v/3.3v pra protoboard, joga direto nos power rails dos lados. bem útil
[2017-12-06 02:43:58] https://produto.mercadolivre.com.br/MLB-687620758-fonte-ajustavel-protoboard-33v5v-arduino-pic-arm-avr-mcu-_JM
[2017-12-06 07:40:17] https://tecnologia.uol.com.br/noticias/bbc/2017/12/05/por-que-algumas-pessoas-conseguem-escutar-este-gif-silencioso.htm
[2017-12-06 08:15:12] Okay, pensei que era esquizofrenico... (Se bem que a matéria não exclui isso... rs)
[2017-12-06 08:34:14] rsrsrs, eu escuto nitidamente
[2017-12-06 08:35:47] Eu não escuto, mas sinto a "onda de choque"
[2017-12-06 08:36:33] Tanto nesse como em um outro que é uma chaminé de uma usina sendo demolida
[2017-12-06 08:56:06] Área 31 é câncer...
[2017-12-06 09:05:14] K K K
[2017-12-06 09:09:42] Pessoas nos comentários sugerindo que coloquem o GIF pra cegos pra ver se eles ouvem algo
[2017-12-06 09:10:18] rsrsrs, a zueira é um intervalo entre dois números
[2017-12-06 09:17:39] Na verdade estou assistindo, sou iniciante no Mundo dos circuitos, arduinos e afins hehehe. O instrutor é o Helder Rocha, grande cara ....
[2017-12-06 09:19:46] Que legal. Conheci meio rápido só o Helder, parece muito bacana.
[2017-12-06 09:20:28] Merci, Erin! Super útil.
[2017-12-06 09:20:41] o site dele : http://eletronicaparaartistas.com.br
[2017-12-06 09:21:09] 👍
[2017-12-06 09:21:17] estou cursando no Sesc - SP, eles estão com um iniciativa de todos os meses promoverem cursos básicos na area
[2017-12-06 09:22:28] Se tudo der certo, em janeiro a Monica Rizzolli e eu vamos dar um curso de programação com Processing para as artes visuais lá no 24 de maio.
[2017-12-06 09:23:44] Na última terça-feira do mês rola um encontro de arte e programação no Garoa. Em dezembro não vai ter mas voltamos em janeiro.
[2017-12-06 09:23:44] 👍👍👍👍👍
[2017-12-06 09:24:02] 😊
[2017-12-06 09:25:36] https://garoa.net.br/wiki/Noite_de_Processing
[2017-12-06 09:26:58] https://spaceflightnow.com/2017/12/05/spacex-crs-13-launch-preps/
[2017-12-06 09:27:55] Preparação para re-inauguração da base LC40 de Cabo Canaveral concluindo as reformas após a explosão de um Falcon 9 no ano passado.
[2017-12-06 09:45:40] https://i.blogs.es/1abc1b/keystick_large/1366_2000.jpg
[2017-12-06 09:46:09] 😍
[2017-12-06 09:51:32] Style
[2017-12-06 10:55:06] Dev de IoS e/ou Android... se quiserem algum trampo, me avisem inbox
[2017-12-06 11:06:05] Freela?
[2017-12-06 11:06:32] CLT
[2017-12-06 11:06:59] Oh boy...
[2017-12-06 11:21:50] Eu ouço... mas no meu caso, não vale, né, hahahaha...
[2017-12-06 11:48:14] rsrsrsrs
[2017-12-06 11:51:33] 👍
[2017-12-06 11:52:28] https://en.wikipedia.org/wiki/Hans-Hermann_Hoppe Oh boy...
[2017-12-06 13:04:01] https://www.engadget.com/2017/12/05/researchers-3d-print-wifi-connected-objects-no-power/#ampshare=https://www.engadget.com/2017/12/05/researchers-3d-print-wifi-connected-objects-no-power/
[2017-12-06 13:33:22] bora aprender .... https://www.instructables.com/class/Arduino-Class/
[2017-12-06 14:22:52] document: /home/felipe/devel/github_garoa/Telegram_logs_Garoa_Hacker_Clube_Publico/media/Garoa_Hacker_Clube_(Público)/download_4990524072627535960.png
[2017-12-06 16:17:29] Daiane Alves joined
[2017-12-06 16:17:30] Hi Daiane Alves !
[2017-12-06 16:27:45] Olar, alguem pode me incluir no grupo de cerveja @tiagonaoexiste, obrigado
[2017-12-06 17:55:55] Gente, o status do garoa está como aberto, mas não vi atividade marcada lá hoje. Não sei se você errado, mas vocês sabem o que está tendo lá hoje?
[2017-12-06 18:00:24] é comum associados irem pro clube independentemente de ter atividade agendada
[2017-12-06 18:00:34] se alguém abrir a porta, o status indica
[2017-12-06 18:05:12] Ah ok! So pra saber, mesmo! Obrigado!
[2017-12-06 18:09:06] Erik Lacerda joined
[2017-12-06 18:10:09] Hi Erik !
[2017-12-06 18:12:04] O sr. está no grupo.
[2017-12-06 18:13:28] Galera, quem tiver interesse em participar, por favor se manifeste
[2017-12-06 18:38:10] Olá pessoal, ainda não conheci o garoa e queria visitar num evento ou num encontro sobre bitcoin
[2017-12-06 18:39:28] Faz um evento sobre bitcoin e organiza ele e pede pra algum associado abrir
[2017-12-06 18:39:42] Alguém sabe se vai ter alguma coisa essa semana ou na próxima? Vi que estava rolando palestra, li tbm alguma coisa sobre bots de trade
[2017-12-06 18:39:44] Muita gente aqui não entende como funciona um hackerspace
[2017-12-06 18:40:22] Se não tiver no garoa.net.br
[2017-12-06 18:40:28] E nem nada sendo falado na lista de email
[2017-12-06 18:40:32] Não tá rolando nada
[2017-12-06 18:40:39] Aí é a oportunidade de fazer algo
[2017-12-06 18:41:20] Aí, @lvido, tu que é Ancap, poderia dar uma Palestra de BTC pra Geral, hein? rs
[2017-12-06 18:42:05] Não sou nenhum expert mais posso falar alguma coisa
[2017-12-06 18:42:36] Eh expert aim, ta lucrando pra poha
[2017-12-06 18:42:37] Escolhe um dia: Terça ou Quinta após as 19h
[2017-12-06 18:42:37] Fechou
[2017-12-06 18:42:42] Sabe td de gráficos
[2017-12-06 18:42:53] Sabe de bots, de investimentos
[2017-12-06 18:43:10] Queria ser manjão como essa galera aí
[2017-12-06 18:43:28] Acho que vocês estão falando da pessoa errada kkkk
[2017-12-06 18:44:04] Queria ser manjão q nem o Vido e seus amigos
[2017-12-06 18:45:06] Tira o corpo fora não!
[2017-12-06 18:50:36] document: /home/felipe/devel/github_garoa/Telegram_logs_Garoa_Hacker_Clube_Publico/media/Garoa_Hacker_Clube_(Público)/download_532583731479753484.mp4
[2017-12-06 18:50:38] document: /home/felipe/devel/github_garoa/Telegram_logs_Garoa_Hacker_Clube_Publico/media/Garoa_Hacker_Clube_(Público)/download_532579213174118887.mp4
[2017-12-06 18:53:13] document: /home/felipe/devel/github_garoa/Telegram_logs_Garoa_Hacker_Clube_Publico/media/Garoa_Hacker_Clube_(Público)/download_4949721367919460360.mp4
[2017-12-06 19:03:41] Bora aproveitar o gancho, BlackBlockChain sobre bots na proxima quarta feira a partir das 19h
[2017-12-06 19:23:04] Aí, seus usuários de Bitcão...
[2017-12-06 19:23:04] Dear NiceHash users!

Unfortunately, there has been a security breach involving NiceHash website. We are currently investigating the nature of the incident and, as a result, we are stopping all operations for the next 24 hours.

Importantly, our payment system was compromised and the contents of the NiceHash Bitcoin wallet have been stolen. We are working to verify the precise number of BTC taken.
 
Clearly, this is a matter of deep concern and we are working hard to rectify the matter in the coming days. In addition to undertaking our own investigation, the incident has been reported to the relevant authorities and law enforcement and we are co-operating with them as a matter of urgency. 

We are fully committed to restoring the NiceHash service with the highest security measures at the earliest opportunity.

We would not exist without our devoted buyers and miners all around the globe. We understand that you will have a lot of questions, and we ask for patience and understanding while we investigate the causes and find the appropriate solutions for the future of the service. We will endeavour to update you at regular intervals.

While the full scope of what happened is not yet known, we recommend, as a precaution, that you change your online passwords.

We are truly sorry for any inconvenience that this may have caused and are committing every resource towards solving this issue as soon as possible.
[2017-12-06 19:24:28] Pwnaram o NiceHash?
[2017-12-06 19:24:46] Vish
[2017-12-06 19:26:56] 😱
[2017-12-06 19:37:34] https://www.coindesk.com/62-million-gone-cryptocurrency-mining-market-nicehash-hacked/
[2017-12-06 19:48:07] O pessoal daqui acha melhor deixar as BTC em Exchange ou consigo? Considerando isso, MtGox, Bitfinex e também os perigos de se ter consigo as moedas.
[2017-12-06 19:56:25] Exchange! Com certeza! #SQN
[2017-12-06 20:24:04] ␀ joined
[2017-12-06 21:06:07] document: /home/felipe/devel/github_garoa/Telegram_logs_Garoa_Hacker_Clube_Publico/media/Garoa_Hacker_Clube_(Público)/download_50945793963590126.webp
[2017-12-06 21:12:59] Está rolando um remember do pokemon do game boy heheheh
[2017-12-06 21:13:13] Deixa comigo que eu cuido. Mais seguro
[2017-12-06 21:13:59] Estava pensando em fazer um implementação QnD de uma blockchain. Seria legal
[2017-12-06 21:14:26] No dia 14 ou 21
[2017-12-06 21:22:14] photo: /home/felipe/devel/github_garoa/Telegram_logs_Garoa_Hacker_Clube_Publico/media/Garoa_Hacker_Clube_(Público)/download_804728543_67397.jpg
[2017-12-06 22:34:47] https://twitter.com/SpaceX/status/938510889484828673
[2017-12-06 23:17:02] http://dilbert.com/strip/2017-12-05
[2017-12-06 23:17:20] Pq será que as pessoas são invadidas? :v
[2017-12-06 23:19:20] O discurso do Tiririca hoje fornece um momento único de ouvir algo de verdade de brasilia https://www.youtube.com/watch?v=72clTvMSwhY
[2017-12-06 23:22:28] vamos fazer? https://hypescience.com/areia-liquida-como-fazer/
[2017-12-06 23:34:26] Ele usou Maizena
[2017-12-06 23:57:41] como ganhar bitcoins bem rapido:
faça um investimento foda em sistema de carteiras virtuais
espere uns 3 anos.
diga que foi hackeado
[2017-12-06 23:58:03] Hahahahahahhaaaha
