[2017-09-02 00:47:38] Saulo Tasso joined
[2017-09-02 00:47:39] Hi Saulo !
[2017-09-02 09:57:42] engenharia social... http://waves.terra.com.br/waves/colunas/fernando-costa-netto/edu-martins-morreu#.WalnLdTtY6Q.facebook
[2017-09-02 10:22:54] "É uma pena. Eu gostava desse filho da puta."
[2017-09-02 10:25:06] Se existisse Engenharia Antissocial, eu me daria bem
[2017-09-02 11:10:31] rsrsrs
[2017-09-02 12:07:01] Bom dia, garoa tá aberto já?
[2017-09-02 12:07:20] Hayitam added JoeDeep
[2017-09-02 12:07:21] Hi JoeDeep. !
[2017-09-02 12:07:54] Hi...
[2017-09-02 12:08:06] Eae pessoal.
[2017-09-02 12:38:35] Eae
[2017-09-02 12:39:52] tudo bem?
[2017-09-02 12:45:21] eu 1/578 parte daqui sim, tudo blz! 😜
[2017-09-02 12:46:54] 2/578 bem
[2017-09-02 12:48:40] document: /home/felipe/devel/github_tvdstaaij/telegram-history-dump/output/media/Garoa_Hacker_Clube_(Público)/download_1842540969984066.webp
[2017-09-02 12:57:08] 3/578 comigo. 👍
[2017-09-02 14:20:00] Johann joined
[2017-09-02 14:20:00] Hi Johann !
[2017-09-02 15:18:32] Alguém por ai no garoa?
[2017-09-02 15:23:50] Claudio Minhoto joined
[2017-09-02 15:23:53] Hi Claudio !
[2017-09-02 15:33:53] interessante
[2017-09-02 17:35:56] Aparecemos no garoa mas estava fechado.
[2017-09-02 17:40:30] Caros boa tarde , estou com um Motorola Atrix, alguém conhece alguma atualização como Android 4 para ele que seja estável? (Para poder usar o telegram nele)
[2017-09-02 18:37:38] Hi Jack
[2017-09-02 18:43:04] Dá uma olhada aqui: https://forum.xda-developers.com/atrix-4g/development/ Pelo jeito a ultima coisa que saiu pra ele foi Cyanogen 11 (android 4.4). Acho dificil suportar coisa mais nova.
[2017-09-02 18:44:09] Opa obrigado , dei uma consultada no XDA, mas fiquei com dúvida quanto a quais estão estáveis (se é que tem alguma estável)
[2017-09-02 18:44:28] heeh, aí tem que dar uma lida nos comentários lá mesmo. :)
[2017-09-02 18:44:31] Vou ler o link que mandou , se alguém mais tiver alguma informação fico grato.
[2017-09-02 18:45:16] Sim , passei a última semana pesquisando e ainda não cheguei a conclusão que qual está ao menos bem funcional.
[2017-09-02 18:45:24] 'é, parece que tem rom com android 5, mas tb não sei se é estavel
[2017-09-02 18:49:50] Sim , vi também , mas parece que é só o básico que ficou funcional, pela descrição da ROM.
[2017-09-02 20:57:43] Joe, precisa consultar o status do Garoa no site antes de ir, para saber se está aberto.
[2017-09-02 20:59:19] Está certo amigo... Então na próxima vamos dar uma olhada no site.
[2017-09-02 21:00:34] Tentou usar algum cliente alternativo?

As vezes é compatível com versões anteriores do Android.

Tenta esse aqui, por exemplo:
https://play.google.com/store/apps/details?id=org.thunderdog.challegram

Ou tenta o cliente oficial, compilado sem suporte ao Google Play Services:
https://f-droid.org/app/org.telegram.messenger
[2017-09-02 21:00:49] 👍
