[2017-08-03 08:43:32] http://avant.org/project/zero-one/
[2017-08-03 09:48:29] Galera, alguem conhece alguma loja loja de componentes eletronicos na zona sul para indicar?
[2017-08-03 10:53:23] Não serve na Santa Ifigenia?
[2017-08-03 10:53:54] No wiki do Garoa tem uma boa lista de lojas (online e fisicas): https://garoa.net.br/wiki/Lojas
[2017-08-03 11:07:51] Legal, nao tinha visto essa parte da wiki ainda . . . Eu ia ate pegar online mas quando o valor do frete e mais caro que a mercadoria desanina
[2017-08-03 11:08:01] Vlw :)
[2017-08-03 11:08:40] é, pra comprar um CI só não vale a pena, mas loja física tb costuma ser mais caro. E não tem muitas lojas físicas de componente...
A mais conhecida é a multi eletronicos lá na Santa. E nem sempre econtra as coisas por lá.
[2017-08-03 11:30:53] Eu tava maos atras de led rgb, relé, e essas coisas
[2017-08-03 11:31:02] Ai e mais facil
[2017-08-03 13:54:15] https://mamedev.emulab.it/haze/2017/07/17/ds5002fp-dumping/
[2017-08-03 13:56:06] http://www.afdelingp.dk/files/articles/ds5002fp/ds5002fp.pdf
[2017-08-03 15:41:01] Segurança da Informação
[2017-08-03 16:14:08] vejamos no que dá esse lance... felipejucasanches.Sarahah.com
[2017-08-03 17:32:41] photo: /home/felipe/devel/github_tvdstaaij/telegram-history-dump/output/media/Garoa_Hacker_Clube_(Público)/download_804206006_109301.jpg
[2017-08-03 17:32:50] photo: /home/felipe/devel/github_tvdstaaij/telegram-history-dump/output/media/Garoa_Hacker_Clube_(Público)/download_803118790_107085.jpg
[2017-08-03 17:33:03] photo: /home/felipe/devel/github_tvdstaaij/telegram-history-dump/output/media/Garoa_Hacker_Clube_(Público)/download_4909074175387238413.mp4
[2017-08-03 17:33:06] photo: /home/felipe/devel/github_tvdstaaij/telegram-history-dump/output/media/Garoa_Hacker_Clube_(Público)/download_803119870_106516.jpg
[2017-08-03 17:33:13] photo: /home/felipe/devel/github_tvdstaaij/telegram-history-dump/output/media/Garoa_Hacker_Clube_(Público)/download_803113518_106218.jpg
[2017-08-03 17:33:14] photo: /home/felipe/devel/github_tvdstaaij/telegram-history-dump/output/media/Garoa_Hacker_Clube_(Público)/download_803111482_134442.jpg
[2017-08-03 17:57:18] Onde isso?
[2017-08-03 18:02:51] Quem vai no garoa hoje?
[2017-08-03 18:07:30] Pretendo
[2017-08-03 18:15:47] Europa. SHA2017
[2017-08-03 18:18:46] Tem um nome técnico os links maliciosos que sequestram o facebook e se replicam por mensagens de facebook?
[2017-08-03 18:21:00] fishing talvez ?
[2017-08-03 18:23:30] Phishing é mais broadcast, não tem esse elemento de replicação pelo alvo
[2017-08-03 18:24:54] Worm  eu diria que tem que ter um 'payload' executável (especulando, não manjo de infosec)
[2017-08-03 18:27:46] O elemento de enganar você e fazer clicar no link lembra phishing, mas a técnica de replicação queria saber se tem um nome específico
[2017-08-03 18:33:19] Normalmente o pessoal faz um spam com alguma mensagem de email para convencer a vítima a clicar num link ou abrir um arquivo malicioso
[2017-08-03 18:35:13] no fim é tudo mero detalhe de nomenclatura
[2017-08-03 19:10:52] Galera, meui offtopic. Peguei um cachorro na rua e estou procurando um dono para ele. Por enquanto o nome dele é Anon. Já levei ele no veterinário e está vacinado: https://photos.google.com/photo/AF1QipPgc8z6v_OvRQbT_pzMjyFb_2mOjEU3VrIyzirU
[2017-08-03 19:11:57] photo: /home/felipe/devel/github_tvdstaaij/telegram-history-dump/output/media/Garoa_Hacker_Clube_(Público)/download_803116584_106832.jpg
[2017-08-03 19:23:29] Galera, quem tiver indo pro garoa via faria lima cuidado, ta tendo protesto
[2017-08-03 19:23:54] Vlw
[2017-08-03 19:24:07] photo: /home/felipe/devel/github_tvdstaaij/telegram-history-dump/output/media/Garoa_Hacker_Clube_(Público)/download_803113318_108630.jpg
[2017-08-03 19:24:11] Pararo a avenida
[2017-08-03 19:47:17] Galera, Garoa ta aberto, chatbots night começando
[2017-08-03 19:47:21] Sim, o status n ta funfando
[2017-08-03 20:09:20] Vamos para la no protesto
[2017-08-03 20:13:09] document: /home/felipe/devel/github_tvdstaaij/telegram-history-dump/output/media/Garoa_Hacker_Clube_(Público)/download_560220067913007742.webp
[2017-08-03 20:14:32] @W0rk3r eh Bot?
[2017-08-03 20:17:07] Atualmente não tenho a resposta, por favor me ensine a resposta em @w0rk3rbot
Obrigado!
[2017-08-03 20:19:09] document: /home/felipe/devel/github_tvdstaaij/telegram-history-dump/output/media/Garoa_Hacker_Clube_(Público)/download_422091437182550070.webp
[2017-08-03 20:51:47] photo: /home/felipe/devel/github_tvdstaaij/telegram-history-dump/output/media/Garoa_Hacker_Clube_(Público)/download_803118730_108184.jpg
[2017-08-03 20:51:51] photo: /home/felipe/devel/github_tvdstaaij/telegram-history-dump/output/media/Garoa_Hacker_Clube_(Público)/download_803113085_107799.jpg
[2017-08-03 20:51:57] document: /home/felipe/devel/github_tvdstaaij/telegram-history-dump/output/media/Garoa_Hacker_Clube_(Público)/download_5015054310187204618.pdf
[2017-08-03 20:52:02] Habemos cerva!
[2017-08-03 21:29:39] photo: /home/felipe/devel/github_tvdstaaij/telegram-history-dump/output/media/Garoa_Hacker_Clube_(Público)/download_803116681_107177.jpg
[2017-08-03 22:29:05] Rogério Latt joined
[2017-08-03 22:29:06] Hi Rogério Latt !
[2017-08-03 22:29:18] ...
[2017-08-03 23:29:37] http://www.cbsi.net.br/2017/08/jovem-que-parou-o-ataque-cibernetico-do-wannacry-e-preso-pelo-FBI.html?m=1
