[2018-02-04 00:17:05] photo: /home/felipe/devel/github_garoa/Telegram_logs_Garoa_Hacker_Clube_Publico/media/Garoa_Hacker_Clube_(Público)/download_806122916_35895.jpg
[2018-02-04 00:17:05] @StickInk Obrigado por ter feito esta cobertura
[2018-02-04 00:36:40] já estamos fazendo a camiseta do bloco chain aqui
[2018-02-04 00:36:57] só que o stencil é feito à mão
[2018-02-04 00:37:07] da pra tentar fazer um vetor a partir de foto de telefone
[2018-02-04 01:10:00] Parabéns a todos!!!!
[2018-02-04 01:10:18] Comandou @fernandoGuisso
[2018-02-04 01:18:24] Oe
[2018-02-04 01:40:29] Parabéns pro @fernandoGuisso pela organização e pelos corres todos e saudações pra todo mundo que passou pelo Dumont. Foi bem divertido comhecer gente nova (conversei bastante com o Anderson de Chapecó, será que ele tá por aqui?) e reencontrar os amigos! Até breve.
[2018-02-04 02:12:43] @andersonTomkelski
[2018-02-04 02:13:34] To sim, prazer imenso Daniel
[2018-02-04 10:13:14] Bom dia, tem alguem no garoa?
[2018-02-04 10:15:39] Se chegasse a tempo... Tentador hahaha
[2018-02-04 10:28:40] Se quiser um maçarico por 250 dólares eu te vendo um. Se botar mais 50 dólares até pinto de branco e preto e meto uns canos de PVC para ficar mais cool
[2018-02-04 10:37:18] O site mostra q está aberto.
Talvez já tenha alguém por lá arrumando o espaço p o churrasco de hj q vai acontecer a partir das 15h
[2018-02-04 10:40:15] O sensor não está funcionando, esqueceram de alterar o status para "fechado" quando fecharam o Garoa... não estou conseguindo ir lá para verificar o sensor, e ninguém o fez ainda...
[2018-02-04 10:45:10] Então, neste momento, o Garoa está aberto e fechado
[2018-02-04 10:45:58] Garoa de Schrödinger
[2018-02-04 11:06:02] Cuidado hj ao ir para o Garoa:
https://www1.folha.uol.com.br/cotidiano/2018/02/foliao-superlota-linha-4-do-metro-de-sp-e-provoca-sistema-de-emergencia.shtml
[2018-02-04 11:09:58] E de carro tbm  precisa dar um olé nos blocos, tem uns 2 que vão circular pela região
[2018-02-04 11:47:23] Opa, mais tarde tô no garoa!
[2018-02-04 12:00:48] hj é domingo
[2018-02-04 12:01:05] tem certeza que terá muito movimento na rua?
[2018-02-04 12:06:18] Movimento nao, blocos
[2018-02-04 12:13:38] A região do Garoa estava chaos total ontem. Hoje não será diferente.
[2018-02-04 12:18:33] Estou indo para o garoa, devo chegar umas 13h
[2018-02-04 12:25:24] blz
[2018-02-04 12:25:34] Opa...terá alguma atividade hj?
[2018-02-04 12:25:49] Talvez eu vá tbm 😀
[2018-02-04 12:29:23] photo: /home/felipe/devel/github_garoa/Telegram_logs_Garoa_Hacker_Clube_Publico/media/Garoa_Hacker_Clube_(Público)/download_806118149_36634.jpg
[2018-02-04 12:42:09] 15h
[2018-02-04 12:42:48] Estamos precisando ajuda pra preparar
[2018-02-04 12:42:59] Quem puder ir antes é legal
[2018-02-04 13:07:31] Pessoal... não consigo ir hoje no churrasco.  Acho que a pizza de ótima qualidade que estavam vendendo na campus não caiu bem
[2018-02-04 13:09:12] Melhoras! Estou na mesma situação, mas acho que foi o hambúrguer no meu caso
[2018-02-04 13:09:27] Tive 38C de febre ontem...
[2018-02-04 13:10:10] Já combinei com o Mitch, ele estará indo com dois outros amigos americanos, que moram em Shenzhen hj. Devem chegar pouco depois das 15h
[2018-02-04 13:12:17] Galera, a linha do metrô e a região de Pinheiros está normal ate o momento, sem bagunça e sem muita gente na rua  :)  (Torcendo pra continuar assim) rs
[2018-02-04 13:16:42] Eu estava pensando em ir mais cedo pra ajudar, mas, a fila de saída da campus não está permitindo
[2018-02-04 13:18:54] A região do largo de Pinheiros ate a praca Benedito Calixto está fechado só para pedestres e carnaval
[2018-02-04 13:19:13] Ônibus e carros só passam pela Rebouças
[2018-02-04 13:20:05] Teodoro Sampaio e cardeal Arcoverde parece que só da para passar caminhando
[2018-02-04 13:24:39] Gente, quais são os comes e bebes do churrasco?
[2018-02-04 13:33:42] Vocês ficam até que horas no garoa?
[2018-02-04 13:34:30] podemos ajudar
[2018-02-04 13:34:32] ja tem alguém
[2018-02-04 13:36:47] Nada de pendrive heinnnnn
[2018-02-04 13:41:04] eita
[2018-02-04 13:42:06] document: /home/felipe/devel/github_garoa/Telegram_logs_Garoa_Hacker_Clube_Publico/media/Garoa_Hacker_Clube_(Público)/download_627702366434493879.webp
[2018-02-04 13:42:30] estamos em uma galera aqui pra ajudar
[2018-02-04 13:42:49] só não temos nenhum associado kkk
[2018-02-04 13:43:42] Acho que já tem gente lá... mudaram o status para "aberto" manualmente...
[2018-02-04 13:44:44] isso foi ontem na noite
[2018-02-04 13:44:51] pelo menos que eu me lembre
[2018-02-04 13:44:58] mas o mike esta la sim
[2018-02-04 13:45:26] não chegou ainda
[2018-02-04 13:46:02] Carne, cerveja, refrigerante
[2018-02-04 13:47:28] O @michaelhoward9 não chegou ainda? 
Para entrar basta empurrar o portão, se tiver algum associado a porta de dentro estará aberta
[2018-02-04 13:47:36] Não, eu fechei ele manualmente e alguém abriu agora...
[2018-02-04 13:47:44] Provavelmente até tarde
[2018-02-04 13:48:36] Maravilha, então terei tempo 😄
[2018-02-04 13:51:20] Acabei de falar com a Gabi, e ela está no Garoa... algum associado deve ter aberto...
[2018-02-04 13:52:13] ela está comigo
[2018-02-04 13:52:16] na parte de fora
[2018-02-04 13:52:25] 😂
[2018-02-04 13:55:04] Estamos aqui fora
[2018-02-04 13:55:08] Pq nao chegou ninguém
[2018-02-04 13:56:08] photo: /home/felipe/devel/github_garoa/Telegram_logs_Garoa_Hacker_Clube_Publico/media/Garoa_Hacker_Clube_(Público)/download_804726795_101247.jpg
[2018-02-04 13:56:36] o Mike esta aqui
[2018-02-04 13:58:18] document: /home/felipe/devel/github_garoa/Telegram_logs_Garoa_Hacker_Clube_Publico/media/Garoa_Hacker_Clube_(Público)/download_150229821346022369.webp
[2018-02-04 14:48:37] O Mitch Altman disse que vem aí hoje a tarde
[2018-02-04 14:48:51] Falar de hackerspaces
[2018-02-04 15:50:58] Fala pro Manoel vir tb e melhoras ora vc
[2018-02-04 15:53:21] Thanks! Falei pra ele, mas acho que ele tem compromisso com a família. Não sei, talvez apareça por um tempo
[2018-02-04 17:08:43] Júlia Koole joined
[2018-02-04 17:12:44] Cheguei agora há pouco e as redondezas do Garoa estava tranquila
[2018-02-04 17:20:48] Estevão Caladan joined
[2018-02-04 17:21:57] photo: /home/felipe/devel/github_garoa/Telegram_logs_Garoa_Hacker_Clube_Publico/media/Garoa_Hacker_Clube_(Público)/download_806118350_36141.jpg
[2018-02-04 17:21:57] photo: /home/felipe/devel/github_garoa/Telegram_logs_Garoa_Hacker_Clube_Publico/media/Garoa_Hacker_Clube_(Público)/download_806117487_36365.jpg
[2018-02-04 17:21:57] photo: /home/felipe/devel/github_garoa/Telegram_logs_Garoa_Hacker_Clube_Publico/media/Garoa_Hacker_Clube_(Público)/download_806120785_36576.jpg
[2018-02-04 17:21:57] photo: /home/felipe/devel/github_garoa/Telegram_logs_Garoa_Hacker_Clube_Publico/media/Garoa_Hacker_Clube_(Público)/download_804724972_128753.jpg
[2018-02-04 17:21:57] photo: /home/felipe/devel/github_garoa/Telegram_logs_Garoa_Hacker_Clube_Publico/media/Garoa_Hacker_Clube_(Público)/download_806117751_35801.jpg
[2018-02-04 17:22:06] Garoa churrasker bombando
[2018-02-04 17:22:54] photo: /home/felipe/devel/github_garoa/Telegram_logs_Garoa_Hacker_Clube_Publico/media/Garoa_Hacker_Clube_(Público)/download_804726492_103553.jpg
[2018-02-04 17:22:54] photo: /home/felipe/devel/github_garoa/Telegram_logs_Garoa_Hacker_Clube_Publico/media/Garoa_Hacker_Clube_(Público)/download_806119811_36387.jpg
[2018-02-04 17:22:54] photo: /home/felipe/devel/github_garoa/Telegram_logs_Garoa_Hacker_Clube_Publico/media/Garoa_Hacker_Clube_(Público)/download_579971338312089676.webp
[2018-02-04 17:24:00] Vão ficar até que horas hoje?
[2018-02-04 17:36:30] 😉👌
[2018-02-04 17:36:46] Muito legal, gostaria de ter ido
[2018-02-04 17:39:18] thread https://twitter.com/BryceElder/status/959770192107601920
[2018-02-04 17:49:12] Churrasco de batata? o.O
[2018-02-04 18:15:23] O Mitch é veggie
[2018-02-04 18:15:40] Aaaah tah
[2018-02-04 18:43:12] To indo pro garoa
[2018-02-04 18:43:12] Chegando na Pinheiros já
[2018-02-04 18:48:38] Será que vocês não conseguem uma informação privilegiada do Mitch? Perguntar se convidaram ele para palestrar na CPBA 2?
[2018-02-04 19:37:46] Fábio, eu que convidei ele pra CPBR, vejo com ele se ele se interessa pela CPBA 2 ;)
[2018-02-04 19:38:24] Ele é mto de boa, se tiver agenda e acertarem passagem/hotel, bem capaz dele topar ;)
[2018-02-04 19:39:28] Se alguém quiser perguntar enquanto ele tá aí, faça!
[2018-02-04 19:55:59] E os custos foram da CPBR ou de seu grupo?
[2018-02-04 19:58:14] Eu contei pra ele da CPBR, perguntei se tinha interesse em vir visitar, ele disse que sim. Depois eu falei com o Thalis, ele falou com o Tonico e daí eles convidaram ele formalmente
[2018-02-04 19:59:15] Então sim, a CPBR pagou e colocou ele como palestrante margistral
[2018-02-04 20:38:57] Se puder fazer esse intermédio seria muito interessante.
[2018-02-04 20:39:31] Claro que o Mitch tinha que ser um margistral pelo que ele representa para a comunidade
[2018-02-04 21:12:08] Que papal aluminio é esse no hamburger? kkkkkk
[2018-02-04 21:12:22] gourmetizacao
[2018-02-04 21:15:58] Não dá pra largar os guris um minuto e fazem isso
[2018-02-04 21:17:57] Lel
[2018-02-04 21:39:32] Daora essa live! Vlw!
[2018-02-04 21:46:54] https://www.facebook.com/GaroaHC/videos/
[2018-02-04 21:47:20] mais intimista que isso impossivel
[2018-02-04 22:00:58] document: /home/felipe/devel/github_garoa/Telegram_logs_Garoa_Hacker_Clube_Publico/media/Garoa_Hacker_Clube_(Público)/download_532582924025914866.mp4
[2018-02-04 22:01:12] document: /home/felipe/devel/github_garoa/Telegram_logs_Garoa_Hacker_Clube_Publico/media/Garoa_Hacker_Clube_(Público)/download_532576850942128016.mp4
[2018-02-04 22:01:25] E tenho dito!
[2018-02-04 22:01:32] document: /home/felipe/devel/github_garoa/Telegram_logs_Garoa_Hacker_Clube_Publico/media/Garoa_Hacker_Clube_(Público)/download_804722781_125648.jpg
[2018-02-04 22:35:37] Ahauahauahaauaaha
[2018-02-04 23:45:19] photo
[2018-02-04 23:45:40] Mike Altman e Mitch Howard
[2018-02-04 23:51:27] Galera, não consegui ir ao churras =(  tive uns probleminhas haha
Mas venho falar meu muito obrigado pra todo mundo da bancada do Dumont que interagiu, trocou umas ideias e bagunçou comigo na campus haha

Obrigado mulekada do ctf, tamo junto!
Vlw galerinha de outros hackerspaces e localidades!
(Não lembro o nome de todo mundo pra marcar aqui, sorry!)
Vlw @anchisesbr @Gutemhc  @AllanTrindad @vrechson @Nemo666666
