[2017-02-09 00:08:58] Alô alô seus hackudos!! Acabei de escrever mais uma nova postagem com atualizações sobre os avanços recentes no projeto de pesquisa sobre "as entranhas" do computador Patinho Feio: https://forum.fiozera.com.br/t/resgate-historico-do-computador-patinho-feio-usp-1971/58/6
[2017-02-09 00:20:13] Quem vai no garoa hacker Camp ? https://garoa.net.br/wiki/Garoa_Hacker_Camp
[2017-02-09 00:26:10] A Yumi
[2017-02-09 00:26:52] Que massa
[2017-02-09 00:29:10] Tem árvore no local pra pendurar rede?
[2017-02-09 00:35:47] A Yumi
[2017-02-09 00:36:48] A Yumi
[2017-02-09 00:37:20] A Yumi !
[2017-02-09 01:01:47] A Yumi
[2017-02-09 08:49:45] Bom dia , 

Alguem trabalha ou sabe de vaga de estágio na área de desenvolvimento ?
[2017-02-09 09:49:46] https://telegram.me/vagastibr
[2017-02-09 09:49:51] galera posta várias lá
[2017-02-09 09:50:49] Obrigado
[2017-02-09 09:58:37] document: /home/felipe/devel/github_tvdstaaij/telegram-history-dump/output/media/Garoa_Hacker_Clube_(Público)/download_753733448681653049.webp
[2017-02-09 11:48:58] @Fabiohirano acho que alguém foi naquela palestra de como fazer stickers kkkk
[2017-02-09 12:00:18] Pessoal alguém sabe os trâmites para abrir PJ ... tem que ter nome limpo?  Quanto tempo leva?
[2017-02-09 12:08:02] Não precisa ter nome limpo, o processo depende do enquadramento fiscal da sua empresa (lucro real, presumido ou simples nacional) se for prestação de serviços e sua previsão de faturamento não ultrapasse 5K mês recomendo que abra um MEI, pode fazer isso sozinho através do site do MEI. Após isso faça um certificado digital e já estará pronto para emitir notas, outra dica é abrir uma conta exclusiva para sua empresa, não misturar seu faturamento com sua conta pessoa jurídica para não criar problemas no seu imposto de renda.
[2017-02-09 12:09:06] Sei que tem que ter contador e talz
[2017-02-09 12:09:33] No MEI você paga apenas o DAS que seria um imposto único no valor de 50 reais por mês e pode faturar até 5K mês ou 60K por ano.
[2017-02-09 12:09:46] Se for MEI não precisa de contador é super simples de gerenciar.
[2017-02-09 12:10:05] *6k mensal ou 60k anual
[2017-02-09 12:10:25] acesse https://app.qipu.com.br/
[2017-02-09 12:12:59] Eu sigo as regras do 60K anual até porque raramente faturo 5K mês (60.000 / 12 = 5.000) Tem meses que não passa de 3K outros chega a 5.2K só precisa tomar cuidado para não estourar os 60K dentro de um período de 12 meses.
[2017-02-09 12:13:40] De uma maneira geral é simples simples gerenciar sua MEI, não acho que precise de contador. Mas as contabilidades cobram super barato para fazer isso por você, em média R$
[2017-02-09 12:13:46] 50,00 por mês.
[2017-02-09 12:13:54] Troca de dados fiscais por facilidade ? .... Uhmm ... acho que não :p
[2017-02-09 12:18:21] Sei lá acho que isso é uma questão de opinião, pra mim não vejo problema a ferramente agiliza bastante o controle da empresa, claro que podemos desenvolver uma pessoal e etc. Mas em relação a confiança não acho que uma empresa que pratica crimes fiscais com dados de outras empresas consiga se manter no mercado por muito tempo. Meu pai é assim não usa cartões e vai ao banco todos os meses pagar suas contas pessoalmente em dinheiro vivo, pois não confia nos sistemas do banco rsrs. Enfim cada um é cada um!!
[2017-02-09 12:20:03] Em relação a MEI então rsrsrs já é super complicado abrir uma conta PJ em qualquer banco que seja como MEI, imagina conseguir um financiamento ou empréstimo (quase impossível).
[2017-02-09 13:05:11] This is how we take back control: from the bottom up | George Monbiot | Opinion | The Guardian
https://www.theguardian.com/commentisfree/2017/feb/08/take-back-control-bottom-up-communities
[2017-02-09 13:05:11] Texto interessante para pensar
[2017-02-09 16:20:35] Posso perguntar para que abrir PJ?
[2017-02-09 16:21:31] Em alguns casos específicos, vale a pena nem abrir PJ e se cadastrar como autônomo na prefeitura. Dá para emitir nota, e não paga nada e imposto nem de taxas. E, legalmente, várias atividades (principalmente intelectuais) não podem ser exercidas por MEI, embora muita gente o faça.
[2017-02-09 16:24:17] Estou sendo sondado por uma empresa que quer me contratar mas precisa que eu emita nf
[2017-02-09 16:24:28] Para emitir nf preciso de cnpj
[2017-02-09 16:24:43] Valeu pessoal esclareceu muito
[2017-02-09 16:24:59] autonomo emite NF, eu tenho feito isso
[2017-02-09 16:25:08] mei++
[2017-02-09 16:25:21] document: /home/felipe/devel/github_tvdstaaij/telegram-history-dump/output/media/Garoa_Hacker_Clube_(Público)/download_804202805_16729.jpg
[2017-02-09 16:25:53] Pelo MEI
[2017-02-09 16:26:23] mano
[2017-02-09 16:26:38] eu quero dar um tapa no sujeito que fez esses stickers do tintin
[2017-02-09 16:26:46] o cachorro dele não é transparente porra
[2017-02-09 16:26:50] document: /home/felipe/devel/github_tvdstaaij/telegram-history-dump/output/media/Garoa_Hacker_Clube_(Público)/download_58023844232823441.webp
[2017-02-09 16:26:53] Eu nao me enquadro no mei.
[2017-02-09 16:27:11] Kkkk
[2017-02-09 16:27:47] faço via prefeitura, agora me desculpe a ignorancia, mas nao sei q q eh MEI :)
[2017-02-09 16:28:39] diz a lenda, q se eu fizesse isso mtas vezes por ano, teria q ter um CNPJ . mas como eh bem eventual (2x por ano max) , to de boas via prefeitura
[2017-02-09 16:34:15] Não é verdade. MEI é uma coisa, autônomo é outra. Eu emito nota, eu não tenho MEI, nem pretendo ter.
[2017-02-09 16:34:35] É uma lenda, mesmo. Não tem nenhuma restrição.
[2017-02-09 16:36:31] O único inconveniente é que, se você não recolheu o limite do teto do INSS, o seu cliente teria que recolher para você. Como eu já recolho o teto, eu entrego uma carta dizendo que eu já recolho e que eles não devem fazer isso.
[2017-02-09 16:37:00] Até na Petrobras já contratamos autônomo via processo de licitação de pequenos valores.

Ele emitia Nota Fiscal como pessoa física, não tinha CNPJ.
[2017-02-09 16:41:11] E assim, eu não sou fiscal da receita nem nada, mas cabe lembrar ao pessoal aqui que "elaboração de programas de computadores", assim como outras atividades intelectuais,  são explicitamentes excluídas do MEI.
[2017-02-09 16:42:36] eu uso "instalação e manutenção de máquinas e equipamentos'
[2017-02-09 16:43:13] oficialmente meu cargo é 'feiticeira tecnológica', então...
[2017-02-09 17:35:10] tem animador de festa para mei
[2017-02-09 17:35:53] acho que o abdo tem uma com isso ;)
[2017-02-09 17:37:08] falando serio, o problema do nome sujo eh vc conseguir abrir conta bancaria para a empresa
[2017-02-09 17:37:52] abrir em empresa eh de boa
[2017-02-09 17:39:21] alias, nem precisa ter nome sujo para banco querer fuder sua vida...
[2017-02-09 17:40:54] photo: /home/felipe/devel/github_tvdstaaij/telegram-history-dump/output/media/Garoa_Hacker_Clube_(Público)/download_4965227359499190275.ogg
[2017-02-09 18:02:16] Verdade
[2017-02-09 18:28:04] Então... TEm uma "area cinza" aí!
Sou MEI, no Cadastro do MEI fiz como a @mynameiserin "instalação e manutenção de máquinas e equipamentos', mas, no portal de lançamento de nota da Prefeitura de SP, existe a opçõa de outras atividades como "criação e manutenção de páginas eletronicas", que é a categoria que sempre escolhi
[2017-02-09 18:28:35] Não tive problemas fiscais nesses 3 anos...
[2017-02-09 18:29:47] Show
[2017-02-09 18:40:02] A área cinza é que a prefeitura não se importa. Mas não é permitido pela lei.
[2017-02-09 18:40:09] Como recolhe os impostos?
[2017-02-09 18:41:42] pela prefeitura q cobra em funcao do valor da nota
[2017-02-09 18:42:13] Verdade to todo doido aqui
[2017-02-09 18:43:05] Imposto de renda a prefeitura não recolhe
[2017-02-09 18:43:35] Ai paga na hora de declarar?
[2017-02-09 18:43:35] imposto de renda é uma coisa, nota fiscal é outra. Imposto de renda é em funcao do quanto tu recebe no ano
[2017-02-09 18:43:51] complicado, ne? mas acho que nao eh permitido "pela sua interpretacao da lei"...
[2017-02-09 18:44:05] interpretacao com a qual concordo, btw
[2017-02-09 19:23:24] Carne leão
[2017-02-09 19:26:03] Nice
[2017-02-09 22:13:49] boa noite pra quem mija no garoa e não dá descarga
[2017-02-09 22:16:16] eitaaaaaa porra......
[2017-02-09 22:16:17] document: /home/felipe/devel/github_tvdstaaij/telegram-history-dump/output/media/Garoa_Hacker_Clube_(Público)/download_15405485050037102.webp
[2017-02-09 22:19:27] Eu dei descarga
[2017-02-09 22:32:04] foi bem depois de você sair
[2017-02-09 22:32:13] vi outras pessoas usando
[2017-02-09 22:37:46] Ufa
[2017-02-09 22:37:52] Hahaha
[2017-02-09 22:46:13] arduino para analisar PH e composição química da água e dar descarga automática
[2017-02-09 22:54:28] photo: /home/felipe/devel/github_tvdstaaij/telegram-history-dump/output/media/Garoa_Hacker_Clube_(Público)/download_803115349_3960.jpg
[2017-02-09 22:55:06] ou só proximidade mesmo
[2017-02-09 22:55:18] tipo aeroporto
[2017-02-09 23:14:12] https://m.facebook.com/story.php?story_fbid=1620816571262619&id=135284343149190 as definições de carma foram atualizadas
