[2017-04-16 00:02:24] Caramba, mt gente , parece até que passou um temporal no Garoa 😂😂
[2017-04-16 00:02:29] Parabéns
[2017-04-16 01:56:38] haha QQ, tentei usar uma vez, muito difícil confiar
[2017-04-16 03:44:15] https://github.com/fuzzbunch/fuzzbunch
[2017-04-16 03:44:16] fuzzbunch | fuzzbunch

NSA finest tool

Language: Python
Forks: 15
Stars: 18
Issues: 1
[2017-04-16 03:46:20] quien sabe, como en linux  a ver bssid de todos wifi?
[2017-04-16 03:47:49] iwlist scanning
[2017-04-16 03:49:01] muestra solo wifi que estoy conectado
[2017-04-16 03:49:26] grep Address mostra bssid
[2017-04-16 03:49:52] Interface doesn't support scanning.
[2017-04-16 03:52:54] antes yo encontre un codigo, y ahora no recuedo
[2017-04-16 03:56:30] iwlist wlan0 scan|grep -e Address -e ESSID
[2017-04-16 03:56:45] adaptando pode servir para vc
[2017-04-16 03:57:15] el muestra wifi que estoy oconectado, quiero ver address de todos wifi
[2017-04-16 04:00:08] ah gracias, yo apague wifi y el muestra todo jaja
[2017-04-16 04:00:12] a linha q passei vai mostrar todos que estãp ao alcance
[2017-04-16 04:01:11] se puede apagar wifi para el muestra todos adress y ESSID
[2017-04-16 12:49:17] Feliz dia internacional da Nestlé
[2017-04-16 13:36:50] document: /home/felipe/devel/github_tvdstaaij/telegram-history-dump/output/media/Garoa_Hacker_Clube_(Público)/download_858174108288942872.webp
[2017-04-16 13:37:42] http://www.anandtech.com/show/11268/amd-acquires-60ghz-ip-and-staff-from-nitero
[2017-04-16 13:42:35] /me@jackbot
[2017-04-16 13:42:36] Guru
You've sent 4 (0%) messages and this group has 26963 messages.
[2017-04-16 13:42:51] Guru
You've sent 5 (0%) messages and this group has 26964 messages.
[2017-04-16 13:43:08] /me@jackbot
[2017-04-16 13:43:09] Guru
You've sent 6 (0%) messages and this group has 26965 messages.
[2017-04-16 13:43:18] Hm, ele conta as msgs excluidas tb
[2017-04-16 13:43:55] Dá pra falsificar esses resultados então .-.
[2017-04-16 14:54:44] Salve
[2017-04-16 15:44:40] MORINGA joined
[2017-04-16 15:44:40] Hi MORINGA !
[2017-04-16 15:44:56] Boas! 😄
[2017-04-16 16:11:39] Paulo joined
[2017-04-16 16:11:40] Hi Paulo !
[2017-04-16 16:12:04] Boa tarde Galera
[2017-04-16 16:12:41] Buenos dias! Alguém curtindo uma páscoa na sede do garoa agora?
[2017-04-16 18:21:27] Quer conhecer por dentro de uma máquina de cartão de crédito? https://www.youtube.com/watch?v=FTpqCC_wCOY
[2017-04-16 19:29:36] http://blog.everpi.net/2017/04/marca-raspberry-pi-registrada-brasil.html?m=1
[2017-04-16 20:56:47] https://www.instructables.com/id/3D-Printer-Working-Area-40x40x40cm/?utm_source=newsletter&utm_medium=email
