[2017-09-27 00:01:24] Pro camping vai haver algum esquema de carona ou é cada um por si?
[2017-09-27 00:02:33] Estou tentando organizar as caronas
[2017-09-27 00:02:45] No minimo dá pra ir de grupo
[2017-09-27 00:03:04] Tem onibus da barra funda tambem
[2017-09-27 00:04:33] O local é aqui
[2017-09-27 00:04:34] Alameda Ângelo Miguel, 55 - Recanto Maravilha III, Santana de Parnaíba - SP
[2017-09-27 00:09:56] Vou ver aqui
[2017-09-27 00:18:27] document: /home/felipe/devel/github_tvdstaaij/telegram-history-dump/output/media/Garoa_Hacker_Clube_(Público)/download_788799292558017020.webp
[2017-09-27 00:18:53] virei um deles...
[2017-09-27 00:19:43] hehe dahora e agora ajuda garot@s na mesma onda!
[2017-09-27 00:20:32] Um monte de empresas no nordeste ainda usam programas com fonte em clipper mas compilados por x-harbour em linux...
[2017-09-27 00:21:04] E no interior de SP, idem
[2017-09-27 00:21:22] yep! Garotos e garotas ;-) E quem mais tiver a mesma curiosidade que eu tinha naquela época.
[2017-09-27 00:24:02] tá me "devendo" um tempo para aquelas minhas dúvidas de assembly processador e tals
[2017-09-27 00:44:42] opa
[2017-09-27 00:44:44] bora!
[2017-09-27 02:16:14] Claro que existe Mike. Não é de qualquer forma que você cresce na plataforma. Tem que entender como postar, quando postar e o que postar.
[2017-09-27 06:14:03] A TOTVS usa uma linguagem chamada AdvPL, que é uma xBase (Clipper like language).

A propósito, esse ABAP do seu nome é por causa da linguagem de programação do SAP?
[2017-09-27 07:12:46] firmo holanda joined
[2017-09-27 07:43:57] pode crer
[2017-09-27 07:51:07] Meu primeiro emprego foi com dbase 2, em uma empresa de um grupo coreano na praça da sé.
[2017-09-27 07:52:05] 1985
[2017-09-27 12:26:53] Meu primeiro contato com programação foi um livro de Pascal que peguei emprestado de um amigo no colegial e tirei xerox
[2017-09-27 12:45:15] photo: /home/felipe/devel/github_tvdstaaij/telegram-history-dump/output/media/Garoa_Hacker_Clube_(Público)/download_804721238_58083.jpg
[2017-09-27 12:45:16] Legit?
[2017-09-27 12:52:01] sim, trocamos a senha, e um monte de gente foi testar
[2017-09-27 13:08:53] Clipper 5.0 a minha primeira
[2017-09-27 13:09:43] Minha primeira linguagem deve ter sido alguma vertente de Ruby no rpg maker xp
[2017-09-27 13:09:53] Sou novo desculpa djjdjdjdhchc
[2017-09-27 13:09:53] Alguns sistemas de POS ainda são em Clipper... Uma minoria que ainda não foi substituídos por Delphi
[2017-09-27 13:10:30] Minha primeira linguagem de programação foi Pascal
[2017-09-27 13:10:52] Minto. Tive contato com Basic com um amigo que tinha um Amiga-clone
[2017-09-27 13:11:33] Mas não programei algo de fato, só seguia as instruções para fazer os jogos rodarem
[2017-09-27 13:11:52] Posteriormente, usei Basic em outras coisas
[2017-09-27 13:12:07] Meu primeiro contato com programação foi o MSX Basic...
[2017-09-27 13:14:26] Clipper, Basic, VB, Delphi/Pascal, C, Javascript, PHP, ASP, ColdFusion, ActionScript/Flex/Air, Ruby, Python... Acho que foi mais ou menos isso até hj
[2017-09-27 13:14:53] Algumas foram um pouco mais que Hello World, outras fui mais a fundo
[2017-09-27 13:19:14] tinha um compilador compatível com clipper chamado clip, não sei em que pé está.
[2017-09-27 18:57:21] Estava pensando alguma atividade mais para fazer no Garoa Hacker Camp no Sábado
[2017-09-27 18:59:05] hackers e democracia seria algo legal? https://www.bloomberg.com/news/features/2017-06-27/the-chaos-computer-club-is-fighting-to-save-democracy
[2017-09-27 19:17:44] O meu também! BASIC e depois Assembly Z80
[2017-09-27 19:19:07] Mórreu, agora só o Harbour para compilar Clipper em diversas plataformas....
[2017-09-27 20:24:03] photo: /home/felipe/devel/github_tvdstaaij/telegram-history-dump/output/media/Garoa_Hacker_Clube_(Público)/download_805512472_7696.jpg
[2017-09-27 21:04:09] Hackatonto cada vez pior
[2017-09-27 21:05:04] photo: /home/felipe/devel/github_tvdstaaij/telegram-history-dump/output/media/Garoa_Hacker_Clube_(Público)/download_804721351_57744.jpg
[2017-09-27 21:21:26] Full hd 4K
[2017-09-27 21:21:56] Resolution technology
[2017-09-27 21:25:59] Hj em dia hacker tem que ser parte ativista e vice versa
[2017-09-27 23:05:44] with auto focus
