[2017-08-22 00:15:36] A questão do nomes são mera coincidência, através de acordos comerciais
[2017-08-22 00:22:04] hahaha todos doces ne, deve ser uma conspiracao para diabetes ;p
[2017-08-22 00:25:48] Ou um acordo BEM grande com a Nestle...
[2017-08-22 00:26:23] mas a teoria da diabetes é válida! rsss
[2017-08-22 00:26:52] oreo eh da nestle? acordo foi fechado na epoca do kitkat ja sera? h aha
[2017-08-22 00:32:49] 😝
[2017-08-22 01:29:36] kd a galera oldschool pra apreciar

https://www.youtube.com/watch?v=x19sIltR0qU
[2017-08-22 02:28:45] 👍
[2017-08-22 08:23:17] M joined
[2017-08-22 08:23:17] Hi Herr !
[2017-08-22 08:49:02] document: /home/felipe/devel/github_tvdstaaij/telegram-history-dump/output/media/Garoa_Hacker_Clube_(Público)/download_414123293595926964.webp
[2017-08-22 08:50:20] Ao vivo
[2017-08-22 09:18:40] document: /home/felipe/devel/github_tvdstaaij/telegram-history-dump/output/media/Garoa_Hacker_Clube_(Público)/download_694481660414001307.webp
[2017-08-22 09:45:48] Premio na area de IoT e wireless se souberem interessados http://premiotecnologiasdeimpacto.com.br mandem por ai =)
[2017-08-22 12:29:33] Andre Santos joined
[2017-08-22 12:29:36] Hi Andre !
[2017-08-22 12:29:47] '-'
[2017-08-22 15:27:28] como seria, essa invenção que faz as pessoas agirem melhor com outras?
[2017-08-22 16:11:39] pra quem gosta de musica e oss https://www.youtube.com/watch?v=A-Rn0iQEpc8&list=PL6sYHytyKN2-X93TurF3JptW8qSVm0DzA
[2017-08-22 16:36:23] https://glider.ink/
[2017-08-22 16:37:12] (história em quadrinhos sobre hackerspaces)
[2017-08-22 17:33:57] Garoa está aberto
[2017-08-22 17:40:01] Tem umas duas semanas que eu quero ir no garoa mas não tá rolando por tempo. Em algum encontro especial na última semana do mês?
[2017-08-22 17:40:09] Tem*
[2017-08-22 17:42:44] Especial, não. Mas tem encontro toda semana, inclusive na ultima semana do mês... ;)
[2017-08-22 20:13:54] Alguem ja começou alguma pesquisa em desenvolver um desses : https://produto.mercadolivre.com.br/MLB-894549288-crazyradio-pa-longo-alcance-24ghz-radio-usb-dongle-com-a-_JM
[2017-08-22 20:14:46] Infelizmente só tenho o NRF24L01 e estou neste momento estudando para ver as diferenças com o NRF24LU1
[2017-08-22 22:30:19] toda semana é especial no garoa
