[2017-07-03 14:16:53] Sérgio Araujo joined
[2017-07-03 14:16:54] Hi Sérgio !
[2017-07-03 16:23:12] Lima Felice joined
[2017-07-03 16:23:13] Hi Lima !
[2017-07-03 17:34:11] Arte feita com Python + Cinema 4D:
http://blog.wispeo.com/featured-creative/glenn-marshall-creating-art-from-the-python-language/

Linda animação, com algum esforço acredito que poderia ser feita também com o Blender 3D, assim ficaria livre do software proprietário...

A animação pronta está disponível aqui:
https://vimeo.com/133436413
[2017-07-03 18:38:55] jose:
http://www.dobitaobyte.com.br/como-instalar-o-firmware-micropython-no-esp32/
[2017-07-03 18:44:08] Bem legal!
[2017-07-03 19:09:50] Christian Bechi joined
[2017-07-03 19:09:50] Hi Christian !
[2017-07-03 19:27:02] daqui a pouco: https://spaceflightnow.com/2017/07/02/falcon-9-intelsat-35e-mission-status-center/
[2017-07-03 20:06:12] Mike Howard added Lucas
[2017-07-03 20:06:13] Hi Lucas !
[2017-07-03 20:06:22] Bemvindo Lucas
[2017-07-03 20:06:32] O Lucas apareceu no PyLab hoje
[2017-07-03 20:22:29] Pedro Wandalsen joined
[2017-07-03 20:22:30] Hi Pedro !
[2017-07-03 20:24:11] @Biazzotto
[2017-07-03 20:35:22] Diga, @rg3915.
[2017-07-03 20:36:42] Está tudo bem ai com o grupo de estudo, mandei umas msgs pra vc, não sei se vc viu. Estou trabalhando ate mais tarde, por isso nao pude ir. Como estão ai? Tem bastante gente? Estão estudando o que?
[2017-07-03 20:36:51] Só pra dar um oi mesmo...
[2017-07-03 20:37:09] Hoje não fui, o Mike e o Latex estão tocando lá...
[2017-07-03 20:37:47] hum... blz.
[2017-07-03 21:00:42] O Mike e o Lucas, mais precisamente
[2017-07-03 21:11:00] Eu to tentando chegar
[2017-07-03 21:11:13] Tem acidente na raposo
[2017-07-03 21:11:28] To aqui desde as 19
[2017-07-03 21:12:47] https://www.pcbway.com/?adsdx=19&campaignid=171022171&adgroupid=8664087571&feeditemid=&targetid=&loc_physical_ms=&matchtype=&network=d&device=c&devicemodel=&creative=196990025002&keyword=&placement=sourceforge.net&target=&adposition=none&gclid=CK7T2-er7tQCFQ4IkQodVxQO0w
[2017-07-03 21:13:24] E so agora com sinal e internet
[2017-07-03 22:19:24] https://fossbytes.com/outlawcountry-cia-hacking-tool-linux/
[2017-07-03 22:19:36] 😡
