[2017-09-06 01:01:41] Tem bastante espaço livre que ninguém está usando http://www.hypeness.com.br/2017/08/designer-constroi-incrivel-estudio-secreto-na-parte-inferior-de-uma-ponte/
[2017-09-06 06:06:42] Roadsec SP 2017: 
O maior festival hacker do continente já está com os ingressos à venda! 
5 trilhas de conteúdo
Shows do Matanza, Raimundos, Dual Core, YT Cracker
2 galpões de oficinas, atividades, área maker, food trucks, batalha de robôs
Programação impecável: Jonh Draper (o Captain Crunch), Rodrigo Rubira Branco e Fernando Mercês!
Garanta o seu ingresso agora: 
http://bit.ly/2xM1tzU
[2017-09-06 08:41:45] Oi gente, alguem sabe onde posso comprar uma rtl2832u para SDR em SP?
[2017-09-06 09:26:09] Eu não sabia. Mas agora eu sei. https://produto.mercadolivre.com.br/MLB-716281274-receptor-sdr-usb-dvb-t-sdrdabfm-rtl-2832u-r820t-ads-b-_JM
[2017-09-06 10:23:07] Pse, eu já procurei na internet, queria saber em loja física MSM né '-' se n n teria especificado q era em SP kkk
[2017-09-06 10:24:00] haha. O vendedor do mercado livre é de são paulo. Achei que isso fosse suficiente.
[2017-09-06 10:24:05] Bom dia, alguém tem o contato de alguém ou empresa que venda ABS pra impressora 3D
[2017-09-06 10:26:00] O Rolo de 1KG ?
[2017-09-06 10:26:39] Eu compro de um vendedor no mercado livre que faz um bom preço
[2017-09-06 10:27:12] photo: /home/felipe/devel/github_tvdstaaij/telegram-history-dump/output/media/Garoa_Hacker_Clube_(Público)/download_804723783_16167.jpg
[2017-09-06 10:28:29] Pode me passar o contato
[2017-09-06 11:10:06] Tb gostaria 🙏👍
[2017-09-06 11:25:19] Tenta esse:
http://3dlab.com.br/loja_virtual/
[2017-09-06 11:25:49] 1KG https://produto.mercadolivre.com.br/MLB-813344318-filamento-abs-175mm-1kg-_JM
2KG (frete gratis) https://produto.mercadolivre.com.br/MLB-824422933-filamento-abs-175mm-2kg-frete-gratis-_JM

1KG (frete gratis) http://produto.mercadolivre.com.br/MLB-714172240-filamento-abs-1kg-frete-gratis-175-e-300mm-_JM
[2017-09-06 11:26:10] eu normalmente compro nesses anúncios
[2017-09-06 11:26:43] se comprar 2KG , o KG sai por 70 reais
[2017-09-06 11:30:04] photo: /home/felipe/devel/github_tvdstaaij/telegram-history-dump/output/media/Garoa_Hacker_Clube_(Público)/download_804740776_115547.jpg
[2017-09-06 11:30:12] Com uma reputação dessa... vou comprar 100KG
[2017-09-06 11:49:49] Parece confiavel #SQN
[2017-09-06 11:56:00] @fel
[2017-09-06 11:56:23] @fsanches Ainda tem o mind candy? A simulação do barulho do drive de disquete de amiga é essencial pra mostrar os demos :)
[2017-09-06 12:11:55] tenho os DVDs sim
[2017-09-06 12:28:45] o Cara é super atencioso da primeira vez que comprei foi super rápido  , mas tive um problema com ele na segunda vez, ele estava trocando de local onde produzia o plastico e atrasou tanto a entrega que me devolveu o dinheiro, o preço dele é imbatível, Maaaaasssss é meio complicado já não tenho tanta confiança nele
[2017-09-06 18:48:21] photo: /home/felipe/devel/github_tvdstaaij/telegram-history-dump/output/media/Garoa_Hacker_Clube_(Público)/download_804721547_39249.jpg
[2017-09-06 18:48:47] Deixei zero coisas sujas na pia
[2017-09-06 18:49:07] Mas vou lavar tudo de novo para vocês
[2017-09-06 18:51:14] Como não venho no garoa há vários dias, imaginei que alguem ja havia esquecido tudo sujo de novo, então vim hoje só pra lavar para você
[2017-09-06 18:51:51] Um dia ainda vou colocar uma camera e te achar
[2017-09-06 18:53:42] Putz, que sacanagem isso!
[2017-09-06 18:53:46] Falta de respeito toal.
[2017-09-06 18:53:48] total.
[2017-09-06 18:55:58] photo: /home/felipe/devel/github_tvdstaaij/telegram-history-dump/output/media/Garoa_Hacker_Clube_(Público)/download_804740848_117721.jpg
[2017-09-06 18:56:11] Ok, estou pronto pra ti
[2017-09-06 18:56:14] De novo
[2017-09-06 18:57:26] Ah, e compre sabão
[2017-09-06 18:57:29] Caralho
[2017-09-06 18:58:22] E meia dúzia de esp8266
[2017-09-06 19:13:05] photo: /home/felipe/devel/github_tvdstaaij/telegram-history-dump/output/media/Garoa_Hacker_Clube_(Público)/download_804740606_117124.jpg
[2017-09-06 19:13:13] Fizemos pipoca hoje
[2017-09-06 19:13:21] Para comer com dados
[2017-09-06 19:26:19] Está na cozinha
[2017-09-06 19:26:29] Peguem lá
[2017-09-06 23:18:40] Sexta tem brassagem de cerveja, quem pode vir ajudar a fazer?  Também aprende, claro.
