[2018-03-20 01:05:31] fiz uma revolução na sala de jogos agora de noite
[2018-03-20 01:05:31] em poucas palavras, basta colocar um cabo de força na tomada e TUDO LIGA: Iluminação do teto, luz vermelha sobre o pebol, arcade, pisca pisca azul do oda, display de leds vermelho meu, luzes de fora (penduradas na árvore) e pisca pisca de luzes do pinball.
[2018-03-20 01:05:31] o cabo que se coloca na tomada é o da régua que fica atrás to arcade
[2018-03-20 01:05:31] prendi todos os cabos com braçadeiras/zip-tie/enforca-gato
[2018-03-20 01:05:31] ficou tudo organizadinho, pra não ficar com fios bagunçados ou dando mau-contato
[2018-03-20 01:05:31] e também pra ficar óbvio para quem chega onde é que se liga
[2018-03-20 01:05:31] pra pessoa não perceber que é só ligar na tomada tem que ter muita vontade de não ver, por que teria que soltar todas as braçadeiras, etc
[2018-03-20 01:05:31] acho que ficou robusto
[2018-03-20 01:12:55] ¡Viva La Revolución!
[2018-03-20 01:18:15] document: /home/felipe/devel/github_garoa/Telegram_logs_Garoa_Hacker_Clube_Publico/media/Garoa_Hacker_Clube_(Público)/download_532581180269136142.mp4
[2018-03-20 01:22:11] Bem fsociety kk E o letreiro? Onde o colocou?
[2018-03-20 01:22:18] Tem mais fotos?
[2018-03-20 01:25:16] Fiz tanta coisa hoje, até além do limite (saí meia noite e 40 de lá) que nem parei pra tirar fotos
[2018-03-20 01:25:55] Cola lá e veja com os próprios olhos ;-)
[2018-03-20 01:26:21] Esse ainda não terminei de montar. Tá aqui em casa.
[2018-03-20 01:27:26] Mas talvez eu só instale o letreiro fsociety mês que vem, por que nessa 5a eu to indo viajar por uns 10 dias.
[2018-03-20 01:28:24] Opa. Irei sim. No próximo fim de semana irei conhecer e já aproveito para dar uma olhada hehe
[2018-03-20 01:28:34] Assim que der eu tiro mais fotos, é claro!
[2018-03-20 01:29:03] Beleza kkkkk
[2018-03-20 03:14:18] Pessoal, nesta 3a feira, 20/3, teremos reunião do CMC no Garoa, a partir das 19:30.
A reunião é aberta a todos os interessados.
[2018-03-20 09:45:23] Bom dia.... Alguém tem um material legal de nmap
[2018-03-20 09:45:25] ?
[2018-03-20 10:04:45] https://nmap.org/man/pt_BR
[2018-03-20 10:05:44] Particularmente acho suficientemente bem claro. Serve?
[2018-03-20 11:27:38] Olá Itamar bom dia.... Valeu...
[2018-03-20 11:53:01] para quem tem alguma relacao com o IME e/ou matematica, faleceu hoje o Professor Chaim Samuel Hönig
[2018-03-20 13:00:54] Dica do @csm00108:
https://nmap.org/book/toc.html
[2018-03-20 13:02:51] Ele era judeu né?
[2018-03-20 13:03:01] Sepultamento dele é no chevra kadisha
[2018-03-20 13:03:18] http://chevrakadisha.org.br/servicos/sepultamentos/
[2018-03-20 13:25:21] photo: /home/felipe/devel/github_garoa/Telegram_logs_Garoa_Hacker_Clube_Publico/media/Garoa_Hacker_Clube_(Público)/download_804725624_160015.jpg
[2018-03-20 16:57:36] https://www.theguardian.com/technology/2018/mar/20/child-abuse-imagery-bitcoin-blockchain-illegal-content
[2018-03-20 16:57:46] 😂 tava demorando
[2018-03-20 16:58:43] se você tem uma cópia do blockchain inteiro do Bitcoin, cuidado com a pf
[2018-03-20 18:42:07] Wired falando o obvio que já sabiamos: Hackatontos!
https://www.wired.com/story/sociologists-examine-hackathons-and-see-exploitation
[2018-03-20 18:42:27] Não sei aqui seria o grupo correto mas pergunto, alguém usa/recomenda algum gerenciador de passwords confiavel?
[2018-03-20 18:42:49] Uso KeepasXC
[2018-03-20 18:46:14] Hum, vou estuda-lo Gutem, valeu
[2018-03-20 19:08:06] fact checking
[2018-03-20 19:22:42] pra quem quiser, streaming do Grupo de Estudos do Kernel do Linux na UNICAMP: https://www.youtube.com/watch?v=YKARS9Sz-Cc
[2018-03-20 19:22:50] (ao vivo)
[2018-03-20 19:46:30] Porn tem desde 2013, pelo menos
[2018-03-20 19:46:47] porn é questionavel mas ok
[2018-03-20 19:46:55] pornografia infantil dá cadeia
[2018-03-20 19:46:59] e das brabas
[2018-03-20 19:49:03] lol
[2018-03-20 20:03:22] Desktop uso o KeePass2, pela web o KeeWeb e no android o KeePass2Android
[2018-03-20 20:05:42] Uso LastPass desde o beta
[2018-03-20 20:05:45] Excelente
[2018-03-20 20:06:12] Infelizmente pra mobile é pago
[2018-03-20 20:11:33] keepass2 aqui
[2018-03-20 20:11:40] keefox e keepass2android
[2018-03-20 20:26:35] KeepasXC
[2018-03-20 20:28:48] Eu quero saber o que o @tilt4 (Afonso Coutinho) está usando.
Depois da apresentação dele na Campus Party não confio em mais nada!
[2018-03-20 20:32:26] Eu uso nada kkkk
[2018-03-20 20:33:07] Grande alento você me dá!
[2018-03-20 20:38:26] Desses todos acho que nao tem nenhum pra porcaria do ios
[2018-03-20 20:39:05] ai voce se engana
[2018-03-20 20:39:10] Keepass touch
[2018-03-20 20:39:32] pode importa o bd do keepasxc
[2018-03-20 20:39:54] importar*
[2018-03-20 20:41:11] Hum... to vendo, muito obrigado
[2018-03-20 20:41:34] de  boas...
[2018-03-20 20:42:43] no final o keepass touch tem duas funçoes um backup das suas senhas para quando não estiver na frente do seu note por exemplo e claro usar no celular.
[2018-03-20 20:44:24] No cel uso o KeePassDroid
[2018-03-20 20:44:34] e sincronizo os DBs via Dropbox
[2018-03-20 20:45:36] ué, qual parte é pago? eu uso e sincronizo entre 4 pcs e 2 celulares sem nenhum problema, nunca paguei 1 real
[2018-03-20 20:54:07] Precisava do Premium pra utilizar mobile. Podem ter mudado.
[2018-03-20 20:54:11] Vou olhar
[2018-03-20 20:54:35] Sábio
[2018-03-20 20:58:37] Mudaram mesmo. Excelente
[2018-03-20 21:00:57] sim, acho que ja tem um tempinho, pelo menos um ano, que foi quando comecei a usar Phelipe
[2018-03-20 21:01:37] só é foda aquela eterna sensação ~se não estou pagando então com certeza sou o produto~
[2018-03-20 21:02:08] Totalmente
[2018-03-20 21:09:11] Valeu...
[2018-03-20 21:29:31] Curso de Produção de Cerveja Artesanal 

http://www.fca.unesp.br/#!/noticia/1604/curso-de-producao-de-cerveja-artesanal/
[2018-03-20 21:40:17] Uma Caneca de Ciência 

http://www.unesp.br/portal#!/noticia/32328/festival-de-divulgacao-cientifica-ganha-o-pais-/

http://pintofscience.com.br/
[2018-03-20 22:02:24] photo: /home/felipe/devel/github_garoa/Telegram_logs_Garoa_Hacker_Clube_Publico/media/Garoa_Hacker_Clube_(Público)/download_805514828_115477.jpg
[2018-03-20 22:02:24] photo: /home/felipe/devel/github_garoa/Telegram_logs_Garoa_Hacker_Clube_Publico/media/Garoa_Hacker_Clube_(Público)/download_805512645_118662.jpg
[2018-03-20 22:02:50] Esse é o proximo lote de cerveja do Garoa
[2018-03-20 22:03:11] Jurava que essa foto era da privada do garoa 😂
[2018-03-20 22:03:21] Essa pilsen está demais
[2018-03-20 22:03:31] Primeira vez que fazemos Lager. (suspense)
[2018-03-20 22:03:38] kkkkkkkkkk
[2018-03-20 22:04:21] photo: /home/felipe/devel/github_garoa/Telegram_logs_Garoa_Hacker_Clube_Publico/media/Garoa_Hacker_Clube_(Público)/download_806124957_62505.jpg
[2018-03-20 22:04:25] Brinquedo novo
[2018-03-20 22:06:58] photo: /home/felipe/devel/github_garoa/Telegram_logs_Garoa_Hacker_Clube_Publico/media/Garoa_Hacker_Clube_(Público)/download_806118562_62728.jpg
[2018-03-20 22:06:58] photo: /home/felipe/devel/github_garoa/Telegram_logs_Garoa_Hacker_Clube_Publico/media/Garoa_Hacker_Clube_(Público)/download_806120887_62698.jpg
[2018-03-20 22:14:16] Wow
[2018-03-20 22:14:20] 👏👏👏
[2018-03-20 22:26:12] Futuramente seria legal um cockpit com uma tv pra plugar consoles antigos.....la pra frente
[2018-03-20 22:26:50] FDS que vem tá chegando a minha...
[2018-03-20 23:00:37] Caraca
[2018-03-20 23:00:47] document: /home/felipe/devel/github_garoa/Telegram_logs_Garoa_Hacker_Clube_Publico/media/Garoa_Hacker_Clube_(Público)/download_414123293595926950.webp
[2018-03-20 23:02:42] É nozes kkkkkk
[2018-03-20 23:10:16] Sabe que eu fui procurar uma mensagem e achei a sua só agora? Vou te chamar no pvt hahaha
[2018-03-20 23:12:41] Não é cobrança, é mais saber se eu perdi mesmo. Já rolou esse workshop?
[2018-03-20 23:32:41] Ainda não
[2018-03-20 23:39:25] Se colocar o rasp no arcade vai ser isso
