[2017-08-17 06:54:44] Renato Prestes joined
[2017-08-17 09:08:15] Hoje temos noite do Arduíno no Garoa.  Trazer vontade de mexer com eletrônica, implementar as mil ideias inspiradas da internet, notebook com IDE do Arduíno para programar, e celular pra ler.
[2017-08-17 09:37:03] que aparelho é esse da foto ?
[2017-08-17 09:37:54] um relógio compuchron de 1975
[2017-08-17 09:59:31] Concordo!
[2017-08-17 10:01:07] Acredito que num futuro o carro te levará para o trabalho, escola ou o que for, voltará para casa sozinho e com um comando de celular, voltará para onde você estiver para te pegar.
[2017-08-17 10:11:26] Vocês estão esquecendo da moto elétrica. Exemplo: Zero FX
[2017-08-17 10:12:02] O custo inicial é alto. Mas o custo por km rodado é mínimo.
[2017-08-17 10:12:25] Antes do carro elétrico eu acredito que vamos ver as motos
[2017-08-17 10:13:47] Ai, cacete !
[2017-08-17 10:42:48] Tenho muito interesse em ir, conhecer e participar, mas acredito que só será possível no ano que vem, estou resolvendo uns problemas pessoais até lá.
[2017-08-17 10:43:21] Se tiver palestra do dia ou outros dias anteriores no YouTube, gostaria de saber o canal do garoa.
[2017-08-17 10:43:55] Não é palestra.
[2017-08-17 10:45:41] Ainda sim se tiver canal do garoa no YouTube com dias passados , gostaria de acessar (caso exista)
[2017-08-17 10:51:17] Os Encontros não são gravados para fomentar a ida ao Hackerspace
[2017-08-17 13:11:51] 29/08 na Noite de Processing teremos um  Hands-on: algoritmo genético interativo - com Julio Trevisan https://garoa.net.br/wiki/Noite_de_Processing
[2017-08-17 13:27:35] Fabio Medeiros joined
[2017-08-17 13:57:37] photo: /home/felipe/devel/github_tvdstaaij/telegram-history-dump/output/media/Garoa_Hacker_Clube_(Público)/download_803118681_118726.jpg
[2017-08-17 14:32:09] Lembrando que esse sábado teremos Quebrando o Cerco, as 15h, com a pauta: Introdução ao Python para Pentest com o @samukasmk
[2017-08-17 14:48:03] Massa
[2017-08-17 15:09:53] document: /home/felipe/devel/github_tvdstaaij/telegram-history-dump/output/media/Garoa_Hacker_Clube_(Público)/download_61206384934388105.webp
[2017-08-17 16:21:02] Emanuel Lima joined
[2017-08-17 16:52:25] tem um código no meu bug
[2017-08-17 16:57:40] Uma pena que estou sem tempo de ir até ai fazerem eles se exercitarem...
[2017-08-17 17:47:37] pois é, era da minha mãe, mas quando desenterrei ele apesar de ter sido guardado sem bateria em algum momento antes tava cheio de corrosão alcalina....
[2017-08-17 17:47:40] uma pena
[2017-08-17 17:52:36] já que o chip foi retirado da placa (pelo dano da corrosão, presumo) talvez haja uma oportunidade para ao menos tentar tirar fotos da pastilha num microscópio e, quem sabe, fazer um dump da ROM
[2017-08-17 17:53:21] seria irado emular um relógio digital de 1975 no MAME :-D
[2017-08-17 17:59:56] não foi retirado, ele é decapado por natureza, e conectado com wire-bonding :p
[2017-08-17 18:00:12] podemos tirar fotos com um microscópio sem problemas, se der pra ver algo
[2017-08-17 18:00:20] sim, foi o que eu imaginei
[2017-08-17 18:00:24] um pipe dream seria fazer funcionar de novo algum dia
[2017-08-17 18:00:34] mas até achar alguém que tenha a máquina..
[2017-08-17 18:00:35] guarde bem o chip então
[2017-08-17 18:00:59] ele não soltou da placa, que já foi colocada de volta no corpo do relógio
[2017-08-17 18:01:12] apenas os wire-bonds
[2017-08-17 18:01:45] ah! Ele está afixado de alguma forma à placa, mas com os fios de ouro rompidos, é isso ?
[2017-08-17 18:02:39] is anyone there yet?
[2017-08-17 18:02:52] isso
[2017-08-17 18:03:40] http://www.crazywatches.pl/compuchron-hughes-aircraft-led-1976
[2017-08-17 18:03:41] I'm at home. I won't go to Garoa tonight, unfortunately. But there's 99.999% chances that there will be a few people there tonight
[2017-08-17 18:03:47] é bem similar a esse
[2017-08-17 18:04:30] I believe so, but the current status is "fechado" ;-) and I don't want to arrive for a closed gate ;-)
[2017-08-17 18:06:33] yep. Keep waiting a bit more :-)
[2017-08-17 18:06:49] Are you far from garoa?
[2017-08-17 18:12:11] There will be people there for chat bot event
[2017-08-17 18:18:52] I am at USP
[2017-08-17 18:19:08] don't know exactly how long it will take
[2017-08-17 18:19:18] should be something between 30 and 60 minutes
[2017-08-17 18:23:23] 30 minutes walking depending on where you are inside the camp
[2017-08-17 18:26:04] I'll prefer the bus
[2017-08-17 18:26:20] but it's a similar amount of time
[2017-08-17 18:27:39] If anyone is going there and is ordering pizza before I arrive... please order some for me too ;-)
[2017-08-17 18:27:55] Lucas Thomaz joined
[2017-08-17 18:33:17] Poxa adoraria ir hoje pra ver as coisas de arduino
[2017-08-17 18:33:28] Tem orientação do TCC na faculdade porém
[2017-08-17 19:21:40] It's open😊 I'll be there is half a hour
[2017-08-17 19:22:33] Para quem gosta de comprar multímetro vagabungo, se liga: https://www.youtube.com/watch?v=Ru2rb7bFhag
[2017-08-17 20:41:37] David Spira joined
[2017-08-17 22:10:20] photo: /home/felipe/devel/github_tvdstaaij/telegram-history-dump/output/media/Garoa_Hacker_Clube_(Público)/download_803117250_120321.jpg
[2017-08-17 22:21:50] Opa! Já tive umas da coleção...
