[2017-03-22 00:14:29] Eu nunca fui no quebrando cerco e quiçá no garoa, posso ir se eu quiser?
[2017-03-22 01:26:22] https://twitter.com/TheRegister/status/843935688814862336
[2017-03-22 01:34:05] Sim
[2017-03-22 01:36:19] Eu vi que está na sexta aula, tem como pegar o resto do material com alguém? Ou seguir algum dos livros indicados?
[2017-03-22 01:36:25] Valeu
[2017-03-22 01:48:36] por enquanto pelo que sei cada dia foi um encontro unico mas na wiki do garoa tem alguns links e infos
[2017-03-22 01:50:37] Rodolfo Neres joined
[2017-03-22 01:50:38] Hi Rodolfo !
[2017-03-22 01:52:11] Eai galera
[2017-03-22 01:53:30] Valeu @tilt4
[2017-03-22 06:13:48] Cara, não sei se este é o melhor grupo para você perguntar isto
[2017-03-22 06:59:11] photo: /home/felipe/devel/github_tvdstaaij/telegram-history-dump/output/media/Garoa_Hacker_Clube_(Público)/download_803113511_23228.jpg
[2017-03-22 07:11:23] Talvez, Google sempre visando lucro.
[2017-03-22 07:11:55] Reparei nisso semana passada também.
[2017-03-22 07:16:02] Se puder, faça a transferência. Qual engenharia você fez é só um detalhe, o básico é o que importa mais
[2017-03-22 07:17:26] O modelo do Google é sempre lucrar com informações, não com vendas para o usuário . Eu acho isso mais um argumento contra a ideia de que vão ter uma versão paga.
[2017-03-22 07:20:41] Concordo, mas acredito que eles possam estar direcionando um produto já existente para a plataforma do Waze. Tem uma versão paga do Earth que poderia ser comercializado para quem trabalha na área de transportes em plataforma "nova".
[2017-03-22 07:21:40] Eu não acho que chamariam um produto tão diferente assim de Waze, mas enfim. Também não acho que iam vazar informação dessa maneira.
[2017-03-22 07:23:00] Hahaha, aí é sentar e esperar, mas de fato a etiqueta no logo trás curiosidade
[2017-03-22 07:25:10] Pensei em algo assim, que estão reforçando o fato de ser gratuito...
[2017-03-22 07:28:18] Também acho. Se fossem vender algo, seria um in App purchase, mas mesmo assim eu duvido
[2017-03-22 08:01:04] O garoa não é escolinha nem cursinho. Não damos aulas. Fazemos arividades aonde qualquer um pode fazer qualquer coisa
[2017-03-22 08:07:32] Hahaha
[2017-03-22 08:11:23] Valeu
[2017-03-22 08:21:50] Alguém de São José dos Campos na área?
[2017-03-22 08:22:28] Vou dar um curso no SESC SJC com a Monica, começa hoje
[2017-03-22 08:22:36] photo: /home/felipe/devel/github_tvdstaaij/telegram-history-dump/output/media/Garoa_Hacker_Clube_(Público)/download_804206913_24887.jpg
[2017-03-22 09:09:31] 🙌🏾✨🍀
[2017-03-22 09:09:57] Boa aula pra vocês, depois contém como foi lá! 😊
[2017-03-22 09:10:19] Contem (sem acento, corretor from hell)
[2017-03-22 09:16:26] 🤞
[2017-03-22 09:16:35] Blz! Valeu!
[2017-03-22 09:23:41] Adoro os desenhos da Monica ! Boa aula pra vocês em São José! =)
[2017-03-22 09:24:03] ☺️
[2017-03-22 09:40:33] Fiz elétrica e acho que pro mercado não faz muita diferença o nome da sua engenharia mas sim seu portfólio quando se trata de eletrônica. Na minha opinião: só vai, a ufabc tá mandando muito e vai se consolidar como uma das melhores do país.
[2017-03-22 09:52:17] Pessoal, a ata da reunião do CMc ficou confusa. O Erik foi aprovado como associado ou foi colocado em quarentena?
[2017-03-22 09:55:51] Virou uma conversa interminável de associados no garoa, quem quando onde porque quando
[2017-03-22 09:56:45] E foi aprovado ou não? Sim ou não?
[2017-03-22 09:58:14] Agora usamos o método de associação do hackerspace de shanghai
[2017-03-22 09:59:35] Eu fiquei confusa até na grafia... São dois Erick?
[2017-03-22 09:59:39] http://members.xinchejian.com/
[2017-03-22 10:00:00] https://xinchejian.com/membership/
[2017-03-22 10:00:23] Não são dois Erick não
[2017-03-22 10:00:29] São três...
[2017-03-22 10:00:50] Dois atuais, e um antigo
[2017-03-22 10:05:15] Desisto, vou tirar da ata que ele foi aprovado e foda-se
[2017-03-22 10:05:50] (Sim, pode me banir por falar palavrão; hj to de mau humor)
[2017-03-22 10:11:18] document: /home/felipe/devel/github_tvdstaaij/telegram-history-dump/output/media/Garoa_Hacker_Clube_(Público)/download_694481660414001259.webp
[2017-03-22 10:11:32] Resumindo, não foi aprovado ontem, todos fizeram sugestão do que é preciso para ele se tornar melhor hacker/associado/maluco
[2017-03-22 10:11:37] algo assim
[2017-03-22 10:11:43] claramente você não estava na reunião e demonstrou aqui mesmo que não sabe exatamente o que aconteceu. Portanto acho inadequado você editar a ata. Aliás... em princípio ata não se edita, né?
[2017-03-22 10:11:45] e vamos votar de novo
[2017-03-22 10:13:11] "Aliás... em princípio ata não se edita, né?" - Em princípio, seria ferdade. Em prática, falso.
[2017-03-22 10:13:12] Mike, você pode por favor adicionar um esclarecimento sobre isso na ata, no wiki?
[2017-03-22 10:13:20] E se a ata está errada e imprecisa? Deixa cagado?
Além da informação imprecisa do Erik, dando a entender q ele tinha sido aprovado - ou colocado em quarentena - 2 conselheiros justifixaram a falta e não constava isso na ata
[2017-03-22 10:13:50] Além do mais, é um wiki. Se vc se considera mais dono da verdade, vai lá e desfaz a edição
[2017-03-22 10:13:55] Mike (que estava lá e sabe o que aconteceu), você pode por favor adicionar um esclarecimento sobre isso na ata, no wiki?
[2017-03-22 10:14:21] O mike pode editar a ata, mas o chanceler supremo não?
[2017-03-22 10:14:30] #táserto
[2017-03-22 10:14:32] Vai dormir.
[2017-03-22 10:15:04] Já dormi 3 hs de ontem p hj. To na média 😬😁😳😂🤔😴
[2017-03-22 10:15:06] é, pode ser bom adicionar uma nota da conversa sobre como se associar.
[2017-03-22 10:16:00] #garoaemcrise
[2017-03-22 10:16:03] Seria bom ter editado a ata corretamente na 1a vez, já que só os amigos do juca podem editar depois, se alguém se der ao trabalho de ler e achar inconsistências
[2017-03-22 10:16:49] Ata se edita e depois, se aprova.
[2017-03-22 10:17:07] Fiquem tranquilos, desfiz minhas edições
[2017-03-22 10:17:18] Deixa a ata cagada como está
[2017-03-22 10:17:19] Relaxa, Anchises. Eu, assim como você não estava lá ontem. Então nem eu nem você deveríamos editar a ata. Vamos aguardar que o pessoal que tava lá esclareça com precisão o que rolou.
[2017-03-22 10:18:25] Outro erro na ata: foram propostas 3 coisas para comprar e a decisão não corresponde ao que foi proposto
[2017-03-22 10:18:34] E errinhos de digitação
[2017-03-22 10:18:40] Mas ninguém se importa com isso
[2017-03-22 10:18:55] Pára de MIMIMI, porra!
[2017-03-22 10:19:21] Já parei
[2017-03-22 10:19:29] Fica de boa, Anchises. Você nitidamente está estressado, hoje. Relaxa que vai dar tudo certo.
[2017-03-22 10:19:34] Desfiz tudo e vou voltar a dar like em piadas no Face
[2017-03-22 10:19:48] Bem, resumindo, conversamos sobre os critérios para se admitir associados. Se é muito fácil ou difícil, se devemos pedir mais ou menos coisas ao candidato.
[2017-03-22 10:20:31] Agora voce é hacker de verdade. Quer virar associado do Garoa?
[2017-03-22 10:20:34] Mas de qualquer forma, obrigado, Anchises, pelo alerta sobre inconsistências e falta de clareza na ata. Eu também acho que é recorrentemente uma grande várzea.
[2017-03-22 10:21:43] Então da próxima vez pense 2x antes de criticar quem quer ajudar 
#ficaadica
#garoaemcrise
[2017-03-22 10:22:26] Ontem fiz uma piada, vou convidar meus pais a se associar ao garoa, dois velhinhos de 75 anos, para ver o que acontece no CMC.
[2017-03-22 10:23:00] Eu conheço seu pai e aprovo
[2017-03-22 10:23:00] Resultado - um vai ser aprovado, ou outro, não se sabe.
[2017-03-22 10:23:25] document: /home/felipe/devel/github_tvdstaaij/telegram-history-dump/output/media/Garoa_Hacker_Clube_(Público)/download_328774854541050131.webp
[2017-03-22 10:23:28] Sim, pq o critério é "conhecer e depois aprovar"
[2017-03-22 10:23:31] Pois é parece que ele vai ser aprovado
[2017-03-22 10:24:28] Seu pai já fez atividade p o garoa, metade dos grafitis em nossa parede externa são dele (ou melhor, 1/3)
[2017-03-22 10:27:04] Bom, o tema é esse, quem aceitar e porque
[2017-03-22 10:27:16] Tentar alinhar mais as ideias
[2017-03-22 10:28:31] ninguém falou nada quando o hugo, que nem estava num cmc em que eu estava redigindo a ata, editou no meio das minhas edições
[2017-03-22 10:28:49] acho que foi no cmc de janeiro
[2017-03-22 10:28:52] Alguns acham que a pessoa precisa saber alguma coisa legal, talvez impressionar com algo.  Outros acham que é só ter algum interesse compativel e não ser psicopata.
[2017-03-22 10:29:22] Outros acham que todos devem se associar e pronto.
[2017-03-22 10:30:06] https://garoa.net.br/w/index.php?title=Reuni%C3%A3o_de_17/01/2017&action=history
[2017-03-22 10:30:18] é... isso é chato
[2017-03-22 10:30:57] vamos desfazer todas as edições do hugo e do vítor, essa ultima inclusive de fevereiro num cmc que ocorreu em janeiro?
[2017-03-22 10:31:19] essa não é a primeira nem a última vez que alguém edita uma ata assim, aposto que em 10 minutos encontro mais um monte
[2017-03-22 10:31:29] ou seja, não adianta reclamar só com o anchises
[2017-03-22 10:31:39] tem que cair em cima de todo mundo ou parar com o mimimi
[2017-03-22 10:32:21] ó céus...
[2017-03-22 10:33:27] Sou a favor de cair em cima de todo mundo. Não é porque não se reclamou disso que o erro deve continuar. Talvez ele continue porque ninguém falou sobre, sei lá.
[2017-03-22 10:34:01] Claramente uma pessoa que não estava numa reunião editar a ata sobre ela é um problema. Creio que ninguém tá discordando disso.
[2017-03-22 10:34:41] Pra onde a gente encaminha isso? Pra próxima reunião do CMC? Como a gente resolve o problema?
[2017-03-22 10:35:43] me parece que há um misto de diversas coisas nesse balaio...
[2017-03-22 10:36:29] 1) temos o hábito de escrever remotamente via wiki um esqueleto da ata antes de começar a reunião (e isso pode tipicamente ser desde 1 semana antes até alguns minutos antes de começar)
[2017-03-22 10:37:13] Suponho que às vezes pessoas cheguem a inserir pauta nesse esqueletão até mesmo depois de ter começado a reunião (e talvez até remotamente)
[2017-03-22 10:37:50] 2) há as edições menores corrigindo bobagens como erros de digitação (não vejo problema nenhum nisso, nem sei por que perder tempo discutindo esse tipo de coisa)
[2017-03-22 10:38:34] Vc quem começou criticando isso
[2017-03-22 10:38:46] 3) as reuniões do CMC têm uma certa tendência a virarem um "futebol de várzea" e frequentemente as atas são zoadas, com piadas, provocações, informações falsas/deturpadas pra tirar sarro de algum associado (tipicamente um associado não presente)
[2017-03-22 10:39:47] corrigir erro de grafia, como assossiado => associado é uma coisa. Alterar a semântica é outra.
[2017-03-22 10:40:03] Não vejo problema incluirem itens na pauta antes da reunião. O que podemos fazer então é, após as reuniões, proteger as atas para edição, já que ninguém pode editar mesmo se encontrar erros. Erros na ata podem ser apontados na reunião seguinte e editadas naquele momento.
[2017-03-22 10:42:19] Uma das edições do Hugo a que a Erin se referiu agora há pouco parece ter sido exatamente uma reação a uma zoeira dessas. Ele removeu (remotamente) o seguinte texto que haviam escrito anteriormente em sua ausência: "Hugo de mimimi"
[2017-03-22 10:43:33] Isso já foi proposto uma vez. Não me lembro no que deu. Acho que é tudo uma questão de bom senso. Todo mundo aqui sabe que corrigir grafia sem alterar semântica não machuca ninguém e é de fato benéfico.
[2017-03-22 10:44:26] Aqui você demonstra que não sabe o que aconteceu.
[2017-03-22 10:45:00] E minha crítica é quanto a essa porra aqui, onde você toca o foda-se e resolve editar mesmo não sabendo o que de fato aconteceu. ISSO ESTÁ ERRADO!
[2017-03-22 10:45:28] #garoaemcrise
[2017-03-22 10:45:50] independente, o hugo editou a ata remotamente durante o cmc, sem estar presente
[2017-03-22 10:46:03] e essa não foi a única edição que ele fez
[2017-03-22 10:47:18] A outra foi um follow-up. Um esclarecimento remoto sobre algo que foi apresentado como informe. Disseram: "Hugo pintou o cabo do guarda-chuva na fachada" e ele editou esclarecendo: "até o fim do mês eu termino o restante! Propostas de novos logos para a fachada são bem vindas!"
[2017-03-22 10:48:47] esse tipo de esclarecimento não se faz editando a ata
[2017-03-22 10:48:56] fizesse por telegram enquanto o cmc estivesse rolando
[2017-03-22 10:49:42] ele não estava no cmc, e eu achei que isso era uma das maiores reclamações
[2017-03-22 10:49:49] 😊😍
[2017-03-22 10:49:54] de não estar na cmc pra entender o que houve a hora
[2017-03-22 10:49:54] ok. A crítica sobre poder ter feito via Telegram é válida.
[2017-03-22 10:51:22] mas veja que a essência dos dois casos é bem distinta.
[2017-03-22 10:52:32] http://nerdist.com/trap-a-self-driving-car/
[2017-03-22 10:53:04] O Hugo editou com informações de opinião própria e de cunho informativo. Já o Anchises explicitamente aplicou a regra do "foda-se vou escrever algo que não sei se está certo e que se exploda por que hoje estou de mau humor"
[2017-03-22 10:53:45] Sugiro propor uma discussão sobre isso no próximo CMC e propor hm processo e recomendações (bloquear edição após reunião; evitar incluir piadas e comentários desnecessários na ata; revisar erros da ata na reunião seguinte)
[2017-03-22 10:54:08] justo!
[2017-03-22 10:55:10] Anchises aplicou a regga do "perfuntou, a resposta foi vaga, então corrigiu de forma aleatória para que, se alguém discurdasse, corrigisse a correção pq a porra do site é um wiki"
[2017-03-22 10:58:18] é... parece uma regra bem feia :-)
[2017-03-22 10:58:44] Parece uma regra de quem não dormiu bem na noite passada! :-D
[2017-03-22 11:02:55] document: /home/felipe/devel/github_tvdstaaij/telegram-history-dump/output/media/Garoa_Hacker_Clube_(Público)/download_135158025190114354.webp
[2017-03-22 11:39:03] document: /home/felipe/devel/github_tvdstaaij/telegram-history-dump/output/media/Garoa_Hacker_Clube_(Público)/download_476026781787226364.webp
[2017-03-22 11:56:07] https://www.youtube.com/watch?v=v9CWnV7aqgU
[2017-03-22 12:04:21] Que legal! 😍
[2017-03-22 12:04:54] muito bom, né?
[2017-03-22 12:05:45] muito muito mesmo!
[2017-03-22 12:22:59] Show a animação!
[2017-03-22 12:32:59] #Dica #LivroGratuito
Python Game Programming By Example:
https://www.packtpub.com/packt/offers/free-learning
[2017-03-22 12:34:07] document: /home/felipe/devel/github_tvdstaaij/telegram-history-dump/output/media/Garoa_Hacker_Clube_(Público)/download_272479773299572978.webp
[2017-03-22 14:47:24] Pessoal
[2017-03-22 14:47:35] Alguem vai na H2HC??
[2017-03-22 14:48:06] Ateh 31.03 eh 150reais
[2017-03-22 14:48:14] Vale pros treinamento tmbem?
[2017-03-22 14:48:15] Ow soh palestra
[2017-03-22 14:49:28] Cryptorave vo d certexa
[2017-03-22 14:49:31] Ja reservei o hotel
[2017-03-22 14:49:32] Haah
[2017-03-22 14:50:45] td mundo vai pro h2hc
[2017-03-22 14:50:50] obvio
[2017-03-22 14:51:19] td mundo vai pro h2hc
[2017-03-22 14:52:52] 😢
[2017-03-22 14:53:06] Ta...ma to com essa duvida ae :(
[2017-03-22 14:53:15] C os 150 eh soh pa palestra
[2017-03-22 14:53:20] Ow oq
[2017-03-22 14:53:31] Primeira vez q vo i
[2017-03-22 15:13:41] O que é h2hc? Na cryptorave eu vou
[2017-03-22 15:15:11] acho que a forma que consigo explicar melhor é: cryptorave é mais focado(não somente) pra inciantes e h2hc é pra quem já faz/trampa com SI a um bom tempo(conteudos mais avancados)
[2017-03-22 15:16:02] por exemplo tu vai ve mais sobre ferramentas, codigos, metodos no h2hc e no cryptorave vai ve mais sobre seguranca de dados, engenharia social etc
[2017-03-22 15:16:20] nao tem como comparar as duas na verdade
[2017-03-22 15:16:33] mas seria a forma mais simples de explicar na minha visao
[2017-03-22 15:16:56] mas o melhor de todos é claro a bsides que vai rolar em maio (jabá, fui pago, muito)
[2017-03-22 15:17:06] document: /home/felipe/devel/github_tvdstaaij/telegram-history-dump/output/media/Garoa_Hacker_Clube_(Público)/download_135158025190113722.webp
[2017-03-22 15:22:01] Obrigado @tilt4
[2017-03-22 15:22:29] Vo dxa passa a h2hc entao kkk...nal trampo ainda na area e temjo poca experiencia
[2017-03-22 15:23:22] se tiver condicoes mesmo iniciante é bom ir na h2hc
[2017-03-22 15:24:45] eu já vou ter que viajar para ir na cryptorave então, meio fora de questão H2HC, fora que a grana tá curta
[2017-03-22 15:24:45] =/
[2017-03-22 15:53:51] e ae, vocês acham que apple vai pagar o resgate?
[2017-03-22 16:14:36] acho que não
[2017-03-22 16:14:52] e nesse prazo dá pra fazer uma defesa boa
[2017-03-22 18:26:05] Galera que é front... preciso de um implementador para uma vitrine virtual para ecommerce que é de um plugin da empresa que eu trabalho

Quem tiver interesse em saber mais, me chame
[2017-03-22 18:41:58] photo: /home/felipe/devel/github_tvdstaaij/telegram-history-dump/output/media/Garoa_Hacker_Clube_(Público)/download_803721385_93814.jpg
[2017-03-22 19:06:08] Alguém está ou vai no garoa hoje ?
[2017-03-22 19:12:33] A Apple deve ter certeza que é blefe, ou que pode contornar a situação, caso contrário já teria pago e nem mesmo saberíamos do caso... o valor é muito baixo, considerando o risco...
[2017-03-22 19:14:21] mas segundo outras fontes, eles escalaram o preço
[2017-03-22 19:21:16] O status não está funcionando ?
[2017-03-22 19:30:34] Acho que não...
[2017-03-22 19:40:32] photo: /home/felipe/devel/github_tvdstaaij/telegram-history-dump/output/media/Garoa_Hacker_Clube_(Público)/download_803114176_23179.jpg
[2017-03-22 19:45:36] Já deve estar no RJ agora
[2017-03-22 19:46:21] Hahahaha... verdade...
[2017-03-22 19:47:45] ou no meio do oceano...
[2017-03-22 19:53:48] Duvido
[2017-03-22 19:55:07] "resgate"... LOL!
[2017-03-22 19:56:17] Dá até pra provar que você possui uma determinada informação, mostrando ela na íntegra, ou se for volumosa demais, computando e informando o checksum correto do dado secreto. Mas como faz pra provar que a informação foi deletada ?
[2017-03-22 19:56:33] Me parece quase impossível provar que algo foi deletado.
[2017-03-22 19:57:45] Pra quem ficou boiando e quer saber do que é que estamos falando: https://apple.slashdot.org/story/17/03/22/2021256/hackers-claim-access-to-300-million-icloud-accounts-demand-75000-from-apple-to-delete-the-cache-of-data
[2017-03-22 19:57:51] sem contar com os backups que eles deveriam ter
[2017-03-22 19:58:42] "deveriam"... usou o verbo no tempo certo... rs
[2017-03-22 19:59:27] acho que ele se referiu aos ladrões de dados. E acho que o tempo verbal que ele queria ter usado era pra ser "devem ter"
[2017-03-22 19:59:51] "Update: The group claims additional hackers have stepped forward and shared additional account credentials, putting the number of accessible iCloud accounts at over 627 million, according to security-centric website CSO Online."
[2017-03-22 20:00:02] O governo inglês obrigou o The Guardian a destruir os dados que o Snowden passou pra eles ... Filmaram 2 caras com furadeiras destruindo um Sd Card ... foi pra inglês ver mesmo né :p
[2017-03-22 20:00:29] não, referi aos backups do icloud mesmo
[2017-03-22 20:01:35] parece aquelas coisas de filme ruim e velho: " entregue os negativos "
[2017-03-22 20:01:36] se você lembrar os ultimos anos o icloud reduziu drasticamente o espaço gratuito para os ex-assinantes do @me alegando custo
[2017-03-22 20:02:27] hahaha exatamente, nego não desconfia q o cara fez 1 milhão de revelações antes de entregar os negativos
[2017-03-22 20:02:53] aí vcs lembram dos leaks de fotografias das celebs que supostamente foram vítimas de phishing? então
[2017-03-22 20:03:26] Mano, o slashdot está no lixo, mesmo, hein? COmentários dignos do UOL
[2017-03-22 20:03:53] não me espantaria o icloud não estar preparado para ataques desse nível, mês passado estava trocando minhas perguntas de segurança (são obrigatórias 3, mas para bypass a senha, só precisa acertar 2)
[2017-03-22 20:03:54] O cara está te chantageando, extorquindo, mas ele entregou o pendrive e os negativos então blz, ele deve ter sido idôneo em fazê-lo
[2017-03-22 20:04:19] slashdot desde que foi vendida, userbase antiga caiu fora e ficou concentrada no hackernews
[2017-03-22 20:05:01] sem contar que até reddit tem comentários mais interessantes
[2017-03-22 20:05:26] Até hoje, depois de pensar MUITO sobre o tema (é um problema computacional sobre o qual eu penso há vários anos já: "provar que algo foi deletado"), só consegui conceber uma forma de mostrar evidência forte de que algo foi de fato deletado (e acho que ainda não é convincente o suficiente pra chamar de prova): A organização que quer receber a prova teria que ser comprovadamente portadora de mais da metade do poder de armazenamento do mundo e então deveria requisitar dos sequestradores de dados que provem indiretamente que deletaram as informações em questão por meio do cômputo do checksum de um dataset suficientemente grande para ser impossível ele ter sido armazenado na outra metade do storage de dados mundial mantendo ainda armazenado um backup clandestino dos dados roubados.
[2017-03-22 20:05:51] E é uma técnica muito pouco útil por que tem muitos pré-requisitos difíceis de cumprir.
[2017-03-22 20:06:10] nunca pensei nisso, um sistema de esgoto blockchain?
[2017-03-22 20:06:32] ou seja... acho que é, ao menos na prática, impossível provar que algo foi deletado
[2017-03-22 20:07:02] pois é... block-chain pode ser um caminho... interessante...
[2017-03-22 20:07:20] pensei em duas maneiras neste exato momento, mas estou sem café
[2017-03-22 20:07:30] :-)
[2017-03-22 20:08:00] precisaria provavelmente de duas checagens, uma dela seria o tamanho total do disco e o checksum antes da remoção dos dados
[2017-03-22 20:09:24] no momento da remoção, dois checksums, uma do disco com os arquivos e outra sem os arquivos. o algoritmo deve ser suficientemente bom para que apenas com esses 2 checksums, gere algo para validadar o do momento anterior
[2017-03-22 20:09:28] Quer outro problema computacional instigante? Provar que uma CPU alheia executou com autenticidade um dado algorítmo. E por autenticidade eu quero dizer que simultaneamente: (1) Fez tudo o que tinha que fazer e (2) não fez nada que não foi requisitado.
[2017-03-22 20:09:28] eufemismo do dia
[2017-03-22 20:10:03] isso não parece ser viável em maquinas de von neumann
[2017-03-22 20:10:54] mas espero q eu esteja errado, seria legal ter um jeito de registrar isso, seria tipo memória registrada, versão cpu?
[2017-03-22 20:11:02] A que dados você tem acesso da CPU alheia?
[2017-03-22 20:11:26] Pois é... não sei dizer. Mas me parece um problema muito difícil. E a importância dessa questão é o fato que desta resposta depende a nossa confiança nas próprias CPUs dos nossos notebooks
[2017-03-22 20:11:29] Sabe, por exemplo, o tempo que ela demorou e a capacidade dela? Se sim, isso é bem factível com algoritmos ótimos.
[2017-03-22 20:12:25] "CPU alheia" pode ser pensada como uma CPU em um data-center. Mas na realidade até mesmo a CPU dos nossos laptops pode ser considerada "alheia" dado que ninguém sabe exatamente o que o design do silício implementa de fato.
[2017-03-22 20:13:09] É, então. Se você não sabe nada da CPU, então não tem como saber o que ela deixou de fazer.
[2017-03-22 20:13:54] como provar que outro disco não recebeu uma cópia integral dos dados antes da deleção ?
[2017-03-22 20:14:07] mas isso em condições ideais físicas em que as duas CPUs estarão, certo? em condições diferentes, os resultados serão diferentes pelo princípio da incerteza
[2017-03-22 20:14:16] pois é... treta!
[2017-03-22 20:15:17] Agora, se você tem como monitorar, por exemplo, o consumo dela, dá para ter uma boa ideia se ela está fazendo algo além do que o esperado. O erro vai aumentando conforme aumenta a incerteza sobre a eficiencia dela e a carga do seu software.
[2017-03-22 20:15:37] talvez o file system podia ser altamente dependente ao sistema de comunicação de verificação
[2017-03-22 20:15:41] mais info em: http://hackaday.com/2016/01/22/the-trouble-with-intels-management-engine/
[2017-03-22 20:15:51] Se enquadrar assim o problea, fica parecido com alguns ataques de side channel.
[2017-03-22 20:18:37] document: /home/felipe/devel/github_tvdstaaij/telegram-history-dump/output/media/Garoa_Hacker_Clube_(Público)/download_231345707569643838.webp
[2017-03-22 20:22:58] bacana, fico imaginando quanto de p&d a intel gasta pra esse assunto
[2017-03-22 20:26:06] fico imaginando quanto de p&d o(s) governo(s) gasta(m) para esse assunto
[2017-03-22 21:02:15] @heloa6 preciso de um email seu
[2017-03-22 22:11:28] Como ter certeza que estaria rodando estas checagens sobre uma máquina real e não uma camada de virtualização que alguém colocou lá?
[2017-03-22 23:45:43] "On Friday, March 17, we discovered that the password for one of our production databases had been accidentally posted to a public GitHub repository by one of our developers. "
[2017-03-22 23:45:43] fieldbook
[2017-03-22 23:47:03] document: /home/felipe/devel/github_tvdstaaij/telegram-history-dump/output/media/Garoa_Hacker_Clube_(Público)/download_193628056395448992.webp
[2017-03-22 23:53:55] https://www.inboxdb.com/fieldbook-security-disclosure-792922/
[2017-03-22 23:53:58] 29 min atrás, wow
