[2017-06-15 00:01:50] Está rolando de quarta-feira...
[2017-06-15 00:08:11] Campus BSB está sem bebedouros na arena haha
[2017-06-15 00:08:12] Pqp
[2017-06-15 00:08:17] Ainda bem que  não fui
[2017-06-15 00:08:51] 👍
[2017-06-15 09:20:02] Hj eh noite do arduino. Por ser feriado, sera que tera muita gente? To querendo trazer um amigo para conhecer o garoa hj que vive em itapevi
[2017-06-15 09:20:16] E tem muito interesse em visitar
[2017-06-15 10:03:03] "O LabHacker por motivos de força maior (e por motivos de termos um Ônibus) esta se desfazendo da incrível Kombi Hacker.

Essa Kombi serviu a varias aventuras e já vem de um caminho muito legal, adquirimos ela faz uns 2 anos de coletivo de Cultura Digital que atuava no interior de São Paulo.

Ela esta em bom estado, apesar de estar parada tem um tempo já :)

É uma Kombi 99, branca a gasolina.
Esta com a documentação em dia.

A gente pagou por ela 11 mil na época, que é o que esta valendo na tabela da Fipe.
Mas copiando a ideia do Diego Dotta - que colocou sua Kombi para vender uns anos atrás por uma combinação de 'preço e projeto' estamos abrindo esse form para buscar novos donos interessados ;)

Você escreve o que pretende fazer e o quanto esta disposto/pode pagar e no final a gente vai escolher por aqui o projeto mais legal e viável pra ambos os lados!

Valendo. As inscrições se encerram no final de Junho.

ps: O que tem de 'Hacker' na Kombi? Nada. E tudo. Kombi velha já é um carro hacker por natureza e essa ai já hackeou varios espaços cidade à fora.
pps: A Kombi esta em São Paulo. Pode viajar para outros lugares, mas a retirada fica por sua conta.
ppps: Mais dúvidas em lab@labhacker.org.br"
[2017-06-15 12:27:04] GaroaComb rumo ao GaroaCamp
[2017-06-15 12:57:16] Vai ta cheio de gente
[2017-06-15 16:01:59] Alguém que fudeu com a maquina de gelo tem alguma ideia do que aconteceu?
[2017-06-15 16:45:14] @fsanches 
https://www.space.com/37163-3d-printed-rocket-engine-launches-new-space-exploration-era.html
[2017-06-15 17:02:32] Motor impresso em 24 horas... Quase incomparável com todos os outros motores.
[2017-06-15 17:02:50] Aproveitando a deixa, alguém aqui se interessa por espaçomodelismo?
[2017-06-15 18:50:05] photo: /home/felipe/devel/github_tvdstaaij/telegram-history-dump/output/media/Garoa_Hacker_Clube_(Público)/download_803117463_70568.jpg
[2017-06-15 18:50:54] Garoa na lista de biohacking spaces da Make: desse mês :)
[2017-06-15 18:53:48] Uhul
[2017-06-15 19:59:00] King in the Osasco joined
[2017-06-15 19:59:00] Hi bolichefe !
[2017-06-15 20:55:53] uhul nd, nem tamo tocando atividade de biohack
[2017-06-15 20:56:33] Eu
[2017-06-15 21:01:55] cadê implante magnético
[2017-06-15 21:03:15] meu Femur direito tem uma haste de aço,  isso conta? Rsrsrsrs
[2017-06-15 21:04:54] No meu caso, é no esquerdo
[2017-06-15 21:20:45] 🙋🏻‍♂️
[2017-06-15 21:34:26] document: /home/felipe/devel/github_tvdstaaij/telegram-history-dump/output/media/Garoa_Hacker_Clube_(Público)/download_5051291829731852322
[2017-06-15 21:36:43] document: /home/felipe/devel/github_tvdstaaij/telegram-history-dump/output/media/Garoa_Hacker_Clube_(Público)/download_560220067913007742.webp
[2017-06-15 21:36:56] document: /home/felipe/devel/github_tvdstaaij/telegram-history-dump/output/media/Garoa_Hacker_Clube_(Público)/download_803113474_72029.jpg
[2017-06-15 21:39:02] Developers Who Use Spaces Make More Money Than Those Who Use Tabs
https://t.co/5VA6TMfYog
[2017-06-15 21:54:30] Vi ao vivo
[2017-06-15 21:55:17] Eu fiz um modelo do Falcon 9 da SpaceX
[2017-06-15 21:55:34] De papel 300g
[2017-06-15 22:08:55] Galera, alguém sabe dizer se existe algum hackerspace totalmente virtual? Digo que desenvolva os projetos pelo contato virtual... será que tem algum?  Pode ser fora do país...
[2017-06-15 22:10:31] Haaaaa... e Felipe, gostei muito do seu material viu... principalmente o projeto de engenharia reversa... muito interessante...
[2017-06-15 22:11:15] Masomenas, Dumont Hackerspace
[2017-06-15 22:12:04] Massa... vou atrás... obrigado Fernando...
[2017-06-15 22:14:17] Alguém tem o link?
[2017-06-15 22:14:22] Na verdade eu queria dizer mini-foguetes 😅
[2017-06-15 22:16:04] Tipo, alguns de classe A ou abaixo são bem simples de fazer. Se juntar um bom pessoal, da pra fazer algumas coisas legais como um sistema simples de bordo pra registrar o voo com arduino e um motor híbrido de ar comprimido e combustível sólido
[2017-06-15 23:31:03] O Falcon 9 é um foguete espacial. O meu é um modelo de papel. Portanto, modelismo. E, portanto, espacial.
[2017-06-15 23:33:06] Eu tenho medo de morrer. Por enquanto ainda é mais fácil eu me arriscar com manutenção de tubos CRT de arcades...
[2017-06-15 23:54:18] Eu entendi, amigo. Por isso mesmo corrigi o termo que eu usei mais cedo.
[2017-06-15 23:55:06] Medo de morrer com reação de açúcar e nitrato de potássio? LOL
