[2017-07-12 07:27:07] Sábado vamos na Biblioteca Villa Lobos ensinar crianças um pouco de eletricidade, condutividade, e mexer em interfaces de jogos usando makey-makey  http://www.bvl.org.br/evento/makey-makey/
[2017-07-12 07:27:18] Estão todos convidados a ajudar
[2017-07-12 07:49:28] Legal aquela biblioteca
[2017-07-12 07:49:47] Fiz ate a carteirinha lá  domingo passado
[2017-07-12 08:17:49] Legal. Que horas?
[2017-07-12 09:32:13] 14h
[2017-07-12 10:18:26] pessoal, estamos a fim de melhorar umas coisas no espaço, vai dar um pouco de trabalho, abri uma thread aqui https://groups.google.com/forum/#!topic/hackerspacesp/N8GjudBzC3A
[2017-07-12 12:27:23] Alguém com problema com serviços da receita especificamente acesso aos arq xml de nfe
[2017-07-12 12:27:23] ?
[2017-07-12 15:54:36] Comecei a documentar o projeto do Another World aqui: https://forum.fiozera.com.br/t/estudando-a-maquina-virtual-do-jogo-another-world/127
[2017-07-12 16:42:28] 👍
[2017-07-12 17:17:11] mas que coisa mais linda de se ver 😊
[2017-07-12 17:18:02] Verdade
[2017-07-12 17:20:27] finalmente vi evidências de alguém usando do jeito certo esse resfriador que eu tinha feito
[2017-07-12 17:20:55] da última vez que eu me lembro, queriam colocar a cerveja dentro do balde com serpentina 😂
[2017-07-12 17:21:38] (e passar água gelada por dentro da serpentina; faz sentido, mas é do outro jeito que é melhor mesmo)
[2017-07-12 17:31:18] photo: /home/felipe/devel/github_tvdstaaij/telegram-history-dump/output/media/Garoa_Hacker_Clube_(Público)/download_803110446_111837.jpg
[2017-07-12 17:32:56] 👍
[2017-07-12 17:35:56] @fsanches
[2017-07-12 18:01:03] Hoje no Castálio Podcast vai ter LinuxTips, DevOps e Cerveja com Jeferson Noronha - ao vivo às 20h https://www.youtube.com/watch?v=6eETLbi9gKQ #devops #docker #ansible #linux #beer
[2017-07-12 18:03:51] Nice, ta no pocketcast :)
[2017-07-12 18:12:35] tá sim! mas o episodio em audio so sai segunda as 11h (as quartas gravamos ao vivo as 20h e segudna sai o audio no podcast)
[2017-07-12 20:46:26] Ana Fortkamp joined
[2017-07-12 20:46:27] Hi Ana !
[2017-07-12 21:42:37] Legal, vpu pegar alguns para ouvir =D
