[2017-11-30 00:05:38] photo: /home/felipe/devel/github_garoa/Telegram_logs_Garoa_Hacker_Clube_Publico/media/Garoa_Hacker_Clube_(Público)/download_806120947_784.jpg
[2017-11-30 00:06:13] photo: /home/felipe/devel/github_garoa/Telegram_logs_Garoa_Hacker_Clube_Publico/media/Garoa_Hacker_Clube_(Público)/download_4972530680803098658
[2017-11-30 00:13:05] Só tinha os capacitores na caixa? 🤣
[2017-11-30 00:13:44] Não creio que seja só os capacitores kkkkkkk
[2017-11-30 00:14:50] Só, é mil metros de papel bolha
[2017-11-30 00:15:11] Quem mandou fez isso de zoeira, não é possível
[2017-11-30 01:10:29] Kraaaaaaaaaaaaaaaa...aaaaaaa...aaaaaaa...lho... foram só esses?
[2017-11-30 01:11:35] Olhando essa foto, estou achando uma coisa muito suspeita... esses terminais curtos aí. Pra mim isso parece q foi retirado de alguma placa. Ou seja, talvez sequer sejam capacitores novos.
[2017-11-30 03:17:11] Podcre, eu nem conferi, mas acho q é novo sim
[2017-11-30 07:13:57] Kemel Zaidan?
[2017-11-30 07:50:03] Sim... agora ele está na Nuveo...
[2017-11-30 08:10:22] https://twitter.com/ludumdare/status/936023231030616064
[2017-11-30 08:17:17] Minhas desculpas pela rudeza. No meu caso acho que está mais para ranzinza de velho do que impaciência adolescente. De qualquer forma falhei no "be excellent" e peço desculpas.
[2017-11-30 08:20:28] Nice, estudei com ele na faculdade, nao sabia que ele também frequentou o Garoa
[2017-11-30 08:38:55] https://science.slashdot.org/story/17/11/29/2120228/bacteria-found-on-iss-may-be-alien-in-origin-says-cosmonaut
[2017-11-30 08:41:40] photo: /home/felipe/devel/github_garoa/Telegram_logs_Garoa_Hacker_Clube_Publico/media/Garoa_Hacker_Clube_(Público)/download_806119414_591.jpg
[2017-11-30 08:59:44] Vc teve alguma reclamação,  observação sobre fazer essa mudança?
[2017-11-30 09:01:37] Pq teria reclamação? 
Coloquei um SSD de 400gb e agora meu Mac boota em 3 segundos ao invés de 30 e de quebra, tenho 1TB de espaço para dados
[2017-11-30 09:04:57] Quero criar um site institucional para a empresa que estou começando
[2017-11-30 09:06:27] Sim..  Vi alguns videos no YouTube nesse sentido. 
Estou pensando em colocar um ssd no lugar do dvd e deixar como OS.. E o hd original transformar em arquivo
[2017-11-30 09:12:27] 👏👏 show
[2017-11-30 09:15:22] Descaminho (importação ilegal) de papel bolha. O capacitor era pra despistar.
[2017-11-30 09:27:49] "That moment, when your supercar goes faster when being towed..."
[2017-11-30 09:27:52] https://www.instagram.com/p/BcGk5jjgyFn/
[2017-11-30 09:28:05] https://www.youtube.com/watch?v=s9k1KaoNDHw
[2017-11-30 09:55:22] Bom dia!
[2017-11-30 09:55:26] Tudo bem com vcs?
[2017-11-30 09:55:36] Alguem aqui manja de Banco de dados e Linked Server?
[2017-11-30 10:05:34] Sql + Oracle
[2017-11-30 10:05:42] Só tome cuidado pq existem dois tamanhos. 9,5 e 12,7mm.
[2017-11-30 10:11:59] Sim..  Obrigado
[2017-11-30 11:25:09] Olá, Humanos.
[2017-11-30 11:25:42] Eu já fui no espaço do Garoa algumas vezes. Gostaria de saber se hoje vai estar aberto pela noite. (:
[2017-11-30 11:26:06] Estou trabalhando literalmente do lado de Pinheiros e fica fácil agora para dar uns pulos por aí.
[2017-11-30 11:33:10] 👍🏻👍🏻 all good
[2017-11-30 11:34:38] document: /home/felipe/devel/github_garoa/Telegram_logs_Garoa_Hacker_Clube_Publico/media/Garoa_Hacker_Clube_(Público)/download_789525747621429365.webp
[2017-11-30 11:34:41] Villares é gente finíssima!
[2017-11-30 11:35:27] mas essas trilhas de PCB desalinhadas são inaceitáveis ! Peça desculpas agora ! (preciso ir puxar as orelhas de Tony de Marco)
[2017-11-30 11:35:44] Kkkk
[2017-11-30 11:35:58] Eu sou gente gordíssima... 😰
[2017-11-30 11:35:59] document: /home/felipe/devel/github_garoa/Telegram_logs_Garoa_Hacker_Clube_Publico/media/Garoa_Hacker_Clube_(Público)/download_789525747621429381.webp
[2017-11-30 11:38:39] Onde acho raspberrypi e display nextion na santa ifigênia sem ter que vender meus rins?
[2017-11-30 11:47:40] Em Santa não sei, mas tinha promoção de Raspi no filipeflop um tempinho aí... me interessa esse lance dos displays, não manjo nada.
[2017-11-30 11:53:43] Se vc precisa disso pra hoje (ou no máximo uma ou duas semanas) eu diria q vc tem poucas opções - Sta. Efigênia, para achar um preço justo, eu diria esqueça.
[2017-11-30 11:54:39] Como eu não tenho pressa com essas coisas, e conheço muito bem como funciona o esquema de importar itens da China e aguardar a RF liberar, etc... eu vou sempre nessa opção.
[2017-11-30 11:55:25] Mas o @villares falou uma coisa certa agora, a Flip e Flop estava até umas duas semanas atrás praticando RPi zero W a R$80,00 (dica do DQ)
[2017-11-30 11:55:51] Preço esse q nem na China estava sendo praticado (>R$100,00)
[2017-11-30 12:04:00] Rasp tenho kit a 220. Rasp, case oficial, dissipadores e adaptador de tomada
[2017-11-30 12:04:27] Sim. Acho que umas 19h já deve ter alguém
[2017-11-30 12:10:55] Seja sempre bem-vinda. Quarta tem rolado data science mais pro avançado. Quinta e Sexta papos variados (teoricamente quinta é noite do Arduino).
[2017-11-30 12:11:38] Segunda segunda-feira do mês Python Lab. Terceira segunda-feira do mês Educação e Tecnologia.
[2017-11-30 12:12:25] Última terça do mês: Noite de Processing - arte e programação (mas em recesso em dezembro, próximo encontro em janeiro).
[2017-11-30 12:13:15] Sábados tem Quebrando Cerco e CTF mas não manjo da programação, perguntemos ao @Gutemhc ...
[2017-11-30 12:14:29] Opa, só chegar
[2017-11-30 16:04:49] Vixiii estava lá hoje a tarde..  Pena que nao vi essas msgs.. Perto do número 200 tem uma galeria que lá no fundo tem uma loja que vende kits de mecânica (tipo erector), arduinos e raspiberry...  Eu vi que tinha..  Mas  ao perguntei os preços
[2017-11-30 16:21:18] No boca a boca encontrei 5 lojas com arduinos, raspberry, com precos bem variados, achei raspberry pi 3 por R$200,00, mas infelizmente nao achei o display nextion.
[2017-11-30 16:27:07] Em média, um RPi3 vindo da China sai em torno de R$130~R$140. Mas tem o contratempo de demorar até chegar na sua casa. Diria q se for para comprar e ter na mão em poucos dias, a FlipeFlop ainda está com preço mais razoável: https://www.filipeflop.com/categoria/raspberry-pi/placas-raspberry-pi/
[2017-11-30 16:39:46]  joined
[2017-11-30 16:39:47] Hi August !
[2017-11-30 17:19:35] https://olhardigital.com.br/noticia/russia-quer-criar-internet-paralela-com-brasil-e-china-mas-sem-estados-unidos/72675
[2017-11-30 17:19:51] Rússia Brasil e China
[2017-11-30 17:19:56] Putaria sem limites
[2017-11-30 17:20:13] document: /home/felipe/devel/github_garoa/Telegram_logs_Garoa_Hacker_Clube_Publico/media/Garoa_Hacker_Clube_(Público)/download_272479773299573004.webp
[2017-11-30 17:21:59] Brasil deveria aproveitar e fazer um acordo para transferência de tecnologia do Glosnass e do Beidou juntos com essa da internet...
[2017-11-30 17:22:22] É
[2017-11-30 17:22:56] document: /home/felipe/devel/github_garoa/Telegram_logs_Garoa_Hacker_Clube_Publico/media/Garoa_Hacker_Clube_(Público)/download_150229821346022369.webp
[2017-11-30 17:23:13] O próximo presidente vai ser dr rey
[2017-11-30 17:23:40] Aí desistem de colocar Brasil
[2017-11-30 17:24:37] Mas acho que Brasil só taí pra ser backup pq os mísseis da Korea do norte não.chega aqui
[2017-11-30 17:26:03] seria um OpenNIC com apoio governamental?
[2017-11-30 17:28:26] https://www.amazon.com.br/Zona-Retaguarda-estrat%C3%A9gia-nuclear-Vermont-ebook/dp/B00E9W69IC
[2017-11-30 17:29:06] Esse porra é séria. Hue está guardado para quando rolar a guerra nuclear heheheheh
[2017-11-30 17:29:21] É
[2017-11-30 17:29:22] Kkkkk
[2017-11-30 17:31:51] Quem que tá atacando o whatsapp?
[2017-11-30 17:34:41] Saiu do ar por 5 min
[2017-11-30 17:44:57] A massa anda tão viciada em wsapp que qualquer falha pessoal se desespera, só uso para conversar com cliente ou o grupo de breja
[2017-11-30 17:45:45] O que me irrita profundamente do wpp é a necessidade de vc estar com seu celular conectado pra poder usar o whatsapp web
[2017-11-30 17:46:31] Vamos montar um grupo de telegram então kkk. Já aproveitamos expulsamos os intrusos heheheh
[2017-11-30 18:06:38] Sim, pi zero no felipe flop esta o mais em conta. 😉
[2017-11-30 18:07:27] Atualizei a wiki do garoa com algumas lojas por onde passei https://garoa.net.br/wiki/Lojas
[2017-11-30 18:13:48] Cannot access the database
[2017-11-30 18:18:24] Aqui abriu normal.
[2017-11-30 18:20:27] Foi corrigido
[2017-11-30 18:20:49] Aqui está ok também
[2017-11-30 18:27:14] Olá Amigos da Diaspora!

Devido a um erro de gerenciamento as contas abaixo foram canceladas. Infelizmente não há como recuperá-las de forma integral.
No próximo Sábado faremos uma tentativa de restabelecer a maior quantidade possível de dados e configurações.

Se você tiver o contato pessoal de qualquer um deles, favor avisá-los dessa manutenção e que se precisarem que entrem em contato diretamente comigo.

actantes@diasporabr.com.br
adfeno@diasporabr.com.br
alan_c0st4@diasporabr.com.br
alessandro_feitoza@diasporabr.com.br
alexmoura@diasporabr.com.br
anahuac@diasporabr.com.br
anapaulajulianaperin@diasporabr.com.br
andersontomkelski@diasporabr.com.br
aquaterra@diasporabr.com.br
arescorpio@diasporabr.com.br
atenagoras@diasporabr.com.br
bardo@diasporabr.com.br
bino@diasporabr.com.br
cao3026@diasporabr.com.br
cartacampinas@diasporabr.com.br
curitibalivre@diasporabr.com.br
dausacker@diasporabr.com.br
deivi@diasporabr.com.br
drahcir9@diasporabr.com.br
eltonsf@diasporabr.com.br
epimenta@diasporabr.com.br
fabiano_barreto@diasporabr.com.br
fa@diasporabr.com.br
fisl@diasporabr.com.br
forumbr@diasporabr.com.br
fredlima@diasporabr.com.br
gaelsreis@diasporabr.com.br
gussocial@diasporabr.com.br
halencarjunior@diasporabr.com.br
henriquecrang@diasporabr.com.br
hudson@diasporabr.com.br
islene@diasporabr.com.br
jackson@diasporabr.com.br
jesulino_alves@diasporabr.com.br
katochi@diasporabr.com.br
kretcheu@diasporabr.com.br
lacaster@diasporabr.com.br
laris@diasporabr.com.br
lcomedeiros@diasporabr.com.br
lxoliva@diasporabr.com.br
madruga@diasporabr.com.br
marinholana@diasporabr.com.br
mirui@diasporabr.com.br
nicolasmaia@diasporabr.com.br
petrolifero@diasporabr.com.br
phls@diasporabr.com.br
prenass@diasporabr.com.br
rodrigo@diasporabr.com.br
rotciv@diasporabr.com.br
rpez@diasporabr.com.br
samadeu@diasporabr.com.br
sombra@diasporabr.com.br
t_f_mendonca@diasporabr.com.br
valdemir_sales@diasporabr.com.br
vera@diasporabr.com.br
wellton@diasporabr.com.br
[2017-11-30 20:37:20]  joined
[2017-11-30 20:37:22] Hi José !
[2017-11-30 22:11:57] https://t.co/y7nBo8zukt
[2017-11-30 22:12:31] photo: /home/felipe/devel/github_garoa/Telegram_logs_Garoa_Hacker_Clube_Publico/media/Garoa_Hacker_Clube_(Público)/download_805514253_53405.jpg
[2017-11-30 22:13:57] https://www.instagram.com/p/BcIAthVDePZ/
[2017-11-30 22:31:47] Acabou de chegar meu PC..  Veio com linux Ubuntu...  É meu primeiro contato com esse OS... 
To apanhando pra instalar o Firefox
[2017-11-30 22:32:11] Vou assistir algumas horas de tutorial do youtube :)
[2017-11-30 22:32:18] Melhor. Fazer pipoca..  Rs
[2017-11-30 22:33:04] photo: /home/felipe/devel/github_garoa/Telegram_logs_Garoa_Hacker_Clube_Publico/media/Garoa_Hacker_Clube_(Público)/download_804730903_60948.jpg
[2017-11-30 22:42:58] nossa até eu fiquei animado hueuhe
[2017-11-30 22:43:10] legal rafael
[2017-11-30 22:51:49] wtf...?
[2017-11-30 22:52:23] pois é...
[2017-11-30 23:14:30] Se for bom assim eu tbm quero um
[2017-11-30 23:14:46] Solução perfeita para a crise dos preços dos combustíveis.
