[2017-10-13 00:10:44] Euuu
[2017-10-13 01:25:14] rmx PTONBR joined
[2017-10-13 01:25:15] Hi rmx !
[2017-10-13 03:01:16] Quer fazer uma atividade dessa no Quebrando o Cerco?
[2017-10-13 03:02:01] Eu esperava um outro evento em outro dia
[2017-10-13 03:02:23] Você que sabe
[2017-10-13 03:02:49] Hm...
[2017-10-13 06:52:33] Que tipo de Hacking ?
[2017-10-13 08:08:03] Pentest wireless, to falando com ele ja, logo mais novidades
[2017-10-13 08:55:14] O que seria o Quebrando o Cerco?
[2017-10-13 08:55:19] Bom dia pessoal
[2017-10-13 09:00:16] Eu me interesso também.

Inclusive comprei um adorador wireless e uma antena de 12dBi na Sta justamente pra realizar alguns testes de quebra de senha. E obtive êxito na maioria.
[2017-10-13 09:29:13] O que seria um adorador wireless?
[2017-10-13 09:33:46] Amem, senhor!
[2017-10-13 09:34:17] 😂😂😂😂😂😂😂😂😂😂😂
[2017-10-13 09:34:30] Santo Corretor Ortográfico kkkkkkkk
[2017-10-13 09:34:39] Adaptador Wireless
[2017-10-13 09:34:57] Hauahhaauhaha
[2017-10-13 09:35:30] qual modelo?
[2017-10-13 09:38:22] TP-LINK TL-WN72N
[2017-10-13 09:46:07] https://garoa.net.br/wiki/Quebrando_o_Cerco
[2017-10-13 09:47:31] Obrigado. Vou ler.
[2017-10-13 09:55:19] Poxa que bacana!
Se encaixa bem um wireless hack no Quebrando o Cerco 🤔
[2017-10-13 10:32:12] Amanhã tem treinamento pro pwn2win quem quiser ir preparar a máquina pra participar só chegar. Vai ser a tarde.
[2017-10-13 10:33:01] q horas?
[2017-10-13 10:33:21] 14h
[2017-10-13 10:34:17] blz
[2017-10-13 10:34:22] Falando nisso precisamos hackear aquele painel de led. Tu conseguiu ele onde?
[2017-10-13 10:34:23] se der eu colo
[2017-10-13 10:34:25] vlw
[2017-10-13 10:34:41] aliexpress
[2017-10-13 10:34:47] Kkkkkkk
[2017-10-13 10:34:48] us$10
[2017-10-13 10:34:57] Muito bem feito
[2017-10-13 10:36:44] https://pt.aliexpress.com/item/p5-full-color-led-module-rgb-hd-pixel-1-16-scan-320-160mm-64-32-pixel/32814868629.html?spm=a2g03.search0204.3.62.05HzuB&s=p&ws_ab_test=searchweb0_0%2Csearchweb201602_5_10152_10065_10151_10068_10344_10345_10342_10343_10340_10341_10307_10060_10155_10154_10056_10055_10054_5370015_10536_10059_10534_10533_10532_100031_10099_10338_10103_10102_10052_10053_10142_10107_10050_10051_10173_10084_10083_10080_10082_10081_10110_5590015_10111_10112_10113_10114_5610011_10312_10313_10314_10078_10079_10073%2Csearchweb201603_30%2CppcSwitch_2_ppcChannel&btsid=5956b622-bc1e-4f75-99e9-f17bba58a343
[2017-10-13 10:37:27] https://pt.aliexpress.com/wholesale?catId=0&initiative_id=SB_20171013053615&isPremium=y&SearchText=led+display
[2017-10-13 10:37:31] tem varios
[2017-10-13 10:42:50] Vamo vê a complexidade de usar
[2017-10-13 10:43:02] Aí compro um
[2017-10-13 10:43:13] Ehehe
[2017-10-13 10:44:46] legal
[2017-10-13 10:44:49] dei uma estudada
[2017-10-13 10:45:07] tem uma biblioteca adafruit qque deva servir
[2017-10-13 12:28:30] Hoje vai rolar robótica ?
[2017-10-13 12:29:17] Vou passar à noite e vou levar um amigo para conhecermos o local e o pessoal
[2017-10-13 12:29:19] ai fica de boas demais, mas o Afonso é maker raiz, vai querer usar assembly certeza
[2017-10-13 12:41:05] Kkkkk
[2017-10-13 12:54:00] Hoje tem Open Hack Night...
https://garoa.net.br/wiki/Open_Hack_Night
[2017-10-13 18:08:31] E falando sobre o Pi-Top, eis que surge uma matéria no tecnoblog...
 https://tecnoblog.net/226001/pi-top-laptop-programacao/
[2017-10-13 18:17:48] @marcelocamposs marcelo, mesmo nessa chuva você vai ao Garoa hoje?
[2017-10-13 18:20:17] Tô chegando já !!
[2017-10-13 18:20:42] Eita, então vou arrumar as coisas e ir prá lá!
[2017-10-13 18:21:08] Vou levar a impressora 3d pra montar ai
[2017-10-13 18:22:44] Blz
[2017-10-13 18:39:03] Agora está parando de chover aqui em Pinheiros
[2017-10-13 18:40:01] Massa, to saindo de perdizes agora, devo chegar daqui a pouco ai! :)
[2017-10-13 19:13:30] Cheguei no garoa, está aberto
[2017-10-13 19:38:25] No caminho pro garoa
[2017-10-13 20:12:11] photo: /home/felipe/devel/github_tvdstaaij/telegram-history-dump/output/media/Garoa_Hacker_Clube_(Público)/download_804725094_43941.jpg
[2017-10-13 20:18:59] document: /home/felipe/devel/github_tvdstaaij/telegram-history-dump/output/media/Garoa_Hacker_Clube_(Público)/download_626950377790505004.webp
[2017-10-13 20:23:52] https://www.facebook.com/events/1896983403952849/?ti=as
[2017-10-13 20:24:45] Ao que parece é um projeto
[2017-10-13 20:39:59] Sim, é um projeto deles
[2017-10-13 20:44:25] Esse “garota hacker clube” é um lab de práticas hacker e maker para mulheres com cursos de
programação, impressão 3-D, eletrônica, debates, bate-papos sobre segurança digital e as relações entre tecnologias, gênero e sociedade
[2017-10-13 20:50:16] Criado por meninas?
[2017-10-13 20:51:00] lembro da discussão do grupo, da hora, projeto bacana!
[2017-10-13 20:54:28] Sim
[2017-10-13 20:56:45] beleza, brigado pela info
[2017-10-13 20:58:08] +1
[2017-10-13 21:09:55] não faz sentido o que falou, só isso
[2017-10-13 21:12:43] Carlos Eduardo joined
[2017-10-13 21:15:12] Salve Carlos Eduardo!
[2017-10-13 21:15:50] Bem-vindo, O Garoa Hacker Clube deseja as boas-vindas ao nosso grupo público http://garoa.net.br
Regras:
- Assédio, intolerância e atividades ilícitas não serão tolerados
- Be excellent to each other
- Leia nosso FAQ: https://garoa.net.br/wiki/FAQ
[2017-10-13 21:16:20] Salve!
[2017-10-13 22:24:41] Apagaram as mensagens? Entendi é nada.
[2017-10-13 22:34:13] Não é pra entender
[2017-10-13 22:34:16] Tem que sumir msm
[2017-10-13 23:08:23] Pedro joined
[2017-10-13 23:08:24] Hi Pedro !
[2017-10-13 23:09:19] Boa noite! ^^
[2017-10-13 23:10:36] Ele respondeu mensagens que foram apagadas... não é com você, Corvolino...
[2017-10-13 23:11:47] Eu respondi uma mensagem q ele falou lá. Tá suave :)
[2017-10-13 23:11:54] Eu lembro também, elas queriam homenagear o Garoa, e perguntaram se poderiam usar o nome...
[2017-10-13 23:24:38] photo: /home/felipe/devel/github_tvdstaaij/telegram-history-dump/output/media/Garoa_Hacker_Clube_(Público)/download_804723979_44729.jpg
[2017-10-13 23:25:27] E hoje hoje rolou montagem de impressora 3d no Garoa
[2017-10-13 23:26:09] photo: /home/felipe/devel/github_tvdstaaij/telegram-history-dump/output/media/Garoa_Hacker_Clube_(Público)/download_804722749_46268.jpg
[2017-10-13 23:26:44] ...e quase de drone também, não deu tempo
