[2017-05-03 00:00:17] Tive esse problema no meu Asus, resolvi atualizando o kernel pra 4.x
[2017-05-03 00:16:55] Isto sempre foi avisado no @cryptolinks

Segurança é uma ilusão.
[2017-05-03 00:36:20] http://www.phoronix.com/scan.php?page=news_item&px=INTEL-SA-00075
[2017-05-03 00:50:57] deu ruim mais ou menos né
[2017-05-03 01:25:01] por isso que ainda me pergunto: cade os processadores de arquitetura aberta...
[2017-05-03 01:38:34] amplio para, e o hardware livre?
[2017-05-03 03:07:57] Estamos a anos disto.
[2017-05-03 03:08:13] Ineficiente. Os circuitos integrados ainda serão caixas pretas.
[2017-05-03 03:10:09] Só quando tivermos como fabricar processadores em casa como fabricamos peças em uma impressora.

E FPGA... Bem, ela já vem montada. Pode ter uma backdoor inclusa.
[2017-05-03 08:17:14] Linus tentou fazer isso com a Transmeta mas dado a concorrência, faliu.
[2017-05-03 08:18:44] Depende quais CIs, muitos tem o datasheet aberto na internet, podendo ser replicados em GAL, PAL e FPGA.
[2017-05-03 08:23:00] Não creio que exista Backdoor em FPGA, dado o que alguns mal tem espaço para a implementação de lógica de um processador de 8 bits. Ex: MSX Zemmix Neo, ZX Spectrum Next, TBBlue, o Multicore do Victor Trucco, etc.
[2017-05-03 09:02:43] gabriel joined
[2017-05-03 09:02:44] Hi gh !
[2017-05-03 09:05:40] Pra quem está pra receber dinheiro do FGTS na Caixa, acabei de ver que o meu valor foi programado para transferir para uma conta bancária que nem é minha. Fiquem atentos a fraudes!
[2017-05-03 09:44:08] acho que ele se referia a backdoor na parte fixa do design da FPGA, e não na região de células reconfiguráveis
[2017-05-03 09:44:19] Como você viu isso? O site só me fala "agendado" sem mais nem menos
[2017-05-03 09:49:44] Alguém recomenda um roteador com bom CxB pra ligar em um modem no modo bridge?
[2017-05-03 09:56:09] Ja saquei o meu, ja bem guardado numa poupança.
[2017-05-03 09:56:28] Eu sinceramente duvido que tenha.
[2017-05-03 09:57:00] Cisco
[2017-05-03 09:57:02] Ao entrar no extrato da conta aparecem os valores a serem utilizados, uma de minhas contas tem umas merrecas sendo retiradas
[2017-05-03 09:58:57] Nossa, como eles deixam transferir pra contas sem mais nem menos, sem verificar titularidade.
Vou ver isso, obrigada pela dica
[2017-05-03 09:59:21] Se no extrato estiver constando isso, corra em qualquer agência e avise.
[2017-05-03 10:00:34] Tem grupos dentro da caixa desviando $$$, meu pai ja teve que cancelar uma conta por causa disso.
[2017-05-03 10:01:15] Sim, exato! No telefone eles falaram que era fraude mesmo e só pode ser resolvido na agência. Só estou passando a dica pra vocês verificarem. O mais interessante é que o valor do saque é em centavos equivalente ao que tinha numa das contas, ou seja, eles tinham acesso ao saldo.
[2017-05-03 10:01:54] A Caixa não tem o @anchisesbr para proteger os usuários.
[2017-05-03 10:02:24] É por causa disso que não tenho conta na Caixa, muito roubo...
[2017-05-03 10:04:35] document: /home/felipe/devel/github_tvdstaaij/telegram-history-dump/output/media/Garoa_Hacker_Clube_(Público)/download_669159254791291348.webp
[2017-05-03 10:07:53] A questão não é achar que tem ou duvidar que tenha. A questão é que é muito difícil do ponto de vista técnico detectar a presença ou certificar-se da ausência de funcionalidades maliciosas nas pastilhas.
[2017-05-03 10:10:15] Há vida em Europa ou em alguma outra das luas de Júpiter? "Eu sinceramente duvido que tenha" é uma opinião pessoal que não muda em nada a busca em questão.
[2017-05-03 10:14:46] Todos são culpados ate que prove o contrário, opinião de juristas...
[2017-05-03 10:16:26] :-P
[2017-05-03 10:16:36] https://news.slashdot.org/story/17/05/02/220252/tesla-executives-linked-to-investment-in-a-startup-that-focuses-on-materials-recycling
[2017-05-03 10:16:49] Até semana passada eu achava que o Acre não existia, quando de repente o BK abriu uma loja lá...
[2017-05-03 10:18:00] @heloa6 vai no BlackBlockChain no domingo?
[2017-05-03 10:21:41] Não sei se estarei em SP :p
[2017-05-03 10:28:58] 😔
[2017-05-03 10:31:40] Sinal evidente de que a realidade independe de tudo o que você pensa. :-) 👍
[2017-05-03 10:32:03] esclarecendo: independe de tudo o que qualquer pessoa pense.
[2017-05-03 10:33:46] Lucca joined
[2017-05-03 10:33:46] Hi Lucca !
[2017-05-03 11:55:07] Independe sequer se a pessoa pensa!
[2017-05-03 11:55:51] exato!
[2017-05-03 11:57:05] document: /home/felipe/devel/github_tvdstaaij/telegram-history-dump/output/media/Garoa_Hacker_Clube_(Público)/download_328774854541050272.webp
[2017-05-03 12:03:29] olha pensamentos budistas aí 👏🏼
[2017-05-03 12:04:24] Mas vale lembrar que tem gente que discorda disso.
[2017-05-03 12:05:09] No meu caso são pensamentos ateistas mesmo.
[2017-05-03 12:05:32] budismo é ateísta tb ;)
[2017-05-03 12:05:45] um viva para a diversidade cultural e ideologica da humanidade!
[2017-05-03 12:05:52] Tem gente que acredita em pó de pirlimpimpim... !
[2017-05-03 12:06:31] isso é lógico, na realidade, filosoficamente falando, não é opinativo
[2017-05-03 12:08:09] https://www.cnet.com/news/food-delivery-robots-yelp-eat24-marble-san-francisco/
[2017-05-03 12:09:20] Nisso tens razão. Hahaha. Mas acho que tem uma certa relevância em alguns casos.
[2017-05-03 12:15:49] Certamente! https://pt.wikipedia.org/wiki/Princ%C3%ADpio_da_incerteza_de_Heisenberg
[2017-05-03 13:47:45] https://www.tecmundo.com.br/crime-virtual/116318-site-caixa-tem-vulnerabilidade-deixa-usuarios-risco.htm
[2017-05-03 15:34:15] Pra galera que irá participar do Python Sudeste 2017, três avisos:

1. Foram abertas novas vagas:
https://www.eventbrite.com.br/e/python-sudeste-2017-tickets-34266939338

2. O local foi alterado para acomodar mais pessoas, agora será nesse endereço:

Clube de Engenharia:
Av. Rio Branco, 124 - 25º Andar
Centro - Rio de Janeiro - RJ

3. Foi criado um canal para o evento:
@PythonSe2017

Happy hacking...
[2017-05-03 16:50:00] Boa tarde pessoal alguém no Grp já implantou pagamento via transmissão de arquivos para contas a pagar Pag-for do Bradesco? Existe algum passo a passo que possa disponibilizar? As informações da Net ou são muito técnicas ou vagas demais.
[2017-05-03 16:53:51] https://web.archive.org/web/20170503194843/http://graphicsinterface.org/wp-content/uploads/cmccc1977-9.pdf
[2017-05-03 17:13:18] Estou fechando para a oficina de Cutelaria, tem mais algum interessado?
[2017-05-03 18:16:22] WhatsAPP caiu pra boa parte do mundo. agora o Telegram vai pipocar de gente reclamando...
[2017-05-03 18:17:47] Riot neles
[2017-05-03 18:19:02] No Twitter..
[2017-05-03 18:31:36] Tem alguém q usa o GLPI?
[2017-05-03 18:39:41] Uia kretcheu, agora to contente.
[2017-05-03 18:49:29] Eu tentei mais optei pelo otrs
[2017-05-03 18:51:49] Eh bom? Gratuito?
[2017-05-03 18:51:59] E top
[2017-05-03 18:52:07] Eu preferi ele
[2017-05-03 18:53:57] Vou pesquisar sobre ele
[2017-05-03 18:54:00] Obrigado
[2017-05-03 18:55:52] photo: /home/felipe/devel/github_tvdstaaij/telegram-history-dump/output/media/Garoa_Hacker_Clube_(Público)/download_803721087_115838.jpg
[2017-05-03 19:01:26] Boa
[2017-05-03 19:03:34] Opa!
[2017-05-03 19:15:18] Vc imprime os chamados?
[2017-05-03 19:20:59] Quem palpita o que tirou o Whatsapp do ar?
[2017-05-03 19:21:09] DDOS?
[2017-05-03 19:21:17] Falha de servidor?
[2017-05-03 19:21:26] Tela azul do Windows? Kkk
[2017-05-03 19:21:38] Baleia azul kkk
[2017-05-03 19:22:30] Acho q tela azul kkkkk
[2017-05-03 19:23:42] Muita pornografia na rede...rsss
[2017-05-03 19:24:45] 😂😂😂
[2017-05-03 19:27:18] Deepweb n tem problemas com isso é deve ter mt mais pornografia kkk
[2017-05-03 19:28:14] Eu tenho interesse.
[2017-05-03 19:32:12] Mas já voltou a funcionar kkk
[2017-05-03 19:32:52] Aqui ainda não.
[2017-05-03 19:33:11] Acredito que logo volte...
[2017-05-03 19:33:48] Está beeeeem lento
[2017-05-03 19:36:33] Leonel, vou te chamar aqui para falar. Se mais alguém tiver interesse me chama no chat, aqui eu nem sempre olho tudo...
[2017-05-03 19:53:12] Boas!!
Gostaria de participar do BlackBlockChain... nunca fui ao Garoa... o que é preciso para poder participar, além do dinheiro para a pizza? :)
[2017-05-03 19:53:35] Se vc quiser te adiciono em um grupo só de GLPI e lá vc pode esclarecer algumas dúvidas, é só falar.
[2017-05-03 19:54:13] Eu quero, tava procurando um grupo
[2017-05-03 19:55:13] Já vou te add, um minuto
[2017-05-03 20:45:59] 😁
[2017-05-03 20:53:03] photo: /home/felipe/devel/github_tvdstaaij/telegram-history-dump/output/media/Garoa_Hacker_Clube_(Público)/download_803734629_94913.jpg
[2017-05-03 20:53:24] Que tal 24h de CTF? Direto, sem dormir?
[2017-05-03 20:53:27] http://sp14.securitybsides.com.br/ctf-pt/
[2017-05-03 20:53:55] Qual o prêmio?
[2017-05-03 20:54:03] 😂😂
[2017-05-03 20:54:26] Uma cama
[2017-05-03 20:54:56] document: /home/felipe/devel/github_tvdstaaij/telegram-history-dump/output/media/Garoa_Hacker_Clube_(Público)/download_60854042997294993.webp
[2017-05-03 20:56:11] Red bull!
[2017-05-03 20:56:22] Estamos preparando prêmios legais
[2017-05-03 21:40:18] Vou jogar só pelos redbull
[2017-05-03 22:16:59] Vou jogar pelos prêmios legais, q tenho certeza q não vai ser aqueles que sobraram dá outra vez
[2017-05-03 22:26:44] O @fernandoGuisso está organizando o evento e pode te informar melhor... geralmente não precisa de nada, só vontade de aprender ou conhecer mais... e o dinheiro da pizza, se quiser participar da comilança, hahahaha...
[2017-05-03 22:36:20] Leva o Notebook, desse vez vai ser bem hands-on, de possivel já deixa o visual box instalado, no demais é só chegar mesmo
[2017-05-03 22:38:37] Legal!!!
Obrigada @Biazzotto
Obrigada @fernandoGuisso
