[2017-07-06 08:09:02] Fernando Guisso added Jussara
[2017-07-06 08:09:03] Hi Jussara !
[2017-07-06 08:33:02] Hello!
[2017-07-06 08:33:25] Obrigada @fernandoGuisso !
[2017-07-06 08:38:37] Obg eu, volte sempre
[2017-07-06 09:07:40] csm joined
[2017-07-06 09:07:40] Hi csm !
[2017-07-06 10:45:37] Galera, alguem aqui tá procurando e tem perfil pra data scientist ? Me mandem msgn, a vaga:
http://carreiras.99taxis.com/jobdetail/?vagaid=8c1e3ba2-bbde-4149-b0e9-5eb77a6d8aef
[2017-07-06 11:05:33] https://www.youtube.com/watch?v=HxCH_lxQ4Nk&feature=youtu.be - video motivacional do dia / CC @fsanches
[2017-07-06 11:27:10] :-)
[2017-07-06 11:27:12] https://www.youtube.com/watch?v=HADKAC0zWM8
[2017-07-06 13:50:52] Comprei um Amiga 500. Chegou ontem pelos correios :-)
[2017-07-06 13:51:09] Mas o drive de disquete parece que tá meio bichado... :-P
[2017-07-06 13:51:32] Inicialmente achei que fossem os disquetes velhos. Mas agora acho que o problema pode ser o próprio drive.
[2017-07-06 13:52:20] https://en.wikipedia.org/wiki/Amiga_500 
?
[2017-07-06 13:53:35] yep!
[2017-07-06 13:55:59] massa \o/ happy hacking
[2017-07-06 14:09:33] vou precisar arranjar um limpador de disquetes
[2017-07-06 14:09:53] daqueles que tem um paninho redondo por dentro no lugar do disco magnético
[2017-07-06 14:13:08] eu me recordo, muitos anos que não vejo um desses
[2017-07-06 14:26:01] Eu lembro se ter visto um desses no garoa
[2017-07-06 14:33:07] boa!
[2017-07-06 14:33:15] vou dar uma olhadinha lá depois pra ver se acho
[2017-07-06 15:22:39] cara tambem da pra abrir e limpar com cotonete
[2017-07-06 15:52:31] sim, eu sei
[2017-07-06 15:52:57] é que acabei de receber o computador e já vou abrir? Tenho medo de "Jucar"
[2017-07-06 15:53:56] Juca com medo de jucar?
[2017-07-06 15:53:57] heheheeh
[2017-07-06 15:54:05] pois é
[2017-07-06 15:54:13] Os tempos estão mudando...
[2017-07-06 15:54:15] hehehhe
[2017-07-06 15:58:41] você vai no Garoa hoje ?
[2017-07-06 15:58:46] preciso te pagar pelo RPi
[2017-07-06 15:58:53] RPi3
[2017-07-06 15:59:43] não vou...
[2017-07-06 15:59:45] quer depositar?
[2017-07-06 16:04:46] por mim posso pagar em mãos mesmo quando você estiver no Garoa. É só me avisar.
[2017-07-06 16:55:11] blz
[2017-07-06 16:55:15] te dou um toque
[2017-07-06 19:28:29] Galera, alguem no garoa?
[2017-07-06 19:28:35] Estamos na porta
[2017-07-06 19:33:34] Alguem vem hoje pro Garoa?
[2017-07-06 19:33:42] Ou já tem alguém la dentro?
[2017-07-06 19:49:28] photo: /home/felipe/devel/github_tvdstaaij/telegram-history-dump/output/media/Garoa_Hacker_Clube_(Público)/download_803119057_84349.jpg
[2017-07-06 19:50:06] Kkkk
[2017-07-06 19:51:21] Vai ter que esperar a natureza cumprir seu papel @erickemi
[2017-07-06 19:54:10] Quer algum remédio?
[2017-07-06 19:54:18] Kkkkk
[2017-07-06 19:54:31] Abre o portão e volta correndo
[2017-07-06 19:55:47] Vou por na wiki
[2017-07-06 20:01:51] Abre a porta e volta correndo pro banheiro @lvido
[2017-07-06 20:18:31] http://blog.filipeflop.com/wireless/arduino-modulo-nrf24l01-tutorial.html
[2017-07-06 21:08:53] photo: /home/felipe/devel/github_tvdstaaij/telegram-history-dump/output/media/Garoa_Hacker_Clube_(Público)/download_803112952_90017.jpg
[2017-07-06 21:16:14] 👍
[2017-07-06 22:24:38] photo: /home/felipe/devel/github_tvdstaaij/telegram-history-dump/output/media/Garoa_Hacker_Clube_(Público)/download_826459275206328386.webp
[2017-07-06 22:25:09] Noite do esp8266 montando robos com Wi-Fi
[2017-07-06 22:39:00] vamos precisar monter um brewpi https://www.brewpi.com/
[2017-07-06 22:40:00] @michaelhoward9 vamos tentar dar um push nos projetos artisticos algum
dia?
[2017-07-06 22:40:38] não sei como andam, eu fiquei meio away ahaha mas
n me esqueci
[2017-07-06 22:41:11] 👌🏻
[2017-07-06 22:59:01] Toper . . . Juntando dois hobbies =D
[2017-07-06 23:05:21] document
[2017-07-06 23:42:02] document: /home/felipe/devel/github_tvdstaaij/telegram-history-dump/output/media/Garoa_Hacker_Clube_(Público)/download_560220067913007742.webp
[2017-07-06 23:44:53] P1 joined
[2017-07-06 23:44:54] Hi Zer0 !
[2017-07-06 23:44:56] Olá
[2017-07-06 23:45:12] Boa noite.
