[2017-04-29 00:14:52] Não uai, gosto de desafios, mas 50?!?! Sei nem por onde começar
[2017-04-29 00:27:26] 😭😭😭😭
[2017-04-29 00:49:21] @fernandoGuisso é bem legal, tem os seguidores de linha... A oficina de desenho que fiz com Processing + Python acho que agradou
[2017-04-29 00:51:19] Qual a faixa das crianças?
[2017-04-29 00:52:10] Acho que tinha de 8 a adolescentes
[2017-04-29 00:52:51] Ah, tranquilo, tava imaginando menos
[2017-04-29 00:52:57] Tô voltando umas atividades aqui
[2017-04-29 00:59:36] Alguém sabe algum grupo que trata de desenvolvimento de bots?
[2017-04-29 03:28:11] Chatbot?
[2017-04-29 03:28:55] https://t.me/chatbotsbrasil
[2017-04-29 11:02:58] Vlw
[2017-04-29 12:50:04] photo: /home/felipe/devel/github_tvdstaaij/telegram-history-dump/output/media/Garoa_Hacker_Clube_(Público)/download_803120372_44296.jpg
[2017-04-29 17:51:42] Alex Costa added Silas
[2017-04-29 17:51:42] Hi Silas !
[2017-04-29 17:52:37] Alex Costa added Vinicius Melo
[2017-04-29 17:52:37] Hi Vinicius !
[2017-04-29 17:54:05] Hello 😁
[2017-04-29 18:58:21] Nice!
[2017-04-29 19:54:46] https://www.youtube.com/watch?v=FufwoCE0wfQ&feature=share
[2017-04-29 23:24:17] http://www.linux4chemistry.info
[2017-04-29 23:25:26] Na faculdade eu trabalhava com cristalografia de proteínas criando nuvens eletrônicas num ciclotron da Unicamp e simulava num programa que chamava O em Linux...
[2017-04-29 23:26:14] Hj as multinacionais utilizam essas tecnologias para clonagem de sementes de pinus e eucalipto, pra fazer mais papel... Mais celulose...
[2017-04-29 23:44:10] Liberamos a agenda provisória da BSidesSP:
http://sp14.securitybsides.com.br/agenda/
[2017-04-29 23:44:36] Nessa semana q vem abrimos as inscrições!
[2017-04-29 23:51:56] Ricardo Tavares é da Daryus né!?
