[2017-03-10 00:08:49] http://observatoriodaimprensa.com.br/e-noticias/o-brasil-volta-ao-cenario-internacional-da-microeletronica/
[2017-03-10 00:47:41] photo: /home/felipe/devel/github_tvdstaaij/telegram-history-dump/output/media/Garoa_Hacker_Clube_(Público)/download_532577808719827517.mp4
[2017-03-10 00:48:00] (Já pedindo dsclp pela piada tosca)
[2017-03-10 01:07:37] Tá desculpado. Eu tinha pensado na mesma piada mais cedo ainda hoje. :-P
[2017-03-10 01:08:40] Hahaha 🙌🏾 tava quicando, esperando alguém chutar
[2017-03-10 01:21:38] photo: /home/felipe/devel/github_tvdstaaij/telegram-history-dump/output/media/Garoa_Hacker_Clube_(Público)/download_804201365_21296.jpg
[2017-03-10 01:21:43] old
[2017-03-10 08:11:29] Old but gold
[2017-03-10 08:12:14] Kkkkkk
[2017-03-10 08:25:12] O último que entrou no grupo deve ser hacker, porque estava: 403 - Forbidden. 😜
[2017-03-10 08:43:49] Hahahs
[2017-03-10 08:58:45] KKK, que 0xc00007b!
[2017-03-10 09:45:39] Oi bom dia a todos ! Olha os metadados, chegando ai pessoal ! Coletando dados...
[2017-03-10 10:23:28] Phelipe joined
[2017-03-10 10:23:29] Hi Phelipe !
[2017-03-10 10:24:23] Ahoy
[2017-03-10 10:26:39] http://www.sciencemag.org/news/2017/03/space-empanada-frozen-ridge-around-saturn-s-moon-pan-collected-planet-s-rings
[2017-03-10 10:35:25] Olá pessoal
[2017-03-10 10:35:41] Gostaria de saber como faço pra carregar meu cartão de metrô sem pagar
[2017-03-10 10:37:10] uahauahauahu
[2017-03-10 10:37:47] document: /home/felipe/devel/github_tvdstaaij/telegram-history-dump/output/media/Garoa_Hacker_Clube_(Público)/download_532579084325094911.mp4
[2017-03-10 10:38:17] HAHAHAHAHAHA
[2017-03-10 10:38:21] #joking
[2017-03-10 10:38:55] Só pra descontrair
[2017-03-10 10:39:07] Alguém aqui tem bio-implante?
[2017-03-10 10:39:29] Vai colocar algum chip ?
[2017-03-10 10:49:12] Eu comprei um xNTi da dangerous things. Tô esperando chegar
[2017-03-10 10:49:24] Só pra saber se alguém por aqui já tem experiência
[2017-03-10 10:51:41] Eu não tenho
[2017-03-10 10:54:42] Toma vergonha na cara, pilantra. O que você quer fazer é ilegal.
[2017-03-10 10:55:36] document: /home/felipe/devel/github_tvdstaaij/telegram-history-dump/output/media/Garoa_Hacker_Clube_(Público)/download_332813283440460254.mp4
[2017-03-10 10:58:24] É ilegal viu @tilt4
[2017-03-10 10:58:42] Segura a onda, Juca. Era piada, bro
[2017-03-10 10:58:55] Lê a mensagem mais embaixo
[2017-03-10 10:59:29] quem fica toda hora querendo isso é o guisso mas ele nao fala pq se nao vou banir ele
[2017-03-10 11:00:33] A gente frequentemente chuta daqui script-kiddies e bandidinhos. Toma cuidado com o tipo de brincadeira, então. Nesse canal não toleramos atividades ilícitas (nem no clube e nem em lugar nenhum).
[2017-03-10 11:01:38] Concordo!
[2017-03-10 11:01:56] bom, algumas toleramos, mas essas toscas nao
[2017-03-10 11:02:15] diz ai, mame boy
[2017-03-10 11:02:36] oi?!
[2017-03-10 11:03:22] Toleram senso de humor?
[2017-03-10 11:03:40] Espero que sim, temo que não
[2017-03-10 11:14:43] Sim, de boa. Não ficou imediatamente óbvio que era humor, entretanto. 100% dos script-kiddies têm EXATAMENTE o mesmo comportamento que você teve: entrar no grupo e imediatamente requisitar algum tipo de ajuda com atividade ilegal ou anti-ética. Deu match total no alerta-moderação. Algum tempo atrás eu teria dado ban imediato. Mas recentemente optamos por tentar educar alertando as pessoas com um "cartão amarelo" antes. Bola pra frente, então...
[2017-03-10 11:15:37] photo: /home/felipe/devel/github_tvdstaaij/telegram-history-dump/output/media/Garoa_Hacker_Clube_(Público)/download_803116628_17095.jpg
[2017-03-10 11:15:37] Aí está a magia do prank
[2017-03-10 11:16:00] HAHAHAHAH
[2017-03-10 11:16:00] Boa
[2017-03-10 11:16:04] Caiu como uma luva
[2017-03-10 11:16:40] (você se tornou o 405º membro ao ingressar neste grupo)
[2017-03-10 11:17:02] document: /home/felipe/devel/github_tvdstaaij/telegram-history-dump/output/media/Garoa_Hacker_Clube_(Público)/download_352822492395471476.mp4
[2017-03-10 11:17:33] Queria ter sido o 418 =/
[2017-03-10 11:20:00] "Não pratique-is o mal pois o mal voltará contra vós" (tebo na jará)
[2017-03-10 11:24:20] photo: /home/felipe/devel/github_tvdstaaij/telegram-history-dump/output/media/Garoa_Hacker_Clube_(Público)/download_803735713_67233.jpg
[2017-03-10 11:24:25] document: /home/felipe/devel/github_tvdstaaij/telegram-history-dump/output/media/Garoa_Hacker_Clube_(Público)/download_677936802144715594.webp
[2017-03-10 12:10:52] @eduoda sobre o port knocking que vc mencionou ontem lá no garoa se configura só setando os parâmetros no iptables mesmo ou tem algum outro método mais eficiente? 🙂
[2017-03-10 12:11:24] (lá vem eu enchendo o saco) 😂
[2017-03-10 12:28:47] tem script pronto para isso
[2017-03-10 12:29:34] http://www.portknocking.org/
[2017-03-10 12:29:48] vai deixar um deamon rodando que fica de seguranca da balada
[2017-03-10 12:30:59] da uma pesquisada na distro que vc usa o que eh a pratica mais comum
[2017-03-10 12:31:12] vai ser um esquema mais debugado e tal
[2017-03-10 12:31:13] document: /home/felipe/devel/github_tvdstaaij/telegram-history-dump/output/media/Garoa_Hacker_Clube_(Público)/download_246108729936707745.webp
[2017-03-10 12:31:45] Arch é vida Arch é paz e o amor❤️
[2017-03-10 12:32:02] document: /home/felipe/devel/github_tvdstaaij/telegram-history-dump/output/media/Garoa_Hacker_Clube_(Público)/download_246108729936707762.webp
[2017-03-10 12:32:13] kk
[2017-03-10 12:32:18] valeu man :)
[2017-03-10 12:32:26] document: /home/felipe/devel/github_tvdstaaij/telegram-history-dump/output/media/Garoa_Hacker_Clube_(Público)/download_505010926202650783.webp
[2017-03-10 12:33:39] document: /home/felipe/devel/github_tvdstaaij/telegram-history-dump/output/media/Garoa_Hacker_Clube_(Público)/download_58023844232823820.webp
[2017-03-10 12:34:59] Eu faço isso puramente por estudos, que fique bem claro okay
[2017-03-10 12:35:43] Alguém poderia me passar o link do PayPal do Garoa?
[2017-03-10 12:36:18] se script kiddies investissem o tempo aprendendo algo de fato nao precisariam mendigar passagem de metro...
[2017-03-10 12:36:31] Quem me passou, na época em que me associei, foi o @agaelebe...
[2017-03-10 12:37:04] Eu tenho um q ele passou aqui, mas não tá rolando
[2017-03-10 12:50:24] https://github.com/qca/open-ath9k-htc-firmware/issues/127
[2017-03-10 13:06:31] #DICA
Para quem está pensando em comprar algum livro na Novatec, verifique se não está nesta relação.
Somente hoje, usando o cupom PROMO70, os livros relacionados estarão cm 70% de desconto.
[2017-03-10 13:06:43] document: /home/felipe/devel/github_tvdstaaij/telegram-history-dump/output/media/Garoa_Hacker_Clube_(Público)/download_5051011673310101508.txt
[2017-03-10 13:59:15]  joined
[2017-03-10 13:59:16] Hi Ro !
[2017-03-10 14:04:21] Boa!
[2017-03-10 16:00:10] Aproveitem pessoal, fizemos uma lista de livros da Amazon sobre análise de malware, C e ASM que estão free na Amazon por tempo limitado! http://malwareverse.com/lista-de-ebooks-gratis-malwarereversecassembly-tempo-limitado/
AMAZON: INGLES10
[2017-03-10 16:11:49] E o download do livro é em PDF? Ou é em algum outro formato? Dá pra ler no PC usando software livre ? Ou tem que instalar alguma porcaria proprietária para ter acesso ao texto ?
[2017-03-10 16:13:50] Entre em contato com o suporte da Amazon amigo ;)
[2017-03-10 16:14:26] Beleza. Achei que você sabia. Como você fez pra ler os seus ?
[2017-03-10 16:14:32] usei meu Kindle
[2017-03-10 16:14:53] ah, ok. Ta aí a porcaria proprietária LOL
[2017-03-10 16:15:37] talvez dê pra acessar o texto via usb-storage ligando o kindle na porta USB ? (entretanto, duvido...)
[2017-03-10 16:16:04] ai só ligando para o suporte da Amazon amigo
[2017-03-10 16:16:15] valeu, "camarada"
[2017-03-10 16:16:31] acho que kindle não funciona como usb-storage, talvez dependa do modelo
[2017-03-10 16:16:49] só fiz uma utilidade pública de mostrar que tinham livros exelentes disponíveis totalmente free
[2017-03-10 16:17:03] agora se tiver mais dúvidas @fsanches , entra em contato com a Amazon ;)
[2017-03-10 16:17:22] considerando que é amazon, acho que tem DRM atrelado à conta amazon, naturalmente
[2017-03-10 16:17:30] E eu fiz a utilizade pública de mostrar como não é assim tão de graça... você paga com outro preço obviamente...
[2017-03-10 16:17:33] ou seja, leia com kindle ou o app do kindle em celular e desktop
[2017-03-10 16:17:49] não, não boa
[2017-03-10 16:18:00] não, não boa
[2017-03-10 16:18:06] ficar atrelado à amazon
[2017-03-10 16:18:13] isso
[2017-03-10 16:18:20] não
[2017-03-10 16:18:32] meus dados, minha privacidade, meu controle sobre o meu computador, etc, etc, etc. Vários outros preços do que o mero custo monetário
[2017-03-10 16:18:59] nops...
[2017-03-10 16:19:20] por favor apague essa mensagem de serviço ilícito, ou vai levar um ban
[2017-03-10 16:19:24] document: /home/felipe/devel/github_tvdstaaij/telegram-history-dump/output/media/Garoa_Hacker_Clube_(Público)/download_13375713570718185.webp
[2017-03-10 16:19:48] É regra do grupo: aqui não será tolerado atividades ilícitas.
[2017-03-10 16:19:55] falsidade ideológica
[2017-03-10 16:20:42] >tem haver
[2017-03-10 16:20:56] é tipo o "could of" do português
[2017-03-10 16:22:10] essa tmb, por favor
[2017-03-10 16:22:25] beleza
[2017-03-10 16:25:32] Nunca é demais reiterar esse post de boas-vindas com as regras do grupo.
[2017-03-10 16:27:20] Livro de grátis na Pakt
[2017-03-10 16:27:29] https://www.packtpub.com/packt/free-ebook/arduino-c-programming
[2017-03-10 16:44:16] Tem como. Depois converte com Calibre e leia no seu reader predileto.
[2017-03-10 16:46:23] O que não viola DRM, a não ser que comece a distribuir por aí.
[2017-03-10 16:46:23] Esse aqui? https://github.com/kovidgoyal/calibre
[2017-03-10 16:46:24] kovidgoyal | calibre

The official source code repository for the calibre ebook manager

Language: Python
Forks: 632
Stars: 2725
Issues: 1
[2017-03-10 16:47:29] O próprio
[2017-03-10 16:48:35] DRM não é algo que depende do usuário "tomar cuidado" pra "não violar". DRM é tipo um cacetete pra dar na cabeça de quem tentar copiar. É um "cala boca e sai daqui" por parte das editoras, usando inclusive técnicas de criptografia. Não dá pra quebrar DRM sem querer...
[2017-03-10 16:51:50] O que quero dizer com a mensagem anterior é que DRM não envolve conscientização do leitor. Pelo contrário emprega a força (numa abordagem mais policialesca mesmo) de quem o publica com o cadeado criptográfico.
[2017-03-10 16:58:41] Então quebre o DRM, converte no Calibre e leia no seu leitor predileto
[2017-03-10 17:05:57] Ah... se fosse simples assim...
[2017-03-10 17:06:12] Em algumas jurisdições quebrar DRM é considerado ilegal
[2017-03-10 17:06:22] em outras é legalmente discutível
[2017-03-10 17:06:48] e independentemente do status legal, a tecnologia não é simples de quebrar pois costuma ser tão robusto quanto a criptografia adotada
[2017-03-10 17:18:43] https://ebookfriendly.com/back-up-kindle-books-2-ways/
[2017-03-10 17:18:46] https://www.howtogeek.com/162994/how-to-strip-the-drm-from-your-kindle-ebooks-for-cross-device-enjoyment-and-archiving/
[2017-03-10 17:18:51] done
[2017-03-10 17:57:11] opniao pessoal de vcs, razer blade pro ou macbook pro (o top com touch bar) + razer core ?
[2017-03-10 17:58:56] Minha opinião é que essa geralmente de Mac tem que ser skipada
[2017-03-10 18:00:47] Essa geração*
[2017-03-10 18:01:02] ta td mundo falando isso cara
[2017-03-10 18:01:09] q essa geracao de macbook ta uma nhaca
[2017-03-10 18:01:57] ateh o reviews de "fanboys", e eu to sem maquina agora e preciso comprar, fica dificil assim rs. to tendendo a razer, o problema da razer eh suporte no brasil
[2017-03-10 18:07:01] Compra o modelo 2013
[2017-03-10 18:07:04] 2014
[2017-03-10 18:07:05] Thinkpad Carbon
[2017-03-10 18:07:16] ou MBP retina até 2014
[2017-03-10 18:07:18] O carbon x1 é topper
[2017-03-10 18:07:44] As se for pra ter Mac pegar esse aí mesmo até 2014 retina
[2017-03-10 18:07:51] E vai ser feliz 7 anos
[2017-03-10 18:12:10] eu fui, ateh deixar cair o meu
[2017-03-10 18:12:11] kkkk
[2017-03-10 18:12:18] A diferença do MacBook pro retina 2014 pro mais novo é de 5% de melhoria
[2017-03-10 18:12:20] trabalho em macbooks ha mais de 10 anos ja
[2017-03-10 18:12:50] problema eh q tem maquina na faixa de preco melhor da razer (hardware e portabilidade/design)
[2017-03-10 18:13:30] Hardware não entra em conta qnd se fala em Mac, só 1 peça entra na conta: placa de video
[2017-03-10 18:13:42] Se tu precisa de video dedicado bom
[2017-03-10 18:13:50] MacBook não presta isso
[2017-03-10 18:14:52] Ele só faz coisas.simples com 3s
[2017-03-10 18:14:56] 3d
[2017-03-10 18:15:20] Os celulares recentes tem mais processamento de vídeo do que os novos macs
[2017-03-10 18:17:07] nesses macbooks novos no usb-c vc tem os gpus externos
[2017-03-10 18:17:18] varios reviews ja mostram ele rodando de boa com uma 1080 por ex
[2017-03-10 18:48:41] Tô em um Lenovo com Android 5.1.1 e usando uma rede Wifi super mala que não tá abrindo nada além do Twitter, whats e telegram... Tô desconfiado que pode ser uma config de proxy faltando (nos notes que eu comecei hoje nessa rede, alguns precisaram dessa config). Alguém sabe onde se configura proxy num Android?
[2017-03-10 18:48:49] Nunca fiz isso....
[2017-03-10 18:48:57] Não consigo Google it
[2017-03-10 18:49:04] 😛
[2017-03-10 18:49:52] 'Nos notes que eu conectei' (damnn fucking corrector)
[2017-03-10 19:19:32] Daqui a pouco tô em casa e posso pesquisar, mas se alguém tiver uma dica, agradeço
[2017-03-10 20:35:54] Daniel Shiffman rolando ao vivo nas noites de sexta: https://www.youtube.com/watch?v=xtFu66DZrBw
[2017-03-10 20:57:13] para quem quiser brincar de light painting com webcam
[2017-03-10 20:57:14] https://lp.garoa.club/
[2017-03-10 20:57:30] sim, certificado invalido... tenho mais o que fazer ;)
[2017-03-10 21:25:53] Aos Jedi em Docker, como q eu mato um container q n ta respondendo nem pro Stop, nem pro kill, nem pro rm?
[2017-03-10 21:36:23] Kill no Docker serviço não é uma opção?
[2017-03-10 21:36:41] tenta isso:
[2017-03-10 21:37:29] document: /home/felipe/devel/github_tvdstaaij/telegram-history-dump/output/media/Garoa_Hacker_Clube_(Público)/download_120138932577894572.webp
[2017-03-10 21:37:48] Opção force não resolve?
[2017-03-10 21:37:55] Eu ri
[2017-03-10 21:38:21] to com medo dele n subir denovo kkk, na verdade dei kill no pid do dockerun mas ele nao cai :O
[2017-03-10 21:38:48] kill -9
[2017-03-10 21:39:54] :O fiz
[2017-03-10 21:40:02] ^ isso aí, @fernandoGuisso
[2017-03-10 21:40:11] n rolou
[2017-03-10 21:40:14] :O
[2017-03-10 21:40:36] Por que não tenta dar stop com force?
[2017-03-10 21:40:54] ps aux | grep docker
[2017-03-10 21:40:55] sudo reboot 😁
[2017-03-10 21:41:02] Vê se não tem nenhum processo zombie
[2017-03-10 21:41:06] sudo docker -f stop id
[2017-03-10 21:42:33] mano do ceu, -9 nao resolveu, agora eh so vida nova
[2017-03-10 21:43:05] ja to no super user :''''(
[2017-03-10 21:43:43] Ok
[2017-03-10 21:43:56] Mas você tentou o comando?
[2017-03-10 21:44:02] Sem sudo?
[2017-03-10 21:44:25] docker -f stop id
[2017-03-10 21:44:56] foi o primeiro q tentei né
[2017-03-10 21:45:15] ou
killall docker sendo grosseiro
[2017-03-10 21:46:30] Ou 
docker kill -s 9 container
[2017-03-10 21:46:39] Ou sudo reboot
[2017-03-10 21:48:16] Se você não quiser ficar entrando como super user.
usermod -a seulogin -G docker
[2017-03-10 21:48:57] essa é boa, depois resolver o problema aqui vou tentar
[2017-03-10 21:49:20] Boa sorte!
[2017-03-10 21:50:00] Precisa fazer logoff pra fazer efeito em alguns casos.
[2017-03-10 22:09:38] Tem um Tesla Model S preto estacionado na minha rua !!!!
[2017-03-10 22:10:04] document: /home/felipe/devel/github_tvdstaaij/telegram-history-dump/output/media/Garoa_Hacker_Clube_(Público)/download_328774854541050098.webp
[2017-03-10 22:11:14] document: /home/felipe/devel/github_tvdstaaij/telegram-history-dump/output/media/Garoa_Hacker_Clube_(Público)/download_60854042997295051.webp
[2017-03-10 22:12:13] aqui em Pinheiros, a meio quarteirão do metrô fradique
[2017-03-10 22:12:38] eh o meu
[2017-03-10 22:12:42] LOL
[2017-03-10 22:12:54] kkk
[2017-03-10 22:39:22] Pode não ser seu, mas um amigo tem um...
[2017-03-10 22:39:53] E, btw, seria um dos únicos carros que compraria
[2017-03-10 22:45:11] Engraçado que eu tava passando na rua e vi duas pessoas vindo no sentido o posto, aí um deles olhou pro carro, deu um passo pra trás e se agachou pra olhar o logo na frente e falou (bem quando eu tava passando): "Olha só... é um Tesla?!" e eu dei um pulo e falei: "UIA!!!". e aí nós tres ficamos batendo papo ao redor do carro. :-P
[2017-03-10 22:47:23] Ahuahau
[2017-03-10 22:47:33] caramba, alguém trouxe um tesla pro brasil?
[2017-03-10 22:47:40] isso é dedicação
[2017-03-10 22:49:43] https://www.google.com.br/amp/s/tecnoblog.net/203378/tesla-model-s-preco-brasil/amp/
[2017-03-10 22:50:01] ata
[2017-03-10 22:50:50] umas 3 vezes o preço
[2017-03-10 22:50:52] incrível
[2017-03-10 22:51:14] This is Brazil!!!!
[2017-03-10 22:52:45] document: /home/felipe/devel/github_tvdstaaij/telegram-history-dump/output/media/Garoa_Hacker_Clube_(Público)/download_803114418_16984.jpg
[2017-03-10 22:52:57] E não é o único... por que eu sabia que existia um vermelho, que foi emprestado pra gravar um programa de tv com o Rubinho Barrichello
[2017-03-10 22:54:45] E tem também um outro Model S vermelho (ou talvez o mesmo) que foi o primeiro a ser comprado no Brasil e que é do dono da empresa de relógio de ponto eletrônico, DIMEP
[2017-03-10 22:57:22] O Tesla Model 3 custa mais ou menos a metade do preço.
[2017-03-10 22:57:32] Mas ainda é uma fortuna
[2017-03-10 22:58:05] Quem sabe quando sair o Tesla Model 7 eu tenha condições hahaha
[2017-03-10 22:59:00] Enquanto isso, tô fora. Já prometi que não compro carro que não seja elétrico. Até lá continuarei com a minha carteira de motorista vencida e não renovada. :-P
[2017-03-10 23:01:02] acho que um fortwo tá mais em conta hein
[2017-03-10 23:01:39] 😊
[2017-03-10 23:02:14] Tem uns no estacionamento do trampo. Alguns plugados carregando
[2017-03-10 23:02:19] uia
[2017-03-10 23:02:24] ah
[2017-03-10 23:02:27] mas vc tá na gringa
[2017-03-10 23:02:28] Tem outros carros elétricos também tipo o Leaf da Nissan
[2017-03-10 23:02:29] hahaah
[2017-03-10 23:03:07] não vou mentir: acho o fortwo fofinho
[2017-03-10 23:03:12] teria um elétrico
[2017-03-10 23:03:54] São bons mesmo pra deslocamento urbano
[2017-03-10 23:10:20] Galera! Puxão de orelha! Tavam reclamando aqui que o Arcade não tava funcionando. Passei lá hoje pra ver, liguei e deu tela de grade quadriculada. Achei estranho. Fui ver o que tinha acontecido e tinha um cartucho de Fatal Fury 2 na MVS, em vez do Metal Slug 2 que eu tinha botado antes. GALERA!!! Eu pedi pra não mexer e só jogarem. Se botarem a mão e parar de funcionar eu não tenho como garantir que continue operando bem. Por favor!!!
[2017-03-10 23:11:12] Botei de novo o Metal Gear 2 lá e me assegurei de deixar de novo em bom estado de funcionamento. Se parar de funcionar me avisem que eu vou lá e conserto.
[2017-03-10 23:11:39] de tempos em tempos eu posso trocar o jogo. Mas preciso que vocês colaborem.
