[2017-01-12 00:28:38] Light paint é legal
[2017-01-12 00:28:45] Faz sim
[2017-01-12 00:30:18] Fizemos com leds e celular uma vez, outra com fogo e câmeras slr
[2017-01-12 00:48:54] Pois é, não tem muito segredo, mas tem umas dicas importantes como usar a menor quantidade de recursos automáticos possíveis, como foco e white balance por exemplo, pra sequência ficar melhor no final
[2017-01-12 00:49:47] E dá pra misturar time lapse com light paint também. Da pra inventar bastante coisa
[2017-01-12 06:51:13] Galera, montei uma lista de e mail para podermos debater todos os assuntos relacionados a Machine Learning. Quem quiser entrar, é só usar este link! https://groups.google.com/forum/#!forum/brmachinelearning
[2017-01-12 07:49:41] Começa as 15hs e vai até que horas?
Porque se der tempo, vou do serviço direto pra lá
[2017-01-12 10:16:59] Geralmente o pessoal fica até a noite conversando
[2017-01-12 10:35:56] Ia ser uma boa conversa
[2017-01-12 11:40:57] https://beta.companieshouse.gov.uk/company/10542519
[2017-01-12 11:41:21] Little Bobby Tables in real life...
[2017-01-12 11:52:01] Hehehehe
[2017-01-12 11:52:05] Excelente
[2017-01-12 11:56:11] photo: /home/felipe/devel/github_tvdstaaij/telegram-history-dump/output/media/Garoa_Hacker_Clube_(Público)/download_803730932_149032.jpg
[2017-01-12 11:57:23] kkk
[2017-01-12 11:59:28] pessoal, tem alguma atividade no garoa pra debulhar o c.h.i.p. ?
[2017-01-12 12:05:19] debulhar o chip? LOL
[2017-01-12 12:05:32] acho que ninguém brincou com ácido nítrico n oGaroa ainda...
[2017-01-12 12:05:41] mas ach omassa!
[2017-01-12 12:07:17] http://yehar.com/blog/wp-content/uploads/2009/09/ym3812.jpg
[2017-01-12 12:07:53] http://www.prioritylabs.com/media/1061/optical-image-of-decapsulated-ic-4.jpg?width=650
[2017-01-12 12:08:10] http://cos.h-cdn.co/assets/16/08/980x488/gallery-1456160813-landscape-1456151687-decapped-msp430f1101a.jpg
[2017-01-12 12:08:37] https://www.pjrc.com/tech/decm/decm-die1.jpg
[2017-01-12 12:17:25] na verdade, tá claro, fala em TODOS contra a dengue.
[2017-01-12 12:25:54] "Quando os dos lados da força se unem contra um inimigo comum."
[2017-01-12 12:37:03] Até o Darth Vader tem raquete elétrica? Não. Ele mata mosquito com sabre de luz!
[2017-01-12 12:40:04] O cara que inventar o sabre elétrico vai ficar rico
[2017-01-12 12:41:06] sabre elétrico de matar mosquito
[2017-01-12 12:41:19] ia ser bem util
[2017-01-12 12:42:12] Na verdade seria mais difícil que a raquete, mas mais divertido
[2017-01-12 12:58:54] Conheço alguém que já usou a raquete elétrica como sabre de luz, pra matar pernilongos... né Erick... 😂😂😂
[2017-01-12 13:22:33] Experiência de fazer é o que conta
[2017-01-12 13:25:18] Que sabor de pizza fazemos sábado?
[2017-01-12 13:25:35] Quem tem receita?
[2017-01-12 13:29:36] Tem casinha de boneca no garoa ainda, para fazer "automação residencial de casinha de boneca" ?
[2017-01-12 13:35:15] Uma brincadeira que pensei outro dia era colocar em uma "maquete" (ok, pode ser uma casa de boneca) alguns LEDs RGB "endereçáveis" avulsos, deve dar para fazer uma animações legais, inclusive sincronizadas com música.
[2017-01-12 13:43:17] alguém topa me ajudar com a parte de edição?
[2017-01-12 13:43:31] Ou montar um Golly Ghost! com MAME! https://forum.fiozera.com.br/t/replicas-funcionais-de-arcades-eletro-mecanicos-com-mame-e-rpi/25
[2017-01-12 13:43:59] https://www.youtube.com/watch?v=bnK9t0ebiV8
[2017-01-12 13:44:09] uma coisa legal de se desenvolver e que não sei muito bem onde achar são aqueles tripés em trilhos com o movimento programável. dá um efeito bem legal em time lapses.
[2017-01-12 13:49:48] https://youtu.be/GUAV_1jBJB4
[2017-01-12 14:45:55] Era este mesmo que eu pensei inicialmente... Mas este não é o melhor LEDs avulsos. Exceto a parte das lápides.
[2017-01-12 15:56:19] Um detalhe para pizza no sábado.. a massa deve se feita bem antes.. e recomendo pre-assar os discos antes.. deixando para hora apenas montagem do recheio.. lembrando q vai ser no fogão.. e o tempo de preparo é maior..
[2017-01-12 15:56:36] Essas receitas de pizza dá pra fazer integral tbm?
[2017-01-12 16:02:07] Divulgando
[2017-01-12 16:02:08] photo: /home/felipe/devel/github_tvdstaaij/telegram-history-dump/output/media/Garoa_Hacker_Clube_(Público)/download_803729665_150115.jpg
[2017-01-12 16:21:30] Alguém tem nota fiscal de educação? Treinamento?
[2017-01-12 16:28:05] poe a massa sobre uma chapa de ferro que fica um espetáculo, mesmo no forno... :)
[2017-01-12 16:30:09] kkkkk
[2017-01-12 17:20:25] http://www.jb.com.br/pais/noticias/2017/01/10/brasil-e-o-pais-mais-espionado-pelos-eua-na-america-latina-afirma-julian-assange/
[2017-01-12 18:53:29] http://arstechnica.com/science/2017/01/steep-hill-for-spacex-to-convince-nasa-of-load-and-gos-safety-for-crew/
[2017-01-12 18:53:45] Dinheiro gasto a toa, so perguntar brasileiro adora falar
[2017-01-12 18:59:22] http://arstechnica.com/science/2016/12/four-things-spacex-can-do-in-2017-to-get-its-groove-back/
[2017-01-12 19:19:16]  joined
[2017-01-12 19:19:17] Hi Ismael !
[2017-01-12 19:19:22] Hi jack
[2017-01-12 19:19:23] Hi Ismael !
[2017-01-12 19:19:34] How are u, Jack?
[2017-01-12 19:19:56] Calculator

/calc <expression>
Returns the result
[2017-01-12 20:59:46] Há interesse em brincar com eletrônica retrô? Um pedal ou um amplificador de guitarra valvulado?
[2017-01-12 21:34:07] Erick Wendel joined
[2017-01-12 21:34:08] Hi Erick Wendel !
[2017-01-12 21:46:55] Jonatas:
alguem tem material do w3af e zap
[2017-01-12 22:24:36] W3af e uma bosta
[2017-01-12 22:25:09] So serve para travar aos 80% e te deixar puto
[2017-01-12 22:34:20] Marcel Rodrigues de Souza joined
[2017-01-12 22:34:21] Hi Marcel !
[2017-01-12 23:11:21] Em fevereiro vou começar a estudar synths analógicos no garoa
[2017-01-12 23:11:38] Pero, não vai ser uma oficina
[2017-01-12 23:11:59] Vou seguir uns livros e montar uns circuitos
[2017-01-12 23:21:16] Pequena atualização: https://forum.fiozera.com.br/t/resgate-historico-do-computador-patinho-feio-usp-1971/58/3
[2017-01-12 23:21:54] (sobre a descoberta da existência de um documento que pode ser muito muito muito importante pra completar mais uma parte desse quebra-cabeça)
[2017-01-12 23:37:40] document: /home/felipe/devel/github_tvdstaaij/telegram-history-dump/output/media/Garoa_Hacker_Clube_(Público)/download_826459275206328386.webp
[2017-01-12 23:42:10] Juca, seria muito show se isso se tornasse um documentário, tipo "Em Busca do Patinho Feio"... eu iria assistir, com certeza.
[2017-01-12 23:42:56] hahaha
[2017-01-12 23:43:06] um reality show nerd
[2017-01-12 23:43:14] de história da computação nacional
[2017-01-12 23:43:20] procuro patrocinadores ;-)
[2017-01-12 23:44:01] querendo ou não eu estou meio que fazendo isso. Postando aos pouquinhos conforme vou descobrindo as coisas...
[2017-01-12 23:50:08] Justo...
