[2016-12-10 12:12:19] O quebrando o cerco desse mês vai acontecer dia 17? Pensei que fosse hoje.
[2016-12-10 12:24:48] Quebrando o cerco é o nome mais legal de talk event recorrente que eu já ouvi pra falar de segurança
[2016-12-10 13:25:09] A gente adiou pra semana que vem
[2016-12-10 16:46:08] Galera estou numa dúvida cruel
[2016-12-10 16:46:32] Vocês acham que seria melhor faculdade de matemática ou de computação para quem já conhece de computação e programa?
[2016-12-10 17:09:57] Engenharia não?
[2016-12-10 17:13:53] então... não sei
[2016-12-10 17:16:44] Faltou vc falar qual seu objetivo!
[2016-12-10 17:17:05] o que você diria como objetivo?
[2016-12-10 17:18:35] Com o q VC quer trabalhar, o q quer fazer na faculdade, quanto tempo quer investir, etc.
[2016-12-10 17:19:06] E em quais assuntos quer se aprofundar mais.
[2016-12-10 17:25:31] Eu ia responder: 'Depende do que você quer fazer', mas preferi só propor Eng e deixar ele com mais dúvidas... Hehehe
[2016-12-10 17:27:47] Bem, meu plano original era fazer Eng (Elétrica ou Computação) e puxar umas aulas de Ciência da Computação
[2016-12-10 17:28:55] Como você disse, já conhece Programação, aprenda os Conceitos de Ciência da Computação e você já sabe bastante coisa dessa Graduação sem a faculdade
[2016-12-10 17:29:15] Por isso falei de engenharia.
[2016-12-10 17:29:37] Hoje, eu talvez faria Biomedicina
[2016-12-10 17:40:23] Imagino que quem queira trabalhar com criptografia, por exemplo, seja melhor aprender matemática
[2016-12-10 17:41:10] então bioinformática é uma área que eu estou gostando muito e estou trabalhando com
[2016-12-10 17:41:25] e lá eu uso AI, por isso pensei em matematica
[2016-12-10 17:41:42] muita coisa de computação, pelo menos da grade da faculdade, eu conheço
[2016-12-10 17:42:45] eu teria que fazer uma facul de matematica para poder entender os conceitos de regressão e etc mais a fundo
[2016-12-10 17:42:48] ou achar algum material
[2016-12-10 17:45:30] Ao menos no IME-USP regressão é oferecida pra estatística e AI e criptografia pra computação. Nenhuma delas pra matemática.
[2016-12-10 17:47:03] E o sistema de optativas lá  se tornou bem limitante há uns anos, então não é muito factível escolher um curso já pensando nas optativas em outro tende a não funcionar bem.
[2016-12-10 17:47:45] Isso na USP, né. Tô jogando na roda porque você já falou em ir pra lá.
[2016-12-10 17:48:42] (faltou uma vírgula duas mensagens atrás, sorry)
[2016-12-10 17:52:01] sim, mas esse ano não vai rolar
[2016-12-10 17:52:08] acho que vou pra unesp mesmo que é onde eu passei
[2016-12-10 17:53:09] Aaah, ok, aí não posso opinar. Você tem acesso às grades de lá?
[2016-12-10 18:00:04] melhor abrir uma empresa e viver olhando stackoverflow #verdadenuaecrua
[2016-12-10 18:05:21] ss
[2016-12-10 18:08:11] pode ser que seja melhor mesmo @tilt4 !
[2016-12-10 18:20:02] alguém do garoa está afim de alguns adesivos do grupy?
[2016-12-10 18:20:08] acho que vou sábado no quebrando o cerco
[2016-12-10 18:20:10] mas não sei
[2016-12-10 18:28:12] Ensino formal te impede de aprender muitas coisas 😎
[2016-12-10 18:41:07] concordo e discordo... ele não te impede de aprender novas coisas, ele toma seu tempo te ensinando outras coisas
[2016-12-10 18:41:45] Coisas não necessariamente úteis fora da Acadêmia
[2016-12-10 18:41:57] sim sim
[2016-12-10 18:48:21] Ou coisas 10 anos ultrapassadas tb... Enquanto tá rolando um fórum ou seminário ali do lado com conhecimento de ponta 😅
[2016-12-10 18:52:03] Dependendo qual o assunto, 10, 15 ou 20 anos não são suficientes para deixar algo obsoleto.
Teoria de Elétrica, Eletrônica e Computação do final dos 80 ainda é BEM atual...
Sem falar que muita "tecnologia de ponta" se torna inviável por custo.
[2016-12-10 18:52:27] Prefiro me ater a Tecnologia corrente
[2016-12-10 18:53:36] pd ser um discurso coerente este das coisas ficarem obsoletas
[2016-12-10 18:53:40] mas pense num curso de física
[2016-12-10 18:53:50] quando que as teorias de newton ficarão obsoletas?
[2016-12-10 18:54:32] Por exemplo, o Gang of Four, um dos livros mais citado sobre Design Patterns é de 1995
[2016-12-10 18:54:46] 94, alias
[2016-12-10 18:55:51] Na area de ti as ferramentas sempre irao mudar.. mas os principios permanecem..
[2016-12-10 18:56:01] sempre vai ter o framework da moda..
[2016-12-10 18:56:28] Ou a Linguagem
[2016-12-10 18:56:30] infelizmente o pessoal do RH quer te cobrar os frameworks da moda e nao os principios por traz deles
[2016-12-10 18:56:42] exato gute
[2016-12-10 18:58:39] Estude os Livros do Tanenbaum, Sistemas Operacionais e Redes de Computadores, que tu já sai na frente de muita gente
[2016-12-10 18:59:10] Se tiver saco, The Art of Computer Programmin do Knuth
[2016-12-10 18:59:42] Pegue um livro para Certificação LPIC-1 e vc já sabe mais que muito SysAdmin
[2016-12-10 19:00:04] Não é só na academia que se pode aprender os princípios de algo... embora seja mais conveniente ter tudo empacotado e comprimido para vc (não necessariamente mais rápido).
[2016-12-10 19:01:37] Concordo com vc Sandro.. eu faco exatamente isso.. busco fora da academia tradicional o conhecimento
[2016-12-10 19:02:23] e abandonei 2 faculdades por conta disso.. faculdade é muito pouco para mim rsrs
[2016-12-10 19:02:51] nao todas logico.. mas as que eu frequentei.. sei la achei fraco
[2016-12-10 19:05:40] Por isso gosto da Ideia por trás de Hackerspaces! ;)
[2016-12-10 19:06:41] Vc tem Dropouts, Bacharéis, Mestres, Doutores e Pós-Docs, no mesmo espaço, conversando sobre assunto diversos e um aprendendo com o outro...
[2016-12-10 19:10:05] Sim... hackerspace é top de mais
[2016-12-10 19:10:48] Poderia existir essa possibilidade ne.. se vc frequenta 1 hackerspace por mais de 2 anos e meio, vc tem direito a um diplomna de nivel superior rs
[2016-12-10 19:12:19] Eu levantei essa discussão esses dias, mas para Tecnico/Tecnologo
[2016-12-10 19:12:28] Hackerspace como extensão da Academia
[2016-12-10 19:13:06] Por causa de uma ETEC lá perto do Garoa em que a molecada do Curso de Eletronica tá no ultimo semestre e não viram Arduino, por exemplo
[2016-12-10 19:13:22] Vão sair sem contato nenhum com programação
[2016-12-10 19:17:57] Engenharia do que quer que seja seria minha opção #1
[2016-12-10 19:26:56] O professor Imre Simon levantou essa bola uns quase 10 anos atrás, quando não existia hackerspace no brasil (e nem lá fora eram muito conhecidos ainda). Ele mencionou que as iniciativas de projeto colaborativos de software livre e de cultura livre em geral, como Wikipédia e similares, podem apresentar desafios para o ambiente acadêmico. E podem até mesmo eventualmente tornar as universidades obsoletas! Trazendo novos modelos de construção de conhecimento.
[2016-12-10 19:27:03] (construção e difusão)
[2016-12-10 19:28:22] Acho que se o Imre Simon tivese visto, em vida, o surgimento dos hackerspaces brasileiros ele teria ficado muito orgulhoso e certamente teceria comentários no mínimo sugerindo a possibilidade de hackerspaces serem um elemento importante no futuro da educação.
[2016-12-10 19:29:49] Ta ligado umas 'escolas' em que os pais educam os filhos, ai depois os filhos se submetem a uma prova.. ai se passarem tiram o diploma??
[2016-12-10 19:29:56] Poderia haver algo assim sei la
[2016-12-10 19:30:28] Eu aprendi coisas na Academia que dificilmente teria contato num hackerspace. Coisas num hackerspace que jamais veria na indústria. Aprendi coisas com os velhinhos mestres de eletrônica e mecânica industrial que nunca veria na Academia. No final das contas, o conhecimento está nas pessoas e em seus registros. O importante é lutar por uma cultura de compartilhamento de conhecimento em todos os lugares. As instituições passam, mas os mestres estão aí, em todas as culturas. Vamos aproveitar o conhecimento disponível em todos os espaços
[2016-12-10 19:31:23] Sou muito a favor de Home Schooling
[2016-12-10 19:32:56] Home Scooling + hackerspaces seria a emancipação da educação libertária
[2016-12-10 19:33:55] Bem por aí
[2016-12-10 19:36:29] Se você não sabe pra onde vai, qualquer caminho serve, como falou Lewis Carroll
[2016-12-10 19:47:08] Verdade
[2016-12-10 20:40:58] Cristiano Matos joined
[2016-12-10 20:40:59] Hi Cristian !
[2016-12-10 21:35:46] photo: /home/felipe/devel/github_tvdstaaij/telegram-history-dump/output/media/Garoa_Hacker_Clube_(Público)/download_803702934_14019.jpg
[2016-12-10 21:46:48] 😊🙌🏾
[2016-12-10 21:48:08] Giraforro ou Cachorafa?
[2016-12-10 21:48:52] BTW: Long Dog is long
[2016-12-10 21:53:11] É amigo do looooongcat :-) hahaha
[2016-12-10 23:22:07] Curso Ruby on Rails 100% grátis somente neste fim de semana http://www.schoolofnet.com/curso-iniciando-com-ruby-rails
[2016-12-10 23:29:03] 323083 é primo. Boa noite!
[2016-12-10 23:37:21] 1 é primo?
[2016-12-10 23:37:34] vixe!
[2016-12-10 23:38:26] Pela definição normalmente aceita, não.
[2016-12-10 23:39:55] Precisa ter dois divisores distintos, e só dois, 1 e o próprio número
