[2017-07-24 09:07:00] @rayanneadjene parabéns feliz aniversário
[2017-07-24 09:07:26] 🍻🎂🎂🎂
[2017-07-24 09:18:36] Mais denovo? td mes ela faz aniversario kkk
[2017-07-24 09:40:20]  joined
[2017-07-24 09:40:21] Hi Sirigueijo !
[2017-07-24 10:04:44] CARAMBA!!!!
[2017-07-24 10:05:34] Eles tinham (em 2015, quando esse video foi gravado) cerca de 1100 associados. O Garoa tem uns 40 apenas.
[2017-07-24 10:43:08] Registram 1430 membros no hackerspaces.org - https://wiki.hackerspaces.org/Dallas_Makerspace
[2017-07-24 10:56:11] Diego Santos joined
[2017-07-24 10:56:11] Hi Diego !
[2017-07-24 11:25:16] Salve Guerreiros. Alguém já encarou este aviso após iniciar uma distro do Linux Criptografar com Luks e participar o HD com LVM.
[2017-07-24 11:25:18] ?
[2017-07-24 11:25:47] photo: /home/felipe/devel/github_tvdstaaij/telegram-history-dump/output/media/Garoa_Hacker_Clube_(Público)/download_803735410_147700.jpg
[2017-07-24 11:28:40] Dei uma pesquisada na internet. Mas até agora ninguém deu uma solução concreta para o problema, somente alguma sugestões. Por exemplo, acessar o arquivo lvm.conf mudando a opção use_lvmetad = 1 para 0.
[2017-07-24 11:45:38] Usei o LVM para criar participações lógicas na qual encryptei o /var, /tmp, swap e logicamente /home.
[2017-07-24 11:54:53] WOW!!!
[2017-07-24 12:10:00] Quando vejo esses números eu me pergunto o que os hackerspaces nacionais estão fazendo de errado
[2017-07-24 12:12:26] As coisas demoram para chegar aqui. Certeza que em alguns anos vão existir esses espaços gigantes por aqui
[2017-07-24 12:13:17] photo: /home/felipe/devel/github_tvdstaaij/telegram-history-dump/output/media/Garoa_Hacker_Clube_(Público)/download_803111141_124669.jpg
[2017-07-24 12:13:32] makey makey!
[2017-07-24 13:09:50] Talvez o problema seja mais na formação cultural científica do país.
[2017-07-24 13:11:20] Em muitos lugares desse país, engenheiro é mais visto como capataz do que como aquele que desenvolve tecnologia
[2017-07-24 13:11:42] O cara da informática é aquele que conserta sua impressora
[2017-07-24 13:12:57] Não é só nossos políticos que não enxergam C&T como prioridade. Isso está em nossa cosmovisão brazuca
[2017-07-24 13:13:33] Esramos entre os piores em ensino de matemática no globo
[2017-07-24 13:14:16] Essas coisas refletem em vários aspectos de nossa vida. Um aspecto é o baixo interesse por hackerspaces
[2017-07-24 13:16:39] É legal ver leds piscando, instalar um Linux ou assistir Carl Sagan, mas quando as coisas requerem um pouquinho de esforço e pragmatismo, nossa cultura viciada em coisas efêmeras e de baixo custo de suor fala mais alto
[2017-07-24 13:18:35] Fora que tem muita gente muito boa gastando muita energia em garantir o próximo prato de comida e não tem nem energia nem ócio suficiente para se envolver em comunidades assim.
[2017-07-24 13:21:49] Creio que hackerspaces no Brasil não estão fazendo algo de (muito) errado, mas na verdade são anomalias, grupos que só existem por que exceções existem, dado o nosso contexto sócio econômico cultural.
[2017-07-24 13:30:35] O Garoa não tem um número maior de associados por outras razões...
[2017-07-24 13:42:08] Que razões vc enxerga para isso acontecer?
[2017-07-24 14:00:06] https://www.youtube.com/watch?v=pz85-jVwflU
[2017-07-24 14:04:05] esse video ficou legal
[2017-07-24 14:06:52] https://www.adafruit.com/product/787
[2017-07-24 14:08:20] sempre tive duvida de como se chamava isso no brasil , mas se chama de "moedeiro" e "noteiro" para receber cédulas
[2017-07-24 14:08:44] Bem perto, tem a Etec
[2017-07-24 14:08:53] Rsrsrsrsrs
[2017-07-24 14:09:03] Conheci alguns professores lá
[2017-07-24 16:28:20] Amigo posso estar enganado mas se vc criptografia com luks vc deve ter colocado uma senha. É isso q ele tá pedindo.
[2017-07-24 16:28:41] Ele precisa da senha pra poder ler o HD é os respectivos pontos de montagem
[2017-07-24 17:10:10] Walner de Oliveira joined
[2017-07-24 17:10:11] Hi Walner de Oliveira !
[2017-07-24 18:40:34] Garoa aberto, hoje temos python lab
[2017-07-24 18:41:13] Seria legal o status da porta informar  no telegram
[2017-07-24 18:51:42] Pessoal boa noite, nos na ONG Reduca recebemos aproximadamente 10 computadores de doação do Banco do Brasil, porém todos sem HD e não sabemos o estado das outras partes. Gostaria de saber se alguém se voluntária a uma tarde de conserto / instalação de S.O. data a definir, local ou no Garoa ou em Franco da Rocha sede da ONG. A Reduca é uma associação sem fins lucrativos que proporciona um local para atividades lúdicas de cunho educacional no contra turno da escola.
[2017-07-24 18:52:51] Favor chamar @rodzil
[2017-07-24 18:52:51] Para não dar flood
[2017-07-24 18:56:39] !Moriarty || Always return joined
[2017-07-24 18:56:40] Hi !Moriarty || Glory Hammer !
[2017-07-24 19:16:24] Sim. Mas o meu problema não eh este. E sim o aviso que ele dá.
[2017-07-24 19:17:26] Ou seja o Warning: ...
[2017-07-24 19:25:02] Dente, vamos tentar baixar o firmware do Makey Makey e colocar em um Leonardo?
[2017-07-24 19:26:48] WIP... pretendemos fazer isso na oficina de chatbot...
[2017-07-24 19:31:26] photo: /home/felipe/devel/github_tvdstaaij/telegram-history-dump/output/media/Garoa_Hacker_Clube_(Público)/download_803120126_99306.jpg
[2017-07-24 19:31:37] Hoje é dia de engarrafar cerveja
[2017-07-24 19:32:16] Quem vir ajudar tem desconto na cerveja depois
[2017-07-24 19:33:13] Hoje eu to preso no trabalho, dependendo da hora wue eu sair com certeza colo
[2017-07-24 19:34:12] Infelizmente por acesso remoto não dá
[2017-07-24 19:35:33] :)
[2017-07-24 19:40:52] Curti esse esquema de blowoff 😄
[2017-07-24 19:49:32] Acho que o Adriano Freitas fez isso, é legal!
[2017-07-24 19:50:18] \o/
[2017-07-24 19:58:02] mais ou menos
[2017-07-24 19:58:40] hj não posso
[2017-07-24 20:00:11] quinta levo os resistores
[2017-07-24 20:38:52] photo: /home/felipe/devel/github_tvdstaaij/telegram-history-dump/output/media/Garoa_Hacker_Clube_(Público)/download_803118452_97916.jpg
[2017-07-24 21:11:00] Alguem falou em cerveja ?
[2017-07-24 21:18:03] Quantos litros deu?
[2017-07-24 21:21:08] O Warning acontece porque o disco está "lockado". Quando coloca a senha ele deve prosseguir com o boot. Pelo menos no ubuntu é assim../
[2017-07-24 21:28:50] photo: /home/felipe/devel/github_tvdstaaij/telegram-history-dump/output/media/Garoa_Hacker_Clube_(Público)/download_803112950_63276.jpg
[2017-07-24 21:28:56] 30 garrafas
[2017-07-24 21:30:27] aeeee
[2017-07-24 21:36:16] Nice =D
[2017-07-24 21:41:42] Que tipo de cerva ?
[2017-07-24 22:17:52] ipa
[2017-07-24 22:30:04] opa 😄 minha preferida, tem nome essa danada ?
[2017-07-24 22:35:22] Era gota serena né, mas acho q vale um rebatizado
[2017-07-24 22:35:58] Garoa Serena?
[2017-07-24 22:42:21] Vai se chamar: "Um ano sem Bubel."
[2017-07-24 22:59:47] boa !
[2017-07-24 23:21:04] Bubeless
[2017-07-24 23:21:12] 😁
[2017-07-24 23:22:31] Ou GotAle (mistura de gota com Ale)?
GaroIpa?
[2017-07-24 23:28:04] document: /home/felipe/devel/github_tvdstaaij/telegram-history-dump/output/media/Garoa_Hacker_Clube_(Público)/download_656495775647269139.webp
