[2016-11-20 00:34:19] Boa noite.
Já viram isso?
[2016-11-20 00:34:21] https://www.youtube.com/watch?v=8Ik7V_QH5wk&feature=youtu.be
[2016-11-20 00:37:48] https://www.youtube.com/watch?v=G1t4M2XnIhI&feature=youtu.be#t=58.880812
[2016-11-20 01:20:32] #kero
[2016-11-20 02:55:31] Curso de Deploy de aplicações Python com Tiago Queiroz
Dia 10/12/16 às 9:00
https://goo.gl/1EuX19
Vagas limitadas!
[2016-11-20 03:03:58] Olá, eu deixei um power bank verde conectado na tomada na mesa do garoa, alguém por favor pode pegar ele e levar no bsides?
[2016-11-20 03:07:18] E o GruPy-SP não pára, confira os últimos eventos do ano:
* 28 ou 29/11 Coding Dojo #6 spoiler não confirmado ainda
02/12 DevOps, Deploy and more - Avenue Code http://meetu.ps/337VBb
03/12 Python Sorocaba - Meetup II http://meetu.ps/32RV8K
15/12 Grupy-SP + Mercado Livre http://meetu.ps/3381zY
[2016-11-20 08:30:36] Bom dia alguém no Garoa agora?
[2016-11-20 08:51:40] Parece que não,
[2016-11-20 08:52:29] 👍
[2016-11-20 08:52:56] Mas vai ter um pessoal da feijoada as 9:30
[2016-11-20 08:53:36] Opa aí sim
[2016-11-20 08:53:39] Valeu
[2016-11-20 09:11:49] E estou indo pro garoa pegar o robô
[2016-11-20 09:12:12] Que horas o portão da PUC abre?
[2016-11-20 09:52:18] Não está trancada
[2016-11-20 09:53:49] オベルダン 777 🔫🍾🍸🍹 joined
[2016-11-20 09:53:49] Hi Dan' !
[2016-11-20 09:59:06] A feijoada será quanto?
[2016-11-20 09:59:19] Será no garoa
[2016-11-20 09:59:25] ?
[2016-11-20 10:02:59] Ainda não ligaram a máquina de café na tomada
[2016-11-20 10:05:37] BSides ainda não começou?
[2016-11-20 10:11:50] Exato
[2016-11-20 11:24:52] Começa assim, e depois...
https://www.youtube.com/watch?v=Z45Tpp9DBq4
[2016-11-20 12:37:07] celular do Vitor Fernandes
[2016-11-20 12:44:23] emergência com lockpicking
[2016-11-20 13:00:56] Galera até que horas vai a bsides?
[2016-11-20 13:03:36] 19, 20h
[2016-11-20 13:03:45] opa
[2016-11-20 13:03:58] como que faz só chegar lá?
[2016-11-20 13:17:05] Manoel joined
[2016-11-20 13:17:06] Hi Manoel !
[2016-11-20 13:53:16] ?
[2016-11-20 13:54:37] Chega ai
[2016-11-20 13:54:53] Mas tinha que fazer inscrição
[2016-11-20 13:55:09] Tenta o chaveco na porta
[2016-11-20 13:55:18] Não e certeza de entrar
[2016-11-20 14:12:03] DevOps, Deploy and more - Avenue Code @grupysp dia 02/12 http://meetu.ps/337VBb
[2016-11-20 14:12:54] E o @grupysp não pára, confira os últimos eventos do ano em https://www.meetup.com/pt-BR/Grupy-SP/
[2016-11-20 17:20:24] Alo Povo,
Venho propor aqui uma atividade no espaco para os dias 9, 10, e 11 de dezembro, que vai ser basicamente um meet-up de participantes do Ludum Dare 37. Pra quem nao conhece o Ludum Dare, é "um dos maiores e mais antigos Game Jams do mundo", e um "Game Jam" é basicamente um evento onde desenvolvedores de jogos criam um jogo do zero a partir de um tema escolhido pela comunidade. Existe um aspecto competitivo, tambem votado pela comunidade, mas o espirito da coisa é mais o de criar e aprender junto mesmo.
Como ja expliquei a 37a edicao ta rolando no fim de semana do dia 9 agora, nao precisa de nada para participar oficialmente, so se cadastrar no site, http://ludumdare.com, Entao o evento nao precisa de nada fora o uso de espaco ao longo do fim de semana mesmo.
O Alexandre @villares e a  Monica  ja me deram a bencao, estao envolvidos e nos ja vimos que tem o Quebrando o Cerco no sabado, mas achamos que da pra acomodar, visto que o nosso evento nao precisa de nenhum lugar especifico. 

Obrigado des de Ja!
[2016-11-20 17:20:38] Monica ^
[2016-11-20 17:51:20] Game Jam \o/
[2016-11-20 17:59:36] Game Jam \O/
[2016-11-20 18:13:51] Confira o novo álbum de fotos do 9º aniversário do @grupysp https://www.facebook.com/grupysp/photos/?tab=album&album_id=820173644751944
[2016-11-20 18:38:54] \O/!!
[2016-11-20 18:39:25] Game Jam \O/
[2016-11-20 18:39:51] Eu vou fazendo um grafico para a divulgacao
[2016-11-20 18:40:22] A nao ser que alguem faça questao
[2016-11-20 19:30:03] Leonardo Amaral joined
[2016-11-20 19:30:03] Hi Leonardo !
[2016-11-20 19:50:53] E o @grupysp não pára, veja os próximos encontros 02, 03 e 15/12 https://www.meetup.com/pt-BR/Grupy-SP/
[2016-11-20 22:54:18] Não seria mais interessante divulgar atividades na lista de emails, em vez de divulgar por aqui, já que a informação vai sumir rapidinho entre vários comentários?
[2016-11-20 22:57:43] oi, John! reforçando o comentário do Sandro, sugiro você colocar essa mensagem na lista. aqui é mais para trocar stickers e falar do que tá acontecendo "agora".
[2016-11-20 22:59:20] ta certo, vo por la tbm. Valeu!
[2016-11-20 23:05:36] mandei. Foi minha primeira entao esta no limbo la.
