[2018-01-19 00:00:35] Aqui...se apresentando
[2018-01-19 00:01:09] Fui atrás do Garoa justo pelo vício em tecnologia...😜
[2018-01-19 00:02:54] Não consegui achar como ficar membro, nem o valor mensal da contribuição http://hackingchristianity.net
[2018-01-19 00:05:23] Oxiiii.... religião + tecnologia??
[2018-01-19 00:05:53] Bom, não vou mentir que já tentei fazer uns crossing over do gênero
[2018-01-19 00:10:50] http://www.cienciamao.usp.br/tudo/exibir.php?midia=fic&cod=_ausinanucleardepapai&action=print
[2018-01-19 00:42:33] Já ouvi falar muito deste livro...tem uma abordagem bem crítica do tema sociedade x tecnologia
[2018-01-19 05:06:54] Pode sim.
[2018-01-19 05:16:04] www.tecnisa.com.br/bitcoins
[2018-01-19 10:14:53] Essa notícia é nova ou velha? Pq há uns 2 anos atrás uma construtora já tinha anunciado q aceitava bitcoins na compra de AP. Se ela guardou os btc, se deu bem!
[2018-01-19 11:57:56] É mais ou menos esse o tempo que estão aceitando Bitcoins...
[2018-01-19 12:54:34] https://www.tecmundo.com.br/seguranca/126297-hacker-vaza-dados-funcionarios-sindicato-ferroviarios-sp.htm
[2018-01-19 13:21:46] Senhores, sem offtopic por favor
[2018-01-19 13:42:50] Mais um vazamento para a conta do Linkedin
[2018-01-19 13:42:54] http://securityespecialistas.com/novo-vazamento-que-expoes-159-milhoes-de-senhas-do-linkedin/
[2018-01-19 13:43:17] Drummond Hackerspace tem cupom de desconto na Campus Party?
[2018-01-19 15:02:46] Pessoal alguém aqui tem o logo vetorizado do Dumont Hackerspace? É para colocar no painel da Campus
[2018-01-19 15:08:00] #SEGUNDACHANCE
[2018-01-19 15:12:22] https://garoa.net.br/w/images/Cartaz_A4_Garoa.svg
[2018-01-19 15:15:42] Tks 🖖🏻
[2018-01-19 15:16:26] https://garoa.net.br/w/images/Cartaz_A4_Garoa.svg
[2018-01-19 15:18:28] https://garoa.net.br/wiki/Arquivo:Dumont.svg
[2018-01-19 15:18:38] Esse é de um banner explicando o que é hackerspace
[2018-01-19 15:18:57] https://garoa.net.br/w/images/Cartaz_A4_Garoa.svg Aqui!
[2018-01-19 15:19:04] desculpa, parei
[2018-01-19 15:19:10] O logo tá nele. É só fazer ungroup.
[2018-01-19 15:19:46] Me mostra onde o logo do DUMONT tá nele, pr fvr
[2018-01-19 15:20:34] Rlx com esses negócios da Campus, Dumont e Garoa ja ta td certo
[2018-01-19 15:20:41] Obrigado !
[2018-01-19 15:20:58] Viajei. Li apenas "Logo", pensei no Garoa.
[2018-01-19 15:21:46] @fernandoGuisso, consegue criar a página do evento na Wiki tipo as anteriores? Já tem a planta do Evento?
https://garoa.net.br/wiki/Dumont_Hackerspace_na_Campus_Party_2016
[2018-01-19 15:22:17] Acontece... ;)
[2018-01-19 15:22:19] Ja existe, a planta eu tenho, mas ta restrita ainda
[2018-01-19 15:23:07] 👍
[2018-01-19 15:23:09] A página, de fato. #MyFault
[2018-01-19 15:23:14] https://garoa.net.br/wiki/Dumont_Hackerspace_na_Campus_Party_2018
[2018-01-19 15:23:37] Quem vai palestrar la pelo Garoa?
[2018-01-19 15:25:31] FYI: Uns anos atrás o stellar.org estava lançando uma cryptocoin nova e deu 6k coins pra quem cadastrou na promo deles. Agora esses 6k coins valem quase 3k USD. https://launch.stellar.org/#/login
[2018-01-19 15:31:57] ai galera, alguém pode me ajudar sobre como eu posso setar o locale do meu usuário, não o do root, corretamente?
[2018-01-19 15:33:09] add no seu .bashrc:
export LC_ALL=en_US.UTF-8
export LANG=en_US.UTF-8
export LANGUAGE=en_US.UTF-8
[2018-01-19 15:33:29] depois source ~/.bashrc
[2018-01-19 15:33:44] Logo mais eu atualizo a wiki
[2018-01-19 15:33:56] se vc rodar locale vc vai ver o que já tá setado
[2018-01-19 15:34:25] ta so os posix
[2018-01-19 15:44:28] photo: /home/felipe/devel/github_garoa/Telegram_logs_Garoa_Hacker_Clube_Publico/media/Garoa_Hacker_Clube_(Público)/download_806117973_28076.jpg
[2018-01-19 15:44:41] segunda 22/1 no Garoa
[2018-01-19 15:47:18] Oda joined
[2018-01-19 15:47:32] Salve Oda!
[2018-01-19 15:47:42] document: /home/felipe/devel/github_garoa/Telegram_logs_Garoa_Hacker_Clube_Publico/media/Garoa_Hacker_Clube_(Público)/download_485395015992869946.webp
[2018-01-19 15:48:38] document: /home/felipe/devel/github_garoa/Telegram_logs_Garoa_Hacker_Clube_Publico/media/Garoa_Hacker_Clube_(Público)/download_532578650533434851.mp4
[2018-01-19 15:49:25] document: /home/felipe/devel/github_garoa/Telegram_logs_Garoa_Hacker_Clube_Publico/media/Garoa_Hacker_Clube_(Público)/download_789525747621429347.webp
[2018-01-19 15:52:00] Vai ter alguns desafios pela IBM para ganhar um Alienware, divulguem nos grupos que voces tem,
[2018-01-19 15:52:01] https://www.facebook.com/sergiogama1967/posts/10155364007690748
[2018-01-19 15:53:39] Parece que o @fernandoGuisso está procurando mais palestrantes representantes do garoa
[2018-01-19 15:54:01] Oi Michael,
[2018-01-19 15:54:16] Eu estou com uma palestra sobre Empoderamento Infantil,
[2018-01-19 15:56:38] To não, já tamo lotado, tem mt Garoa, queria mesmo era gente de outros hackerspaces
[2018-01-19 16:00:12] O garoa já lotou a quota que cabia?
[2018-01-19 16:00:20] Já
[2018-01-19 16:00:29] Perfeito
[2018-01-19 16:00:30] na verdade toda a cota do Dumont já lotou
[2018-01-19 16:00:55] \o/
[2018-01-19 16:01:36] Escapei dessa esse ano
[2018-01-19 16:01:47] escapou nd, tu ta na lista
[2018-01-19 16:01:48] 😛
[2018-01-19 16:02:45] Eu não tenho muito a declarar não, sou inocente
[2018-01-19 16:03:08] Hauhauhau
[2018-01-19 16:03:15] Manda outro aí que sabe do que está falando
[2018-01-19 16:03:27] ninguém sabe do q esta falando kkk
[2018-01-19 16:03:33] Que sabe do que tá falando tá em falta... rs
[2018-01-19 16:04:44] Bom, ao menos alguém que mente melhor seria bom
[2018-01-19 16:05:28] kkk
[2018-01-19 16:05:38] Bel Pesce já tem compromisso nos dias do Evento...
[2018-01-19 16:05:42] Já cansei de contar a história do príncipe de Dubai que roubou minha turma
[2018-01-19 16:08:14] Pior que ninguém acredita quando é verdade
[2018-01-19 16:08:40] 👍🏻👍🏻
[2018-01-19 16:09:18] Pois é,
[2018-01-19 16:09:39] E nessa campus eu vou estar de bobeira,
[2018-01-19 16:09:58] acho que vou participar dos desafios para ganhar o Alienware, mas imagina quanta gente não vai estar participando,
[2018-01-19 16:11:27] A gente faz uma equipe e racha o prêmio. rsrsrs
[2018-01-19 16:12:48] Boa ideia em
[2018-01-19 16:18:44] We trust you have received the usual lecture from the local System
Administrator. It usually boils down to these three things:

    #1) Respect the privacy of others.
    #2) Think before you type.
    #3) With great power comes great responsibility.
[2018-01-19 16:29:19] hoje de noite: https://spaceflightnow.com/2018/01/19/electron-still-testing-mission-status-center-2/
[2018-01-19 16:31:03] Stickers engraçados
[2018-01-19 16:34:13] Monica Rizzolli e Tony de Marco que criaram, chama Contrast esse pack, é inspirado em varios artistas foda. Helio Oiticica, Athos Bulcão, Waldemar Cordeiro, Amilcar de Castro...
[2018-01-19 16:34:58] tem em forma de fonte também: http://www.justintype.com/contrast/
[2018-01-19 16:35:51] document: /home/felipe/devel/github_garoa/Telegram_logs_Garoa_Hacker_Clube_Publico/media/Garoa_Hacker_Clube_(Público)/download_5120729223136280611.mp4
[2018-01-19 17:53:34] estou esperando ele responder sobre a minha palestra até agora
[2018-01-19 17:55:26] A sua foi reprovada pq o @nelsonbrito pediu, ele disse q vc ta muito galudinho e precisa colocar mais o pé no chão 😛
[2018-01-19 18:25:16] Quem vai no garoa hoje?
[2018-01-19 18:53:50] eu
[2018-01-19 19:18:55] Eu disse isso???
[2018-01-19 19:19:35] Viu, eu falei
[2018-01-19 19:22:21] Olha o cara plantando a discórdia
[2018-01-19 19:22:52] Hauaahu, maldito telegram q vc pode editar a msg kkk
[2018-01-19 19:52:27] document: /home/felipe/devel/github_garoa/Telegram_logs_Garoa_Hacker_Clube_Publico/media/Garoa_Hacker_Clube_(Público)/download_532580527434145694.mp4
[2018-01-19 19:53:17] Primeira encomenda tributada no Novo Sistema Digital do Correios... ¬¬
[2018-01-19 19:56:50] Querem me cobrar 100 Dinheiros em um produto de 18 dolares...
Pedi revisão, mandei 3 decisões judiciais dizendo que produtos abaixo de 100 dolares tem isenção e que a taxa de 12 Dinheiros de Despacho Postal é ilegitima.
Citei o Artigo 3º do Código Civil para chamar o agente da Receita de "ignorante" ao invés de FDP...
[2018-01-19 19:56:51] Oremos
[2018-01-19 19:57:14] document: /home/felipe/devel/github_garoa/Telegram_logs_Garoa_Hacker_Clube_Publico/media/Garoa_Hacker_Clube_(Público)/download_1045404939746019229.webp
[2018-01-19 20:03:04] eu ainda vou comprar a luneta das minhas priminhas
[2018-01-19 20:03:17] mas foi o exército que confiscou
[2018-01-19 20:22:53] acho que eles curtiram os corações e estrelinhas no corpo da luneta...
[2018-01-19 20:24:02] ou a cor roxa
[2018-01-19 20:24:34] document: /home/felipe/devel/github_garoa/Telegram_logs_Garoa_Hacker_Clube_Publico/media/Garoa_Hacker_Clube_(Público)/download_1158050125055001252.webp
[2018-01-19 20:25:02] Faço votos!
[2018-01-19 20:49:17] Garoa Aberto
