[2017-08-18 01:16:05] Mataram o fundador do hackerspace da Síria https://en.m.wikinews.org/wiki/Mozilla,_Creative_Commons,_Wikimedia_Foundation_announce_Bassel_Khartabil_Free_Culture_fellowship_following_execution_of_open_culture_activist
[2017-08-18 01:33:11] 😱
[2017-08-18 01:42:45] Finalmente escrito em inglês pra gente normal poder ler, roubando senhas por telepatia: https://phys.org/news/2017-06-hackers-brainwaves-passwords.html
[2017-08-18 08:15:03] Adoro esse cara EEVblog
[2017-08-18 09:01:14] Ah, chega de fazer noite do Arduíno. De agora em diante só fazemos noite do atmega
[2017-08-18 09:05:33] document: /home/felipe/devel/github_tvdstaaij/telegram-history-dump/output/media/Garoa_Hacker_Clube_(Público)/download_862813025155940372.webp
[2017-08-18 09:15:29] document: /home/felipe/devel/github_tvdstaaij/telegram-history-dump/output/media/Garoa_Hacker_Clube_(Público)/download_862813025155940362.webp
[2017-08-18 09:23:57] https://hackaday.com/2017/08/17/secret-serial-port-for-arduinoesp32/
[2017-08-18 09:27:16] https://spaceflightnow.com/2017/08/16/av074_journal/
[2017-08-18 09:27:29] lançamento em em menos de 2 minutos
[2017-08-18 09:27:42] Foguete Atlas 5
[2017-08-18 09:51:04] https://www.youtube.com/watch?v=aQu7LB0EgDw
[2017-08-18 10:05:30] Estou lendo Neuromancer, do William Gibson. O livro foi escrito em 1984 e tem uma passagem que dialoga com essa questão dos implantes. E é incrível como alguém em 84 (33 anos atrás!) descreveu basicamente a idéia de um computador portátil (similar a um smart-phone) e o questionamento de qual seria a vantagem de um implante subcutâneo, ao invés de simplesmente carregar o dispositivo no bolso.
[2017-08-18 10:11:37] O trecho relevante do livro é o seguite:
[2017-08-18 10:12:03] photo: /home/felipe/devel/github_tvdstaaij/telegram-history-dump/output/media/Garoa_Hacker_Clube_(Público)/download_803119043_119513.jpg
[2017-08-18 10:31:23] Esse aqui não é subcutâneo mas é bem interessante: http://www.popsci.com/ultra-thin-patch-detects-vital-data-wirelessly
[2017-08-18 10:33:23] Já esse aqui é "early adopter demais" na minha opinião. Acho incrível a idéia de tatuagem de led, mas eu esperaria um pouco mais por uma maior miniaturização antes de tentar uma coisa dessas: http://home.bt.com/tech-gadgets/tech-news/biohackers-implant-led-lights-under-skin-11364016221601
[2017-08-18 10:43:27] Acho que ser grande é a graça da coisa. Dava para ser beeeem menor, tanto o led quanto a placa, com a tecnologia atual. E com recarga.
[2017-08-18 11:23:34] Falando em Neuromancer:
[2017-08-18 11:23:35] https://www.amazon.com.br/gp/product/ref=pe_2884860_250822230_pe_row1_ba6_t/?ASIN=857657327X
[2017-08-18 11:23:55] Trilogia completa no Box por 60 Dinheiros
[2017-08-18 11:25:28] PQP! Paguei 132 por essa mesma trilogia (da Aleph) sem a caixa. Comprei na Livraria Cultura do Conjunto Nacional.
[2017-08-18 14:50:30] Vale a pena ?
[2017-08-18 15:25:14] Gosto da História
[2017-08-18 15:25:24] O Projeto Gráfico tá bem futurista
[2017-08-18 15:26:05] a antiga edição é mais 'sóbria', capas pretas com um rosto do principal na capa, 'bem leve'
[2017-08-18 15:27:12] Antigo:
https://images.livrariasaraiva.com.br/imagemnet/imagem.aspx/?pro_id=2579962&qld=90&l=430&a=-1
[2017-08-18 15:27:23] Novo:
http://editoraaleph.vteximg.com.br/arquivos/ids/155970-800-1145/01_Neuromancer.png
[2017-08-18 15:28:10] Li uma sintese e achei interessante, acho que vou pegar esse box
[2017-08-18 15:28:55] Eu tenho os antigos, tô vendo se compro esse novo
[2017-08-18 15:29:50] Quanto quer nos antigos?
[2017-08-18 15:32:26] Eita... Não sei.
[2017-08-18 15:32:46] Na verdade Eu ia mante-los e fazer a minha versão DIY da Caixa
[2017-08-18 16:06:14] Lá é o último lugar em que compro qualquer coisa
[2017-08-18 17:01:18] Garoa está aberto
[2017-08-18 17:20:52] Manoooooo. Muito legal!!! Mas eu sou muito cagão para fazer um negócio desses em mim!
[2017-08-18 17:37:32] http://www.fidelis.work/como-eu-usei-o-cartao-de-credito-do-ceo-do-trampos-co-para-pagar-minha-assinatura-premium/
[2017-08-18 19:03:00] photo: /home/felipe/devel/github_tvdstaaij/telegram-history-dump/output/media/Garoa_Hacker_Clube_(Público)/download_803118850_119460.jpg
[2017-08-18 19:03:44] está serto
[2017-08-18 19:13:35] É homem. Já é casado e ainda é estagiário (vulgo: "trabalha de graça"). De fato ilustra bem o mercado de TI.
[2017-08-18 19:15:07] Disclaimer: Isso foi apenas uma reflexão bem-humorada de sexta-feira à noite.
[2017-08-18 19:39:35] Bora implantar chip, Kiki?
[2017-08-18 19:39:45] Vou implantar no Bordini amanhã...
[2017-08-18 20:21:11] Alguém tem contato com vendedor de HD de 4TB ou 8TB em ótimo preço?
[2017-08-18 20:44:16] Alguém tem
[2017-08-18 21:01:41] verdade
[2017-08-18 21:10:50] eu queria so nao tenho grana
