[2017-11-02 08:58:51] Vai rolar amanha o role dos drone?
[2017-11-02 10:05:52] Vou abrir o garoa as 13h hoje
[2017-11-02 10:26:03] Felipe Bueno joined
[2017-11-02 10:26:05] Hi Felipe !
[2017-11-02 12:20:59] Samuel Estival joined
[2017-11-02 12:21:00] Hi Samuel !
[2017-11-02 12:22:24] Ola , conheci o garoa hc pela web hoje e apesar de geograficamente bem longe queria dizer que fiquei fascinado pela iniciativa!
[2017-11-02 12:33:09] Google garoa como criar um hackerspace
[2017-11-02 12:33:12] https://garoa.net.br/wiki/Como_criar_um_hackerspace
[2017-11-02 13:21:58] Estou a caminho do Garoa também
[2017-11-02 13:39:05] Galera, sexta-feira, dia 10 de Novembro, será a inauguração do WikiLab, na UFABC, Campus São Bernardo do Campo:
https://www.facebook.com/events/736755939858858
[2017-11-02 15:59:48] Yros Aguiar joined
[2017-11-02 15:59:49] Hi Yros !
[2017-11-02 16:01:52] Pensei sobre isso hoje
[2017-11-02 17:41:44] Eu nem lembro qto coloquei... alguem pega pra mim? Só vou passar a frequentar em fevereiro
[2017-11-02 18:33:22] Se você tem direito a uma camiseta, veja no seu e-mail se você já respondeu com o tamanho...
[2017-11-02 18:40:54] Eu vou estar lá
[2017-11-02 19:00:04] Todos serão bem vindos. ....se não puderem pegar ss recompensas é só combinar o dia que puder retirar ou pedir pra alguém retirar
[2017-11-02 19:03:18] photo: /home/felipe/devel/github_tvdstaaij/telegram-history-dump/output/media/Garoa_Hacker_Clube_(Público)/download_804729492_35882.jpg
[2017-11-02 19:05:04] Chego no Garoa umas 20 e meia 🤔
[2017-11-02 19:24:45] @tilt4 tô sem fonte para o carregador de bateria pro drone... Cê tem?
[2017-11-02 19:25:07] Tenho
[2017-11-02 19:42:02] eu to só com a fonte
[2017-11-02 19:42:07] Vixe não vou mais, vou só amanhã
[2017-11-02 19:42:12] esqueci a bateria em são carlos
[2017-11-02 19:42:15] Huahiajaiha
[2017-11-02 19:42:27] Amanhã vou a tarde se já quiserem ir pra começar a montar
[2017-11-02 19:44:40] sera que no garoa tem alguma bateria?
[2017-11-02 19:45:11] o meu drone ta pronto ja
[2017-11-02 19:45:18] mas ele nao ta se comportando direito
[2017-11-02 19:45:40] quando eu ligo uma hélice é de boa
[2017-11-02 19:46:21] mas quando eu ligo todas só uma roda e outra roda um pouquinho
[2017-11-02 19:46:29] document: /home/felipe/devel/github_tvdstaaij/telegram-history-dump/output/media/Garoa_Hacker_Clube_(Público)/download_1449938284334546949.webp
[2017-11-02 19:56:39] Tubo de nixie?
[2017-11-02 19:56:40] Vou pela tarde também
[2017-11-02 19:57:52] tubos de nixie têm números
[2017-11-02 19:57:53] photo: /home/felipe/devel/github_tvdstaaij/telegram-history-dump/output/media/Garoa_Hacker_Clube_(Público)/download_804725237_57011.jpg
[2017-11-02 19:59:04] Vou levar duas baterias
[2017-11-02 19:59:12] É oq tenho kkk
[2017-11-02 19:59:45] Ah sim confundi, sou doido para  montar um relógio com eles
[2017-11-02 20:00:01] boa sorte se não usar um kit pronto
[2017-11-02 20:17:34] kk valeu
[2017-11-02 20:18:06] isso foi pro drone? kk
[2017-11-02 20:45:55] Mario Hideki M. joined
[2017-11-02 20:45:55] Hi Mario !
[2017-11-02 21:26:16] Mário... ? Que Mário...? 🤔

Hahahahahahaha
[2017-11-02 21:35:57] temos aqui um comediante de stand-up nato
[2017-11-02 21:57:11] document: /home/felipe/devel/github_tvdstaaij/telegram-history-dump/output/media/Garoa_Hacker_Clube_(Público)/download_452040381576511599.webp
[2017-11-02 21:58:38] Hahahahahahaha não poderia deixar passar/relembrar um infame clássico kkkkk
[2017-11-02 21:59:07] o pior é que poderia sim, amiguinho
[2017-11-02 22:00:21] Juro que tentei... kkkkkkk
[2017-11-02 22:00:43] Tenta melhor da próxima vez
[2017-11-02 22:07:23] Vinicius joined
[2017-11-02 22:07:24] Hi Vinicius !
[2017-11-02 22:11:30] Galera, preciso comprar um reagente bem específico, mas importá-lo dos EUA pelas vias normais é bem caro, burocrático e demorado. Alguém já passou por isso? Alguma ideia?
[2017-11-02 22:27:05] Pode deixar kkkkkk
[2017-11-02 22:32:30] photo: /home/felipe/devel/github_tvdstaaij/telegram-history-dump/output/media/Garoa_Hacker_Clube_(Público)/download_804721515_82103.jpg
[2017-11-02 23:02:35] Pedir pra alguém trazer dentro de um pote de shampoo
[2017-11-02 23:44:04] matheus vrech added Andre Tabarra
[2017-11-02 23:44:05] Hi Andre !
