[2018-02-17 00:13:07] Guimel joined
[2018-02-17 07:50:36] Alguém tem um cabo sata 6gbps para me doar ?
[2018-02-17 09:42:17] criei uma pagine basica para a atividade de quinta https://garoa.net.br/wiki/Oficina_de_solda_montando_TV-B-Gone
[2018-02-17 09:42:24] seria legal adicionar uma imagem
[2018-02-17 10:11:10] Bruno Tarasco joined
[2018-02-17 11:05:38] Alguem no garoa?
[2018-02-17 11:10:15] Manda um /status pro @garoahc_bot
[2018-02-17 11:10:55] O garoa está fechado
[2018-02-17 11:11:23] Valeu!!
[2018-02-17 11:19:39] Kristi One joined
[2018-02-17 13:57:21] https://hackaday.com/2018/02/17/great-beginnings-for-vintage-computing-in-seattle-vcf-pnw/
[2018-02-17 13:58:37] @fsanches poderia colocar o seu painel também é quem sabe depois o Patinho Feio
[2018-02-17 14:04:38] Nossa, ficou lindo esse altair
[2018-02-17 14:34:33] boa tarde,  alguém sabe me dizer se em pinheiros/faria lima está tudo normal?
[2018-02-17 14:36:24] Faria Lima tá zoada mas Pinheiros tá de boa
[2018-02-17 16:44:27] Quem vem na oficina de solda quinta?
[2018-02-17 16:44:37] Montar um tv b gone?
[2018-02-17 16:54:30] o/
[2018-02-17 16:55:18] eu
[2018-02-17 16:55:20] eee
[2018-02-17 16:56:18] https://www.youtube.com/watch?v=5d6g7SAZur0
[2018-02-17 17:20:21] Pedro Freitas joined
[2018-02-17 17:26:30] https://twitter.com/scott_kerr/status/964458083782045696
[2018-02-17 17:28:21] Até que horas geralmente a galera do CTF fica no Garoa?
[2018-02-17 17:44:29] acho que precisamos modificar nossa pagina de horarios para responder todas as perguntas possiveis
[2018-02-17 17:44:35] ninguem consegue entender
[2018-02-17 17:54:04] Alguns viram a noite lá
[2018-02-17 17:54:21] outros ficam até umas 0h, já que o metro vai até 1h aos sábados
[2018-02-17 17:55:03] Blz, vlw pela info
[2018-02-17 18:02:53] Que massa!
[2018-02-17 20:15:13] Alguem no garoa?
[2018-02-17 20:15:13] Erro ao executar comando: Request failed with status code 500
[2018-02-17 20:19:55] /help@jackbot
[2018-02-17 20:28:29] http://garoahc.appspot.com aparentemente está fora do ar...
[2018-02-17 21:00:28] Estamos aqui, chein
[2018-02-17 21:01:25] Turma do ctf, visitantes etc
[2018-02-17 21:05:27] Tá cheio? Manda foto aí se der
[2018-02-17 21:07:07] photo: /home/felipe/devel/github_garoa/Telegram_logs_Garoa_Hacker_Clube_Publico/media/Garoa_Hacker_Clube_(Público)/download_805512519_96684.jpg
[2018-02-17 21:07:42] Massa!
[2018-02-17 21:41:28] https://repo.zenk-security.com/Reversing%20.%20cracking/Practical%20Reverse%20Engineering.pdf
[2018-02-17 23:06:49] Queridos, entrei aqui no grupo e nem falei nada ainda. Sou completamente iniciante nesses rolês de tecnologia e to afim de colar aí no garoa. Será q terça tem alguém? Qual é o melhor dia?
[2018-02-17 23:11:36] Quinta tem boa probabilidade de ter gente
[2018-02-17 23:12:02] Mas veja no site as atividades agendadas...
[2018-02-17 23:12:19] Esta segunda tem o encontro de educação e tecnologia
[2018-02-17 23:13:16] Esta terça-feira se não me engano é dia de Conselho Manda Chuva (veja no site)
[2018-02-17 23:14:37] Blz. Nessa semana eu vou la. Vlwss
[2018-02-17 23:04:28] @fsanches, terminei de ler o artigo do cara das bactérias. A parte de geospermia e panspermia é cheia de espantalhos, premissas falsas e afins
Não é um texto honesto.

A pior parte é que ele fala sobre história da vida como se os pesquisadores tivessem algum interesse oculto em assumir que a vida começou na terra, enquanto isso não é verdade. Passa um tempão atacando esse espantalho que ele mesmo criou, enquanto ignora toda a discussão que existe sobre o tema. Por exemplo, ninguém propõe que as bactérias que conhecemos foi a primeira forma de vida, por exemplo. Outro espantalho é que ele assume ou que tudo surgiu na terra ou a vida veio do espaço, enquanto a hipótese de que bioquímica básica tenha vindo originalmente do espaço não é descartada.

Tem várias coisas. O próprio tom do texto muda completamente desse ponto em diante e fica parecendo propaganda. Depois diz que, se uma missão à Marte não desqualificar hipóteses bem restritas que ele mesmo propôs, panspermia estaria fortemente apoiada, enquanto só de cabeça eu consigo imaginar mil hipóteses extras, para não dizer que mesmo se alguns dos experimentos fossem bem sucedidos, eu ainda consigo imaginar formas de não descartar panspermia nem geospermia. Claro, as hipóteses que ele propõe são restritas, e ele sabe disso.
[2018-02-17 23:09:14] Quem procura acha. Search, and you shall find. Mesmo que voce esteja procurando pelo em ovo.
[2018-02-17 23:13:16] Segunda ou quinta é melhor pra vc conhecer a primeira vez
[2018-02-17 23:25:39] O pior vem depois. Ele sugere que determinadas características são difíceis de explicar por evolução e sugere design inteligente, em vez de Deus, por ETs. Cita o exemplo do olho, que temos registros fósseis e genéticos de como evoluiu. Sugere que evolução pode "guardar" características propositadamente para usar depois, o que não é verdade. Fala de dogma "neo Darwinista", que, de novo, é um espantalho. Fala de transferência de genes como se fosse novidade, mas isso faz parte do "arsenal" conhecido há décadas.

Enfim, dá para passar o dia inteiro apontando o que há de errado na parte em que eu entendo um pouco. Desconfio agora que a parte que eu não entendo tanto (astronomia, astromecânica, etc) também esteja no mesmo nível.
[2018-02-17 23:28:19] O bônus é que num trecho ele argumenta que a vida primitiva que surgiu na Terra ainda deveria estar entre nós e diz que não acredita nisso em parte porque não foi encontrada. Mais para frente no texto diz que a vida que veio do espaço provavelmente não está mais nós, e por isso é mais fácil achar no espaço. Ele tem que se decidir
[2018-02-17 23:43:56] A idéia de criar velas solares microscópicas para difundir mensagens é muito interessante. Mas não confio mais que as contas deles batam (por causa do resto do texto). E não acho uma boa ideia sair contaminando o espaço com formas de vida que possam se reproduzir, sabe-se lá em quais ambientes. E tem sempre a questão de como o outro lado vai achar e reconhecer nossa mensagem.
