[2017-10-07 00:14:47] Obrigado Jean Lucas Lima
[2017-10-07 00:36:47] https://twitter.com/juca_gnu/status/916487321683406849
[2017-10-07 00:40:46] https://pbs.twimg.com/media/DLgECwbWAAAnbIt.jpg
[2017-10-07 00:47:36] http://www.pakequis.com.br/2009/05/placa-msx-que-encontrei-dentro-de-uma.html
[2017-10-07 00:48:18] O Emerson confirmou
[2017-10-07 01:02:34] https://garoa.net.br/wiki/Garoa_Openstack

Falando em openstack
[2017-10-07 01:10:26] Obrigado
[2017-10-07 01:28:48] amanhã estarei ali pela capote valente e depois penso em descer pelo garoa, se estiver rolando, eu apareço
[2017-10-07 07:24:47] IlloAtayde joined
[2017-10-07 07:24:48] Hi IlloAtayde !
[2017-10-07 07:30:17] /regras
[2017-10-07 07:30:57] /stat@combot
[2017-10-07 07:30:58] combot.org/chat/-1001050919227
[2017-10-07 08:17:11] Nossa, quero um pi-top! ahauhahaha
[2017-10-07 08:17:17] Curti demais a proposta
[2017-10-07 08:45:47] /regras
[2017-10-07 08:45:52] /regras
[2017-10-07 08:50:46] /regras
[2017-10-07 08:51:01] /help@jackbot
[2017-10-07 08:51:02] Message me first so i can message you !
[2017-10-07 09:22:03] Regras: - Assédio, intolerância e atividades ilícitas não serão tolerados - Be excellent to each other - Leia nosso FAQ: https://garoa.net.br/wiki/FAQ
[2017-10-07 09:47:06] document: /home/felipe/devel/github_tvdstaaij/telegram-history-dump/output/media/Garoa_Hacker_Clube_(Público)/download_120138932577894469.webp
[2017-10-07 10:16:50] /regras
[2017-10-07 10:44:26] /stat@combot
[2017-10-07 10:44:27] combot.org/chat/-1001050919227
[2017-10-07 10:54:32] Nossa, que interessante​ esse projeto! Alguem sabe dizer se ele foi encerrado por falta de hardware?
[2017-10-07 11:00:23] Em geral atividades morrem por exigir persistência, tempo, vários encontros.  Hardware dá para arranjar.
[2017-10-07 11:02:32] Já vi muitas atividades começar e parar no Garoa. A dificuldade sempre é continuar apesar de algum problema. Pouca gente se resolve com divulgar, convidar.  Pouco hardware ou dinheiro, se resolve arrecadando, também aparece.
[2017-10-07 11:05:01] Acho que em geral a dificuldade é pouca gente, pouca participação.  Divulgar dá muito trabalho.  Como somos um bando de geeks, comunicação geralmente não é nosso forte.
[2017-10-07 11:24:51] Hahahah entendi, entendi.
Puxa, eu estava pensando em aprender um pouco sobre openstack. Eu tenho alguma experiência com configuração de clusters e nuvens privadas da época do meu mestrado, mas nunca cheguei a mexer com openstack. Pelo link, o projeto é de 2014, então nem sei se quem começou a mexer com isso ainda frequenta o garoa. Será que teria alguém interessado em mexer com isso?
[2017-10-07 11:36:58] Eu estou interessado! O tema do meu TCC é sobre o Openstack praticamente. Conseguimos criar o ambiente e até as instâncias. Porém com o Devstack. Estamos batendo cabeça pra instalar manualmente. Muito complexo.

Então eu topo, quanto mais aprender sobre será melhor!
[2017-10-07 11:38:35] E também por ser algo muito bacana claro.

Tem pouco conteúdo em português, será legal contribuir.
[2017-10-07 11:39:35] O João Lucas Lima indicou até um IRC da RedHat
[2017-10-07 11:45:51] Ah que bacana! Legal que você já deve estar com isso fresco na cabeça! Que ótimo
[2017-10-07 11:46:11] Agora, só não sei qual é o próximo passo hahahah
[2017-10-07 11:46:36] Vou te mandar msg em pvt
[2017-10-07 11:46:43] temos uma página na wiki "como fazer um evento no garoa"
[2017-10-07 11:46:45] leia lá
[2017-10-07 11:46:52] Eu também  hahahahaha
[2017-10-07 11:47:01] Beleza
[2017-10-07 11:47:14] Vou ler. Obrigado.
[2017-10-07 11:47:33] assim que voltar a funcionar a wiki :)
[2017-10-07 11:47:35] Ah, que ótimo! Vou dar uma olhada! Muito obrigado!
[2017-10-07 11:47:51] Hahahah ok!
[2017-10-07 11:48:05] estamos precisando uns voluntários pra ajudar na manuntenção do servidor mesmo :)
[2017-10-07 11:48:44] Sorry! This site is experiencing technical difficulties.
Try waiting a few minutes and reloading.
(Cannot access the database)
[2017-10-07 11:49:24] algum daemon está com tosse
[2017-10-07 11:51:17] Eu consegui acessar agora
[2017-10-07 11:52:01] Aqui também
[2017-10-07 11:53:06] Podemos conversar sobre isso também :)
[2017-10-07 12:05:18] Concordo
[2017-10-07 12:05:27] :D
[2017-10-07 12:17:53] Alguem aqui manja de deep web?
[2017-10-07 12:37:55] Defina "manjar" hahah
[2017-10-07 12:39:14] /help@jackbot
[2017-10-07 12:39:15] Message me first so i can message you !
[2017-10-07 12:41:44] sabe acessar, ja teve site, ou gosta de fazer pesquisas.. coisas desse tipo :)
[2017-10-07 12:54:46] Entendi. Nesse caso, qual seria sua dúvida?
[2017-10-07 14:27:38] Regras: - Assédio, intolerância e atividades ilícitas não serão tolerados - Be excellent to each other - Leia nosso FAQ: https://garoa.net.br/wiki/FAQ
[2017-10-07 14:27:50] JucaBot
[2017-10-07 14:43:43] os caras do scratch vao ao Garoa?
[2017-10-07 15:13:27] acho que amanhã
[2017-10-07 15:27:13] https://garoa.net.br/wiki/Meet-up_with_Andrew_Sliwinski
[2017-10-07 15:27:38] Meeting interessante
[2017-10-07 20:55:31] photo: /home/felipe/devel/github_tvdstaaij/telegram-history-dump/output/media/Garoa_Hacker_Clube_(Público)/download_804730899_16827.jpg
