[2017-10-12 07:23:53] Bom dia.
Se tiver mesmo estarei lá.
[2017-10-12 08:16:29] @mynameiserin
[2017-10-12 08:16:42] photo
[2017-10-12 08:18:07] Fui no fablab da galeria olido. Bem desapontador, tudo parece meio largado
[2017-10-12 08:22:43] Eita, quando?
[2017-10-12 08:26:36] Já faz um tempo
[2017-10-12 08:29:01] Lá tinha algumas atividades mas a maioria é durante horário comercial, quem trabalha nem consegue cursar nada.
[2017-10-12 08:29:47] Não sei como está agora mas não acredito que tenha mudado muito
[2017-10-12 08:32:31] Geralmente a gente vai lá, e ao meu ver a a melhorzinha em organização e tal, infelizmente essa coisa de horário é ruim, mas o público ainda é grande
[2017-10-12 08:36:53] Parecia tão desorganizado que no dia que eu fui com um amigo apareceu uma repórter com o câmera pra entrevistar e o carinha responsável no momento nem estava sabendo.  Teve que improvisar e ficou mostrando a impressora de corte a laser. Gravei um pequeno vídeo
[2017-10-12 08:38:54] Hoje tem algo no Garoa ? Queria aproveitar esse feriado e conhecer o pessoal. Acho que faz mais de 2 anos desde que o Abdo me falou do Garoa
[2017-10-12 08:39:20] Só que durante semana sem chance
[2017-10-12 08:42:11] Dia das crianças, to indo pra lá, mas as coisas começam depois do almoço
[2017-10-12 08:43:40] Legal, queria conversar sobre programação com alguém
[2017-10-12 08:44:48] De repente levo meu arduino. Tenho livro também mas nem cheguei a fazer nada com ele
[2017-10-12 08:45:52] Como vocês garimpam material ?
[2017-10-12 08:46:24] Quem daqui também é da videomagia ? Já vi uns dois
[2017-10-12 09:40:14] Bem, está aberto a novas propostas
[2017-10-12 09:56:39] E ninguém aparece com alguma proposta ?
[2017-10-12 11:02:31] Sempre tem novas propostas, mas as pessoas se atropelam e tropeçam demais
[2017-10-12 11:06:50] Mr Robot começou de novo
[2017-10-12 11:08:41] Mike
[2017-10-12 11:09:03] Sabe algum site pra ver a segunda temporada Dublado?
[2017-10-12 11:09:12] O site q eu assisto tem mt anúncio
[2017-10-12 11:09:30] E o adblock tá bugadaum
[2017-10-12 11:10:51] O bit torrent é software livre que distribui software livre
[2017-10-12 11:11:41] Mas tem gente que coloca conteúdo pirata lá
[2017-10-12 11:16:15] Ontem se não me engano.
[2017-10-12 11:16:27] No Amazon Prime Vídeo
[2017-10-12 11:16:37] Tem a 1a e a 2a temporada.
[2017-10-12 11:17:05] E tem dublado também.
[2017-10-12 12:23:55] Na verdade hoje, 00h de quinta 😄
[2017-10-12 12:24:10] No space
[2017-10-12 12:25:00] Tem alguém já no garoa ?
[2017-10-12 12:25:34] Nossa que calor !!!! 😝
[2017-10-12 12:30:03] 😂
[2017-10-12 12:57:42] Tem gente lá
[2017-10-12 12:58:16] E Free?
[2017-10-12 13:07:19] O 1º mês sim
[2017-10-12 13:15:37] Na gringa foi um dia antes não foi?
[2017-10-12 13:16:01] Isso. Instalei aqui e tive uma semana só :/
[2017-10-12 13:19:12] No site está como fechado
[2017-10-12 13:22:50] Sim não atualizou ainda mas tem gente desde de manhã lá
[2017-10-12 13:22:57] Desculpe, esse indicador quebrou outro dia e ninguém arrumou ainda.  Se quiser olhar quando chegar lá, é um raspberry pi na sala de eletronica.
[2017-10-12 13:27:13] Legal
[2017-10-12 13:27:37] Hoje é algum encontro em específico ?
[2017-10-12 13:34:12] Hackids
[2017-10-12 13:34:23] Atividades para crianças
[2017-10-12 13:34:45] Www.garoa.net.br
Tem a programação de eventos
[2017-10-12 13:49:38] Vou amanhã, tem coisas mais do meu interesse
[2017-10-12 14:21:00] Hoje à noite estarei lá pra Noite do Arduino...
[2017-10-12 14:30:05] Jonathan Santos joined
[2017-10-12 14:30:05] Hi Jonathan !
[2017-10-12 14:31:11] Pessoal, vocês sabem qual é o modelo da impressora 3d do Garoa?
[2017-10-12 14:38:06] To com uma ANET A8 pra montar, mas exergo mal, to pensando em levar no garoa pra montar comparando com a que já tem lá (se for o mesmo modelo).
[2017-10-12 14:40:13] *enxergo
[2017-10-12 15:13:00] Vem que o Hackids esta demais!!!!
[2017-10-12 15:13:07] photo: /home/felipe/devel/github_tvdstaaij/telegram-history-dump/output/media/Garoa_Hacker_Clube_(Público)/download_805509087_27840.jpg
[2017-10-12 15:13:07] photo: /home/felipe/devel/github_tvdstaaij/telegram-history-dump/output/media/Garoa_Hacker_Clube_(Público)/download_804728326_22997.jpg
[2017-10-12 15:14:05] Que bacana!!!
[2017-10-12 15:14:56] I can see joined
[2017-10-12 15:14:57] Hi I can see !
[2017-10-12 15:17:49] photo: /home/felipe/devel/github_tvdstaaij/telegram-history-dump/output/media/Garoa_Hacker_Clube_(Público)/download_804724588_42904.jpg
[2017-10-12 15:18:11] photo: /home/felipe/devel/github_tvdstaaij/telegram-history-dump/output/media/Garoa_Hacker_Clube_(Público)/download_805513651_16228.jpg
[2017-10-12 15:22:54] Esse é o cara! DQ++
[2017-10-12 15:24:10] Que fofura!!
[2017-10-12 15:25:45] photo: /home/felipe/devel/github_tvdstaaij/telegram-history-dump/output/media/Garoa_Hacker_Clube_(Público)/download_804723124_43399.jpg
[2017-10-12 15:25:45] photo: /home/felipe/devel/github_tvdstaaij/telegram-history-dump/output/media/Garoa_Hacker_Clube_(Público)/download_805514523_16293.jpg
[2017-10-12 15:25:46] photo: /home/felipe/devel/github_tvdstaaij/telegram-history-dump/output/media/Garoa_Hacker_Clube_(Público)/download_532580299800879141.mp4
[2017-10-12 15:26:00] Dá uma olhada neste link, talvez encontre algo lá...
https://github.com/garoa/Modelos-3D
[2017-10-12 15:26:01] garoa | Modelos-3D

Modelos 3D para impressão

Language: userdata: (nil)
Forks: 1
Stars: 0
Issues: 0
[2017-10-12 15:29:11] photo: /home/felipe/devel/github_tvdstaaij/telegram-history-dump/output/media/Garoa_Hacker_Clube_(Público)/download_805509576_29577.jpg
[2017-10-12 16:12:49] photo: /home/felipe/devel/github_tvdstaaij/telegram-history-dump/output/media/Garoa_Hacker_Clube_(Público)/download_805510197_28531.jpg
[2017-10-12 16:13:20] photo: /home/felipe/devel/github_tvdstaaij/telegram-history-dump/output/media/Garoa_Hacker_Clube_(Público)/download_804727070_20926.jpg
[2017-10-12 16:14:20] photo: /home/felipe/devel/github_tvdstaaij/telegram-history-dump/output/media/Garoa_Hacker_Clube_(Público)/download_804724528_44282.jpg
[2017-10-12 16:22:52] photo: /home/felipe/devel/github_tvdstaaij/telegram-history-dump/output/media/Garoa_Hacker_Clube_(Público)/download_12708606365401393.webp
[2017-10-12 16:23:22] DQ soldando criancinhas
[2017-10-12 16:23:53] document: /home/felipe/devel/github_tvdstaaij/telegram-history-dump/output/media/Garoa_Hacker_Clube_(Público)/download_805513948_17346.jpg
[2017-10-12 16:56:57] Legal noite do arduino hoje ?
[2017-10-12 16:57:19] Vai ter robótica amanhã ?
[2017-10-12 17:06:25] Amanhã não tem nada específico, o Garoa deve abrir ~19:30, vou levar meu Drone pra começar a montar
[2017-10-12 17:07:01] Hoje tem Noite do Arduino... estou indo para lá...
[2017-10-12 17:34:54] Hmm... seria legal, tenho um mega256 aqui que quase não usei
[2017-10-12 17:40:15] https://www.youtube.com/watch?v=z6FcYaza-FM
[2017-10-12 17:40:51] Canção norte-coreana da máquina CNC :-P
[2017-10-12 17:47:21] @mdente um pouco de Synthwave pra você: https://www.youtube.com/watch?v=SdNtNqGn1eI
[2017-10-12 18:52:08] Hahahah! Olha o email na lousa: ascii@mit.edu !
[2017-10-12 18:56:57] Kkkk
[2017-10-12 21:15:22] Aeee galera, saindo agora do forno :D 

http://bit.ly/git-crypt-erickwendel-medium
[2017-10-12 22:20:56] 🤘
[2017-10-12 23:17:16] Vou ver a prog pro resto da semana, estou querendo dar uma aparecida, estou numas de montar um retrobox de games
[2017-10-12 23:43:29] Eae galera estou pensando em trazer um evento de wireless hacking
[2017-10-12 23:43:46] Lá na séde do garoa
[2017-10-12 23:43:54] Alguém interessado ?
[2017-10-12 23:52:42] https://gamehistory.org/aladdin-source-code/
