[2017-01-06 00:11:15] É mesmo problema
[2017-01-06 00:11:23] Mas obrigado
[2017-01-06 00:13:34] photo: /home/felipe/devel/github_tvdstaaij/telegram-history-dump/output/media/Garoa_Hacker_Clube_(Público)/download_803704399_42739.jpg
[2017-01-06 00:14:04] Vou pesquisar mais
[2017-01-06 00:33:15] Eu fiz usando a tecnica original e agora to portando para o Attiny85, para ficar menor
[2017-01-06 00:34:06] Vou abordar isso, no futuro, no Quebrando o Cerco, que é o Encontro de Segurança da Informação que estou conduzindo no Garoa
[2017-01-06 00:34:39] Eu fui
[2017-01-06 00:34:49] Vou voltar no próximo
[2017-01-06 00:35:45] Tô vendo que o dfu-programmer não é compatível com as distros novas, e eu instalei o mint mês passado :/
[2017-01-06 01:12:07] http://nymag.com/selectall/2017/01/see-what-facebook-thinks-is-in-your-photos.html?mid=twitter_nymag
[2017-01-06 06:44:34] photo: /home/felipe/devel/github_tvdstaaij/telegram-history-dump/output/media/Garoa_Hacker_Clube_(Público)/download_803729395_142866.jpg
[2017-01-06 08:18:59] Kkk
[2017-01-06 09:09:23] karamba q trolada
[2017-01-06 09:10:38] coitada da uol
[2017-01-06 09:19:46] Alguém conhece algum projeto social que precise de professores de programação voluntários?
[2017-01-06 09:55:31] Alberto Margarido joined
[2017-01-06 09:55:32] Hi Alberto !
[2017-01-06 10:30:03] @Yumizinha ?
[2017-01-06 10:31:20] Sim, vários projetos! O que tem em mente?
[2017-01-06 10:32:38] photo: /home/felipe/devel/github_tvdstaaij/telegram-history-dump/output/media/Garoa_Hacker_Clube_(Público)/download_803734792_21764.jpg
[2017-01-06 10:33:05] Porque não cheguei mais cedo hoje não recebi o clipping hackudo
[2017-01-06 10:37:07] hahaahah
[2017-01-06 12:34:42] https://www.catarse.me/ambus
[2017-01-06 12:36:18] 👆 projeto de uns amigos
[2017-01-06 13:51:27] Uma opção, compatível com Leonardo:
https://www.aliexpress.com/item/1PCS-Micro-for-arduino-ATmega32U4/32440747853.html
[2017-01-06 15:16:52] Estou começando a ter mais tempo livre. Consigo ensinar python e Java. Queria começar a ajudar pessoal mais carente a ter mais opções de emprego.
[2017-01-06 15:18:34] Ou popupalão carcerária, embora não sei se haja programas de inclusão digital para presos.
[2017-01-06 15:18:41] *população
[2017-01-06 15:21:21] Eu dei aulas na Fundação Casa, para um grupo de robótica e tecnologia de Botujuru, temos nossas atividades com o Hackerspace Itinerante... depende muito de tempo e frequência
[2017-01-06 15:21:52] se quiser algo esporádico como várias oficinas para vários grupos ou se quer algo fixo para um grupo e com maior frequência
[2017-01-06 15:22:08] O @Fabiohirano também conhece vários grupos e pode dar altas dicas
[2017-01-06 15:50:51] Tem a associação da minha mãe ... se tiver disponibilidade de se deslocar até Franco da Rocha... fb.com/ associacaoreduca
[2017-01-06 16:58:44] Muriel Costa added Alce
[2017-01-06 16:58:45] Hi Alce !
[2017-01-06 17:01:16] Opa
[2017-01-06 17:03:57] Obrigado pelas dicas, pessoal! Vou dar uma olhada inicial e entro em contato com você em PVT. ;)
[2017-01-06 18:44:53] rindo um pouco com isso aqui: https://www.twitch.tv/seebotschat
[2017-01-06 18:56:56] 😂😂😂😂😂
[2017-01-06 20:03:06] Kd os mano dos trap pesado
[2017-01-06 20:10:30] Vdd
[2017-01-06 20:55:20] /stat@combot
[2017-01-06 20:55:20] combot.org/chat/-1001050919227
[2017-01-06 20:55:29] 🌞
[2017-01-06 20:55:40] Que cool
[2017-01-06 21:02:52] Temos um robo assassino! ahsuuhsauhsaaushuhsa
[2017-01-06 21:12:04] http://m.tecmundo.com.br/google-home/113234-oi-conversa-entre-dois-google-homes-leva-milhares-pessoas-twitch.htm
[2017-01-06 21:12:18] Muito cômico!!!
[2017-01-06 21:54:30] Senhores temos vagas para mainframe Grupo Pão de Açúcar. Repassem e podem mandar para meu e-mail williamramalhodacosta@gmail.com
Vamos dar trabalho para quem precisa.

Elvio repassa ai para seus contatos.... .
[2017-01-06 22:00:29] Conta mais ai
[2017-01-06 22:08:57] Repassando
[2017-01-06 22:08:57] Olá amigos, eu tenho uma oportunidade para Gerente de Projetos na área de Solution Delivery. Caso tenha interesse ou queira indicar algum bom amigo para a vaga, certifique-se de que fluência comprovada no inglês (o candidato passará por um ciclo de entrevistas neste idioma) e experiência em implantação de sistemas (descreva com clareza estas habilidades) são requisitos essenciais para a vaga. Encaminhe CV para marcio.medeiros@tcs.com caso o candidato atenda impreterívelmente estes requisitos para a vaga. Boa sorte e um abraço!
[2017-01-06 22:08:57] Mais uma
[2017-01-06 23:06:52] Estou me planejando para retomar minhas atividades semanais no Garoa
[2017-01-06 23:07:02] só não sei mais que nome usar...
[2017-01-06 23:07:31] Juca
[2017-01-06 23:07:34] talvez "CPU do Zero"... talvez "Oficinas de Retroprogramação" ou quem sabe "Noites do Pinball" ?!
[2017-01-06 23:07:41] hahaha
[2017-01-06 23:08:07] Já me sugeriram "Noites do Juca" mas acho egocêntrico demais!
[2017-01-06 23:09:06] Quem sabe... talvez eu chame de "Oficina Happy Hacking" que é um nome suficientemente genérico para eu poder reutilizar para qualquer coisa que eu invente fazer com pessoas no Garoa
[2017-01-06 23:09:24] Justo
[2017-01-06 23:09:35] (e faz uma referência óbvia ao meu Video Blog :-D)
[2017-01-06 23:10:30] E a primeira atividade das Oficinas Happy Hacking será... CPU do Zero LOL
[2017-01-06 23:11:01] justificativa: https://github.com/felipesanches/PatinhoFeio_KICAD/commits/master
[2017-01-06 23:11:03] ERROR
[2017-01-06 23:11:21] Grr
[2017-01-06 23:12:27] você quis dizer: Grb ?
[2017-01-06 23:12:28] /help@jackbot
[2017-01-06 23:12:29] Message me first so i can message you !
[2017-01-06 23:12:38] Não
[2017-01-06 23:12:47] Green Red Blue
[2017-01-06 23:12:47] Tava falando com o robô
[2017-01-06 23:12:53] Dsclp
[2017-01-06 23:13:05] document: /home/felipe/devel/github_tvdstaaij/telegram-history-dump/output/media/Garoa_Hacker_Clube_(Público)/download_785832625502683690.webp
[2017-01-06 23:14:34] Achei interessante🌚
[2017-01-06 23:14:38] /me@jackbot
[2017-01-06 23:14:39] Muriel
You've sent 37 (0%) messages and this group has 15077 messages.
[2017-01-06 23:23:53] Está começando o #FS2W @grupysp!
E no nosso primeiro workshop vamos aprender sobre HTML e CSS e criar uma landpage, tornando seu projeto apresentável para seu cliente. http://meetu.ps/356g6q
[2017-01-06 23:38:11] [Forwarded from .: PR1V8 :. (Tesla :1)]
#Curso #Python #Free #Certificado

Curso bem completo de Python, aprendendo do zero, com certificado e suporte. 100% gratuito.

https://www.youtube.com/watch?v=uEEuSYkM9o4

🌐 @pr1v8
