[2016-12-22 01:41:55] Caramba, vídeos show!! Aprendi mt coisa e tive umas ideias mirabolantes, depois vou trocar uma ideia com o @fsanches
[2016-12-22 01:42:11] https://youtu.be/_zLpv11bTGI
[2016-12-22 07:43:00] #DICA do meu amigo Ivan:
https://www.coursera.org/learn/ciencia-computacao-python-conceitos
[2016-12-22 07:48:44] Depois eu topo
[2016-12-22 07:50:39] http://brasil.elpais.com/brasil/2016/11/23/cultura/1479924453_987198.html
[2016-12-22 09:15:05] B@rr0$ added Thiago Kam1k4ze
[2016-12-22 09:15:05] Hi Thiago !
[2016-12-22 09:15:38] Falae galera ✌
[2016-12-22 09:15:46] Valeu Thiago Barros
[2016-12-22 11:25:37] "O menor Arduino do mundo" da Atmel - e alguns menores que ele
http://br-arduino.org/2016/12/o-menor-arduino-do-mundo-da-atmel-e-alguns-menores-que-ele.html
[2016-12-22 11:36:15] https://telegram.me/kalibrasil
[2016-12-22 12:06:36] Rogério Alcântara joined
[2016-12-22 12:06:36] Hi Rogério !
[2016-12-22 12:41:49] photo: /home/felipe/devel/github_tvdstaaij/telegram-history-dump/output/media/Garoa_Hacker_Clube_(Público)/download_803702349_23065.jpg
[2016-12-22 12:47:43] Comecei aqui a montar o hardware de uma impressora 3d de baixo custo, comprei guias de gaveta telescopicas, aí me dei conta que não sei nada de impressão 3d,kkkkk, alguma sugestão de tutorial? Que software usar? Digo no PC pra fazer as peças, e para imprimir, na impressora em si penso em usar a placa da reprap com seu firmware.
[2016-12-22 12:49:57] Perto do Garoa tem porta por 90 conto bem razoável, tem que ver se ainda tem esse preço
[2016-12-22 12:50:26] Wtf
[2016-12-22 13:04:27] Mas a de 90 conto não é dessa marca...
[2016-12-22 13:05:12] Kkk
[2016-12-22 13:05:21] Exato
[2016-12-22 13:09:28] Sim
[2016-12-22 13:47:19] esse mesmo
[2016-12-22 14:54:01] Kkkk
[2016-12-22 15:03:02] @tilt4 passa o numero aí pro menino
[2016-12-22 15:04:37] Ja resolvi
[2016-12-22 15:26:06] Igor Rubio joined
[2016-12-22 15:26:07] Hi Igor !
[2016-12-22 15:26:31] Quero doar um Palm Pilot usrobotics
[2016-12-22 15:26:51] Antigão não sei se funciona
[2016-12-22 15:27:05] Tem um cradle, serial acho
[2016-12-22 15:27:17] Alguém quer?
[2016-12-22 16:17:06] Marcelo?
[2016-12-22 16:19:28] Uma pergunta pros engenheiros: aqueles repelentes eletrônicos de mosquito funcionam? Aqueles com 555 que geram uma frequência específica que incomoda a mosquita 🙂
[2016-12-22 16:24:43] Marcelo, provavelmente... Ele coleciona. Sexta ele deve tá pelo Garoa.
[2016-12-22 16:28:32] Resposta curta: não
Resposta longa: Não há evidencias cientificas que provem sua eficiencia
[2016-12-22 16:28:33] http://www.bbc.com/news/magazine-20669080
[2016-12-22 16:28:59] Alguém já implementou esse poison tap numa raspberry pi zero?
https://samy.pl/poisontap/
[2016-12-22 16:29:45] Legal, separar para ele!
[2016-12-22 16:35:03] to procurando uma alternativa menor, tipo o Teensy
[2016-12-22 16:35:55] Eu vi um, que esse tal de Samy fez.
ficou bem legal, num colar
[2016-12-22 16:37:12] sim, ele fez um post sobre ele. anda com ele no pescoço pra cima e pra baixo
[2016-12-22 16:44:16] Dias depois... um bom artigo sobre debounce: http://www.montana.edu/fcady/ee361/emuse/debouncing.pdf
[2016-12-22 16:54:43] vou no garoa
[2016-12-22 16:58:07] vlw DQ
[2016-12-22 17:20:55]  joined
[2016-12-22 17:20:55] Hi Henrique !
[2016-12-22 17:22:43] Olá companheiros. Tem algum osciloscópio funfando no garoa?
[2016-12-22 17:23:40] Rayanne joined
[2016-12-22 17:23:41] Hi Rayanne !
[2016-12-22 17:30:36] Ixi, já veio causar em mais um grupo, né @rayanneadjene
[2016-12-22 17:31:10] nem, to de boa
[2016-12-22 17:31:47] Kkk
[2016-12-22 17:32:24] document: /home/felipe/devel/github_tvdstaaij/telegram-history-dump/output/media/Garoa_Hacker_Clube_(Público)/download_71790434187216360.webp
[2016-12-22 17:32:53] Bem vinda, Rayanne da garapa!
[2016-12-22 17:33:19] kkkkkkkkkkk
[2016-12-22 17:33:22] bixxcoitooo
[2016-12-22 17:38:04] Milena Mayra joined
[2016-12-22 17:38:05] Hi Milena !
[2016-12-22 17:38:24] E aí galera
[2016-12-22 17:39:30] 😂😂😂😂😂
[2016-12-22 17:40:07] Fala Milena, seja bem vinda!
[2016-12-22 17:40:57] Bem vinda também, Milena!
[2016-12-22 17:50:34] Bixxxxxcoito
[2016-12-22 17:50:46] Melhor sticker
[2016-12-22 17:56:10] document: /home/felipe/devel/github_tvdstaaij/telegram-history-dump/output/media/Garoa_Hacker_Clube_(Público)/download_347791234560950280.webp
[2016-12-22 17:56:30] sim
[2016-12-22 17:57:13] document: /home/felipe/devel/github_tvdstaaij/telegram-history-dump/output/media/Garoa_Hacker_Clube_(Público)/download_347791234560950280.webp
[2016-12-22 17:57:34] Aaah vou conseguir salvar meu tcc
[2016-12-22 18:36:27] Henrique Lima joined
[2016-12-22 18:36:31] Hi Henrique !
[2016-12-22 18:36:35] Yo!
[2016-12-22 18:44:58] Bem vindo, Henrique!
[2016-12-22 19:18:01] Gabriela Fonseca joined
[2016-12-22 19:18:02] Hi Gabriela !
[2016-12-22 19:22:57] Bem vinda Gabriela
[2016-12-22 20:34:02] Nossa quanta molier
[2016-12-22 20:34:09] Bem vinda rayanne
[2016-12-22 20:34:21] document: /home/felipe/devel/github_tvdstaaij/telegram-history-dump/output/media/Garoa_Hacker_Clube_(Público)/download_71790434187216354.webp
[2016-12-22 20:43:30] Chegou a louca
[2016-12-22 20:46:09] Nem sou
[2016-12-22 20:46:21] document: /home/felipe/devel/github_tvdstaaij/telegram-history-dump/output/media/Garoa_Hacker_Clube_(Público)/download_71790434187216356.webp
[2016-12-22 20:46:53] 😍
[2016-12-22 20:48:06] document: /home/felipe/devel/github_tvdstaaij/telegram-history-dump/output/media/Garoa_Hacker_Clube_(Público)/download_71790434187216355.webp
[2016-12-22 20:48:45] Bixxxxcoito 😍
[2016-12-22 20:50:03] document: /home/felipe/devel/github_tvdstaaij/telegram-history-dump/output/media/Garoa_Hacker_Clube_(Público)/download_71790434187216358.webp
[2016-12-22 20:51:58] Que q esse bot faz de legal, gentes?
[2016-12-22 20:52:55] Nada
[2016-12-22 20:53:04] nossa
[2016-12-22 20:53:55] document: /home/felipe/devel/github_tvdstaaij/telegram-history-dump/output/media/Garoa_Hacker_Clube_(Público)/download_71790434187216363.webp
[2016-12-22 21:01:46] Onde
[2016-12-22 21:19:44] Aqui
[2016-12-22 21:19:47] Entrou
[2016-12-22 21:19:53] Depois q eu entrei
[2016-12-22 21:19:59] :3
[2016-12-22 21:29:56] Kkkkk
[2016-12-22 22:28:44] document: /home/felipe/devel/github_tvdstaaij/telegram-history-dump/output/media/Garoa_Hacker_Clube_(Público)/download_71790434187216354.webp
[2016-12-22 22:38:06] @rayanneadjene tá famosinha kkkk
[2016-12-22 22:49:31] 😅
