[2016-11-19 01:47:30] Além do fato de ser maravilhoso?
[2016-11-19 01:48:40] Roadsec top, povo do garoa top! Cara, esses eventos tinham que ser mensais! Quanta gente boa num lugar só
[2016-11-19 01:53:21] Vá no domingo e participe do bsides
[2016-11-19 09:22:12] quem vai na bsides http://sp13.securitybsides.com.br/agenda/
[2016-11-19 10:29:04] o/
[2016-11-19 10:30:46] \o/
[2016-11-19 10:36:14] eu não fiz incrição, esqeci
[2016-11-19 10:38:48] a gente faz um painel de julgamento na hora pra ver se conhecemos voce e deixamos entrar
[2016-11-19 10:39:03] :)
[2016-11-19 10:42:23] :O
[2016-11-19 10:47:25] Kkkk
[2016-11-19 10:55:16] Terá alguém no Garoa hoje as 19hs? Para poder comprar os passaportes
[2016-11-19 10:55:46] Diego, adoraria ir mas esse domingo estarei com sobrinhos
[2016-11-19 10:57:30] olha reserva um passaporte pra mim eu quero um
[2016-11-19 10:57:36] por favor
[2016-11-19 11:08:51] Até as 19hs hj eu chego por aí
[2016-11-19 11:08:52] Arrogante...gostei ahahahaha
[2016-11-19 11:16:14] eu quero ir na bsides , como me inscrevo???
[2016-11-19 11:31:43] Terá alguém aí hj as 19hs? Vou sair de São Caetano direto pro Garoa
[2016-11-19 11:38:59] Hj no garoa tem o quebrando o cerco que comeca as 3
[2016-11-19 11:39:13] E a noite tem a festa da bsides
[2016-11-19 11:39:27] Então depois das 15 teoricamente vai ter gente até domingo
[2016-11-19 11:58:42] Tem estacionamento perto do Garoa?
[2016-11-19 12:00:48] Tem a rua
[2016-11-19 12:00:52] Cheia de vaga
[2016-11-19 12:08:24] Diogo vai ser Uber hj?
[2016-11-19 12:08:25] Tem alguns estacionamentos lá por perto sim
[2016-11-19 12:08:34] Kkkkkkk
[2016-11-19 12:08:53] Diogo estamos indo na 25 de março
[2016-11-19 12:29:12] Mas pode parar na rua, que é tranquilo
[2016-11-19 12:35:05] Se td der errado pra estacionar na rua tem zona azul aí paga pelo site duas horas e vai lá tentar vaga
[2016-11-19 13:08:12] Quebraram de novo uma boa parte da rua (no lado da Sabesp).
[2016-11-19 13:08:26] Quem não ama quando quebraram, consertam e quebram de novo?
[2016-11-19 13:10:11] Soldout
[2016-11-19 13:11:55] O quebrando o cerco é as 15:30?
[2016-11-19 13:13:40] Na wiki está indicado 15:00
[2016-11-19 13:20:11] Inativo - use @desci42 joined
[2016-11-19 13:20:12] Hi Desobediente !
[2016-11-19 13:34:30] 15h. Mas sempre espero um pouco antes de começar
[2016-11-19 13:44:24]  joined
[2016-11-19 13:44:25] Hi 😎 !
[2016-11-19 13:59:13] Mas preciso saber o valor, vou até aí para comprar e volto, pois tenho que descobrir se meu note queimou a placa mãe ou processador 😢
[2016-11-19 13:59:18] Legal... Ja estou até a caminho
[2016-11-19 14:25:01] To a caminho
[2016-11-19 14:25:43] 👍
[2016-11-19 14:26:26] Passaporte é $15. Temos 2 ainda aqui
[2016-11-19 14:29:40] Quem vier o quarteirão inteiro está bloqueado para estacionamento
[2016-11-19 14:55:24] Pois eh kkkk acabei de ver rs parei nas paralelas
[2016-11-19 14:56:47] Tem onde parar Bicicleta no BSides?
[2016-11-19 14:57:21] Então deixa reservado que vou buscar, vlw
[2016-11-19 15:01:45] Vai levar os dois Ma?
[2016-11-19 15:34:02] Rafael added UserOne
[2016-11-19 15:34:03] Hi UserOne !
[2016-11-19 15:34:18] @Yumizinha @Gutemhc onde encontramos locais para comprar drone bom barato e confiável
[2016-11-19 15:34:19] Olarr!
[2016-11-19 15:34:32] Eaeeee
[2016-11-19 15:34:33] !
[2016-11-19 15:34:38] 👌
[2016-11-19 15:55:00] Sim
[2016-11-19 16:55:29] Acho que dentro da PUC remuneradas bicicletário
[2016-11-19 16:55:45] Tem um bicicletário (maldito corretor )
[2016-11-19 18:50:32] VALEU!!! (bendito associado)
[2016-11-19 18:52:53] Alguém pode me confirmar o local?
[2016-11-19 18:55:16] Garoa? Costa carvalho, 567 - fundos
[2016-11-19 18:55:54] Vlw
[2016-11-19 18:58:38] Que horas vai começar?
[2016-11-19 19:03:12] Já já chegando aí
[2016-11-19 19:39:30] Kira joined
[2016-11-19 19:39:31] Hi Kira !
[2016-11-19 19:40:59] Oi, to com o pessoal do bsides aqui, o pessoal tá perguntando se vai rolar a confraternização no garoa hj, conforme indica a agenda que está no site do evento.
[2016-11-19 19:42:37] Vai ter confraternização hoje, no Garoa?
[2016-11-19 19:44:13] Tá tendo confratenizaçao?
[2016-11-19 20:10:51] enquanto estava rolando o quebrando o cerco sentia um cheiro de feijoado 😋
[2016-11-19 20:22:46] Sim, vai rolar confraternização com bate-papo com nerds fazendo feijoada
[2016-11-19 20:32:20]  joined
[2016-11-19 20:32:21] Hi Soa !
[2016-11-19 20:32:52] Hi
[2016-11-19 20:34:47] @B4ckD00rs é só conversar em, não vai soltar a franga lá não kkk
[2016-11-19 20:37:53] Oi amor, mal cheguei já me poda
[2016-11-19 20:39:01] hauahu, zuera, lá é um lugar pra pessoas serem livres, só não ficar pelado q tá bom kkk
[2016-11-19 20:41:22] Kkkkkkjj
[2016-11-19 20:41:33] Vlw biscoito 🍪
[2016-11-19 20:43:01] mano, sem tretas nesse grupo de família okay? bolacha, vlws flws 🍪🍦🍪
[2016-11-19 20:43:14] Hahahahahaha
[2016-11-19 20:43:37] @M3T4TR0N_Area21HC já já estamos aí
[2016-11-19 20:46:11] Já chegou?
[2016-11-19 20:47:07] Sim
[2016-11-19 21:04:14] Estou aqui
[2016-11-19 21:33:38] Eu tô indo levar minha filha
[2016-11-19 21:33:43] Até q horas vai à festa aí?
[2016-11-19 22:01:32] Gente, alguém sabe aonde comprar gas a essa hora aqui perto do Garoa!?
[2016-11-19 22:09:32] #fudeu
[2016-11-19 22:11:29] document
[2016-11-19 22:19:12] boa noite, evento muito bom roadsec. Fiquei interessado ctf, alguém indica algo para iniciantes ( SITES, exercícios etc)
[2016-11-19 22:24:31] Traz ai, peoamordedeus
[2016-11-19 22:26:03] Tem um evento fixo com abordagem de hacking, ministrado pelo Gutemberg aqui do grupo
[2016-11-19 22:26:30] É o quebrando o cerco! Da uma olhada nas datas lá no site do garoa
[2016-11-19 22:27:07] obrigado 😁👍
[2016-11-19 22:28:45] Tô levando
[2016-11-19 22:45:39] Pode ver tbm o shelterlabs.com e ctf.sucurihc.org
[2016-11-19 23:54:40] além desses aí em cima, o pessoal do ctf-br fica no IRC e tem um game interno q quem quiser participar é só colar
