[2017-12-30 01:35:37] Um banco de criptomoedas é algo que seria inútil na visão da própria criptomoeda em si. Deve ser mais um cara do mercado, que percebeu que os bancos estão com os dias contados, não tem a mínima noção de futuro, do porque as criptomoedas foram criadas e acha que vai inovar.
[2017-12-30 01:36:09] Pelo q eu entendi Não foi exatamente isso...
Um cara que foi acusado de participar de um “sexual assault” contra uma mulher palestrou no CCC. Ele participou de um episódio de estupro contra uma mulher, em que estava envolvido o Jacob Applebaum, embora aparentemente não foi ele quem consumou o estupro. 
A treta é que o CCC deixou o cara palestrar, não o baniu por causa do comportamento errado no passado, e ao mesmo tempo não aceitou talks sobre esse assunto de discriminação contra mulher na área.
[2017-12-30 01:36:21] Artigo detalhado s o assunto:
[2017-12-30 01:36:24] https://blog.patternsinthevoid.net/the-ccc-men-who-hate-women.html
[2017-12-30 01:37:06] E ai aproveitaram o caso p acusar a CCC de não respeitar nem proteger as mulheres
[2017-12-30 01:44:16] @anchisesbr mas e esse outro cara que eu postei, você viu? não tem nada a ver com o Applebaum
[2017-12-30 01:44:26] e o caso que você mencionou
[2017-12-30 01:44:58] foi um cara que foi parar no hospital, e sujeito que o atacou não era palestrante
[2017-12-30 01:46:17] este aqui
[2017-12-30 01:52:55] https://twitter.com/qrs/status/943597281156190209
[2017-12-30 02:21:37] É bem parecido
[2017-12-30 02:21:56] Uma mulher acusando a CCC de ter um palestrante q violentou ela
[2017-12-30 02:22:38] photo: /home/felipe/devel/github_garoa/Telegram_logs_Garoa_Hacker_Clube_Publico/media/Garoa_Hacker_Clube_(Público)/download_805514845_68972.jpg
[2017-12-30 02:23:18] Isso, esse é o que eu postei
[2017-12-30 02:24:25] pois é desanimador, dois casos graves, ao que parece.
[2017-12-30 02:35:21] isso ocorre ou não ou mais ou menos?
[2017-12-30 08:23:50] Leandro Moreira joined
[2017-12-30 09:15:39] Eu participei do evento, parecem conhecer bem sobre criptomoedas e blockchain e, segundo informaram, a plataforma rodará sobre a estrutura do Ethereum, como uma DAO.

Mesmo assim fiquei desconfiado, para falar a verdade, muito desconfiado, disseram que já levantaram milhões em investimentos, mas não colocaram uma carteira onde pudéssemos verificar esse fato, como acontece com outras DAOs.

Também citaram que já existem operações internacionais, em diversos lugares, algo que me deixou ainda mais desconfiado, parecia papo para tentar convencer mais pessoas a investir.

Enfim, isso é minha opinião, acho que a apresentação não teve nada que a diferenciasse de um scam.
[2017-12-30 11:16:03] http://abcnews.go.com/WNT/video/laptop-explosion-caught-security-camera-45275096
[2017-12-30 11:32:11] Allan Jorge joined
[2017-12-30 12:45:56] https://youtu.be/IOwKeZbsc7E
[2017-12-30 14:22:49] Cara, ICO em geral você deve ficar longe, 99% dos casos é gente querendo tirar dinheiro de trouxa, BCH a mesma coisa, se você mantém fundos em BCH eu torço para que tome um prejuízo bem grande.
[2017-12-30 14:39:13] Concordo que tem que escolher bem a ICO em que vai investir. Muitas vezes pode ser uma furada.
O que seria fundos em BCH?
[2017-12-30 14:42:11] Bitcoin cash
Um fork do btc
[2017-12-30 14:43:02] Tb evito bcash... teve muita manipulação de mercado do Roger ver e cia
Além do mais aumento do bloco não resolverá os problemas de escalabilidade
[2017-12-30 15:06:16] Exatamente. Um bando de 71
[2017-12-30 15:09:29] remendo de sola de tênis: alguém aqui já fez? tem alguma dica?
[2017-12-30 15:38:07] depende do material, eu uso cola de sapateiro ou de pvc, dependendo do estrago costuro com agulha e linha grossa
[2017-12-30 16:35:10] Cola de sapateiro e nas partes rígidas usa epóxi 24hrs
[2017-12-30 16:40:45] Eduardo joined
[2017-12-30 16:58:51] Obrigado pelas respostas! Mas e qual material vocês usam no buraco? (Lembrando que estou falando da sola)
[2017-12-30 17:20:04] Também tenho interesse bem saber.. Tenho um tênis em ótimo estado, mas a camada de borracha da sola já gastou.. Já atingiu a camada de espuma
[2017-12-30 19:42:04] Léo joined
[2017-12-30 22:50:57] https://hackaday.com/2017/12/30/espple-a-wireless-apple-1-on-an-esp8266/
[2017-12-30 22:51:05] Me vê dois por favor
[2017-12-30 23:17:16] =O
