[2018-04-14 00:06:42] QueTe 4ever lkkkkkk
[2018-04-14 00:26:39] +1
[2018-04-14 01:11:17] document: /home/felipe/devel/github_garoa/Telegram_logs_Garoa_Hacker_Clube_Publico/media/Garoa_Hacker_Clube_(Público)/download_5082666054728024118.jpeg
[2018-04-14 01:11:45] Faltando meses para a Copa, Rússia dá os primeiros passos em direção a uma guerra com os EUA
[2018-04-14 01:13:57] França se posicionou ao lado dos EUA
[2018-04-14 01:14:24] Policia em NY já adotou Protocolo Antiterrorismo
[2018-04-14 01:15:20] Embaixador Russo nos EUA disse "Os EUA não vão se safar impunemente desse ataque"
[2018-04-14 01:40:49] https://youtu.be/c5ZRjdlLMEM
[2018-04-14 01:48:25] Capitão: "Qual chance de dar merda, Seu 02?"
02: "100%, Capitão!"
[2018-04-14 03:24:30] kkkkkkkkk
[2018-04-14 07:06:22] “As nações podem ser julgadas pelos amigos que mantêm. Nenhuma nação pode ser bem-sucedida em longo prazo promovendo estados desonestos, tiranos brutais e ditadores assassinos”, 
[2018-04-14 07:06:22] Trump
[2018-04-14 07:06:43] Adoro esses discursos
[2018-04-14 10:54:36] Esses ghostwriters do trump, devem ganhar muito bem;
[2018-04-14 11:16:05] document: /home/felipe/devel/github_garoa/Telegram_logs_Garoa_Hacker_Clube_Publico/media/Garoa_Hacker_Clube_(Público)/download_5084917854541709351.mp4
[2018-04-14 11:27:45] Ironic?
[2018-04-14 11:27:55] Isso eh um puta cinismo fdp
[2018-04-14 11:29:55] Tô torcendo para essa briga ai ser só para abafar aquelas histórias da eleicao
[2018-04-14 11:30:08] Ninguém merece uma segunda guerra fria
[2018-04-14 12:04:14] Não é uma nova. É a mesma kkkk
[2018-04-14 12:05:35] Folheto do roteador: "Engenharia reversa e desmontagem de software são proibidas"
[2018-04-14 12:05:49] é quase um convite kkkkkkkk
[2018-04-14 12:08:42] Bem, o Palpatine era um cínico, e o assassino da história "irônica"...
[2018-04-14 13:18:50] A beleza da compressão de informacoes em memes
[2018-04-14 13:19:39] Hahahaha, justo!
[2018-04-14 14:01:45] Verdade hahahaha
[2018-04-14 14:37:54] Vai abrir hj a tarde o garoa?
[2018-04-14 15:46:50] Gabi Freitas joined
[2018-04-14 15:47:14] Hey, tem como alguém abrir o portão?
[2018-04-14 15:48:38] Vai ter ctf hoje?
Tenho um amigo querendo ir conhecer o garoa e ver/participar do ctf
[2018-04-14 15:51:57] a @GabFonseca deve estar por aii.. tanto pra abrir o portão quanto pra ensinar o CTF
[2018-04-14 15:52:29] document: /home/felipe/devel/github_garoa/Telegram_logs_Garoa_Hacker_Clube_Publico/media/Garoa_Hacker_Clube_(Público)/download_393810559302108433.webp
[2018-04-14 15:58:01] @AllanTrindad não ela n tá aqui ainda pra abrir o portão... tem algm dentro? O bot diz que tá aberto...
[2018-04-14 15:59:01] Eu estou em palestra :)
[2018-04-14 16:01:48] eu chamei o pessoal pra abrir aguenta aee @freitasgst
[2018-04-14 16:05:48] opa
[2018-04-14 16:42:05] Eu trouxe 2 amigos para conhecer e esta nos aqui 😁
[2018-04-14 18:48:16] Oi alguém aqui manja de debian 8?
[2018-04-14 19:11:10] Michel Calheiros joined
[2018-04-14 19:41:32] Alguém no Garoa?
[2018-04-14 19:41:43] Abre o portão, por favor
[2018-04-14 20:21:41] To pensando em passar mais tarde
[2018-04-14 21:45:46] de quem eh?
[2018-04-14 23:19:30] Abre o portão, 🙏🏽
[2018-04-14 23:23:43] Oi
[2018-04-14 23:24:02] Estou reimplementando em OpenSCAD as animações do video clipe DVNO
[2018-04-14 23:24:06] Abri
[2018-04-14 23:24:15] https://gitlab.com/fsanches/DVNO-Remake
[2018-04-14 23:24:29] https://www.youtube.com/watch?v=GiDsLRQg_g4
[2018-04-14 23:25:30] document: /home/felipe/devel/github_garoa/Telegram_logs_Garoa_Hacker_Clube_Publico/media/Garoa_Hacker_Clube_(Público)/download_5087321142146891803.mp4
[2018-04-14 23:25:56] document: /home/felipe/devel/github_garoa/Telegram_logs_Garoa_Hacker_Clube_Publico/media/Garoa_Hacker_Clube_(Público)/download_5087321142146891804.mp4
