[2017-12-23 00:27:58] agora estao soltando os 10 satélites em órbita
[2017-12-23 00:30:16] Caraca, já lançaram outro dia outros 10 satélites, agora são 20 ao redor da Terra, quantos mais serão lançados para o projeto Iridium Next?
[2017-12-23 00:30:56] Esse aí é o quarto vôo. Ou seja, depois que terminar de soltar  esses, já serão 40.
[2017-12-23 00:31:03] o total é de 66
[2017-12-23 00:31:23] Kctada!
[2017-12-23 00:32:00] Vai ter congestionamento de satélites lá em cima...
[2017-12-23 00:42:24] Acho que o problema maior é a concentração de lixo espacial, satelite nunca é demais
[2017-12-23 00:51:26] esses 66 sao pra substituir a constelação Iridium da geração anterior, se entendi direito
[2017-12-23 00:51:45] acho que vao ser 70, sendo 4 de "backup em órbita"
[2017-12-23 00:52:25] para poderem por em operação rapidamente caso alguns satélites falhem
[2017-12-23 00:58:54] "Satellite hijack Google Procurar"
[2017-12-23 00:58:56] heheheh
[2017-12-23 01:04:14] Satelite com as internete de gratis para geral
[2017-12-23 01:09:38] Sera ótimo, mas aqui vai arrumar briga feia com a NET, Vivo...
[2017-12-23 01:12:15] https://media.ccc.de/v/32c3-7154-iridium_update
[2017-12-23 02:06:38] Dia 25 depois da ceia sera que alguem vai aparecer no garoroa?
[2017-12-23 02:57:01] Cade o povo..!!!
[2017-12-23 02:57:31] É a noite q os hackers entram em atividade..kkkk
[2017-12-23 02:57:35] Q vergonha
[2017-12-23 03:36:15] document: /home/felipe/devel/github_garoa/Telegram_logs_Garoa_Hacker_Clube_Publico/media/Garoa_Hacker_Clube_(Público)/download_5087078661178261552.mp4
[2017-12-23 03:37:05] document: /home/felipe/devel/github_garoa/Telegram_logs_Garoa_Hacker_Clube_Publico/media/Garoa_Hacker_Clube_(Público)/download_354837738295398837.webp
[2017-12-23 09:20:05] document: /home/felipe/devel/github_garoa/Telegram_logs_Garoa_Hacker_Clube_Publico/media/Garoa_Hacker_Clube_(Público)/download_1260192195474882803.webp
[2017-12-23 10:05:49] mas ele não desmentiu isso depois?
[2017-12-23 11:21:43] Guisso disse que vai lá.  Se eu não viajar, vou também
[2017-12-23 11:22:42] Quem mais vai no natal pós-família no garoa?
[2017-12-23 12:01:02] Não.
[2017-12-23 12:02:04] Não. Ele disse "inventei tudo", o que é verdade... ;-D
[2017-12-23 12:22:18] Talvez eu apareça... Mas tem q ver como vai estar o metrô pra voltar pra casa
[2017-12-23 13:44:44] https://noticias.uol.com.br/ciencia/ultimas-noticias/redacao/2017/12/23/luz-misteriosa-de-foguete-faz-bombeiros-emitirem-aviso-e-intriga-turistas.htm
[2017-12-23 13:48:23] prato cheio para conspiradores
[2017-12-23 14:13:13] Provavelmente passarei lá também
[2017-12-23 14:40:04] Boa tarde Srs.
[2017-12-23 14:40:20] Alguem que manje de VPS poderia me dar umas dicas ?
[2017-12-23 14:44:40] Faça suas perguntas, talvez alguém saiba
[2017-12-23 14:46:25] Nao eh bem tecnica, eh mais pra saber se alguem conhece algum lugar com bom reço
[2017-12-23 14:46:26] preço
[2017-12-23 14:46:37] para montar 1 VM 4 cores e 8 gigas de ram
[2017-12-23 14:46:26] preço
[2017-12-23 14:46:37] para montar 1 VM 4 cores e 8 gigas de ram
[2017-12-23 14:46:43] com windows server
[2017-12-23 14:47:08] para eu sempre ter um lugar pra subir e baixar dados e rodar algumas viradas de versão remotamente
[2017-12-23 14:47:15] Windows server...............
[2017-12-23 14:52:21] kkkkkkkkkkkkk
[2017-12-23 14:52:34] Eh que preciso, pra subir uns sistemas e fazer virada de versão dos clientes que utilizam Windows
[2017-12-23 14:52:34] r
[2017-12-23 14:52:35] rsrs
[2017-12-23 15:01:44] Você quer indicação de um servidor para contratar? Se for isso, o pessoal aqui já indicou o Cloudatcost. Pagamento one-time
[2017-12-23 15:02:04] Hm..
[2017-12-23 15:02:11] Interessante... Eu nao tinha visto isso
[2017-12-23 15:02:14] Vou dar uma olhada
[2017-12-23 15:06:32] Eu comprei um porque alguém comentou aqui há algumas semanas
[2017-12-23 15:09:32] Enquanto escolhiam Anitta como a Mulher  do Ano,  a Global Graphene Challenge Competition, uma competição internacional pro movida pela empresa sueca Sandvik, buscando soluções sustentáveis e inovadoras pelo mundo premiava uma brasileira.
O desafio é criar uma nova utilização para o grafeno, material extremamente fino, derivado do carbono, transparente e 200 vezes mais forte que o aço.

*A vencedora mundial de 2016*, anunciada no início deste ano, *é uma recém-formada em Engenharia pelo Instituto Militar de Engenharia do Rio de Janeiro, Nadia Ayad.*
O trabalho de Nadia concorreu com outros nove finalistas.

Nadia criou um sistema de dessanilização e filtragem de água usando o grafeno, que possibilitará o acesso à água potável a milhões de pessoas, além de reduzir custos com energia.
A previsão é que num futuro próximo o acesso à água será um problema enfrentado em grande parte do planeta, daí a enorme importância da criação da engenheira.

Nadia ganhou uma viagem à Suécia, para estudar na sede da Sandvik, ao lado de outros pesquisadores de todo o mundo.
E visitará o Graphene Centre da Chalmers University.
A engenheira já havia estudado um ano na Universidade de Manchester, na Inglaterra.

A intenção de Nadia é fazer um PhD nos EUA ou Reino Unido, já que acredita haver mais possibilidades de pesquisa no exterior do que no Brasil; o que infelizmente é verdade.

Como não vi essa notícia em nossa pobre imprensa,  aproveito para dar os merecidos parabéns à menina, um orgulho para o Brasil.
Nem só de jogadores de futebol vive o Brasil, pelo contrário.
Houvesse gente decente em Brasília, essa menina permaneceria no Brasil.
Mas não há.
Os talentos brasileiros se vão.
 
Fonte: *Global Graphene Challenge Competition*                                                                                                                                Os talentos que se vão
2017-11-25 | Marco Angeli
03/12/2017 11:03:22: Claudio TM: http://conexaoplaneta.com.br/blog/brasileira-ganha-premio-internacional-ao-criar-sistema-de-dessalinizacao-de-agua-com-grafeno/
[2017-12-23 15:24:18] Gostei desse server... se for seguro e estável , ta um otimo preço
[2017-12-23 15:24:28] Vou alugar um dedicado mesmo , pra ter mais desempenho
[2017-12-23 15:24:43] Eh que vou usar SQL , Oracle e postgres no negocio rsrsrs
[2017-12-23 15:27:59] https://youtu.be/h8ycmroFQSs
[2017-12-23 16:59:00] https://www.youtube.com/watch?v=FOdoNQXQYv8
[2017-12-23 17:32:02] document: /home/felipe/devel/github_garoa/Telegram_logs_Garoa_Hacker_Clube_Publico/media/Garoa_Hacker_Clube_(Público)/download_532580269736102529.mp4
[2017-12-23 17:32:24] Boa, Cabelo!
[2017-12-23 17:33:26] Tudo isso roda em Linux... #FicaDica
[2017-12-23 17:49:44] MS SQL Server?
[2017-12-23 17:50:10] Nao eh somente o banco, tem a aplicação tambem que eh WIN32
[2017-12-23 17:50:18] O Servidor e o Client do ERP
[2017-12-23 17:58:54] eh... realmente eu n tenho moral alguma ahahahahahaha
[2017-12-23 18:01:50] Não estava SQL Server na frase acima...
[2017-12-23 18:02:29] Faça por merecer e ela virá... #FortunaDeNatal
[2017-12-23 21:57:53] @Gutemhc vai ter na awiki a atividade? ja ta na lista?
[2017-12-23 21:58:03] to meio off ainda
[2017-12-23 21:58:07] ainda em sjc
[2017-12-23 21:58:48] @fsanches domingo a tarde posso pegar a impressora 3d
[2017-12-23 22:06:21] Legal! Manda email lá pro Mauro pra combinar a logística da coisa toda.
[2017-12-23 22:13:43] blz, mandei email pra ele
[2017-12-23 22:18:05] Massa
[2017-12-23 22:18:27] Galera
[2017-12-23 22:18:38] Eu vim aqui no garoa pq tava aberto há um tempo
[2017-12-23 22:18:50] Mas tá fechado e deixaram a luz de fora ligada
[2017-12-23 22:19:48] Hahaha valeu
[2017-12-23 22:19:55] fica ai ja
[2017-12-23 22:19:59] pro natal amanha
[2017-12-23 22:20:02] Hahahahahaha
[2017-12-23 22:20:03] da uma limpada se puder
[2017-12-23 22:20:20] photo: /home/felipe/devel/github_garoa/Telegram_logs_Garoa_Hacker_Clube_Publico/media/Garoa_Hacker_Clube_(Público)/download_806118157_13741.jpg
[2017-12-23 22:22:20] nao
[2017-12-23 23:12:16] https://twitter.com/elonmusk/status/944495421161742336
[2017-12-23 23:53:59] A gente deixou pra tu poder esperar a gente ai
[2017-12-23 23:54:05] A gente tinha ido comer
[2017-12-23 23:54:13] Não largamos a luz acesa a toa
[2017-12-23 23:54:39] Sim, deu até para codar enquanto esperava vocês
