[2016-09-29 00:23:28] http://spaceflight101.com/wp-content/uploads/2016/09/ITS-018.jpg
[2016-09-29 00:26:39] photo: /home/felipe/devel/github_tvdstaaij/telegram-history-dump/output/media/Garoa_Hacker_Clube_(Público)/download_803712387_102676.jpg
[2016-09-29 00:27:33] photo: /home/felipe/devel/github_tvdstaaij/telegram-history-dump/output/media/Garoa_Hacker_Clube_(Público)/download_803712615_103350.jpg
[2016-09-29 00:29:07] No Saturn V iam 3 astronautas. Já o Sistema de Transporte Interplanetário vai ser capaz de levar 100 astronautas por vôo e o Elon Musk mencionou a possibilidade de levar até 200 pessoas por vôo nas décadas seguitnes.
[2016-09-29 00:29:13] Pra Marte!
[2016-09-29 00:29:56] É por isso que ele tem um monte de janelinhas 😊
[2016-09-29 00:33:24] E olha só o tamanho do tanque (sim, eles já construiram um protótipo do tanque desse bicho aí): http://spaceflight101.com/wp-content/uploads/2016/09/ITS-033.jpg
[2016-09-29 01:37:40] marco joined
[2016-09-29 01:37:40] Hi marco !
[2016-09-29 02:29:58] Quantos sentados e quantos em pé? 😆
[2016-09-29 02:30:29] todos flutuando HAHAHAHA
[2016-09-29 02:30:46] Nem faz sentido a minha pergunta, não se usa mais ônibus espacial.
[2016-09-29 02:30:48] eu me perguntei isso ontem... acho que vai todo mundo preso na parede com cinto de segurança
[2016-09-29 02:31:17] Falas sério? Duvido...
[2016-09-29 02:31:22] se bem que deve ser mais legai ir de frente pras janelinhas 😊
[2016-09-29 02:31:46] se bem que a forma segura de se fazer um lançamento tripulado é deitado
[2016-09-29 02:31:56] Mas minha pergunta séria por trás da zoação é: já se tem ideia de como seriam as instalações mínimas de conforto? Viajar pra marte é demorado, e 200 pessoas é gente à beça.
[2016-09-29 02:31:59] por conta dos vários Gs
[2016-09-29 02:32:41] ninguém sabe. Mas o Musk sugeriu esportes espaciais, hometheathers e videogames LOL
[2016-09-29 02:32:44] Eu pensei em metrô espacial, mas deixa essa pra quando encontrarmos um wormhole
[2016-09-29 02:32:52] acho que ele tava meio-zoando / meio-sério
[2016-09-29 02:33:51] Boa... Não lembrei de metrô/trem de superfície pois não tem na minha cidade.
[2016-09-29 02:34:21] Ele quem?
[2016-09-29 02:34:29] Elon Musk
[2016-09-29 02:34:35] Ah, é uma pessoa.
[2016-09-29 02:34:50] Sim, o CEO da SpaceX
[2016-09-29 02:34:57] co-fundador do PayPal
[2016-09-29 02:36:46] @fsanches vc que acompanha essas coisas, a Virgin ainda tem aquele projeto de turismo espacial também? Vi isso que vc tá divulgando e lembrei agora
[2016-09-29 02:36:56] Como conseguem essa propulsão tão maior?
[2016-09-29 02:39:15] já se passaram quase 50 anos... alguma coisa se aprendeu nesse meio tempo suponho...
[2016-09-29 02:41:08] Talvez eu leia então, depois de acordar, o artigo na Wikipedia anglófona...
https://en.wikipedia.org/wiki/Interplanetary_Transport_System
[2016-09-29 02:43:49] esse aqui é o resumão: https://www.youtube.com/watch?v=0qo78R_yYFA
[2016-09-29 03:48:15] HP has apologised for issuing a firmware update for part of its inkjet printer range which caused third-party ink cartridges to cease functioning (BBC). CEO Jon Flaxman writes that "the most recent firmware update included a dynamic security feature that prevented some untested third-party cartridges that use cloned security chips from working, even if they had previously functioned." The company says that an optional firmware update will be available "within two weeks" to reverse the block.
[2016-09-29 06:07:47] Felipe, de onde eh essa informação?
[2016-09-29 06:12:46] Eu já tinha visto essa notícia, mas também não lembro onde...
[2016-09-29 09:02:23] http://meiobit.com/352506/spacex-heart-of-gold-its-bfr-elon-musk-apresenta-o-cronograma-de-exploracao-e-colonizacao-de-marte-humanos-vao-virar-uma-especie-interplanetaria/#rssowlmlink
[2016-09-29 11:21:29] Lembrando: CFP da BSidesSP vai até 12/10. Inscrições a partir de 17/10. Evento dias 19 e 20/11
http://sp13.securitybsides.com.br/cfp-pt/
[2016-09-29 11:30:53] Tava precisando de uma viagem a marte pra por as séries em dia :p
[2016-09-29 14:32:20] pessoal: atom, brackets ou komodo-edit?
[2016-09-29 14:32:49] acostumei a usar atom, algo pessoal.
[2016-09-29 14:33:20] document: /home/felipe/devel/github_tvdstaaij/telegram-history-dump/output/media/Garoa_Hacker_Clube_(Público)/download_826459275206328378.webp
[2016-09-29 14:40:29] TRIPX joined
[2016-09-29 14:40:29] Hi TRIPX !
[2016-09-29 14:55:52] tenho uma tendencia ao atom tb na verdade
[2016-09-29 14:56:03] mas estou com preguica de testar os caras todos ai
[2016-09-29 14:56:29] li umas comparacoes, mas nao consegui me decidir por elas...
[2016-09-29 15:10:19] https://twitter.com/garoahc/status/781208985944850432
[2016-09-29 15:36:34] que daora esse logo!
[2016-09-29 15:38:27] Visual Studio Code?
[2016-09-29 15:38:29] document: /home/felipe/devel/github_tvdstaaij/telegram-history-dump/output/media/Garoa_Hacker_Clube_(Público)/download_15405485050037102.webp
[2016-09-29 15:49:58] document
[2016-09-29 15:54:03] e essa banalizacao do kali linux por conta do mr robot?
[2016-09-29 15:54:20] pessoal instalando achando que vai aperta 2 botoes e vai hackear tudo
[2016-09-29 15:55:33] Kkkk!!
[2016-09-29 15:56:14] Vdd! Ou achando que só pq vc usa linux vc é um mega ultra hacker!
[2016-09-29 16:13:43] Desenho do Tony de Marco
[2016-09-29 16:14:11] :)
[2016-09-29 16:25:47] bom, instalei atom, brackets e komodo
[2016-09-29 16:25:55] komodo nao...
[2016-09-29 16:30:34] atom ta com algum bug, brackets ta muito legal
[2016-09-29 16:34:06] O tortuoso caminho de alguns para o emacs
[2016-09-29 16:36:09] Villares manda muito bem!
[2016-09-29 16:45:12] aylons, emacs nao vai acontecer na minha vida kkk
[2016-09-29 17:12:03] Sinto muito
[2016-09-29 17:37:12] Oficina mecânica polonesa usa Commodore de 35 anos até hoje
https://catracalivre.com.br/geral/dica-digital/indicacao/oficina-mecanica-polonesa-usa-commodore-de-35-anos-ate-hoje/
[2016-09-29 17:41:49] @corvolino vc edita arquivos por ssh com o atom?
[2016-09-29 17:46:27] Então, ao invés de comprar uma casa agora poderemos comprar a passagem pra marte. E quem sabe abrir um Hackerspace lá.
[2016-09-29 17:49:46] Não
[2016-09-29 18:04:24] valeu
[2016-09-29 18:10:57] Cap. NEMO joined
[2016-09-29 18:10:58] Hi Alucard TR !
[2016-09-29 18:32:53] Galera, vai rolar a noite do arduino hoje?
[2016-09-29 19:14:52] ta rolando ja
[2016-09-29 19:48:01] Valeu!
[2016-09-29 19:48:43] Já já eu chego aí
[2016-09-29 19:49:32] Um dia vou ai, pena que moro no rio de janeiro rs...
[2016-09-29 20:38:45] Por algum motivo a Tim baixou a velocidade do nosso dsl para 512kbps
[2016-09-29 20:40:10] acho que menos, hein?
[2016-09-29 21:01:25] Não é Net?
[2016-09-29 21:08:07] Não
[2016-09-29 21:29:41] Galera, falando em conexão, net e tal, precisava de uma ajuda.

Ia fazer um curso online, ai o prof mandou um link do meetcheap e eu não consigo acessar de nenhum pc na minha rede, mas pelo 3g funcionou, o q tenho q fazer pra ver se minha net n ta bloqueando ou o q eu tenho q fazer?
[2016-09-29 22:05:44] Como você sabe que é por causa da série, devido à correlação temporal?
[2016-09-29 22:07:47] E vai morar aonde depois de chegar lá? Vai ter que comprar uma casa de qualquer jeito...
[2016-09-29 22:08:09] A culpa do Haddad!
[2016-09-29 22:08:53] 30mbps era muito rapido tem que baixar a velocidade pra ngm morrer
[2016-09-29 22:08:59] sim
[2016-09-29 22:09:29] Existem eventos de informática em SP, de repente você emenda? Pra mim seria assim.
[2016-09-29 22:12:36] https://en.wikipedia.org/wiki/Correlation_does_not_imply_causation
[2016-09-29 23:08:17] Esse site não é Livre, é Grátis.
