[2017-11-26 00:13:04] Pessoal alguem sabe onde posso encontrar o livro "Etica Dos Hackers E O Espirito Da Era Da Informacao". Estpou desenvolvendo um trabalho e ele seria util
[2017-11-26 00:13:48] Até em sebo é dificil de encontrar
[2017-11-26 00:23:34] tentou procurar na estante virtual?
[2017-11-26 00:41:39] photo: /home/felipe/devel/github_garoa/Telegram_logs_Garoa_Hacker_Clube_Publico/media/Garoa_Hacker_Clube_(Público)/download_804727859_59696.jpg
[2017-11-26 00:41:39] photo: /home/felipe/devel/github_garoa/Telegram_logs_Garoa_Hacker_Clube_Publico/media/Garoa_Hacker_Clube_(Público)/download_804725018_79901.jpg
[2017-11-26 00:41:45] photo: /home/felipe/devel/github_garoa/Telegram_logs_Garoa_Hacker_Clube_Publico/media/Garoa_Hacker_Clube_(Público)/download_804729130_58772.jpg
[2017-11-26 00:41:55] Resumo do que rolou no garoa hoje
[2017-11-26 01:01:42] Lá só tem 2, mas o pessoal ta cobrando caro por eles.
[2017-11-26 01:02:10] o melhor que eu conheco :/
[2017-11-26 01:47:46] Achei em inglês, alemão e francês. E um resumo em português. Algo ajuda?
[2017-11-26 14:51:02] Precisava em português, para utilizar em um trabalho academico. Assim eu gastaria menos tempo.
[2017-11-26 16:20:22] O Garoa abre hj?
[2017-11-26 16:34:38] Ta aberto
[2017-11-26 16:34:49] Vou colar aí haha
[2017-11-26 16:35:49] O site não tá funcionando mais?=\
[2017-11-26 16:36:58] As vezes buga
[2017-11-26 21:39:40] https://news.slashdot.org/story/17/11/26/2218240/did-elon-musk-create-bitcoin
[2017-11-26 21:41:16] Agora eu entendi o como ele financia os foguetes kkkkk
[2017-11-26 21:46:19] só que não.
[2017-11-26 22:06:36] eae gente to pessendo em fazer um osiloscópio de crt e deixar no garoa se alguém quiser brincar com ele será q é uma boa idéia
[2017-11-26 22:07:20] Pensemos
[2017-11-26 22:09:06] eu to pensando em fazer em casa mesmo e levar ai se eu for fazer
[2017-11-26 22:09:29] Deve existir algum que aceite ligar num monitor crt, sería bem útil.
[2017-11-26 22:09:29] rsrsr
[2017-11-26 22:10:00] esse parece um projeto incrivelmente interessante !
[2017-11-26 22:10:03] E desafiador
[2017-11-26 22:10:25] ...e um pouco perigoso. Tome muito cuidado com o fly-back!
[2017-11-26 22:10:42] um módulo pra ligar em qualquer monitor, que tenha várias funções
[2017-11-26 22:13:23] se algm tiver afim de ajudar eu levo o monitor ai mas acho que tem que ser sócio pra usar o equipamento dai então só se tiver algum sócio junto
[2017-11-26 22:16:25] Porque vocês não tentam usar o ociloscópio analogico que existe no Garoa?
[2017-11-26 22:20:44] a minha idéia é fazer com um monitor crt por diversão e pra entender melhor
[2017-11-26 22:20:53] não é realmente util
[2017-11-26 23:02:00] aquele monitor não vê eletriciade a anos mas msm assim eu vou descarregar, só que minha casa não tem terra pra mim o fazer
[2017-11-26 23:02:56] e eu tô aqui na casa com um pc réliquai q eu acho q é igual a placa mãe na parede co garoa só que o meu tá funcionando
[2017-11-26 23:03:22] se eu não for usar ele talvez eu doe
[2017-11-26 23:04:01] o hd dele q tinha ruindows quebrou então vou instalar puppy ou outro levinho se eu for
