[2017-12-10 00:10:51] Desculpe, cheguei tarde. Obrigado @fsanches
[2017-12-10 00:15:10] document: /home/felipe/devel/github_garoa/Telegram_logs_Garoa_Hacker_Clube_Publico/media/Garoa_Hacker_Clube_(Público)/download_38846012097298894.webp
[2017-12-10 00:27:46] 😂
[2017-12-10 02:19:39] Stepper
[2017-12-10 08:04:06] https://slashdot.org/story/17/12/09/0610203/intels-me-may-be-massively-infringing-on-minix3s-free-software-license
[2017-12-10 09:55:20] Bom dia!
[2017-12-10 10:58:51] http://epocanegocios.globo.com/Mercado/noticia/2017/12/rodeado-de-incertezas-bitcoin-estreia-no-mercado-futuro-dos-eua.html?utm_source=facebook&utm_medium=social&utm_campaign=post
[2017-12-10 11:01:36] @lvido Você tem operado bitcoin?
[2017-12-10 11:03:00] Não opero.
[2017-12-10 11:04:57] Poxa, eu tava precisando, meu bitcoin ta com cancer
[2017-12-10 11:05:03] Precisa ser operado
[2017-12-10 11:08:24] Já vendi todos meus BT...
[2017-12-10 11:28:52] Hauahhaauhaha
[2017-12-10 14:02:42] photo: /home/felipe/devel/github_garoa/Telegram_logs_Garoa_Hacker_Clube_Publico/media/Garoa_Hacker_Clube_(Público)/download_804728270_69596.jpg
[2017-12-10 14:21:07] photo: /home/felipe/devel/github_garoa/Telegram_logs_Garoa_Hacker_Clube_Publico/media/Garoa_Hacker_Clube_(Público)/download_806123112_6368.jpg
[2017-12-10 14:21:08] Domingo que vem tem...
[2017-12-10 15:28:45] Foxy Di joined
[2017-12-10 20:52:53] Eu ía falar isso, se usar um arduino/driver para mover 6 graus por segundo ele deve chegar em 1 rpm...
[2017-12-10 21:47:39] Boa noite!  algum mestre na arte de editar videos reside neste grupo? se tiver, e essa pessoa puder me tirar uma duvida, fico grata  ^_^ MP pls
[2017-12-10 21:57:41] @agaelebe é bom nisso...
[2017-12-10 22:30:39] Estou um tempinho sem mexer nos premiere da vida
[2017-12-10 22:35:08] photo: /home/felipe/devel/github_garoa/Telegram_logs_Garoa_Hacker_Clube_Publico/media/Garoa_Hacker_Clube_(Público)/download_804729491_68421.jpg
[2017-12-10 22:35:18] @fsanches
[2017-12-10 22:35:21] Usuário Foxy Di banido
[2017-12-10 22:35:34] 👍
[2017-12-10 22:48:58] que houve?
[2017-12-10 22:49:18] 👀
[2017-12-10 22:49:41] Bot aleatório de Pr0n
[2017-12-10 22:49:45] a
[2017-12-10 23:01:58] o garoa deve estar em alguma lista de spam
[2017-12-10 23:02:27] ja é o terceiro
[2017-12-10 23:05:21] 700 cabras, ja vi dias em que entraram 10 de uma vez, um tanto estranho
[2017-12-10 23:06:51] Esse bot está em 3 grupos que eu estou 😂
[2017-12-10 23:13:34] Райан Шади joined
[2017-12-10 23:16:31] photo: /home/felipe/devel/github_garoa/Telegram_logs_Garoa_Hacker_Clube_Publico/media/Garoa_Hacker_Clube_(Público)/download_804723433_92421.jpg
[2017-12-10 23:16:47] talvez
[2017-12-10 23:16:57] kkk
[2017-12-10 23:17:15] Legal cara, tá específico hahaha
[2017-12-10 23:17:34] Então, posso fuçar com isso? Ahahah
[2017-12-10 23:17:43] com certeza
[2017-12-10 23:17:58] Um gerador de função e uns Amp Op?
[2017-12-10 23:18:03] hehehehe
[2017-12-10 23:18:08] 👍😊
[2017-12-10 23:18:32] uhnnn, tendeu, só toma cuidado
[2017-12-10 23:18:41] Sim sim sim senhor
[2017-12-10 23:18:50] Brincar de fazer uns sons
[2017-12-10 23:18:52] E pá
