[2018-04-26 14:02:07] Alguém tem o contato do Marcel?
[2018-04-26 14:13:15] Mike?
[2018-04-26 15:45:09] Taí um cara que não vejo faz tempo no Garoa.
[2018-04-26 15:49:14] Michael?
[2018-04-26 17:04:58] Salve galera ! 
Alguém no garoa pra abrir o portão ?
[2018-04-26 17:08:20] /status@garoahc_bot
[2018-04-26 17:08:20] document: /home/felipe/devel/github_garoa/Telegram_logs_Garoa_Hacker_Clube_Publico/media/Garoa_Hacker_Clube_(Público)/download_532531981418758385.webp
[2018-04-26 17:08:28] aparentemente o garoa está aberto
[2018-04-26 17:09:53] Apertei a campainha aqui e nada
[2018-04-26 17:10:02] estou por perto
[2018-04-26 17:10:31] Tô aqui
[2018-04-26 17:10:45] Campanhia não tá funcionando
[2018-04-26 17:10:46] estou indo para ai em 30 minutos
[2018-04-26 17:10:48] Estava passando aqui perto e decidi conhecer o garoa !
[2018-04-26 17:11:12] Eu nunca vim
[2018-04-26 17:11:59] Abriram aqui
[2018-04-26 17:15:23] Boa tarde pessoal
[2018-04-26 17:16:10] sobre o Clube de Estudos de Algoritmos, como faço para participar?
[2018-04-26 17:18:06] Aparece amanhã! As 19:30
[2018-04-26 17:18:19] ok, apareço sim
[2018-04-26 17:18:25] vlw
[2018-04-26 17:27:07] /status@garoahc_bot
[2018-04-26 17:27:13] /status@garoahc_bot
[2018-04-26 17:31:28] O que vocês recomendam para treinar CTF?
[2018-04-26 17:31:40] @melostbr vi na wiki algumas dicas para leitura e minicurso (você usará algo desse mini curso como exemplo?);
Amanhã se der, irei pois não sei nada e tenho vontade de aprender.
[2018-04-26 17:31:44] Quake :)
[2018-04-26 17:32:05] Pratica
[2018-04-26 17:32:09] pega umas vms e vai fundo
[2018-04-26 17:32:21] se ficar preso por varios dias pede ajuda pro pessoal do garoa
[2018-04-26 17:32:41] 👍🏻
[2018-04-26 17:32:46] Ok
[2018-04-26 17:47:01] A gente vai usar muita coisa. Esse mini curso é bem legal, mas amanhã a gente pode conversar melhor :)
[2018-04-26 17:48:28] ;)
[2018-04-26 18:05:53] Desculpe perguntar mas não consigo acessar a wiki do garoa, mas qual o custo do curso?
[2018-04-26 18:06:44] eh muito caro
[2018-04-26 18:08:08] seu tempo, suas pernas e vontade
[2018-04-26 18:08:14] pense numa coisa cara
[2018-04-26 18:08:19] document: /home/felipe/devel/github_garoa/Telegram_logs_Garoa_Hacker_Clube_Publico/media/Garoa_Hacker_Clube_(Público)/download_244604348921808892.webp
[2018-04-26 18:10:04] Show de resposta. Isso é realmente fantástico! E há alguma contrapartida que eu possa oferecer?
[2018-04-26 18:10:44] qnd tiver la tem adesivo camisa e outras coias qe tu pode doar e pegar
[2018-04-26 18:11:00] ou só coloca uma caixinha no cofre e ja era
[2018-04-26 18:12:24] Obrigado pela orientação, quero conhecer o local e no que for possível ajudar.
[2018-04-26 18:12:41] e o que tu aprender tu repassar
[2018-04-26 18:12:44] basicamente so isso
[2018-04-26 18:28:00] Matéria (conteúdo sensível).
Sobre os cuidados que uma base de Dados Públicos (BNMP) deve ter.
A investigação começou com a Raspagem do http://www.cnj.jus.br/bnmp/
https://www1.folha.uol.com.br/cotidiano/2018/04/sistema-da-justica-viola-sigilo-e-expoe-criancas-vitimas-de-estupro.shtml
[2018-04-26 19:30:20] Pode fazer uma doação. Comprar ums camiseta, etc...
[2018-04-26 20:15:25] Que NOJO
[2018-04-26 20:23:44] Oi pessoal, sou do rio grande do sul aqui de porto alegre, queria saber alguuem tem contato de hacker spaces daqui ? ou grupos do telegram ? Queria iniciar um na minha cidade moro em canoas, existe em porto alegre o matehackers mas não achei grupo do telegram deles
[2018-04-26 20:27:39] https://t.me/matehackerspoa
[2018-04-26 20:28:05] Obrigado amigo
[2018-04-26 20:28:20] document: /home/felipe/devel/github_garoa/Telegram_logs_Garoa_Hacker_Clube_Publico/media/Garoa_Hacker_Clube_(Público)/download_38846012097298894.webp
[2018-04-26 21:01:52] https://twitter.com/postenterprise/status/989576729508433922
