[2017-03-13 00:12:23] Garoa Hacker Clube: Tecnologia e colaboração - Revistas - Online - Sesc SP
https://www.sescsp.org.br/online/artigo/10723_GAROA+HACKER+CLUBE+TECNOLOGIA+E+COLABORACAO
[2017-03-13 00:18:08] Quem aqui tinha um site/vlog de eletronica, mesmo?
[2017-03-13 00:20:34] (podem mandar todos, não precisa ser um específico. Estou refazendo meu blogzinho e queria por os links na lateral)
[2017-03-13 01:07:19] Eu tenho um canal
[2017-03-13 01:07:22] Navarro Eletrônica
[2017-03-13 02:32:17] Rodrigo Branco:
Rodrigo Rubira Branco (BSDaemon):
Pessoal, abrimos as inscricoes para a 14a edicao da H2HC, o mais antigo evento de hacking da America Latina... As inscricoes a 50,00 sao limitadas, entao nao percam a chance ;) Sao 2 dias de evento, com mais de uma duzia de palestrantes internacionais.  https://www.h2hc.com.br  @h2hconference
[2017-03-13 03:05:23] Sou de SP capital. Moro perto do Garoa
[2017-03-13 03:09:37] Por favor, vá nos visitar então, quando estiver rolando algum evento, só chegar
[2017-03-13 03:10:42] Sim sim, inclusive faço paete de um grupo de programadores. Fiz um evento sábado passado na Rebouças.
[2017-03-13 03:11:38] Quero conhecer o ☔ e ver mais sobre como fazer um evento também para a comunidade. Mesmo como novato sou engajado em fszer mais pesssoas terem acesso ao aprendizado.
[2017-03-13 03:12:04] Estava vendo a agenda, curti demais o que li e vi a respeito. Falta só comparecer agora!
[2017-03-13 03:12:08] document: /home/felipe/devel/github_tvdstaaij/telegram-history-dump/output/media/Garoa_Hacker_Clube_(Público)/download_135158025190116596.webp
[2017-03-13 06:55:08] DQ
[2017-03-13 07:20:04] De qual comunidade vc é?
[2017-03-13 10:16:53] Three challenges for the web, according to its inventor – World Wide Web Foundation
http://webfoundation.org/2017/03/web-turns-28-letter/
[2017-03-13 10:36:36] Claro entro em contato hoje
[2017-03-13 10:48:00] freeCodeCamp
[2017-03-13 11:40:13] ZAP Computer do Steve Ciarcia (descrito no livro Build Your Own Z80 Computer)
[2017-03-13 11:40:52] Eu escrevi o emulador do ZAP (Z80 Application Processor) no MAME. Tem toda descrição do hardware e instruções de montagem e conceitos no livro do Steve Ciarcia
[2017-03-13 11:41:01] tem esse livro no Garoa
[2017-03-13 11:41:13] E se você quiser montar, eu monto junto.
[2017-03-13 11:48:47] Fechado!
[2017-03-13 11:49:13] acho que a maioria aqui ja acompanha the hacker news e essas coisas, entao geralmente evito o spam, mas essa aqui acho que vale a pena a reflexao:
[2017-03-13 11:49:15] http://thehackernews.com/2017/03/android-malware-apps.html?utm_source=feedburner&utm_medium=feed&utm_campaign=Feed%3A+TheHackersNews+%28The+Hackers+News+-+Security+Blog%29&_m=3n.009a.1447.zw0ao08xcg.uy4
[2017-03-13 11:51:25] a chance disso impactar diretamente algum de nos eh minima (apesar de muitos aqui usarem esses aparelhos), mas imagine as implicacoes disso quando os donos desses aparelhos mais high-end estao em posicoes sensiveis de empresas e governo
[2017-03-13 13:01:58] http://dqsoft.blogspot.com.br/
[2017-03-13 13:05:17] https://www.youtube.com/c/HappyHackingVideoBlog
[2017-03-13 13:05:25] Pois. Bem tenso.
[2017-03-13 13:19:11] Parou, Juca?
[2017-03-13 13:21:24] Um conhecido está doando duas impressoras, uma jato de tinta e uma matricial LX-300. Pra retirar na região do Jabaquara
[2017-03-13 13:25:16] Alguém pode separar o kit da Spartan 3 para mim no Garoa?
[2017-03-13 13:40:11] Pra quem se interessa, um curso de introdução a CAE: http://www.simscale-academy.com/p/introduction-to-cae-simscale
[2017-03-13 13:40:21] eu quero a LX-300. como pego com ele?
[2017-03-13 13:41:14] Posso te passar o endereço e vcs combinam o horário
[2017-03-13 13:41:29] Não. Mas o casamento fez atrasar, com certeza. Tenho um novo episódio já gravado apenas aguardando edição. Vai sair em breve.
[2017-03-13 13:51:22] mano vcs viram o q aconteceu com o Shia Labeouf
[2017-03-13 13:54:36] Legal!
[2017-03-13 14:04:01] todo mundo casando
[2017-03-13 14:04:37] document: /home/felipe/devel/github_tvdstaaij/telegram-history-dump/output/media/Garoa_Hacker_Clube_(Público)/download_803730209_115894.jpg
[2017-03-13 14:21:04] 😝
[2017-03-13 14:23:45] photo: /home/felipe/devel/github_tvdstaaij/telegram-history-dump/output/media/Garoa_Hacker_Clube_(Público)/download_803704755_18135.jpg
[2017-03-13 14:24:13] photo
[2017-03-13 14:27:41] Essa foto é excelente!
[2017-03-13 14:27:54] eu só vou ajuntar as escovas, nada de casório...
[2017-03-13 14:32:13] Nossa! Esses dois parecem o Juca e o Pitanga
[2017-03-13 14:36:53] Um conhecido está procurando equipamentos de som para aluguel, alguém pode indicar?
[2017-03-13 15:56:58] Juca e Pitanga casaram? ❤️
[2017-03-13 16:06:32] contact
[2017-03-13 16:07:06] Esse cara é gente boa, sempre alugo equipamento dele para oseventos
[2017-03-13 16:08:09] DDD 11
[2017-03-13 16:10:42] Obrigado, vou passar
[2017-03-13 16:39:01] Sim, mas essa foto é da festa do divórcio
[2017-03-13 16:53:18] Tá na moda né esse lance de festa de divórcio?
[2017-03-13 16:58:33] Já não se faz mais casamento como antigamente
[2017-03-13 16:58:50] Não tem festa
[2017-03-13 17:08:30] Pitanga passou o bastão para a Carine ? LOL
[2017-03-13 17:09:13] Ai! Isso soou muito mal!
[2017-03-13 17:09:42] document: /home/felipe/devel/github_tvdstaaij/telegram-history-dump/output/media/Garoa_Hacker_Clube_(Público)/download_328774854541050342.webp
[2017-03-13 17:42:23] document: /home/felipe/devel/github_tvdstaaij/telegram-history-dump/output/media/Garoa_Hacker_Clube_(Público)/download_272479773299573171.webp
[2017-03-13 17:44:14] hoje tem algum evento no garoa?
[2017-03-13 17:53:19] Eu acho que vou pra lá daqui a pouco, mas vou ficar na minha fazendo as minhas coisas...
[2017-03-13 17:58:17] tem não-evento hoje
[2017-03-13 18:36:15] Adivinhem o que eu comprei no Mercado Livre...
[2017-03-13 18:36:24] Acabou de chegar aqui em casa.
[2017-03-13 18:37:40] não me pede pra adivinhar que eu vou falar besteira
[2017-03-13 18:39:11] um arduino
[2017-03-13 18:40:56] photo: /home/felipe/devel/github_tvdstaaij/telegram-history-dump/output/media/Garoa_Hacker_Clube_(Público)/download_803110921_36808.jpg
[2017-03-13 18:41:29] chama o @eduoda
[2017-03-13 18:41:52] Esses bichos custam uns 2 mil reais
[2017-03-13 18:41:57] no meu eu paguei 200
[2017-03-13 18:42:02] por que tá "quebrado"
[2017-03-13 18:42:09] vamo vê no que dá
[2017-03-13 18:52:43] Eu me divirto desmontando esses equipamentos
[2017-03-13 18:53:38] O prazer de ter conseguido consertar a placa MVS foi uma sensação muito boa. Dá muita satisfação quando a gente transforma lixo em algo mais uma vez funcional, usando nosso conhecimento.
[2017-03-13 18:53:55] Vamos ver se eu consigo fazer omesmo com esse videoke
[2017-03-13 18:53:56] 👍
[2017-03-13 18:54:25] se eu não conseguir consertar, pelo menos vou aprender um montão sobre como é a placa mãe de um videoke da Raf
[2017-03-13 18:54:49] o visual (e o som) lembra video-game. Então não me espanta se eu achar um Motorola 68k dentro dele
[2017-03-13 18:55:50] e talvez algum chip da yamaha ou similares
[2017-03-13 18:56:16] no mínimo dá pra tentar escrever um driver pro MAME talvez...
[2017-03-13 18:56:49] depende da época do modelo acho
[2017-03-13 18:57:42] duvido os mais novos terem 68k
[2017-03-13 18:58:53] esses videokes sao bem bizarros, custam os olhos da cara, as coisas sao super fechadas e mal feitas
[2017-03-13 19:17:15] sim e duvido muito q eles pagam os direitos sobre a produção
[2017-03-13 19:20:57] 2K? Partiu fazer um com RPi!
[2017-03-13 19:21:16] LOL
[2017-03-13 19:21:58] http://produto.mercadolivre.com.br/MLB-743101749-videok-modelo-pop-300-raf-eletronics-frete-gratis-_JM
[2017-03-13 19:22:30] http://produto.mercadolivre.com.br/MLB-757472080-videok-raf-eletronics-modelo-pro-750-_JM
[2017-03-13 19:23:50] um igual ao que eu comprei, só que "seminovo" tá sendo vendido por 3400 reais aqui: http://produto.mercadolivre.com.br/MLB-798471033-videok-seminovo-raf-3700-plus-com-mais-de-6000-musicas-_JM
[2017-03-13 19:24:29] eu tenho esse pop300
[2017-03-13 19:24:42] eles pagam uma bela grana para as gravadoras
[2017-03-13 19:25:50] inclusive, quando vc troca a maquina, vc ainda tem o direito as musicas que ja tinha comprado e eles precisam "destruir" a placa da maquina velha
[2017-03-13 19:26:27] os novos modelos vc compra a musica por internet, mas eh uma bosta: vc tem que baixar no computador, salvar em sd e depois importar no equipamento
[2017-03-13 19:27:12] a musica em si eh midi e equipamentos melhores tem placas de som (leia "samples de instrumentos") melhores
[2017-03-13 19:27:52] ao inves de usarem um rpi, android ou qq coisa menos tosca, fazem desse jeito ai
[2017-03-13 19:28:11] da hora
[2017-03-13 19:28:53] aposto que esse pop300 é puro chip-bolha por dentro
[2017-03-13 19:28:57] feito na China
[2017-03-13 19:29:13] pelo menos tem cara... por conta do estilo da carcaça
[2017-03-13 19:29:22] se a gente quiser desmontar (e remontar com tudo funcionando), posso levar
[2017-03-13 19:29:55] eu estou para gastar uma grana num equipamento novo pq vc nao consegue mais comprar musicas novas para o pop300
[2017-03-13 19:31:02] mas eh bom ter algum cuidado com esses caras, sao uns japa nazi que nao vao pensar 2x para te processar ;)
[2017-03-13 19:44:59] hahahah
[2017-03-13 19:45:26] eu só estou estudando eletrônica. Não quero encrenca com ninguém.
[2017-03-13 19:47:09] a idéia de emular no MAME é legal, mas eu jamais gostaria de ferir os interesses comerciais de ninguém. E justamente por causa disso, o MAME só incorpora drivers de emulação de dispositivos que tenham mais do que 3 anos de release.
[2017-03-13 19:47:51] o pop300 ja tem muito mais que isso
[2017-03-13 19:48:02] eu acho importante documentar / preservar a experiência de uma geração. Mas acho que pra isso podemos esperar o produto cair em desuso / perder seu valor comercial
[2017-03-13 19:48:21] assim não se pisa no pé de ninguém
[2017-03-13 20:24:39] O Computador do Paranoia?
http://www.globalfuturist.org/2017/02/microsofts-ai-has-learnt-how-to-write-its-own-code-and-create-its-own-programs/
[2017-03-13 21:19:52] Nova série de Fantástico, sobre pessoas transgênero.

Achei muito interessante:
http://globoplay.globo.com/v/5719129/?utm_source=telegram

Espero que essa série de reportagens esclareça mais sobre o assunto e ajude a combater o preconceito...
[2017-03-13 21:25:10] issae 🙌🏻👏🏻👍🏻
[2017-03-13 21:26:07] só pra adicionar + paranoia às que ja temos kkk
[2017-03-13 21:30:25] Programadores com os dias contados...
[2017-03-13 21:32:59] A economia baseada em empregos, certamente
[2017-03-13 21:33:34] photo: /home/felipe/devel/github_tvdstaaij/telegram-history-dump/output/media/Garoa_Hacker_Clube_(Público)/download_532578169497069893.mp4
[2017-03-13 21:49:17] WOW!!! É um 386 !!!
[2017-03-13 21:49:44] inacreditavel
[2017-03-13 21:49:53] Intel 80386 EX
[2017-03-13 21:50:15] que doidera
[2017-03-13 21:50:54] dada a baixa qualidade de tudo eh absolutamente inacreditavel
[2017-03-13 21:51:10] cristal de 48MHz
[2017-03-13 21:52:58] Motorola MC1378P - Color Television Composite Video Overlay Synchronizer
[2017-03-13 21:53:07] http://pdf1.alldatasheet.com/datasheet-pdf/view/168761/MOTOROLA/MC1378P.html
[2017-03-13 21:55:31] uma flash eprom de 512kbytes
[2017-03-13 21:55:39] deve ter a BIOS do bicho
[2017-03-13 21:55:53] tem um outro cristal de 40,5MHz tmb
[2017-03-13 21:56:52] talvez um seja pra CPU (80386) e o outro seja pro chip-custom que deve implementar a renderização do vídeo e o playback de som (e provavelmente alguma criptografia de cartuchos)
[2017-03-13 21:56:54] so para confirmar, vc comprou qual modelo?
[2017-03-13 21:57:11] VMP 3700
[2017-03-13 21:57:36] a placa mãe é minúscula dentro da carcaça
[2017-03-13 21:57:51] chega a ser ridículo a carcaça ser tão grande, cheia de espaço vazio
[2017-03-13 21:59:55] modelo escrito na placa-mãe: HANBIT SYSTEM CO. Ltd V3700_V40
[2017-03-13 22:00:50] eh cartucho ou sd card?
[2017-03-13 22:01:00] cartucho
[2017-03-13 22:01:15] tem um barramento pra ligar um monte de cartucho de uma vez só
[2017-03-13 22:01:17] o meu eh mais novinho, to me cocando para desmontar ele kkkk
[2017-03-13 22:01:38] até 16 cartuchos
[2017-03-13 22:02:04] eu sempre sonhei ver um videokê por dentro! Hoje é meu dia :-)
[2017-03-13 22:02:06] achei umas fotos aqui
[2017-03-13 22:03:41] TV encoder da Winbond: http://pdf.datasheetcatalog.com/datasheet/WinbondElectronics/mXuqyzs.pdf
[2017-03-13 22:05:09] VCD decoder ?!?!? http://pdf.dzsc.com/88889/22639.pdf
[2017-03-13 22:06:37] donk joined
[2017-03-13 22:06:37] Hi Donk !
[2017-03-13 22:07:20] ah! acho que é por que ele tem 3 entradas de video e esse chip deve fazer a interpretação do sinal de entrada. O bizarro é que ele aparentemente recebe MPEG via conector RCA
[2017-03-13 22:07:41] e decodifica o video com esse chip VCD decoder da Winbond também
[2017-03-13 22:08:09] e depois deve mesclar com a interface gráfica (legendas, e outras infos) por meio do chip da Motorola
[2017-03-13 22:08:24] entrada de video?
[2017-03-13 22:08:29] acho que sao saidas, nao?
[2017-03-13 22:08:58] tem uma PCB independente chamada "HANBIT SYSTEM, AUDIO MODULE: V 4.1"
[2017-03-13 22:09:15] 3 entradas de vídeo e 1 saída de video
[2017-03-13 22:09:26] mano do ceu, honestamente, que bizarrice
[2017-03-13 22:10:04] entao ele nao monta a imagem no firmware, eh tudo justado por hardware
[2017-03-13 22:10:08] ele pega imagem dum DVD player externo, e faz o overlay das legendas das músicas e joga o resultado para a saída de vídeo
[2017-03-13 22:10:08] ai fica aquela bosta
[2017-03-13 22:10:27] DVD não... pelo jeito é VCD
[2017-03-13 22:10:40] sim, vcd
[2017-03-13 22:10:42] aquelas paisagens... e tal
[2017-03-13 22:10:55] o meu aqui nao tem isso, o video ta em alguma eeprom
[2017-03-13 22:10:57] louco que ele não recebe video-composto, mas sim sinal digital
[2017-03-13 22:11:34] vc pode copiar do pendrive, quer dizer, vc nao pode, o cara da loja talvez possa
[2017-03-13 22:19:08] kd fotos
[2017-03-13 22:19:11] quero ibagens
[2017-03-13 22:19:38] enquanto isso eu tô cagando o gl/gles do meu chip e tendo que flashear o bixo inteiro de novo..
[2017-03-13 22:20:21] a OS 4.4 dele supostamente vem com o driver pra usar toda a aceleração do Mali 400 mas não tô conseguindo muito ganho não
[2017-03-13 22:20:30] então acho que eu tô fazendo alguma coisa errada
[2017-03-13 22:32:36] A fabricação do hardware parece ser de 1999
[2017-03-13 22:32:57] já tem idade suficiente pra ir pro MAME :-)
[2017-03-13 23:03:54] https://news.slashdot.org/story/16/05/06/2051229/boaty-mcboatface-polar-ship-named-after-attenborough-despite-less-votes
[2017-03-13 23:07:55] Tem algo ilícito ilegal criminoso imoral? Onde?
[2017-03-13 23:08:09] É perigoso também?
[2017-03-13 23:11:31] teve uma dica sobre onde conseguir acesso a números falsos de cartão de crédito
[2017-03-13 23:11:50] Onde?
[2017-03-13 23:13:00] Estou fazendo um estudo de mercado negro de dados
[2017-03-13 23:13:25] esteve aqui neste canal naquela posição ocupada pela mensagem agora deletada
[2017-03-13 23:13:54] Puxa que triste
[2017-03-13 23:14:10] Uma referência à cultura hacker
[2017-03-13 23:14:15] (deletada pelo próprio autor, mediante pedido da moderação (vulgo eu))
[2017-03-13 23:14:34] Dados perdidos
[2017-03-13 23:15:00] mike, você é um amor de pessoa :-D
[2017-03-13 23:15:22] tem muita gente no Garoa hoje?
[2017-03-13 23:15:41] Eu ia, mas acabei não indo...
[2017-03-13 23:15:52] Google underground data market umm
[2017-03-13 23:18:02] Os vazamentos do Snowden, são éticos, ilegais ou nenhum dos dois?
[2017-03-13 23:18:09] Que acham
[2017-03-13 23:35:45] ou ambos?
