[2018-01-07 00:22:12] Tentou né
[2018-01-07 00:22:19] document: /home/felipe/devel/github_garoa/Telegram_logs_Garoa_Hacker_Clube_Publico/media/Garoa_Hacker_Clube_(Público)/download_612813441396113895.webp
[2018-01-07 01:19:15] é possível criar uma nação hacker https://en.wikipedia.org/wiki/List_of_micronations
[2018-01-07 02:07:52] Valeu Deep
[2018-01-07 09:18:32] Gostei da ideia. Rs
Podia ter um outro idioma. Esperanto, talvez.
[2018-01-07 11:10:19] haha entendi a referência ;)
[2018-01-07 12:25:37] Doideira, podiam fazer uma série sobre isso
[2018-01-07 13:40:26] Cris joined
[2018-01-07 13:44:19] Alguém sabe algum site de cursos da área de análise de sistemas que oferece curso com certificado grátis?
[2018-01-07 14:04:26] Bem interessante o uso do Esperanto.... linguagem que "une" as demais e de aprendizagem relativamente fácil
[2018-01-07 14:08:26] https://upload.wikimedia.org/wikipedia/commons/thumb/f/f5/Flag_of_Esperanto.svg/1200px-Flag_of_Esperanto.svg.png
[2018-01-07 14:38:58] Renato Santiago joined
[2018-01-07 14:56:00] www.freecodecamp.com
[2018-01-07 15:51:23] Marcelo Rocha joined
[2018-01-07 16:16:32] Fala galera tudo bom? O que rola nos meet-up de python?
[2018-01-07 16:46:08] print, split, join, pop, xrange, extend, import...
[2018-01-07 17:06:09] se é meetup tem gente falando de empreendedorismo e startup
[2018-01-07 17:06:39] e chatbot bitcoin blockchain iot
[2018-01-07 17:08:04] document: /home/felipe/devel/github_garoa/Telegram_logs_Garoa_Hacker_Clube_Publico/media/Garoa_Hacker_Clube_(Público)/download_1045404939746018565.webp
[2018-01-07 17:13:50] Se está se referindo ao meetup do Python Lab, pode ver a programação aqui:
https://garoa.net.br/wiki/Python_Lab
[2018-01-07 17:28:28] Vlw
[2018-01-07 19:37:42] Acho que cousera
[2018-01-07 19:39:16] Pessoa como posso estudar sobre blockchain
[2018-01-07 19:39:24] Alguém tem um norte?
[2018-01-07 19:49:50] https://t.me/blockchain_BR/24
[2018-01-07 20:02:33] No t.me/blockchain_BR tem dica de cursos. Estou fazendo o do EDX.
[2018-01-07 21:17:54] “Learn Blockchains by Building One” @van_flymen https://hackernoon.com/learn-blockchains-by-building-one-117428612f46
[2018-01-07 21:22:44] photo: /home/felipe/devel/github_garoa/Telegram_logs_Garoa_Hacker_Clube_Publico/media/Garoa_Hacker_Clube_(Público)/download_804725670_109332.jpg
[2018-01-07 22:43:00] http://www.spacex.com/webcast
[2018-01-07 22:57:12] document: /home/felipe/devel/github_garoa/Telegram_logs_Garoa_Hacker_Clube_Publico/media/Garoa_Hacker_Clube_(Público)/download_450714684086026716.webp
[2018-01-07 22:58:08] "Alternativa" https://www.youtube.com/watch?v=0PWu3BRxn60
[2018-01-07 23:12:27] hehe no Python Lab não tem disso não :P
[2018-01-07 23:13:16] no python lab nao
[2018-01-07 23:13:20] mas nos meetup sim
