[2017-11-29 08:17:08] photo: /home/felipe/devel/github_garoa/Telegram_logs_Garoa_Hacker_Clube_Publico/media/Garoa_Hacker_Clube_(Público)/download_804724881_82612.jpg
[2017-11-29 08:17:08] https://www.reddit.com/r/MAME/comments/7g9s77/mame_0192/
[2017-11-29 08:17:08] photo: /home/felipe/devel/github_garoa/Telegram_logs_Garoa_Hacker_Clube_Publico/media/Garoa_Hacker_Clube_(Público)/download_804728630_64274.jpg
[2017-11-29 08:17:08] photo: /home/felipe/devel/github_garoa/Telegram_logs_Garoa_Hacker_Clube_Publico/media/Garoa_Hacker_Clube_(Público)/download_806119369_785.jpg
[2017-11-29 08:17:08] Saiu o MAME 0.192 com algumas contribuicoes minhas. (CP500, CP400 Color II, Codimex CD-6809)
[2017-11-29 08:17:08] Mes que vem tem mais ;-)
[2017-11-29 08:54:32] Jose Carlos Rocha joined
[2017-11-29 08:54:33] Hi Jose Carlos Rocha !
[2017-11-29 11:27:51] Parabéns Juca 👏👏👏👏
[2017-11-29 11:32:03] document: /home/felipe/devel/github_garoa/Telegram_logs_Garoa_Hacker_Clube_Publico/media/Garoa_Hacker_Clube_(Público)/download_285892071401719684.webp
[2017-11-29 11:32:45] ok
[2017-11-29 11:34:03] @fakeezz vc eh o cara q eu devolvi a carteira ? 😂
[2017-11-29 11:36:21] Bom dia!
[2017-11-29 11:36:33] Parabéns!
[2017-11-29 13:06:41] Parabéns
[2017-11-29 13:36:07] Happy Hacking :-D
[2017-11-29 13:45:24] Fantástico, sou fascinado pelo opensource, e pelas contribuições, gostaria de ajudar algum projeto, mas minhas abilidades de programador ainda estao no jardim da infância.
[2017-11-29 13:47:11] Eu não uso o termo "open source" para me referir ao meu trabalho. Estou mais alinhado com o termo "software livre". Pode parecer detalhe, mas tem uma diferença importante entre as duas expressões.
[2017-11-29 13:47:34] https://www.gnu.org/philosophy/po/open-source-misses-the-point.de-en.html
[2017-11-29 13:53:53] Entendi excelente matéria explicando as diferenças
[2017-11-29 14:18:37] ;-)
[2017-11-29 14:31:23] Parabéns, Juca!
[2017-11-29 15:40:27] Alguém trabalha na Locaweb ou usa serviços? Sabe que m ta rolando
[2017-11-29 15:46:42] Sofia Marshallowitz joined
[2017-11-29 15:46:43] Hi Sofia !
[2017-11-29 15:52:29] Monge joined
[2017-11-29 15:52:33] Hi Monge !
[2017-11-29 15:52:59] Ola Pessoal!
[2017-11-29 16:46:56] Tá down?
[2017-11-29 17:08:02] Agora normalizou
[2017-11-29 17:17:13] Alguém aqui já colocou em laptop um segundo HD no lugar do dvd/cd player?
[2017-11-29 17:18:16] To pensando em tirar o dvd player e colocar ele num caddy e instalar um ssd no meu note pra ficar com 2 HDs... 
Alguém já fez isso?
[2017-11-29 17:22:54] A pergunta certa é : Está up?
[2017-11-29 17:27:40] Lkkk
[2017-11-29 17:29:27] O Kemel era associado do Garoa mas sumiu uns tempos, ele trabalhou na locaweb - https://www.linkedin.com/in/kemelzaidan/
[2017-11-29 17:29:40] Ele geralmente está no Twitter
[2017-11-29 17:31:31] https://statusblog.locaweb.com.br/ - se ajudar.
[2017-11-29 18:27:48] Alguem aqui trabalha com web design? Afim de fazer um freela 😃
[2017-11-29 18:33:26] Só pra ficar claro, é web design (photoshop, etc) ou desenvolvimento (html5 css3 js jQ)?
[2017-11-29 18:35:21] https://youtu.be/MwMjyyy-pDU
[2017-11-29 18:36:32] @mynameiserin vendo isso pensei na sua pcb. Não conheço esse serviço (as pcbs são fabricadas na china), mas de repente é uma opção a mais.
[2017-11-29 18:40:11] Estava pensando em algo tipo template word press mesmo.. 
Não precisa de parte grafica..(fotos, banners e logos etc)
[2017-11-29 20:41:52] Eu
[2017-11-29 21:01:06] Vou fazer no macbook, parece que até ajuda a ficar menos pesado, ssd como principal dai tudo certo
[2017-11-29 21:02:13] photo: /home/felipe/devel/github_garoa/Telegram_logs_Garoa_Hacker_Clube_Publico/media/Garoa_Hacker_Clube_(Público)/download_1056677446486589773.webp
[2017-11-29 21:04:38] Fiz num MacBook e num Dell... Ficaram bons.
[2017-11-29 21:04:46] E não tem segredo.
[2017-11-29 21:05:41] Vândalos Canadenses...
[2017-11-29 21:06:09] Raro usar cd hj e como ssd ainda é caro, vira uma boa opcao de colocar o os num ssd menor e os arquivos no hd de apoio
[2017-11-29 21:23:30] alguém tem problema ao ver vídeos no youtube no safari?
[2017-11-29 22:25:16] Web design pode também ser GIMP, Inkscape, etc 😉
[2017-11-29 22:36:08] O que você quer fazer?
[2017-11-29 22:42:05] Isso mesmo. Qq coisa menos codificação em páginas html/css js/jQ...
[2017-11-29 22:42:46] photo: /home/felipe/devel/github_garoa/Telegram_logs_Garoa_Hacker_Clube_Publico/media/Garoa_Hacker_Clube_(Público)/download_804726426_60895.jpg
[2017-11-29 22:52:14] Hauhauhau
[2017-11-29 22:52:26] Um verdadeiro Webmaster!
[2017-11-29 22:58:29] document: /home/felipe/devel/github_garoa/Telegram_logs_Garoa_Hacker_Clube_Publico/media/Garoa_Hacker_Clube_(Público)/download_307658858283663440.webp
[2017-11-29 23:07:41] aí acho que vou dormir só pra não ter que discutir discordando de você de que hoje o web design, da interação ao UX, torna indissociável o desenvolvimento do design. Boa noite!
[2017-11-29 23:09:20] Fiquem com esta maravilha do design tipográfico aberto pra usar nas suas páginas, e bons sonhos: https://github.com/JulietaUla/Montserrat
[2017-11-29 23:09:22] JulietaUla | Montserrat

userdata: (nil)

Language: Python
Forks: 56
Stars: 321
Issues: 7
[2017-11-29 23:09:58] Nossa... tá bom, boa noite. Muito amor e paz no seu coraçãozinho. ❤️
[2017-11-29 23:10:39] (Será q sou eu q tenho o dom de trazer à tona o pior das pessoas, ou será a geração teen q não tem um mínimo de paciência... ó dia...)
[2017-11-29 23:11:00] document: /home/felipe/devel/github_garoa/Telegram_logs_Garoa_Hacker_Clube_Publico/media/Garoa_Hacker_Clube_(Público)/download_1045404939746018565.webp
[2017-11-29 23:11:23] Briga na lista é o esporte oficial do Garoa
[2017-11-29 23:11:38] document: /home/felipe/devel/github_garoa/Telegram_logs_Garoa_Hacker_Clube_Publico/media/Garoa_Hacker_Clube_(Público)/download_804724070_82558.jpg
[2017-11-29 23:12:28] Por isso eu evito comentar aqui. Só as poucas pessoas q realmente importam detém a minha atenção. Para os demais 688 boa noite!
[2017-11-29 23:12:41] Django ...joomla ...👀❓
[2017-11-29 23:12:46] (notificações em "off")
[2017-11-29 23:13:20] Frameworks. E...?
[2017-11-29 23:13:29] ...boa noite.
[2017-11-29 23:14:27] Não curto passar trabalho 😂
[2017-11-29 23:14:30] só acho que o villares é mais velho que você
[2017-11-29 23:16:29] Quero nomes, qual lista q eu to?
