[2017-12-15 00:12:53] Também tô gostando, apesar das limitações
[2017-12-15 01:55:12] https://spaceflightnow.com/2017/12/13/blue-origin-launches-new-shepard-test-flight/
[2017-12-15 01:55:12] fotos aqui: https://spaceflightnow.com/2017/12/13/photos-upgraded-new-shepard-booster-flies-from-west-texas/
[2017-12-15 01:55:12] vídeo aqui: https://www.youtube.com/watch?v=CSDHM6iuogI
[2017-12-15 01:55:12] Vídeo do mesmo lançamento, mas gravado de dentro da cápsula, onde botaram um boneco cheio de sensores pra medir quais forças agem sobre o corpo dos turistas que fizerem esse passeio daqui alguns anos...
[2017-12-15 01:55:12] https://www.youtube.com/watch?v=6ZJghIk7_VA
[2017-12-15 08:23:55] https://excel.uservoice.com/forums/304921-excel-for-windows-desktop-application/suggestions/10549005-python-as-an-excel-scripting-language
[2017-12-15 08:24:13] ^ MS pedindo feedback sobre python + Excel
[2017-12-15 09:32:19] Sobrou comida demais ontem
[2017-12-15 09:33:20] Acontece muito nos eventos,  precisamos algum lugar pra doar
[2017-12-15 09:43:54] Tem um centro espírita próximo do Garoa eles tem programa de doação
[2017-12-15 09:44:04] Pode ser que eles tenham
[2017-12-15 10:07:50] sobrou muita coisa preparada?
[2017-12-15 10:07:59] tipo os pães franceses e salsichas prontas?
[2017-12-15 10:08:09] salsicha dá pra congelar
[2017-12-15 10:15:21] Lembrando que Papai Noel não dá presente pra quem desperdiça comida 😤
[2017-12-15 10:16:41] https://spaceflightnow.com/2017/12/11/spacex-crs-13-mission-status-center/
[2017-12-15 10:24:06] Pior que isso

https://www.google.com.br/amp/s/g1.globo.com/google/amp/https://g1.globo.com/economia/tecnologia/noticia/teles-brasileiras-discutem-formas-de-flexibilizar-neutralidade-de-rede-no-pais.ghtml
[2017-12-15 10:26:36] Hauahhaauhaha, rir pra não chorar...
[2017-12-15 11:00:41] bom dia pessoal, alguem conhece algum grupo de Telegram de Delpheiros? sei que é mais fácil achar o whatsapp do Silvio Santos que um programador Delphi decente. Estou usando aquele delphi 10 Tokyo e precisava de ajuda para tentar criar um serviço do Windows
[2017-12-15 11:09:29] Itamar Santos de Souza joined
[2017-12-15 13:17:26] Pessoal,

Durante os últimos meses eu e mais algumas pessoas da Internet Society
Brasil criamos e trabalhamos em um projeto para o ensino de
programação de computadores para crianças e adolescentes em escolas
públicas por todo Brasil. Além das questões técnicas também abordamos
assuntos relacionados ao uso saudável da rede, como proteger-se de
ameaças e como usar a rede para seu desenvolvimento pessoal.

Centenas de crianças e adolescentes participaram do nosso projeto nos
últimos meses, este pequeno vídeo mostra um pouco do nosso trabalho:
https://www.youtube.com/watch?v=rrfvtZHtzlI&index=24&list=PLXCJAukq_OVFLAsmz3Hp0sBbtjSO6hVaP

Estamos participando de um concurso global promovido pela ISOC, o
Chapterthon 2017 e você pode nos ajudar votando em nosso projeto.
Somos os únicos representantes brasileiros no concurso.

A votação do melhor projeto vai até HOJR, dia 15 de dezembro. Para votar
acessem https://connect.internetsociety.org/chapterthon-voting e votem
no nosso projeto: Brazil Chapter: Cyberneteens: Governança da Internet
e Programação para Crianças e Adolescentes. É preciso se cadastrar.

O projeto mais votado será anunciado no Internet Governance Forum
organizado pela ONU!

Conto com seu apoio para votar e divulgar!

Todo o trabalho é voluntário e quem sentir vontade em ajudar pode me
escrever diretamente. Queremos tornar o projeto ainda maior no próximo
ano.

Obrigado!
[2017-12-15 13:31:06] Galera: O Garoa precisa de ajuda para buscar o Torno que o garoa comprou
[2017-12-15 13:31:43] Quem pode ajudar no Domingo?
[2017-12-15 13:33:25] Pra carregar?
[2017-12-15 13:33:34] yep
[2017-12-15 13:33:57] 💪
[2017-12-15 13:35:09] Como vai ser, precisa ir buscar e depois ajeitar? Ou ja tah no garoa?
[2017-12-15 13:36:34] Não. Vamos buscar com uma pickup. Precisamos de ajuda para carregar/descarregar e colocar pra dentro
[2017-12-15 13:41:05] Buscar onde , se for pela norte
[2017-12-15 13:42:14] É no brooklin
[2017-12-15 13:49:22] É do outro lado da cidade pra mim, se ninguem se apresentar pra missao eu me programo pra ajudar
[2017-12-15 13:50:07] A saída vai ser do garoa?
[2017-12-15 13:52:38] sou da zn
[2017-12-15 13:52:41] podiamos tomar uma breja
[2017-12-15 13:52:51] eu no caso uma coca pq tou no antibiotico
[2017-12-15 13:53:00] Pode ser. O bonde passa recolher a galera no Garoa
[2017-12-15 14:03:14] Todas as salsichas cozidas que sobraram eu consegui colocar na panela de fazer pipoca, e assim elas foram p a geladeira. 
Sobraram +/- 40 pães de hot dog q eu guardei no forno e +/- 40 pães franceses q ficaram em cima da mesa da cozinha
[2017-12-15 14:04:11] eu acho que isso é facilmente comido no Garoa
[2017-12-15 14:05:18] concordo
[2017-12-15 14:06:27] Provavelmente não passa de sábado
[2017-12-15 14:06:45] Nem me preocupei em congelar (mas mesmo assim foi muita salsicha q sobrou)
[2017-12-15 14:42:13] acho que essas coisas não estragam, salsicha não é papelao?
[2017-12-15 14:49:43] 😂
[2017-12-15 14:51:10] Salsicha crua dura uns 5 dias na geladeira, cozida no molho uns 3 se bem acondicionada
[2017-12-15 14:53:15] Esses cursos online da Udemy valem a pena ? São relativamente baratos mas são uteis ?
[2017-12-15 14:58:26] É relativo, pq pode ter mais de um curso do mesmo assunto, e um pode ser bom e o outro não, depende mais do instrutor, o lance é analisar as opiniões e a proposta do curso
[2017-12-15 15:06:44] Cara, não sei dizer. Mas me rendi aos preços promocionais deles e contratei 6 cursos pra mim essa semana... vamos saber mais pra frente.
[2017-12-15 15:07:22] Meu critério foi ver os com a tag "best seller" além da abrangência dos assuntos do meu interesse
[2017-12-15 15:09:07] Compramos já?
[2017-12-15 15:09:27] https://noticias.reclameaqui.com.br/noticias/nextel-e-obrigada-a-expandir-promocoes-e-descontos-a-todos-o_3074
[2017-12-15 15:10:01] Que horas?
[2017-12-15 15:10:02] Oh yes sir
[2017-12-15 15:10:25] TBD, mas provavelmente a tarde
[2017-12-15 15:11:01] Se tiver carona saindo do Garoa, count me in
[2017-12-15 15:15:07] Então fechou.
[2017-12-15 16:26:20] Opa, eu apareço pra ajudar tbm se estiverem precisando de mais um par de braços
[2017-12-15 17:47:39] Ativistas LGBTs de plantão
[2017-12-15 17:48:01] Manifestação de nazistas da TFP na Paulista agora
[2017-12-15 17:48:33] photo: /home/felipe/devel/github_garoa/Telegram_logs_Garoa_Hacker_Clube_Publico/media/Garoa_Hacker_Clube_(Público)/download_804728845_75809.jpg
[2017-12-15 17:50:02] Direção que eles estão tomando?
[2017-12-15 17:56:27] Parece a TFP.
[2017-12-15 17:58:00] Não fala assim....
[2017-12-15 18:01:28] Estão parados embaixo do MASP
[2017-12-15 18:01:43] Sim, é ela mesma
[2017-12-15 18:07:31] aqui em POA eu arranco os adesivos pró monarquia dos postes
[2017-12-15 18:07:57] pelo jeito aí em SP eles tão andando na rua sem apanhar, a correlação de força ta favorável
[2017-12-15 18:09:48] Galera, aqui ninguém apoia a violência para atingir fins políticos. O próximo que incitar a violência será banido.
[2017-12-15 18:10:49] eu entendi o que tu falou, mas eu não fiz isto
[2017-12-15 18:11:25] também não deixei claro se eu apoio ou não uso da violência, então não explicitei nada
[2017-12-15 18:17:13] Eu passei por alguns deles, aí sair do trabalho. Alguém pode explanar o que é a TFP?
[2017-12-15 18:18:12] se for esses caras mesmo, é a organização Tradição, Família e Propriedade
[2017-12-15 18:18:25] do sr. Plínio Corrêa de Oliveira
[2017-12-15 18:18:29] morreu já
[2017-12-15 18:18:36] as ideias dele não
[2017-12-15 18:19:17] tradicao, famila e patria
[2017-12-15 18:19:40] ops, propriedade
[2017-12-15 18:20:25] (Pseudo)Integralistas
[2017-12-15 18:20:43] ratos de porao tem uma música que fala dessa corja
[2017-12-15 18:20:51] Eu sei que eles são ligados a igreja católica e conservadores. Isso é tudo que eu sei...
[2017-12-15 18:21:06] Vou procurar...
[2017-12-15 18:21:08] https://pt.wikipedia.org/wiki/Instituto_Plinio_Corr%C3%AAa_de_Oliveira
[2017-12-15 18:21:17] língua de trapo tem uma música que fala deles também
[2017-12-15 18:21:28] ultra conservadores
[2017-12-15 18:21:43] farsa nacionalista, album brasil de 1989. O melhor e infelizmente ainda atual
[2017-12-15 18:21:51] Blind Pigs/Porcos Cegos tem uma chamada "Fuck TFP"
[2017-12-15 18:27:04] Interessante... Existem outros grupos na mesma linha?
[2017-12-15 18:28:57] Maioria dos Grupos religiosos endossam/suportam...
[2017-12-15 18:29:06] tem vários grupos órfãos do integralismo
[2017-12-15 18:29:22] Carmelitas. Marianos
[2017-12-15 18:29:23] TFP é o mais famoso, mas tem os clandestinos
[2017-12-15 18:29:43] em alguns desses clandestinos aí sim tem até neo nazistas
[2017-12-15 18:31:03] Essa corja se espalhou pela América Latina: Tem noChile, Argentina Uruguai... Foi para até na França e Espanha
[2017-12-15 18:32:22] photo: /home/felipe/devel/github_garoa/Telegram_logs_Garoa_Hacker_Clube_Publico/media/Garoa_Hacker_Clube_(Público)/download_806118725_9305.jpg
[2017-12-15 18:32:32] photo: /home/felipe/devel/github_garoa/Telegram_logs_Garoa_Hacker_Clube_Publico/media/Garoa_Hacker_Clube_(Público)/download_804726410_72243.jpg
[2017-12-15 18:32:53] Folheto que estão distribuindo por lá
[2017-12-15 18:39:01] Já que está rolando off topic mesmo: Vocês que são anarquistas e tal, vocês não vêem como correta a posição deles de rejeitar um ação do estado a qual eles não concordam?
[2017-12-15 18:40:01] Não.
[2017-12-15 18:40:54] Eles pedem a mudança de uma Democracia com Liberdade Religiosa para uma Democracia com uma unica Religião com liberdade para eles perseguirem quem for contra eles
[2017-12-15 18:41:06] Nada de correto não! Qualquer ação de estado tem que ser inclusiva, não para apoiar intolerância!!
[2017-12-15 18:41:14] Esse é apenas um ponto, existem inumeros outros
[2017-12-15 18:41:15] Exatamente
[2017-12-15 18:41:29] @mynameiserin  olha só
[2017-12-15 18:42:02] Defendem o "estado laico cristão", como disse um famoso deputado uma vez.
[2017-12-15 18:42:36] Se você ler o panfleto não é isso que eles estão falando. Eles querem rejeitar a Ideologia de Gênero na Educação.
[2017-12-15 18:43:27] photo: /home/felipe/devel/github_garoa/Telegram_logs_Garoa_Hacker_Clube_Publico/media/Garoa_Hacker_Clube_(Público)/download_804726902_71361.jpg
[2017-12-15 18:43:41] Esse é um das frentes do Discursos deles
[2017-12-15 18:43:59] é perto de onde você está?
[2017-12-15 18:44:06] domingo eu vou
[2017-12-15 18:44:16] Pois "Aos olhos do Criador só existem Homems e Mulheres e todo resto é uma Abominação"
[2017-12-15 18:45:56] Sim. Concordo que o end-game é outro. Mas nesta questão do panfleto em concreto, eu acho que eles estão certos.
[2017-12-15 18:46:04] lá não vai ter reforma da previdência... rsrsrs
[2017-12-15 18:46:15] corretíssima
mas essa atividade deles não é uma ação política isolada, eles têm uma agenda maior, isso aí eles aproveitam pra fazer propaganda
[2017-12-15 18:46:22] POrra, pensei que lá tivesse lá.
[2017-12-15 18:46:28] já estamos dando ibope pra eles aqui, funcionou
[2017-12-15 18:46:41] como eu disse, aqui em POA eu elimino a propaganda deles sempre que possível
[2017-12-15 18:46:53] Todos têm... não é exclusividade deles.
[2017-12-15 18:47:07] em São Paulo é outra conjuntura, mais democrática digamos assim, que eles sentem segurança de ir pras ruas
[2017-12-15 18:47:56] Vocês tem algum contato com o interior do estado de SP? MG?
[2017-12-15 18:48:01] não estão certos, entra lá no site do plínio que tu vai ter acesso ao material inteiro
[2017-12-15 18:48:06] Cara, sou a favor de cada um viver como queira... 
Seja Hetero, Homo, Trans, com operação de mudança ou não de sexo...
Quero mais que sejam Felizes pois gente Feliz não enche meu saco...
[2017-12-15 18:48:49] Exato. E não venha dizer como criar meus filhos, concorda?
[2017-12-15 18:49:48] Sim. Inclusive você mesmo apos a maioridade dos mesmos.
[2017-12-15 18:50:24] Sim. Cada adulto faz o que quiser da vida.
[2017-12-15 18:50:47] Sim. "Vida é minha, estrago como quiser"
[2017-12-15 18:50:52] VOCÊ NÃO IRÁ CRIAR INTOLERANTES E HOMO/TRANSFÓBICOS
[2017-12-15 18:51:37] domingo, ontem não deu pra ir no garoa, perdi mas não tinha jeito
[2017-12-15 18:51:54] E TRANSGÊNERO SE MANIFESTA NA INFÂNCIA E TEM QUE SER RESPEITADO
[2017-12-15 18:52:22] Cara, o capslock está ligado.
[2017-12-15 18:52:48] Cara, Crença Religiosa e Politica, pra mim é tipo pênis: legal que vc tenha um, use como quiser, mas se sair sacudindo nas ruas, você pode ter problemas e, se tentar enfiar goela abaixo, tanto minha como da minha Familia, CERTAMENTE você terá problemas...
[2017-12-15 18:52:53] heheheh.... Todos tem o direito de ser estúpido. hehehe
[2017-12-15 18:53:43] https://t.me/joinchat/DtwgRkCKYHU30rzuoJpPrg Easy
[2017-12-15 18:53:49] Uma vez uma mina de Direita disse pra mim que "se reservava ao direito de ser ignorante" (no sentido de não estudar outros movimentos politicos que não o dela...)
[2017-12-15 18:54:39] Bom, nessa caso ela está fazendo o uso deste direito kkkk Não que isso faça dela uma pessoa melhor
[2017-12-15 18:55:11] Exato... Não consegui pensar em uma resposta que não fosse "Okay, então..."
[2017-12-15 18:56:05] só vou deixar a minha contribuição, quando é anarquista na rua a polícia encerra a manifestação com violência
[2017-12-15 18:56:19] e essa lorota de "eles que provocaram" ta cada vez menos gente acreditando
[2017-12-15 18:57:20] na europa teve mais força o fascismo e o nazismo, então até hoje esses grupos nacionalistas têm suas manifestações interrompidas mais cedo por grupos organizados
[2017-12-15 18:57:36] a polícia do estado geralmente não se mete
[2017-12-15 18:58:08] Foi de propósito! Você parece defender o"direito de ser trans/homofóbico!
[2017-12-15 18:59:41] Você parece não saber discutir civilizadamente.
[2017-12-15 19:00:08] Pega leve cara. Existem várias pessoas que pensam diferente de você.
[2017-12-15 19:01:21] Ninguém tem direito de pensar em EXCLUIR ninguém!
[2017-12-15 19:02:33] photo: /home/felipe/devel/github_garoa/Telegram_logs_Garoa_Hacker_Clube_Publico/media/Garoa_Hacker_Clube_(Público)/download_804725019_93604.jpg
[2017-12-15 19:03:05] Precisamos de uma imagem para o dia do beer repair pizza graffiti
[2017-12-15 19:03:37] Apoio. Precisamos terminar a parte eletrica
[2017-12-15 19:03:41] Pode crer...
[2017-12-15 19:03:52] Faz um tempinho que queria fazer uns rabiscos
[2017-12-15 19:04:13] Talvez uns Lambe-Lambe com o Rubens
[2017-12-15 19:04:35] A gente tem que incrementar com uns dados
[2017-12-15 19:05:29] Devia existir uma tinta eletroluminescente
[2017-12-15 19:06:30] Tem dia pra próxima sessão de intervenção elétrica?
[2017-12-15 19:06:45] Glow in The Dark, talvez?
[2017-12-15 19:13:46] Não tem. É legal propor uma data
[2017-12-15 19:14:21] Vejo tem cachorro quente de brinde
[2017-12-15 19:14:33] Só hoje
[2017-12-15 19:15:04] Contratamos starving hackers, só hoje.  Trabalho: degustação para startup de resto de hotdog
[2017-12-15 19:15:04] Salário: cachorro quente
[2017-12-15 19:15:04] Bônus: sausages
[2017-12-15 19:15:04] Plano de carreira: gerente de kielbasa
[2017-12-15 19:15:04] photo: /home/felipe/devel/github_garoa/Telegram_logs_Garoa_Hacker_Clube_Publico/media/Garoa_Hacker_Clube_(Público)/download_805514096_61147.jpg
[2017-12-15 19:15:08] Instale uma tomada 220V e ganha um dogão
[2017-12-15 19:18:13] document: /home/felipe/devel/github_garoa/Telegram_logs_Garoa_Hacker_Clube_Publico/media/Garoa_Hacker_Clube_(Público)/download_150229821346022327.webp
[2017-12-15 20:33:24] mano
[2017-12-15 20:33:39] nossa nem vou comentar no que me marcaram aqui
[2017-12-15 21:17:55] Horroroso, não😔?
[2017-12-15 21:18:21] Te marquei para que ficasse a par
[2017-12-15 21:21:05] Amanhã terá alguma atividade no Garoa ?
[2017-12-15 21:21:37] Pessoal tá jogando CTF aos Sábados
[2017-12-15 21:25:52] seguinte: como tem mta gente aqui que apoia muita merda que eu super discordo mas nunca vou conseguir fazer eles mudarem de idéia, bora concordar em evitar discussões sociopolíticas? obg
[2017-12-15 21:26:31] ou isso ou todo mundo compra briga com todo mundo, acho legal tbm, vcs quem sabem
[2017-12-15 21:44:54] A opção 1 é a mais prudente, tenha certeza.
[2017-12-15 21:50:10] E assim diziam em Weimar
[2017-12-15 22:01:05] Olha eu tenho uma idéia. Podemos criar um canal separado só discutir Esquerda Vs. Direita.
[2017-12-15 22:01:29] Então vocês não passam vergonha no grupo público do Garoa
[2017-12-15 22:06:23] Esquerda e Direita? E a galera de Centro? Brancos, Nulos e Indecisos que representam um ponto para mais ou para menos? Não apitam nada? E os que estão aqui só pela Zuera e Pão com Mortadela ou Almoço na Fiesp? #Opressor
[2017-12-15 22:06:40] TFP??? Isso ainda existe? Pensei q tivesse sido extinta há décadas.
[2017-12-15 22:06:46] https://t.me/joinchat/DHuVn1CgD6hrz4qPTxzYgA
[2017-12-15 22:07:05] Só clicar no Link
[2017-12-15 22:07:38] Eu vou colocar o @Gutemhc de moderador pra dar uma equilibrada na força
[2017-12-15 22:08:40] Fernando @DaywalkerSP Deep @desci42 Estão convidados a clicar no link.
[2017-12-15 22:09:00] PQP esse troço ainda existe...?? caralhos.
[2017-12-15 22:11:19] A TFP foi uma organização extremista por assim dizer... eram doutrinadores, longe de terem uma visão equilibrada, mais para o lado de serem radicais extremistas do q outra coisa. Nada contra as idéias deles, mas acontece q li muito material falando sobre eles, e inclusive escritos de ex-TFPs q eram perseguidos (até seus familiares eram abordados) por terem deixado a organização.
[2017-12-15 22:12:37] Vc era obrigado a cortar laços com todos os seus entes queridos, amigos, etc... raspavam o cabelo estilo militar, eram obrigados a ler sobre o catolicismo e decorar latim, entre diversas outras coisas.
[2017-12-15 22:12:55] Obrigado. Mas eu não vejo essa discussão como produtiva.
[2017-12-15 22:12:58] Aprendiam defesa pessoal e lutas marciais, para combate corpo a corpo nas ruas.
[2017-12-15 22:13:22] Desculpem se me excedi... eu apenas me choquei ao ler essa sigla.
[2017-12-15 22:13:24] Deep Sem debates em privado. Te respondo no grupo que eu criei.
[2017-12-15 22:13:27] Assunto encerrado.
[2017-12-15 22:15:37] Recuso e por favor não me exponha
[2017-12-15 22:16:08] Não debaterei aqui mas não entrarei
[2017-12-15 22:29:46] Ola
[2017-12-15 22:37:50] Também não apoiamos a censura. Se alguém discordar será banido
[2017-12-15 22:41:32] Esta mensagem foi censurada.
[2017-12-15 22:44:40] Bem observado
[2017-12-15 22:45:12] @anchisesbr Lembrando que quem costuma banir/deletar msg não seu eu, né?
[2017-12-15 22:48:03] Nem eu, por isso me sinto no direito de trolar com  isso
[2017-12-15 22:48:55] Então trolle direito, rapaz! Use memes!
[2017-12-15 22:49:23] Artilharia pesada.
[2017-12-15 22:49:43] Sobre a discussão, acho muito triste que ela tenha acontecido. A gente se esforça para que o Garoa seja inclusivo e todos e todas tenham liberdade de serem o que quiserem e, principalmente, que todos e todas respeitem o direito do próximo.
Essas discussões sobre intolerância tem alto risco de fomentarem ainda mais a intolerância :(
[2017-12-15 22:49:50] @anchisesbr Sr. Chanceler supremo está convidado a clicar no convite do grupo. E mandar memes
[2017-12-15 22:50:08] não existe direita e esquerda no Brasil
[2017-12-15 22:50:28] Meme é coisa de Geração Y.
[2017-12-15 22:51:43] pronto, entrei e sai do grupo
[2017-12-15 22:51:56] Não sei do q vc está falando
[2017-12-15 22:53:05] De fato... Não tinha memes quando todos os PCs só tinham CLI? rs
[2017-12-15 22:53:21] https://t.me/joinchat/DHuVn1CgD6hrz4qPTxzYgA
[2017-12-15 22:53:44] Ascii art memes hehehehe
[2017-12-15 22:54:05] Vido, é lega ser do contra.
Mas tem assuntos e assuntos.
Ser do contra defendendo movimentos moralistas de extrema-direita e automaticamente criticando o direito das demais pessoas terem sua liberdade de expressão e sua liberdade de opção sexual NÃO É LEGAL
[2017-12-15 22:54:45] Os memes com ASCII Art eram raros
[2017-12-15 22:54:48] Nem mesmo NA LEI
[2017-12-15 22:55:08] Dá um reply na msg onde eu falei isso, por favor.
[2017-12-15 22:55:28] Nem por um caralho entro num grupo desses. Obrigado pelo convite, mas não curto participar desse tipo de discussão
[2017-12-15 22:55:46] document: /home/felipe/devel/github_garoa/Telegram_logs_Garoa_Hacker_Clube_Publico/media/Garoa_Hacker_Clube_(Público)/download_422091437182550076.webp
[2017-12-15 22:56:12] não existe direita e esquerda no Brasil
[2017-12-15 22:56:31] Galera, eu não queria causar. Desculpe pelo mal estar que eu gerei.
[2017-12-15 22:57:04] Sexta-feira, 11 da noite, gente, vão arranjar algo melhor p fazer, por favor.
Ou então vão dormir cedo p amanhã de manhã ir carpina um lote ou encher uma laje
[2017-12-15 22:57:07] não existe mal estar causado pelo vido, ele é muito brother
[2017-12-15 22:57:56] document: /home/felipe/devel/github_garoa/Telegram_logs_Garoa_Hacker_Clube_Publico/media/Garoa_Hacker_Clube_(Público)/download_150229821346022327.webp
[2017-12-15 22:57:57] Caraca, primeira vez em 2 anos que vejo o Vido se comportar como Adulto... Nem tudo está perdido.
[2017-12-15 22:58:25] document: /home/felipe/devel/github_garoa/Telegram_logs_Garoa_Hacker_Clube_Publico/media/Garoa_Hacker_Clube_(Público)/download_362950403236561120.webp
[2017-12-15 22:58:35] Um para cada ponta do espectro kkkkk
[2017-12-15 22:58:43] Amo vocês!
[2017-12-15 22:59:07] Daqui a pouco vou começar a exilar algumas pessoas lá para o Área 31

(Fala sério, essa frase ficou melhor do q qquer meme q vcs façam!!!)
[2017-12-15 22:59:19] Quintal do LHC tá precisando duma capinada. Aliás, tá rolando festa de fim de ano amanhã por lá, todo mundo aqui convidado pra carpir o quintal e comer bolo :D
[2017-12-15 22:59:27] hauahuahauahua
[2017-12-15 22:59:31] Já tentei. Eles são aceitam membros do Garoa
[2017-12-15 22:59:44] #TrueStory
[2017-12-15 23:00:04] seguinte, 2018, somos um monte de loucos pensantes, vamos promover a reestruturação da porra toda por nossas ideias, políticas são feitas por não hackers, e a regra foi feita pra ser quebrada
[2017-12-15 23:00:30] Hahahahaha
[2017-12-15 23:03:31] menos
[2017-12-15 23:03:51] esperava melhor do nosso tesoureiro
[2017-12-15 23:03:58] pára com isso
[2017-12-15 23:04:11] Eu estou horrorizada
[2017-12-15 23:04:54] eu vou criar caso se isso não melhorar
[2017-12-15 23:04:55] sério
[2017-12-15 23:05:46] 😂
[2017-12-15 23:06:38] tudo bem, mas na próxima pensa antes de falar, ok?
[2017-12-15 23:08:39] Erin, a zueira já tinha parado. Você está provocando.
[2017-12-15 23:08:42] Erin, ele é punho forte no seu trabalho como tesoureiro, mas a opinião dele sobre sociedade pode ser alheia, lembrando que ele tb pode ser hackeado sobre suas opiniões e discurso... e reiterando, não existe direita ou esquerda nesse país...
[2017-12-15 23:09:04] exato
[2017-12-15 23:09:24] Mas para discussões mais profundas, sempre temos o grupo de debates:
[2017-12-15 23:09:25] https://t.me/joinchat/DHuVn1CgD6hrz4qPTxzYgA
[2017-12-15 23:09:45] eu não estarei lá
[2017-12-15 23:09:47] rsrsrs
[2017-12-15 23:09:52] NINGUÉM QUER
[2017-12-15 23:10:35] não estou causando. tô reiterando que falar "vocês" estão "passando vergonha" é uma coisa horrível de se dizer
[2017-12-15 23:10:47] é tipo "vocês vs nós"
[2017-12-15 23:11:03] e tô dando um toque pra isso não acontecer de novo
[2017-12-15 23:11:32] Erin++ @lvido
[2017-12-15 23:12:05] porque eu não quero ver grupo do garoa se separando em dois polares assim
[2017-12-15 23:12:14] a house divided etc
[2017-12-15 23:12:42] Concordo. Esse é um bom ponto.
[2017-12-15 23:17:41] os dois polos separam todos do próprio fundamento do garoa que é adverso a todas manifestações limitadas ao entendimento não científico e puro do existir ( minha opinião)
[2017-12-15 23:17:46] Galera, pra encerrar com um clima bom. Apesar de não concordar com algumas opniões debatidas aqui. Eu respeito a liberdade de pensamento de todos. Quero lembrar que o Garoa é um lugar fantástico onde tenho grandes amigos. Obrigação pela participação de todos.
[2017-12-15 23:19:18] document: /home/felipe/devel/github_garoa/Telegram_logs_Garoa_Hacker_Clube_Publico/media/Garoa_Hacker_Clube_(Público)/download_783930152559050812.webp
[2017-12-15 23:20:21] document: /home/felipe/devel/github_garoa/Telegram_logs_Garoa_Hacker_Clube_Publico/media/Garoa_Hacker_Clube_(Público)/download_150229821346022425.webp
[2017-12-15 23:38:54] 😂
[2017-12-15 23:40:28] 😆😆😆😆😆😆😆😆
[2017-12-15 23:40:56] Tinha sim!! Era com ASCII art
[2017-12-15 23:41:18] ah, merda.
[2017-12-15 23:41:47] 👍👍👍😂😂
[2017-12-15 23:43:51] document: /home/felipe/devel/github_garoa/Telegram_logs_Garoa_Hacker_Clube_Publico/media/Garoa_Hacker_Clube_(Público)/download_150229821346022351.webp
[2017-12-15 23:45:47] Gente, sem nada melhor pra fazer numa sexta? Vão jogar um emulador, lavar uma louça, carpir um lote, POSTAR COM O  CAPS LOCK LIGADO PRA FICAR ASSIM GRITANTE lá nos grupos de extrema esquerda do face... sei lá. Pede uma pizza no iFood...
[2017-12-15 23:45:54] document: /home/felipe/devel/github_garoa/Telegram_logs_Garoa_Hacker_Clube_Publico/media/Garoa_Hacker_Clube_(Público)/download_120138932577894469.webp
[2017-12-15 23:46:05] menos, chega
[2017-12-15 23:46:15] isso é um aviso de admin
[2017-12-15 23:46:23] ??
[2017-12-15 23:46:28] tchau - fui!
[2017-12-15 23:46:35] 👍
[2017-12-15 23:46:43] como dizem - sextei
[2017-12-15 23:47:01] hauhauahuahauahu
[2017-12-15 23:58:59] É estranho observar treta de fora 👀
