[2016-06-29 00:12:42] document: /home/felipe/devel/github_tvdstaaij/telegram-history-dump/output/media/Garoa_Hacker_Clube_(Público)/download_532581034240247504.mp4
[2016-06-29 00:13:05]  joined
[2016-06-29 00:13:05] Ai galera Getting Started with Electroni Projects no https://www.packtpub.com/packt/offers/free-learning
[2016-06-29 00:13:07] corram.
[2016-06-29 00:13:28] kkk
[2016-06-29 00:13:48] @rg3915 vc foi mais rápido do que eu para postar aqui, ehehhehhehe
[2016-06-29 00:14:09] kkk, é que abre automatico no meu navegador.
[2016-06-29 00:16:31] Esse canal é legal, sugiro que o sigam... depois dele nunca mais perdi nenhum livro...
@FreePacktPubDaily
[2016-06-29 00:18:25] Boa
[2016-06-29 00:25:15] Verdade @Biazzotto Esse canal ajuda bastante
[2016-06-29 00:25:29] principalmente pq da para baixar os livors que já passaram :D
[2016-06-29 10:57:52] Este sábado do GruPy no Garoa eu vou estar no FISL
[2016-06-29 12:24:28] Estava olhando a lojinha do garoa, lá no canto da sala de eletrônica, está um pouco escondida ali
[2016-06-29 12:29:21] Eu queria uma caneca...
[2016-06-29 12:29:35] Não vida nenhuma ontem...
[2016-06-29 12:29:41] Vi*
[2016-06-29 12:31:04] Acho que as canecas acabaram, não sei se faremos mais
[2016-06-29 12:32:16] Qual é o custo de uma caneca ou algo do tipo na impressora 3D?
[2016-06-29 12:33:24] Votem no meu tutorial! ; ) http://speakerfight.com/events/grupy-hacker-garoa-hacker-clube/#30-min-conheca-o-processing-python-mode-a-plataformacomunidade-de-artistas-visuais-agora-com-python
[2016-06-29 12:37:59] O do Thiago não precisaria nem ir pra votação... Pra mim seria a apresentação
[2016-06-29 12:42:00] Fui no WoMakersCode sábado, foi legal e tudo, mas faltou o principal, que era a apresentação do local e do trabalho deles
[2016-06-29 12:47:01] Concordo
[2016-06-29 12:47:34] Aliás, mesmo que a palestra do Thiago não seja aprovada, acho que vale apresentar o espaço para os que estiverem indo lá
[2016-06-29 12:47:56] Sim...
[2016-06-29 12:49:24] E pra ser mais insano já faz um churras no lugar do coffee break, com as bebidas do Garoa à parte
[2016-06-29 14:50:56] Qual a diferença de usar 'apt-get update' e 'apt update'
[2016-06-29 14:52:22] 4 letras?
[2016-06-29 14:52:29] 4 caracteres?
[2016-06-29 14:52:35] rsrs
[2016-06-29 15:00:03] apesar de PLA ser não-tóxico, não recomendo isso
[2016-06-29 15:00:17] qualquer coisa da temperatura de um café ou chá vai derreter sua caneca 3d
[2016-06-29 15:00:48] sem contar que ela pode ter alguma ranhura por onde vaza água
[2016-06-29 15:01:00] a não ser que você use 100% de preenchimento, que é lento e caro
[2016-06-29 15:03:22] Ou a não ser que sua caneca seja de enfeite
[2016-06-29 15:04:12] ^
[2016-06-29 15:05:47] Tendeu :(
[2016-06-29 15:06:11] Mas eu queria uma caneca do Garoa...
[2016-06-29 15:28:36] O comando apt é um alias para o comando apt-get, porém já configurado com os parâmetros que farão aparecer uma barra de progresso na tela do terminal. Que eu saiba, só o Ubuntu tem isso.
[2016-06-29 15:28:59] Uso Kali e tb há (base debian...)
[2016-06-29 15:29:27] Li isso ontem rs e fiquei curioso :)
[2016-06-29 15:55:27] Pessoal, vcs conhecem algum negócio de impacto social ou ambiental que seja liderado por uma mulher? Sei que tem algumas iniciativas legais pra ensinar mais mulheres a programar, mas não me lembro de nenhuma que funcione como um negócio... Alguma ideia?
Estamos procurando empreendedores pra falarem no Fórum de Finanças Sociais e Negócios de Impacto, mas tem muito mais homem empreendedor, infelizmente. Estamos tentando equilibrar um pouco no Fórum. Valeu!
[2016-06-29 15:57:11] Encaminhado do @amaivsimau, a partir do @grupysaopaulo.
[2016-06-29 16:08:36] Pessoal eu quero levar uns kits do garoa dojo pra fazer uma oficina lá na unicamp, alguem sabe quantos tem no garoa? e alguem tem alguns pra emprestar?
[2016-06-29 17:58:55] Eu uso o cyborg e também tem isso...
[2016-06-29 19:28:12] Também concordo, afinal é a apresentação do espaço..

só submeti no speakersfight la Vinícius pediu para colocar lá....
[2016-06-29 21:47:06] http://labdegaragem.com/profiles/blogs/impressora-3d-de-cabelo
