[2016-09-27 00:36:57] Se você for independente, você não vai ser dependente de estruturas específicas. Põe seu site numa hospedagem, você se torna a hospedagem. Põe seus textos no jornal em papel, você se torna o jornal em papel. Põe seus textos no Telegram, você se torna o Telegram. Põe seus textos no Facebook, você se torna o Facebook. Lê seu texto no Jornal Nacional, você se torna o Jornal Nacional. Põe em Freenet/TOR/zot/ipfs/ZeroNet/limewire/torrent/bbs/irc/escambau, você se torna o escambau. You'll be water, my friend.

Mas se você se diz independente, e depende da estrutura de copyright para, com a exclusividade conseguida na publicação, vender a audiência (nós) a anunciantes e assim pagar a estrutura de servidores, você vai ser um "mídia alternativa" que usa o termo "independente" errado porquê é modinha. Assim como o Krebs usou "freedom" num sentido que não é de liberdade. Nesse caso, é melhor jogar fora o termo independente e admitir que é só alternativo, e ir lá conversar com o tio Odebrecht pra ele liberar a verba da "liberdade de expressão".

Você não poderia ser independente e querer usar a mesma estrutura do G1 para sua independência, por exemplo. Essa estrutura condiciona uma forma dependente de ser. Depende de anunciantes, depende de patrocínio, depende do governo... Dependência não é liberdade. A liberdade é usufruída em conjunto, © é uma restrição à liberdade, para uns usufruírem de vantagens, e outros não. O copyright não permite descentralização, pois as cópias têm que ser controladas. Então, se você vai jogar o jogo do G1 com sua mídia independente, vais perder. Pra segurar o ©, é preciso ter muita grana pra pagar advogados, travas anti-cópia, lobby, etc. Quem copiar de graça seu conteúdo vai ser um parceiro de sua independência, não um inimigo querendo roubar suas moedinhas de AdSense.

O site do Garoa é CC, qualquer um copia e joga onde quiser. Você pode ficar sem o site, mas a expressão continua viva em cada cópia que for feita. A expressão é uma ação sem forma, não é algo preso dentro de uma mídia específica, nem um local específico.
[2016-09-27 01:16:45] Eu não entendi quem é esse tal de "especialista em eletrônica do Garoa". É vc? Digo isso pq fácil inventar uma atividade super legal aonde "alguém-que-não-sei-quem-é" vai fazer a atividade para vc.
O difícil mesmo é arranjar quem tem disponibilidade para arregaçar as mangas.
[2016-09-27 07:58:15] O conteúdo desse grupo é CC ?
[2016-09-27 08:05:45] https://www.youtube.com/watch?v=0HI5Vclln1M
[2016-09-27 08:23:24] @fsanches Já ouviu falar da Grand Poobah of Hacking?
[2016-09-27 08:23:52] Lembro dela toda vez que vejo "Happy Hacking"
[2016-09-27 08:24:51] desconheço
[2016-09-27 08:37:58] Aprendi muito quando moleque com ela. Ela mantinha um dos primeiros blogs que conheci na vida. Ela ensinava a cultura de aprendizado e evolução constante em tecnologia.
[2016-09-27 08:38:13] The Happy Hacker. Caroline Meinel (ou algo assim)
[2016-09-27 08:38:26] A vovó hacker. Bons tempos.
[2016-09-27 08:38:45] E promovia a máxima: Happy hacking!
[2016-09-27 09:05:02] O segundo encontro do SciPy São Paulo será nesta sexta-feira das 19 às 21hs no Centro de Treinamento da Novatec
Assunto: Pandas!
Inscrições pelo link do Sympla:
https://www.sympla.com.br/reuniao-scipy-sp---pandas__91325
[2016-09-27 10:56:24] Saiu no Fazedores !
[2016-09-27 10:56:26] http://blog.fazedores.com/spacex-detalha-planos-para-marte-happy-hacking-video-blog-003/
[2016-09-27 11:02:12] Alguém tem jabber ai? só pra eu fazer um teste
[2016-09-27 13:08:28] O grupo não, pois ninguém informou que é.
[2016-09-27 13:24:42] Sobre a descontinuação do Arduino Due: https://groups.google.com/a/arduino.cc/forum/#!topic/developers/HEKecd0qhS4
[2016-09-27 14:54:17] https://www.youtube.com/watch?v=0qo78R_yYFA
[2016-09-27 14:54:31] apresentação começa em 35 minutos
[2016-09-27 15:29:37] começando AGORA em spacex/mars
[2016-09-27 15:30:40] 👍
[2016-09-27 15:32:12] spacex.com/mars
[2016-09-27 16:08:15] https://en.wikipedia.org/wiki/Carolyn_Meinel
[2016-09-27 18:17:48] Quando criança eu achava ela o máximo, e desde então sempre teve muitos inimigos (por assim dizer). Mas ela sempre incentivou a aprender, investigar, e não usar ferramentas prontas, como apontado no artigo dela na Wikipédia.
[2016-09-27 18:18:27] Aprendi perl com ela, assim como os primeiros exploits que ela ensinava a usar (o que ela claramente pedia pra investigar a fundo depois).
[2016-09-27 18:19:20] Enfim, talvez exista cópia das páginas dela por aí. Dai você pode tirar tuas próprias conclusões. Se interessar, claro. Senão, toma a Wikipédia como verdade absoluta. Mas eu discordo com o que li.
[2016-09-27 18:19:58] Mas faz tanto tempo, que muita cois não lembro dela e do conteúdo. Mas aprendi muito, mas muito mesmo com ela e a filosofia de aprimoramento que ela dava.
[2016-09-27 19:03:59] @fsanches Vai comentar sobre os anuncios do Musk?
[2016-09-27 19:35:44] A frase "Her books and website, called The Happy Hacker, are dedicated to a style known as script kiddie hacking." provavelmente pode ser removida por falta de fontes.... Ou seja, é só a opinião do editor que escreveu a frase.
[2016-09-27 19:49:05] Está com cara de hater esse artigo. E a própria Wikipédia está suspeitando isso. De qualquer forma, se for ou não, só sei que foi muito positivo pra mim, e foi com ela que aprendi que não devemos fazer pros outros o que não queremos que nos façam. Pra mim, foi pra lá de ética. Bem longe de incentivar scripts sem profundidade e bem mais longe ainda de não promover o estudo sério.
[2016-09-27 22:12:22] @drmadera , a única frase negativa que tem afirmando diretamente é esta. A outra só afirma "fulano não gostava dela". Então removi agora a frase sem fontes. Essa frase já foi questionada desde antes de 2009, mas ninguém tinha tirado até agora. Se você observar que alguém repôs, pode me avisar pra eu ver o que está se passando lá.
[2016-09-27 22:14:36] A propósito, tinha esse outro caso...
@villares , ninguém reverteu até agora, acredito que agora é seguro afirmar que ninguém mais reverterá.
