[2017-06-11 09:48:20] Isso. Além disso, tem algo prático. O custo de montagem é alto, e é simples para o usuário.
[2017-06-11 11:45:47] apredi cobol numa dessa
[2017-06-11 11:48:44] photo: /home/felipe/devel/github_tvdstaaij/telegram-history-dump/output/media/Garoa_Hacker_Clube_(Público)/download_803120051_69620.jpg
[2017-06-11 11:50:14] photo
[2017-06-11 16:14:48] Eu tbém
[2017-06-11 16:50:06] Quem topa ? https://youtu.be/tiWXQrtWfjs
[2017-06-11 17:50:28] Display de e-paper, é muito caro?
[2017-06-11 17:50:35] Alguém aqui já comprou/usou?
[2017-06-11 17:51:00] Defina caro... Hehehe
[2017-06-11 17:51:18] Tenho um em casa... Grandinho até
[2017-06-11 17:59:28] Mais de 50 Reais é caro 😂
[2017-06-11 18:00:49] Vou ver quanto paguei certinho
[2017-06-11 18:01:02] Mas é igual a do Kindle
[2017-06-11 18:01:24] Comprei um de Kindle pra reparar o meu e acho que foi uns 16 dolares
[2017-06-11 18:02:04] Mas se estiver empolgado pode fazer o seu do zero, veja só o que esse russo fez: http://we.easyelectronics.ru/HomeTech/izgotovlenie-segmentnogo-indikatora-na-elektronnyh-chernilah-v-kartinkah.html 😁
[2017-06-11 18:08:20] :)
[2017-06-11 19:00:32] https://www.youtube.com/watch?v=mSNt4h7EDKo
[2017-06-11 19:12:07] Villares,  eu queria um desse,  mas achei muito caro,  se achar mais em conta me avise : http://www.dx.com/p/waveshare-4-3-e-ink-lcd-display-module-supports-sd-for-arduino-raspberry-pi-blue-382628#.WT2__8saXqA
[2017-06-11 19:15:02] esse é menor : http://www.dx.com/p/waveshare-250-x-122-2-13inch-e-ink-raw-display-panel-468568#.WT3AussaXqA
[2017-06-11 20:04:58] Pessoal, estou pensando em perguntar na lista se há interessados em fazer/participar de uma festa de lançamento do Debian no Garoa no dia 17/06, próximo sábado. Posso? Pergunto porque não sou afiliado e não sei da rotina do local.
[2017-06-11 20:17:16] 👍
[2017-06-11 20:19:41] Se não tiver outro evento, só ir chegando, eu to dentro!
[2017-06-11 20:53:06] Se não tiver outro evento, avisa algum sócio para abrir pra vc. Os eventos estão no site do garoa.net.br
Vc mesmo pode editar o wiki, e colocar o evento pra fazer uma pré reserva, mas é sempre bom confirmar com algum sócio, vai q não tem ninguém lá e vc fica pra fora com seus convidados
[2017-06-11 21:22:41] vai ter evento do quebrando o cerco, qual vai ser o horario?
[2017-06-11 22:44:00] Consegue usar ele com um arduino ou rpi?
[2017-06-11 22:44:39] Estava pensando em comprar o da waveshare mas não sei o quão complicado deve ser de usar
[2017-06-11 22:45:10] Na Didata?
[2017-06-11 23:04:29] Fazer um?
[2017-06-11 23:06:58] Isso
[2017-06-11 23:07:03] Bora
[2017-06-11 23:07:52] não entendi muito para que serve, mas que é bem bonito é ...rsrsrs
[2017-06-11 23:10:55] bem bacana. Sabe quanto custará?
[2017-06-11 23:11:08] 15 horas
[2017-06-11 23:15:11] É o mesmo horário que vai ocupar a sala principal do garoa, se for poucas pessoas, ate 10 acho que rola
[2017-06-11 23:17:10] acho que houve uma falha no engano :p As 15 horas é o quebrando o cerco, o lançamento do Debian não tem horário marcado
[2017-06-11 23:22:36] mandei um e-mail para a lista :)
[2017-06-11 23:25:15] @mynameiserin você saiu do twitter? Queria @ você num tweet sobre tipografia 8x8 https://damieng.com/blog/2011/02/20/typography-in-8-bits-system-fonts
[2017-06-11 23:46:30] @tilt4 @gnumoksha não teremos QoC esse mês e o próximo, dado um "projeto especial" que estamos desenvolvendo...
[2017-06-11 23:47:08] tendi
[2017-06-11 23:48:46] Na verdade esta na wiki, tb achei estranho, mas podia aproveitar q ta marcado e fazer alguma coisa né :D
[2017-06-11 23:49:03] Não
[2017-06-11 23:50:58] Mas quem colocou na wiki?
[2017-06-11 23:51:38] Eu. Antes de entrar o "Projeto Especial"...
[2017-06-11 23:51:44] Próximos 2 meses serão nisso
[2017-06-11 23:51:55] terá a participação de alguns integrantes do QoC
[2017-06-11 23:52:14] okay, dhora
