[2017-08-23 08:03:50] photo: /home/felipe/devel/github_tvdstaaij/telegram-history-dump/output/media/Garoa_Hacker_Clube_(Público)/download_804722916_1752.jpg
[2017-08-23 09:25:40] https://www.instagram.com/p/BYIPmEFAIIn/
[2017-08-23 09:36:20] Bom dia galera, estou com um contato de RH com uma posição para área de Segurança em SP.  vagas.com.br/v1522320
[2017-08-23 09:36:20] Se alguém tiver o perfil ou indicação, favor informar que repasso.
[2017-08-23 10:07:13] Posso repassar para outro grupo que participo?
[2017-08-23 10:45:23] Samuel Santana joined
[2017-08-23 10:45:24] Hi Samuel !
[2017-08-23 10:46:14] OPA pessoal,

 Como eu faria para conhecer o Garoa Hacker Club?
[2017-08-23 10:46:37] Digo ir pessoalmente e fazer parte de algum projeto?
[2017-08-23 10:47:03] https://garoa.net.br/wiki/Como_participar
[2017-08-23 10:51:18] Vlw...mas kkkk
[2017-08-23 10:51:40] Como encontro alguém para abrir lá?  Kkkk
[2017-08-23 10:52:44] Recomendamos inicialmente se inscrever na nossa lista de discussão para se apresentar, trocar idéias, e ficar a par do que está acontecendo. É também na lista que nossas principais atividades são sugeridas, combinadas e agendadas.
    Fique de olho na lista e no nosso site para ver quais dias o Garoa estará aberto e para acompanhar a nossa agenda de eventos. Assim você pode planejar a sua visita ao Garoa quando houver uma atividade relacionada a um tema de seu interesse.
[2017-08-23 10:53:28] Legal, vlw
[2017-08-23 10:56:47] Só complementando, quinta feira seria o melhor dia pois tem um encontro semanal
[2017-08-23 10:56:55] Pode sim
[2017-08-23 10:57:51] OPA legal,

 Amanhã então?  Por volta de que horas?
[2017-08-23 10:58:15] 19h30
[2017-08-23 10:58:33] Legal estarei lá
[2017-08-23 11:00:42] document: /home/felipe/devel/github_tvdstaaij/telegram-history-dump/output/media/Garoa_Hacker_Clube_(Público)/download_332290852208509127.webp
[2017-08-23 20:10:21] Lucas joined
[2017-08-23 20:10:22] Hi Lucas !
[2017-08-23 20:19:22] Oi, alguem aqui já mexeu com CRISPR?
[2017-08-23 22:45:46] no meu lab nao, mas conheco pessoas q mexeram
[2017-08-23 22:45:48] qual a duvida?
