[2018-02-25 01:03:17] tvbgone funcionou no posto de gasolina
[2018-02-25 01:27:50] Galera, resolvi ir amanha no garoa
[2018-02-25 01:28:32] Estou afim de trocar umas ideias com voces sobre um projeto de plataforma online
[2018-02-25 06:20:40] /help@mate_obot
[2018-02-25 06:20:52] /status
[2018-02-25 06:21:11] Pensei que o bot tb estava no grupo haha
[2018-02-25 08:16:25] plataforma do que?
[2018-02-25 08:17:09] Yay
[2018-02-25 09:11:58] Estado da arte de documentaçao de hardware, software, troca de serviços pagos em dinheiro corrente, criptomoedas, banco de tempo ou escambo com finalidade de conectar diversas plataformas ja existentes, como as de documentaçao, plataformas de financiamento coletivo e editais de tecnologias e sustentabilidade, cooperativas como Cala fou, faircoop, etc... e compor uma nova dimensao do termo ecoindustria...
[2018-02-25 09:12:58] Alguem no garoa hj que manja de KiCAD?
[2018-02-25 10:10:02] https://btcmt.com.br/site/cons/index.php?i=
[2018-02-25 10:10:02] Com seu cpf qualquer um descobre onde voce mora.
☝🏼☝🏼☝🏼🙄🙄😡
[2018-02-25 10:10:02] photo: /home/felipe/devel/github_garoa/Telegram_logs_Garoa_Hacker_Clube_Publico/media/Garoa_Hacker_Clube_(Público)/download_806119114_48643.jpg
[2018-02-25 11:09:10] document: /home/felipe/devel/github_garoa/Telegram_logs_Garoa_Hacker_Clube_Publico/media/Garoa_Hacker_Clube_(Público)/download_4961027061872328705.mp4
[2018-02-25 11:09:27] document: /home/felipe/devel/github_garoa/Telegram_logs_Garoa_Hacker_Clube_Publico/media/Garoa_Hacker_Clube_(Público)/download_532577666985924182.mp4
[2018-02-25 11:09:41] document: /home/felipe/devel/github_garoa/Telegram_logs_Garoa_Hacker_Clube_Publico/media/Garoa_Hacker_Clube_(Público)/download_532578770792481830.mp4
[2018-02-25 11:09:50] document: /home/felipe/devel/github_garoa/Telegram_logs_Garoa_Hacker_Clube_Publico/media/Garoa_Hacker_Clube_(Público)/download_532583864623694725.mp4
[2018-02-25 11:11:11] Um GIF para cada uma das plataformas LOL
[2018-02-25 11:12:00] Oxe, admin floodando?
[2018-02-25 11:13:21] Uma zoadinha basica....
[2018-02-25 11:13:39] Já deu :-) Perdão
[2018-02-25 11:13:48] Suave:)
[2018-02-25 11:15:21] document: /home/felipe/devel/github_garoa/Telegram_logs_Garoa_Hacker_Clube_Publico/media/Garoa_Hacker_Clube_(Público)/download_1244824411647770764.webp
[2018-02-25 12:17:47] document: /home/felipe/devel/github_garoa/Telegram_logs_Garoa_Hacker_Clube_Publico/media/Garoa_Hacker_Clube_(Público)/download_538462764318851633.webp
[2018-02-25 14:24:01] document: /home/felipe/devel/github_garoa/Telegram_logs_Garoa_Hacker_Clube_Publico/media/Garoa_Hacker_Clube_(Público)/download_180398513446715685.webp
[2018-02-25 15:32:31] https://hackaday.com/2018/02/25/css-steals-your-web-data/
[2018-02-25 19:11:37] o que vocês acham de uma oficina de LFI/RFI no garoa
[2018-02-25 19:12:11] pretendo fazer uma em março
[2018-02-25 19:12:20] com algumas maquinas virtuais
[2018-02-25 19:58:18] Acho massa. Tem um ideia de data?
[2018-02-25 20:43:34] sabadão ou domingão
[2018-02-25 20:43:57] pq não estou disponivel em outro dia
[2018-02-25 20:44:09] de preferencia para o domingo pq sabado tem atividade de ctf
[2018-02-25 20:44:19] pode pá
[2018-02-25 20:44:21] domingão
[2018-02-25 20:44:22] ...oficina?
[2018-02-25 20:44:30] disso? 🤔
[2018-02-25 20:44:32] palestra / oficina
[2018-02-25 20:44:42] acho que seria bem curtinha hein
[2018-02-25 20:44:44] 30 min
[2018-02-25 20:44:46] conseguir uma shell con lfi
[2018-02-25 20:44:52] Pode ser antes do CTF e já aplicam o Conhecimento
[2018-02-25 20:44:53] eu extendo
[2018-02-25 20:44:57] e com pouco conteúdo
[2018-02-25 20:45:03] pode ser tb
[2018-02-25 20:45:07] ja fiz aqui uma vm e consegui acessar a db
[2018-02-25 20:45:24] e tem mais de 1 forma de lfi/rfi
[2018-02-25 20:45:37] mas não é pra ser mt grande mesmo
[2018-02-25 20:48:05] é interessante que seja no sabado mesmo
[2018-02-25 20:48:14] são 3 vms,  e eu posso passar elas pra galera do ctf
[2018-02-25 20:55:36] Soh propor a atividade e marcar a data se o ctf começa pelas 15:00 pode ser combinado algo entre 15:00/16:00
[2018-02-25 21:03:02] beleza
[2018-02-25 23:33:59] Fala galera.. “XSS para além do Document.Cookie” feita no Garoa, teve live ou foi gravada?
[2018-02-25 23:34:19] nao
[2018-02-25 23:34:35] a apresentacao ta na wiki
[2018-02-25 23:36:29] valeu
[2018-02-25 23:55:02] https://garoa.net.br/wiki/XSS_para_al%C3%A9m_do_document.cookie
