[2016-10-26 00:00:40] Rs
[2016-10-26 00:01:33] Hahahaha...
[2016-10-26 00:36:37] Pessoal, boa noite.
Estarei passando a sexta e o Sábado em São Paulo e gostaria de saber se alguém sabe de algum evento da área de TI, IOT etc.
Também pretendo visita-los novamente 😊
Obrigado
[2016-10-26 00:45:15] https://e-hal.org.br/
[2016-10-26 00:45:53] De 29 a 31 de Outubro em São Paulo - SP, com palestras, debates e atividades sobre técnicas e práticas para colaboração e difusão de projetos de hardware aberto e livre (HAL), tanto no contexto acadêmico como no setor produtivo. O e-HAL ocorrerá na PUC-SP, campus Consolação, nos dias 29 e 30 de Outubro, e no CCSL IME-USP, no dia 31 de Outubro.
[2016-10-26 00:46:54] Obrigado
[2016-10-26 00:49:17] 👍
[2016-10-26 01:50:55] http://hackaday.com/2016/10/25/want-to-make-a-pcb-the-pantum-knows/
[2016-10-26 01:51:26] Wow!
[2016-10-26 01:51:54] nossa
[2016-10-26 01:54:44] Eu aqui pensando fazer minhas placas em silk
[2016-10-26 04:06:06] John A. John joined
[2016-10-26 04:06:06] Hi John !
[2016-10-26 04:06:17] Hi Jack.
[2016-10-26 09:29:38] Bom dia. Pessoal presente na noite de processing ontem e que anotou o site do nosso amigo ... Poderia compartilhar a url
[2016-10-26 09:29:45] Obrigado
[2016-10-26 10:04:57] http://lab.rckt.com.br/
[2016-10-26 10:05:27] (Pedro Emilio Guglielmo rckt.com.br)
[2016-10-26 10:05:31] teve internet?
[2016-10-26 10:05:36] nope
[2016-10-26 10:05:45] Nem
[2016-10-26 10:05:48] (3G do cel)
[2016-10-26 13:45:38] Vou até na ETEC Guaracy Silveira, falar de fazer atividade la, se alguém quiser ir também, da um toque mik.howard@gmail.com
[2016-10-26 14:10:07] Pessoal tem um amigo procurando indicações [26/10 14:01]  +55 19 99649-0099 : Uma ótima tarde a todos!
Gostaria de indicações de profissionais ou empresas para desenvolvimento de Aplicativos para Tablets e Smartphone para suporte de processos comerciais
[26/10 14:02]  +55 19 99649-0099 : Indicações para alexandre@btolog.com.br
[2016-10-26 14:21:21] Pokemaobr joined
[2016-10-26 14:21:22] Hi Pokemaobr !
[2016-10-26 14:21:32] Boa tarde pessoal
[2016-10-26 15:01:40] photo: /home/felipe/devel/github_tvdstaaij/telegram-history-dump/output/media/Garoa_Hacker_Clube_(Público)/download_1127124548047601665
[2016-10-26 15:01:41] 👍
[2016-10-26 15:08:33] Nice
[2016-10-26 15:19:57] Fofo!
[2016-10-26 15:25:18] Ótima ideia/hack
[2016-10-26 15:33:05] Sou um dos community managers do iMasters
 e hoje temos um evento de iOT aqui. Se chama 7 masters, onde 7 pessoas falam sobre um tema específico durante 7 minutos, em uma palestra estilo TEDx
 Tinhamos 7 pessoas confirmadas para dar as palestras
 porem, algumas delas desistiram
 Você poderia palestrar ou indicar alguém para eu tentar um contato?
 São palestras de 7 minutos sobre alguma novidade no mundo iOT
 com foco para dev
 o evento acontece as 19:30
 perto do metro Faria Lima
 é gratuito e gravado
[2016-10-26 15:33:26] parem de achar que eu sou admin do garoa ou algo assim pfv
[2016-10-26 15:33:34] nao é isso rsrs
[2016-10-26 15:33:36] toda hora chega IM de gente assim
[2016-10-26 15:33:43] manda público
[2016-10-26 15:38:00] vc tem uma estrelinha no nome
[2016-10-26 15:39:57] o @rg3915 também
[2016-10-26 15:40:11] o @villares e o @Biazzotto também
[2016-10-26 15:40:20] chega coisa assim pra vocês toda hora?
[2016-10-26 15:40:37] Desculpa, mas nao tinha ido no seu private por achar que vc era admin
[2016-10-26 15:40:42] foi por indicação do pessoal
[2016-10-26 15:40:51] quem?
[2016-10-26 15:40:59] Não sabia que isso acontecia toda hora, e nao era a minha intenção
[2016-10-26 15:41:18] O @Gutemhc que tinha indicado
[2016-10-26 15:41:42] procurar gentes que participa de coisas é mais fácil em público do que com alguém que não vai nem nas reuniões mensais do garoa
[2016-10-26 15:42:36] Mas isso não tem nada a ver com achar que vc é admin ou não
[2016-10-26 15:42:58] não disse que tinha
[2016-10-26 15:43:03] quem disse foi o @eduoda
[2016-10-26 15:43:13] minha sugestão de postar em lista pública ainda é válida
[2016-10-26 15:43:38] tipo isso
[2016-10-26 15:43:39] blza
[2016-10-26 15:43:45] era só ter dado a sugestão que eu o fazia
[2016-10-26 15:44:23] falei isso porque já veio gente me procurar porque achavam que eu era alguma administradora do garoa espaço físico
[2016-10-26 15:47:05] document: /home/felipe/devel/github_tvdstaaij/telegram-history-dump/output/media/Garoa_Hacker_Clube_(Público)/download_1842540969984045.webp
[2016-10-26 15:47:42] estrelinha => admin => se fode => nao gostou, pede para sair
[2016-10-26 15:48:14] @Biazzotto põe o oda de admin! :D
[2016-10-26 15:48:39] document: /home/felipe/devel/github_tvdstaaij/telegram-history-dump/output/media/Garoa_Hacker_Clube_(Público)/download_151353307481245039.webp
[2016-10-26 15:49:11] Eu não tenho estrela ....😭
[2016-10-26 15:53:34] Mudando de assunto segue uma pesquisa que estou fazendo para um projeto ....Quem quiser colaborar eu agradeço https://goo.gl/forms/mguDAx7cwyXFz37C3
[2016-10-26 16:17:07] Me lembrou um treco que comprei uns anos atrás
[2016-10-26 16:18:10] photo: /home/felipe/devel/github_tvdstaaij/telegram-history-dump/output/media/Garoa_Hacker_Clube_(Público)/download_803718713_121519.jpg
[2016-10-26 16:18:24] Usa 3 baterias menorzinhas
[2016-10-26 16:19:04] photo: /home/felipe/devel/github_tvdstaaij/telegram-history-dump/output/media/Garoa_Hacker_Clube_(Público)/download_803703512_122521.jpg
[2016-10-26 16:27:11] document: /home/felipe/devel/github_tvdstaaij/telegram-history-dump/output/media/Garoa_Hacker_Clube_(Público)/download_348373043715768575.webp
[2016-10-26 16:31:13] 👍
[2016-10-26 16:32:38] A ideia era usar em festa, mas deu pra fazer umas brincadeiras com longa exposição tb.
[2016-10-26 16:32:39] photo: /home/felipe/devel/github_tvdstaaij/telegram-history-dump/output/media/Garoa_Hacker_Clube_(Público)/download_702228780_155.jpg
[2016-10-26 16:37:31] agora tenho uma dslr que faz longa exposição
[2016-10-26 16:37:40] antes a gente fazia com app cagado de celular haha
[2016-10-26 16:37:51] se alguém arranjar um tripé dá pra brincar no garoa disso
[2016-10-26 16:38:08] tem um tripé meu lá no garoa, pode usar
[2016-10-26 16:39:21] Massa!
[2016-10-26 16:40:12] Achei essa foto no telegram, as originais tão num hd que não tô conseguindo acessar :/
[2016-10-26 18:48:28] 😧
[2016-10-26 20:12:15] A Internet voltou?
[2016-10-26 20:12:50] Estou sem os dados do subnet
[2016-10-26 20:28:27] @Biazzotto vc que botou o dustduino para funcionar uma vez?
[2016-10-26 20:34:02] alias, alguem aqui ja fez isso?
[2016-10-26 21:07:14] Garoa aberto?
[2016-10-26 22:47:50] Não tem internet
[2016-10-26 22:48:10] Sem internet o sensor não atualiza
[2016-10-26 22:49:21] É tortura pra um bando de viciados de internet informação e mil estímulos
[2016-10-26 22:53:21] Não, Oda, não fui eu...
[2016-10-26 23:56:22] @eduoda acho que o guima san que instalou o dustduino num dos hackerspaces na praça
