[2017-03-03 00:10:03] Com o fato de existir um algoritmo, e dela ter decorado, hahaha
[2017-03-03 00:24:16] tem uns videos de gente que pede pra outra pessoa baguncar um cubo, ai o cara em segundos deixar baguncado igual usando o mesmo algoritmo
[2017-03-03 00:26:38] Hahaha que ótimo. Eu já vi videos de algumas máquinas que montam em segundos...
[2017-03-03 00:35:57] Kkkkkkkkkkkk
[2017-03-03 00:37:24] Essa eu Não tinha visto nao
[2017-03-03 00:53:38] document: /home/felipe/devel/github_tvdstaaij/telegram-history-dump/output/media/Garoa_Hacker_Clube_(Público)/download_5028285622662463501.png
[2017-03-03 00:53:56] Usuário !g0r removido do grupo
[2017-03-03 00:54:04] (é zoeira!)
[2017-03-03 00:54:09] Mas tá pedindo...
[2017-03-03 00:54:52] :-P
[2017-03-03 00:55:21] document: /home/felipe/devel/github_tvdstaaij/telegram-history-dump/output/media/Garoa_Hacker_Clube_(Público)/download_694481660414001229.webp
[2017-03-03 00:55:47] = !g0r
[2017-03-03 00:55:51] auehaehueuh
[2017-03-03 00:57:50] salário não é o único parâmetro pra tomar uma decisão dessas...
[2017-03-03 01:40:49] Galera... vamos pegar leve com o Igor, por favor? Nem li todo o flood de mensagens mas deu pra perceber que hoje tem uma galera aqui querendo aloprar o menino. Por favor parem, para eu não ter que sair banindo associados aqui do grupo.
[2017-03-03 01:51:32] document: /home/felipe/devel/github_tvdstaaij/telegram-history-dump/output/media/Garoa_Hacker_Clube_(Público)/download_15405485050036915.webp
[2017-03-03 01:53:16] @TuxLo Tenha em mente que você cresce quando adquire conhecimento, não dinheiro. Se vc tiver o mesmo nível de aprendizado, aí escolhe onde te dão mais oportunidades, depois disso olha pra dinheiro. Acredito que as pessoas que podem te dizer melhor sobre a Abin são os caras que estão lá dentro (LinkedIn tá aí pra te ajudar). E outra, não vá pelo nome da instituição, mas pela realidade do lugar.
[2017-03-03 01:54:41] document: /home/felipe/devel/github_tvdstaaij/telegram-history-dump/output/media/Garoa_Hacker_Clube_(Público)/download_642036536317050929.webp
[2017-03-03 03:15:08] Ulisses joined
[2017-03-03 03:15:09] Hi Ulisses !
[2017-03-03 03:22:39] document: /home/felipe/devel/github_tvdstaaij/telegram-history-dump/output/media/Garoa_Hacker_Clube_(Público)/download_804206172_15017.jpg
[2017-03-03 04:08:16] photo: /home/felipe/devel/github_tvdstaaij/telegram-history-dump/output/media/Garoa_Hacker_Clube_(Público)/download_999077034489544804.webp
[2017-03-03 04:47:51] document: /home/felipe/devel/github_tvdstaaij/telegram-history-dump/output/media/Garoa_Hacker_Clube_(Público)/download_5028285622662463502.png
[2017-03-03 04:48:41] document: /home/felipe/devel/github_tvdstaaij/telegram-history-dump/output/media/Garoa_Hacker_Clube_(Público)/download_803119018_12939.jpg
[2017-03-03 05:07:07] Vc q vai dar o meetup?
[2017-03-03 05:07:17] kkk
[2017-03-03 05:07:26] tenho louca pra lavar
[2017-03-03 05:08:27] Uai, vai q ganha uma grana
[2017-03-03 05:08:47] olha as palavras chave
[2017-03-03 05:09:34] hacker, meetup, imasters, quarta feira
[2017-03-03 05:09:44] ta tudo errado
[2017-03-03 05:09:45] auheaue
[2017-03-03 05:11:15] Hacker Nutella
[2017-03-03 05:13:24] nao existe isso
[2017-03-03 05:14:47] Hacker Nutella ou Meetup do imasters quarta feira?
[2017-03-03 05:15:16] meetup e curso pra ensinar a ser hacker
[2017-03-03 05:15:18] isso nao existe
[2017-03-03 05:15:28] tu aprende metodos e nao é um pacote de coisas
[2017-03-03 05:15:32] existe varios tipos de hacker
[2017-03-03 05:16:19] se tu ve o que eles fizeram nesses meetups só tao tentando hackear wifi
[2017-03-03 05:16:46] coisa que é so rodar wifite/ht-wps/etc que tem no github
[2017-03-03 05:18:36] Poh, achei até interessante o povo conhecer wifislax, geralmente eles vão de Kali mesmo pq tem tutorial pra TD lado
[2017-03-03 05:23:28] o interessante seria usar no maximo o katoolin
[2017-03-03 05:23:46] e/ou usar a distro que quer e instalar as coisas
[2017-03-03 05:24:41] é igual aquela distro de desenvolvedor agora que ja vem com todos os IDE instalado e varios blocos de notas diferentes
[2017-03-03 05:24:49] coisa demais
[2017-03-03 05:24:58] Tô nem sabendo, qual?
[2017-03-03 05:25:33] http://www.semicodeos.com/
[2017-03-03 05:25:37] É igual jQuery pra fazer scroll kkk
[2017-03-03 05:26:20] http://www.semicodeos.com/sarah/
[2017-03-03 05:26:24] isso aqui é bizarro
[2017-03-03 05:27:39] photo: /home/felipe/devel/github_tvdstaaij/telegram-history-dump/output/media/Garoa_Hacker_Clube_(Público)/download_803113414_13605.jpg
[2017-03-03 05:27:47] eh
[2017-03-03 05:27:56] tá serto
[2017-03-03 05:28:13] se tu nao eh programador era pra abrir a pagina do codeacademy pelo menos
[2017-03-03 05:29:54] document: /home/felipe/devel/github_tvdstaaij/telegram-history-dump/output/media/Garoa_Hacker_Clube_(Público)/download_532583783019319935.mp4
[2017-03-03 05:30:59] Bora fazer um meetup maker? Kkkk
[2017-03-03 05:33:34] tem mais de 100 desse
[2017-03-03 05:36:33] Tu viu os cursos do mirante Lab?
[2017-03-03 05:41:05] nao
[2017-03-03 05:42:37] Passado o carnaval, é hora de começar a agitar o ano. Lançamos hoje 3 cursos para todos os gostos e públicos sobre drones, toy design, impressão 3D. Tudo da maneira mais descontraída possível, com muita criatividade e mão na massa. 

- Introdução aos drones de corrida (FPV) com Rafael “Spook” Paiva.
Rafael Paiva irá mostrar como montar um drone de corrida igual ao que ele venceu o campeonato brasileiro na Campus Party. Além disso irá dar todas as dicas de onde comprar peças, montar o drone e um segredo, como deixar a eletrônica a prova d’ água. No final ele fará uma demonstração no centro de SP.
https://www.sympla.com.br/introducao-aos-drones-de-corrida-fpv-com-rafael-spook-paiva__121883

- Construa um drone de brinquedo modelado e impresso em 3D.
Carlos Candido e Gui Kominami do MiranteLab irão mostrar como você pode iniciar no mundo dos drones montando um drone de brinquedo modelado e criado em uma impressora 3D.
https://www.sympla.com.br/construa-um-mini-drone-modelado-e-impresso-em-3d-que-voa-de-verdade__121896

- Construa seu próprio boneco articulado (action figure).
Os designers de brinquedos Gui Kominami e William Cavalcante irão ensinar como você pode fazer um boneco articulado totalmente personalizado por você e que poderá competir de igual pra igual com o Capitão América, o Homem Aranha ou mesmo os Falcons antigos.
https://www.sympla.com.br/construa-seu-proprio-boneco-articulado-action-figures-impresso-em-3d__121923

#Drone #ToyDesign #3dprint #fpvracing #droneracing
[2017-03-03 05:44:51] ah sim
[2017-03-03 05:44:56] sempre é esse 3 temas
[2017-03-03 05:48:55] photo: /home/felipe/devel/github_tvdstaaij/telegram-history-dump/output/media/Garoa_Hacker_Clube_(Público)/download_803119004_13313.jpg
[2017-03-03 08:21:20] Igor, posso te contar a minha experiência com concursos
[2017-03-03 09:40:09] <3
[2017-03-03 09:48:14] https://pbs.twimg.com/media/C52NM3HUYAAEDaw.jpg
[2017-03-03 10:04:53] document: /home/felipe/devel/github_tvdstaaij/telegram-history-dump/output/media/Garoa_Hacker_Clube_(Público)/download_858174108288942872.webp
[2017-03-03 10:05:51] Só faltou pedir para fazer café e lavar banheiro...
[2017-03-03 10:07:34] https://garoa.net.br/wiki/Arte_Gerativa
[2017-03-03 10:09:19] Sou mais a Abic 😁
[2017-03-03 10:10:41] Que legal! Adorei os slides da Monica ! Parabéns pelo evento, de novo! =)
[2017-03-03 10:13:55] document: /home/felipe/devel/github_tvdstaaij/telegram-history-dump/output/media/Garoa_Hacker_Clube_(Público)/download_858174108288942870.webp
[2017-03-03 10:14:25] 😜 ainda vou colocar mais referências lá...
[2017-03-03 10:18:14] document: /home/felipe/devel/github_tvdstaaij/telegram-history-dump/output/media/Garoa_Hacker_Clube_(Público)/download_826459275206328402.webp
[2017-03-03 10:21:48] a namorada de um amigo é viciada nesses livros de colorir https://people.redhat.com/duffy/selinux/selinux-coloring-book_A4-Stapled.pdf
[2017-03-03 10:26:57] Computadores dá faculdade rodando chromium por essa eu não esperava
[2017-03-03 10:26:58] photo: /home/felipe/devel/github_tvdstaaij/telegram-history-dump/output/media/Garoa_Hacker_Clube_(Público)/download_803118703_13161.jpg
[2017-03-03 10:41:11] Tá com cara de ser o ChromeOS
[2017-03-03 10:42:09] Arduinos na sta Ifigênia por preço bom? Existe?
[2017-03-03 10:43:00] sim... só não entendo bem em questões de distribuição se tem uma específica do chromium kkkkk
[2017-03-03 10:43:18] http://produto.mercadolivre.com.br/MLB-699410874-microcontrolador-arduino-uno-r3-rev3-atmega328-cabo-usb-_JM
[2017-03-03 10:43:38] Existe isso na sta Ifigênia?
[2017-03-03 10:43:52] Na multcomercial é uma facada...
[2017-03-03 10:44:05] muito bom preço
[2017-03-03 10:44:41] photo: /home/felipe/devel/github_tvdstaaij/telegram-history-dump/output/media/Garoa_Hacker_Clube_(Público)/download_147119960081039388.webp
[2017-03-03 10:45:06] Sergio Augusto Vladisauskis:
Preço bom e boa reputação, compre sem medo.
[2017-03-03 10:45:53] eu comprei esse kit na gearbest que já vem com algumas coisinhas mas se levar em consideração que o principal tá por esse valor já em terras tupiniquins
[2017-03-03 10:47:36] Preciso de nota fiscal e quero ir na loja levar na mão, sem esperar entrega
[2017-03-03 10:47:59] entendi
[2017-03-03 10:48:16] eu pelo menos não conheço
[2017-03-03 10:48:45] Na China, não tem nota e chega algum dia no futuro, não se sabe quando
[2017-03-03 10:49:09] hahahaha normal
[2017-03-03 10:49:33] eu não sugeri comprar lá aliás falei só por questão de comparativo de preços
[2017-03-03 10:52:29] Na Multcomercial vendem com nota mas o preço é um pouco salgado.
[2017-03-03 10:52:52] Já viu na RoboCore? Lá também vendem com nota...
[2017-03-03 10:54:10] Robocore é no ABC, é caro
[2017-03-03 11:04:59] O que tem haver com o ABC e ser caro?
[2017-03-03 11:14:36] document
[2017-03-03 11:15:06] Não é que necessariamente uma coisa esteja relacionada com a outra, é que a pergunta dele foi "Arduinos na sta Ifigênia por preço bom? Existe?"
No caso a Robocore não se enquadra em nenhum dos dois, nem é na Sta. Ifigênia e nem possui um preço bom.
[2017-03-03 11:16:33] Como se o ABC fosse em outro planeta! AFE...
[2017-03-03 11:18:06] nao eh outro planeta, mas eh longe
[2017-03-03 11:18:36] no horario de pico, levo mais de 2 horas para chegar em sto andre
[2017-03-03 11:19:41] Eu estou a 30 minutos da santa Ifigênia
[2017-03-03 11:21:12] Mike, aproveita e compra uma fonte de 24v
[2017-03-03 11:21:30] se encontrar maior, ate 35v, melhor
[2017-03-03 11:21:47] eh a unica coisa que ta atravancando aqui
[2017-03-03 11:22:40] com relacao a potencia, quanto maior melhor :)
[2017-03-03 11:22:56] mas uns 5a ou 6a ta otimo
[2017-03-03 11:26:55] Se for de trem/ metrô, não dá nem meia hora...
[2017-03-03 11:27:31] moro em santana de parnaiba
[2017-03-03 11:27:39] quando o metro chegar aqui eu te aviso
[2017-03-03 11:28:08] Achei uma fonte de 30v no garoa
[2017-03-03 11:28:20] deixa de ser mao de vaca
[2017-03-03 11:28:55] essa vai ser mais uma fonte para o garoa, e com mais qualidade ;)
[2017-03-03 11:29:00] :)
[2017-03-03 11:29:37] 5a?
[2017-03-03 11:29:40] Aff
[2017-03-03 11:30:03] o motor aqui no pico puxa uns 4.5a
[2017-03-03 11:30:20] no ML uma fonte 24v de 6a ta uns 50 reais
[2017-03-03 11:30:32] Ninguém manda se esconder! Rsss
[2017-03-03 11:30:44] kkkk
[2017-03-03 11:31:04] Para aquela vareta que anda na vertical?  Ou é ou troca projeto?
[2017-03-03 11:31:14] Outro projeto?
[2017-03-03 11:31:58] vareta
[2017-03-03 11:32:07] vamos para pvt
[2017-03-03 11:32:23] parar de perturbar o povo com papo que so interessa para nos 2
[2017-03-03 11:33:07] Vão para PVT falar de vareta!
[2017-03-03 11:33:33] document: /home/felipe/devel/github_tvdstaaij/telegram-history-dump/output/media/Garoa_Hacker_Clube_(Público)/download_785832625502683314.webp
[2017-03-03 11:33:50] kkkk
[2017-03-03 11:43:01] A gente já incorporou esses 'dá' acentuados errados pelo corretor né. Tô vendo direto isso em toda parte, e sei que não é de propósito. Pergunta séria: existe alguma forma de hackear esse corretor e efetivamente desabilitar? No Android é impossível desligar esse troco, fico bem chateado e sem opção, nunca usei corretor e estou sendo obrigado a corrigir o corretor toda hora :(((
[2017-03-03 11:43:27] Se esse for o caminho da AI a gente tá ferrado
[2017-03-03 11:43:48] Cara vc me entende ❤️
[2017-03-03 11:44:00] Hahaha 😭
[2017-03-03 11:44:25] Tem um método sim mas não sei se funciona no Gboard
[2017-03-03 11:44:32] Vou tentar mostrar
[2017-03-03 11:44:40] Eu não fiz ainda por preguiça msm
[2017-03-03 11:45:16] Da
[2017-03-03 11:45:22] photo: /home/felipe/devel/github_tvdstaaij/telegram-history-dump/output/media/Garoa_Hacker_Clube_(Público)/download_124323609408700749.webp
[2017-03-03 11:45:22] Funciona
[2017-03-03 11:45:24] Tenta ai
[2017-03-03 11:45:40] Segura a sugestão e arrasta pra lixeira
[2017-03-03 11:46:04] O (e) tava virando é aqui tb testei em ambos e parece que deu certo
[2017-03-03 11:46:17] Hmm legak
[2017-03-03 11:46:21] Legal!
[2017-03-03 11:46:31] Ir adestrando o corretor
[2017-03-03 11:46:35] Vamos ver se mantém reiniciando o sistema...
[2017-03-03 11:46:36] 😉👍🏾
[2017-03-03 11:46:51] Se rolar é melhor que nada
[2017-03-03 11:47:04] Lembro de já ter feito isso no é mas não tinha ctz se era no teclado do Google ou nessa versão nova Gboard
[2017-03-03 11:47:44] Vou testando e dando feedback, valeu a dica!
[2017-03-03 11:48:03] document: /home/felipe/devel/github_tvdstaaij/telegram-history-dump/output/media/Garoa_Hacker_Clube_(Público)/download_803119121_13344.jpg
[2017-03-03 12:06:17] Também vou testar, esse maldito corretor está me dando nos nervos...
[2017-03-03 12:08:04] com xposed deve dar. gkeyb andou modificando muita coisa, antes dava pra alimentar o dicionário usando third party
[2017-03-03 12:09:36] swiftkey usa heuristics com feed source de várias social networks, acho legal adestrá-lo
[2017-03-03 12:09:39] Reparei que esse problema do "dá" começou quando atualizei para o Android N, até então estava normal...
[2017-03-03 12:11:26] No samsung keyboard se vc segurar a palavra na linha de sugestões ela pode se eliminada. Eu limpo o dicionário inteiro de vez em quando também.
[2017-03-03 12:25:28] Na real nem é pelo sistema em si mas a atualização que a Google fez do app de teclado
[2017-03-03 12:26:41] O meu por exemplo é marshmallow ainda...
[2017-03-03 12:26:41] 👍
[2017-03-03 12:27:05] Como atualizei esses dias, acho que já veio junto com o Android N
[2017-03-03 12:29:10] Isso
[2017-03-03 12:30:04] photo: /home/felipe/devel/github_tvdstaaij/telegram-history-dump/output/media/Garoa_Hacker_Clube_(Público)/download_803120276_13331.jpg
[2017-03-03 12:30:05] O bendito
[2017-03-03 13:17:30] pra mim o swype da huawei funciona bem e não tem esse problema com o dá
[2017-03-03 13:18:20] gosto dele porque dá pra colocar 2 dicionários de uma vez sem precisar ficar trocando entre eles então uso pt e en
[2017-03-03 13:21:36] Esse gboard também faz isso, deixo 3 dicionários aqui, só dedar o globo que troca o dicionário.
[2017-03-03 13:22:16] Deve estar utilizando outro aplicativo de teclado...
[2017-03-03 13:26:08] sim, o gboard precisa trocar, esse não, usa os dois ao mesmo tempo
[2017-03-03 13:27:07] Teve uma atualização que possibilitou usa ao mesmo tempo
[2017-03-03 13:27:12] *usar
[2017-03-03 13:27:51] acho que o huawei swype só vem com celulares huawei, não disponibilizam na play store
[2017-03-03 13:28:13] photo: /home/felipe/devel/github_tvdstaaij/telegram-history-dump/output/media/Garoa_Hacker_Clube_(Público)/download_803734475_64431.jpg
[2017-03-03 13:32:14] Esse: https://play.google.com/store/apps/details?id=com.nuance.swype.trial ?
[2017-03-03 13:33:37] Já ouvi falar bem deste teclado: https://play.google.com/store/apps/details?id=com.touchtype.swiftkey
[2017-03-03 13:38:20] não.. esse é o swype.. tô falando da versão dele que vem com o Huawei..
[2017-03-03 13:38:34] photo: /home/felipe/devel/github_tvdstaaij/telegram-history-dump/output/media/Garoa_Hacker_Clube_(Público)/download_803721489_83100.jpg
[2017-03-03 13:38:56] swiftkey é okay, usava ele no milestone 2
[2017-03-03 13:39:25] gosto também, mas um pouco pesado pra 512mb RAM
[2017-03-03 13:39:44] 512MB? Afe...
[2017-03-03 13:40:41] por isso comprei o Huawei :) o p8lite tem 2gb
[2017-03-03 13:41:17] A maioria dos celulares hoje tem 2GB, alguns com 3GB (bizarro)
[2017-03-03 13:41:26] os tops tem de 4GB para mais
[2017-03-03 13:41:56] chuto 1gb interno ao soc mais 2gb expandidos
[2017-03-03 13:42:24] sei que têm uns SoCs que já vêm com RAM no empacotamento
[2017-03-03 13:43:04] deve ser isso
[2017-03-03 13:44:15] Olhando aqui meu Motorola, esse Android N tá usando 607MB de RAM...:(
[2017-03-03 13:46:20] photo: /home/felipe/devel/github_tvdstaaij/telegram-history-dump/output/media/Garoa_Hacker_Clube_(Público)/download_803115798_13759.jpg
[2017-03-03 13:46:34] photo: /home/felipe/devel/github_tvdstaaij/telegram-history-dump/output/media/Garoa_Hacker_Clube_(Público)/download_803110324_31883.jpg
[2017-03-03 13:46:34] photo: /home/felipe/devel/github_tvdstaaij/telegram-history-dump/output/media/Garoa_Hacker_Clube_(Público)/download_803734592_63344.jpg
[2017-03-03 13:46:36] com uns 5 outros processos além do telegram
[2017-03-03 13:47:35] uahuahauah
[2017-03-03 13:48:44] photo: /home/felipe/devel/github_tvdstaaij/telegram-history-dump/output/media/Garoa_Hacker_Clube_(Público)/download_803734538_62286.jpg
[2017-03-03 13:49:52] Deixa passar a garantia que tasco um Cyanogem nesse cara!
[2017-03-03 13:51:13] tô esperando sair pro meu
[2017-03-03 13:54:40] Agora não é mais Cyanogen né, virou http://lineageos.org/
[2017-03-03 13:55:03] sim
[2017-03-03 13:56:00] document: /home/felipe/devel/github_tvdstaaij/telegram-history-dump/output/media/Garoa_Hacker_Clube_(Público)/download_1045404939746018537.webp
[2017-03-03 13:56:42] pessoal do xda faz tópico, "olha, cyanogen no <celular sem suporte oficial>", lança só a primeira versão com 80% do hardware sem funcionar, e nunca posta de novo
[2017-03-03 13:57:11] o do p8lite tá assim
[2017-03-03 13:58:45] meu tablet da samsung só tem cyanogen graças a um cara do XDA, não foi lançado pelo pessoal de desenvolvimento do cyanogen, foi olhar o site do lineageos e continua não tendo versão pra ele! :(
[2017-03-03 14:00:18] mesma coisa com o milestone 2, mas pelo menos o 4.4 nele era decente
[2017-03-03 14:00:36] só bloated mesmo
[2017-03-03 14:00:53] o próprio sistema, não por apps ou coisa assim
[2017-03-03 14:08:56] Samsung tem a péssima mania de enfiar um monte de apps inúteis no Android personalizado deles, um tablet que tem 1GB de RAM, fica atolado e com memória delivre de 64MB, ridículo isso...
[2017-03-03 14:23:08] Drunken Hackers no Domingo? Fechou? rs
[2017-03-03 14:33:07] pior é o particionamento não oficial deles haha
[2017-03-03 14:34:13] sony é outra q curte bloatware demais
[2017-03-03 14:34:46] meta de 2017 é 3GB ram mesmo e 4GB de vram
[2017-03-03 14:35:51] Sony, LG, Samsung...um monte de marcas com Android personalizados...
[2017-03-03 14:36:30] Moto G4 vaio com 3 apps deles, mas tem algo estranho com esse Android N, consumindo muita memória...
[2017-03-03 14:36:31] depende do amor ao modelo né, tem alguns que morrem antes mesmo de vc pensar em trocarm de rom hahaha
[2017-03-03 14:36:45] Ola a todos, voltei
[2017-03-03 14:37:00] eu acabei de dar o primeiro boot na minha rasp3
[2017-03-03 14:37:09] e a raspibian nova
[2017-03-03 14:37:14] vem com ssh desligado
[2017-03-03 14:37:16] por seguranca
[2017-03-03 14:37:28] mas com touch ssh na pasta boot
[2017-03-03 14:37:33] ele aparece
[2017-03-03 14:37:39] aquela interface DSI da rasp
[2017-03-03 14:37:56] existe algum display comercial que se ache na sta compativel?
[2017-03-03 14:52:05] A maioria dos displays DSI deveriam funcionar com ajustes porque isso aí é padrão
[2017-03-03 14:52:05] existe algum display comercial que se ache na sta compativel?
[2017-03-03 14:58:42] Bitcoin a 4 mil reais...
[2017-03-03 15:06:38] Se forem comprar, cuidado com a cotação BRL/USD, tinha uma época que o dolar comercial estava R$3.30 e o dolar BTC estava 3.80
[2017-03-03 15:06:40] document: /home/felipe/devel/github_tvdstaaij/telegram-history-dump/output/media/Garoa_Hacker_Clube_(Público)/download_58023844232823441.webp
[2017-03-03 15:08:03] Agora por ex tá 3,09 o BRL/USD na Foxbit... tá bão
[2017-03-03 15:09:28] Mas não é hora nem de comprar nem de vender, subiu bastante e pelo volume pouca gente ou quase ninguém fez realização de ganhos ainda
[2017-03-03 15:09:52] Deve voltar ao patamar de US$1100 quando realizarem, ou até mesmo dar um pico em 1050
[2017-03-03 17:46:25] Estou preparando um vetor para adesivar um vidro com uma arte para decorar a região ao redor da tela do arcade.
[2017-03-03 17:47:51] photo: /home/felipe/devel/github_tvdstaaij/telegram-history-dump/output/media/Garoa_Hacker_Clube_(Público)/download_803120895_13752.jpg
[2017-03-03 18:24:54] 👏
[2017-03-03 18:25:53] lembrando que a tela do arcade vira e na orientação vertical não está centralizada
[2017-03-03 18:30:04] falando em arcade chegaram os botoes
[2017-03-03 18:30:08] achei bem bosta
[2017-03-03 18:48:36] Alguém já chegou no garoa??
[2017-03-03 18:54:52] A tela do arcade não "vira". Existem 2 tipos de jogos: horizontais e verticais. Destes, a única PCB JAMMA que eu tenho funcionando em ótimas condições é a de um jogo vertical. Eu posso depois fazer um outro bezel (arte ao redor da tela) para jogos horizontais e trocá-lo quando necessário.
[2017-03-03 18:55:19] a foto do tmnt então deve ter sido rotacionada
[2017-03-03 18:55:33] E, sim, é importante centralizar a instalação da tela vertical
[2017-03-03 18:55:51] o TMNT não é meu, é do Sérgio
[2017-03-03 18:56:20] TMNT é um exemplo de jogo com tela horizontal
[2017-03-03 18:56:50] mas a placa de TMNT (tartarugas ninjas, pra quem estiver se perguntando...) do Sergio ainda não está 100%.
[2017-03-03 18:57:22] alguns dias atrás eu ajudei ele a consertar o áudio que tava bixado. Era uma EPROM com dados corrompidos.
[2017-03-03 18:57:34] Mas agora tem uns glitches no vídeo
[2017-03-03 18:57:39] Preciso dar uma geral nela, melhorou bastante mas tem trampo ainda...
[2017-03-03 18:57:55] ele também estava com mau-contato nuns conectores, mas acho que isso ele já arrumou resoldando as barras de pinos
[2017-03-03 18:58:29] eu sei que tem tela horizontal e vertical juca 😂
[2017-03-03 18:58:41] mas ele mandou uma foto dela rodando no teu arcade
[2017-03-03 18:58:52] então ele rotacionou a foto se não rotacionou o monitor
[2017-03-03 18:58:55] ah, sim, tava na vertical o LCD
[2017-03-03 18:58:59] isso
[2017-03-03 18:59:00] pronto
[2017-03-03 18:59:01] respondeu
[2017-03-03 18:59:04] só isso
[2017-03-03 18:59:26] cara, tem uma coisa bizarra na placa, onde deveria ter um capacitores ceramicos de desacoplamento nas memórias de vídeo, tem capacitores eletrolíticos...
[2017-03-03 18:59:39] Erin, eu sei que você sabe. Mas às vezes eu dou respostas detalhadas pensando nas 399 outras pessoas do grupo que estão apenas lendo nosso bate-papo.
[2017-03-03 19:15:26] o Garoa tá fazendo 5 ou 6 anos ?
[2017-03-03 19:15:34] eu achava que era 6 anos. Mas no site diz 5.
[2017-03-03 19:16:57] o site tá errado
[2017-03-03 19:17:02] 5 anos foi ano passado
[2017-03-03 19:17:09] lembro pq for junto com meu aniversário
[2017-03-03 19:17:25] igual esse ano mas ninguém comemorou dessa vez pq tão esperando a AGO
[2017-03-03 20:03:26] arrumei
[2017-03-03 20:08:49] em 2015 foi o aniversário de 100 anos
[2017-03-03 20:26:09] Por favor, alguem ai do Garoa sabe me dizer se o Tiago esta ai?
[2017-03-03 21:15:16] O Tiago @Belimawr?
[2017-03-03 21:41:51] https://vimeo.com/140983024
[2017-03-03 22:22:05] http://www.teenvogue.com/story/how-to-keep-messages-secure
[2017-03-03 23:21:17] https://decentralize.today/uncorrectable-freedom-and-security-issues-on-x86-platforms-2e6220fa07ed#.vwue919wl
[2017-03-03 23:40:39] Treta! Tô ligado já faz um tempo sobre essas questões... Não tem muita saída, aparentemente. A não ser usar um computador com processador diferente.
[2017-03-03 23:41:00] que bosta isso
[2017-03-03 23:41:19] Tem um laptop de hardware livre usando um sistema ARM que acabou de ser anunciado pela OLIMEX: https://github.com/OLIMEX/DIY-LAPTOP
[2017-03-03 23:41:20] OLIMEX | DIY-LAPTOP

Do It Yourself Open Source Hardware and Software Modular Hacker's Friendly Laptop

Language: C
Forks: 10
Stars: 160
Issues: 2
[2017-03-03 23:42:50] é todo desenhado no Kicad
[2017-03-03 23:43:36] Liberdade de rodar o software que eu quiser no meu hardware. Fazer um hardware que não permita isso devia ser ilegal. Monopolio / Oligopólio (mercado) não dá conta dessa roubada.
[2017-03-03 23:44:11] bem legal
[2017-03-03 23:44:54] drm no hardware, que merda... tinha lido, tinha esquecido
[2017-03-03 23:45:14] Mas veja essa issue que eu abri lá: https://github.com/OLIMEX/DIY-LAPTOP/issues/4
[2017-03-03 23:46:06] photo: /home/felipe/devel/github_tvdstaaij/telegram-history-dump/output/media/Garoa_Hacker_Clube_(Público)/download_803721688_84533.jpg
[2017-03-03 23:46:11] photo: /home/felipe/devel/github_tvdstaaij/telegram-history-dump/output/media/Garoa_Hacker_Clube_(Público)/download_803120146_13745.jpg
[2017-03-03 23:46:18] photo: /home/felipe/devel/github_tvdstaaij/telegram-history-dump/output/media/Garoa_Hacker_Clube_(Público)/download_803120548_13419.jpg
[2017-03-03 23:46:20] photo: /home/felipe/devel/github_tvdstaaij/telegram-history-dump/output/media/Garoa_Hacker_Clube_(Público)/download_803721466_83522.jpg
[2017-03-03 23:46:23] photo: /home/felipe/devel/github_tvdstaaij/telegram-history-dump/output/media/Garoa_Hacker_Clube_(Público)/download_804206322_15643.jpg
[2017-03-03 23:46:42] photo: /home/felipe/devel/github_tvdstaaij/telegram-history-dump/output/media/Garoa_Hacker_Clube_(Público)/download_803112298_14156.jpg
[2017-03-03 23:50:00] Gostei deste bicho aí
[2017-03-03 23:50:15] Vou tentar montar um pra frente
[2017-03-03 23:51:02] ha!
[2017-03-03 23:51:32] você achou que eu não ia olhar os detalhes do esquemático pra ver se não tem peganinhas ? 😊
[2017-03-03 23:51:41] faz um fork e conserta ué
[2017-03-03 23:52:12] O ideal é consertar upstream. Até mesmo por que o custo de setup de produção de PCB é alto pra ficar fazendo customização unitária
[2017-03-03 23:52:29] faz um fork, conserta e manda pull request
[2017-03-03 23:52:33] sim sim sim
[2017-03-03 23:52:50] o chato é que o cara já de antemão soltou um "não vamos fazer"
[2017-03-03 23:52:57] e fechou a issue
[2017-03-03 23:53:25] sim pq é código livre
[2017-03-03 23:53:33] você é livre pra ir e consertar
[2017-03-03 23:53:59] mas é caro "compilar"
[2017-03-03 23:54:24] placa de 4 camadas...
[2017-03-03 23:54:59] a brincadeira não é pra qualquer um. Além do conhecimento técnico é necessário ter a grana pra torrar em produção de PCBs protótipo
[2017-03-03 23:55:51] na prática ainda faz mais sentido tentar andar junto com o upstream pra se beneficiar de PCBs oficiais que tenham incorporado nossas contribuições
[2017-03-03 23:57:56] libreboot s2
