[2016-09-03 01:19:24] http://spaceflightnow.com/2016/09/02/chinese-officials-silent-after-long-march-rocket-failure/
[2016-09-03 08:14:12] No México nos 80s brincávamos *muito* com ele. Sempre tivemos a sensação que a qualidade era superior ao Lego, por ser algo mais "realista".
[2016-09-03 08:14:32] Já até pensei em comprar de novo hoje. Mas são raros.
[2016-09-03 08:14:40] Belas lembranças da infância!!
[2016-09-03 09:34:38] http://pca.st/gq76
[2016-09-03 10:23:20] novas imagens de Júpiter !!! http://spaceflightnow.com/2016/09/02/juno-beams-back-dramatic-new-pictures-of-jupiter/
[2016-09-03 10:54:23] ele era meu preferido com larga vantagem, nunce entendi pq o lego disparou na frente. Sempre achei os temas e a qualidade das pecas e encaixes superiores. Tive varios dessa lista: www.tenteros.land/noticias/comunidad/92-historia-de-tente-en-brasil.html
[2016-09-03 10:54:46] fui procurar uns antigos a venda, realmente sao raros e carissimos...
[2016-09-03 10:55:24] eu ainda tenho entre 500 e 1000 pecas, vou dar um trato nelas qq dia
[2016-09-03 12:10:27] Fernando Sala joined
[2016-09-03 12:12:33] Bom dia garoeros 🌂
[2016-09-03 12:12:53] Bom dia!
[2016-09-03 12:13:24] Boa tarde! 😂
[2016-09-03 12:13:38] Bom almoço então haha
[2016-09-03 12:15:43] Pra eu saber se é um momento propício pra visitas ao Garoa o melhor jeito é perguntando por aqui mesmo?
[2016-09-03 12:28:06] https://garoa.net.br/ tem um icone se esta aberto ou não, em teoria qualquer hora q estiver aberto vc pode chegar lá, mas é melhor ver se tem algum evento marcado, mais certeza d q alguém abrira as portas
[2016-09-03 12:39:00] Oi Fernando, eu tinha visto a página antes mas fiquei em dúvida porque vamos dizer que eu queira ir, vejo se tá aberto, vou até lá e quando eu chegar o membro que tava lá já se foi 😢
[2016-09-03 12:43:42] então, vê aí os horários q tem na agenda, geralmente depois q começa é difícil terminar, pode ficar tranquilo kkk
[2016-09-03 12:44:54] tem dia q o povo vai das 18 ou 19 até às 2 da manhã
[2016-09-03 12:51:16] Tipo ontem... 😂
[2016-09-03 12:54:10] Como o Garoa utiliza o spaceAPI, você pode utilizar aplicativos e sites compatíveis, tipo esse aqui, que mostra estatísticas:
http://spaceapi-stats.n39.eu/#garoahackerclube
[2016-09-03 12:55:57] Ah, boa
[2016-09-03 12:56:56] document: /home/felipe/devel/github_tvdstaaij/telegram-history-dump/output/media/Garoa_Hacker_Clube_(Público)/download_255942482762662243.webp
[2016-09-03 13:24:16] @eduoda Pode passar o link de convite do Linode, que você falou ontem? É bem melhor que o DigitalOcean...
[2016-09-03 13:27:17] William joined
[2016-09-03 13:39:41] Imprime mais.
[2016-09-03 14:00:46] nao rola imprimir, ele tem um buraquinho no meio que exige uma certa precisao
[2016-09-03 14:00:54] ja mando o do linode e da webfaction
[2016-09-03 14:02:26] https://www.webfaction.com/?aid=3429
[2016-09-03 14:03:13] se contratar por ai ganho uns descontos la
[2016-09-03 14:03:16] valeu :D
[2016-09-03 14:03:21] to vendo se o linode tem tb
[2016-09-03 14:03:26] la desconto eh muuuito bem vindo
[2016-09-03 14:03:45] Do Linode tem sim...
[2016-09-03 14:04:05] https://www.linode.com/referrals
[2016-09-03 14:04:17] https://www.linode.com/?r=b2c7394ad017f6de63874460bb5463263f4d3e5d
[2016-09-03 14:04:55] recebo 20 dolares se vc mantiver a maquina por 90 dias
[2016-09-03 14:05:04] muito bom :D
[2016-09-03 14:05:47] ainda mais que minha conta la passa dos 500 dolares
[2016-09-03 15:44:26] pode pegar qualquer plano? Quantos vps vc tem oda?
[2016-09-03 16:07:04] Oda, sou bem leigo nesse assunto. Compare para mim digital ocean e linode?
[2016-09-03 16:42:17] ia falar a mesma coisa
[2016-09-03 16:56:57] hugo, qq plano
[2016-09-03 16:57:14] na base o servico eh o mesmo: vps
[2016-09-03 16:57:54] o que tem de melhor sao os servicos associados, como node balancer, swap de ip, etc
[2016-09-03 16:58:07] no geral achei a performance melhor tb, incluindo link
[2016-09-03 16:58:35] estabilidade e suporte sao coisas a se considerar, o suporte do linode eh realmente next level
[2016-09-03 17:34:28] Felipe Navarro joined
[2016-09-03 17:34:29] Hi Felipe !
[2016-09-03 17:35:41] Galera sou o Felipe Navarro do Carioca Hackerspace e da Navarro Eletrônica. Estou com um amigo por Sampa hoje e queria conhecer o Garoa. Vai ter algum evento por lá?
[2016-09-03 17:36:21] Assim, eu tenho uma conta na DO e gosto do sistema deles de spins, e de snapshots (que agora vão ser cobrados, mas ainda valem a pena), e outras frescurinhas que facilitam minha vida de leigo.
[2016-09-03 17:36:33] Tem alguma diferença na linode?
[2016-09-03 17:40:47] Hoje não, vai ficar até quando em São Paulo, Felipe?
[2016-09-03 17:57:37] DO eh mais noob-friendly, isso vem com os prós e contras, ele eh mais caro e (quando usei ele logo no comeco) mais instavel e mais lento, parece que isso melhorou. Linode tem long view, Slackware, o preco eh melhor, ainda mais em planos maiores
[2016-09-03 17:58:16] Demais!! Tive bastantes desses também!
[2016-09-03 17:59:00] Até amanhã na hora do almoço. Queria ter ido na quinta mas acabei caindo no sono no hotel
[2016-09-03 18:06:20] Vou dar uma olhada.
[2016-09-03 18:06:32] No linode. Ver se me viro bem
[2016-09-03 18:11:24] se vc usa meio so de boa, acho que nao importa muito e ate te aconselho um host compartilhado
[2016-09-03 18:11:32] assim vc se livra da bucha de manter o SO
[2016-09-03 18:12:36] Poderia ter ido ontem também, foi bem movimentado...
[2016-09-03 18:16:08] Eu uso dreamhost para meus sites e outras coisas, mas estou precisando instalar coisas mais exóticas
[2016-09-03 18:27:41] Depois experimento o Linode.
[2016-09-03 19:44:44] Alguém no garoa?
[2016-09-03 20:14:32] Widget diz fechado
[2016-09-03 20:26:08] que vergonha
[2016-09-03 20:26:18] document: /home/felipe/devel/github_tvdstaaij/telegram-history-dump/output/media/Garoa_Hacker_Clube_(Público)/download_58023844232824106.webp
[2016-09-03 20:33:07] Não sei se o widget tá rolando, né?
[2016-09-03 20:55:20] Nunca iria imaginar vocês fechados no sábado 😔
[2016-09-03 21:09:43] É o mais comum, na verdade. O pessoal já está na rua no meio da semana e tem outros programas no FDS.
[2016-09-03 21:31:44] Igor Isaias Banlian joined
[2016-09-03 21:31:45] Hi Igor Isaias !
[2016-09-03 21:36:37] Afee
[2016-09-03 22:24:28] Para quem tem Pebble:
https://apps.getpebble.com/pt_PT/application/57cb37adbe5ad0936b000201

Eu estava quebrando a cabeça para elaborar um, mas esse, do Andre Alves Garcia e do Luigui Delyer, ficou show...
[2016-09-03 23:15:08] 👆um bom jeito de tentar convencer meu irmão a frequentar o Garoa :D [ele tem um Pebble]
[2016-09-03 23:31:16] document: /home/felipe/devel/github_tvdstaaij/telegram-history-dump/output/media/Garoa_Hacker_Clube_(Público)/download_826459275206328386.webp
[2016-09-03 23:34:59] document: /home/felipe/devel/github_tvdstaaij/telegram-history-dump/output/media/Garoa_Hacker_Clube_(Público)/download_803705291_88354.jpg
