[2017-06-18 12:58:35] minha idéia seria colocar uma placa de video razoável no macmini
[2017-06-18 13:24:26] Alguém aí q tenha doutorado em pedagogia? Ou pode me passar algum contato?
[2017-06-18 14:05:09] pode ser mestrado? eu tenho mestrado em educação. doutorado é em artes visuais.
[2017-06-18 14:06:55] alguém aqui mexe-programa em raspberri py III pra fazer um freela/trabalho?
[2017-06-18 15:10:12] A placa gráfica teria uma queda de desempenho muito acentuado, pois estaria limitada à velocidade do PCI-E 1x.
Esse cabo USB-3.0 não é compatível com as portas USB-3.0, você precisaria instalar a placa PCI-E 1x dentro do MacMini.
Precisa ver se o MacMini tem uma porta PCI-E 1x internamente, como tem tamanhos reduzidos, pode ser que adotaram o padrão Mini PCI-E, neste caso a placa deveria ser outra:
https://www.aliexpress.com/item/40cm-MINI-PCI-E-USB-3-0-PCI-E-Express-1x-to16x-Extender-Riser-Card-Adapter/32795823347.html
[2017-06-18 15:18:20] @mdente, veja também este vídeo aqui:
https://youtu.be/TtBw_p_NU00
[2017-06-18 15:25:54] Saquei
[2017-06-18 15:40:21] acho que se existir uma thunderbolt seria melhor
[2017-06-18 17:46:25] Existe TB, mas ainda é BEM caro
[2017-06-18 17:49:10] Marivaldo Soares joined
[2017-06-18 17:49:10] Hi Marivaldo !
[2017-06-18 17:50:24] /help@jackbot
[2017-06-18 17:50:25] Message me first so i can message you !
[2017-06-18 18:15:51] photo: /home/felipe/devel/github_tvdstaaij/telegram-history-dump/output/media/Garoa_Hacker_Clube_(Público)/download_804206441_74079.jpg
[2017-06-18 18:16:05] invadiram tudo!!
[2017-06-18 18:34:42] ?
[2017-06-18 18:35:07] a foto
[2017-06-18 18:35:26] uhul
[2017-06-18 18:35:32] acabei de ver
[2017-06-18 18:38:59] Não tendi esse lance do maps
[2017-06-18 18:41:26] Que massa. Aqui só apareceu o trajeto, Paulista e consolação
[2017-06-18 18:44:20] meu maps é bugado
[2017-06-18 20:21:48] Era para mostrar aonde tava passando a parada...
[2017-06-18 20:29:51] Xerxes joined
[2017-06-18 20:29:52] Hi Xerxes !
[2017-06-18 21:49:43] 👍
[2017-06-18 23:07:21] manutenção externa da iss ao vivo
[2017-06-18 23:07:24] https://www.youtube.com/watch?v=RtU_mdL2vBM
