[2016-06-04 00:10:17] document: /home/felipe/devel/github_tvdstaaij/telegram-history-dump/output/media/Garoa_Hacker_Clube_(Público)/download_276846938995818699.webp
[2016-06-04 00:10:18] document: /home/felipe/devel/github_tvdstaaij/telegram-history-dump/output/media/Garoa_Hacker_Clube_(Público)/download_276846938995818701.webp
[2016-06-04 00:27:50] Gente, não pode postar no grupo se estiver alcoolizado
[2016-06-04 00:28:21] Ah ta
[2016-06-04 00:28:29] pinned the message
[2016-06-04 00:28:43] Hushauahauha
[2016-06-04 00:28:53] Foi mal
[2016-06-04 00:29:24] Tá, pode sim, foda-se
[2016-06-04 00:58:50] kkkkk
[2016-06-04 00:58:50] Rá!
[2016-06-04 00:58:58] ehehehe
[2016-06-04 01:25:04] Melhor pin
[2016-06-04 07:33:17] Fiquei curioso com a história do esmalte
[2016-06-04 09:26:20] Iria perder a graça 😈
[2016-06-04 09:26:58] Hackeia as regras
[2016-06-04 10:03:39] Essa caixa é da Erin ? De quem é?
[2016-06-04 10:16:10] Garoa/erin
[2016-06-04 10:24:43] legal!
[2016-06-04 11:10:15] @fsanches
[2016-06-04 11:10:15] o performa está sem HDD (acho que SCSI, temos aqui), sem fonte e sem memória
[2016-06-04 11:10:15] precisamos também de um teclado ADB (temos um mouse ADB)
[2016-06-04 11:10:15] e DB15 -> VGA
[2016-06-04 12:30:58] boa tarde
[2016-06-04 12:31:02] alguem no garoa?
[2016-06-04 12:31:28] photo: /home/felipe/devel/github_tvdstaaij/telegram-history-dump/output/media/Garoa_Hacker_Clube_(Público)/download_1842540969984070.webp
[2016-06-04 12:31:33] imagem do dia pra vcs
[2016-06-04 12:31:33] eu vou com o Fábio mais tarde mas ainda não estou lá
[2016-06-04 12:32:43] ta parecendo minha oficina
[2016-06-04 12:33:08] Tenso..  R srs rsr
[2016-06-04 13:28:00] Boa tatde, pessoal.
Iremos ter um evento sobre raspberrypi, hoje no Raul Hacker Clube, no grupo do GEEA.
Quem tiver interesse é só entrar.
[2016-06-04 13:28:25] Apartir das 14:20
[2016-06-04 15:26:04] http://youtu.be/uugocXkcVGI
[2016-06-04 15:26:11] Estamos ao vivo
[2016-06-04 15:28:46] top
[2016-06-04 15:28:53] chego a tempo saindo de sp?
[2016-06-04 15:29:00] tipo de bike
[2016-06-04 15:29:01] ?
[2016-06-04 15:30:09] Se colocar um ET na cestinha da bike, sim...
[2016-06-04 15:32:23] Obrigada pelo link!
[2016-06-04 15:33:39] Disponha
[2016-06-04 15:36:15] O áudio está bom?
[2016-06-04 15:38:27] Ta me trolando po
[2016-06-04 15:39:16] Pessoal, o som do Hangout está legal? Dá para ouvir?
[2016-06-04 15:40:26] ta dando pra escutar
[2016-06-04 15:40:44] Obrigado. Valew
[2016-06-04 16:58:22] @Magnator joined
[2016-06-04 17:05:30] Boa noite!
[2016-06-04 17:25:27] Boa noite Magno!
[2016-06-04 17:25:39] (eu não sou um bot)
[2016-06-04 17:26:13] Boa noite Magno e Yumibot!
[2016-06-04 17:26:29] eu quero ser um bot
[2016-06-04 17:26:31] como faz?
[2016-06-04 17:26:53] já tentaram me pintar de tinta condutiva ontem mas não deu  certo..
[2016-06-04 17:27:03] Eita
[2016-06-04 17:27:19] Talvez dependa da parte do corpo
[2016-06-04 17:53:50] @vmesel vcs erraram a saída da marginal...
[2016-06-04 17:53:56] Já to no garoa
[2016-06-04 18:01:04] Estou indo buscar no garoa
[2016-06-04 18:01:22] Buscar Erin e ir pro Garoa
[2016-06-04 18:01:41] nota: não estou no garoa, ela não vai me buscar lá
[2016-06-04 18:01:57] não procurem a Erin no garoa
[2016-06-04 18:03:19] Ou melhor: procurem
[2016-06-04 18:03:48] é
[2016-06-04 18:04:00] porque se encontrarem significa que eu tenho um clone
[2016-06-04 18:04:10] o que pode ser ou muito legal ou muito ruim
[2016-06-04 18:04:28] dependendo do seu ponto de vista
[2016-06-04 18:04:34] A gente hackeia
[2016-06-04 18:04:38] Sem falar q o Garoa é muito grande e vai demorar muito tempo pra encontrar ela
[2016-06-04 18:04:41] nossa
[2016-06-04 18:04:51] quero me hackear
[2016-06-04 18:05:00] Eu gostaria de ter um clone
[2016-06-04 18:05:12] Ia botar ele trabalhando no meu lugar
[2016-06-04 18:05:38] eu faria coisas um pouco menos inocentes com um clone
[2016-06-04 18:05:44] Seria crime escravizar o próprio clone?
[2016-06-04 18:05:47] document: /home/felipe/devel/github_tvdstaaij/telegram-history-dump/output/media/Garoa_Hacker_Clube_(Público)/download_532581665600439096.mp4
[2016-06-04 18:06:11] +1
[2016-06-04 21:53:29] Tem perro caliente hoje.
[2016-06-04 21:57:16] é cachuerro quiente
[2016-06-04 22:22:01] Cachuerro Quiente > ALL
[2016-06-04 22:25:26] Todo mundo na salsicha hoje
[2016-06-04 22:27:36] eu só comi guacamole
[2016-06-04 22:28:01] ia fazer chabuya, mas não rolou
[2016-06-04 22:31:13] E cueca cuela?
[2016-06-04 22:33:58] Só tem taubacana
[2016-06-04 22:37:34] Alguém tem o link para o conversor de portunhol?
[2016-06-04 22:37:46] Vou por na minha palestra de amanhã
[2016-06-04 22:37:48] @portunholbot
[2016-06-04 22:37:59] https://github.com/belimawr/portunhol
[2016-06-04 22:39:13] Esse foi aquele q o thiago criou?
[2016-06-04 22:39:42] ele está ruim ainda
[2016-06-04 22:39:55] mas está divertido
[2016-06-04 22:40:06] faz um teste com algumas palavras antes
[2016-06-04 22:48:04] sim
[2016-06-04 22:48:23] O @portunholBot é a versão telegram deles
[2016-06-04 22:54:49] ficou bem divertido
[2016-06-04 23:29:06] Para quem está no garoa: Portunhol rodando no ESP8266. A palavra deve ser enviada via querystring:

http://192.168.1.18/portunhol?palabra=Oda
[2016-06-04 23:34:49] Galera que tá no Garoa e vai estar estando na BSides semana que vem. Vocês já se inscreveu?
[2016-06-04 23:37:28] Kkkk
[2016-06-04 23:37:29] hehe...
[2016-06-04 23:47:15] photo: /home/felipe/devel/github_tvdstaaij/telegram-history-dump/output/media/Garoa_Hacker_Clube_(Público)/download_803731579_5993.jpg
[2016-06-04 23:47:17] Essa é pro Tiago:
