[2018-05-05 00:39:56] Pessoal do garoa tá no meio do mato numa mesa depois do carro capotado
[2018-05-05 00:46:51] photo: /home/felipe/devel/github_garoa/Telegram_logs_Garoa_Hacker_Clube_Publico/media/Garoa_Hacker_Clube_(Público)/download_806009298_34804.jpg
[2018-05-05 00:49:56] photo: /home/felipe/devel/github_garoa/Telegram_logs_Garoa_Hacker_Clube_Publico/media/Garoa_Hacker_Clube_(Público)/download_804725665_193033.jpg
[2018-05-05 00:49:59] Ahahuahaua
[2018-05-05 00:50:09] To te vendo daqui
[2018-05-05 00:50:11] Kkkk
[2018-05-05 00:50:22] Oxe
[2018-05-05 00:50:58] photo: /home/felipe/devel/github_garoa/Telegram_logs_Garoa_Hacker_Clube_Publico/media/Garoa_Hacker_Clube_(Público)/download_806010176_34916.jpg
[2018-05-05 00:51:15] Kk
[2018-05-05 00:51:21] Olha a falta de privacidade aí kkk
[2018-05-05 01:02:59] Dominaram a árvore
[2018-05-05 01:03:19] Sim
[2018-05-05 01:03:48] O conceito underground de fato
[2018-05-05 01:18:10] Kkk
[2018-05-05 02:52:01] Fiquei sem bateria, nem olhei mais o cel, carreguei agora
[2018-05-05 02:52:17] Mal aí Yura-ah
[2018-05-05 02:52:38] A galera tava no meio de um breu, numas mesas perdidas debaixo da árvore, kkkkk
[2018-05-05 02:55:29] Alguem de dentro pode me dar um help aqui na porta ?
[2018-05-05 03:00:46] Deixa quieto, to vazando desse pico de merda
[2018-05-05 03:02:10] Eita kkk
[2018-05-05 03:03:05] Eita hauahuaa
[2018-05-05 03:03:34] Tem a regra la que fica fechado das 01 as 06
[2018-05-05 03:03:46] O lugar é tosco tipo roadsex
[2018-05-05 03:04:40] JSISJSIS VDD
[2018-05-05 03:07:00] Provavelmente regra da adm do local
[2018-05-05 03:08:19] zoado demais, isso não é cryptorave
[2018-05-05 03:09:38] Então, problema é, ou acata essa regra do local ou não tem Cryptorave.
[2018-05-05 03:30:35] Bem discutível...podia haver algum tipo de identificação, nada que um qr code não resolvesse.
[2018-05-05 03:31:25] Arrecada grana pra caralho pra segregar, parabéns.
[2018-05-05 03:46:06] Isso dai é coisa da Cinemateca, provavelmente eles tiveram que aceitar isso para sediar o evento, se eles tivessem opções melhores que a Cinemateca, provavelmente o evento teria sido em outro lugar.
[2018-05-05 10:09:02] Sabe algo ou tem algum material sobre a relação de iot com deep learning?
[2018-05-05 14:58:51] Pra ir na cryptorave tem que se inscrever ou é só chegar lá que entra?
[2018-05-05 15:07:08] Só chegar
[2018-05-05 15:10:39] Blz, já já chego, estou saindo do Tucuruvi
[2018-05-05 15:11:08] Qual o metrô mais perto?
[2018-05-05 15:11:43] Vila Mariana
[2018-05-05 15:14:57] Blz, já estou no metrô a caminho 😁
[2018-05-05 15:45:22] Não
[2018-05-05 15:51:40] Não tinha aviso na porta?
[2018-05-05 16:31:07] Boa tarde !
[2018-05-05 16:31:34] Alguem aqui ja experienciou ou sabe se existe IA para whatsapp? um chat bot, ou api que permita, por ex. atualizar informações em um grupo de WPP?
[2018-05-05 16:45:05] WhatsApp não tem api
[2018-05-05 16:46:45] Sim... Mas eu dei uma sondada, sei que existe a possibilidade...
[2018-05-05 16:47:01] Queria desenvolver um serviço simples, que apenas postaria uma URL de uma "lista de presença" em um grupo
[2018-05-05 17:18:28] Usando yowsup
[2018-05-05 17:18:37] Mas é ilegal
[2018-05-05 17:18:44] E tem que fazer manutenção direto
[2018-05-05 17:23:15] Entendi ...
[2018-05-05 17:23:35] Não posso usar o mesmo cliente desktop que foi criado para linux, por ex?
[2018-05-05 17:23:51] nao lembro o nome acho que eh Whatsie
[2018-05-05 17:26:50] ou whatsy
[2018-05-05 17:28:26] Da tb
[2018-05-05 17:28:39] Mas tem que rodar um desktop..
[2018-05-05 17:29:00] O bot yowsup pode rodar numa maquinizinha na nuvem
[2018-05-05 17:29:13] Bacana !
[2018-05-05 17:29:16] Eu tenho essa maquininha
[2018-05-05 17:29:16] eheheh
[2018-05-05 17:29:22] To vendendo ela, masss... eu tenho
[2018-05-05 17:29:22] rs
[2018-05-05 18:44:30] CryptoRave 2019: 03 e 04/maio
[2018-05-05 23:27:38] Zé joined
