[2017-12-16 00:01:42] To no meu primeiro hackathon
[2017-12-16 00:04:11] 👏👏👏👏👏
[2017-12-16 00:06:21] Dahora mano. Hackathon de alguma empresa?
[2017-12-16 00:09:23] A crise da neutralidade de rede está trazendo o tema de redes mesh de volta
[2017-12-16 00:13:56] Libremesh tem versão para rpi e x86 tbem
[2017-12-16 00:16:51] Hackatonto ou hackaton?
[2017-12-16 01:28:06] Existem inúmeras ideologias de gênero, de qual eles estão falando?
[2017-12-16 01:42:37] Se ele falar quem promoveu, a gente descobre. Kkkkk
[2017-12-16 01:49:39] os caras tavam na Paulista hoje, chê
[2017-12-16 01:49:52] diz os jornalistas do garoa aqui
[2017-12-16 01:50:22] aqui em POA não se cria, métodos questionáveis são aplicados frequentemente
[2017-12-16 03:30:07] É um hackathon do Senai
[2017-12-16 03:30:22] Evento interno mesmo, mas tá bacana aqui
[2017-12-16 08:21:01] CRS-13’s 9 Merlin engines pushing a Dragon capsule to the ISS for the second time - Brady Kenniston for NASAspaceflight.com
http://ift.tt/2yF5l4Y

Submitted December 15, 2017 at 08:22PM by TheFavoritist
via reddit http://ift.tt/2ASsmHG
[2017-12-16 08:24:05] O legal dessa foto é que o foquete ainda está no inicio do lancamento (mal se afastou da base - ainda dá pra ver equipamentos de solo no canto esquerdo inferior da foto) mas já está todo chamuscado por conta de um vôo anterior.
[2017-12-16 08:26:13] Dessa vez eles não lavaram o foguete antes de fazer um novo lançamento. Acho que foi uma jogada de marketing, dado que esse foi também o primeiro vôo em que a NASA aceitou usar um Falcon 9 reutilizado.
[2017-12-16 09:01:54] Próxima startup, lava rápido para foguetes kkkk
[2017-12-16 09:03:44] @fsanches Com o torno, podemos fazer motores de foguete. Eu tinha uns amigos que brincavam com isso.
[2017-12-16 10:23:01] medo
[2017-12-16 12:10:29] Eu quero fazer uns motores também
[2017-12-16 13:32:35] Vamos aí
[2017-12-16 13:33:00] @Gutemhc também está a fim de mexer com química kkkkk
[2017-12-16 13:34:33] photo: /home/felipe/devel/github_garoa/Telegram_logs_Garoa_Hacker_Clube_Publico/media/Garoa_Hacker_Clube_(Público)/download_804728867_72737.jpg
[2017-12-16 13:34:37] A Yamaha faz, noiz melhora. kkkk
[2017-12-16 13:35:29] Prolink full roller. Todos pivos apoiados em rolamentos de agulha.
[2017-12-16 13:35:32] Brap
[2017-12-16 13:58:45] Eu tenho, ou tinha, algum material sobre rocketry
[2017-12-16 14:00:41] Cálculos da curvatura do exaustor e performance de combustíveis
[2017-12-16 14:46:37] https://twitter.com/EFF/status/942059493294313472
[2017-12-16 15:33:34] Galera, algum associado vai no Garoa hoje?
[2017-12-16 15:34:08] Alguém vai abrir ? Hahaha
[2017-12-16 15:55:29] É bem complexo. E rola produção que combustível na cozinha kkkk
[2017-12-16 15:56:32] Sim. mas o cara explica a correlação entre a curvatura do exaustor, o tamanho do orificio de queima do estágio e o empuxo final teorico
[2017-12-16 15:56:54] vou procurar se ainda tenho os pdfs
[2017-12-16 16:11:14] Alguém pode abrir o garoa hj?
[2017-12-16 16:12:03] Tem 3 manés aqui fora hahaha
[2017-12-16 16:15:14] Não é bem assim que funciona o Espaço...
[2017-12-16 16:15:32] Status tá como Fechado. Não tem ninguem aí:
https://garoa.net.br/wiki/P%C3%A1gina_principal
[2017-12-16 16:17:50] Eu vi essas equações. Tem duas pressões que vão diminuindo conforme o foguete sobe. Uma é a pressão atmosférica e a outra é a pressão do próprio motor ( que diminui conforme os reagentes são consumidos)
[2017-12-16 16:18:15] Umas 19h eu colo lá
[2017-12-16 16:19:12] GaroaX? kkkkkk
[2017-12-16 16:19:25] Bora?
[2017-12-16 16:19:27] heheheeh
[2017-12-16 16:19:52] Primeiro projeto do torno. Certamente
[2017-12-16 16:22:08] O Guisso e o Afonso não estão hj, pro CTF
[2017-12-16 16:22:13] Aí ficou o povo aqui fora
[2017-12-16 16:22:18] 😅
[2017-12-16 16:22:31] Ambos estão fora de SP
[2017-12-16 16:22:54] Sim sim eu sei
[2017-12-16 16:23:33] Valeu
[2017-12-16 16:24:33] Baja na sequencia? rs
[2017-12-16 16:31:41] Só comprar a TIG kkkkl
[2017-12-16 16:31:56] Tá no Roadmap... heheheh
[2017-12-16 16:36:34] Alguém no Garoa Hoje?
[2017-12-16 16:41:05] Nope. Provavelmente só mais a noite
[2017-12-16 16:41:59] Só um bando de mané que não olhou o status antes de vir hu3
[2017-12-16 16:42:05] Já vdd tamo indo pra algum bar
[2017-12-16 16:42:07] cola ai gabi tamo nous bar
[2017-12-16 16:43:10] Deixa pra próxima rs
[2017-12-16 16:46:39] Ué
[2017-12-16 16:46:41] Arregona
[2017-12-16 16:49:00] Os jovens ai poderiam propor uma atividade para os sabados a tarde e assim facilitaria
[2017-12-16 16:49:49] Suave, já foi resolvido, bora mudar de assunto?
[2017-12-16 16:50:54] Calma jovem apenas apontei uma sugestão, pessoal anda meio hostil ultimamente.
[2017-12-16 16:51:51] Não imagina, aqui é o grupo do amor fraternal
[2017-12-16 16:54:13] To afiada hj, mim segura, sai pra araza
[2017-12-16 16:57:30] É que tem
A gente tem vindo todo fds estudar, tem uns 2 ou 3 associados colando junto
Aconteceu, hj, de nenhum deles estar aqui
[2017-12-16 16:57:34] Mas de boa
[2017-12-16 17:42:43] Mais tem atividade de CTF aos sábados :)
[2017-12-16 17:52:38] Mas meio extra-oficialmente
[2017-12-16 18:12:28] mas*
[2017-12-16 18:16:17] Poizé, esse é um dos problemas do pessoal querer fazer atividade secreta no Garoa, sem colocar na agenda nem avisar ninguém. 
Lamento, nesses casos os demais associados não estavam sabendo e por isso não tem como ajudar
[2017-12-16 18:19:50] Não, não tem. 
O que tem é um pessoal que se reune para Estudar, mas a atividade em sim nunca foi anunciada de forma oficial e colocada na Agenda da Wiki, já que, para ir para Wiki tem que ter um responsável para abrir o Espaço.
[2017-12-16 18:24:14] na real o afonso tinha comentado que ia colocar o ctf como atividade oficial do garoa, acho que o pessoal - bom, pelo menos eu - achou que isso tinha acontecido e por isso a confusão.
[2017-12-16 18:26:42] mas acontece né
[2017-12-16 18:27:53] Da mesma forma que o meu corretor trocar o mais por mas! 
#Paz
[2017-12-16 18:28:34] vai precisar de MAIS que isso pra me convencer 😂😂😂😂
[2017-12-16 18:45:30] tem alguém indo pro garoa hoje? :)
[2017-12-16 18:48:33] aliás, ele costuma abrir aos sábados?
[2017-12-16 18:54:27] Diz o vido q chega as 19h
[2017-12-16 18:54:35] Geralemente eu ou o Afosno ta lá
[2017-12-16 18:54:39] Mas não esse fds
[2017-12-16 18:56:00] Beleza, li só agora as msg acima, foi mal haha
[2017-12-16 20:25:22] Está aberto o Garoa.
[2017-12-16 20:29:09] O vídeo começa a ficar interessante a partir de 6min e 44s: https://spaceflightnow.com/2017/12/15/video-falcon-9-launch-replay-from-liftoff-to-landing/
[2017-12-16 20:47:21] crimes e espionagem da Uber estão nos jornais https://news.google.com/news/story/d8EHHWfa2x7wGEMmLxWaXolQV_1rM?ned=us&hl=en&gl=US
[2017-12-16 21:17:50] Israel Andrade joined
[2017-12-16 21:18:04] "Likely nothing can stop the coming wave of AI-generated content—if we even wanted to. At its worst, scammers and political operatives will deploy machine learning algorithms to generate untold volumes of misinformation. Because social networks selectively transmit the most attention-grabbing content, these systems’ output will evolve to be maximally likeable, clickable, and shareable." https://www.wired.com/story/future-of-artificial-intelligence-2018/?mbid=social_fb
