[2018-01-26 00:09:03] photo: /home/felipe/devel/github_garoa/Telegram_logs_Garoa_Hacker_Clube_Publico/media/Garoa_Hacker_Clube_(Público)/download_806123502_31542.jpg
[2018-01-26 00:09:31] Arranjamos uma mesa adicional
[2018-01-26 00:27:59] Foi mal, desculpa opinar, gastei mais de 800 contos.em remédio porque resolvi fazer uma produção no escritório sem exaustão da fumaça, só estava tentando ajudar
[2018-01-26 00:59:08] Eu que peço desculpas.
Os Animos estão meio exaltados pq rolou discussões a tarde toda... #BeExcellentToEachOther
[2018-01-26 01:00:08] De buenas
[2018-01-26 01:11:20] Alguém vai na CPBR 11?
[2018-01-26 09:26:47] Várias pessoas vão lá, no domingo depois da Campus Party pensamos fazer um encontro no garoa
[2018-01-26 11:31:32] Olá bom dia. É com muito orgulho que queria compartilhar que a Ong Reduca. Da qual faço parte, fundada pela minha mãe. Ganho edital Elas nas exatas junto com mais 10 projetos. Nosso projeto visa empoderar as meninas a terem a área de exatas como uma alternativa na escolha da carreira através de atividades de programação, robótica, palestras com mulheres e familiares que sejam da área de exatas.
[2018-01-26 11:32:57] Parabéns!!! ❤️
[2018-01-26 11:34:33] Cria o evento no meetuo, compartilha o link aqui, e pede pra galera que for na Campus divulgar q teremos esse pós evento no Garoa
[2018-01-26 11:44:59] Valeu
[2018-01-26 11:45:37] Queira agradecer a Yumi
[2018-01-26 11:45:45] Que ajudou e vai ajudar bastante
[2018-01-26 11:45:54] É a todos do Garoa
[2018-01-26 11:49:17] Quem conhece mulheres que queiram palestrar me avisem
[2018-01-26 11:53:07] https://codamos.club
[2018-01-26 11:53:09] http://www.fundosocialelas.org/elasnasexatas/edital/
[2018-01-26 11:53:22] KanazuX joined
[2018-01-26 11:54:22] Obrigado vou ver
[2018-01-26 12:22:19] Quais são os temas?
[2018-01-26 12:42:57] Falar porque escolheu a área, contar um pouco da história, como foi na faculdade etc. É do mercado de trabalho. Incentivando a conhecer e se ver na área.
[2018-01-26 12:43:46] Bem, eu to indo pro mestrado, então não tenho experiência sólida com o mercado hehe
[2018-01-26 12:56:58] Mas pode falar da sua escolha pela pesquisa
[2018-01-26 12:57:33] Que é um outro caminho profissional
[2018-01-26 12:58:51] Talvez a @Yumizinha  possa palestrar
[2018-01-26 13:00:22] Sugiro procurar @jtemporal tb
[2018-01-26 13:01:27] Oie?!
[2018-01-26 13:01:55] :)
[2018-01-26 13:02:11] Rodrigo, explica aí o lance
[2018-01-26 13:38:23] Já está desde o começo do editak
[2018-01-26 13:38:45] http://www.fundosocialelas.org/elasnasexatas/edital/
[2018-01-26 13:39:04] A associação que faço parte ganhou edital acima
[2018-01-26 13:39:31] Além de oferecer oficinas no Grêmio e chamar as meninas para atividades de programação e afins
[2018-01-26 13:40:13] Vamos chamar palestrantes que possam compartilhar a experiência de como escolheram a área de exatas
[2018-01-26 13:40:36] Mulheres porque é focado nas meninas do ensino médio
[2018-01-26 13:40:50] Tudo isso sera feito durante o ano de 2018
[2018-01-26 13:40:58] Em uma única escola parceira
[2018-01-26 13:41:35] Meninas que tiverem interesse me chamem no privado
[2018-01-26 13:41:45] Ou aqui
[2018-01-26 13:42:17] Pode falar da experiência academica
[2018-01-26 13:43:00] Isso mesmo Villares
[2018-01-26 13:43:51] Rodrigo, vou chamar umas moças que conheco e passar seu contato, ok?
[2018-01-26 13:44:06] Ok maravilha
[2018-01-26 13:44:13] 👍👍👍👍
[2018-01-26 13:44:16] Agradecido
[2018-01-26 15:12:31] As stouts que foram feitas no garoa já estão prontas??
[2018-01-26 15:30:04] curioso tbem
[2018-01-26 15:49:42] Não. Precisamos envasar
[2018-01-26 17:14:37] Quem vamo fazer uma par de implante?
[2018-01-26 17:14:40] photo: /home/felipe/devel/github_garoa/Telegram_logs_Garoa_Hacker_Clube_Publico/media/Garoa_Hacker_Clube_(Público)/download_806121580_31824.jpg
[2018-01-26 17:25:13] Mas, é muito mais segura
[2018-01-26 17:26:44] Eu tenho ingresso
[2018-01-26 17:27:44] Até que enfim!
[2018-01-26 17:41:54] http://insideoutproject.xyz/mulheres-palestrantes/
[2018-01-26 17:58:30] Aparentemente eu haaahha
[2018-01-26 18:05:51] bem qlqr to por ai o/
[2018-01-26 18:07:00] eu tb
[2018-01-26 18:07:26] Guys... are you ready!? #FalconHeavy LAUNCH DATE! February 6th, with a backup on the 7th. Launch time is 13:30-16:30 EST (18:30-21:30 UTC) #ItsHappening
https://twitter.com/ChrisG_NSF/status/956964986353528832

Submitted January 26, 2018 at 08:03PM by michaelza199
via reddit http://ift.tt/2ne6ttG
[2018-01-26 18:22:32] photo: /home/felipe/devel/github_garoa/Telegram_logs_Garoa_Hacker_Clube_Publico/media/Garoa_Hacker_Clube_(Público)/download_806120883_31447.jpg
[2018-01-26 19:13:58] https://www.nytimes.com/interactive/2018/science/spacex-falcon-launch.html
[2018-01-26 22:08:21] No dia 29/01 (segunda-feira) Thiago Bordini e Willian Caprino vão te contar tudo o que a DEFCON está preparando para sua próxima edição que acontecerá em Las Vegas no dia 09 de Agosto.

Inscreva-se: https://dary.us/2DzJm77
