[2016-12-17 09:22:00] Se alguém puder gravar um podcast hoje... não queria perder e não poderei ir
[2016-12-17 09:28:57] No evento do quebrando o cerco
[2016-12-17 10:26:07] Está rolando um CTF nacional valendo R$1.000 e com duração de 7 dias: https://3dsctf.org
[2016-12-17 11:26:38] Alguém no Garoa agora? Como está o estoque de bebidas na geladeira e no estúdio, atrás da porta?
[2016-12-17 11:56:30] Eu n tô, mas dá última vez q olhei tava bom, suficiente pra durar até hj ou mais
[2016-12-17 12:00:58] opa
[2016-12-17 12:01:06] Alguém foi ou ira na fitic?
[2016-12-17 12:01:13] sera que vale os 120?
[2016-12-17 12:32:51] Depende do objetivo
[2016-12-17 12:33:06] Para fechar parceria dei sorte ano passado
[2016-12-17 12:35:04] Vi que o ingresso hj com um kilo de alimento esta por $60
[2016-12-17 12:35:22] É mais para dar uma olhada em realidade virtual e drones mesmo
[2016-12-17 12:46:43] 24 horas não, mas o livro do Michael Weeks é bem básico, ele pega leve no cálculo e fica nos algoritmos. Ele aborda Fourier, Wavelets usando MATLAB, mas dá pra usar perfeitamente o Octave
[2016-12-17 12:48:21] Use mangás. Os da Novatec são muito bons
[2016-12-17 12:53:13] Se vc se assustar com o Apostol, procure pelo mangá da Novatec primeiro. Dê uma olhada no volume de cálculo diferencial e integral do livro de fundamentos de matemática elementar Gelson Iezzy. Quando terminar, pegue o livro de Cálculo do Stewart. Nesse ponto, já vai dar para entender o livro de processamento de sinais em tempo discreto do Oppenheim, que aborda isso tudo aí. Mas para ter uma visão legal e imediata, leia o livro do processamento digital de sinais, do Michael Weeks, a matemática dele é bem básica. Se você não tiver dificuldade em manipular somatórios, não vai ter dificuldade alguma
[2016-12-17 13:32:45] Eu prefiro o livro do Lyons para DSP
[2016-12-17 13:53:56] Que bebidas têm lá?  Posso levar algo para completar...
[2016-12-17 13:54:14] Um suco e um refrigerante está bom?
[2016-12-17 15:56:33] photo: /home/felipe/devel/github_tvdstaaij/telegram-history-dump/output/media/Garoa_Hacker_Clube_(Público)/download_803702918_19595.jpg
[2016-12-17 16:02:47] Soltem link depois pfv. Assunto muito top pra mim.
[2016-12-17 17:03:51] nao tem link
[2016-12-17 17:03:54] é offline
[2016-12-17 17:04:09] tem muita informacao sendo compartilhada aqui que nao pode ir pra internet
[2016-12-17 17:04:13] so fotos
[2016-12-17 17:04:27] o video vai ser liberado depois
[2016-12-17 17:04:31] de alguns anos auehaue
[2016-12-17 17:06:00] Pouts... Ontem eu cheguei moh tarde do trabalho e não consegui ir 😭
[2016-12-17 17:08:21] ta rolando ainda
[2016-12-17 17:09:50] Estou longe... Será que não vão liberar a filmagem do evento?
[2016-12-17 17:10:34] Ou pelo menos deixarem disponível pra assistir no acervo do garoa
[2016-12-17 17:13:30] talvez dê pra assistir depois
[2016-12-17 17:13:33] mas nao online
[2016-12-17 17:15:18] Porque eu demoraria uma hora pra chegar..  e até lá já teria terminado. Mas se puder ir depois no garoa assistir a gravação seria uma boa.
[2016-12-17 19:03:21] Grupo do Quebrando o Cerco... Entra lá!
https://telegram.me/joinchat/CjRllEFYFc-1LBKlru1exw
[2016-12-17 19:21:14] photo: /home/felipe/devel/github_tvdstaaij/telegram-history-dump/output/media/Garoa_Hacker_Clube_(Público)/download_803704629_20004.jpg
[2016-12-17 19:22:06] Hacking Christmas
[2016-12-17 19:23:22] photo: /home/felipe/devel/github_tvdstaaij/telegram-history-dump/output/media/Garoa_Hacker_Clube_(Público)/download_803730005_120133.jpg
[2016-12-17 19:24:26] Alguém mais vai participar do amigo ladrão?
[2016-12-17 19:24:49] e está vindo?
[2016-12-17 19:25:05] Hackerspace é uma escola de piada e trolagem.  Amigo ladrão de caixas. Alguns pacotes tem presente.  Os outros, só Deus e o Diabo sabem.
[2016-12-17 19:25:40] A tesoura do canto direito não está participando
[2016-12-17 19:26:25] Momento ternura
[2016-12-17 19:26:27] photo: /home/felipe/devel/github_tvdstaaij/telegram-history-dump/output/media/Garoa_Hacker_Clube_(Público)/download_422091437182550082.webp
[2016-12-17 19:26:35] Não !? :(
[2016-12-17 19:26:50] Na verdade está, não como presente, mas como pessoa, não ofenda-a
[2016-12-17 19:26:55] photo: /home/felipe/devel/github_tvdstaaij/telegram-history-dump/output/media/Garoa_Hacker_Clube_(Público)/download_422091437182550179.ogg
[2016-12-17 19:27:13] Desculpa tesoura
[2016-12-17 19:27:17] Hackerspace é um clube social de gente antisocial.
[2016-12-17 19:28:09] Falou o mais social de todos
[2016-12-17 19:28:26] Isso é a vida moderna..
[2016-12-17 19:28:40] document: /home/felipe/devel/github_tvdstaaij/telegram-history-dump/output/media/Garoa_Hacker_Clube_(Público)/download_735324325497798862.ogg
[2016-12-17 19:29:02] document: /home/felipe/devel/github_tvdstaaij/telegram-history-dump/output/media/Garoa_Hacker_Clube_(Público)/download_545728766651924542.ogg
[2016-12-17 19:30:13] document: /home/felipe/devel/github_tvdstaaij/telegram-history-dump/output/media/Garoa_Hacker_Clube_(Público)/download_422091437182550180.ogg
[2016-12-17 19:30:19] document: /home/felipe/devel/github_tvdstaaij/telegram-history-dump/output/media/Garoa_Hacker_Clube_(Público)/download_735324325497798863.ogg
[2016-12-17 19:30:39] document: /home/felipe/devel/github_tvdstaaij/telegram-history-dump/output/media/Garoa_Hacker_Clube_(Público)/download_381004409934446596.ogg
[2016-12-17 19:30:49] document: /home/felipe/devel/github_tvdstaaij/telegram-history-dump/output/media/Garoa_Hacker_Clube_(Público)/download_422091437182550182.ogg
[2016-12-17 19:31:21] document: /home/felipe/devel/github_tvdstaaij/telegram-history-dump/output/media/Garoa_Hacker_Clube_(Público)/download_735324325497798864.ogg
[2016-12-17 19:31:44] document: /home/felipe/devel/github_tvdstaaij/telegram-history-dump/output/media/Garoa_Hacker_Clube_(Público)/download_381004409934446597.ogg
[2016-12-17 19:31:46] document: /home/felipe/devel/github_tvdstaaij/telegram-history-dump/output/media/Garoa_Hacker_Clube_(Público)/download_422091437182550183.ogg
[2016-12-17 19:31:50] document: /home/felipe/devel/github_tvdstaaij/telegram-history-dump/output/media/Garoa_Hacker_Clube_(Público)/download_651315018591109153.ogg
[2016-12-17 19:32:04] document: /home/felipe/devel/github_tvdstaaij/telegram-history-dump/output/media/Garoa_Hacker_Clube_(Público)/download_381004409934446598.ogg
[2016-12-17 19:33:08] document: /home/felipe/devel/github_tvdstaaij/telegram-history-dump/output/media/Garoa_Hacker_Clube_(Público)/download_545728766651924543.ogg
[2016-12-17 19:33:13] document: /home/felipe/devel/github_tvdstaaij/telegram-history-dump/output/media/Garoa_Hacker_Clube_(Público)/download_735324325497798865.ogg
[2016-12-17 19:33:20] document: /home/felipe/devel/github_tvdstaaij/telegram-history-dump/output/media/Garoa_Hacker_Clube_(Público)/download_1017056703893471653.webp
[2016-12-17 19:33:28] document: /home/felipe/devel/github_tvdstaaij/telegram-history-dump/output/media/Garoa_Hacker_Clube_(Público)/download_255942482762662295.ogg
[2016-12-17 19:33:29] document: /home/felipe/devel/github_tvdstaaij/telegram-history-dump/output/media/Garoa_Hacker_Clube_(Público)/download_545728766651924544.ogg
[2016-12-17 19:33:36] document: /home/felipe/devel/github_tvdstaaij/telegram-history-dump/output/media/Garoa_Hacker_Clube_(Público)/download_381004409934446599.ogg
[2016-12-17 19:33:41] document: /home/felipe/devel/github_tvdstaaij/telegram-history-dump/output/media/Garoa_Hacker_Clube_(Público)/download_545728766651924545.ogg
[2016-12-17 19:33:42] document: /home/felipe/devel/github_tvdstaaij/telegram-history-dump/output/media/Garoa_Hacker_Clube_(Público)/download_545728766651924546.ogg
[2016-12-17 19:33:50] document: /home/felipe/devel/github_tvdstaaij/telegram-history-dump/output/media/Garoa_Hacker_Clube_(Público)/download_422091437182550184.ogg
[2016-12-17 19:34:21] document: /home/felipe/devel/github_tvdstaaij/telegram-history-dump/output/media/Garoa_Hacker_Clube_(Público)/download_422091437182550185.ogg
[2016-12-17 19:34:42] document: /home/felipe/devel/github_tvdstaaij/telegram-history-dump/output/media/Garoa_Hacker_Clube_(Público)/download_545728766651924547.ogg
[2016-12-17 19:34:55] document: /home/felipe/devel/github_tvdstaaij/telegram-history-dump/output/media/Garoa_Hacker_Clube_(Público)/download_381004409934446600.ogg
[2016-12-17 19:34:58] document: /home/felipe/devel/github_tvdstaaij/telegram-history-dump/output/media/Garoa_Hacker_Clube_(Público)/download_545728766651924548.ogg
[2016-12-17 19:35:36] document: /home/felipe/devel/github_tvdstaaij/telegram-history-dump/output/media/Garoa_Hacker_Clube_(Público)/download_381004409934446601.ogg
[2016-12-17 19:36:01] document: /home/felipe/devel/github_tvdstaaij/telegram-history-dump/output/media/Garoa_Hacker_Clube_(Público)/download_545728766651924549.ogg
[2016-12-17 19:36:07] document: /home/felipe/devel/github_tvdstaaij/telegram-history-dump/output/media/Garoa_Hacker_Clube_(Público)/download_545728766651924550.ogg
[2016-12-17 19:36:09] document: /home/felipe/devel/github_tvdstaaij/telegram-history-dump/output/media/Garoa_Hacker_Clube_(Público)/download_422091437182550186.ogg
[2016-12-17 19:36:27] document: /home/felipe/devel/github_tvdstaaij/telegram-history-dump/output/media/Garoa_Hacker_Clube_(Público)/download_1842540969984035.webp
[2016-12-17 19:36:32] document: /home/felipe/devel/github_tvdstaaij/telegram-history-dump/output/media/Garoa_Hacker_Clube_(Público)/download_381004409934446602.ogg
[2016-12-17 19:36:34] document: /home/felipe/devel/github_tvdstaaij/telegram-history-dump/output/media/Garoa_Hacker_Clube_(Público)/download_545728766651924551.ogg
[2016-12-17 19:37:02] document: /home/felipe/devel/github_tvdstaaij/telegram-history-dump/output/media/Garoa_Hacker_Clube_(Público)/download_422091437182550074.webp
[2016-12-17 19:37:12] Troca troca do garoa
[2016-12-17 19:37:20] document: /home/felipe/devel/github_tvdstaaij/telegram-history-dump/output/media/Garoa_Hacker_Clube_(Público)/download_803729425_119746.jpg
[2016-12-17 19:37:43] document: /home/felipe/devel/github_tvdstaaij/telegram-history-dump/output/media/Garoa_Hacker_Clube_(Público)/download_545728766651924552.ogg
[2016-12-17 19:37:53] document: /home/felipe/devel/github_tvdstaaij/telegram-history-dump/output/media/Garoa_Hacker_Clube_(Público)/download_735324325497798866.ogg
[2016-12-17 19:38:18] document: /home/felipe/devel/github_tvdstaaij/telegram-history-dump/output/media/Garoa_Hacker_Clube_(Público)/download_505010926202650851.webp
[2016-12-17 19:39:12] document: /home/felipe/devel/github_tvdstaaij/telegram-history-dump/output/media/Garoa_Hacker_Clube_(Público)/download_505010926202650739.webp
[2016-12-17 19:39:28] não era esse que eu queria mandar mas tá valendo
[2016-12-17 19:39:35] aehaeuaehu
[2016-12-17 19:39:38] vai chegar erin?
[2016-12-17 19:40:02] não comprei nada pro amigo secreto e fiquei sabendo que o meu gato que morava com meus pais morreu ontem, ent
[2016-12-17 19:40:08] então to meio na bad
[2016-12-17 19:40:18] =/
[2016-12-17 19:40:20] photo: /home/felipe/devel/github_tvdstaaij/telegram-history-dump/output/media/Garoa_Hacker_Clube_(Público)/download_422091437182550187.ogg
[2016-12-17 19:41:25] dsclp
[2016-12-17 19:41:29] vou ficar em casa hoje
[2016-12-17 19:43:24] document: /home/felipe/devel/github_tvdstaaij/telegram-history-dump/output/media/Garoa_Hacker_Clube_(Público)/download_381004409934446603.ogg
[2016-12-17 19:43:45] document: /home/felipe/devel/github_tvdstaaij/telegram-history-dump/output/media/Garoa_Hacker_Clube_(Público)/download_545728766651924553.ogg
[2016-12-17 19:43:56] document: /home/felipe/devel/github_tvdstaaij/telegram-history-dump/output/media/Garoa_Hacker_Clube_(Público)/download_505010926202650785.webp
[2016-12-17 19:44:03] document: /home/felipe/devel/github_tvdstaaij/telegram-history-dump/output/media/Garoa_Hacker_Clube_(Público)/download_422091437182550188.ogg
[2016-12-17 19:44:55] document: /home/felipe/devel/github_tvdstaaij/telegram-history-dump/output/media/Garoa_Hacker_Clube_(Público)/download_422091437182550190.ogg
[2016-12-17 19:45:11] document: /home/felipe/devel/github_tvdstaaij/telegram-history-dump/output/media/Garoa_Hacker_Clube_(Público)/download_422091437182550189.ogg
[2016-12-17 19:46:42] document: /home/felipe/devel/github_tvdstaaij/telegram-history-dump/output/media/Garoa_Hacker_Clube_(Público)/download_545728766651924554.ogg
[2016-12-17 19:46:51] document: /home/felipe/devel/github_tvdstaaij/telegram-history-dump/output/media/Garoa_Hacker_Clube_(Público)/download_50945793963590126.webp
[2016-12-17 19:48:52] document: /home/felipe/devel/github_tvdstaaij/telegram-history-dump/output/media/Garoa_Hacker_Clube_(Público)/download_447876784445194324.webp
[2016-12-17 19:52:04] Tem comida no garoa?
[2016-12-17 19:52:09] Tô chegando
[2016-12-17 19:52:41] document: /home/felipe/devel/github_tvdstaaij/telegram-history-dump/output/media/Garoa_Hacker_Clube_(Público)/download_545728766651924555.ogg
[2016-12-17 19:54:45] document: /home/felipe/devel/github_tvdstaaij/telegram-history-dump/output/media/Garoa_Hacker_Clube_(Público)/download_803729829_118911.jpg
[2016-12-17 19:57:13] document: /home/felipe/devel/github_tvdstaaij/telegram-history-dump/output/media/Garoa_Hacker_Clube_(Público)/download_545728766651924556.ogg
[2016-12-17 19:57:25] document: /home/felipe/devel/github_tvdstaaij/telegram-history-dump/output/media/Garoa_Hacker_Clube_(Público)/download_422091437182550191.ogg
[2016-12-17 19:57:30] document: /home/felipe/devel/github_tvdstaaij/telegram-history-dump/output/media/Garoa_Hacker_Clube_(Público)/download_545728766651924557.ogg
[2016-12-17 19:57:35] document: /home/felipe/devel/github_tvdstaaij/telegram-history-dump/output/media/Garoa_Hacker_Clube_(Público)/download_422091437182550192.ogg
[2016-12-17 19:58:32] document: /home/felipe/devel/github_tvdstaaij/telegram-history-dump/output/media/Garoa_Hacker_Clube_(Público)/download_422091437182550194.ogg
[2016-12-17 19:58:46] document: /home/felipe/devel/github_tvdstaaij/telegram-history-dump/output/media/Garoa_Hacker_Clube_(Público)/download_422091437182550193.ogg
[2016-12-17 19:58:49] document: /home/felipe/devel/github_tvdstaaij/telegram-history-dump/output/media/Garoa_Hacker_Clube_(Público)/download_71790434187216357.webp
[2016-12-17 19:59:07] Vamos começar agora o inimigo oculto
[2016-12-17 19:59:33] document: /home/felipe/devel/github_tvdstaaij/telegram-history-dump/output/media/Garoa_Hacker_Clube_(Público)/download_381004409934446604.ogg
[2016-12-17 19:59:46] document: /home/felipe/devel/github_tvdstaaij/telegram-history-dump/output/media/Garoa_Hacker_Clube_(Público)/download_803730067_119637.jpg
[2016-12-17 20:00:13] document: /home/felipe/devel/github_tvdstaaij/telegram-history-dump/output/media/Garoa_Hacker_Clube_(Público)/download_422091437182550195.ogg
[2016-12-17 20:03:17] photo: /home/felipe/devel/github_tvdstaaij/telegram-history-dump/output/media/Garoa_Hacker_Clube_(Público)/download_803729636_121582.jpg
[2016-12-17 20:03:33] photo: /home/felipe/devel/github_tvdstaaij/telegram-history-dump/output/media/Garoa_Hacker_Clube_(Público)/download_803730496_117944.jpg
[2016-12-17 20:04:36] photo: /home/felipe/devel/github_tvdstaaij/telegram-history-dump/output/media/Garoa_Hacker_Clube_(Público)/download_803704360_19036.jpg
[2016-12-17 20:06:17] photo: /home/felipe/devel/github_tvdstaaij/telegram-history-dump/output/media/Garoa_Hacker_Clube_(Público)/download_803729782_119672.jpg
[2016-12-17 20:08:45] photo: /home/felipe/devel/github_tvdstaaij/telegram-history-dump/output/media/Garoa_Hacker_Clube_(Público)/download_803729308_118863.jpg
[2016-12-17 20:09:11] photo: /home/felipe/devel/github_tvdstaaij/telegram-history-dump/output/media/Garoa_Hacker_Clube_(Público)/download_803705769_151645.jpg
[2016-12-17 20:10:03] photo: /home/felipe/devel/github_tvdstaaij/telegram-history-dump/output/media/Garoa_Hacker_Clube_(Público)/download_803704453_19495.jpg
[2016-12-17 20:11:11] photo: /home/felipe/devel/github_tvdstaaij/telegram-history-dump/output/media/Garoa_Hacker_Clube_(Público)/download_803704415_20380.jpg
[2016-12-17 20:13:06] photo: /home/felipe/devel/github_tvdstaaij/telegram-history-dump/output/media/Garoa_Hacker_Clube_(Público)/download_803730126_118951.jpg
[2016-12-17 20:13:25] photo: /home/felipe/devel/github_tvdstaaij/telegram-history-dump/output/media/Garoa_Hacker_Clube_(Público)/download_803704213_21181.jpg
[2016-12-17 20:14:38] photo: /home/felipe/devel/github_tvdstaaij/telegram-history-dump/output/media/Garoa_Hacker_Clube_(Público)/download_803730549_118407.jpg
[2016-12-17 20:15:09] photo: /home/felipe/devel/github_tvdstaaij/telegram-history-dump/output/media/Garoa_Hacker_Clube_(Público)/download_803730151_119656.jpg
[2016-12-17 20:15:33] photo: /home/felipe/devel/github_tvdstaaij/telegram-history-dump/output/media/Garoa_Hacker_Clube_(Público)/download_803705780_150083.jpg
[2016-12-17 20:16:08] photo: /home/felipe/devel/github_tvdstaaij/telegram-history-dump/output/media/Garoa_Hacker_Clube_(Público)/download_4927176448927596552.mp4
[2016-12-17 20:16:54] photo: /home/felipe/devel/github_tvdstaaij/telegram-history-dump/output/media/Garoa_Hacker_Clube_(Público)/download_803704766_21533.jpg
[2016-12-17 20:17:17] photo: /home/felipe/devel/github_tvdstaaij/telegram-history-dump/output/media/Garoa_Hacker_Clube_(Público)/download_803704917_19967.jpg
[2016-12-17 20:19:26] photo: /home/felipe/devel/github_tvdstaaij/telegram-history-dump/output/media/Garoa_Hacker_Clube_(Público)/download_803705689_150479.jpg
[2016-12-17 20:19:46] photo: /home/felipe/devel/github_tvdstaaij/telegram-history-dump/output/media/Garoa_Hacker_Clube_(Público)/download_803730172_119352.jpg
[2016-12-17 20:20:31] photo: /home/felipe/devel/github_tvdstaaij/telegram-history-dump/output/media/Garoa_Hacker_Clube_(Público)/download_803729397_119815.jpg
[2016-12-17 20:21:45] photo: /home/felipe/devel/github_tvdstaaij/telegram-history-dump/output/media/Garoa_Hacker_Clube_(Público)/download_803705971_150692.jpg
[2016-12-17 20:21:54] photo: /home/felipe/devel/github_tvdstaaij/telegram-history-dump/output/media/Garoa_Hacker_Clube_(Público)/download_545728766651924558
[2016-12-17 20:22:10] photo: /home/felipe/devel/github_tvdstaaij/telegram-history-dump/output/media/Garoa_Hacker_Clube_(Público)/download_803705422_150726.jpg
[2016-12-17 20:22:42] photo: /home/felipe/devel/github_tvdstaaij/telegram-history-dump/output/media/Garoa_Hacker_Clube_(Público)/download_803705132_150672.jpg
[2016-12-17 20:25:28] document: /home/felipe/devel/github_tvdstaaij/telegram-history-dump/output/media/Garoa_Hacker_Clube_(Público)/download_545728766651924562
[2016-12-17 20:26:03] photo: /home/felipe/devel/github_tvdstaaij/telegram-history-dump/output/media/Garoa_Hacker_Clube_(Público)/download_803704874_20317.jpg
[2016-12-17 20:26:38] melhor vídeo acidental
[2016-12-17 20:27:22] 😁
[2016-12-17 20:27:35] photo: /home/felipe/devel/github_tvdstaaij/telegram-history-dump/output/media/Garoa_Hacker_Clube_(Público)/download_803705569_151425.jpg
[2016-12-17 20:28:16] photo: /home/felipe/devel/github_tvdstaaij/telegram-history-dump/output/media/Garoa_Hacker_Clube_(Público)/download_803729056_119540.jpg
[2016-12-17 20:28:41] photo: /home/felipe/devel/github_tvdstaaij/telegram-history-dump/output/media/Garoa_Hacker_Clube_(Público)/download_803702805_18555.jpg
[2016-12-17 20:29:26] photo: /home/felipe/devel/github_tvdstaaij/telegram-history-dump/output/media/Garoa_Hacker_Clube_(Público)/download_803704176_20128.jpg
[2016-12-17 20:30:22] document: /home/felipe/devel/github_tvdstaaij/telegram-history-dump/output/media/Garoa_Hacker_Clube_(Público)/download_545728766651924559
[2016-12-17 20:30:27] 2x0 para o celular
[2016-12-17 20:30:58] photo: /home/felipe/devel/github_tvdstaaij/telegram-history-dump/output/media/Garoa_Hacker_Clube_(Público)/download_803705123_150040.jpg
[2016-12-17 20:31:10] photo: /home/felipe/devel/github_tvdstaaij/telegram-history-dump/output/media/Garoa_Hacker_Clube_(Público)/download_803730035_119335.jpg
[2016-12-17 20:31:20] "Meu panetone ninguém pega"
[2016-12-17 20:32:10] document: /home/felipe/devel/github_tvdstaaij/telegram-history-dump/output/media/Garoa_Hacker_Clube_(Público)/download_545728766651924560
[2016-12-17 20:32:56] photo: /home/felipe/devel/github_tvdstaaij/telegram-history-dump/output/media/Garoa_Hacker_Clube_(Público)/download_803729731_119603.jpg
[2016-12-17 20:33:47] photo: /home/felipe/devel/github_tvdstaaij/telegram-history-dump/output/media/Garoa_Hacker_Clube_(Público)/download_803729005_118085.jpg
[2016-12-17 20:35:26] document: /home/felipe/devel/github_tvdstaaij/telegram-history-dump/output/media/Garoa_Hacker_Clube_(Público)/download_545728766651924561
[2016-12-17 20:36:42] photo: /home/felipe/devel/github_tvdstaaij/telegram-history-dump/output/media/Garoa_Hacker_Clube_(Público)/download_803704346_20801.jpg
[2016-12-17 20:36:56] photo: /home/felipe/devel/github_tvdstaaij/telegram-history-dump/output/media/Garoa_Hacker_Clube_(Público)/download_803702905_20603.jpg
[2016-12-17 20:38:51] photo: /home/felipe/devel/github_tvdstaaij/telegram-history-dump/output/media/Garoa_Hacker_Clube_(Público)/download_803729840_120192.jpg
[2016-12-17 20:40:58] document: /home/felipe/devel/github_tvdstaaij/telegram-history-dump/output/media/Garoa_Hacker_Clube_(Público)/download_422091437182550196.ogg
[2016-12-17 20:41:09] document: /home/felipe/devel/github_tvdstaaij/telegram-history-dump/output/media/Garoa_Hacker_Clube_(Público)/download_422091437182550197.ogg
[2016-12-17 20:43:29] document
[2016-12-17 20:43:29] photo: /home/felipe/devel/github_tvdstaaij/telegram-history-dump/output/media/Garoa_Hacker_Clube_(Público)/download_803729303_119514.jpg
[2016-12-17 20:43:58] photo: /home/felipe/devel/github_tvdstaaij/telegram-history-dump/output/media/Garoa_Hacker_Clube_(Público)/download_803702903_20641.jpg
[2016-12-17 20:45:28] photo: /home/felipe/devel/github_tvdstaaij/telegram-history-dump/output/media/Garoa_Hacker_Clube_(Público)/download_803704298_18722.jpg
[2016-12-17 20:46:36] photo: /home/felipe/devel/github_tvdstaaij/telegram-history-dump/output/media/Garoa_Hacker_Clube_(Público)/download_803702154_19770.jpg
[2016-12-17 20:46:58] photo: /home/felipe/devel/github_tvdstaaij/telegram-history-dump/output/media/Garoa_Hacker_Clube_(Público)/download_803730030_118128.jpg
[2016-12-17 20:47:15] document: /home/felipe/devel/github_tvdstaaij/telegram-history-dump/output/media/Garoa_Hacker_Clube_(Público)/download_422091437182550198.ogg
[2016-12-17 20:47:33] photo: /home/felipe/devel/github_tvdstaaij/telegram-history-dump/output/media/Garoa_Hacker_Clube_(Público)/download_803702631_19302.jpg
[2016-12-17 20:48:16] photo: /home/felipe/devel/github_tvdstaaij/telegram-history-dump/output/media/Garoa_Hacker_Clube_(Público)/download_803702065_19400.jpg
[2016-12-17 20:49:54] photo: /home/felipe/devel/github_tvdstaaij/telegram-history-dump/output/media/Garoa_Hacker_Clube_(Público)/download_803705762_150838.jpg
[2016-12-17 20:50:49] photo: /home/felipe/devel/github_tvdstaaij/telegram-history-dump/output/media/Garoa_Hacker_Clube_(Público)/download_803729314_120181.jpg
[2016-12-17 20:51:47] photo: /home/felipe/devel/github_tvdstaaij/telegram-history-dump/output/media/Garoa_Hacker_Clube_(Público)/download_803730779_119599.jpg
[2016-12-17 20:52:06] document: /home/felipe/devel/github_tvdstaaij/telegram-history-dump/output/media/Garoa_Hacker_Clube_(Público)/download_422091437182550199.ogg
[2016-12-17 20:52:46] Flooooooooood
[2016-12-17 20:52:46] Ahhhhhhh
[2016-12-17 20:53:02] document: /home/felipe/devel/github_tvdstaaij/telegram-history-dump/output/media/Garoa_Hacker_Clube_(Público)/download_545728766651924563
[2016-12-17 20:53:03] photo: /home/felipe/devel/github_tvdstaaij/telegram-history-dump/output/media/Garoa_Hacker_Clube_(Público)/download_803705435_151243.jpg
[2016-12-17 20:53:13] Ninguém mandou não ir na festa!
[2016-12-17 20:53:21] photo: /home/felipe/devel/github_tvdstaaij/telegram-history-dump/output/media/Garoa_Hacker_Clube_(Público)/download_803702326_21102.jpg
[2016-12-17 20:53:58] photo: /home/felipe/devel/github_tvdstaaij/telegram-history-dump/output/media/Garoa_Hacker_Clube_(Público)/download_803730625_120188.jpg
[2016-12-17 20:54:37] photo: /home/felipe/devel/github_tvdstaaij/telegram-history-dump/output/media/Garoa_Hacker_Clube_(Público)/download_803705910_150500.jpg
[2016-12-17 20:55:42] photo: /home/felipe/devel/github_tvdstaaij/telegram-history-dump/output/media/Garoa_Hacker_Clube_(Público)/download_803704207_20715.jpg
[2016-12-17 20:56:14] photo: /home/felipe/devel/github_tvdstaaij/telegram-history-dump/output/media/Garoa_Hacker_Clube_(Público)/download_803702655_21312.jpg
[2016-12-17 20:56:22] pai de familia, escalado para compras em embu das artes
[2016-12-17 20:57:14] photo: /home/felipe/devel/github_tvdstaaij/telegram-history-dump/output/media/Garoa_Hacker_Clube_(Público)/download_803729325_119866.jpg
[2016-12-17 20:57:49] photo: /home/felipe/devel/github_tvdstaaij/telegram-history-dump/output/media/Garoa_Hacker_Clube_(Público)/download_803704861_20694.jpg
[2016-12-17 20:58:09] photo: /home/felipe/devel/github_tvdstaaij/telegram-history-dump/output/media/Garoa_Hacker_Clube_(Público)/download_803704790_19894.jpg
[2016-12-17 20:59:20] photo: /home/felipe/devel/github_tvdstaaij/telegram-history-dump/output/media/Garoa_Hacker_Clube_(Público)/download_803729346_118949.jpg
[2016-12-17 20:59:42] o pessoal animado dos bot de telegram, sugestao: bot que pega daqui do grupo (pode filtrar por hashtag, talvez) e coloca no wiki
[2016-12-17 21:00:15] photo: /home/felipe/devel/github_tvdstaaij/telegram-history-dump/output/media/Garoa_Hacker_Clube_(Público)/download_803702250_21751.jpg
[2016-12-17 21:00:56] document: /home/felipe/devel/github_tvdstaaij/telegram-history-dump/output/media/Garoa_Hacker_Clube_(Público)/download_545728766651924564
[2016-12-17 21:01:54] (mais uma do "pq vcs nao fazem essa minha ideia super legal?")
[2016-12-17 21:02:05] photo: /home/felipe/devel/github_tvdstaaij/telegram-history-dump/output/media/Garoa_Hacker_Clube_(Público)/download_803730445_118369.jpg
[2016-12-17 21:02:54] photo: /home/felipe/devel/github_tvdstaaij/telegram-history-dump/output/media/Garoa_Hacker_Clube_(Público)/download_803729541_119127.jpg
[2016-12-17 21:03:58] photo: /home/felipe/devel/github_tvdstaaij/telegram-history-dump/output/media/Garoa_Hacker_Clube_(Público)/download_803729846_119792.jpg
[2016-12-17 21:04:50] photo: /home/felipe/devel/github_tvdstaaij/telegram-history-dump/output/media/Garoa_Hacker_Clube_(Público)/download_803705987_151132.jpg
[2016-12-17 21:05:28] photo: /home/felipe/devel/github_tvdstaaij/telegram-history-dump/output/media/Garoa_Hacker_Clube_(Público)/download_803729713_119149.jpg
[2016-12-17 21:05:54] photo: /home/felipe/devel/github_tvdstaaij/telegram-history-dump/output/media/Garoa_Hacker_Clube_(Público)/download_803704546_20947.jpg
[2016-12-17 21:06:35] acabooooou
[2016-12-17 21:10:07] photo: /home/felipe/devel/github_tvdstaaij/telegram-history-dump/output/media/Garoa_Hacker_Clube_(Público)/download_803702332_19476.jpg
[2016-12-17 21:10:12] photo: /home/felipe/devel/github_tvdstaaij/telegram-history-dump/output/media/Garoa_Hacker_Clube_(Público)/download_803729741_119082.jpg
[2016-12-17 21:41:14] document: /home/felipe/devel/github_tvdstaaij/telegram-history-dump/output/media/Garoa_Hacker_Clube_(Público)/download_3070231601742054.webp
[2016-12-17 21:43:42] document: /home/felipe/devel/github_tvdstaaij/telegram-history-dump/output/media/Garoa_Hacker_Clube_(Público)/download_712179395279717018.webp
[2016-12-17 21:49:59] document: /home/felipe/devel/github_tvdstaaij/telegram-history-dump/output/media/Garoa_Hacker_Clube_(Público)/download_309446659895460267.webp
[2016-12-17 23:47:04] Será que por um acaso o Garoa estará aberto amanhã?
