[2017-12-17 09:38:10] @Gutemhc 14h no Garoa. Vamos buscar o torno
[2017-12-17 11:42:51] Tks Chris. Ajudou mt!
[2017-12-17 15:12:22] A primeira vez que eu fiquei trancado para fora, eu fiquei chateado, e decidi ficar associado e ter chave.  e muitos outros também.
[2017-12-17 15:15:32] Sim, eu vou tentar ser. Eu fiquei chateado. Mas concordo que se quem organiza o evento não estava, ninguém tem obrigação de abrir para a gente
[2017-12-17 15:15:42] Só perguntei se tinha alguém por lá
[2017-12-17 15:16:10] Principalmente pq precisamos organizar melhor e oficializar melhor o evento
[2017-12-17 15:16:27] Mas de qualquer modo, desculpa se pareci chato
[2017-12-17 15:16:30] document: /home/felipe/devel/github_garoa/Telegram_logs_Garoa_Hacker_Clube_Publico/media/Garoa_Hacker_Clube_(Público)/download_476026781787226382.webp
[2017-12-17 15:28:32] Não se preocupe, é normal, acontece o tempo todo
[2017-12-17 15:28:55] Valeu Mike
[2017-12-17 15:53:56] Inclusive se tiver ctf tem muita gente que colaria
[2017-12-17 15:54:10] tá tendo ctf,
[2017-12-17 15:54:18] tamo tentando fechar o hackthebox
[2017-12-17 15:54:37] volta e meia fazemos coisas do shellterlabs e do overthewire
[2017-12-17 16:39:52] Não sei como isso não tá tendo uma repercussão maior. As acusações são extremamente sérias: invasões a redes de companhias concorrentes, grampos, até espionagem de nações pra identificar políticos alinhados com grupos contra a Uber
[2017-12-17 16:40:19] Já vi gente falando que parece roteiro de filme de espião e comparando com o escândalo da Eron
[2017-12-17 16:40:43] https://www.theverge.com/2017/12/17/16787010/tesla-prohibiting-commercial-drivers-supercharger-station elon musk salvador do futuro distópico! viva elon musk!
[2017-12-17 16:41:12] "The company tracks usage and driver behavior, and if they find that someone isn’t complying with the policy, they might be asked to stop, and simply limit or block one’s vehicle from the stations in certain instances." 🖕
[2017-12-17 16:50:53] Olha, tem que fazer um esforço considerável para chegar no nível da Enron...
[2017-12-17 16:51:40] Verdade, mas quem sabe... todo dia aparece alguma treta da Uber, não é de hoje
[2017-12-17 16:52:58] Mas a Enron não tinha tretas... funcionava tudo lindamente. A empresa era essencialmente uma grande fraude em vários níveis.
[2017-12-17 16:53:58] Medo, hein?

Além disso, sempre fico puto quando uma empresa anuncia "ilimitado" ou "gratuito" e depois começa a mostrar as restrições. Claramente não é ilimitado.
[2017-12-17 16:56:12] 🤔
[2017-12-17 16:57:41] Sério, a Enron era a queridinha do mercado, cheia de inovações e empresa modelo, o escambal. Mas era tudo mentira
[2017-12-17 16:58:15] A Über não está nesse nível, pelo menos todo o mundo sabe que os carros autônomos deles não funcionam
[2017-12-17 16:59:55] Não funcionam? Tô meio por fora do assunto, só sei que eles estavam pesquisando a respeito e que pretendem trocar os motoristas por carros autônomos no futuro
[2017-12-17 17:01:09] constroi uma marca à custo dos trabalhadores, prometendo trabalho fácil pra eles, depois plu, demite eles e troca por carro autônomo, isso mesmo produção?
[2017-12-17 17:01:18] vale do silício tá ó 👌
[2017-12-17 17:01:59] Ah, eles tentaram fazer testes práticos na rua, se envolveram em acidentes e deram para trás. E ainda estão perdendo a tecnologia que pagaram caro de uma empresa que compraram por causa de um processo do Google.
[2017-12-17 17:02:12] Esse é o plano declarado do über
[2017-12-17 17:03:35] Não acho errado, o mundo precisa evoluir. Imagina se a gente ainda usasse lampiões nas ruas pra proteger os empregos dos funcionários que acendiam
[2017-12-17 17:03:54] Eita, depois vou dar uma pesquisada sobre
[2017-12-17 17:04:24] dois extremos, nenhum deles correto
[2017-12-17 17:05:17] Não vejo o que falei como extremo, mas ok
[2017-12-17 17:05:36] então deixa o lampião :) não é extremo
[2017-12-17 17:07:57] Não acho que o que eu defendi seja extremo *
[2017-12-17 17:08:04] ahh
[2017-12-17 17:08:46] pois eu acho desleal prometer uma coisa e depois trair o combinado assim
[2017-12-17 17:09:03] tudo bem que  existem contratos e tal e o mundo não é cor de rosa, eu não tô argumentando isso
[2017-12-17 17:09:23] é a mesmo coisa do link que eu postei sobre a tesla
[2017-12-17 17:10:09] carro autônomo pra substituir motorista, na conjuntura atual, só vejo como um meio de acabar com emprego
[2017-12-17 17:10:20] não vejo evolução nenhuma em ter carro autônomo
[2017-12-17 17:10:29] já lampião são outros 500
[2017-12-17 17:12:43] Também não me agrada a ideia de substituir pessoas por carros autônomos, pelo menos não em um futuro próximo, mas não é porque eu acho que tem que proteger os empregos dos motoristas a todo custo
[2017-12-17 17:16:10] mas também acho errado falar que usar carro autônomo é evoluir
[2017-12-17 17:16:20] Alguém no garoa?
[2017-12-17 17:16:33] evolução de jerico
[2017-12-17 17:16:49] Não
[2017-12-17 17:16:58] Estamos em missão externa em busca do torno
[2017-12-17 17:17:06] o7
[2017-12-17 17:17:06] photo: /home/felipe/devel/github_garoa/Telegram_logs_Garoa_Hacker_Clube_Publico/media/Garoa_Hacker_Clube_(Público)/download_806117199_10070.jpg
[2017-12-17 17:17:06] photo: /home/felipe/devel/github_garoa/Telegram_logs_Garoa_Hacker_Clube_Publico/media/Garoa_Hacker_Clube_(Público)/download_805512503_62050.jpg
[2017-12-17 17:17:09] good luck soldiers
[2017-12-17 17:17:49] Hahaha, tá muito complexo aí?
[2017-12-17 17:19:02] 5 pessoas
[2017-12-17 17:19:06] Contando cmg ahahahha
[2017-12-17 17:19:14] Eu tou de apoio moral pos-hospitalar
[2017-12-17 17:54:10] photo: /home/felipe/devel/github_garoa/Telegram_logs_Garoa_Hacker_Clube_Publico/media/Garoa_Hacker_Clube_(Público)/download_804728073_70122.jpg
[2017-12-17 17:54:11] photo: /home/felipe/devel/github_garoa/Telegram_logs_Garoa_Hacker_Clube_Publico/media/Garoa_Hacker_Clube_(Público)/download_806123466_10218.jpg
[2017-12-17 18:07:04] Torno devidamente carregado
[2017-12-17 18:13:20] “Para uma atividade ir para a Wiki” basta editar a página de próximos eventos. 
Para uma atividade acontecer tem q ter pelo menos um associado comprometido a abrir a porta.
Uma coisa é uma coisa, e outra coisa é outra coisa.
[2017-12-17 18:47:05] photo: /home/felipe/devel/github_garoa/Telegram_logs_Garoa_Hacker_Clube_Publico/media/Garoa_Hacker_Clube_(Público)/download_806117071_10055.jpg
[2017-12-17 18:47:08] photo: /home/felipe/devel/github_garoa/Telegram_logs_Garoa_Hacker_Clube_Publico/media/Garoa_Hacker_Clube_(Público)/download_806119611_10614.jpg
[2017-12-17 18:48:45] document
[2017-12-17 18:49:10] Proponho que a data de 17/12 seja comemorada como "Dia do Torno". Devido a grande importância da missão realizada hoje.
[2017-12-17 18:57:09] kkk
[2017-12-17 19:00:40] boa !
[2017-12-17 19:01:26] bora fazer o foguete
[2017-12-17 19:01:29] hahahah
[2017-12-17 19:03:04] document: /home/felipe/devel/github_garoa/Telegram_logs_Garoa_Hacker_Clube_Publico/media/Garoa_Hacker_Clube_(Público)/download_532579634080947972.mp4
[2017-12-17 19:25:47] Que nesse caso não teve nem um, nem o outro.
[2017-12-17 20:57:41] photo: /home/felipe/devel/github_garoa/Telegram_logs_Garoa_Hacker_Clube_Publico/media/Garoa_Hacker_Clube_(Público)/download_804724636_96290.jpg
[2017-12-17 20:57:41] photo: /home/felipe/devel/github_garoa/Telegram_logs_Garoa_Hacker_Clube_Publico/media/Garoa_Hacker_Clube_(Público)/download_806118340_10381.jpg
[2017-12-17 22:22:08] Parabens pelo trampo de hj, nao pude chegar
[2017-12-17 23:27:13] Alex Casanas(brulex):
O foco será o preparatório para certificação Security+ da CompTIA. O curso começará dia 03 de Março em Brasília-DF. 
 https://doity.com.br/critical-security-academy

Curso será realizado em 16 encontros aos sábados.

T.me/certificacaosecurity
