[2017-06-27 00:50:14] Daniel Prata joined
[2017-06-27 00:50:14] Hi Daniel !
[2017-06-27 01:42:32] https://thehackernews.com/2017/06/electrolysis-firefox-mutiprocess.html
[2017-06-27 01:58:02] [em inglês] Telegram, solução de terroristas...
https://youtu.be/Osg16-eqVgo
[2017-06-27 01:58:21] document: /home/felipe/devel/github_tvdstaaij/telegram-history-dump/output/media/Garoa_Hacker_Clube_(Público)/download_15405485050036945.webp
[2017-06-27 09:06:12] “How HBO’s Silicon Valley built ‘Not Hotdog’ with mobile TensorFlow, Keras & React Native” @timanglade https://medium.com/@timanglade/how-hbos-silicon-valley-built-not-hotdog-with-mobile-tensorflow-keras-react-native-ef03260747f3
[2017-06-27 09:55:17] Muito legal isso
[2017-06-27 10:10:43] Caros, acordei com um novo projeto de vida nessa manhã: uma luz stroboscopica que segue a batida da música. A regra seria eu plugar o microfone num controladorzinho de tal maneira q eu pudesse programar as configurações das luzes por conta própria.

Perguntas:
Vcs conhecem bons tutoriais pra isso?
Raspberry pi, Arduino ou laptop? 
Quais aulas do garoa seriam as mais indicadas pra eu fazer isso acontecer?
[2017-06-27 10:42:20] https://twitter.com/david__kha/status/865093285886304256
[2017-06-27 10:43:47] https://pbs.twimg.com/media/DAFtwTYVoAQ0k_L.jpg
[2017-06-27 10:48:17] photo: /home/felipe/devel/github_tvdstaaij/telegram-history-dump/output/media/Garoa_Hacker_Clube_(Público)/download_803117938_78257.jpg
[2017-06-27 10:54:58] https://www.forbes.com/sites/thomasbrewster/2017/06/27/ransomware-spreads-rapidly-hitting-power-companies-banks-airlines-metro/#6954b75d7abd
[2017-06-27 11:41:05] Tulio Samadhi joined
[2017-06-27 11:41:06] Hi Tulio !
[2017-06-27 11:44:07] Fala galera bom dia! Aqui Tulio proximo da galera de eng.fis. da usp de lorena sp e tb sou startuper com alguns projetos relacionados com a ag de inov da usp, unicamp...muito bom estar próximo! Grande abraço!
[2017-06-27 11:49:18] Ja tem empresa brasileira começando a sofrer com o ataque... tem 1 empresa multinacional que está com todos os servers desligados pq 1 deles sofreu esse ataque
[2017-06-27 11:53:35] https://thehackernews.com/2017/06/petya-ransomware-attack.html
[2017-06-27 11:53:50] India Polonia UK Espanha e assim vai
[2017-06-27 11:56:57] qual empresa?
[2017-06-27 12:53:03] https://www.bleepingcomputer.com/news/security/wannacry-d-j-vu-petya-ransomware-outbreak-wreaking-havoc-across-the-globe/
[2017-06-27 12:56:27] Pelo menos ele não reconhece o cachorro quente paulista como hot-dog.
[2017-06-27 13:44:59] 😂😂😂
[2017-06-27 14:46:57] Essa matéria parece um monte de montagens, alguém confirma que esse ransomware realmente existe?
[2017-06-27 14:50:46] serve uma prova da forbes?
[2017-06-27 14:50:47] Já saiu na mídia br
[2017-06-27 14:53:54] A matéria fala sobre maquinas com Windows sendo infectadas, não fala nada de maquinas com Linux/Unix como alguns estão dizendo que estão sendo infectadas...
[2017-06-27 14:54:49] qual?
[2017-06-27 14:59:24] https://tecnoblog.net/217587/ataque-ransomware-petya/

Tem o moments do Twitter falando ou pode buscar pelo nome que vai achar n pessoas falando.
[2017-06-27 15:02:07] 👍
[2017-06-27 15:14:03] Alguem sugere um server de email bacana
[2017-06-27 15:14:09] gratuito
[2017-06-27 15:15:15] Eu uso o Sendgrid para mandar emalis
[2017-06-27 15:15:59] é pras contas do fundação
[2017-06-27 15:16:18] no email de contato parou de funcionar de novo servidor que estou usando é ruim
[2017-06-27 15:22:33] zoho
[2017-06-27 15:29:28] hummmm di gratiz
[2017-06-27 15:29:54] Valeu
[2017-06-27 15:47:56] e para receber e tratar?
[2017-06-27 15:48:06] conhe algum?
[2017-06-27 15:48:23] tipo pop ou imap
[2017-06-27 15:48:43] Nesse caso é o Zoho.
[2017-06-27 15:59:41] Yandex, se vc não tem problema com os russos :)
[2017-06-27 16:06:35] todos nós temos,  usamos telegram
[2017-06-27 16:17:25] para ver dicas de eletrônica
https://www.youtube.com/watch?v=KapDmXEaHlk
inscreva no canal
[2017-06-27 16:32:15] Pronto ja está no zoho
[2017-06-27 16:32:50] helloword@fundacaohs.com.br
[2017-06-27 16:41:04] Como está a briga do Sci-Hub, o ‘Robin Hood da ciência’, com as grandes editoras

Grupo Elsevier venceu uma ação nos Estados Unidos que obriga a plataforma de livre acesso a artigos científicos Sci-Hub a pagar 15 milhões de dólares.

O Sci-Hub foi criado pela neurocientista do Cazaquistão Alexandra Elbakyan. A página é considerada uma espécie de Pirate Bay da ciência. Com a ajuda da comunidade científica, o Sci-Hub torna acessíveis mais de 62 milhões de artigos, burlando assinaturas e direitos autorais, segundo dados de março de 2017.  Mais de 50% do conteúdo baixado no Sci-Hub em 2016 pertence a apenas três grupos editoriais, que formam uma espécie de oligopólio de conteúdo. O maior é o Elsevier, grupo holandês, seguido por Springer Nature e Wiley-Blackwell.

O Sci-Hub auxilia as pesquisas visto que nem sempre é possível aos pesquisadores comprar todos os livros e artigos que tratam a respeito do mesmo tema.

Saiba mais no artigo de José Orenstein publicado no Nexo Jornal:

https://www.nexojornal.com.br/expresso/2017/06/26/Como-est%C3%A1-a-briga-do-Sci-Hub-o-%E2%80%98Robin-Hood-da-ci%C3%AAncia%E2%80%99-com-as-grandes-editoras
[2017-06-27 16:42:37] não seria helloworld@fundacaohs.com.br
[2017-06-27 16:42:38] ?
[2017-06-27 16:43:11] é isso mano to no trem com sono e fui educado em escola publica
[2017-06-27 16:45:57] http://www.castaliahouse.com/
[2017-06-27 16:46:26] tambem te amo
[2017-06-27 16:59:13] https://yro.slashdot.org/story/17/06/27/1718252/chinas-all-seeing-surveillance-state-is-reading-its-citizens-faces
[2017-06-27 17:11:50] https://twitter.com/flatoday_jdean/status/879734053104218113
[2017-06-27 17:13:05] https://twitter.com/INTELSAT/status/879765485973319681
[2017-06-27 17:36:25] photo: /home/felipe/devel/github_tvdstaaij/telegram-history-dump/output/media/Garoa_Hacker_Clube_(Público)/download_804206555_75490.jpg
[2017-06-27 17:36:25] Terça 27/6 no Garoa tem Noite de Processing!
[2017-06-27 17:36:25] https://garoa.net.br/wiki/Noite_de_Processing
[2017-06-27 17:36:50] hoje, logo mais :)
[2017-06-27 18:47:39] Galera, to na porta do garoa
[2017-06-27 18:47:45] E so entrar na casa?
[2017-06-27 18:49:03] Sim, se estiver aberto
[2017-06-27 18:49:26] entra segue pelo corredor e entre pela cozinha ou lab de eletronica ... portas a esquerda
[2017-06-27 18:52:45] Estou tentando ir... no metrô linha verde está tudo parado...
[2017-06-27 19:18:36] vixe
[2017-06-27 19:19:04] Alguem do grupo vai no encontro locaweb ?
[2017-06-27 19:25:50] Jogar guerrinha com Nerf?
[2017-06-27 19:25:54] até queria
[2017-06-27 19:34:07] A caminho do garoa há tem alguém por ai?
[2017-06-27 19:43:22] Acho que sim, mas não eu :)
[2017-06-27 19:54:29] http://pixelcanvas.io/
[2017-06-27 20:00:17] Galera, que canais de IRC no brasil são ativos ainda?
[2017-06-27 20:00:19] haha
[2017-06-27 20:12:11] Pessoal, estamos aceitando palestras para o encontro do Guru-SP dia 15/7:
http://speakerfight.com/events/44o-encontro-do-guru-sp-na-gympass-sabado-dia-157/
[2017-06-27 20:14:13] Alguns temas possíveis: desenvolvimento de software em geral, ciencias da computação, banco de dados, desenvolvimento web, mobile, frontend, backend, devops, novas linguagens de programação. ferramentas de produtividade, Machine Learning, Games, Retroprogramação e Ruby  :)
[2017-06-27 20:54:30] https://twitter.com/PTsecurity_UK/status/879779707075665922
[2017-06-27 20:54:33] cabô
[2017-06-27 21:16:49] pra quem curte CTF https://t.me/hackaflag
[2017-06-27 21:21:09] Pessoal, estamos aceitando doações via paypal: http://bit.ly/ajudeogaroa
[2017-06-27 21:22:08] É uma boa alternativa para quem frequenta e ainda nao é associado ou não tem como pagar uma mensalidade todo mês.
[2017-06-27 21:59:56] É possível fazer uma doação recorrente. !
[2017-06-27 22:24:50] Alguém,  além do Fábio vai na virada tecnológica?
[2017-06-27 22:32:21] Aleluia!
[2017-06-27 22:33:15] Tem página isso?
[2017-06-27 22:33:43] tem,  vai ser na puc
[2017-06-27 22:33:47] perai
[2017-06-27 22:35:05] https://www.sympla.com.br/virada-tecnologica-sao-paulo---2017__144564
[2017-06-27 22:35:36] Putz, acho que não vou poder
[2017-06-27 22:35:46] Mas parece legal!
[2017-06-27 22:40:18] @Latex_lin, você estava perguntando se tinha um link...
[2017-06-27 22:41:07] Não posso ir... domingo tenho vestibular...
[2017-06-27 22:42:06] photo: /home/felipe/devel/github_tvdstaaij/telegram-history-dump/output/media/Garoa_Hacker_Clube_(Público)/download_803119623_79208.jpg
[2017-06-27 22:56:02] photo: /home/felipe/devel/github_tvdstaaij/telegram-history-dump/output/media/Garoa_Hacker_Clube_(Público)/download_803119507_78382.jpg
[2017-06-27 22:59:58] Petya/Petwrap ransomware

Affected countries: UK, Ukraine, India, the Netherlands, Spain, Denmark, and others

Behavior:
Encrypts MFT (Master File Tree) tables for NTFS partitions and overwrites the MBR (Master Boot Record) with a custom bootloader that shows a ransom note and prevents victims from booting their computer.


Actions to be taken:
1. Block source E-mail address
wowsmith123456@posteo.net

2. Block domains:
http://mischapuk6hyrn72.onion/
http://petya3jxfp2f7g3i.onion/
http://petya3sen7dyko2n.onion/
http://mischa5xyix2mrhd.onion/MZ2MMJ
http://mischapuk6hyrn72.onion/MZ2MMJ
http://petya3jxfp2f7g3i.onion/MZ2MMJ
http://petya3sen7dyko2n.onion/MZ2MMJ
http://benkow.cc/71b6a493388e7d0b40c83ce903bc6b04.bin 
COFFEINOFFICE.XYZ
http://french-cooking.com/

3. Block IPs:
95.141.115.108
185.165.29.78
84.200.16.242
111.90.139.247
 
4. Apply patches:
Refer(in Russian): https://habrahabr.ru/post/331762/

5. Disable SMBv1

6. Update Anti-Virus hashes
a809a63bc5e31670ff117d838522dec433f74bee
bec678164cedea578a7aff4589018fa41551c27f
d5bf3f100e7dbcc434d7c58ebf64052329a60fc2
aba7aa41057c8a6b184ba5776c20f7e8fc97c657
0ff07caedad54c9b65e5873ac2d81b3126754aac
51eafbb626103765d3aedfd098b94d0e77de1196
078de2dc59ce59f503c63bd61f1ef8353dc7cf5f
7ca37b86f4acc702f108449c391dd2485b5ca18c
2bc182f04b935c7e358ed9c9e6df09ae6af47168
1b83c00143a1bb2bf16b46c01f36d53fb66f82b5
82920a2ad0138a2a8efc744ae5849c6dde6b435d

myguy.xls EE29B9C01318A1E23836B949942DB14D4811246FDAE2F41DF9F0DCD922C63BC6
BCA9D6.exe 17DACEDB6F0379A65160D73C0AE3AA1F03465AE75CB6AE754C7DCB3017AF1FBD
[2017-06-27 23:00:09] 👍
[2017-06-27 23:02:23] motorista do uber quase foi embora porque meu local era Garoa HACKER clube
[2017-06-27 23:02:54] e  "tá rolando mais um desses vírus doidos"
[2017-06-27 23:03:14] 😂😂😂😂😂😂😂
[2017-06-27 23:03:35] Malditos jovens do reggae
[2017-06-27 23:46:46] Poutz... não lembro qual é a referência. Turma do Fudêncio?
[2017-06-27 23:47:35] Yep! Fudêncio e Seus Amigos...
[2017-06-27 23:47:44] Infortúnio...
[2017-06-27 23:52:49] Eu sempre me fodo nessa merda
[2017-06-27 23:53:09] Era engraçado demais kkkk
[2017-06-27 23:54:27] Adorava!
[2017-06-27 23:54:35] Assistia até as reprises... heheeh
