[2016-06-11 00:41:02] Massa isso! Tem umas da Cryptorave do ano passado nessa cor que são bem bonitas
[2016-06-11 10:05:01] Galerinha do bem: Lista de Compras para a Hackermesse do Garoa. Quem puder trazer esses itens, será recebido com amor (o sentimento, não a paçoca)

- Pães de Hot Dog (temos umas 40 salsichas)
- Doces Juninos != Paçoca
- Gengibre
- Se lembrar de outras coisas, posto aqui =)
[2016-06-11 12:04:40] Quanto custa para entrar ?
[2016-06-11 12:08:08] a entrada é esses itens
[2016-06-11 12:13:44] Entendi
[2016-06-11 12:24:00] to brincando
[2016-06-11 12:24:03] pode só chegar
[2016-06-11 12:24:08] ai la vai ter preços
[2016-06-11 12:24:20] teoricamente tu dá 30+ reais se comer muito e tudo
[2016-06-11 12:24:54] afonso, conseguiu usar o webdav?
[2016-06-11 12:28:14] Povo, sobre BSides, hoje só rola atividades, certo? Tipo oficina, workshop, CTF... se não me inscrevi em alguma atividade, será que compensa eu ir?
[2016-06-11 12:32:44] Hahahahahaha
[2016-06-11 12:32:44] Rá!
[2016-06-11 12:52:01] Hoje são os treinamentos. Amanhã que a pegada é boa
[2016-06-11 12:52:51] As entradas free acabaram. No eventbrite tem de vinte conto
[2016-06-11 13:43:45] Vou dar uma passada lá, e depois vou pro Garoa... acho que vou na caminhada...
[2016-06-11 13:44:10] Logo estou no Garoa 😃
[2016-06-11 14:18:13] document: /home/felipe/devel/github_tvdstaaij/telegram-history-dump/output/media/Garoa_Hacker_Clube_(Público)/download_803712919_45149.jpg
[2016-06-11 14:18:18] Começou o hardcode no #ShiftHackathon
[2016-06-11 14:22:02] Gif fica deitado no telegram
[2016-06-11 14:22:34] É que o gif tá dormindo
[2016-06-11 14:33:04] Se estivesse em pé seria easycode... that's the hard way...
[2016-06-11 14:34:01] Lançamento do maior foguete em operação nos EUA agora: livestreamer http://original.livestream.com/spaceflightnow best
[2016-06-11 14:36:30] "Porque .space?"... hahahaha...
[2016-06-11 14:36:30] Rá!
[2016-06-11 15:00:59] :-)
[2016-06-11 16:40:41] Pessoal, alguém comentou que tinha achado bandeirinhas de festa junina no garoa. Alguém lembra?
[2016-06-11 16:44:29] era uma sacola?
[2016-06-11 17:03:44] Não lembro
[2016-06-11 17:04:46] Arroz (para fazer arroz doce)
[2016-06-11 17:05:30] Arroz doce 😍
[2016-06-11 17:05:44] Que horas começa o Hackermesse?
[2016-06-11 17:06:31] document: /home/felipe/devel/github_tvdstaaij/telegram-history-dump/output/media/Garoa_Hacker_Clube_(Público)/download_255942482762662213.webp
[2016-06-11 17:10:21] a caminho
[2016-06-11 17:10:31] saindo de casa agora
[2016-06-11 17:26:49] Pagamento só em dinheiro ?
[2016-06-11 18:00:14] Tem maquininha
[2016-06-11 18:01:27] Beleza
[2016-06-11 18:01:36] To na paulista... Vou dar uma passada aí
[2016-06-11 18:01:56] George... faz um favor?
[2016-06-11 18:02:19] Pode falar
[2016-06-11 18:02:21] Sr a Kalunga estiver aberta..  preciso de sulfite colorido
[2016-06-11 18:02:40] Um pacotinho de 100 folhas só
[2016-06-11 18:02:56] Beleza
[2016-06-11 18:03:11] document: /home/felipe/devel/github_tvdstaaij/telegram-history-dump/output/media/Garoa_Hacker_Clube_(Público)/download_255942482762662212.webp
[2016-06-11 18:03:17] Sabe onde é?
[2016-06-11 18:03:50] Sei sim
[2016-06-11 18:07:20] document: /home/felipe/devel/github_tvdstaaij/telegram-history-dump/output/media/Garoa_Hacker_Clube_(Público)/download_68357488302358659.ogg
[2016-06-11 18:12:25] photo: /home/felipe/devel/github_tvdstaaij/telegram-history-dump/output/media/Garoa_Hacker_Clube_(Público)/download_803705983_44701.jpg
[2016-06-11 18:13:34] photo: /home/felipe/devel/github_tvdstaaij/telegram-history-dump/output/media/Garoa_Hacker_Clube_(Público)/download_421937921_95831.jpg
[2016-06-11 18:20:36] Kalunga aberto até as 19:00:
https://goo.gl/maps/xSot8kazRFq
[2016-06-11 18:21:08] Passei agora a pouco na frente e as portas estavam baixas
[2016-06-11 18:21:31] A Kalunga do Shopping Eldorado acho que fica até as 22:00...
[2016-06-11 18:22:47] (Agora de carro) passei na frente da Kalunga da paulista vi fechada e adiantei
[2016-06-11 18:22:58] No caminho se encontrar alguma outra loja que venda eu compro.
[2016-06-11 18:24:34] document: /home/felipe/devel/github_tvdstaaij/telegram-history-dump/output/media/Garoa_Hacker_Clube_(Público)/download_826459275206328386.webp
[2016-06-11 18:38:09] já tem arroz doce?
[2016-06-11 18:38:13] quero um quentinho
[2016-06-11 18:38:18] To na porta do garoa
[2016-06-11 18:38:21] A galera aqui já está pra ir pro Garoa
[2016-06-11 18:46:16] os gringos querem caipirinha
[2016-06-11 18:48:52] Estou a caminho...
[2016-06-11 18:49:01] tem como fazer caipirinha?
[2016-06-11 18:58:37] precisa de mais cachaça e limão
[2016-06-11 19:00:20] já está sendo providenciado
[2016-06-11 19:04:47] document: /home/felipe/devel/github_tvdstaaij/telegram-history-dump/output/media/Garoa_Hacker_Clube_(Público)/download_421939254_95814.jpg
[2016-06-11 19:27:05] estamos sem gás
[2016-06-11 19:31:43] agora tem gás
[2016-06-11 19:32:10] os caras estao ninja ai, hein?
[2016-06-11 20:37:11] oficina de caipirinha pra estrangeiros
[2016-06-11 20:43:41] photo: /home/felipe/devel/github_tvdstaaij/telegram-history-dump/output/media/Garoa_Hacker_Clube_(Público)/download_421937514_95036.jpg
[2016-06-11 20:44:52] photo: /home/felipe/devel/github_tvdstaaij/telegram-history-dump/output/media/Garoa_Hacker_Clube_(Público)/download_421939186_96871.jpg
[2016-06-11 20:45:03] photo: /home/felipe/devel/github_tvdstaaij/telegram-history-dump/output/media/Garoa_Hacker_Clube_(Público)/download_421937608_96260.jpg
[2016-06-11 20:46:12] photo: /home/felipe/devel/github_tvdstaaij/telegram-history-dump/output/media/Garoa_Hacker_Clube_(Público)/download_421938748_96152.jpg
[2016-06-11 20:48:24] photo: /home/felipe/devel/github_tvdstaaij/telegram-history-dump/output/media/Garoa_Hacker_Clube_(Público)/download_421940761_95527.jpg
[2016-06-11 20:49:22] photo: /home/felipe/devel/github_tvdstaaij/telegram-history-dump/output/media/Garoa_Hacker_Clube_(Público)/download_421938035_95003.jpg
[2016-06-11 20:50:11] photo: /home/felipe/devel/github_tvdstaaij/telegram-history-dump/output/media/Garoa_Hacker_Clube_(Público)/download_421939341_95012.jpg
[2016-06-11 20:50:37] photo: /home/felipe/devel/github_tvdstaaij/telegram-history-dump/output/media/Garoa_Hacker_Clube_(Público)/download_421938107_95678.jpg
[2016-06-11 20:51:27] photo: /home/felipe/devel/github_tvdstaaij/telegram-history-dump/output/media/Garoa_Hacker_Clube_(Público)/download_421939008_94404.jpg
[2016-06-11 20:51:28] photo: /home/felipe/devel/github_tvdstaaij/telegram-history-dump/output/media/Garoa_Hacker_Clube_(Público)/download_421940092_95904.jpg
[2016-06-11 20:52:21] photo: /home/felipe/devel/github_tvdstaaij/telegram-history-dump/output/media/Garoa_Hacker_Clube_(Público)/download_7173162320003294.webp
[2016-06-11 20:52:33] photo: /home/felipe/devel/github_tvdstaaij/telegram-history-dump/output/media/Garoa_Hacker_Clube_(Público)/download_421937760_95295.jpg
[2016-06-11 20:52:51] photo: /home/felipe/devel/github_tvdstaaij/telegram-history-dump/output/media/Garoa_Hacker_Clube_(Público)/download_802232857_98343.jpg
[2016-06-11 20:54:48] photo: /home/felipe/devel/github_tvdstaaij/telegram-history-dump/output/media/Garoa_Hacker_Clube_(Público)/download_553458363459960882.webp
[2016-06-11 20:55:31] document: /home/felipe/devel/github_tvdstaaij/telegram-history-dump/output/media/Garoa_Hacker_Clube_(Público)/download_658074485366195375.webp
[2016-06-11 20:56:48] document: /home/felipe/devel/github_tvdstaaij/telegram-history-dump/output/media/Garoa_Hacker_Clube_(Público)/download_422091437182550031.webp
[2016-06-11 20:57:14] document: /home/felipe/devel/github_tvdstaaij/telegram-history-dump/output/media/Garoa_Hacker_Clube_(Público)/download_421939670_95232.jpg
[2016-06-11 21:10:45] Fabricio Biazzotto ☂ added 
[2016-06-11 21:14:25] document: /home/felipe/devel/github_tvdstaaij/telegram-history-dump/output/media/Garoa_Hacker_Clube_(Público)/download_362950403236561115.webp
[2016-06-11 22:23:47] Já ta todo mundo trançando as pernas?
[2016-06-11 22:27:18] Eu tô
[2016-06-11 22:47:40] Pessoal mais louco que o Bátima
[2016-06-11 22:48:31] document: /home/felipe/devel/github_tvdstaaij/telegram-history-dump/output/media/Garoa_Hacker_Clube_(Público)/download_421939673_94594.jpg
[2016-06-11 22:49:42] 😂😂😂😂
[2016-06-11 22:50:17] document: /home/felipe/devel/github_tvdstaaij/telegram-history-dump/output/media/Garoa_Hacker_Clube_(Público)/download_680217167785885776.mp4
