[2017-05-06 01:16:08] https://motherboard.vice.com/en_us/article/how-to-report-on-a-hack-without-becoming-a-puppet?utm_source=mbtwitter
[2017-05-06 02:18:47] photo: /home/felipe/devel/github_tvdstaaij/telegram-history-dump/output/media/Garoa_Hacker_Clube_(Público)/download_803115508_48218.jpg
[2017-05-06 02:18:56] Anchises palestrando na Cryptorave
[2017-05-06 02:53:01] Já tem alguém chapo por ia? :D
[2017-05-06 04:03:04] photo: /home/felipe/devel/github_tvdstaaij/telegram-history-dump/output/media/Garoa_Hacker_Clube_(Público)/download_803111349_66227.jpg
[2017-05-06 04:03:14] @anchisesbr dando 2hrs de palestra
[2017-05-06 04:14:36] opa espero ir na proxima
[2017-05-06 06:22:15] 👍
[2017-05-06 06:23:21] Quase 2h40...
[2017-05-06 06:23:43] parabens @anchisesbr
[2017-05-06 06:59:56] tenho convites no keybase.io
[2017-05-06 07:10:16] Too late to affect vote é inocência ou cinismo. Claro que pode afetar.
[2017-05-06 08:24:55] Cinismo puro
[2017-05-06 10:27:30] Vou na palestra de redes mesh autonomas livres as 14h  https://cpa.cryptorave.org/pt-BR/CR2017/public/events/102
[2017-05-06 10:28:58] Logo mais o keynote na #cryptorave #cr2017 10h30 Lili_Anaz Sasha
[2017-05-06 10:33:18] 11h não?
[2017-05-06 10:37:19] Ainda não começou mesmo. Mas estava 10h30 na programação impressa
[2017-05-06 10:42:38] Vai ter streaming
[2017-05-06 10:42:48] vai ter?
[2017-05-06 10:42:58] vou assistir as palestras se tiver
[2017-05-06 10:47:56] Só das keynotes
[2017-05-06 10:48:13] <iframe width="560" height="315" src="https://www.youtube.com/embed/ZuKU7X5n0cA" frameborder="0" allowfullscreen></iframe>
[2017-05-06 10:48:19] qual o endereço?
[2017-05-06 11:36:23] Attacked Over Tor
http://www.hackerfactor.com/blog/index.php?/archives/762-Attacked-Over-Tor.html
[2017-05-06 11:39:29] MC hackudao os​ estará presente hoje na cryptorave a partir das 13:00 :) referência uma bandana na mão kk
[2017-05-06 11:46:57] Edu Filipe joined
[2017-05-06 11:46:58] Hi Edu !
[2017-05-06 12:13:34] Quem ta na cryptorave?
[2017-05-06 12:37:50] Acabei de sair :(
[2017-05-06 12:39:13] Chego em 5 minutos
[2017-05-06 12:42:24] Tou aqui na sala com o erick
[2017-05-06 12:54:44] photo: /home/felipe/devel/github_tvdstaaij/telegram-history-dump/output/media/Garoa_Hacker_Clube_(Público)/download_803734117_96456.jpg
[2017-05-06 13:05:49] Acordei a pouco, não vou conseguir chegar pra palestra desse cabeça
[2017-05-06 13:07:20] Jã!? Putz, sei la po eu pensei q era as 14h
[2017-05-06 13:07:22] :(
[2017-05-06 13:07:44] 😢
[2017-05-06 13:11:09] A serenidade na cara do palestrante sênior
[2017-05-06 13:17:00] photo: /home/felipe/devel/github_tvdstaaij/telegram-history-dump/output/media/Garoa_Hacker_Clube_(Público)/download_803110413_65650.jpg
[2017-05-06 13:17:26] @erickemi na #cryptorave
[2017-05-06 13:17:52] photo: /home/felipe/devel/github_tvdstaaij/telegram-history-dump/output/media/Garoa_Hacker_Clube_(Público)/download_803113656_48773.jpg
[2017-05-06 13:17:55] acho que ja vi aquela guria ruiva
[2017-05-06 13:17:59] '-' tenho medo
[2017-05-06 13:18:20] Quem deveria ter medo é ela
[2017-05-06 13:18:39] asuahsauhs barbaridade
[2017-05-06 13:18:49] Aahhahahahahahah
[2017-05-06 13:18:55] eu errei achei que era outra
[2017-05-06 14:10:48] Não vai dar pra eu ir hoje, família veio aqui pra minha casa
[2017-05-06 14:45:16] Dorgas
[2017-05-06 14:45:25] photo: /home/felipe/devel/github_tvdstaaij/telegram-history-dump/output/media/Garoa_Hacker_Clube_(Público)/download_803735774_98308.jpg
[2017-05-06 14:45:47] @Yumizinha , sticker!!!! 👆
[2017-05-06 14:54:34] Estamos no terraço 👍 Mike está se divertindo com a idéia de fazer uma rede mash
[2017-05-06 15:21:49] Poxa achei que era mais tarde
[2017-05-06 15:21:54] Acabou já!?
[2017-05-06 16:05:32] photo: /home/felipe/devel/github_tvdstaaij/telegram-history-dump/output/media/Garoa_Hacker_Clube_(Público)/download_804206698_50123.jpg
[2017-05-06 16:05:33] Aê galera!
[2017-05-06 16:25:21] Show
[2017-05-06 16:44:00] Palestra do Diego Aranha na CR17 tá lotada 👏
[2017-05-06 16:44:10] photo: /home/felipe/devel/github_tvdstaaij/telegram-history-dump/output/media/Garoa_Hacker_Clube_(Público)/download_804206288_50042.jpg
[2017-05-06 16:55:00] Show
[2017-05-06 18:16:47] photo: /home/felipe/devel/github_tvdstaaij/telegram-history-dump/output/media/Garoa_Hacker_Clube_(Público)/download_804740552_1282.jpg
[2017-05-06 18:16:47] https://docs.google.com/forms/d/e/1FAIpQLScwNXEOq1wsG90h0YMe3ICCb61ieVNrAa77cNJS1HMDE3nhUA/viewform?usp=sf_link
[2017-05-06 18:17:27] Pessoal, desculpe o atraso, mas segue a grade do curso de Economia Política que vai rolar.
[2017-05-06 18:18:04] Estão tod@s convidad@s!
[2017-05-06 19:08:04] Super relavante para este grupo! </sarcasmo>
[2017-05-06 19:10:36] document: /home/felipe/devel/github_tvdstaaij/telegram-history-dump/output/media/Garoa_Hacker_Clube_(Público)/download_64858803648070160.webp
[2017-05-06 19:10:39] Argh
[2017-05-06 19:11:48] Gostei do sticker, não tinha... Valeu 👊👍
[2017-05-06 19:17:28] Zé o curso é um dia e se repete ou serão todos os dias ali listados?
[2017-05-06 19:18:15] A cada 15 dias. São os dias listados mesmo, pois reservamos com o pessoal do Instituto Federal 👍
[2017-05-06 19:18:42] Acho que é por causa do público alvo (que é alguns de nós). Mas parece-me que o público alvo e o conteúdo estão desconectados. Eu sugeriria introduzir tópicos e abordagem que conectassem diretamente o público alvo e o resto do conteúdo. Daí vai fazer mais sentido e, principalmente, será mais atraente.
[2017-05-06 19:20:22] Espero que seja construtivo. Acho que elaborei em cima da crítica do OTP, essencialmente.
[2017-05-06 19:21:42] Beleza
[2017-05-06 19:25:57] Pois é, mas não consegui pensar muito com o pessoal que dará a parte teórica. A intenção é que possamos adaptar para um próximo. Participa aí e colabore 👍
[2017-05-06 19:34:26] Por favor, não poste coisas relacionadas a política aqui
[2017-05-06 19:39:40] https://www.facebook.com/events/101182000451197/?ti=as
