[2016-06-21 08:09:59] document: /home/felipe/devel/github_tvdstaaij/telegram-history-dump/output/media/Garoa_Hacker_Clube_(Público)/download_413438718758617126.webp
[2016-06-21 08:11:47] @Fabiohirano @Yumizinha por curiosidade, quem eram as pessoas na biblioteca durante a oficina?
[2016-06-21 10:07:36] @Biazzotto Cara, uma última coisa que esqueci de pergunta ontem aproveitando a questão do curso de GIT. Ele vai manter o vídeo gravado ?
[2016-06-21 10:19:43] era o pessoal do Jean
[2016-06-21 10:19:56] elaborando oficina de game jam
[2016-06-21 11:00:33] oficina de game jam? legal, tem página na wiki isso? tem data?
[2016-06-21 11:04:22] ele faz coisas de game jam, mas estava elaborando uma oficina de introdução ao scratch... eu só conversei um pouco com as pessoas antes do Jean chegar, sei pouco da atividade em si
[2016-06-21 11:04:57] Eu me isolei no lab de eletrônica pra programar, nem fiquei na conversa
[2016-06-21 12:17:12] photo: /home/felipe/devel/github_tvdstaaij/telegram-history-dump/output/media/Garoa_Hacker_Clube_(Público)/download_803718897_48949.jpg
[2016-06-21 12:17:36] document: /home/felipe/devel/github_tvdstaaij/telegram-history-dump/output/media/Garoa_Hacker_Clube_(Público)/download_680217167785885776.mp4
[2016-06-21 12:38:59] eita
[2016-06-21 12:42:20] Kkkkk
[2016-06-21 14:13:54] George, ele não comentou se irá deixar gravado... você pode perguntar no link que eu passei...
[2016-06-21 14:58:10] document: /home/felipe/devel/github_tvdstaaij/telegram-history-dump/output/media/Garoa_Hacker_Clube_(Público)/download_194397499786527094.webp
[2016-06-21 15:34:03] Galera, o Encontro Locaweb é amanhã e terá salas de mkt digital, Desenvolvimento e ecommerce. A sala de Desenvolviemnto está bem legal. Haverá inscrições na hora, mas se alguém quiser ir e garantir 50% de desconto, pode usar o código PRCLW, mas só até hj: http://eventos.locaweb.com.br/18o-encontro-locaweb-sao-paulo/
[2016-06-21 15:52:09] Tá com essa cara msm hahaha
[2016-06-21 15:55:04] nao posto foto mais
[2016-06-21 16:06:39] Só faça uma cara mais bonitinha da próxima vez
[2016-06-21 16:07:03] Acho q isso é uma contradição
[2016-06-21 16:07:11] document: /home/felipe/devel/github_tvdstaaij/telegram-history-dump/output/media/Garoa_Hacker_Clube_(Público)/download_658074485366195400.webp
[2016-06-21 16:40:18] hihihi...
[2016-06-21 16:43:17] O bot voltou...
[2016-06-21 16:43:29] O que é bot?
[2016-06-21 16:43:31] A Wikipédia diz que "Bot, diminutivo de robot, também conhecido como Internet bot ou web robot, é uma aplicação de software concebido para simular ações humanas repetidas vezes de maneira padrão, da mesma forma como faria um robô. No contexto dos programas de computador, pode ser um utilitário que desempenha tarefas rotineiras ou, num jogo de computador, um adversário com recurso a inteligência artificial." 
Saiba mais sobre Bot.
[2016-06-21 16:43:31] hahah
[2016-06-21 16:43:35] :-)
[2016-06-21 16:43:46] Onde é o Google Campus São Paulo?
[2016-06-21 16:43:47] é voltou
[2016-06-21 16:43:48] geo
[2016-06-21 16:43:59] Onde eu moro?
[2016-06-21 16:44:09] kkk
[2016-06-21 16:44:33] Onde é a casa do @Henryjr?
[2016-06-21 16:44:35] Não consegui achar casa do @Henryjr?. :-(
Isso é mesmo um endereço?
[2016-06-21 16:44:42] Hahahaha...
[2016-06-21 16:44:47] hahaha
[2016-06-21 16:44:48] já deu...
[2016-06-21 16:45:01] Zuera Never End
[2016-06-21 16:45:14] ele não acha graça quando é com ele..
[2016-06-21 16:45:17] hahaha
[2016-06-21 16:47:13] document: /home/felipe/devel/github_tvdstaaij/telegram-history-dump/output/media/Garoa_Hacker_Clube_(Público)/download_658074485366195157.webp
[2016-06-21 17:12:28] "Ah, eu vou pro Garoa mais cedo e fico trabalhando de lá". Alguém já conseguiu essa proeza?
[2016-06-21 17:12:39] Se conseguiu, por favor me dê a fórmula
[2016-06-21 17:14:03] Põe na Wiki!!!
[2016-06-21 17:14:22] document: /home/felipe/devel/github_tvdstaaij/telegram-history-dump/output/media/Garoa_Hacker_Clube_(Público)/download_396350770464686325.webp
[2016-06-21 18:02:40] @Fabiohirano como era aquela sua história do bot com Python?
[2016-06-21 18:03:54] Putz, ficou no meu outro computador, tenho que subir num github da vida... mas me baseei nisso aqui http://www.dototot.com/how-to-write-a-twitter-bot-with-python-and-tweepy/
[2016-06-21 18:04:29] legal, vou estudar e te encher o saco depois
[2016-06-21 18:04:51] 👍
[2016-06-21 18:13:54] Por favor =)
[2016-06-21 18:21:17] mano usa o bot do twitter para ele repetir as frases traduzidas na lib do portunhol
[2016-06-21 19:19:27] GÊNIO
[2016-06-21 19:23:30] tl;dr uma vez fiz um bot pra twitter para uma competição da Caixa no FISL e ele postava palavras aleatórias vindas de um dicionario do libreoffice
[2016-06-21 19:24:23] O problema é que haviam pessoas lendo os tweets antes de classificar
[2016-06-21 19:26:26] Era melhor eu ter dado um tipo de RT nas outras pessoas 😁
[2016-06-21 19:30:57] Hoje tem reunião do CMC 👍
[2016-06-21 19:31:04] Eu to a caminho 👍
[2016-06-21 19:32:12] embarcando na linha amarela, logo mais estarei num CMC mais próximo de você
[2016-06-21 19:32:40] Descobri indo para minha iniciação científica q saindo dela eu poderia ir pro garoa rapidinho
[2016-06-21 19:36:43] Estou entrando pra uma reunião
[2016-06-21 19:37:06] saindo daqui eu pego um uber...
[2016-06-21 19:44:34] Estamos quase com quórum
[2016-06-21 19:44:53] rodizio, chego umas 20:15
[2016-06-21 19:44:57] Eu precisava estar aí mas tenho um curso este horário
[2016-06-21 19:45:14] Estou com uma pendência de mensalidades
[2016-06-21 19:45:15] estou tentando ir
[2016-06-21 19:45:53] @Biazzotto está fazendo um lightning talk com todas as suas ideias de aplicativos que teve na vida
[2016-06-21 19:46:05] =)
[2016-06-21 19:46:23] que legal...
[2016-06-21 19:46:25] kkkk
[2016-06-21 19:46:29] hihihi...
[2016-06-21 19:59:52] O que tem hoje  no Garoa que estão movimentados?
[2016-06-21 20:00:15] CMC
[2016-06-21 20:01:05] document: /home/felipe/devel/github_tvdstaaij/telegram-history-dump/output/media/Garoa_Hacker_Clube_(Público)/download_15405485050036958.webp
[2016-06-21 20:01:14] document: /home/felipe/devel/github_tvdstaaij/telegram-history-dump/output/media/Garoa_Hacker_Clube_(Público)/download_58023844232823439.webp
[2016-06-21 20:01:29] peeedo!
[2016-06-21 20:01:46] Ah sim, obrigado
[2016-06-21 20:08:08] rá
[2016-06-21 20:08:13] cheguei antes do anchises
[2016-06-21 20:14:34] acho que está rolando novamente um lag entre a lista dos próximos eventos incrustrada na página principal
[2016-06-21 20:14:35] https://garoa.net.br/wiki/P%C3%A1gina_principal
[2016-06-21 20:15:09] e a na categoria eventos https://garoa.net.br/wiki/Categoria:Eventos
[2016-06-21 20:17:29] pq mudou o nome da competição de seguidores de linha?
[2016-06-21 20:45:42] Estamos tentando um acordo de cavalheiros aqui para definir os nomes
[2016-06-21 20:49:12] julgo ser no servidor, nenhum reset de cache local soluciona isso
[2016-06-21 20:49:19] culpo o oda ter movido o servidor
