[2016-09-07 00:11:55] Manda imediatamente o slave, porque eles estão esperando. Eles poderiam até participar nesta quarta do evento, remotamente.
[2016-09-07 00:12:47] @rodrigopitanga
[2016-09-07 01:18:22] Já leu Ghost in the Wires do Mitnick?
[2016-09-07 08:00:16] eu conheco os livros do mitnick........ja li os 2 primeiros dele.....mas o ultimo  ainda nao.....tinha me esquecido q ainda tinha esse ultimo
[2016-09-07 08:02:33] mas to procurando um livro texto pra conhecer novidades......e tecnicas e ferramentas.....mas obrigado pela dica
[2016-09-07 09:21:58] Excelente!
[2016-09-07 13:55:30] Tentei comprar nos eua e não consegui
[2016-09-07 13:55:45] Vou comprar pro Ipad e vou ler, mas parece ser muito bom
[2016-09-07 13:56:48] Tenho em ePub. Te envio quando achar.
[2016-09-07 13:58:31] Novidades compensa seguir blogs.
Ferramentas você pode olhar as que vem no Kali e aprender o que fazem.
Técnicas você pode mesclar as duas técnicas acima
[2016-09-07 13:59:24] @Joebs se for de SP, dia 17 vamos começar a formatar um evento de InfoSec no Garoa
[2016-09-07 14:27:56] Precisamos fazer um adesivo do quebrando o cerco
[2016-09-07 14:42:53] Alguém aqui já usou o Tensor Flow?
[2016-09-07 15:13:06] To pensado na arte.
Tenho uma ideia já para o #RoubaBandeira o evento de #CTF que vai rolar periodicamente também
[2016-09-07 15:18:32] Pergunta aos mais velhos: tem alguns roteadores lá no depósito, pode fazer flash/engenharia reversa/desmontar um ou outro? Tem fonte?
[2016-09-07 15:22:58] Sim, não
[2016-09-07 15:27:05] Okay
[2016-09-07 15:27:21] Fonte eu compro/descolo
[2016-09-07 15:40:50] Procuro emprego. Estou disponivel a partir de Janeiro de 2017. Projeto PCBs e codifico firmware livre em troca de comida.
[2016-09-07 15:49:03] que merda, se souber de algo aviso
[2016-09-07 16:04:34] Felipe, manja C? Programação de jogos? Teria alguma coisa contra codigo absurdamente fechado?
[2016-09-07 16:52:42] Hahhaa
[2016-09-07 16:52:55] Já adianto: sim, sim, e SIM.
[2016-09-07 17:06:38] essa ultima pegou pesado :D
[2016-09-07 17:24:26] Prereq com assinatura em cartório e a porra toda :/
[2016-09-07 17:26:26] Cara, acho até engraçado perguntar isso para o Juca.
[2016-09-07 17:26:48] Hahahaha... verdade...
[2016-09-07 17:27:18] O Felipe "Juca" Sanches é membro da FSF...
https://www.fsf.org/working-together/profiles/felipe-sanches
[2016-09-07 17:28:27] Não só membro. É provavelmente o opositor mais ferrenho de software privativo do Garoa
[2016-09-07 17:28:56] Sim... certeza...
[2016-09-07 17:46:37] ah... de longe
[2016-09-07 17:46:52] o pitanga em em seguida
[2016-09-07 17:47:16] mas nao eh tao ferrenho
[2016-09-07 17:48:24] Que pena.
[2016-09-07 18:06:51] Li e achei que o garoa tinha um software fechado
[2016-09-07 18:10:59] O sentido da frase foi "o opositor de software privativo mais ferrenho do Garoa"... o Aylons deve ter escritor em "metreyodês"... hahahaha...
[2016-09-07 18:14:46] Sim, eu entendi Hehe. É que deu um tilt, mas passou
[2016-09-07 18:18:23] paga quanto?
[2016-09-07 18:20:06] Dai tem que ver na entrevista com o pessoal. Nem sei se tem vaga ainda pra este ano, mas nao duvido.
[2016-09-07 19:21:20] Que pena, não. Muito pelo contrário!!!
[2016-09-07 19:26:06] Sim. Sim. Prefiro vender água de coco na praia.
[2016-09-07 19:49:11] cara, nao descarte essa possibilidade :D
[2016-09-07 19:54:29] dá bastante grana vender agua de coco
[2016-09-07 19:58:38] gutem manda pra mim esse epub do ghost in the wired
[2016-09-07 19:58:38] os outros 2 eu ja tenho
[2016-09-07 19:58:38] art of deception e art of invasion
[2016-09-07 20:04:26] E fazer hardware aberto com software proprietário?
[2016-09-07 20:05:58] e fazer hardware aberto na praia?
[2016-09-07 20:06:13] ou vender água de coco com software proprietário
[2016-09-07 20:06:21] Com palha de coco
[2016-09-07 20:10:43] Vender coco aberto com facão proprietário. E receber em moeda comunitária.
[2016-09-07 20:14:47] BITCOIN
[2016-09-07 20:23:55] Bitcoco
[2016-09-07 20:27:01] hackear o kernel do côco pra colocar mais dados em /dev/water
[2016-09-07 20:35:52] Coconut Road.
http://images.all-free-download.com/images/graphiclarge/person_riding_camel_clip_art_6717.jpg
[2016-09-07 20:47:52] Joao Vitor joined
[2016-09-07 20:47:52] Hi Joao !
[2016-09-07 23:41:52] Théo Lapido joined
[2016-09-07 23:41:52] Hi Théo !
[2016-09-07 23:42:58] Coco aberto eh um bom negócio... pena que todos eles viram proprietários
[2016-09-07 23:43:47] E essa história toda me lembra de algo que queria MUITO fazer... hackerspace em alto mar
[2016-09-07 23:43:56] photo: /home/felipe/devel/github_tvdstaaij/telegram-history-dump/output/media/Garoa_Hacker_Clube_(Público)/download_803705093_90080.jpg
[2016-09-07 23:43:57] noh
[2016-09-07 23:44:00] luau tecnológico
[2016-09-07 23:44:25] cadê garoa camp 2.0 com luau
[2016-09-07 23:44:41] sério... testar sonares e softwares de navegação abertos... nem sei se já tem
[2016-09-07 23:45:38] do meu lado holandês... a minha geração é a primeira que nunca naufragou uma embarcação
[2016-09-07 23:57:15] Fora que em alto mar a lei é meio que outra, né?
