[2016-08-24 02:16:48] hahahaha fantástico
[2016-08-24 07:10:38] ein erin essa caixa preta com botoes ....qual a funcao????? desculpa minha ignorancia
[2016-08-24 07:12:23] isso é um sintetizador musical????
[2016-08-24 07:17:28] alguem mexe com as ferramentas ....linset e Set do kali....estou com dificuldade pea fazer funcionar no kali o linset pois so consigo no wifislacks
[2016-08-24 07:19:50] o linset reconhece minha placa wifi como mon0 no wifislack....ja no kali ela passa ser wlanmo0.......acho q esse é o problema ....so nao sei onde altera isso dentro do linset
[2016-08-24 13:03:25] caixa de som
[2016-08-24 13:17:59] Cut Costura - Garoa Hacker Clube
https://garoa.net.br/wiki/Cut_Costura
[2016-08-24 13:18:29] 👆estreia segunda 29/8
[2016-08-24 13:19:14] EU VOU!🖐🏻
[2016-08-24 13:20:13] document: /home/felipe/devel/github_tvdstaaij/telegram-history-dump/output/media/Garoa_Hacker_Clube_(Público)/download_61206384934388105.webp
[2016-08-24 21:19:12] Hoje eu fiz o dojo com Arduino do Garoa no IA-UNESP.
[2016-08-24 21:19:27] Foi legal, fiz bastante propaganda do Garoa
[2016-08-24 21:20:28] falei da Noite do Arduino, da Noite de Processing, das atividades com música (um cara me perguntou de MIDI com Arduino e eu disse que não sabia que ele devia vir ao Garoa assuntar)
[2016-08-24 21:20:53] E falei também da nova atividade às segundas com costura, wearables e etc...
[2016-08-24 21:22:45] Uma das participantes, Agda, que dá aulas na pós da Anhembi Morumbi tem um projeto artístico wearable, ela acho que dá aulas segunda à noite mas vai ser um contato legal.
[2016-08-24 21:22:45] que bacana Villares
[2016-08-24 21:23:22] 😊
[2016-08-24 23:22:04] isso ai
[2016-08-24 23:22:20] divigacao e contatos
[2016-08-24 23:23:21] temod q divulgar o hackerspace
[2016-08-24 23:23:45] fazer valer a cultura
