[2016-06-27 01:17:43] Contrato social? Eu não assinei nada
[2016-06-27 02:59:31] tb não lembro de assinar :(
[2016-06-27 08:53:06] Ivo Alsleben Cegantini joined
[2016-06-27 10:00:01] bom dia, Ivo.
[2016-06-27 10:00:38] Bom dia!
[2016-06-27 10:01:04] Seja bem-vinda, Ana Paula (@apcampos) :-D
[2016-06-27 10:02:21] Você já esteve no Garoa alguma vez, Ivo? Ou ainda vem nos visitar?
[2016-06-27 10:03:07] Eu estive no sábado
[2016-06-27 10:03:12] Ah, legal!
[2016-06-27 10:03:34] Convidado pelo Fabio e yumi
[2016-06-27 10:03:41] Ah!!!
[2016-06-27 10:03:43] :-D
[2016-06-27 10:03:55] ok, eu me lembro de você hehe
[2016-06-27 10:03:56] Rá!
[2016-06-27 10:05:08] A razão para a minha pergunta é por conta de um fenômeno que eu tenho observado sobre a participação de pessoas nos canais de comunicação relacionados ao Garoa
[2016-06-27 10:05:09] Agora vai ficar mais fácil reconhecer 😊
[2016-06-27 10:05:22] A lista de emails por exemplo tem quase 3 mil pesoas inscritas
[2016-06-27 10:05:39] e só uma dúzia de pessoas conversa ativamente
[2016-06-27 10:05:54] Hauhau normal...
[2016-06-27 10:05:58] e aqui no Telegram temos quase 100 pessoas
[2016-06-27 10:06:29] e (acho que) percebi que começou a aumentar mais intensamente depois que colocamos a URL de inscrição na página principal do wiki
[2016-06-27 10:06:45] fico me perguntando se isso é bom ou se é ruim
[2016-06-27 10:08:49] Sou de cabo frio, vi ontem aa url
[2016-06-27 10:09:30] Em termo de publicidade é bom.... Qualquer evento que jogar aqui atinge um grande publico
[2016-06-27 10:09:49] To pra caso saia um hackerspacr aqui na cidadr eu tenha como ajudar
[2016-06-27 10:10:19] :-)
[2016-06-27 10:11:56] legal, Aaron!
[2016-06-27 10:50:20] Meu amigo Ricardo Bánffy fez uma fonte livre para console que imita a fonte maravilhosa do terminal IBM 3270, um clássico do design industrial em muitos aspectos
[2016-06-27 10:50:47] :-D
[2016-06-27 10:51:18] Eu usei um 3270 algumas vezes durante um projeto de migração de sistema para "plataforma baixa"
[2016-06-27 10:51:20] tipografia + retro-computação = Juca sorri
[2016-06-27 10:53:22] O teclado do 3270 tem um feedback tátil incrível, e o feedback muda quando você começa a digitar além da largura do campo!!!
[2016-06-27 10:54:00] A tecla deixa de fazer click, dando a nítida impressão de que não está "pegando"
[2016-06-27 10:56:48] Isso acontece sempre que o cursor está em uma área não editável da tela
[2016-06-27 11:00:00] https://github.com/rbanffy/3270font
[2016-06-27 11:04:35] Na Petrobras uso um Emulador 3270 para acessar o SISBACEN - Sistema de Informações do Banco Central, via acesso remoto... seria legal utilizar uma fonte mais próxima à original...
[2016-06-27 11:26:37] procura o pessoal que cuida dos RACF ou afins, nao eh impossivel que eles tenham um desses por perto:
[2016-06-27 11:26:57] photo
[2016-06-27 11:27:40] seria bacana esse seu emulador memetizar o feedback tátil. Talvez usando sound samples?
[2016-06-27 11:27:48] mimetizar
[2016-06-27 11:27:55] se nao me engano falei dessa resposta do teclado outro dia no garoa, acho que para o DQ e o Juca, eles nao acreditaram :P
[2016-06-27 11:28:08] LOL
[2016-06-27 11:30:11] Eu uso essa fonte do Banffy e gosto bastante
[2016-06-27 11:32:28] Pode confiar: o lance do feedback tátil mudando eu senti com meus próprios dedos!
[2016-06-27 12:01:39] Gostei da fonte, é absurdamente clara
[2016-06-27 12:17:12] Eu assisti uma aula do professor João José Neto na Poli 5a feira passada em que ele falou sobre os sistemas operacionais da linha de computadores IBM /360, /370,etc (inclusive os modernos /390 que hoje em dia se chamam IBM Z Series)
[2016-06-27 12:19:52] 3a feira passada
[2016-06-27 13:55:59] Eu assisti a essa aula, há uns anos
[2016-06-27 14:25:48] Não me põe no meio disto... Eu já fiz o firmware de um teclado que usava um relê para simular o clique.
[2016-06-27 14:26:01] E o meu sonho de consumo em teclados é este aqui: http://www.pckeyboard.com/
[2016-06-27 14:26:19] O famoso model M
[2016-06-27 14:27:38] Aproveitando... algum moderador da lista de associados por aqui? O meu pedido para colocar o meu email na lista está pendente desde sábado...
[2016-06-27 14:29:40] https://www.youtube.com/watch?v=Rcy11YjHV3o
[2016-06-27 14:31:02] eu arremesso na parade todo relogio que faz tic-tac
[2016-06-27 14:31:17] Eu tive um teclado assim. Era da Prológica, para PC, com conector AT. Assim como o modelo M, tinha uma chapa metálica na base.
[2016-06-27 14:31:18] me deixa neuvoso
[2016-06-27 14:32:22] O vídeo?
[2016-06-27 14:32:40] ?
[2016-06-27 14:32:55] O vídeo te deixa nervoso?
[2016-06-27 14:33:16] nao, relogios que fazem tictac enquanto estou em silencio
[2016-06-27 14:33:26] parece que o som domina o ambiente todo
[2016-06-27 14:33:49] e eu vou ficando de saco cheio
[2016-06-27 14:39:42] Galera, teremos o GruPy Hacker no garoa: http://www.meetup.com/pt-BR/Grupy-SP/events/232201810/?eventId=232201810
[2016-06-27 14:46:11] 16/07 😊
[2016-06-27 14:46:12] 16/07 = 2.2857142857142856
[2016-06-27 14:46:55] Caramba
[2016-06-27 14:47:12] 16/8
[2016-06-27 14:47:13] 16/8 = 2
[2016-06-27 14:47:20] Melhor bot
[2016-06-27 14:47:52] quem é fa desse bot?
[2016-06-27 14:47:56] Não sei quem é fa desse bot?. :-(
[2016-06-27 14:48:05] 42?
[2016-06-27 14:48:20] Qual o valor de PI?
[2016-06-27 14:48:39] 42
[2016-06-27 14:48:41] Quem é x?
[2016-06-27 14:48:45] A Wikipédia diz que "A letra X (xis) é a vigésima quarta letra do alfabeto latino." 
Saiba mais sobre X.
[2016-06-27 14:48:50] Qual a resposta para a vida, o universo e tudo o mais?
[2016-06-27 14:49:08] Melhor bot
[2016-06-27 14:49:16] todo: me deletar
[2016-06-27 14:49:19] Tarefa "2016-jun-27 17:49 me deletar" adicionada.
[2016-06-27 14:49:24] Bot qual o valor de pi?
[2016-06-27 14:49:28] Ta contratado
[2016-06-27 14:49:52] Quem é Gauss?
[2016-06-27 14:49:54] A Wikipédia diz que "Johann Carl Friedrich Gauss (ou Gauß) pronúncia ajuda · ficheiro · ouvir (Braunschweig, 30 de abril de 1777 — Göttingen, 23 de fevereiro de 1855) foi um matemático, astrônomo e físico alemão que contribuiu muito em diversas áreas da ciência, dentre elas a teoria dos números, estatística, análise matemática, geometria diferencial, geodésia, geofísica, eletroestática, astronomia e óptica.

Alguns se referem a ele como princeps mathematicorum (em latim: "o príncipe da matemática" ou "o mais notável dos matemáticos") e um "grande matemático desde a antiguidade"." 
Saiba mais sobre Carl Friedrich Gauss.
[2016-06-27 14:50:22] 👌
[2016-06-27 14:53:53] quem é Pi?
[2016-06-27 14:54:00] A Wikipédia diz que "Na matemática, o número" 
Saiba mais sobre Pi.
[2016-06-27 14:54:12] Quero ver eh o valor haha
[2016-06-27 14:54:13] Rá!
[2016-06-27 14:54:16] quem eh foobar
[2016-06-27 14:54:19] A Wikipédia diz que "Os termos Foo, fubar, ou foo, bar, baz e qux (alternativamente quux) são termos genéricos amplamente usados para aludir a qualquer entidade informática cujo nome se ignora ou não se quer expressar. Por si mesma a palavra foobar não tem um significado preciso, somente é uma representação lógica no sentido em que as letras x e y se usam em álgebra para representar um número desconhecido." 
Saiba mais sobre Foobar.
[2016-06-27 14:54:23] Quanto é Pi?
[2016-06-27 14:54:54] Quem é Π?
[2016-06-27 14:54:55] A Wikipédia diz que "Π (minúscula: π) ou pi é a décima sexta letra do alfabeto grego e vale 80 como um numeral grego. No modo matemático do LaTeX, é representada por:" 
Saiba mais sobre Π.
[2016-06-27 14:54:57] preciso consertar meu model m, as conexões da membrana pra placa controladora estão detonadas, tipo o que aconteceu com o amiga
[2016-06-27 14:55:41] π=?
[2016-06-27 14:55:44] Π/1
[2016-06-27 14:55:54] π*1
[2016-06-27 14:55:57] escuta... que tal RTFM?
[2016-06-27 14:56:11] /help@AuriumBot
[2016-06-27 14:56:16] /help@AuriumBot
[2016-06-27 14:56:16] O meu objetivo é interagir de forma natural, mas sem causar floods em grupos. 
 
Eu posso: 
Responder a "o que é [alguma coisa]?" com uma busca na Wikipedia e DDG. 
Responder a "onde fica [algum lugar]?" com uma busca no Google Maps. 
Calcular expressões algébricas nas frases, tipo "tenho (38+52)/6 bananas". 
Gerar áudio do texto que você quiser após a palavra "diga". 
Responder a "que horas são?" de uma forma humana. 
Jogar velha. (é só me pedir!) 
Te trazer notícias. Escreva "rss help" para saber mais. 
Gerir suas tarefas. Escreva "todo help" para saber mais. 
 
Se precisar, fale com @Aurium.
[2016-06-27 14:56:21] O meu objetivo é interagir de forma natural, mas sem causar floods em grupos. 
 
Eu posso: 
Responder a "o que é [alguma coisa]?" com uma busca na Wikipedia e DDG. 
Responder a "onde fica [algum lugar]?" com uma busca no Google Maps. 
Calcular expressões algébricas nas frases, tipo "tenho (38+52)/6 bananas". 
Gerar áudio do texto que você quiser após a palavra "diga". 
Responder a "que horas são?" de uma forma humana. 
Jogar velha. (é só me pedir!) 
Te trazer notícias. Escreva "rss help" para saber mais. 
Gerir suas tarefas. Escreva "todo help" para saber mais. 
 
Se precisar, fale com @Aurium.
[2016-06-27 14:56:50] Tenho π*1
[2016-06-27 14:57:41] /todo list
[2016-06-27 14:58:02] todo list
[2016-06-27 14:58:07] Tarefas registradas:
0: 2016-mai-30 21:30 bot eh burro
1: 2016-mai-30 21:39 tentar deixar de ser um bot burro
2: 2016-mai-30 21:39 amor que houver nessa vida
3: 2016-mai-31 11:13 aprender a usar o Google Maps
4: 2016-mai-31 16:39 aprender as regras do jogo da velha
5: 2016-jun-02 15:21 enfiar 2 dedos no c* e rasgar
6: 2016-jun-27 17:49 me deletar
[2016-06-27 14:58:32] muito atarefado
[2016-06-27 14:58:33] todo add GruPy no Garoa
[2016-06-27 14:58:42] todo GruPy no Garoa
[2016-06-27 14:58:57] shiet.... n lembro como adiciona tarefa nele
[2016-06-27 14:59:00] sahsauuhsauhsauhsa
[2016-06-27 14:59:08] acho que tem que ter ":" depois do todo
[2016-06-27 14:59:38] /start@AuriumBot
[2016-06-27 14:59:39] Olá Mesel!
O meu objetivo é interagir de forma natural, mas sem causar floods em grupos. 
 
Eu posso: 
Responder a "o que é [alguma coisa]?" com uma busca na Wikipedia e DDG. 
Responder a "onde fica [algum lugar]?" com uma busca no Google Maps. 
Calcular expressões algébricas nas frases, tipo "tenho (38+52)/6 bananas". 
Gerar áudio do texto que você quiser após a palavra "diga". 
Responder a "que horas são?" de uma forma humana. 
Jogar velha. (é só me pedir!) 
Te trazer notícias. Escreva "rss help" para saber mais. 
Gerir suas tarefas. Escreva "todo help" para saber mais. 
 
Se precisar, fale com @Aurium.
[2016-06-27 14:59:48] antes nao precisava, ai toda vez que escrevia "todo" ele criava a tarefa...
[2016-06-27 14:59:58] todo help
[2016-06-27 15:00:00] Eu posso gerenciar tarefas no modelo todo.txt
Os comandos são:
• todo list mostra as tarefas registradas neste canal;
• todo done <num> marca a tarefa como concluída;
• todo update <num> <propriedade> <valor> modifica uma tarefa;
• todo download envia o arquivo todo.txt deste canal;
• todo: <algum texto> registra uma nova tarefa.

Tarefas podem ter um deadline. Esta deve ser a última informação na tarefa e deve ser escrita no formato ISO.
Exemplo: 2016-06-27T17:59:57
[2016-06-27 15:00:30] todo: cumprir o objetivo "O meu objetivo é interagir de forma natural, mas sem causar floods em grupos"
[2016-06-27 15:00:31] Tarefa "2016-jun-27 18:00 cumprir o objetivo "O meu objetivo é interagir de forma natural, mas sem causar floods em grupos"" adicionada.
[2016-06-27 15:25:50] Galera, li um link de edital que postaram aqui
[2016-06-27 15:26:05] A respeito de uma myo armband
[2016-06-27 15:26:31] Como que vcs compraram? Foi no mercadolivre?
[2016-06-27 16:53:12] Trocamos por uma caipirinha numa festa do Garoa
[2016-06-27 17:00:46] Foi um otimo negocio
[2016-06-27 18:20:59] http://www.linuxdescomplicado.com.br/2015/12/aprenda-linux-jogando-rpg.html
[2016-06-27 18:25:43] Passei no fablab da galeria Olido, combinar pra gente fazer umas oficinas de arduino lá
[2016-06-27 18:34:22] document: /home/felipe/devel/github_tvdstaaij/telegram-history-dump/output/media/Garoa_Hacker_Clube_(Público)/download_826459275206328386.webp
[2016-06-27 18:57:46] https://imgur.com/eRqGwSy?r
[2016-06-27 18:59:56] Esse é o do Elon Musk?
Vi o Raphaël Hide falando dele num vídeo...
[2016-06-27 19:00:19] é uma réplica do Falcon 9
[2016-06-27 19:01:15] Da hora...
[2016-06-27 19:30:15] Galera, o movimento open source não seria meio estranho ser associado  a tipografia aberta?
[2016-06-27 19:30:44] Ai! Lá vem...
[2016-06-27 19:30:48] Não entendi...
[2016-06-27 19:30:48] Ahahhahahahahahah
[2016-06-27 19:30:49] explica
[2016-06-27 19:30:51] hehe...
[2016-06-27 19:31:06] Tipo a nomenclatura do movimento ser igual ao do código aberto
[2016-06-27 19:31:11] detalhe: meu trabalho é full-time desenvolver software livre para tipografia
[2016-06-27 19:31:16] Só achei estranho mesmo
[2016-06-27 19:31:22] Porra que daora Juca
[2016-06-27 19:31:35] Qual software vc desenvolve?
[2016-06-27 19:31:41] https://github.com/googlefonts/fontbakery/
[2016-06-27 19:32:26] Pou cara curti essa idéia bastante por isso tou perguntando e estranhando o nome
[2016-06-27 19:32:32] mas o que exatamente vc acha estranho?
[2016-06-27 19:34:05] Na verdade é a associação que um developer web realiza: open source = codigo aberto e não fonte aberta.
Era meio isso o meu questionamento. Curti saber que tem softwares de fonte, nunca parei para pensar nisso
[2016-06-27 19:34:56] Source é fonte, origem... não código...
[2016-06-27 19:35:22] nao to entendendo mais nada...
[2016-06-27 19:35:25] É que fonte de tipografia seria o próprio termo
[2016-06-27 19:35:35] Oda é um esclarecimento do termo pra mim
[2016-06-27 19:35:49] opensource eh diferente de software livre
[2016-06-27 19:35:57] fontes em sí são obras técnicas então o questionamento filosófico do software livre vale em muitos aspectos para tipografias também
[2016-06-27 19:35:58] Meio burro o questionamento é só a enfase de uma dúvida que eu tinha
[2016-06-27 19:36:09] open source eh fonte aberta, codigo aberto, etc, nao eh livre
[2016-06-27 19:36:13] na verdade são obras mistas: tanto técnicas quanto artísticas
[2016-06-27 19:36:36] Era justamente por isso que perguntei
[2016-06-27 19:36:52] cara, basicamente tem 2 coisas: patente e direito autoral
[2016-06-27 19:37:18] geralmente estamos alando de direito autoral
[2016-06-27 19:37:47] e a coisa se aplica a qq tipo de producao dessas ai
[2016-06-27 19:37:57] Oda eu entendi essa parte burocrática... A questão não era a burocracia da parada
[2016-06-27 19:38:04] entao qual eh?
[2016-06-27 19:38:16] tipo, cc by-sa ou (a)gpl
[2016-06-27 19:38:25] pronto
[2016-06-27 19:38:28] A parada era que eu tava estranhando que Tipografia ser open source, só isso
[2016-06-27 19:38:36] o lance eh ser livre
[2016-06-27 19:38:39] Eu entendo que uma fonte pode ser livre
[2016-06-27 19:39:10] vc pode pegar u mlivro e colocar licenca gnu nele, mas nao faz sentido, vice versa para codigo e creative commons
[2016-06-27 19:39:31] fonte ta no meio do caminho, ai fizeram oura licensa
[2016-06-27 19:39:43] OSL
[2016-06-27 19:40:13] mas tem muita com licenca cc
[2016-06-27 19:40:42] alias, escrevi errado, eh OFL
[2016-06-27 19:41:50] Vai começar o MeetUp... vai ser transmitido ao vivo...
https://www.youtube.com/watch?v=3SWMIgCJfTU
[2016-06-27 19:41:57] Não tou falando de licenças cara, eu entendi que tem a OFL e o raio que o parta.
A questão era só o nome que eu estranhei. Open Source eu pensei que fosse somente para códigos, mas como o Fábricio e o Juca mostraram, não precisa ser apenas código
[2016-06-27 19:42:28] via de regra, esquece opensource
[2016-06-27 19:43:00] photo: /home/felipe/devel/github_tvdstaaij/telegram-history-dump/output/media/Garoa_Hacker_Clube_(Público)/download_702415597_105697.jpg
[2016-06-27 19:43:09] Eu tinha esquecido cara... Vc que falou de licenças
[2016-06-27 19:43:16] @tilt4 https://twitter.com/lana_chan_/status/747560795811291140
[2016-06-27 19:43:21] chegou
[2016-06-27 19:43:23] photo: /home/felipe/devel/github_tvdstaaij/telegram-history-dump/output/media/Garoa_Hacker_Clube_(Público)/download_421940346_111481.jpg
[2016-06-27 19:43:31] Eu fiquei confuso por causa dessa dotot
[2016-06-27 19:43:36] Foto***
[2016-06-27 19:43:47] quero
[2016-06-27 19:43:49] hypeness
[2016-06-27 19:43:53] Bonitas as unhas
[2016-06-27 19:44:13] vc ja brincou com fonte?
[2016-06-27 19:44:56] Não por isso meu estranhamento
[2016-06-27 19:47:04] hahaha! Eu trabalhei com o do meio e conheço o da direita.
[2016-06-27 19:47:05] nem teve tanta graça
[2016-06-27 19:47:40] Melhor bot
[2016-06-27 19:47:44] Juca vou dar uma olhada no software que vc passou! Vc quem desenvolveu?
[2016-06-27 19:47:45] Muitas licenças podemos criar so uma pra tudo Brasil Licença Aberta - BLA
[2016-06-27 19:48:10] ja criaram, chama MIT
[2016-06-27 19:48:10] Top
[2016-06-27 19:49:08] o foda é a paciência pra desmontar o teclado agora hahaha
[2016-06-27 19:49:23] vários parafusos minúsculos
[2016-06-27 19:49:45] mike, acho que vc prefere a beer license
[2016-06-27 19:50:03] poderiamos fazer a caipirinha license
[2016-06-27 19:50:25] ai escrevemos um livro sobre geometria tropical sub licensa caipirinha
[2016-06-27 19:50:31] sob
[2016-06-27 19:50:44] Alguém assistindo o stream que eu mandei?
Estou me sentindo tiozão, identifiquei um Modem USRobotics 56Kbps, hahahaha...
[2016-06-27 19:50:45] já deu...
[2016-06-27 19:50:48] Que daora! Tou querendo mexer com eletrônica em teclados pra montar um com arduino
[2016-06-27 19:51:01] Brasil Licença Aberta Beer Loucos Analógicos BLABLA
[2016-06-27 19:51:17] rsrs
[2016-06-27 19:52:04] bom, isso aqui não tem nada a ver haha

mas, daria pra transformar um a600 num teclado USB usando o Leonardo se você ligar todos os pinos da membrana e escrever um programa pra matriz
[2016-06-27 19:52:27] Eu sei, só que você tocou no assunto de teclados e eu achei pertinente
[2016-06-27 19:52:37] mas não tem muita graça, o teclado do a600 não é tão diferente que qualquer outro de rubberdome
[2016-06-27 19:52:51] se fosse um model m, aí é lucro
[2016-06-27 19:53:04] Quero voltar com o projeto de biolab no garoa, esse eu estou com muita vontade de fazer parte
[2016-06-27 19:53:12] eu peguei um codebase todo cagado feito por uns ucranianos e refatorei tudo
[2016-06-27 19:53:34] Tem como vc me passar o link?
[2016-06-27 19:55:41] Tem alguma pessoa interessada em continuar os projetos de biologia no Garoa
[2016-06-27 20:16:35] é um coding dojo?
[2016-06-27 20:17:12] Não, neste momento ele está demonstrando o Unity para criar um jogo utilizando WebGL...
[2016-06-27 20:17:34] Ele não é programador, mas está compartilhando a experiência que aprendeu ao criar jogos...
[2016-06-27 20:17:34] photo: /home/felipe/devel/github_tvdstaaij/telegram-history-dump/output/media/Garoa_Hacker_Clube_(Público)/download_803717712_51246.jpg
[2016-06-27 20:17:38] membrana no lugar
[2016-06-27 20:17:44] hora de ligar o amiga
[2016-06-27 20:18:26] feat. negresco
[2016-06-27 20:19:39] Não gostei, ele está usando o Photoshop, mas eu usaria o Gimp...
[2016-06-27 20:31:12] photo: /home/felipe/devel/github_tvdstaaij/telegram-history-dump/output/media/Garoa_Hacker_Clube_(Público)/download_421937151_110803.jpg
[2016-06-27 20:31:16] funcionando como novo
[2016-06-27 20:31:21] com direito a til no shell
[2016-06-27 20:43:25] próximo passo: arranjar um monitor RGB pra usar com o amiga :p
[2016-06-27 20:43:39] @fsanches dá pra jogar pinball fantasies agora!
[2016-06-27 20:43:54] document: /home/felipe/devel/github_tvdstaaij/telegram-history-dump/output/media/Garoa_Hacker_Clube_(Público)/download_826459275206328402.webp
[2016-06-27 20:44:06] (escolhendo uma das opções: imagem em p/b ou imagem cortada) :P
[2016-06-27 20:44:20] a não ser que eu encontre uma versão NTSC do pinball fantasies..
[2016-06-27 20:46:02] a saída de cor do amiga é sempre NTSC. consigo fazer ele se comportar como um amiga PAL (consertando a diferença de velocidade nos jogos) mas jogos que usam a  contagem de linha PAL vão sempre sair cortados em modo NTSC. então com a (captura/projetor/tv) no modo NTSC você tem a imagem colorida e cortada e no modo PAL você tem a imagem inteira mas em p/b
[2016-06-27 20:47:20] a solução é encontrar um monitor RGB, aí a saída de cor é sempre a mesma
[2016-06-27 20:47:43] Michael Gavião joined
[2016-06-27 20:48:12] A saída RGB do amiga é de 15 Hz?
[2016-06-27 20:48:16] isso
[2016-06-27 20:48:21] WOOOO-HOOO!!!!
[2016-06-27 20:48:39] dá pra tentar usar aquele adaptador de monitor do MSX...
[2016-06-27 20:48:53] ainda sobrevive isso, juca? daquela tentativa sua de usar no arcade?
[2016-06-27 20:49:02] sim, sobreviveu
[2016-06-27 20:49:05] quero
[2016-06-27 20:49:11] só precisa soldar o conector adequado na ponta
[2016-06-27 20:49:16] vou ficar muito feliz se for útil
[2016-06-27 20:49:28] sim, perfeito porque o conector do monitor do amiga é DB-algo
[2016-06-27 20:49:33] ele está guardado dentro do arcade
[2016-06-27 20:49:33] e não DIN
[2016-06-27 20:49:37] pode pegar lá
[2016-06-27 20:49:40] Pesquisando algumas coisas para MSX achei essa página, dá uma olhada se ajuda:
http://www.msxpro.com/rgb-vga.html
[2016-06-27 20:49:48] já resolvemos :P
[2016-06-27 20:50:08] a saída vai ser composta igual, mas aí dá pra fazer ele ter saída PAL ao invés de NTSC
[2016-06-27 20:50:26] vou ficar muy feliz se der certo
[2016-06-27 20:50:45] só não sei que dia posso ir no garoa carregando o amiga
[2016-06-27 20:50:52] esse sábado tenho compromisso
[2016-06-27 20:51:07] dia de semana só se eu levar ele comigo no trabalho
[2016-06-27 20:51:13] essa sexta? @fsanches  topa?
[2016-06-27 20:51:36] acabei de receber um email do professor Guido Stolfi. Ele digitalitou umas trinta fitas perfuradas da época do patinho feio
[2016-06-27 20:51:42] nice
[2016-06-27 20:51:43] e me mandou um ZIP com os arquivos
[2016-06-27 20:51:52] roda no mame !!
[2016-06-27 20:52:02] dentre eles consta o programa que toca música no sintetizador
[2016-06-27 20:52:10] isso vai pro MAME, COM CERTEZA!!!!
[2016-06-27 20:52:28] está nascendo uma softlist do pato :-D
[2016-06-27 20:52:40] o conector do amiga é D-SUB 23 pinos
[2016-06-27 20:52:50] http://old.pinouts.ru/VideoCables/AmigaToC1084Monitor_pinout.shtml
[2016-06-27 20:53:09] tem até uma pinagem pra fazer um cabo pro monitor da commodore, suspeitamente parecido com o do msx...
[2016-06-27 20:53:43] não sei ainda. Tô super na vibe Pato-Feio. Não quero perder o foco
[2016-06-27 20:53:49] blz
[2016-06-27 20:54:19] alguma boa alma que estiver à toa no garoa esses dias consegue ver pra mim se na gaveta de plugues tem um d-sub 23?
[2016-06-27 20:54:30] sei que tem uns VGAs
[2016-06-27 20:58:08] Gente... Bot útil @latexxbot
[2016-06-27 20:58:29] A estrutura de programação do Unity é semelhante à do Processing e do Arduino... a diferença é que ao invés de setup, temos start, onde serão configurados os parâmetros, variáveis do jogo, e ao invés de loop ou draw, temos unity, que será o loop principal...
[2016-06-27 20:59:41] photo
[2016-06-27 20:59:43] Show...
[2016-06-27 21:00:45] Eu estava procurando um legal, o que achei é só um wrapper que envia o comando Latex para um site, que retorna uma imagem que é repassada pelo bot...
https://github.com/analca3/LaTeX2IMGbot
[2016-06-27 21:00:57] Será que é open source?
[2016-06-27 21:02:04] photo: /home/felipe/devel/github_tvdstaaij/telegram-history-dump/output/media/Garoa_Hacker_Clube_(Público)/download_421937830_110849.jpg
[2016-06-27 21:02:14] essa somatória não tá muito certa
[2016-06-27 21:03:37] pq nao?
[2016-06-27 21:03:54] eh somatoria do inline mode
[2016-06-27 21:04:10] hum
[2016-06-27 21:04:18] tá diferente do que ficou no meu pdf :P
[2016-06-27 21:04:52] http://puu.sh/pIq00/a7c14bbda5.png
[2016-06-27 21:05:12] esse ai ta no modo de formula mesmo
[2016-06-27 21:05:38] pega isso ai e coloca com $$ e nao vom \begin{equation}
[2016-06-27 21:05:39] então o bot parseia fórmula como inline (nunca tinha usado somatória inline)
[2016-06-27 21:05:47] eu mandei $$ no bot
[2016-06-27 21:05:53] :P
[2016-06-27 21:06:17] pera, você tá dizendo que $$ é inline ou não?
[2016-06-27 21:06:24] porque no pdf tá com $$ também
[2016-06-27 21:06:46] eu sempre achei que $ era inline e $$ era fórmula
[2016-06-27 21:07:11] $blbalba$
[2016-06-27 21:07:13] inline
[2016-06-27 21:07:28] $$ ... $$ nao lembro de ter usado
[2016-06-27 21:11:11] Qual a linha completa da fórmula que você digitou, Erin?
[2016-06-27 21:11:34] $$F(S)_{CVRP} = \sum_{i=1}^{m} Custo(R_i).$$
[2016-06-27 21:11:46] assim como está no .tex original do meu relatório
[2016-06-27 21:12:17] document: /home/felipe/devel/github_tvdstaaij/telegram-history-dump/output/media/Garoa_Hacker_Clube_(Público)/download_804537238141534266.webp
[2016-06-27 21:12:27] No bot que estou testando fica assim...
[2016-06-27 21:12:35] essa tá certa :P
[2016-06-27 21:15:48] @rg3915 e @Belimawr as palestras de vcs do GruPy no Garoa serão palestras ou tutoriais?
[2016-06-27 21:16:07] photo: /home/felipe/devel/github_tvdstaaij/telegram-history-dump/output/media/Garoa_Hacker_Clube_(Público)/download_421940055_111188.jpg
[2016-06-27 21:16:21] eh so botar o \limits
[2016-06-27 21:19:32] taylor?
[2016-06-27 21:19:39] não
[2016-06-27 21:19:42] mas parecido?
[2016-06-27 21:20:50] photo: /home/felipe/devel/github_tvdstaaij/telegram-history-dump/output/media/Garoa_Hacker_Clube_(Público)/download_702415597_105697.jpg
[2016-06-27 21:20:56] fica legal, meio grandao, mas legal
[2016-06-27 21:21:33] @mynameiserin taylor ao redor da origem
[2016-06-27 21:21:38] ah
[2016-06-27 21:23:06] alias, tem um f(x) la que ta errado kkkk
[2016-06-27 21:23:07] Rá!
[2016-06-27 21:23:19] x-a, non?
[2016-06-27 21:23:23] ou algo assim
[2016-06-27 21:23:31] assim eh ao redor de a
[2016-06-27 21:23:46] no meu o erro esta que as derivadas deveriam ser na origem :P
[2016-06-27 21:23:47] ah
[2016-06-27 21:23:57] o qe vc ta faldno eh isso:
[2016-06-27 21:26:09] photo: /home/felipe/devel/github_tvdstaaij/telegram-history-dump/output/media/Garoa_Hacker_Clube_(Público)/download_803732036_13570.jpg
[2016-06-27 21:26:34] para x proximo de a
[2016-06-27 21:27:52] caraio... tudo errado..
[2016-06-27 21:28:06] a soma deveria ser finita, maldito copy& paste :P
[2016-06-27 21:40:02] 😊
[2016-06-27 21:40:35] Galera do garoa submetam palestras tbm
[2016-06-27 21:40:46] seria interessante sair da área de Python, e mais especificamente django
[2016-06-27 21:41:36] Processing Python Mode?
[2016-06-27 21:41:47] Villares poderia apresentar Processing + Python... tem muita gente que programa em Python e não sabe que já é possível programar no Processing com o Python...
[2016-06-27 21:42:00] 😎
[2016-06-27 21:42:12] vai oda, repete cálculo..
[2016-06-27 21:42:24] vou cassar sua associação com o garoa
[2016-06-27 21:42:26] @eduoda @aylons Tony postou na página do FB: https://www.facebook.com/DiaCritico/photos/a.667692173331286.1073741826.487949984638840/793825334051302/?type=3&theater
[2016-06-27 21:43:55] Discussão de tipografia Open Source
[2016-06-27 21:43:59] Configurei o GruPy nos eventos hoje à tarde e até agora não carregou na página principal da wiki... alguém sabe o que pode estar acontecendo?
[2016-06-27 21:44:16] Bem, não vou poder ir. Morar em campinas tem seu preço
[2016-06-27 21:44:37] Online a parada
[2016-06-27 21:45:16] (DiaCrítico o Telegram puxou a imagem do Noite de Processing...)
[2016-06-27 21:45:35] valeu villares!
[2016-06-27 21:45:44] o gafanhoto ai comentou disso mais cedo
[2016-06-27 21:46:02] photo: /home/felipe/devel/github_tvdstaaij/telegram-history-dump/output/media/Garoa_Hacker_Clube_(Público)/download_803729280_13259.jpg
[2016-06-27 21:46:10] achei que era presencial tb
[2016-06-27 21:46:15] legal
[2016-06-27 21:46:44] Ah, eu assumi que era presencial
[2016-06-27 21:47:00] btw, aqui puxou a img correta
[2016-06-27 21:49:18] pessoal, quem, assim como eu, se ferra com cabos micro usb que tem muita resistencia e que estragam facil: ha dois dias recebi uns cabos da anker, ate agora, otimos
[2016-06-27 21:50:04] Aqui baixou errada e depois a correta
[2016-06-27 21:50:23] Eu só compro cabo da Anker
[2016-06-27 21:50:38] Depois quero ver, sempre estrago meus cabos MicroUSB...
[2016-06-27 21:50:45] eu nem conhecia ela ate umas semanas atras
[2016-06-27 21:51:08] https://www.anker.com/products/A8132012
[2016-06-27 21:53:13] paguei 16 dolares em 5 cabos (1 longo, 2 curtos e 2 normais)
[2016-06-27 21:53:18] Eu tenho várias coisas deles. Bateria externa, carregador... Tudo muito bom
[2016-06-27 21:53:34] to bem animado de comprar aquele carregador para carro
[2016-06-27 21:53:40] Comprei este mesmo kit, acho.
[2016-06-27 21:56:34] Tá meio zoado esse 'cache interno' do wiki. Fiz o que alguém fez da última vez, editei e salvei a página da categoria eventos e a principal... e atualizou..
[2016-06-27 22:02:48] que servidor tamos usando?
[2016-06-27 22:03:02] nginx, apache, lighttpd..
[2016-06-27 22:03:47] Valeu Villares...
[2016-06-27 22:03:53] Apache
[2016-06-27 22:07:53] Villares, sugiro enviar um anúncio de palestra (ou tutorial, se preferir) de Processing + Python, lá no Speakerfight...
http://speakerfight.com/events/grupy-hacker-garoa-hacker-clube/

Só não esquece de indicar se é Palestra ou Tutorial (possuem tempos diferentes)...
[2016-06-27 22:13:48] Pois é tou tenso aqui pq tenho um lance fora de sp dia 17
[2016-06-27 22:14:00] e não sei direito os detalhes da viagem
[2016-06-27 22:14:15] Tutorial é mais curto ou mais longo?
[2016-06-27 22:14:23] Vi lá proposta de tutorial de 30min do Gabriel Marcondes...
[2016-06-27 22:19:46] @vmesel até que horas vai o encontro dia 16?
[2016-06-27 22:20:29] das 14 até as 19
[2016-06-27 22:20:38] o tutorial é mais curto
[2016-06-27 22:20:56] valeu
[2016-06-27 22:23:22] tuto: 30 min
[2016-06-27 22:23:25] palestra 50 min
[2016-06-27 23:20:51] LaTeX is beatiful.
