[2016-07-28 00:03:44] Já era
[2016-07-28 00:05:07] Parabéns @erickemi, bem vindo à maioridade...
[2016-07-28 00:07:18] [00:06] <Ivan56> Svetlana_ vc sabe programar um source em delphi ?
[00:06] <Svetlana_> não não, a source é da valve..
[00:06] <Svetlana_> acho que já está programada, lançaram half life 2 nela em 2004
[2016-07-28 00:08:56] Hahahaha...
[2016-07-28 00:09:45] a conversa de doido todo pra quem quiser http://pastebin.com/5wr9FhkA
[2016-07-28 00:11:01] photo: /home/felipe/devel/github_tvdstaaij/telegram-history-dump/output/media/Garoa_Hacker_Clube_(Público)/download_803701552_63341.jpg
[2016-07-28 00:11:04] Estava espiando aqui... hahahaha...
[2016-07-28 00:41:51] http://www.hypeness.com.br/2016/03/famosa-marca-escocesa-de-cerveja-libera-suas-216-receitas-para-quem-quiser-faze-las-em-casa/
[2016-07-28 00:47:24] Valeu Fabrício =)
[2016-07-28 01:08:17] Parabéns Erick... E cuidado, os rolês depois dos 18 são insanos
[2016-07-28 08:18:01] Feliz niver, Erick!
[2016-07-28 08:28:30] Ae Erick!
Agora você pode ser preso, frequentar casas noturnas, beber bebidas com álcool, ser culpado por suas merdas, cometer seus próprios acidentes de carro e ser culpado por eles, ir para motel sem seus pais... mas não se anime, ainda não pode dirigir caminhão.
[2016-07-28 08:36:34] Abraços @erickemi !
[2016-07-28 10:09:18] Galera, estou pensando em criar um meetup de Ciência e Computação misturados, alguém teria interesse em participar agora no começo dele? Mesmo esquema do GruPy, n terá lider, teremos reuniões mensais e podem ocorrer em qualquer lugar tendo um projetor e espaço para 5 pessoas, tudo será no esquema de comunidade
[2016-07-28 10:17:12] Demoro
[2016-07-28 10:18:55] vcs participariam?
[2016-07-28 10:19:18] Legal, o que você está pensando em que tipo de coisa? Ciência é um termo um pouco vago
[2016-07-28 10:19:40] Serve Física e Matemática, por exemplo?
[2016-07-28 10:20:09] Assim, por exemplo, eu estou trabalhando no Instituto Butantan e queria trazer um pouco do meu conhecimento de machine learning para a galera, ai eu faria um encontro de machine learning para ciencia
[2016-07-28 10:20:20] ai poderia entrar fisica, quimica, matematica, biologia, geofisica
[2016-07-28 10:20:22] etc etc
[2016-07-28 10:20:30] Matemática +1
[2016-07-28 10:20:34] Boa
[2016-07-28 10:20:49] Mas sempre com programação no meio ou não?
[2016-07-28 10:24:19] @erickemi parabéns! Agora você já pode abrir um LATÃO na porta da firma e acender um cigarro, encher a cara de CINTRA e PARATUDO, dar pitaco na mesa de truco do boteco, passar pretinho nos pneus do Apollo 92 ao som de “VOLTA PRA ELA – ELIANE DE LIMA E LUIZ CARLOS DO RAÇA NEGRA”, jogar o tênis no fio do poste, adotar um cão de rua e o abrigar na casa da sogra, contratar acompanhante de luxo pra levar no casamento do Thithi, fingir que é gringo, incitar brigas no jogo do sobrinho (sub 12), discos voadores, áudios constrangedores no grupo da firma, bingo clandestino,  tumultos generalizados, sequestrar animais silvestres de grande porte, fazer bolão do clássico e sumir com o dinheiro, queimar o pé no cano de descarga, furto de uso, curandeirismo, charlatanismo, pirotecnia, almoçar domingo de óculos e se confessar de virote as 6:00h na missa dominical, por fim, se concentrar apenas em não morrer, ingerir glúten.
[2016-07-28 10:26:47] Computação no meio, mas pode ser teoria e pratica @rg3915
[2016-07-28 10:28:55] 👍
[2016-07-28 10:29:53] Idade da maldade
[2016-07-28 10:54:44] Ah sim, você pode se associar ao Garoa!
[2016-07-28 11:03:07] 18 anos DE NOVO, @erickemi?? (brinks, parabéns!!)
[2016-07-28 12:56:40] velho, que porra é essa ?!
[2016-07-28 12:56:54] hahahahah
[2016-07-28 12:57:30] Isso é liberdade irresponsável =)
[2016-07-28 13:04:09] kkk
[2016-07-28 13:26:44] http://www.meetup.com/pt-BR/Grupy-SP/events/232869373/
[2016-07-28 13:26:52] Precisamos de palestrantes.
[2016-07-28 13:27:15] Hahahahahaha
[2016-07-28 15:51:18] A @heloa6 pode falar sobre angular convida ela aí
[2016-07-28 16:18:21] @heloa6 fala de Angular no Grupy pra nóis.
[2016-07-28 16:22:32] Hahah não manjo da integração com Python ainda
[2016-07-28 16:24:24] que caraio js tem a ver com python?
[2016-07-28 16:26:17] bem, a rubyconf desse ano tem crystal e elixir :v .. pelo menos js ajudaria pra galera que tbm mexe com front
[2016-07-28 17:01:37] Não precisa relacionar com Python então, pode ser só uma api simples.
[2016-07-28 17:02:22] @heloa6 se vc só falar como fazer o AngularJS consumir a api do github por exemplo já está bom.
[2016-07-28 17:03:02] @heloa6 se vc quiser pode palestrar sobre as diferenças entre AngularJS 1 e 2. É uma boa tb.
[2016-07-28 17:06:01] Valeu Anchises
[2016-07-28 17:06:11] Agr só falta a grana
[2016-07-28 17:06:30] Valeu Fábio
[2016-07-28 17:07:17] Não tenho pressa pra dirigir caminhão :)
[2016-07-28 17:22:35] Já temos mais um palestrante pro dia 13. Em breve ele se cadastra.
[2016-07-28 17:22:40] Agora só falta a @heloa6
[2016-07-28 17:26:30] Pessoal, preciso do contato do Hugo. O que estava terça-feira no Garoa de camisa vermelha.
[2016-07-28 17:28:05] @rg3915 vou me preparar para a próxima, estou sem tempo
[2016-07-28 17:28:43] @heloa6 eu te empresto meu tempo e vc me devolve com juros de 1,5% kkk... brincadeira.
[2016-07-28 17:52:30] Galera que gosta de Python e quer ajudar a comunidade cientifica a fundar um novo projeto, precisamos de dinheiro para comprar um dominio e ele está sendo arrecadado por aqui: https://www.vakinha.com.br/vaquinha/campanha-para-arrecadacao-para-dominio-do-scipy
[2016-07-28 17:53:59] Não tenho o e-mail dele, mas você pode encontrar procurando por "Agaelebê"...
[2016-07-28 17:54:37] todo o resultado que tivermos acima do valor será usado para sorteios de livros e materiais de Python
[2016-07-28 17:56:36] photo: /home/felipe/devel/github_tvdstaaij/telegram-history-dump/output/media/Garoa_Hacker_Clube_(Público)/download_803730280_26689.jpg
[2016-07-28 17:56:38] Oi, pessoal! Nós do GECA (Grupo de Ensino de Programação para Crianças) convidamos associados e amigos para conhecer nossa 1a. atividade na Prefeitura de SP.

Montamos um Hacker Space Itinerante e teremos uma *Des-OFICINA de Eletrônica e Andróides Olímpicos*

Turma 1: Experimentos com braços robóticos e placas Arduíno.
Turma 2: Venha fazer máquinas malucas e pão elétrico ao vivo.

E mais: Demonstração de projetos (e gambiarras) eletrônicas e batepapo sobre tecnologia e gênero.

QUANDO: Sábado 20/8, das 9h às 13h.
ONDE: FabLab (Galeria Olido) - Av. São João, 473 - térreo.
Grátis. Vagas limitadas. Menores acompanhados de responsável ou com documento. A partir de 8 anos.
Des-Organização: Garoa Hacker Clube e convidados. Chame a galera!

(*Olímpico referente aos habitante de Olímpia - SP) 😊
[2016-07-28 18:00:03] valeu
[2016-07-28 18:36:21] https://twitter.com/garoahc/status/758777941648113664
[2016-07-28 18:37:31] boa noite raquers
[2016-07-28 18:38:07] 'noite!
[2016-07-28 18:39:56] Hugo B joined
[2016-07-28 18:39:56] Hi Hugo !
[2016-07-28 18:45:26] Já tem gente no Garoa?
[2016-07-28 18:46:01] noite o/
[2016-07-28 18:46:18] Uns amigos tão que tão indo conhecer
[2016-07-28 18:46:37] Pessoal, hoje vou receber no Garoa um cara chamado Brandon que esta fazendo um doutorado x e o Garoa faz parte da pesquisa dele. Ele deve chegar no garoa logo mais. Estou a caminho TB.
[2016-07-28 18:46:38] eu queria ir hoje, mas vou ter que ficar até tarde aqui no office :c
[2016-07-28 18:47:05] Ele queria entrevistar alguem, acho que seria bacana alguém q esta mais envolvido com as atividades.
[2016-07-28 18:47:32] Bem, vemos na hora mas se alguem quiser falar c ele e só chegar.
[2016-07-28 19:00:24] Queria poder estar em vários lugares ao mesmo tempo... também não poderei ir hoje...
[2016-07-28 19:04:05] Eu estou aqui no Garoa mas vou ter que sair às 20:00
[2016-07-28 19:05:12] photo: /home/felipe/devel/github_tvdstaaij/telegram-history-dump/output/media/Garoa_Hacker_Clube_(Público)/download_803703750_64420.jpg
[2016-07-28 19:08:16] Alarme de incêndio tocou três vezes aqui... ninguém se mexeu, deve ser alarme falso...
[2016-07-28 19:09:46] Sempre que fico até mais tarde no trabalho o alarme de incêndio toca... acho que é o jeito deles de mandar a gente pra casa.
[2016-07-28 19:11:55] Bom tocou pela quarta e quinta vezes... não apareceu nenhum monitor, brigadista, nada... quando sentir cheiro de fumaça vou embora...
[2016-07-28 19:16:10] Tô chegando
[2016-07-28 19:39:50] wesley joined
[2016-07-28 19:39:51] Hi wesley !
[2016-07-28 20:29:13] https://github.com/Lana-chan/brochehacker
[2016-07-28 20:29:15] Lana-chan | brochehacker

Design de um broche animado com LEDs

Language: KiCad
Forks: 0
Stars: 0
Issues: 0
[2016-07-28 20:47:09] o protótipo: https://twitter.com/lana_chan_/status/758056740365733888
[2016-07-28 20:50:48] Marcelo Francisco joined
[2016-07-28 20:50:48] Hi Marcelo !
[2016-07-28 21:00:14] :D
[2016-07-28 21:02:03] @AlexandreVillares retuíta esse também então https://twitter.com/lana_chan_/status/758806503495118848
[2016-07-28 21:03:24] document: /home/felipe/devel/github_tvdstaaij/telegram-history-dump/output/media/Garoa_Hacker_Clube_(Público)/download_120138932577894469.webp
[2016-07-28 21:03:55] a idéia é soldar todos os componentes de um lado (com soquete pra poder reprogramar o attiny, lógico) e o display sozinho do outro, que é o lado visível
[2016-07-28 21:04:16] prende um alfinete (de algum jeito... ainda invento como :P ) e vira um broche animado
[2016-07-28 21:04:55] Doei matrizes de LED e um attiny pra circuitoteca do Garoa...
[2016-07-28 21:05:44] o projeto é pra candidatura do pedro markun, ele quer fazer as apresentações dele vestindo esse broche
[2016-07-28 21:06:01] mas como vamos mandar fazer várias pcbs eventualmente, vão sobrar algumas :p
[2016-07-28 21:06:17] https://www.facebook.com/photo.php?fbid=10154266735009462&set=a.10150320432369462.392638.687699461&type=3
[2016-07-28 21:14:00] Não vai dar pra chegar , tá tudo atrasado
[2016-07-28 21:16:44] photo: /home/felipe/devel/github_tvdstaaij/telegram-history-dump/output/media/Garoa_Hacker_Clube_(Público)/download_803717503_64469.jpg
[2016-07-28 21:17:04] photo: /home/felipe/devel/github_tvdstaaij/telegram-history-dump/output/media/Garoa_Hacker_Clube_(Público)/download_803717756_64467.jpg
[2016-07-28 21:22:55] photo: /home/felipe/devel/github_tvdstaaij/telegram-history-dump/output/media/Garoa_Hacker_Clube_(Público)/download_803716442_64775.jpg
[2016-07-28 21:40:21] Na LED Nametag é usado um alfinete de segurança.
[2016-07-28 21:48:55] essa mesma que eu quero usar, só preciso achar um jeito de prender
[2016-07-28 21:50:42] Ficou bem legal
[2016-07-28 21:51:45] erick++
[2016-07-28 22:44:34] Erin++
Amei o broche!
[2016-07-28 22:46:27] :)
