[2017-07-26 03:16:20] Luis Justin joined
[2017-07-26 03:16:21] Hi Luis !
[2017-07-26 18:42:29] sei que não é o assunto do grupo mas consegui um desconto imperdível para o Evento Roadsec Rio de Janeiro e gostaria de passar o código para quem for ir nesse evento pagar menos PMRDDC-FNSMRJ
até pq não custa nada ajudar
[2017-07-26 18:43:12] Nice
[2017-07-26 18:47:46] Boa noite para todos
[2017-07-26 18:50:35] Algum manjador de nodejs ai? to com uma vaga legal
[2017-07-26 18:55:25] Node JS ?
[2017-07-26 19:03:46] é
[2017-07-26 19:15:13] Uma vez estudei node js tenho até um livro aqui hehe mas não uso faz tempo o que vc queria fazer me node js ?
[2017-07-26 19:20:58] [VAGA] Fullstack Developer @ Mantris
Interessados, favor entrar em contato com @fernandoGuisso
Temos um teste que vai avaliar se você é jr., senior ou um Jedi no assunto, se quiser dar uma olhada e ver se você aguenta https://github.com/DevMantris/The-Ultimate-Fullstack-Test
[2017-07-26 19:20:59] DevMantris | The-Ultimate-Fullstack-Test

The Ultimate Fullstack Test

Language: userdata: (nil)
Forks: 0
Stars: 0
Issues: 0
[2017-07-26 19:46:47] Esse Teste de FullStack, Mr. @fernandoGuisso ? Já vi ele em algum lugar... hehehehe
[2017-07-26 19:51:44] E como vai o lab de bio hacking do garoa ?
[2017-07-26 19:52:28] Viu nada, lê direito, tem gifs
[2017-07-26 19:52:29] Kkk
[2017-07-26 19:52:44] hehehehe
[2017-07-26 19:52:51] Mais vem q vai, kkk mas já é um começo
[2017-07-26 19:53:07] Faltou Gatos cavalgando Unicornios
[2017-07-26 19:53:31] Mas não é um teste fofo, é um teste de matar de medo
[2017-07-26 19:53:43] Já teve uns 4 q veio tentar e nem começou kkk
[2017-07-26 19:53:54] huahauahuahau
[2017-07-26 19:53:57] Sei bem...
[2017-07-26 19:54:42] Comigo, foi 1 a cada 5 se deu ao trabalho de tentar
[2017-07-26 19:55:02] a maioria lia e falava: Vish...
[2017-07-26 19:55:27] Mt bundão por aí né kkk
[2017-07-26 19:55:42] Então o pessoal foi ai começou e não terminou ? kkkk
[2017-07-26 19:55:54] Demais!
[2017-07-26 19:56:03] Tudo Dev cusão e preguiçoso
[2017-07-26 19:56:12] quer ganahr 6k mas não quer fazer um teste
[2017-07-26 19:56:30] To criando meu lab aqui em casa até então ta dando certo e já progrediu bastante
[2017-07-26 19:56:45] Oi Fernando! Um amigo meu tem interesse...
[2017-07-26 19:57:17] 2 com duas vagas em aberto desde Maio
[2017-07-26 19:57:28] *Tô com 2
[2017-07-26 20:02:10] quem aqui é do garoa ?
[2017-07-26 20:02:26] Marcos Gennaro added Flávio Haguen
[2017-07-26 20:02:26] Hi Flávio !
[2017-07-26 20:02:56] Olá a todos
[2017-07-26 20:03:01] Flávio
[2017-07-26 20:03:50] Já conhecia o garoa de antes apesar de nunca ter visitado a sede
[2017-07-26 20:04:06] Quem aqui conhece o Alexandre Abdo ?
[2017-07-26 20:04:16] Eu conheci ele pela internet apenas queria visitar mas sou de RS é longe
[2017-07-26 20:05:13] É amigo meu
[2017-07-26 20:05:17] De rpg
[2017-07-26 20:05:36] O Luciano Ramalho é o fundador do garoa ?
[2017-07-26 20:05:48] Tenho o livro dele de python
[2017-07-26 20:06:02] @fernandoGuisso
[2017-07-26 20:06:16] é o pica das galaxias em Biohacking do Garoa
[2017-07-26 20:06:37] Fiquei impressionado com a qualidade do livro e por ser nacional
[2017-07-26 20:06:56] Legal no site do garoa não achei muitas fotos queria ver mais já que sou de longe e não tenho como ir la kkk
[2017-07-26 20:06:59] uma vez ele vendeu um rim só pra mostrar como funciona o mercado negro
[2017-07-26 20:07:23] Fala aí @fernandoGuisso
[2017-07-26 20:07:31] Unico Brasileiro a ser publicado pela O'Reilly
[2017-07-26 20:10:30] Sim mas o livro é muito bem feito
[2017-07-26 20:10:46] Só falta um desse de assembly
[2017-07-26 20:12:06] Outro livro obrigatório pra quem quer programar em linux é o do Mike Kerrisk
[2017-07-26 20:12:33] Eu li que alguém aqui tem vaga de emprego ?
[2017-07-26 20:12:54] Estou procurando um trampo uegente 😝
[2017-07-26 20:24:23] somos dois
[2017-07-26 20:27:44] Você faz o que ?
[2017-07-26 20:28:41] Nessa crise de tudo um pouco, mas que eu sei fazer mesmo é programar mais PHP e quimica, claro outras linguagens tipo C#, js e LUA eu tambem sei
[2017-07-26 20:28:47] Sei eletronica
[2017-07-26 20:32:18] Nossa e até agora não encontrou ninguém ? Uma plataforma da moda
[2017-07-26 20:32:55] Meu problema é que nem sei onde procurar direito kkk
[2017-07-26 20:33:04] Encontrei um monte de gente... 90% incompetente
[2017-07-26 20:33:39] Tinha uma vaga de Python aberta, fazia um ano. Fechamos somente mês passado
[2017-07-26 20:34:01] Se estivesse oferecendo uma vaga de Delphi até seria de se esperar a dificuldade em achar alguém
[2017-07-26 20:34:19] Para delphi conheço um especialista hehe
[2017-07-26 20:34:58] Uma amiga minha acabou de mandar no grupo da faculdade vaga de programador pascal
[2017-07-26 20:35:15] Como isso ? As exigências não estavam muito altas não ?
[2017-07-26 20:35:21] Python mexi só um pouco até hoje quando fui para a fisl fizemos um buscador e alguns crawlers incrivel pareça mas fizemos os crawlers em  php-cli não ficou lento mas se fosse em python seria mais rapido
[2017-07-26 20:35:27] Não achava que ainda desenvolviam alguma coisa em pascal puta nerds
[2017-07-26 20:35:31] Merda *
[2017-07-26 20:36:05] Trabalhei com Delphi quando ainda era Borland. Delphi 5 e 6
[2017-07-26 20:37:44] Eu já programei em várias linguagens. Queria experimentar python, já fiz umas classes e tal
[2017-07-26 20:38:02] Foda é esse excesso de linguagens
[2017-07-26 20:38:46] Quando você chama um pedreiro, você tem ensinar ele a subir uma parede? hehehehehe
[2017-07-26 20:40:24] Você quer dizer, os candidatos não sabiam sequer declarar variáveis ?
[2017-07-26 20:41:22] Mesmo assim, um ano pra uma linguagem que está na moda é complicado
[2017-07-26 20:44:40] Lá no caso nós não tinhamos a expertise para o Solr. E nós estavamos procurando alguém que dominasse.
[2017-07-26 20:46:10] Eu quando comecei a estagiar nem sabia fechar um join direito
[2017-07-26 20:46:16] As empresas agora anunciam as vagas obrigando o cara a ter que saber tudo. Anunciam vaga de c# mas tem que ser front end com html5 css3 node javascript e o cacete a quatro
[2017-07-26 20:46:47] A culpa também é de quem anuncia a vaga
[2017-07-26 20:47:15] Muita gente nem sabe direito o que quer ou muito menos do que precisa
[2017-07-26 20:48:00] A máxima pra mim foi uma de estagiário com experiência em delphi
[2017-07-26 20:48:16] Há poucas semanas atrás
[2017-07-26 20:48:19] Vejo muito anuncio equivocado, pedem A e quando chega lá é C
[2017-07-26 20:50:29] Problema antigo kkk É a vida.
[2017-07-26 20:50:31] https://www.vivaolinux.com.br/topico/Off-Code-Cafe/E-se-motoristas-fossem-contratados-da-mesma-maneira-que-programadores
[2017-07-26 20:50:32] Nem sei o que é esse Solr
[2017-07-26 20:52:17] É um framework ?
[2017-07-26 20:53:11] Outra putaria são esses frameworks Javascript, a toda hora aparece um. Ano passado tinha um monte que este ano já nem se usa mais
[2017-07-26 20:58:53] Pense pelo lado positivo. Pelo menos não vai faltar demanda kkkkk É só ter saco de aprender.
[2017-07-26 21:00:03] ôpa! Chama eu!
[2017-07-26 21:00:41] Tem alguma outra vaga envolvendo Python ? Tenho interesse em misturar várias linguagens
[2017-07-26 21:01:11] Já tô nessa vida de pedreiro de TI há 20 anos
[2017-07-26 21:01:21] 😜
[2017-07-26 23:57:29] A12Tatiane-Brazil joined
[2017-07-26 23:57:29] Hi Tatiane !
