[2017-11-21 10:29:10] photo: /home/felipe/devel/github_garoa/Telegram_logs_Garoa_Hacker_Clube_Publico/media/Garoa_Hacker_Clube_(Público)/download_150229821346022327.webp
[2017-11-21 13:28:33] alguém aqui sabe o que é código "rj" no metrô?
[2017-11-21 13:28:50] situação atual na linha azul, ouvi na sé
[2017-11-21 13:37:38] pesquisei aqui... achei nada nao ;/
[2017-11-21 13:38:29] mandei a pergunta noutro grupo aqui, talvez o pessoal saiba.
[2017-11-21 13:39:20] quem vai participar do teste da urna?
[2017-11-21 13:53:30] document: /home/felipe/devel/github_garoa/Telegram_logs_Garoa_Hacker_Clube_Publico/media/Garoa_Hacker_Clube_(Público)/download_1056677446486589716.webp
[2017-11-21 13:53:41] Kkkkk
[2017-11-21 14:12:34] No código Q é alerta de chamada no rádio.
[2017-11-21 14:20:27] QRJ- Quantidade de estações contactadas e registradas.
http://www.classicosdaradio.com/codigoQ.htm
[2017-11-21 15:52:42] Daniel Goncalves joined
[2017-11-21 15:52:43] Hi Daniel !
[2017-11-21 16:20:36] Pessoal, apenas para lembrar, hj tem reunião do CMC. 
As reuniões são abertas a todos os interessados em acompanhar e opinar sobre o dia-a-dia do Garoa
https://garoa.net.br/wiki/Reuni%C3%A3o_de_21/11/2017
[2017-11-21 16:25:31] document: /home/felipe/devel/github_garoa/Telegram_logs_Garoa_Hacker_Clube_Publico/media/Garoa_Hacker_Clube_(Público)/download_150229821346022379.webp
[2017-11-21 16:26:57] O stickers do Putin são os melhores
[2017-11-21 16:35:52] tb acho
[2017-11-21 16:36:29] document: /home/felipe/devel/github_garoa/Telegram_logs_Garoa_Hacker_Clube_Publico/media/Garoa_Hacker_Clube_(Público)/download_150229821346022425.webp
[2017-11-21 16:37:16] document: /home/felipe/devel/github_garoa/Telegram_logs_Garoa_Hacker_Clube_Publico/media/Garoa_Hacker_Clube_(Público)/download_4945457436057141275.png
[2017-11-21 17:51:36] Galera que estava falando sobre robô/algotrading etc...
[2017-11-21 17:51:56] Lembrem-se: No playstation não dá BO
[2017-11-21 17:53:30] photo: /home/felipe/devel/github_garoa/Telegram_logs_Garoa_Hacker_Clube_Publico/media/Garoa_Hacker_Clube_(Público)/download_804729632_54282.jpg
[2017-11-21 17:54:10] Na conta real tem vários problemas que no simulador/backtrack não acontece.
[2017-11-21 17:55:54] Esse é um dos pontos pelo qual pf muito dificilmente vai conseguir ser competitivo :)
[2017-11-21 17:56:28] Tamanho pequeno, limites operacionais muito restritos, custo alto de transações por conta do tamanho pequeno, etc
[2017-11-21 17:58:35] document: /home/felipe/devel/github_garoa/Telegram_logs_Garoa_Hacker_Clube_Publico/media/Garoa_Hacker_Clube_(Público)/download_4949596878292385805.pdf
[2017-11-21 19:03:50] Confira o Tweet de @hacktoon: https://twitter.com/hacktoon/status/932661043494604802?s=09
[2017-11-21 19:04:11] Não aguentei... Lembrei desse grupo na hora
[2017-11-21 19:05:59] Rsrsrsrsrs
[2017-11-21 21:21:25] Sim, mas o correto não seria dizer que estão guardando em Bitcoin e sim em Monero. Monero é fechado e outra, pelo valor das propinas que foram mostradas na Lava-Jato qualquer quantia maior que 10mi poderia facilmente balançar o mercado, tanto de Monero quanto de BTC.
[2017-11-21 21:51:26] acho que a ideia deles é alcançar o público pq agora muita gente conhece bitcoin mas uma grande parte das pessoas nem sabe que existe mais de uma cryptomoeda
[2017-11-21 21:52:08] por isso os sites mídiaticos noticiam como bitcoin
[2017-11-21 21:52:18] agora, a lava jato é uma coisa
[2017-11-21 21:52:35] mas outros crimes menores são completamente diferentes
[2017-11-21 21:52:40] o wanna cry foi pago em bitcoins
[2017-11-21 21:52:55] uns 50 mil dolares?
[2017-11-21 21:53:28] não sei se balança o mercado de monero, mas de btc eu dúvido muito
[2017-11-21 22:17:27] Galera, estou vendendo algumas coisas que podem interessar o pessoal do grupo https://lista.mercadolivre.com.br/_CustId_86378639
[2017-11-21 23:11:45] TJSP tomou um sacode do WannaCry
Só não tenho detalhes
[2017-11-21 23:12:26] TRF de São Paulo também
