[2017-07-08 03:57:41] Essa pessoa precisa de ajuda: Guilherme Ramos Eu li no site que quem é menor de idade tem que ter autorização de um responsável. Como faço para mostrar pra vcs que estou autorizado a ir?

https://www.facebook.com/GaroaHC/photos/a.177930025618349.44924.143549782389707/1386386704772669/?type=3&theater
[2017-07-08 04:20:39] de acordo com o livro, 42 é a resposta para a derradeira pergunta sobre a vida, o universo e tudo o mais
[2017-07-08 04:20:47] isto é diferente de ser a resposta para tudo
[2017-07-08 04:21:17] e é significativo porque a questão é que ninguém sabe a pergunta
[2017-07-08 04:23:36] document
[2017-07-08 06:38:02] document: /home/felipe/devel/github_tvdstaaij/telegram-history-dump/output/media/Garoa_Hacker_Clube_(Público)/download_135158025190114360.webp
[2017-07-08 10:41:18] V joined
[2017-07-08 10:41:18] Hi V !
[2017-07-08 10:42:56] Bom dia!
[2017-07-08 10:43:36] Bom dia
[2017-07-08 10:44:11] Tudo bem?
[2017-07-08 10:44:49] Um amigo me contou sobre o grupo, e achei bem interessante.
[2017-07-08 10:45:11] Existe alguém no grupo que entenda de compilação de kernel na Raspberry PI?
[2017-07-08 10:47:15] Já fiz isso uma vez. E é extremamente similar à compilação do kernel Linux para qualquer outro dispositivo.
[2017-07-08 10:47:28] basicamente usar o "make menuconfig"
[2017-07-08 10:47:50] Então, eu estou tentando compilar o raspbian para suportar o protocolo MPTCP.
[2017-07-08 10:47:51] mas eu não sei dar muito mais orientações que isso, pois só fiz uma vez e já faz bastante tempo.
[2017-07-08 10:48:03] pois é... não sei mais nada
[2017-07-08 10:48:28] Eu utilizo o make menuconfig e compilo na ultima versão do raspbian, disponível no pacote público.
[2017-07-08 10:48:33] Porém, o sistema sempre corrompe.
[2017-07-08 10:49:42] @fsanches Entendo. Você só fez a compilação clean?
[2017-07-08 10:49:54] não me lembro
[2017-07-08 10:54:21] que legal! Alguem leu
[2017-07-08 10:55:20] Eu nunca vi alguem perguntando de autorização e muitos menores frequentam
[2017-07-08 10:55:32] venha
[2017-07-08 11:00:48] alguem sabe me dizer por que meu ip as vezes fica desse modo ? 

2804:14d:9484:24a:2646:c60.......
[2017-07-08 11:04:02] Ipv6
[2017-07-08 11:06:33] Pois é o IPV4 já esta saturado, agora veio IPV6 para solucionar
[2017-07-08 11:07:38] ahh sim
[2017-07-08 11:07:41] obrigado.
[2017-07-08 13:41:01] https://ichemepresident.files.wordpress.com/2015/04/science-vs-engineering.png?w=584&h=260
