[2018-03-25 12:49:26] Bom dia, alguém tem algum modem 4g parado sobrando, pra doação/venda ? É para uma familia humilde que eu auxilio (na viela que eles moram não passa cabeamento para banda larga popular) pvt, obrigado
[2018-03-25 13:00:12] Oi, vou te mandar DM
[2018-03-25 13:06:35] 👍🏾
[2018-03-25 20:46:37] Henrique Troyack joined
[2018-03-25 20:49:39] #Partiu Rede Mesh?
[2018-03-25 21:36:38] Porra, topo
[2018-03-25 21:36:44] Rede mesh na ZN ia ser foda
[2018-03-25 22:59:57] Eu tenho uns roteadores parados em casa, como que faz?
[2018-03-25 23:09:17] Vê se o modelo é compativel com LibreMesh.
https://libremesh.org/
[2018-03-25 23:09:38] eu vou ver se algum deles é
[2018-03-25 23:09:53] Estava querendo doar para alguém que precisa
[2018-03-25 23:22:53] Bora espalhar na Cidade!
[2018-03-25 23:23:24] Anda comigo no Recreio, @ianffcs, que você passa de Ano!
[2018-03-25 23:25:55] Preciso terminar a facul primeiro hahahaha
[2018-03-25 23:27:45] Xovêm, para de arrumar desculpa e vem com nóis!
[2018-03-25 23:34:10] 😂
[2018-03-25 23:35:35] faculdade n da xp n
[2018-03-25 23:37:55] É mesmo? Fale mais sobre não aparecer no Garoa, nem de sábado, um tempo atrás, por causa da Faculdade?
[2018-03-25 23:38:13] SAHUSHUASAHUHSAHSUAHSUAHUSHAS
[2018-03-25 23:38:18] por isso que agora eu apareço
[2018-03-25 23:38:19] 😆
[2018-03-25 23:38:42] serve essa resposta?
[2018-03-25 23:38:55] até com umas peguetes a gente aparece la de vez em nunca
[2018-03-25 23:38:56] SUAHUSAHUSAHUSHUSA
[2018-03-25 23:40:16] Não estou julgando. Ela convence você?
Pq você, pra mim, é problema seu... hehehe
[2018-03-25 23:40:27] SAHUSAUHSUHAHSUASHUASAUHSUAHUSHAHUSAHUSAHUSAHUSAHUSAHUSAUHSAUHSASAHUSAUHSAHUSAHUSAHU
[2018-03-25 23:40:29] boa resposta
