[2017-05-04 07:34:53] https://en.m.wikipedia.org/wiki/Star_Wars_Day
[2017-05-04 07:35:29] Hoje é Star Wars Day
[2017-05-04 07:35:42] May the Fourth
[2017-05-04 07:40:17] photo: /home/felipe/devel/github_tvdstaaij/telegram-history-dump/output/media/Garoa_Hacker_Clube_(Público)/download_804206969_47998.jpg
[2017-05-04 07:54:22] 😜
[2017-05-04 08:48:13] Happy may the forth
[2017-05-04 08:48:52] Alguém tem um par de esteira de robô que comprou e nunca usou e pretende vender ou tem alguma sugestão de loja boa?
[2017-05-04 09:59:16] A Peggy Sylopp vai no garoa hoje, uma artista do chaos computer club
[2017-05-04 10:00:16] vai fazer uma obra para expor na criptorave
[2017-05-04 10:41:10] Alguém já viu uma pick and place diy?
[2017-05-04 10:41:14] http://hackaday.com/2015/02/06/a-diy-pick-and-place-you-can-build-right-now/
[2017-05-04 10:57:30] O M F G !
[2017-05-04 11:58:53] http://g1.globo.com/ciencia-e-saude/noticia/apos-adiamentos-por-greve-satelite-brasileiro-deve-ser-lancado-nesta-quinta-feira-na-guiana-francesa.ghtml
[2017-05-04 12:08:06] Isso me faz pensar... se o Brasil tivesse um programa espacial funcionando, seríamos o único país aonde os lançamentos de foguete seriam adiados pois os funcionários entraram em greve
[2017-05-04 12:08:37] 😝
[2017-05-04 12:08:51] https://kotaku.com/guy-finds-starcraft-source-code-and-returns-it-to-blizz-1794897125
[2017-05-04 12:19:41] A greve foi dos funcionários de uma empresa prestadora de serviços da base de lançamento da Guiana Francesa.
[2017-05-04 12:21:20] Lançamentos de outros foguetes também foram reagendados na Guiana Francesa nesse mẽs por conta da greve de lá. Não tem nada a ver com brasileiros ou com greves brasileiras.
[2017-05-04 12:21:22] sem contar com o potencial elevador espacial, produzindo energia solar infinita
[2017-05-04 12:22:26] Sim, mas se fosse no Brasil, a greve seria a cada lançamento de foguete, para explorar a necessidade de aproveitar uma janela de lançamento
[2017-05-04 12:22:58] Potencial mesmo seria com a tecnologia de estocar vento 😁😂
[2017-05-04 12:23:02] Creio que os países que mais fazem greves no mundo são europeus
[2017-05-04 12:23:11] França Dinamarca
[2017-05-04 12:24:36] Mais do que a receita federal? Du-vi-do !!! Rs
[2017-05-04 12:25:13] Dinamarca?
[2017-05-04 12:25:27] A globo não mostrou esses dias que lá tudo é perfeito?
[2017-05-04 12:32:16] Tu acredita na rede esgoto?
[2017-05-04 12:35:49] Fui enganado cry hahaha
[2017-05-04 12:46:39] photo: /home/felipe/devel/github_tvdstaaij/telegram-history-dump/output/media/Garoa_Hacker_Clube_(Público)/download_803119581_46582.jpg
[2017-05-04 12:47:40] me deu um nó na cabeça agora...
[2017-05-04 12:49:10] document: /home/felipe/devel/github_tvdstaaij/telegram-history-dump/output/media/Garoa_Hacker_Clube_(Público)/download_858174108288942872.webp
[2017-05-04 12:50:51] document: /home/felipe/devel/github_tvdstaaij/telegram-history-dump/output/media/Garoa_Hacker_Clube_(Público)/download_533238787006791963.webp
[2017-05-04 12:54:49] Alguém sabem me dizer se tem no Garoa apagador de eprom?
[2017-05-04 12:58:30] sim, tem!
[2017-05-04 12:58:41] E eu tenho usado de vez em quando.
[2017-05-04 12:58:51] Aliás... acho que tem dois!
[2017-05-04 12:59:30] Eles ficam no lab de eletrônica, próximo da caixa de ferramentas (alicates/chaves de fenda/etc).
[2017-05-04 13:00:13] Um deles é temporizado. Tem um timer e um potenciometro para ajustar o tempo desejado, e um botão pra iniciar o processo do banho de luz ultra-violeta.
[2017-05-04 13:00:31] É daqueles que têm uma gavetinha pra botar os chips.
[2017-05-04 13:01:00] E desliga automaticamente caso você abra a gavetinha enquanto estiver ainda no meio de um banho UV.
[2017-05-04 13:02:11] Já gravador de EPROM não tem. Eu sugeri que o Garoa comprasse um alguns anos atrás, mas o pessoal achou que era algo muito específico das minhas necessidades pessoais e não de utilidade geral para o clube. Então o CMC recusou a compra e eu comprei o meu do meu bolso mesmo.
[2017-05-04 13:02:36] É bem bom o modelo que eu uso. Escrevi um tempo atrás um artigo sobre ele: http://mamedev.emulab.it/fsanches/2014/10/14/dumping-gear-tl866cs/
[2017-05-04 13:03:25] Se precisar, posso gravar umas EPROMs pra você.
[2017-05-04 13:07:35] 👍 Obrigado ..
[2017-05-04 13:09:48] document: /home/felipe/devel/github_tvdstaaij/telegram-history-dump/output/media/Garoa_Hacker_Clube_(Público)/download_231345707569643818.webp
[2017-05-04 13:09:49] Não... Lá tem ciclovia. E o Povo usa. E isso é coisa de Vagabundo e Comunista, segundo os "Padrões Brasileiros"
[2017-05-04 15:43:34] https://www.bleepingcomputer.com/news/security/234-android-applications-are-currently-using-ultrasonic-beacons-to-track-users/
[2017-05-04 17:14:18] Satélite brasileiro sobe hoje, daqui a pouco: livestreamer http://original.livestream.com/spaceflightnow best
[2017-05-04 17:31:25] Get Adobe Flash Player
[2017-05-04 17:33:36] http://github.com/chrippa/livestreamer/
[2017-05-04 17:34:28] veja que a minha mensagem inicial era justamente a linha de comando de invocação do livestreamer passando como parâmetro a URL do vídeo e a seleção de qual stream tocar (no caso optei por "best" pra pegar a melhor resolução disponível)
[2017-05-04 17:35:18] document: /home/felipe/devel/github_tvdstaaij/telegram-history-dump/output/media/Garoa_Hacker_Clube_(Público)/download_24991512752292796.webp
[2017-05-04 17:35:24] Na torcida
[2017-05-04 17:36:24] o programa espacial brasileiro é tão zicado que a gente fica até esperando pra ver uma bola de fogo hoje... (não estou torcendo por isso não, mas é que não tem como não pensar nisso também, dado o passado desastroso das tentativas anteriores)
[2017-05-04 17:37:12] Pelo menos o Ariane 5 é um foguete bem confiável. Com um histórico primoroso de sucessos consecutivos.
[2017-05-04 17:52:36] Hoje às 23h59 serão finalizadas as vendas dos ingressos para a Python Sudeste 2017.

Quem pretende ir, porém ainda não garantiu seu ingresso, cor lá:
https://www.eventbrite.com.br/e/python-sudeste-2017-tickets-34266939338
[2017-05-04 17:54:21] Boca santa, lançamento cancelado...
[2017-05-04 17:54:54] :-P
[2017-05-04 17:55:52] contagem regressiva suspensa é normal acontecer
[2017-05-04 17:56:32] estão ponderando se rola dar continuidade ou se é melhor reagendar para reavaliar com mais calma seja lá qual for a anomalia detectada
[2017-05-04 17:56:50] às vezes acontece de simplesmente re-agendarem pra 15 minutos mais tarde
[2017-05-04 17:57:17] às vezes é um barco ou uma aeronave dentro da área restrita para a segurança do lançamento
[2017-05-04 17:57:31] às vezes é algum sensor com leitura fora da faixa nominal
[2017-05-04 17:57:48] às vezes cancelam, remarcando pra 24 horas depois
[2017-05-04 17:58:30] O termo que se usa para cancelamento é "scrub". Se disserem "the launch has been scrubbed" aí significa que não vão mais tentar hoje.
[2017-05-04 18:19:20] Rodrigo:
Pessoal estou precisando de orçamento ou indicação de empresa para capturar extratos de aprox 100 contas correntes diariamente e consolidar em um relatório só
[2017-05-04 18:42:04] ficou verde de novo
[2017-05-04 18:42:53] Falaram alguma coisa em francês, mas eu não entendi (por que eu não tava prestando atenção, e também por que eu não costumo entender francês :-P).
[2017-05-04 18:45:12] Retomaram a contagem regressiva
[2017-05-04 18:48:28] Faltam só 3 minutos!!!  livestreamer http://original.livestream.com/spaceflightnow best
[2017-05-04 19:13:52] OK. Aparentemente tudo vai bem. Botaram o Kassab pra falar durante o stream do lançamento do satélite.
[2017-05-04 19:16:20] Gastamos 2 bilhões de reais do governo brasileiro pra botar em operação um satélite com 30% de capacidade para as forças armadas e 70% dedicado a "serviços de banda-larga via satélite para todo o território nacional". Resta saber agora como vai ser efetivado o uso desses 70%. Compra-se um aparelho MODEM+antena pra navegar em banda-larga via satélite gratuitamente ? Ou vai ter alguma empresa caindo em cima e cobrando os olhos da cara por esse acesso ?
[2017-05-04 19:17:05] Aparentemente colocaram um FLASH PLAYER... wow
[2017-05-04 19:25:25] É isso é bom?
[2017-05-04 19:25:27] Kkkk
[2017-05-04 19:26:23] Pois é... não sei. Estou com uma pulga atrás da orelha.
[2017-05-04 19:26:54] Não entendi o seu comentário.
[2017-05-04 19:28:04] Estão usando um sistema de stream com FLASH PLAYER. só quis dizer isso mesmo
[2017-05-04 19:28:41] pq as pessoas ainda usam livestream? eu usava isso em tipo, 2009
[2017-05-04 19:28:54] hoje em dia tem serviços de streaming melhores, vai
[2017-05-04 19:29:31] Eu conecto no livestream via linha de comando com um software livre chamado livestreamer, que extrai o feed de vídeo e toca no VLC, sem precisar do player flash
[2017-05-04 19:29:56] http://docs.livestreamer.io/
[2017-05-04 19:30:05] sim, eu sei, mas isso não melhora o serviço :p
[2017-05-04 19:33:11] e qual seria o melhor serviço para assistir esses vídeos então?
[2017-05-04 19:33:55] olha, de uso geral eu não acompanho, mas lembro que na época mesmo o ustream dava um pau no livestream
[2017-05-04 19:34:18] hoje em dia eu uso picarto pra streams de arte (desenhistas) e beam pra streams de jogos
[2017-05-04 19:36:20] quando eu digo "as pessoas ainda usam", digo os próprios streamers
[2017-05-04 19:36:38] não quem assiste (essas pessoas não têm muita escolha :p)
[2017-05-04 19:39:34] Podia ser pior, na Petrobras usam tecnologia da RealNetworks... de 2004...
[2017-05-04 19:41:57] seria bom propagar esse conhecimento ai, não adianta gozar da caras dos outros sem ensinar o que pode ser melhor...
[2017-05-04 19:45:17] Beam? Eu to bem por fora mas, o twitch flopou?
[2017-05-04 19:45:24] Na Petrobras eu já desisti... pelo menos até os dinossauros de lá se aposentarem... ou forem pegos na Lava Jato...
[2017-05-04 19:46:03] @PiadaRuim o twitch passa muito bem obrigado, mas o beam tem menos delay, e ainda não foi tão monetizado
[2017-05-04 19:46:04] (ainda)
[2017-05-04 19:47:46] (ainda)
[2017-05-04 19:48:35] E a abrangencia do beam, tem uma userbase boa já ou tá começando?
[2017-05-04 19:52:51] Acho que o futuro é streaming descentralizado, onde cada cliente também é um servidor... um protocolo distribuído, como o torrent, que não exija tanto dos servidores...

Posso devanear um pouco, né? 😁
[2017-05-04 19:53:08] Até porque já existem...
[2017-05-04 19:54:26] bem boa, acho. não conheço ~streamers mundialmente famosos~ mas todos os que conheço mudaram do twitch pro beam já. inclusive eu, quando faço stream irregularmente :p
[2017-05-04 19:57:19] Saquei D:
[2017-05-04 19:57:22] Vlw o/
[2017-05-04 21:19:05] esta aberto o garoa
[2017-05-04 21:19:14] opa!
[2017-05-04 21:19:21] vou dar uma passadinha aí agora mesmo
[2017-05-04 21:19:24] mas vai ser rápido
[2017-05-04 21:19:31] esta com problema o status, tem gente arrumando
[2017-05-04 21:19:45] vai ser só pra instalar isso aqui: http://github.com/garoa/CRT-info/
[2017-05-04 21:20:11] em 15 minutos tô aí e a gente bota esse negócio pra funcionar no hardware de verdade
[2017-05-04 21:20:13] té mais
[2017-05-04 21:20:20] esta aqui a peggy de um espaço de berlin
[2017-05-04 21:33:25] 👍
