[2017-02-04 01:21:31] photo: /home/felipe/devel/github_tvdstaaij/telegram-history-dump/output/media/Garoa_Hacker_Clube_(Público)/download_803114711_1879.jpg
[2017-02-04 01:21:38] Melhor palestrante dá campus
[2017-02-04 05:03:37] photo: /home/felipe/devel/github_tvdstaaij/telegram-history-dump/output/media/Garoa_Hacker_Clube_(Público)/download_803116344_1852.jpg
[2017-02-04 05:04:39] Dumont hackerspace promovendo a união entre Garoa, LHC, SJC, Madeira e Xap em prol da zuera na Campus Party
[2017-02-04 05:09:22] era pra eu ta ai mas to trabalhando ainda oh bosta
[2017-02-04 05:40:48] photo: /home/felipe/devel/github_tvdstaaij/telegram-history-dump/output/media/Garoa_Hacker_Clube_(Público)/download_803709623_40511.jpg
[2017-02-04 05:40:48] photo: /home/felipe/devel/github_tvdstaaij/telegram-history-dump/output/media/Garoa_Hacker_Clube_(Público)/download_804201783_6706.jpg
[2017-02-04 05:41:04] Primeiro objeto em órbita do Dumont
[2017-02-04 06:42:06] photo: /home/felipe/devel/github_tvdstaaij/telegram-history-dump/output/media/Garoa_Hacker_Clube_(Público)/download_803113308_1805.jpg
[2017-02-04 06:42:24] Bom dia a todos!
[2017-02-04 06:42:33] Só para informar
[2017-02-04 06:45:08] O Emerson, que desenvolve a aula aos sábados de servidor Linux, estará também hoje as 17hs. Existia a possibilidade de ser as 16hs, na não foi confirmado.
[2017-02-04 06:45:41] 17hs aula de servidor no Garoa
[2017-02-04 07:09:49] photo: /home/felipe/devel/github_tvdstaaij/telegram-history-dump/output/media/Garoa_Hacker_Clube_(Público)/download_803117812_1781.jpg
[2017-02-04 07:18:13] 🙂😀🤞
[2017-02-04 08:34:46] Tomamos bronca e tiramos
[2017-02-04 08:34:56] Estava oferecendo risco ao público
[2017-02-04 08:46:51] Estarei lá
[2017-02-04 08:56:54] Vai que cai um balão na cabeça de alguém né
[2017-02-04 08:56:57] Perigo
[2017-02-04 09:11:48] Bitcoin para garoeiro amanhã dia 05/02 qual horário? Não achei informação na wiki do garoa. É aberto ao público? Ou somente sócios?
[2017-02-04 09:42:46] photo: /home/felipe/devel/github_tvdstaaij/telegram-history-dump/output/media/Garoa_Hacker_Clube_(Público)/download_803110199_11554.jpg
[2017-02-04 09:58:57] Informativo:

Em relação ao Bitcoin ESTÁ CONFIRMADA. A palestra, será realizada por profundos conhecedores do assunto, característica essa que torna o Garoa tão precioso. 

A palestra é PARA TODOS, que queiram. Não vi restrição de quantidade de pessoas na página de eventos do Garoa (Wiki). Só não foi confirmado ainda o horário.
[2017-02-04 10:31:25] 18h
[2017-02-04 10:34:06] Agora está confirmado o horário 😄👍
[2017-02-04 10:42:30] Por favor, atualizem a wiki com o horário. Perguntaram na lista,
[2017-02-04 11:29:40] Aliás, meu chefe vai dar palestra sobre o Sirius às 4:15, no Palco Ciência.
[2017-02-04 11:38:11] Tava lembrando, o cara da organização foi bem escroto, no melhor padrão CPBR: ele chegou e simplesmente disse "quem é o dono disso, pq se vc não tirar eu vou tirar". Não veio conversar, não veio pedir para tirar. Já chegou escrotamente intimando.
[2017-02-04 11:39:35] Enfim, ontem foi um dia bizarro...
[2017-02-04 11:45:39] Mas antes disso foi até divertido tudo mundo comprando o desafiozinho
[2017-02-04 11:55:10] Desafiozinho seu rabinho de samurai, aquilo foi um super hackathonto estilo Mike hehe
[2017-02-04 12:01:41] Kkkk
[2017-02-04 12:02:47] E como de costume venceu a força bruta
[2017-02-04 12:06:13] Poxa... que feio
[2017-02-04 12:18:07] E qual era a desse balão? Gás hélio? Drones? Ou vcs laçaram a estrutura e penduraram a bagaça?
[2017-02-04 12:32:47] Pensa na maneira mais idiota de se fazer isso. Foi pior. =)
[2017-02-04 12:35:28] a gente realizou a única atividade que realmente engajou diversos campuseiros, deváimos ganhar um prêmio
[2017-02-04 13:29:32] A última coisa que eu me lembro foi o Silvio Palmiere me perguntando se eu já tinha experimentar a vodka russa Stolichnaya... neste momento eu estava na Campus B com uma galera do ABC Makerspace... depois disso só me lembro de estar acordando na minha barraca... #medo
[2017-02-04 13:30:53] E I T A !
[2017-02-04 13:41:47] Eu vi vc na mesa do Dumont umas 6 dá manhã, procurando sabe lá Deus o que
[2017-02-04 13:42:33] Espero que tenha encontrado
[2017-02-04 13:42:34] 😱
[2017-02-04 13:42:51] Eita, tá conseguindo andar?
[2017-02-04 13:43:14] Walk of shame
[2017-02-04 13:47:36] kkkkkkk
[2017-02-04 13:51:10] Mensagem do meu chefe: só os dois mais velhos te conheciam lá. Idade não perdoa.
[2017-02-04 13:57:08] Claro que sim, não sou fraco como você...
[2017-02-04 13:58:16] Poxa, tinha acabado o gel, q posso fazer?
[2017-02-04 13:59:14] Eu falei: é aquele cara da foto de um gato preto
[2017-02-04 13:59:37] Hahahaha
[2017-02-04 13:59:42] Isso
[2017-02-04 14:04:07] Gel, gato preto, fraqueza e velhice 😂
[2017-02-04 14:39:17] Boa tarde, só para confirmar; aula servidor Linux hoje as 17hs mesmo ok?
[2017-02-04 15:01:24] Sim 17hs. O Emerson (professor) comentou que talvez iniciaria as 16hs, mas não conformou. Vai ser filmada.
[2017-02-04 15:13:51] Turma que esta na CParty! Daqui a pouco (dentro de 1 hora) eu chego por ai... To saindo de casa agora.
[2017-02-04 15:14:38] Vou fazer uns workshops espontaneos de KICAD / MAME / Patinho Feio la no Espaço Fazedores
[2017-02-04 15:29:28] Ele havia comentado no sábado passado, mas não consigo chegar aí as 16hs, estou saindo agora do serviço e até chegar aí kkkk obrigada
[2017-02-04 15:54:50] Oficina de eletrônica têxtil na bancada do Dumont hackerspace as 16:00 #cpbr10
[2017-02-04 15:56:36] Aiiiii simmmm
[2017-02-04 15:57:44] E o melhor, com quem entende do assunto e não comigo :)
[2017-02-04 16:05:06] Curioso, estou
[2017-02-04 16:05:45] Mission accomplished
[2017-02-04 16:06:14] @carril teremos "Corte & Costura" de volta ao Garoa esse Ano?
[2017-02-04 16:09:31] Quem é o colaborador aí dá atividade?
[2017-02-04 16:11:14] photo: /home/felipe/devel/github_tvdstaaij/telegram-history-dump/output/media/Garoa_Hacker_Clube_(Público)/download_803118739_2010.jpg
[2017-02-04 16:11:36] Oficina movida para a mesa ao lado :)
[2017-02-04 16:14:43] A japonesa dá federal tá em todas kkkk
[2017-02-04 16:35:38] Olha só @aylons
[2017-02-04 16:35:45] photo: /home/felipe/devel/github_tvdstaaij/telegram-history-dump/output/media/Garoa_Hacker_Clube_(Público)/download_803738644_15515.jpg
[2017-02-04 16:36:03] photo: /home/felipe/devel/github_tvdstaaij/telegram-history-dump/output/media/Garoa_Hacker_Clube_(Público)/download_803112255_1862.jpg
[2017-02-04 16:36:17] Palestra lotada!
[2017-02-04 16:36:40] Legal, legal :c)
[2017-02-04 16:37:10] photo: /home/felipe/devel/github_tvdstaaij/telegram-history-dump/output/media/Garoa_Hacker_Clube_(Público)/download_803113158_1931.jpg
[2017-02-04 16:38:53] Nesse momento estou trabalhando, aliás.
[2017-02-04 16:39:13] photo: /home/felipe/devel/github_tvdstaaij/telegram-history-dump/output/media/Garoa_Hacker_Clube_(Público)/download_803111384_19733.jpg
[2017-02-04 16:39:15] photo: /home/felipe/devel/github_tvdstaaij/telegram-history-dump/output/media/Garoa_Hacker_Clube_(Público)/download_803734167_51355.jpg
[2017-02-04 16:39:17] photo: /home/felipe/devel/github_tvdstaaij/telegram-history-dump/output/media/Garoa_Hacker_Clube_(Público)/download_803114576_1923.jpg
[2017-02-04 16:41:04] Isso é legal
[2017-02-04 16:45:43] Pergunta quando vai ter dia de visitação, aliás.
[2017-02-04 17:02:10] Galera, alguém está sentindo falta de um carregador de celular da Motorola/Lenovo?
Está comigo, alguém guardou junto com as minhas coisas...
[2017-02-04 17:04:34] posta o resultado final depois... fiquei curioso pra saber o que vai virar isso ai
[2017-02-04 17:09:00] Eu falei com ele, ainda pedi para ele explicar do projeto de vcs.. para o Renato que estava comigo do Senac de Natal.. Super atencioso.. depois encaminhei ele para o Anchises
[2017-02-04 17:09:50] Bacana, valeu :c)
[2017-02-04 17:24:24] Seria legal, né @Gutemhc ?Quem quiser participar:  https://garoa.net.br/wiki/Cut_Costura
[2017-02-04 17:58:26] photo: /home/felipe/devel/github_tvdstaaij/telegram-history-dump/output/media/Garoa_Hacker_Clube_(Público)/download_803118976_2133.jpg
[2017-02-04 17:59:54] Anchises, por favor, me traz outro? Te pago depois, e podem comer as pipocas kkk
[2017-02-04 18:00:26] Vou usar para guardar os Homero Ortega das criancas
[2017-02-04 18:20:57] oficina de criptografia de arquivos e e-mails com PGP na bancada do Dumont às 23h
[2017-02-04 18:21:30] oloco
[2017-02-04 18:40:23] Link para torrent do cs
[2017-02-04 18:40:24] https://thepiratebay.org/torrent/3990187/Counter-Strike_1.6_V28_NONSTEAM
[2017-02-04 18:41:05] Como diz aquele meme: DELETR THIS
[2017-02-04 18:42:13] isso ae 👏🏻👏🏻👏🏻
[2017-02-04 18:44:10] Pessoal pediu pra compartilhar pra jogar cs aqui na cp
[2017-02-04 18:58:09] Edu Filipe joined
[2017-02-04 18:58:09] Hi Eduardo !
[2017-02-04 19:47:24] photo: /home/felipe/devel/github_tvdstaaij/telegram-history-dump/output/media/Garoa_Hacker_Clube_(Público)/download_248534613364837106.webp
[2017-02-04 19:48:48] O Sérgio disse que ficou uma hora respondendo pergunta depois da apresentação!
[2017-02-04 19:49:28] É o jeito dele de garantir que vai apagar todos os vírus do computador.
[2017-02-04 19:53:56] Ahuahauaahuahauaha
[2017-02-04 19:54:14] Tem muito meme assim na net eu dou risada demais...
[2017-02-04 20:20:03] Não... foi o pessoal que pediu...
[2017-02-04 20:21:20] document: /home/felipe/devel/github_tvdstaaij/telegram-history-dump/output/media/Garoa_Hacker_Clube_(Público)/download_606707282096422942.webp
[2017-02-04 20:27:20] desconsiderando impressão 3d, como sugerem fabricar um energy dome do devo? https://images.bigcartel.com/product_images/157495408/Devo_Red_Energy_Dome.png
[2017-02-04 20:41:06] Eva
[2017-02-04 20:41:41] Corte círculos com os raios corretos, empilhe, cole e lixe
[2017-02-04 20:42:59] e algo mais rígido? os originais são de plástico
[2017-02-04 20:43:27] obviamente vacuum forming mas eu não tenho equipamento pra isso (ainda)
[2017-02-04 21:02:14] Vf não fica tão rígido, eh bom para fazer formas
[2017-02-04 21:02:14] Bom, sugeri Eva pq eh fácil de cortar, mas MDF de 3mm ou eucatex
[2017-02-04 21:02:18] Tb podem ser usados assim
[2017-02-04 21:02:55] Rola até cortar com estiletes, mas precisa de paciência e algumas lâminas
[2017-02-04 21:07:46] entendi
[2017-02-04 21:08:09] valeu :)
[2017-02-04 21:15:34] Eh para ser oco?
[2017-02-04 21:15:44] sim, é um chapéu
[2017-02-04 21:16:16] os originais são feitos for thermoforming em plastico de 1mm
[2017-02-04 21:19:26] Fazer assim sem forma parece difícil... Pode arriscar um fibra de vidro se tiver um molde
[2017-02-04 21:20:45] com uma cnc grande o suficiente daria pra fazer um molde
[2017-02-04 21:20:58] Faz o esquema com Eva para molde
[2017-02-04 21:21:07] Mete a fibra de vidro por cima
[2017-02-04 21:21:38] Resina epóxi pode ser mais fácil...
[2017-02-04 21:22:03] fibra/epoxy parece bem pesado
[2017-02-04 21:22:08] dá pra deixar bem uniforme e liso?
[2017-02-04 21:23:36] Eh leve, para ficar liso, lixa e lixa e lixa...
[2017-02-04 21:23:46] Depois base pu
[2017-02-04 21:23:51] E depois tinta
[2017-02-04 21:24:51] vou procurar um jeito de fazer assim então
[2017-02-04 21:25:23] uma idéia poderia ser usar um torno pra lixar, não? aí seria mais fácil deixar perfeitamente circular
[2017-02-04 21:25:37] Se ficar com muita ondulação, vai preenchendo com aquela massa que esqueci o nome
[2017-02-04 21:26:04] Se tiver um torno, faz logo tudo nele, pô
[2017-02-04 21:26:32] pô
[2017-02-04 21:26:44] vamos montar um torno no garoa então
[2017-02-04 21:26:52] Aham
[2017-02-04 21:28:24] Turno vc pode fazer assim: corta  retângulos mais ou menos da medida, cola, torneia por fora e depois por dentro
[2017-02-04 21:28:28] Tem que treinar
[2017-02-04 21:30:13] eu acho que a idéia de usar fibra ou epoxy é boa, então talvez fazer em duas partes, tornear um molde e depois fazer com a resina
[2017-02-04 21:33:28] https://youtu.be/TIvROyV2n6w
[2017-02-04 21:33:56] Vc pode tornar um bloco de abs
[2017-02-04 21:34:16] eita, não sabia que abs vinha em bloco
[2017-02-04 21:34:18] é uma idéia
[2017-02-04 21:34:37] Meio carinho
[2017-02-04 21:34:40] Eh por kg
[2017-02-04 21:34:51] imagino
[2017-02-04 21:35:47] E vc vai jogar a maior parte fora
[2017-02-04 21:37:22] Tornear madeira eh bonito né?
[2017-02-04 21:37:34] muito!
[2017-02-04 21:37:42] eu gosto desses vídeos
[2017-02-04 21:40:10] Ta chegando a hora de eu ter o meu torno ;)
[2017-02-04 21:40:17] Mais uns anos
[2017-02-04 21:46:45] "but the problem is, once you get the hang of it (...) you tend to cover everything with beads" hahaha
[2017-02-04 21:46:55] seria eu
[2017-02-04 21:48:48] https://youtu.be/q3e5KWDDZvY
[2017-02-04 21:51:08] document: /home/felipe/devel/github_tvdstaaij/telegram-history-dump/output/media/Garoa_Hacker_Clube_(Público)/download_803117523_1898.jpg
[2017-02-04 21:51:23] hahahahaha
[2017-02-04 21:56:56] Oi pessoal, se precisar posso conseguir algumas pontas rotativas pro torno e alguns acessórios... minha desculpa pra visitar vcs no garoa 😝 Não conheço o espaço ainda 🙂
[2017-02-04 21:58:14] Tenho como tornear algumas peças de aço pra montar um torno para madeira 👍🏼👍🏼 É só bolar o projetinho
[2017-02-04 22:02:28] Opa legal!
[2017-02-04 22:02:49] tá vendo
[2017-02-04 22:02:54] e o oda duvidando
[2017-02-04 22:03:13] Eu adoraria ajudar a tocar esse projeto
[2017-02-04 22:03:46] Eu fiquei de montar um pro meu sogro, to enrolando ele 😂
[2017-02-04 22:03:48] Eh bom ter alguém com experiência, eu não sei nem por onde começar kkk
[2017-02-04 22:04:10] De repente a gente faz junto, ja monta 2😂😂
[2017-02-04 22:04:21] Tenho algumas coisas como isso aqui
[2017-02-04 22:04:25] photo: /home/felipe/devel/github_tvdstaaij/telegram-history-dump/output/media/Garoa_Hacker_Clube_(Público)/download_532582017787775817.mp4
[2017-02-04 22:05:37] Tirando a morsa e a mesa coordenada que sao caras, consigo as essas outras pecinhas e mais algumas coisas... de repente até tornear peças de aço pra encaixar direitinho no nosso torno 👍🏼
[2017-02-04 22:26:26] Um dia ainda consigo largar tudo e ficar só com marcenaria
[2017-02-04 22:47:57] https://youtu.be/5Y767gdemD8
[2017-02-04 22:48:43] Quanto custa a morsa?
[2017-02-04 22:49:19] Eu tenho um torninho caseiro aqui, usa mandril de furadeira
[2017-02-04 22:49:40] Dá para fazer umas coisinhas, como polias e tal...
[2017-02-04 22:50:27] Mas a morsa faz toda a diferenca
[2017-02-04 22:53:10] Esses mini tornos de 2 paus prestam?
[2017-02-04 23:07:45] The messenger - Delta Chat
https://getdelta.org/en/
[2017-02-04 23:14:23] @mynameiserin o quão rígido tem que ser esse chapéu? Eu faria com aquelas quentinhas de isopor
[2017-02-04 23:15:02] razoavelmente rígido, pensa que os originais são plástico (provavelmente abs) de 1mm
[2017-02-04 23:15:08] Nada contra tornear um em madeira, óbvio
[2017-02-04 23:15:25] Mas fibra é legal tbm
[2017-02-04 23:16:18] http://www.aerojet.com.br/cursos-fiberglass-nossos-cursos.html
[2017-02-04 23:20:51] /help@jackbot
[2017-02-04 23:20:52] Message me first so i can message you !
[2017-02-04 23:21:45] Vish, sei não... vou dar uma olhada
[2017-02-04 23:21:51] Fernando added Michele
[2017-02-04 23:21:51] Hi Michele !
[2017-02-04 23:57:36] Endereço do site da Dani:
http://danielammorais.com/
