[2016-07-25 10:47:43] Marcelo joined
[2016-07-25 10:47:44] Hi Marcelo !
[2016-07-25 10:47:55] Obrigado
[2016-07-25 12:29:55] Graan Forcii joined
[2016-07-25 12:29:56] Hi Fabio !
[2016-07-25 13:33:25] https://www.rockpapershotgun.com/2016/07/23/sonic-mania-announced/
[2016-07-25 13:57:58] O bash está por default no Windows 10?
[2016-07-25 14:12:31] nop, tem que ativar na parte de features
[2016-07-25 14:12:36] e so ta rolando pros builds insider
[2016-07-25 14:12:47] eu to testando btw
[2016-07-25 14:13:01] tmux ta rodando liso por sinal
[2016-07-25 14:13:27] so o suporte a mouse que não está 100% até onde eu testei
[2016-07-25 14:15:03] e btw, prazer galera, fábio o/
[2016-07-25 14:19:31] Prazer Fabio, bem vindo ao grupo.
[2016-07-25 15:06:01] dúvida, tá rolando de boa os encontros de quinta pra mexer com arduino?
[2016-07-25 15:16:28] Assim, só aparecer.  É recomendado trazer computador e Arduíno.  Temos para emprestar - mas nem sempre tem algum livre.
[2016-07-25 15:16:31] Sim!
[2016-07-25 15:17:59] tranquilo :D eu tenho o material, so alguns componentes mais soltos, tipo capacitores da vida que eu preciso(aka ir na santa)
[2016-07-25 15:18:11] ando fazendo uns testes com o nrf24l01
[2016-07-25 19:46:53] photo: /home/felipe/devel/github_tvdstaaij/telegram-history-dump/output/media/Garoa_Hacker_Clube_(Público)/download_803701977_62225.jpg
[2016-07-25 19:47:03] Olá! No ínicio de julho de 2016 estive em San Fransisco (EUA) e visitei o hackerspace Noisebridge. 

Agora convido tod@s a saber como foi e conhecer esse ambiente, que recentemente passou por reformulação de conceito e normas.

Terça, 2/agosto/2016, 19h30-22h30

(Grátis. Classificação indicativa: Livre.)

Abraços!
[2016-07-25 19:50:56] Deram uma boa arrumada lá, hein?
[2016-07-25 19:54:50] "Reboot 2.0"
[2016-07-25 19:55:26] document: /home/felipe/devel/github_tvdstaaij/telegram-history-dump/output/media/Garoa_Hacker_Clube_(Público)/download_826459275206328386.webp
[2016-07-25 20:31:20] Hangout  Semana do Linux - Hackerspaces, Hackerlabs e afins! na proxima 5a feira (28/07) as 20h.

Inscreva-se no link: http://gowoa.me/i/mHhs
[2016-07-25 21:10:26] Legal @carril puz no FB no Twitter do Garoa!
[2016-07-25 21:23:28] Rafael Monico joined
[2016-07-25 21:23:29] Hi Rafael !
