[2018-01-16 00:03:06] Você não pode começar? :)
[2018-01-16 00:03:58] Pooo, eu estou querendo imprimir isso também. Rola fazermos juntos?
[2018-01-16 00:04:30] tentei começar a imprimir as teclas hoje na baby do lab
[2018-01-16 00:05:01] mas o extrusor engasgou o dia inteiro e só consegui uma das duas spacebars sair direito 😂
[2018-01-16 00:05:09] Deu certo? :)
[2018-01-16 00:07:39] Vixi. Eu não entendo de impressoras 3D, isso tem concerto?
Parece que dá pra ir num Fab Livre e imprimir de graça
[2018-01-16 00:13:53] document: /home/felipe/devel/github_garoa/Telegram_logs_Garoa_Hacker_Clube_Publico/media/Garoa_Hacker_Clube_(Público)/download_1244824411647770764.webp
[2018-01-16 06:55:44] https://pwdquery.xyz/

Base de senhas "adquiridas na internet" bem completa. Pesquise para ver se a sua está na lista.
[2018-01-16 07:10:13] Se não estava, vai estar
[2018-01-16 07:33:55] As minhas já entraram. Rs
[2018-01-16 07:47:23] Bom dia!
[2018-01-16 07:47:36] Até que horas vocês ficarão no Garoa hoje?
[2018-01-16 07:54:03] safe? hahaha
[2018-01-16 07:54:42] já pensou? coloque seu email e sua senha aqui... olha, seguro! Essa não tinha
[2018-01-16 07:55:02] umas 23h30
[2018-01-16 07:55:33] Fechado! Confirmo durante o dia a minha presença lá...
[2018-01-16 10:20:55] Não pede a senha. Somente o e-mail.
[2018-01-16 10:21:18] eu vi hahahaha
[2018-01-16 10:21:34] Ele mostra os primeiros e os últimos caracteres das senhas que eles possuem, relacionadas ao e-mail informado, que o no banco de dados...
[2018-01-16 10:21:47] Achei senha que nem lembrava. Kmkk
[2018-01-16 10:21:54] bom, por sorte não mostra a quantidde de caracteres
[2018-01-16 10:27:24] ow, seria legal fazer um bot que pesquisa nesses sites https://haveibeenpwned.com/ hahaha
[2018-01-16 11:21:22] Ja tem, o bot @VazouBot do Telegram. :)
[2018-01-16 11:24:03] esse treco não funfa bem, né?
[2018-01-16 11:24:45] As vezes que eu testei ele foi de boa... mas não sei se foi atualizado com as ultimas listas.
[2018-01-16 11:25:30] é só colocar email? pq não tem menu de iniciar e nem aparecem as operações no /
[2018-01-16 11:27:09] /vazou seguido do endereco de e-mail, mas eu mandei um /ajuda agora e não tive resposta, deve estar com algum lag, ou se perdeu..
[2018-01-16 12:06:35] O leak de 41GB
[2018-01-16 12:08:02] Quem quiser pode mandar a senha, em pvt, que consulto se está no leak ou não...
[2018-01-16 12:08:04] ;)
[2018-01-16 12:17:36] photo: /home/felipe/devel/github_garoa/Telegram_logs_Garoa_Hacker_Clube_Publico/media/Garoa_Hacker_Clube_(Público)/download_804726333_89767.jpg
[2018-01-16 12:17:48] 🤣😜
[2018-01-16 12:23:26] document: /home/felipe/devel/github_garoa/Telegram_logs_Garoa_Hacker_Clube_Publico/media/Garoa_Hacker_Clube_(Público)/download_785832625502683733.webp
[2018-01-16 12:27:57] hehehe
[2018-01-16 12:28:05] Manda com email tb?
[2018-01-16 12:29:46] o site usa exatamente aquele leak de 40GB que vazou esses dias, fiz alguns testes aqui e bate perfeitamente
[2018-01-16 12:30:13] A minha é allan@1235 vê se está aí gutem
[2018-01-16 12:30:57] hunter2
[2018-01-16 12:31:08] document: /home/felipe/devel/github_garoa/Telegram_logs_Garoa_Hacker_Clube_Publico/media/Garoa_Hacker_Clube_(Público)/download_627702366434493879.webp
[2018-01-16 12:51:01] a minha é allan@lindao ve ai pra mim
[2018-01-16 12:51:57] Significa
[2018-01-16 13:07:54] Guisso
Como você se comunica com o pessoal do CPBR18?
Eu inscrevi a comunidade LABRE Liga de Radioamadores, pretendemos montar uma estação do lado de fora.
Eles não respndem aos e-mails.
Não consigo montar uma estação Field Day da noite para o dia!
[2018-01-16 13:08:27] Do lado de fora do prédio.
[2018-01-16 14:20:02] https://twitter.com/dspillere/status/945678374286123008
[2018-01-16 14:20:55] https://www.danielandrade.net/2017/12/26/breachcompilation-checker/
[2018-01-16 16:52:20] photo: /home/felipe/devel/github_garoa/Telegram_logs_Garoa_Hacker_Clube_Publico/media/Garoa_Hacker_Clube_(Público)/download_804724292_115617.jpg
[2018-01-16 16:54:09] document: /home/felipe/devel/github_garoa/Telegram_logs_Garoa_Hacker_Clube_Publico/media/Garoa_Hacker_Clube_(Público)/download_768994957837995694.webp
[2018-01-16 17:07:23] document: /home/felipe/devel/github_garoa/Telegram_logs_Garoa_Hacker_Clube_Publico/media/Garoa_Hacker_Clube_(Público)/download_1045404939746019230.webp
[2018-01-16 17:24:50] Ontem meu pedido começou uma conversa e nenhum sócio acabou respondendo sim, então lá vai

Estou tentando fazer uma atividade no garoa ainda esse mês.
Posso fazer uma atividade naquele espaço entre os corredores?
Vai ter faíscas, fumaça e eu vou precisar de uma tomada.
Penso no dia 21.01 (domingo agora) ou no final de semana 27/28.01.
Algum sócio pode abrir?
https://groups.google.com/d/topic/hackerspacesp/zBSPgQ8WtNs/discussion
[2018-01-16 17:29:06] qual é a atividade?
[2018-01-16 17:29:16] de domingo eu não consigo vir =(
[2018-01-16 17:38:37] http://autonomialiteraria.com.br/varoufakis-bitcoin-e-a-bolha-perfeita-mas-o-blockchain-e-uma-solucao-excepcional/
[2018-01-16 17:55:04] Atividade: Montagem de uma forja/forno para fundição (popular derretimento) de alumínio e outros metais ou ligas que fundem na mesma temperatura (~600ºC) que funciona com um secador de cabelos e carvão. Além disso, ensinarei a transformar um extintor de ferro em cadinho (o lugar aonde você coloca o metal derretido).

Pode sábado 27?
[2018-01-16 18:32:44] Goblin joined
[2018-01-16 18:37:09] Alexandre joined
[2018-01-16 18:37:13] Olar
[2018-01-16 19:31:58] Marina Arvigo joined
[2018-01-16 19:33:36] photo: /home/felipe/devel/github_garoa/Telegram_logs_Garoa_Hacker_Clube_Publico/media/Garoa_Hacker_Clube_(Público)/download_806119838_26494.jpg
[2018-01-16 20:28:49] Kkkkkkkkk
[2018-01-16 21:18:46] Alguém tem alguma dica ou referência ou experiência para compartilhar de como recuperar dados de um cartão SD  quebrado.
[2018-01-16 21:18:46] photo: /home/felipe/devel/github_garoa/Telegram_logs_Garoa_Hacker_Clube_Publico/media/Garoa_Hacker_Clube_(Público)/download_806121837_26227.jpg
[2018-01-16 21:18:46] photo: /home/felipe/devel/github_garoa/Telegram_logs_Garoa_Hacker_Clube_Publico/media/Garoa_Hacker_Clube_(Público)/download_806118547_25980.jpg
[2018-01-16 21:22:40] Nossa conexão Tim Live está com alguma coisa errada, alguém quer fazer um troubleshooting e diagnostico mais preciso?
[2018-01-16 21:53:59] Galera, precisava de uma ajuda de alguém que entenda melhor de mídias sociais. Queria fazer uma busca avançada por fotos em um local no Instagram, o problema é que eu preciso achar a pessoa em fotos de 6 meses atrás e o Instagram barra eu ficar voltando tanto assim no tempo
[2018-01-16 21:56:23] IRC é mídia social?
[2018-01-16 21:56:47] tem uns sites com nome gram no final que tem todo o histórico de pessoas com conta no instagram, perfil aberto no caso
[2018-01-16 21:57:05] se ela tinha o perfil e trancou depois mostra as fotos anteriores ao trancamento
[2018-01-16 21:58:29] IRC é solução universal, dá saudade da época que a gente baixava MP3 por lá, me lembro até hoje do quanto era sofrido esperar 4hrs por uma MP3 HUHAAA
[2018-01-16 21:59:16] Então cara, não sei o nome da pessoa, só tenho uma descrição e a roupa que ela estava usando no dia, eu fiquei dando scrow down no search do instagram mas como é um lugar muito movimentado, a pesquisa dele para tipo 10 dias antes do evento.
[2018-01-16 21:59:42] sem saber o nome complica :P
[2018-01-16 22:00:00] Quem posta no instagram normalmente posta junto em outras redes sociais (twitter e facebook). Tenta buscar por lá.
[2018-01-16 22:00:48] Pode descrever melhor o que quebrou, como quebrou, etc?
[2018-01-16 22:06:55] O Garoa está precisando de voluntários.  Para as várias atividades de fazer o espaço funcionar.  Atividades, eventos, projetos malucos, divertidos, e chatos, manutenção, fazer cerveja, pizza, etc.
[2018-01-16 22:08:50] Eu tentei procurar em avaliações do lugar mas nada :( O complicado é que é mais normal ter Facebook fechado do que Instagram
[2018-01-16 22:10:52] Já tive sucesso usando o PhotoRec. Mas estava intacto por fora, só não montava.
[2018-01-16 22:12:38] Quebrou a ponta próxima do contato, conforme a foto que eu enviei. O problema é que o PC não reconhece o cartão.
[2018-01-16 22:13:25] Estou tentando encontrar alternativas para tentar "ressuscitar" o cartão.
[2018-01-16 22:14:08] hehehe o nome disso é stalker
[2018-01-16 22:20:23] primeiro seria interessante vc tentar usar diferentes sistemas operacionais pra ver se reconhece... 2 poderia tentar algum adaptador usb... e por ultimo, desmontar o cartão e tentar adaptar num igual
[2018-01-16 22:24:09] Pensar que antigamente tanto isso quanto ficar uma semana inteira baixando um album de madrugada no p2p na esperança que realmente fosse o que se estava esperando, hoje em dia depois do google play music e netflix eu não sirvo nem pra baixar um torrent mais
[2018-01-16 22:25:32] Bons tempos!
[2018-01-16 22:25:53] Eu nem tenho mais instalado os programas de torrent aqui
[2018-01-16 22:25:56] mas antigamente tinha TUDO de todas as épocas... hoje em dia a gente consome só o catalogo deles... e na maioria das vezes só por streaming
[2018-01-16 22:26:41] poxa, nesses serviços de streaming de musica tem coisas hiper obscuras que eu não consigo achar em torrent ou no youtube
[2018-01-16 22:27:29] eu achava isso no Audio Galaxy
[2018-01-16 22:28:25] na verdade, o que mais sinto falta é do icq, apesar que quando vc formatava o pc sumia tudo
ou dos canais da falecida brasnet
[2018-01-16 22:29:27] Eu usei muito o ICQ99b
[2018-01-16 22:29:49] nessa época eu formatava o pc pra tentar colocar dual boot, o modem não funcionava no linux e se vc configurasse o monitor errado vc queimava ele
hj em dia não acontece mais nada disso, tá mais fácil instalar linux do que windows no computador
[2018-01-16 22:30:41] Pois é, malditos WinModens! Eu não tinha grana para comprar os da USRobotics
[2018-01-16 22:31:45] Eu comprei depois de muitos anos, lá pra 2005 e só usei uns dois anos pq depois internet a cabo ficou mto acessível
[2018-01-16 22:32:12] photo: /home/felipe/devel/github_garoa/Telegram_logs_Garoa_Hacker_Clube_Publico/media/Garoa_Hacker_Clube_(Público)/download_804729367_90511.jpg
[2018-01-16 22:32:22] Mas até antes eu sofria com essa desgraça, tinha um da pctel que tinha um driver que se vc tivesse sorte compilava e vc podia usar no linux de boa
[2018-01-16 22:32:59] Eu tenho o meu hardmodem externo até hoje, tá lá novinho praticamente, mas acho que nunca mais vou usar
[2018-01-16 22:33:57] Não sei como vou usar ele anyway, já que não existe mais porta serial
[2018-01-16 22:35:06] Eu comprei um USRobotcs de 28800 depois que a Mandic liberou a internet no país, usei bem pouco, depois já peguei a Speedy e a placa ficou encostada, acabei dando embora...
[2018-01-16 22:35:50] :O
[2018-01-16 22:36:30] Recentemente peguei praticamente toda a tralha que ajuntei em 15 anos de uso e mandei pra sucata/doei pra limpar o armário hehe
[2018-01-16 22:37:35] PC retro pra mim é entulho, mandei quase tudo embora...
[2018-01-16 22:38:02] Ah, eu me arrependi um pouco recentemente disso, mas já era
[2018-01-16 22:38:41] Tenho muitas coisas SCSI e PCMCIA aqui ainda, estou tentando vender algumas coisas mas daqui um tempo vai pra doação...
[2018-01-16 22:38:52] Problema é que somado aos livros mais antigos isso tava ocupando um cômodo inteiro da casa
[2018-01-16 22:39:39] Livros eu reduzi muito, ainda mais quando minha ex passou a mão em muitos na separação...
[2018-01-16 22:40:26] Eu to na fase de acumulação ainda. Esse ano minha meta é ler o que já tenho e não comprar mais nada. Mas só essa semana já peguei 2 livros emprestados
[2018-01-16 22:41:59] De 2016 pra cá comprei uma pá de livros, não tive tempo de ler nada até agora, só trabalho, eventos, namorada...
[2018-01-16 22:42:29] Não tenho mais tempo nem de ir ao Garoa
[2018-01-16 22:43:58] desde que eu entrei na usp minha vida foi sugada. achei que ia melhorar no mestrado, mas as disciplinas de verão estão me dizendo que não
[2018-01-16 22:44:18] mas o tempo que perco no metrô ajuda muito
[2018-01-16 22:44:28] duas horas diárias que dá pra dedicar
[2018-01-16 22:44:53] me formei em 2015, até hoje não fiz nem pós! a vida está uma loucura...
[2018-01-16 22:45:50] estou tentando trabalhar mais proximo la de Pinheiros, pra poder frequentar mais o garoa, os meus compromisso são sempre em direcoes opostas, então ja viu
[2018-01-16 22:46:56] Estou fazendo HomeOffice mas das 19h as 4h da matina, dando suporte ao monstro que criei...
[2018-01-16 22:49:45] por isso que não quero pegar um emprego, é um caminho sem volta (na maioria das vezes) :-(
[2018-01-16 22:52:59] Quando casado, não tive tempo e grana disponível, agora depois de separado, tive que pagar as dividas que a ex me deixou, não tive muita escolha...
[2018-01-16 22:53:14] :-(
[2018-01-16 22:53:28] Já se passou tanto tempo que agora desanimei até de fazer pós
[2018-01-16 22:53:29] Offtopic: sempre soube que casamento é cilada hehe
[2018-01-16 22:53:47] Depende com que vc se relaciona
[2018-01-16 22:53:58] Agora com a atual, a vida é outra coisa
[2018-01-16 22:54:17] Mas mesmo assim, faculdade pra mim já deu
[2018-01-16 22:55:15] não sei, as prioridades mudam. pior que isso só se tiver filho e pior que isso, se for o combo
[2018-01-16 22:55:17] Faço 43 agora em Abril e preciso dar um outro rumo pra vida!
[2018-01-16 22:56:27] Não tenho filhos de nenhum dos dois casamentos anteriores, mas perdi tempo tentando viver com pessoas que só sugavam. Hoje minha namorada só me apoia e me joga pra cima...
[2018-01-16 22:57:08] que bom que achou alguém legal :-)
[2018-01-16 22:58:14] Achei no lugar mais improvável, no próprio Garoa!
[2018-01-16 22:58:28] :O
[2018-01-16 22:59:00] Ela está por aqui também! Cristina Simões
[2018-01-16 22:59:42] garoatinder
[2018-01-16 22:59:58] uahauhauah, tá sabendo né Afonso...
[2018-01-16 23:00:01] Garoa Family :D
[2018-01-16 23:00:02] vixxixi.....
[2018-01-16 23:00:30] Foi no CarnaHaking de 2015
[2018-01-16 23:01:16] garoa faz duas coisas referente a isso, une quem nao tem e separa quem tem
[2018-01-16 23:01:16] auehauhea
[2018-01-16 23:01:49] document: /home/felipe/devel/github_garoa/Telegram_logs_Garoa_Hacker_Clube_Publico/media/Garoa_Hacker_Clube_(Público)/download_768994957837995702.webp
[2018-01-16 23:01:50] 5+ casos de gente casada namorando que comecou a frequentar o garoa e terminaram
[2018-01-16 23:01:54] o contrario tb
[2018-01-16 23:03:05] document: /home/felipe/devel/github_garoa/Telegram_logs_Garoa_Hacker_Clube_Publico/media/Garoa_Hacker_Clube_(Público)/download_569118802063655463.webp
[2018-01-16 23:03:09] Feels
[2018-01-16 23:03:33] soh os babados
[2018-01-16 23:03:42] ainda pinga no localhost
[2018-01-16 23:03:58] localhost nunca cai
[2018-01-16 23:04:14] se cair, trava!
[2018-01-16 23:04:23] Alguém já viu um pente de 8gb só reconhecer 4gb ??
[2018-01-16 23:04:50] 32bits
[2018-01-16 23:05:05] sim, quando a placa soh le até 4
[2018-01-16 23:05:55] Eita, que tenso
[2018-01-16 23:06:34] Tá com o gnome 64bits
[2018-01-16 23:06:35] :(
[2018-01-16 23:07:01] Não sei o modelo da placa, mas o note é um t430
[2018-01-16 23:07:09] Vou dar uma pesquisada
[2018-01-16 23:07:58] procure o manuel do note, geralmente nas especificacoes ele informa os parametros
[2018-01-16 23:10:02] Verdade
[2018-01-16 23:14:56] document: /home/felipe/devel/github_garoa/Telegram_logs_Garoa_Hacker_Clube_Publico/media/Garoa_Hacker_Clube_(Público)/download_1068685509326275025.webp
[2018-01-16 23:20:09] na dúvida, é melhor levar a pessoa que se namora/está casada pra lá também pra diminuir essas estatísticas
[2018-01-16 23:20:46] ahahah
[2018-01-16 23:20:49] nao adianta muito nao
[2018-01-16 23:21:17] ja teve casos que o casal virou associados(ainda sao) e se separaram
[2018-01-16 23:21:36] :O
[2018-01-16 23:21:40] nossa, que triste
[2018-01-16 23:21:42] tem que conseguir alguem depois de virar associado
[2018-01-16 23:21:44] ai da certo
[2018-01-16 23:22:02] pior ainda é ter que conviver com ex
[2018-01-16 23:22:03] hahaha
[2018-01-16 23:22:16] se acabou amigavelmente
[2018-01-16 23:22:18] ta de boa..
[2018-01-16 23:23:08] olha que pra mim esse papo good vibes que muita gente tem é puro marketing hehe
[2018-01-16 23:23:27] sim tudo é mkt 😂
[2018-01-16 23:23:58] falo isso mas nao da muito certo cmg
[2018-01-16 23:24:11] document: /home/felipe/devel/github_garoa/Telegram_logs_Garoa_Hacker_Clube_Publico/media/Garoa_Hacker_Clube_(Público)/download_1045404939746018565.webp
[2018-01-16 23:24:59] né haha
[2018-01-16 23:25:44] eh tipo papo de palestrante sobre empreendedorismo
[2018-01-16 23:25:50] ta dando palestra pq nao deu nada certo pra ele
[2018-01-16 23:26:46] de certa forma a carreira de palestrante de auto-ajuda é uma forma de empreender
[2018-01-16 23:27:11] pois eh
[2018-01-16 23:27:15] hehe empreendedor sem empresa é complicado
[2018-01-16 23:27:53] a empresa dele eh ele
[2018-01-16 23:28:21] kkk
[2018-01-16 23:28:37] uhauahua, é bem por ia mesmo, vc paga para o cara falar do fracasso dele!
[2018-01-16 23:28:37] ou melhor...empreendedor desempregado
[2018-01-16 23:28:41] ele é um ator e é o seu próprio empresário
[2018-01-16 23:28:45] faz todo o sentido
[2018-01-16 23:29:26] eh tipo ir num standup comedy
[2018-01-16 23:29:44] isso me lembra a bel pesce
[2018-01-16 23:29:59] com os 5 diplomas e o crowfunding pra ela abrir um negócio com dinheiro alheio
[2018-01-16 23:30:32] se nada der certo viro empreendedor ancap
[2018-01-16 23:30:37] ahuahae
[2018-01-16 23:31:04] bel pesce foi foda
[2018-01-16 23:31:34] 5 diplomas de extensao
[2018-01-16 23:32:02] os dois melhores exemplos do porquê o anarco capitalismo não funciona são as calçadas de são paulo e o fato do seu vizinho poder abrir uma usina nuclear amadora perto da sua casa e vc não poder reclamar
[2018-01-16 23:37:26] Tracker atualizado com as pendencias de acordo com o que foi 
discutido na reunião do CMC de hoje: 
https://github.com/garoa/hackerclube/issues
[2018-01-16 23:38:12] document: /home/felipe/devel/github_garoa/Telegram_logs_Garoa_Hacker_Clube_Publico/media/Garoa_Hacker_Clube_(Público)/download_352493360461644271.webp
[2018-01-16 23:39:54] document: /home/felipe/devel/github_garoa/Telegram_logs_Garoa_Hacker_Clube_Publico/media/Garoa_Hacker_Clube_(Público)/download_272479773299573004.webp
[2018-01-16 23:41:29] Triste não... felicidade!!! hahahaha
[2018-01-16 23:43:08] de fato
[2018-01-16 23:43:15] document: /home/felipe/devel/github_garoa/Telegram_logs_Garoa_Hacker_Clube_Publico/media/Garoa_Hacker_Clube_(Público)/download_627702366434494029.webp
