[2018-01-17 00:25:56] Galera, vou nessa, amanhã entro na faca e vou ficar uns dias off. Até mais...
[2018-01-17 06:39:12] https://motherboard.vice.com/amp/en_us/article/d345pv/harvard-study-shows-why-big-telecom-is-terrified-of-community-run-broadband?__twitter_impression=true
[2018-01-17 07:17:27] boa sorte e que logo retorne
[2018-01-17 07:42:57] Boa sorte, Sérgio.
[2018-01-17 08:46:50] 👊
[2018-01-17 09:24:01] De fato, depende de quem experencia a coisa. Não acontecendo comigo está excelente. No caso preferiria flopar o garoa hehe
[2018-01-17 13:37:50] Alguém por acaso tem um material legal sobre Algoritmos Genéticos? (E poderia passar a referência?)
[2018-01-17 13:38:00] Tá nos meus projetos de verão ler sobre
[2018-01-17 14:13:23] @StickInk ou alguém poderia me confirmar se a impressora 3d tá rodando legal?
[2018-01-17 14:20:54] @ThiagoParera, então faz uns dois meses que eu tinha calibrado uma das tatos baby com o Oda mas provável que alguém já deve ter usado então não sei ao certo
[2018-01-17 14:21:32] Vou tentar usar hoje e ver então
[2018-01-17 14:28:47] Leia sobre metaheurísitca: https://www.ime.usp.br/~gold/cursos/2009/mac5758/LeandroMauricioHeuristica.pdf

então esse
http://conteudo.icmc.usp.br/pessoas/andre/research/genetic/

e depois essa monografia
https://www.linux.ime.usp.br/~cef/mac499-03/monografias/anselmo/iniciacao.html
[2018-01-17 14:29:27] opa, agradecido :)
[2018-01-17 14:29:58] @ThiagoParera O único “problema” é que os firmwares são antigos aí vc teria que usar a versão antiga do cura 15.02.1
[2018-01-17 14:47:03] Obrigado
[2018-01-17 15:49:49] Vou tentar estas opções hoje. Valeu.
[2018-01-17 16:45:06] https://en.wikipedia.org/wiki/File:Road-way_vs._railway_safety.png
[2018-01-17 17:25:37] CPBR11 chegando! Vamos relembrar de uma pérola que rolou no palco Ciência da CPBR9, psuedociência nata!
https://campuse.ro/events/campus-party-brasil-2016/talk/afinal-quem-e-nicola-tesla-cpbr9/
[2018-01-17 17:27:16] Bastarde! Só passando para dizer que ocorreu tudo bem e vou ficar 15 dias de molho...
[2018-01-17 17:31:46] 🙏🏾
[2018-01-17 17:35:09] 👍👍
[2018-01-17 17:38:31] Bom repouso pra você!!!
[2018-01-17 17:38:54] Obrigado!
[2018-01-17 18:06:15] Li praticamente tudo que precisei pro mestrado num tablet no metrô  😛
[2018-01-17 18:14:43] Alguem manja de algum isp comunitario no brasil?
[2018-01-17 18:15:40] Legal!
[2018-01-17 18:15:59] Qqer coisa tinha outra matéria na vice de como fazer seu próprio rs
[2018-01-17 18:28:07] Não é? Tablet foi o melhor investimento pra enfrentar o trânsito de SP pra mim
[2018-01-17 19:19:37] eu, 1/5 rsrsrs
[2018-01-17 19:31:25] document: /home/felipe/devel/github_garoa/Telegram_logs_Garoa_Hacker_Clube_Publico/media/Garoa_Hacker_Clube_(Público)/download_368147511233216832.webp
[2018-01-17 19:31:33] Kkk
[2018-01-17 19:40:20] http://natureofcode.com/book/chapter-9-the-evolution-of-code/
[2018-01-17 19:41:44] este aqui "interativo" (com seleção por uma pessoa) rolou numa oficina no Garoa: https://github.com/trevisanj/pinga
[2018-01-17 20:40:03] Alguém sabe o que é ciccada 3301?
[2018-01-17 20:40:18] Dizem que é um grupo de hackers que trabalham com criptomoedas
[2018-01-17 21:15:11] http://lmgtfy.com/?q=cicada+3301
[2018-01-17 21:18:39] Isso dai eu já fiz
[2018-01-17 21:31:02] Faz de novo leia com atenção.. 😉
[2018-01-17 21:43:44] Cicada foi o desafio para entrar em um grupo. O que esse grupo faz, ninguém sabe :(
[2018-01-17 21:54:08] Entendi pensei que já tinham revelado eles coloquei no Google diziam que ninguém sabe
[2018-01-17 22:06:37] ou melhor, https://lmddgtfy.net/?q=cicada%203301 (perco amigo mas nao perco a oportunidade da propaganda anti google)
[2018-01-17 22:46:06] Já ouviu falar de sociedades secretas? Tem um monte de coisas que nós não podemos falar sobre o Grupo...
[2018-01-17 22:46:40] Ops, quer dizer, ELES não podem falar sobre o Grupo!
[2018-01-17 22:47:26] Kevin Sw joined
[2018-01-17 22:49:23] Olá
[2018-01-17 22:50:23] Opa
[2018-01-17 22:52:54] Boooooa Noiteeeee
