[2016-10-01 00:00:54] Tem umas placas no mercado livre e outras por aí... tem no aliexpress, ebay, mesmo procurando no google vocÊ acha uns vendedores.
[2016-10-01 00:01:04] https://twitter.com/garoahc/status/782052503286349824
[2016-10-01 00:01:06] Ah, claro
[2016-10-01 00:01:15] Tem o icestorme, da Lattice, que é baratinho
[2016-10-01 00:02:33] http://www.latticestore.com/products/tabid/417/categoryid/59/productid/258/searchid/1/searchvalue/ice40hx1k-stick-evn/default.aspx
[2016-10-01 00:03:03] Esse kit é famoso: https://lojabrasilrobotics.blogspot.com.br/2014/04/kit-fpga-altera-r18000.html
[2016-10-01 00:15:49] O que achei legal da Parallela/Zynq e Cyclone V é que dá para rodar Linux, mas deve ser mais difícil mexer na FPGA mais complexa. Tem uma Cyclone IV no Mercado Livre também. Valeu pela dica.
Vou tentar entrar em contato com a Macnica para saber o preço da DE0-NANO no Brasil antes. Ela tem o "kit universidade Altera" que deve ajudar, mas se for muito caro vou pegar uma simples mesmo só para começar.
[2016-10-01 03:25:39] document: /home/felipe/devel/github_tvdstaaij/telegram-history-dump/output/media/Garoa_Hacker_Clube_(Público)/download_699993211556331555.ogg
[2016-10-01 08:42:42] Sim, mas rodar linux no arm não é nada demais. Para falar com a FPGA vai ter que usar uma comunicação interna e entender um barramento complicado a mais.
[2016-10-01 08:43:25] Melhor começar só com a FPGA , e se comunica por serial ou coisa assim se quiser
[2016-10-01 10:26:11] https://garoa.net.br/wiki/OnLine
[2016-10-01 10:26:45] Alguém aqui vai participar tbm da competição? Eu devo chegar no garoa por volta das 12h30min
[2016-10-01 10:47:20] Tiago... um grupo de adolescentes de Campo Limpo Paulista saiu 9h de casa pra vir. Devem chegar umas 14h no metro Pinheiros
[2016-10-01 10:47:55] Eu não sei se chego a tempo pra buscar lá
[2016-10-01 11:10:47] Posso tentar ir buscalos, mas vai depender um pouco de como vai estar o garoa nesse horário...
[2016-10-01 11:12:09] Eu expliquei como chegar e mandei print do mapa
[2016-10-01 11:12:20] blz
[2016-10-01 11:12:28] se quizzer passa meu cel para eles.
[2016-10-01 11:12:39] Se eles se perderem a gente vê alguém aí pra socorrer
[2016-10-01 11:12:41] ai eles podem me ligar quando estiverem chegando ou se precisarem de ajuda para chegar no garoa
[2016-10-01 12:02:13] Alguém tem um carregador de bateria de carro?
[2016-10-01 12:02:55] tenho
[2016-10-01 12:39:55] Eu tenho o carregador lento 6A/h
[2016-10-01 12:49:26] Poderiam levar no Garoa?
[2016-10-01 12:50:33] Hj?
[2016-10-01 12:56:53] Não precisa ser hoje
[2016-10-01 12:56:59] Qdo der
[2016-10-01 12:57:40] Descobri que uma mangueira do combustível ressecou e está vazando
[2016-10-01 12:57:55] Amanhã seria bom se dee
[2016-10-01 12:57:59] Se der
[2016-10-01 13:00:54] fernando, so ta dificil ir no garoa...
[2016-10-01 13:01:53] Vc mora em Cotia ne?
[2016-10-01 13:22:28] Eu tô o carregador no carro
[2016-10-01 13:22:57] Com o*
[2016-10-01 13:23:27] Que dia vc pode ir Afonso?
[2016-10-01 13:24:09] To na redbull hj o dia td
[2016-10-01 13:24:28] Quer emprestado ou testar só?
[2016-10-01 13:25:05] Emprestado mas posso deixar a bateria no garoa ou outro lugar
[2016-10-01 13:25:19] Ela tá com uns 9/10 v
[2016-10-01 13:26:33] Blza
[2016-10-01 13:26:47] Se quiser pegar aqui do terminal bandeira
[2016-10-01 13:27:18] 9v é preocupante mas esse carregador já arrumou a carga de uma com 10-11
[2016-10-01 13:29:09] Pq vou no Garoa só terça agora
[2016-10-01 13:44:32] Alguem ai manja do plugin do wireshark para capturar mensagen do whatapp...eu olhei a versao de windows ...fora do ar e go github parece q so tem ppa ubuntu
[2016-10-01 13:53:28] Vou aí então
[2016-10-01 13:55:29] Blz
[2016-10-01 14:21:37] Eu instalei o Parrot no meu note! Toda vez que uso o Wireshark o meu WiFi cai! Completamente! Não consigo resolver!! 🙄
[2016-10-01 14:22:15] Alguma ideia??
[2016-10-01 14:25:56] Você quer usar o wireless e sniffar ao mesmo tempo?
[2016-10-01 15:18:10] http://pca.st/yoy6
[2016-10-01 15:28:55] O que eu consegui já foi usar Wi-Fi e espirrar ao mesmo tempo
[2016-10-01 15:32:24] 😁 Também tem chupar cana e assobiar.
[2016-10-01 15:36:18] Haha
[2016-10-01 16:11:12] "Casts de bolso" - 1:20:00.
Não pareceu muito "de bolso".
[2016-10-01 16:16:46]  joined
[2016-10-01 16:25:41] Pocket Casts é o nome do aplicativo que eu uso, e eles hospedam o link na página deles quando você compartilha um podcast
[2016-10-01 16:26:29] Changelog é o nome do podcast. Nem assino esse, mas este episódio com o Cory Doctorow é especialmente interessante… recomendo.
[2016-10-01 16:27:39] Pra quem gosta de podcasts, de humor recomendo o “Infinite Monkey Cage” e “No such thing as a fish”.
[2016-10-01 16:28:20] Sérios recomendo “Talk Python to me” e “99% Invisible”
[2016-10-01 16:34:27] Alguém aqui usa o dwb browser?
[2016-10-01 16:44:24] gabriel joined
[2016-10-01 16:44:25] Hi Gabriel !
[2016-10-01 18:38:39] Kaue 1213 joined
[2016-10-01 18:38:40] Hi Kaue !
[2016-10-01 18:49:46] Entendi.
