[2017-01-24 00:03:47] photo: /home/felipe/devel/github_tvdstaaij/telegram-history-dump/output/media/Garoa_Hacker_Clube_(Público)/download_803734371_42274.jpg
[2017-01-24 00:05:31] Upgrade pra "10 Investimentos"
[2017-01-24 00:09:19] "Chrome BookMakers Plus"
[2017-01-24 01:29:41] photo: /home/felipe/devel/github_tvdstaaij/telegram-history-dump/output/media/Garoa_Hacker_Clube_(Público)/download_803111693_11284.jpg
[2017-01-24 01:45:18] IRC
[2017-01-24 01:46:03] C64 users: BBS
[2017-01-24 07:44:01] Aham que foram so dados cadastrais...
[2017-01-24 09:37:54] http://olhardigital.uol.com.br/noticia/caro-novo-mini-pc-da-asus-promete-fazer-o-raspberry-pi-comer-poeira/65528
[2017-01-24 11:54:34] https://boingboing.net/2017/01/24/hps-nonpology.html
[2017-01-24 12:51:32] Muito bom texto. Doctorow mandando bem como de costume.
[2017-01-24 17:07:19] Aí a noticia seria

Microsoft armazena dados de todos os clientes da 10 consultoria
[2017-01-24 18:45:46] Alguém indo pro Garoa hj?
[2017-01-24 18:46:31] posso ir
[2017-01-24 18:46:39] preciso de coisa pra fazer mesmo
[2017-01-24 18:47:16] tô na armênia, já já saio daqui e vou direto
[2017-01-24 19:31:33] https://www.wired.com/2017/01/probing-teslas-deadly-crash-feds-say-yay-self-driving/?mbid=social_fb
[2017-01-24 19:42:48] tô no garoa
[2017-01-24 21:49:56] saí do garoa, esqueci de pagar o que peguei, estou devendo 6 reais, pago próxima vez que voltar, já deixei anotado no meu keep...
[2017-01-24 22:15:05] Tinha alguém além dos espíritos?
[2017-01-24 22:29:33] Vitor e Hugo
[2017-01-24 22:33:57] sertanejo ou marca de bolsa?
[2017-01-24 22:50:58] Oi
[2017-01-24 22:59:36] Lol kk
[2017-01-24 23:44:17] Junior Lacerda joined
[2017-01-24 23:44:18] Hi Junior !
