[2018-04-21 00:40:47] document: /home/felipe/devel/github_garoa/Telegram_logs_Garoa_Hacker_Clube_Publico/media/Garoa_Hacker_Clube_(Público)/download_532531981418758384.webp
[2018-04-21 03:29:36] photo: /home/felipe/devel/github_garoa/Telegram_logs_Garoa_Hacker_Clube_Publico/media/Garoa_Hacker_Clube_(Público)/download_806121122_81572.jpg
[2018-04-21 03:29:45] Porra, @vmesel !
[2018-04-21 07:52:19] AHAHAHAHHAHAAHAHHAH
[2018-04-21 07:52:19] E o pior que eu que compartilhei isso no face
[2018-04-21 10:36:45] 😂
[2018-04-21 10:39:04] Bom dia amores
[2018-04-21 10:42:48] Bom dia, Maga!
[2018-04-21 10:43:21] Saudades de vocês mas mês que vem vou dar uma ida aí
[2018-04-21 12:42:05] Antigamente a rapaziada roubava até portão de aluminio:::hj em dia roubam até tampa de bueiro...
[2018-04-21 12:42:56] Poderiam fazer algo mais util como roubar cabeamento de radar... enfim
[2018-04-21 13:15:18] Povo roubou aqui até tijolos do ponto de ônibus que fizeram uns bancos de tijolos
[2018-04-21 13:15:40] Roubaram aparelho de ginástica da praça
[2018-04-21 13:15:51] Cada coisa que o povo rouba
[2018-04-21 13:15:56] Isso fazem sempre
[2018-04-21 13:16:39] Acho que o mais tenso é roubar tampa de privada e lampada de buteco pé sujo
[2018-04-21 13:17:25] Vero
[2018-04-21 14:20:02] "Noia de Quebrada" issaê...
[2018-04-21 14:41:20] document: /home/felipe/devel/github_garoa/Telegram_logs_Garoa_Hacker_Clube_Publico/media/Garoa_Hacker_Clube_(Público)/download_5104886493235642409.ogg
[2018-04-21 14:46:09] Alguém indo pro Garoa?
[2018-04-21 14:54:13] Poxa até queria mais estou no Rio ainda :(
[2018-04-21 15:03:49] Oiê moça que eu conheci na roadsec.
[2018-04-21 15:05:48] Decidiram se vai rolar toda sexta?
[2018-04-21 15:21:32] https://twitter.com/paul1st4rd0x/status/987757767237791745
[2018-04-21 15:29:25] vai
[2018-04-21 15:35:35] Beleza. Valeu
[2018-04-21 16:10:03] Garoa aberto galera :)
[2018-04-21 16:11:25] :)
[2018-04-21 16:23:29] Eu não vejo os cabos como sendo o objetivo real
