[2017-09-11 01:51:34] Bem interessante ler essas duas matérias uma depois da outra: https://tech.slashdot.org/story/17/09/10/2024258/how-proprietary-software-lets-companies-cheat
[2017-09-11 01:51:39] https://hardware.slashdot.org/story/17/09/10/2356223/tesla-temporarily-boosts-battery-capacity-for-hurricane-irma
[2017-09-11 01:52:21] (ou "a outra e depois a uma"...)
[2017-09-11 02:44:51] Eu vi um projeto de fusca eletrico, outro de kombi, a grande treta é a qualidade e a vida util da bateria
[2017-09-11 07:56:51] https://twitter.com/bazscott/status/904246922466045952
[2017-09-11 08:40:41] @fsanches dá ban nesse bot, pf
[2017-09-11 08:44:22] feito
[2017-09-11 08:53:50] hoje é meu aniversário, vou fazer uma festinha lá no garoa, sábado
[2017-09-11 08:54:13] seria legal no 11 de setembro, mas na segunda não dá
[2017-09-11 08:56:28] legal!
[2017-09-11 08:58:03] tem que levar armas erroristas
[2017-09-11 09:08:46] syntax error: expected identifier at " error istas" ^
[2017-09-11 09:54:01] http://erroristas.org
[2017-09-11 09:54:14] identified
[2017-09-11 09:58:21] Felicidades, Mike!!!
[2017-09-11 10:54:22] Bom dia! Alguém aqui estará na Feira IOT Latin America amanha?
[2017-09-11 11:36:29] Parabéns Mike!!! Feliz niver!!!
[2017-09-11 11:41:21] Parabéns Mike!
[2017-09-11 11:51:22] Feliz aniversário Mike. Muitos anos de vida.
[2017-09-11 12:01:10] Parabéns, saúde e sucesso.
[2017-09-11 13:18:12] https://boingboing.net/2017/03/09/making-and-breaking-hardware.html
[2017-09-11 14:04:07] document: /home/felipe/devel/github_tvdstaaij/telegram-history-dump/output/media/Garoa_Hacker_Clube_(Público)/download_5024169923006431236
[2017-09-11 14:04:19] Alguem topa fazer uma destas???!!
[2017-09-11 14:18:35] Aí sim hein!!
[2017-09-11 14:22:37] Eu topo, embora não tenha conhecimento algum. rs
[2017-09-11 17:52:49] Boa tarde
[2017-09-11 17:52:56] Hoje será encontro de Python?
[2017-09-11 17:59:49] Sim, hoje tem Python Lab
[2017-09-11 18:04:19] Ah, justo hoje que não posso
[2017-09-11 18:04:31] Segunda que vem tem de novo?
[2017-09-11 18:04:39] Ou só uma vez por mês memso?
[2017-09-11 18:24:02]  joined
[2017-09-11 18:24:03] Hi Scripter !
[2017-09-11 18:24:10] Olá
[2017-09-11 18:27:50] olá
[2017-09-11 18:28:40] humano ou um script
[2017-09-11 18:28:59] Humano
[2017-09-11 18:45:42] Quem mais quer ir no Garoa Hacker Camp?  Ainda tem espaço https://garoa.net.br/wiki/Garoa_Hackercamp_2017_v2.0
[2017-09-11 18:47:56] Eu queria..
[2017-09-11 18:48:02] Mas sou de Portugal..
[2017-09-11 18:49:10] Está sendo uma vez por mês na segunda segunda-feira do mês.
[2017-09-11 19:12:50] Pessoal tá esquecendo de arrumar a sala depois se usar
[2017-09-11 19:12:52] photo: /home/felipe/devel/github_tvdstaaij/telegram-history-dump/output/media/Garoa_Hacker_Clube_(Público)/download_804740660_125427.jpg
[2017-09-11 20:02:30] Sim
[2017-09-11 20:02:35] isso já está assim faz um tempo
[2017-09-11 20:02:49] uma dessas caixas estava na biblioteca
[2017-09-11 20:02:52] e eu só movi praí
[2017-09-11 20:03:00] pq eu já me cansei de sempre arrumar. .e no dia estava sem tempo
[2017-09-11 21:26:55] Salve Guerreirxs. Alguém pode me passar alguma referência: como eu faço para configurar meu desktop, instalado Debian 8, para ter acesso a ele via SSH. Estou usando o roteador da LiveTim como PPPoE e um router dir 615 como DHCP. Qualquer dica ou totorial que me dê uma luz. Já eh de grande ajuda. Forte abraço a todxs.
[2017-09-11 21:33:52] Tente o grupo linuxbr pra falar de linux e afins
https://t.me/linuxbrgroup
[2017-09-11 21:34:10] photo: /home/felipe/devel/github_tvdstaaij/telegram-history-dump/output/media/Garoa_Hacker_Clube_(Público)/download_804725992_23256.jpg
[2017-09-11 21:34:27] Movi as caixas para a biblioteca
[2017-09-11 21:35:31] Obrigado, pela orientação leque. Vou falar com eles.
[2017-09-11 22:32:18] Pessoal, ainda temos uns lugares no Garoa Hacker Camp! - https://garoa.net.br/wiki/Garoa_Hackercamp_2017_v2.0
[2017-09-11 22:34:19] @lvido, quantas pessoas vieram ajudar com a cerveja?
[2017-09-11 22:40:49] Aí não. A biblioteca é meu habitat natural no Garoa...
[2017-09-11 22:41:19] Vou colocar essas caixas direto no Vortex :D
[2017-09-11 22:41:40] LOL
[2017-09-11 22:42:24] Tem uma escrito Robô Mike, espero que não seja um robô muito perigoso.
[2017-09-11 22:50:34] Acho que eśtá perigoso de dar briga por espaço e essa coisa de jogar as coisas fora, e que é melhor organizar isso direito.
