[2017-04-06 01:05:55] Putz, que legal. Pena que vou trampar no fds.
[2017-04-06 01:58:45] http://meetfranz.com/ o que acham disso? Parece ser legal mas eu acho um risco dos bons
[2017-04-06 02:23:54] já vi quem usa, na real é só um negócio que chama os webapps de cada um desses
[2017-04-06 02:23:57] faz nada quase
[2017-04-06 02:24:07] é só um browser
[2017-04-06 02:24:13] com carinha de aplicativo
[2017-04-06 04:48:42] Exatamente isso
[2017-04-06 09:48:45] Alguém daqui tá usando Mastodon?
[2017-04-06 10:07:07] A quem interessar:
[2017-04-06 10:07:08] https://www.eventbrite.com/e/masisalab-talk-abr17-tickets-33308742345
[2017-04-06 10:07:27] O convidado deste mês é o Thiago Padovan, co-fundador da Blockchain Academy
[2017-04-06 10:33:25] Oi pessoal, bom dia.
Sou novo aqui no grupo então gostaria então gostaria de confirmar isso antes: haverá noite do Arduino hoje?
[2017-04-06 10:50:26] Electron, manja?
[2017-04-06 10:51:35] Hoje eh quinta
[2017-04-06 11:06:54] Sim. Sempre-sim. Se é 5a feira, então tem noite do arduíno. Não há excessão para essa regra.
[2017-04-06 11:08:03] Já aconteceu, raríssimas vezes, de ter noite do arduino com zero participantes, entretanto. E algumas vezes com apenas 1 ou 2...
[2017-04-06 11:10:23] Ótimo.
Valeu @fsanches 
Aparecerei pra trocar ideias com os especialistas 😉
[2017-04-06 12:12:38] nunca vi, vo ve
[2017-04-06 12:16:04] https://electron.atom.io/
[2017-04-06 12:26:20] Olha... nem todo mundo é especialista. Aliás... temos muitos novatos no tema também :-)
[2017-04-06 12:30:49] 👍
[2017-04-06 12:36:28] bom saber desse cara, mas eu tava falando mais na questão do app pegar as mensagens ahahha
[2017-04-06 12:46:22] O Franz usa o Electron, mas não é opensource.
[2017-04-06 12:49:52] https://www.youtube.com/watch?v=d_S9YsD9Y0c
[2017-04-06 13:55:35] Boa tarde, alguém tem dados estatísticos sobre Inteligencia Artificial e coisas relacionadas? Sobre crescimento durante os últimos anos e etc. Estou fazendo uma pesquisa, todo conteúdo é bem vindo. Agradeço xD
[2017-04-06 16:54:50] Lembrei de uma discussão que rolou aqui um dia desses sobre imagens de drones:

https://jota.info/justica/exercito-guarda-imagens-captadas-por-drones-na-olimpiada-05042017

cc @fsanches
[2017-04-06 17:18:36] ele comprou essa porra e botou no lixo para fazer o video
[2017-04-06 17:23:17] E ainda deve ter ganhado uma grana da Keysight/Agilent pra fazer o merchã LOL. Não, não acho que ele tenha feito isso...
[2017-04-06 17:24:41] pois é...
[2017-04-06 18:24:32] temos na garoa negocio para fezer roscas tipo M3 M4 etc?
[2017-04-06 18:45:03] Não
[2017-04-06 19:30:45] Vou no garoa
[2017-04-06 19:43:56] Alguém já viu o último dos moicanos?
[2017-04-06 19:56:47] photo: /home/felipe/devel/github_tvdstaaij/telegram-history-dump/output/media/Garoa_Hacker_Clube_(Público)/download_803111693_49176.jpg
[2017-04-06 20:44:21] To chegando
[2017-04-06 20:56:18] +3 👍
[2017-04-06 21:05:27] eu já
