[2017-04-01 00:05:18] Queria ir mas nem de sp eu sou😔
[2017-04-01 00:10:29] photo: /home/felipe/devel/github_tvdstaaij/telegram-history-dump/output/media/Garoa_Hacker_Clube_(Público)/download_803118049_27972.jpg
[2017-04-01 02:27:39] Que triste
[2017-04-01 11:16:47] Alguém no Arduino Day!?
[2017-04-01 13:09:07] Eu, em Natal, palestrei e falei do Garoa hauahaua
[2017-04-01 13:12:13] Tem um pessoal do Garoa no CCSP
[2017-04-01 13:12:39] Monica e eu vamos fazer um lance Processing+Arduino
[2017-04-01 13:12:53] Pong com potenciômetros 15h
[2017-04-01 13:28:23] Oba, até deu vontade de ir agora! =)
[2017-04-01 14:03:26] Falei sobre APIs Python para Arduino e o Pingo no LHC
[2017-04-01 14:03:40] photo: /home/felipe/devel/github_tvdstaaij/telegram-history-dump/output/media/Garoa_Hacker_Clube_(Público)/download_803734462_78591.jpg
[2017-04-01 14:03:58] https://www.oversec.io/
[2017-04-01 14:04:26] Esse aplicativo é "confiável"? Parece interessante
[2017-04-01 14:38:47] El valor de la diferencia: por una economía diversificada - 01.04.2017 - LA NACION
http://www.lanacion.com.ar/2002357-el-valor-de-la-diferencia-por-una-economia-diversificada
[2017-04-01 14:40:34] Desde el campo de la física, jóvenes emprendedores "hackean" la teoría tradicional del crecimiento económico con un nuevo enfoque que defiende la diversificación de bienes y servicios
[2017-04-01 15:19:04] 👏👏👏
[2017-04-01 15:54:56] https://www.youtube.com/watch?v=ecguD3EA12o
[2017-04-01 16:17:34] Eu estou com minha namorada e acabei de falar com o Mike.
[2017-04-01 16:48:52] Oficina de manutenção de drone com Afonso
[2017-04-01 16:58:17] Pessoal, estou arrumando um quarto e vou doar alguns livros e apostilas
[2017-04-01 16:58:39] Um exemplo de alguns que podem interessar
[2017-04-01 16:58:47] photo: /home/felipe/devel/github_tvdstaaij/telegram-history-dump/output/media/Garoa_Hacker_Clube_(Público)/download_803118820_28889.jpg
[2017-04-01 16:58:47] photo: /home/felipe/devel/github_tvdstaaij/telegram-history-dump/output/media/Garoa_Hacker_Clube_(Público)/download_803110172_46985.jpg
[2017-04-01 16:59:24] Conforme avançar deve aparecer tbm apostilas de programação e cad
[2017-04-01 16:59:46] A lista vou deixar no meu fb
[2017-04-01 17:02:00] photo: /home/felipe/devel/github_tvdstaaij/telegram-history-dump/output/media/Garoa_Hacker_Clube_(Público)/download_803115121_28946.jpg
[2017-04-01 17:02:22] photo: /home/felipe/devel/github_tvdstaaij/telegram-history-dump/output/media/Garoa_Hacker_Clube_(Público)/download_803114869_28515.jpg
[2017-04-01 18:40:23] Lista de Coisas que estiveram na piscina até agora no #GHCamp:
- Drone do Afonso
- Afonso
- Sukita
- Bala de Nerf
[2017-04-01 18:40:46] Atualizaremos alista para mantê-los informados =)
[2017-04-01 18:41:06] @Belimawr kd o video?
[2017-04-01 18:58:18] 👏
[2017-04-01 19:20:41] O drone do afonso é anfibio?
[2017-04-01 19:23:19] se nao eh vai virar
[2017-04-01 19:46:29] photo: /home/felipe/devel/github_tvdstaaij/telegram-history-dump/output/media/Garoa_Hacker_Clube_(Público)/download_803114766_28455.jpg
[2017-04-01 19:46:30] photo: /home/felipe/devel/github_tvdstaaij/telegram-history-dump/output/media/Garoa_Hacker_Clube_(Público)/download_803116123_29068.jpg
[2017-04-01 19:46:40] #ghcamp
[2017-04-01 20:55:22] Eu, no Arduino Day do CCSP, explicando o funcionamento dos robôzinhos de papel. Já posso virar VJ
https://drive.google.com/file/d/0BzdDDZEewa9jcmZqaVJoZXM4d3M/view
[2017-04-01 20:56:08] Esta robozinha está com fome e deseja dominar o mundo.
https://drive.google.com/file/d/0BzdDDZEewa9jTFEtTXR0ZzVaVTg/view
[2017-04-01 21:52:13] Show de
Bola
[2017-04-01 22:39:35] João Vitor joined
[2017-04-01 22:39:36] Hi João Vitor !
[2017-04-01 22:47:50] Thiago Perrotta joined
[2017-04-01 22:47:51] Hi Thiago !
