[2017-07-29 08:12:58] Musto picareta...https://www.wired.com/2017/04/arduinos-new-ceo-federico-musto-may-fabricated-academic-record/amp
[2017-07-29 10:49:09] Ulisses Rodrigues joined
[2017-07-29 10:49:10] Hi Ulisses !
[2017-07-29 11:32:42] photo: /home/felipe/devel/github_tvdstaaij/telegram-history-dump/output/media/Garoa_Hacker_Clube_(Público)/download_803115456_105397.jpg
[2017-07-29 11:38:58] Nonsense esse ranking
[2017-07-29 12:46:36] 😳🙈
[2017-07-29 12:49:31] Totalmente...
[2017-07-29 13:10:46] Pq nonsense? Eles estão usando uma métrica bem definida
[2017-07-29 13:14:59] Fatores de confusão, e qual a porcentagem de chineses em relação a indianos que fizeram os challenges?
[2017-07-29 13:14:59] Viés na amostra? Tamanho da amostra?
[2017-07-29 13:22:31] Sim, tem vários fatores.... Mas qqer ranking tem seus problemas
[2017-07-29 13:33:55] por isso mesmo nonsense
[2017-07-29 13:36:38] eles compararam o mesmo número de pessoas ? A Índia por exemplo, pela migração de toda a área de TI e também pela população poderia estar  uma posição melhor
[2017-07-29 13:37:30] Por falar nisso já notaram a quantidade de tutoriais de indianos no youtube sobre programação ?
[2017-07-29 13:38:12] mudando o assunto, alguém aqui já mexeu com o ESP8266 ?
[2017-07-29 13:54:25] Noite do arduino na vdd ra mais pra noite do esp8266 xD
[2017-07-29 14:00:08] quanto custa esse componente ?
[2017-07-29 14:03:07] assim que encontrar um trampo pretendo voltar a mexer com isso
[2017-07-29 14:03:53] tenho arduino, raspberry pi, componentes diversos e até um lab de eletrônica da radio shack
[2017-07-29 14:05:34] Por falar em trampo se alguém souber de algum pra c++, c# java que necessite de um conhecimento básico de web por favor me avisem
[2017-07-29 14:06:16] já brinquei um pouco com python também, criando algumas classes
[2017-07-29 14:06:29] e javascript com php
[2017-07-29 14:07:03] Hoje em dia é difícil conseguir se manter com apenas uma ou duas linguagens
[2017-07-29 14:07:51] por curiosidade, qual ou quais seriam as linguagens preferidas de vcs e por qual motivo ?
[2017-07-29 14:10:11] Eu curto c++ (performance)
C# ( facilidade pelo GC )
[2017-07-29 14:10:52] Delphi também, pela excelente IDE dele.
[2017-07-29 14:11:57] Python eu achei interessante mas confesso que estranhei um pouco a orientação de objeto dele
[2017-07-29 16:51:45] Alguém vai pro garoa hj a tarde?
[2017-07-29 16:52:01] AFF n tava enviando
[2017-07-29 16:52:11] Tem alguém lá?
[2017-07-29 16:56:28] talvez eu vá de noite
[2017-07-29 17:00:47] photo: /home/felipe/devel/github_tvdstaaij/telegram-history-dump/output/media/Garoa_Hacker_Clube_(Público)/download_803115191_103827.jpg
[2017-07-29 17:14:51] O que é firmata ?
[2017-07-29 17:16:34] Tem gente, mas eu vou sair às 18:30...
[2017-07-29 17:17:38] É um protocolo de comunicação serial para microcontroladores...
[2017-07-29 17:19:53] Valeu por responder rapidamente :))
Flavio, tem código/exemplos de Firmata que já vem com o IDE do Arduino e do Processing tb.
[2017-07-29 17:56:57] Respondi rápido mas não respondi muito bem, hahaha... era pra eu chegar no Garoa e citar algum exemplo, me distrai e esqueci... eu estava na rua...
[2017-07-29 17:58:46] Legal, obrigado
[2017-07-29 18:01:09] Respondeu perfeitamente!
[2017-07-29 18:02:02] O lance que eu estava brincando era ler potenciômetros ligados no Arduino para desenhar no Processing
[2017-07-29 18:02:18] Fiz um Pong já tb
[2017-07-29 18:03:51] Já usaram o OpenCV ?
[2017-07-29 18:16:05] Eu já ;-) https://youtu.be/_zLpv11bTGI?t=14m15s
[2017-07-29 18:20:07] https://github.com/villares/py.processing-play/blob/master/Arduino_firmata/drawing_2_pots.pyde
[2017-07-29 19:15:41] document: /home/felipe/devel/github_tvdstaaij/telegram-history-dump/output/media/Garoa_Hacker_Clube_(Público)/download_58023844232823820.webp
[2017-07-29 19:26:15] Nossa que cara de mau 😁
[2017-07-29 19:26:52] Um pouco sério talvez...
[2017-07-29 19:27:31] Impressão minha ou o telegram deixou meu celular tão lento que só faltou transformar meu plano em pré-pago ?
[2017-07-29 19:43:21] O meu tá normal
[2017-07-29 20:20:52] http://cafecomcodig0.com.br/5-apostilas-de-python-gratis-pdf/
[2017-07-29 20:39:30] http://cdnapi.kaltura.com/index.php/extwidget/preview/partner_id/1807801/uiconf_id/28559072/entry_id/0_i9s4wpa2/embed/dynamic
[2017-07-29 20:44:14] http://www.motortrend.com/cars/tesla/model-3/2018/exclusive-tesla-model-3-first-drive-review/
[2017-07-29 20:47:48] document: /home/felipe/devel/github_tvdstaaij/telegram-history-dump/output/media/Garoa_Hacker_Clube_(Público)/download_1842540969984025.webp
[2017-07-29 22:04:50] Pessoal, vou começar uma transmissão ao vivo no meu canal do youtube. Como nunca fiz isso, vou precisar da ajuda de vocês pra me dizer se está tudo rolando certinho: áudio/video/etc. Podem me ajudar? O canal é esse: http://youtube.com/c/HappyHackingVideoBlog
[2017-07-29 22:09:23] Agora?
[2017-07-29 22:09:45] sim
[2017-07-29 22:10:57] Som tá muito baixo,imagem ok
