[2017-01-16 02:06:33] Eu vi pelo popcorn time
[2017-01-16 06:49:57] Vi pelo NetFlix...
[2017-01-16 08:02:19] E usam deposito bancário pra pagar a mensalidade ?
[2017-01-16 08:43:23] Ele diz no sentido de registrar a presença deles no Garoa...
[2017-01-16 08:43:53] Snowden? Acabou de sair...
[2017-01-16 08:48:17] tem tambem o citizen four
[2017-01-16 08:49:12] Sim, já vi esse
[2017-01-16 08:49:43] Mas Snowden não chegou esses dias aos cinemas BR?
[2017-01-16 08:54:10] Verdade, não foi Snowden que assisti no NetFlix... hahahaha...
[2017-01-16 09:00:07] Na verdade, assisti a história de Aaron Swartz... não sei porque associei, acho que porque disseram que não estavam conseguindo assistir pelo YouTube...
[2017-01-16 09:21:41] https://www.youtube.com/watch?v=2uj1EeiuK5U
Creative Commons bloqueado por Direitos Autorais... 😜
[2017-01-16 11:12:26] Tenta esse site:
http://www.filmesmonster.com/

Não consigo ver aqui, estou no trabalho e é bloqueado... e não pretendo bypassar o bloqueio...
[2017-01-16 11:13:23] Um camarada do 21 Hacker Clube, chamado Renan, fez um script para efetuar buscas neste site:
https://github.com/rennancockles/find_movies
[2017-01-16 11:13:24] rennancockles | find_movies

Script para buscar novos filmes em torrent no site filmesmonster.com

Language: Python
Forks: 2
Stars: 0
Issues: 0
[2017-01-16 11:58:07] vamos assistir Snowden no Garoa ?
[2017-01-16 12:20:55] http://grizlee.dyndns.org:5000/sharing/VoKYHW275
[2017-01-16 12:21:01] senha : garoahc
[2017-01-16 12:22:46] http://grizlee.dyndns.org:5000/sharing/VoKYHW275 senha : garoahc
[2017-01-16 12:59:30] este link em Cima e o Filme do Snowden
[2017-01-16 13:29:51] Operation failed.
[2017-01-16 13:31:36] mais ele mostrou a pagina de download ou nada?
[2017-01-16 13:31:53] mais ele mostrou a pagina de download, ou nada?
[2017-01-16 13:41:08] Mostrou a página de login, ao digitar a senha aparece essa mensagem.
[2017-01-16 13:42:52] Os pizzaiolos de sábado estão de parabéns fazia tempo que eu não comia pizza tão boa
[2017-01-16 13:49:45] oi gente, eu ouvi falar desse grupo atravez de uns prints, onde comentam sobre o projeto Serenata de Amor. Vou mandar o prints q eu vi aqui.
[2017-01-16 13:50:17] document: /home/felipe/devel/github_tvdstaaij/telegram-history-dump/output/media/Garoa_Hacker_Clube_(Público)/download_706809934540439623.png
[2017-01-16 13:50:29] document: /home/felipe/devel/github_tvdstaaij/telegram-history-dump/output/media/Garoa_Hacker_Clube_(Público)/download_706809934540439622.png
[2017-01-16 13:51:00] e queria saber se vcs estao fazendo algo nesse estilo, ou se tem algum projeto nessa linha
[2017-01-16 13:53:08] pq se for o caso, prefiro investir meu tempo em um projeto onde nao existe um interesse financeiro em pedir dinheiro para pagar o proprio salario
[2017-01-16 13:53:24] Eita, me dedaram kkk
[2017-01-16 13:53:29] ae
[2017-01-16 13:53:38] sim, teu nome ta no print :D
[2017-01-16 13:54:32] Vc já foi atrás do projeto serenata pra entender o que realmente é?
[2017-01-16 13:55:23] Pq aqui mesmo a gente tem uns 3 a 4 entusiastas do projeto, aliás, @Biazzotto ficou de marcar um dia pra eles virem no garoa né?
[2017-01-16 13:55:30] sim, acompanho desde o tempo q fizeram o catarse
[2017-01-16 13:56:26] assim, eu tinha comecado a fazer um pouco disso, pegar os gastos, transferir pra um sql. fazer umas analises.. dae soube do projeto, mas nao fiquei mto fã por causa do crowdfunding
[2017-01-16 13:56:42] fui atras,  e percebi q eh meio fechado.. nao eh tao aberto
[2017-01-16 13:56:52] O serenata deu nisso?
[2017-01-16 13:57:29] estranho, tentei no meu celular e funcionou
[2017-01-16 13:57:53] Eu até favoritei um texto com resultados deles para ler haha
[2017-01-16 13:57:59] Ao meu ver, data science Não é coisa simples, acho mais q certo os cara tirarem uma grana pra se sustentarem enquanto estão no projeto, já que ninguém iria dedicar o tempo de q eles estão dedicando pra chegar onde chegou
[2017-01-16 13:58:19] @fsanches tu tem o link do último pouso da spacex no fácil aí?
[2017-01-16 13:58:30] olha, eh mais uma opniao pessoal minha, nao senti q decisoes fossem abertas ou discutidas.. entao mesmo podendo contribuir, esperei pra ver no que ia dar
[2017-01-16 13:58:40] mas agora tao falando em fazer contribuicao mensal
[2017-01-16 13:58:52] Eles têm um grupo aqui no telegram
[2017-01-16 13:58:58] Mas vejamos o que a galera que conhece e tá mais perto tem a falar. @Biazzotto @jtemporal @vmesel
[2017-01-16 13:59:00] Eu sai
[2017-01-16 13:59:34] blza
[2017-01-16 14:00:23] nao eh treta nem nada, soh queria saber se tinha um grupo paralelo, com um viés menos voltado ao arrecar dinheiro pra trabalhar
[2017-01-16 14:00:24] soh isso
[2017-01-16 14:01:03] pq se eu fosse fazer ou investir meu tempo em algo, seria pq eu acho q posso aplicar meus conhecimentos numa causa boa, e nao por q acho q posso tirar um por fora
[2017-01-16 14:01:31] Entendo, só tô justificando, pq sei q projeto voluntário é complicado, então achei justificável o jeito que eles tão levando, pq como já falei, data science é tenso, não é qualquer um que faz de graça, para o bem do próximo
[2017-01-16 14:02:25] achava q só advogados pensavam assim :)
[2017-01-16 14:02:28] Mano, tirar uma por fora eles iam vender a ideia pros políticos e não caça-los kkk
[2017-01-16 14:03:00] do jeito q vejo, daqui a pouco os politicos tao batendo na porta pra saber qto custa pra fechar o projeto...
[2017-01-16 14:03:22] mas voltando, opniao pessoal
[2017-01-16 14:03:50] claro q tao fazendo um mte de coisa, tbm acho q precisam fazer ja q arrecadaram uma grana boa..
[2017-01-16 14:03:52] Exato, aí se fechar a gente vê a real intenção, mas até o momento me parece legal
[2017-01-16 14:04:12] Carlos tu é programador?
[2017-01-16 14:04:31] sim
[2017-01-16 14:04:58] antes de aparecer o serenata eu tinha feito o web scrap pra copiar os gastos
[2017-01-16 14:05:01] Já fez alguma coisa com ML?
[2017-01-16 14:05:04] dae liberaram em xml
[2017-01-16 14:05:29] bem basica, mas nem dava pra dizer q era machine learn... apliquei redes neurais
[2017-01-16 14:05:49] aplicar eh diferente de desenvolver, soh tenho um conhecimento basico pra dizer a vdd
[2017-01-16 14:07:20] Então, sem querer mudar sua opinião, mas seguindo o raciocínio. Se vc tivesse uma ideia legal, conhecimento pra implementar, uma ideia que ia mudar a vida dos brasileiros, mas não tivesse tempo nem dinheiro, o que vc faria pra dar certo essa ideia?
[2017-01-16 14:08:33] No Brasil dinheiro é coisa do demônio!
[2017-01-16 14:09:05] sim, o tempo no meu caso q eh mto mais escasso. E até agora o que eu queria era achar mais gente com a ideia de querer fazer algo (por isso vim aqui)
[2017-01-16 14:10:01] Então, aí o cara quis largar o emprego pra fazer, entoa ele arrecadou uma grana.
[2017-01-16 14:10:03] pq o serenata, parece empresa.. eles tao la fazendo, tu quer ajudar eles, BLZA, eh tipo da algo pra eles usarem a favor deles.. por isso q meio larguei de mao e esperei, ja q era um grupo de 8 pessoas salario full time
[2017-01-16 14:11:43] Tendeu, bom, o Garoa é aberto e sei que tem.bastsnte gente com esse mesmo interesse de vigiar os políticos, você pode pegar um dia pra apresentar sua ideia lá e ver se alguém é afim de tocar com vc, se quiserem marcar reuniões regulares pra dar mais certo, fiquem à vontade
[2017-01-16 14:12:40] obrigado, mas eu nao moro ai (nao sei q cidade é. é em SP ?)
[2017-01-16 14:13:21] A tá, é SP, mas entra lá na lista, joga a ideia, fica mais visível
[2017-01-16 14:13:46] http://groups.google.com/group/hackerspacesp
[2017-01-16 14:14:04] ah boa, valeu..
[2017-01-16 14:16:57] aproveitando: legal esse grupo de vcs ai, parabens pela iniciativa. Fiz o join no grupo do google
[2017-01-16 14:19:52] Quando tiver oportunidade, venha conhecer pessoalmente
[2017-01-16 14:20:47] sim, fica meio fora de roteiro pra mim. Moro em Montreal (canada) e minha familia mora no sul.
[2017-01-16 14:22:22] Eita, mas vá em algum hackerspace aí, sempre tem gente interessada em desenvolver coisas legais assim, acho q aí em Montreal é o foulab
[2017-01-16 14:22:53] Olha, tem dois
https://wiki.hackerspaces.org/Montreal
[2017-01-16 14:23:33] nao conhecia isso, apesar de ja ter visto o nome Helios makerspace antes
[2017-01-16 14:23:54] acho q vi num workshop, uns anos atras
[2017-01-16 14:46:41] O projeto está totalmente aberto:
https://github.com/datasciencebr/serenata-de-amor

E para nós, que apoiamos o projeto, é feita uma prestação de contas a cada 15 dias.

Se acompanhar o twitter do @irio e do @cuducos verá o andamento do projeto e as denúncias que já foram registadas.
[2017-01-16 14:46:59] sim eh aberto
[2017-01-16 14:49:48] assim, tu cria uma empresa, pede dinheiro pra trabalhar , pq a empresa vai ajudar a limpar a cidade.. Tu arrecada dinheiro, paga tuas contas, e consegue gente trabalhando de graça contribuindo pro teu projeto
[2017-01-16 14:50:18] fica mto mais facil tu pedir mais dinheiro depois, ja q mte de gente trabalhou de graça pra ti usando o nome da empresa
[2017-01-16 14:50:28] onde tu pode apresentar os resultados
[2017-01-16 14:54:41] Melhor discutir isso no grupo, não acho bom levarmos esse tipo de discussão no Telegram.
[2017-01-16 14:55:46] de boas
[2017-01-16 15:18:20] photo: /home/felipe/devel/github_tvdstaaij/telegram-history-dump/output/media/Garoa_Hacker_Clube_(Público)/download_803111903_2708.jpg
[2017-01-16 15:18:44] htc touch dual com Windows mobile, roda sunvox
[2017-01-16 15:19:09] gratis pra quem quiser, vai pro lixo até o fim do dia se ninguém levar
[2017-01-16 15:19:30] Não prometo levar, mas quero dar uma olhada
[2017-01-16 15:21:38] consegue passar na Armênia?
[2017-01-16 15:21:49] Rua Alfredo Maia 506
[2017-01-16 15:21:58] aqui no labhacker
[2017-01-16 15:22:27] se não eu levo pro garoa o dia que eu passar, quando passar...
[2017-01-16 17:14:44] Galera, estava procurando alguma ferramenta para manter o tracking de bugs e perrengues conhecidos de hardware. Alguém conhece alguma ferramenta interessante para isso?
[2017-01-16 17:42:11]  joined
[2017-01-16 17:42:11] Hi h44rp !
[2017-01-16 17:42:19] Eaew Pessoal
[2017-01-16 17:42:36] Fala manolo, tranquilo?
[2017-01-16 17:43:10] Dêem uma olhada na minha ferramenta de Engenharia Reversa em aplicações compiladas com py2exe, quem puder deixar star, agradeço o insentivo
[2017-01-16 17:43:11] https://github.com/4w4k3/rePy2exe
[2017-01-16 17:43:12] 4w4k3 | rePy2exe

A Reverse Engineering Tool for py2exe applications.

Language: Python
Forks: 13
Stars: 25
Issues: 0
[2017-01-16 17:44:58] incentivo*
[2017-01-16 17:46:28] rapaz, tava precisando disso no final do ano kkk, devia ter falado antes :P
[2017-01-16 17:47:07] https://www.youtube.com/watch?v=GLz-M7pki7U
[2017-01-16 17:48:43] eu vi ao vivo ante-ontem
[2017-01-16 17:49:50] document: /home/felipe/devel/github_tvdstaaij/telegram-history-dump/output/media/Garoa_Hacker_Clube_(Público)/download_826459275206328386.webp
[2017-01-16 17:52:50] Github? Ou Redmine...
[2017-01-16 18:03:29] ou gitlab
[2017-01-16 18:04:03] Chilli Project também
[2017-01-16 18:04:14] Até o Bugzilla e o Launchpad devem funcionar
[2017-01-16 18:04:33] Mas eu não recomendo o Launchpad
[2017-01-16 18:05:50] Então, a questão é que os projetos não ficam no Github, a maioria é para cliente, queria manter um tracker do tipo: 
Encontrei problema x trabalhando com o microcontrolador tal e resolvi de tal forma.
[2017-01-16 18:05:57] Estou quase escrevendo algo próprio
[2017-01-16 18:06:44] legal a ideia, tipo uma biblioteca de bugs
[2017-01-16 18:07:17] Exato!
[2017-01-16 18:07:27] Tipo, trabalho com mais de 5 famílias de micros diferentes
[2017-01-16 18:07:33] As vezes demoro até voltar para alguma delas
[2017-01-16 18:07:54] Ai quando volto encontro o mesmo perrengue que perdi tempo há algum tempo atrás
[2017-01-16 18:08:38] entendi, n conheço nd q faça isso n, mas animei de fazer um appzinho
[2017-01-16 18:15:07] Então, usa qualquer uma das outras opções: Redmine Chilli Project, gitlab...
[2017-01-16 18:16:25] Erin, já encontrou um novo tutor pra este HTC?
[2017-01-16 18:16:48] Vou dar uma olhada nisso!
[2017-01-16 18:17:29] Eu mesmo mantinha o servidor de Redmine integrado com o Git onde eu trabalhava. É fácil
[2017-01-16 18:26:11] talvez o trello possa te ajudar,conhece?
[2017-01-16 18:26:24] eh simples, e ficaria bem voltado pro cliente..
[2017-01-16 18:28:33] Sim, mas não vejo uma possibilidade de encontrar algo simples ou ordernar por plataformas no Trello. 
Hoje em dia estou tendo problemas com um caderno de 96 folhas então tem que ser algo que eu consiga ordernar e encontrar fácil o problema.
Também não pode ser algo atrelado a projetos e sim plataformas, porque o meu problema é depois de muito tempo voltar a usar sei lá, um EFM8, 80C51 da vida, que uso muito pouco e bater cabeça com o mesmo problema.
[2017-01-16 18:30:31] ah bom, nesse volume.. soh um bug tracker da vida, ai teria q testar o q tu acha q seria melhor..
[2017-01-16 18:30:58] bitbucket, nao sei se comentaram ja..
[2017-01-16 18:51:41] até agora gutem
[2017-01-16 18:51:53] levo amanhã no cmc
[2017-01-16 19:30:05] quem esta na garoa?
[2017-01-16 20:00:01] Eu...
[2017-01-16 20:00:13] E mais 4 pessoas...
[2017-01-16 20:34:07] Opa acaminho kkkkkk
[2017-01-16 20:55:54] Mantem um projeto grande no Redmine com as plataforams, com sub projetos para as placas em si.
[2017-01-16 20:56:12] Eu já fiz isso, em uma outra empresa, era bom porque tinha bugs que afetava a plataforma inteira, e tem bugs que são só de uma placa.
[2017-01-16 21:14:42] +1 pro Redmine. Da pra usar tranquilamente com outros tipos de projetos que não sejam software. Ele é bem customizável, então bem provável que resolva teu caso. Você pode manter tudo num único projeto e usar Custom Fields pra separar por plataformas: http://www.redmine.org/projects/redmine/wiki/RedmineCustomFields
[2017-01-16 22:23:48] Boa noite, galera! Tô passando pra lembrar que já estão abertas as inscrições para a Python Sudeste, que esse ano vai ser no RJ. Bora lá? 
https://youtu.be/32M_-byUXTM
[2017-01-16 22:24:03] Segue o link da inscrição:
https://www.catarse.me/pythonsudeste2017
