[2018-02-02 00:13:40] 🙈🙊🙁
[2018-02-02 02:00:16] HAHAHAHAHAHAHAHA
[2018-02-02 02:07:42] Bolacha.org
[2018-02-02 02:08:17] Nope. Outro assunto
[2018-02-02 02:08:59] Bolacha.org
[2018-02-02 02:09:42] Biscoito.net
[2018-02-02 04:49:55] Pus meu nome lá.
Mas é biscoito. Kkkkkk #zoa
[2018-02-02 09:03:59] Uhm, o Mitch vai dar uma oficina de solda hj, às 17h30 la no Espaço Fazedores, na área open da Campus. Vai ensinar a montar um TV-B-Gone, pra quem estiver lá e quiser fazer :)
[2018-02-02 09:05:10] Tem que comprar o kit, pq afinal vc leva pra casa, custa 50 reais... Parece caro, mas é vendido lá fora a 20 euros...
[2018-02-02 09:11:57] photo: /home/felipe/devel/github_garoa/Telegram_logs_Garoa_Hacker_Clube_Publico/media/Garoa_Hacker_Clube_(Público)/download_806118179_35014.jpg
[2018-02-02 09:18:50] Fui perguntar pro patopatovai, que treco maravilhoso
[2018-02-02 09:21:57] No Garoa tinha uns 3 kits
[2018-02-02 09:22:14] Dá última vez que ele foi lá
[2018-02-02 09:22:39] A versão chaveiro
[2018-02-02 09:26:54] Meme do ano
[2018-02-02 09:29:47] Massa! Essa é a versão q vc solda
[2018-02-02 09:30:09] Pcb em cima de um suporte de pilha com duas AA
[2018-02-02 10:32:51] Um aparato de utilidade realmente publica:)
[2018-02-02 11:17:16] Na Bitnation pode procurar por Frakta ;) rs
[2018-02-02 11:28:52] http://hackerculture.com.br/2018/01/campus-party-2018-dia-02/
[2018-02-02 11:48:27] photo: /home/felipe/devel/github_garoa/Telegram_logs_Garoa_Hacker_Clube_Publico/media/Garoa_Hacker_Clube_(Público)/download_805514844_87583.jpg
[2018-02-02 11:51:46] Que beleza
[2018-02-02 11:53:18] MAAAAIS UMA
[2018-02-02 11:56:02] http://www.bbc.co.uk/programmes/b09nvrcn#play
[2018-02-02 12:03:57] O negocio é que com a facilidade de transmitir um streaming, ted, webinar etc... pessoal se importa menos em dar palestras grandes, talvez seja melhor grupos menores até pra ter uma troca
[2018-02-02 12:29:43] Atividades do Dumont Hackerspace na CP: https://garoa.net.br/wiki/Dumont_Hackerspace_na_Campus_Party_2018
[2018-02-02 13:53:41] Para vocês que estavam querendo aprender sobre Radioamadorismo, isso aqui é o que eu acho o mais legal do Hobby, falar com uma cacetada de país diferente, no caso do link, os caras foram para uma ILHA no sul do Atlântico chamada Bouvet, só para dar a oportunidade da galera fazer o contato com a ilha e contar mais um país para os certificados. https://www.bouvetdx.org/news-and-updates/
[2018-02-02 13:54:32] Por curiosidade, aqui tem uma lista dos países que o pessoal mais quer falar, feito mês a mês: http://www.clublog.org/mostwanted.php
[2018-02-02 13:54:58] Completando 100 países você pode pedir inclusive um certificado, ao juntar os cartões QSL que confirmam o contato.
[2018-02-02 13:55:12] E ae galera, boa tarde! Alguém sabe a url ou pode me convidar pro telegram do grupo ctf?
[2018-02-02 13:59:02] Rafa, ele não pode dar esse Workshop lá no Garoa?? Seria ótimo.
[2018-02-02 14:18:42] Opa, tenho uns kits a mais, vejo com ele, acho que rola na segunda ou quarta ;)
[2018-02-02 14:18:43] Eu gostaria de participar se fosse no garoa
[2018-02-02 14:18:44] Vou ver c ele
[2018-02-02 14:20:12] 👍👍👍
[2018-02-02 14:33:16] Tô dentro!
[2018-02-02 14:49:37] https://t.me/joinchat/G0w1R0NcOMqL2xFiwZM6rA
[2018-02-02 14:51:31] Muito obrigado!
[2018-02-02 15:03:36] Vai ser bonito esse final de semana no Garops
[2018-02-02 15:06:36] Isso é chamado 
DXpedition.

DX é uma abreviatura utilizada em CW (telegrafia) que significa 
distância.
[2018-02-02 15:11:42] https://www.youtube.com/watch?v=EHDwKIO-hfA
[2018-02-02 15:12:32] Isso é o diploma DXCC emitido pela ARRL, a liga de Radioamadores dos EUA.

Quando se fala em países entenda-se Entidades.
O Brasil é constituído de 5 entidades:
Brasil continental;
Arq. S Pedro e S Paulo;
Arq. Fernando Noronha;
Trindade e Martim Vaz;
Brasil Antartico.
[2018-02-02 15:12:59] Exatamente!
[2018-02-02 15:13:15] Obrigado por completar o que eu escrevi Pesce!
[2018-02-02 15:13:46] Você é radioamador?
[2018-02-02 15:14:05] QAP QRV de PY1CX K
[2018-02-02 15:15:08] photo: /home/felipe/devel/github_garoa/Telegram_logs_Garoa_Hacker_Clube_Publico/media/Garoa_Hacker_Clube_(Público)/download_806117446_35609.jpg
[2018-02-02 15:15:17] Minha antiga companheira de 188 paises
[2018-02-02 15:15:50] Uau!
Eu sou apenas um classe C.  
PU2 LXN
Sou um radioamador de apartamento
[2018-02-02 15:16:38] Eu também! Aí tinha 8 metros de torre e 2 metros para fora de tubo com uma 3dx3 no topo
[2018-02-02 15:17:34] Muito bom
[2018-02-02 15:18:17] Hoje, não teria feito essa doideira de investir dinheiro em torre, rádio, cabos, etc não.
[2018-02-02 15:19:18] Nota aos associados do Garoa - estamos começando a usar novamente a lista de emails, para conversar e debater coisas mais relevantes https://groups.google.com/forum/#!forum/associados-garoa
[2018-02-02 15:21:35] O que é esse painel que você está mexendo na foto do QRZ.com
[2018-02-02 15:22:43] Deve ser a minha foto fazendo manutenção em um beacon que fica em barco. Eu fazia manutenção em radioequipamentos navais.
[2018-02-02 15:24:15] Eu li o resto
The photo: On board adjusting the ressonance of a NDB antenna
[2018-02-02 15:25:48] NDB é um beacon que helicóptero e avião utilizam para achar a localização do heliporto ou aeroporto
[2018-02-02 15:26:41] @NavarroFelipe 
No Garoa tem o Marcelo Campos, que é bom para cacete! Também classe C
[2018-02-02 15:26:58] vamos fazer churraco e convidar gente pra conhecer o garoa no domingo?  Quem ajuda no churrasco?
[2018-02-02 15:27:29] Domingo não dá para mim
[2018-02-02 15:28:46] Você realmente é fera!
[2018-02-02 15:28:50] Alguém tem uma foto da churrasqueira sovietica pra colocar aí?
[2018-02-02 15:29:25] Domingo é as 16:00?
[2018-02-02 15:29:45] Valeu!
[2018-02-02 15:29:50] Esssa churrasquei está emprestada; Provavelmente vão levar embora qualquer dia.
[2018-02-02 15:30:13] Amanha haverá o envasamento da mais nova leva de cerveja do garoa, dessa vez é uma Stout
[2018-02-02 15:30:29] Dia 10 vamos fazer uma Irish Dry Stout no LHC 😊
[2018-02-02 15:31:22] qdo estiver pronta, mandaremos uma LHCerveja ai para o Garoa
[2018-02-02 15:32:06] Que legal, futuramente podemos fazer uns escambos de cerveja
[2018-02-02 15:32:16] Agora dia 03 vamos envasar nossa Stout também. Será muito legal trocar umas garrafas heheh
[2018-02-02 15:32:55] Sim! Preciso arrumar um jeito de levar uma da primeira brassagem daqui ....
[2018-02-02 15:33:02] dia 10 vai ser a segunda brassagem
[2018-02-02 15:33:09] Bastante gente do garoa faz cerveja
[2018-02-02 15:33:27] Creio que é boa ideia
[2018-02-02 15:33:52] Bolar uma receita de hackerbeer
[2018-02-02 15:34:38] Se envasar amanhã será que domingo já da pra beber ou precisa esperar gaseificar ?
[2018-02-02 15:34:41] Queria fazer uma visita no LHC
[2018-02-02 15:35:11] Nao .... vai demorar no minimo uma semana .....
[2018-02-02 15:35:31] Se nao for fazer nada dia 10 de manha, aparece para acompanhar a brassagem
[2018-02-02 15:36:12] Legal. Obrigado pelo convite.
[2018-02-02 15:37:16] Se eu for para Amparo no carnaval, eu colo no LHC certamente.
[2018-02-02 15:37:42] vc ja foi no brewshop que tem em Amparo?
[2018-02-02 15:37:43] Tenho uns conhecidos que colam no lhc, Diego e o Carlos
[2018-02-02 15:38:12] Não. Faz anos que eu não moro lá. Nem sabia que tinha essa novidade
[2018-02-02 15:39:03] https://www.facebook.com/SouthBrewShop/
nunca fui la, mas conheci
[2018-02-02 15:39:22] Essas brewshops regionais são massa quando valorizam o produto local
[2018-02-02 15:41:31] Bacana. Alí no Largo do Rosário tem uns barzinhos que eu costumava ir (tinha umas balada, etc...)
[2018-02-02 15:41:59] A Ashby é de Amparo.
[2018-02-02 15:42:12] Era boa, daí a Ambev comprou hehehehehe
[2018-02-02 15:42:39] comprou? acho que nao ....
[2018-02-02 15:43:29] photo: /home/felipe/devel/github_garoa/Telegram_logs_Garoa_Hacker_Clube_Publico/media/Garoa_Hacker_Clube_(Público)/download_804730876_101630.jpg
[2018-02-02 15:43:46] bombando 😊
[2018-02-02 15:44:13] acompanho essas compras do mercado e eles nao compraram nao.... ela soh eh ruim mesmo 😊
[2018-02-02 15:45:39] Movimento tá bacana
[2018-02-02 15:54:37] Só um lembrete, Mitch é vegano, tem alergia a proteína animal, pensa em algo pra ele no churras do domingo
[2018-02-02 15:56:35] document: /home/felipe/devel/github_garoa/Telegram_logs_Garoa_Hacker_Clube_Publico/media/Garoa_Hacker_Clube_(Público)/download_368739082848699109.webp
[2018-02-02 16:01:23] Vish espetin vegano, uns sucos
[2018-02-02 16:05:58] Por isso é bom começar como um projeto de pesquisa
[2018-02-02 16:06:21] Que envolva mais pessoas
[2018-02-02 16:06:46] Analisar neles as vantagens e impactos
[2018-02-02 16:06:47] tem que trabalhar pra pagar as contas e isso toma tempo infelizmente
[2018-02-02 16:07:11] se a escola bancasse a pesquisa seria uma boa
[2018-02-02 16:07:19] Pesquisa toma tempo
[2018-02-02 16:07:54] Um projeto de pesquisa nesse estilo teria que ser em um mestrado algo que a pessoa fique por conta
[2018-02-02 16:11:47] é
[2018-02-02 16:11:54] já tem varios que pesquisar
[2018-02-02 16:12:05] varias provas que esse tipo coisa funciona
[2018-02-02 16:12:11] pais usando e etc
[2018-02-02 16:12:13] mas..
[2018-02-02 16:23:47] Podemos fazer tapioca
[2018-02-02 16:26:14] photo: /home/felipe/devel/github_garoa/Telegram_logs_Garoa_Hacker_Clube_Publico/media/Garoa_Hacker_Clube_(Público)/download_804727593_104442.jpg
[2018-02-02 16:33:47] Pessoal alguém sabe se a palestra do Mitch Altman
[2018-02-02 16:34:01] Está no YouTube?
[2018-02-02 16:34:22] Ela ia ajudar no meu projeto
[2018-02-02 16:40:09] Tem várias palestras dele na internet
[2018-02-02 16:42:47] Dessa Campus tem?
[2018-02-02 16:42:59] Alguém sabe o titulo dela?
[2018-02-02 16:44:24] document: /home/felipe/devel/github_garoa/Telegram_logs_Garoa_Hacker_Clube_Publico/media/Garoa_Hacker_Clube_(Público)/download_5161417750433759272.ogg
[2018-02-02 16:46:08] tem esse short
tenta perguntar nos comentários do vídeo
https://www.youtube.com/watch?v=QY6i1HfGMeA
[2018-02-02 16:48:12] Procura por campus party 2018 e filtra pra 1.vídeos da semana, 2. vídeos longos
tem uns stream sem corte de 11 horas lá, só caçar.
[2018-02-02 16:52:39] Vou fuçar
[2018-02-02 16:52:41] Lá
[2018-02-02 18:02:28] photo: /home/felipe/devel/github_garoa/Telegram_logs_Garoa_Hacker_Clube_Publico/media/Garoa_Hacker_Clube_(Público)/download_804729826_100718.jpg
[2018-02-02 18:02:38] Bora soldar
[2018-02-02 19:21:31] photo: /home/felipe/devel/github_garoa/Telegram_logs_Garoa_Hacker_Clube_Publico/media/Garoa_Hacker_Clube_(Público)/download_805513882_87346.jpg
[2018-02-02 19:21:40] O que é o que é
[2018-02-02 19:22:21] Ganhamos um monte desses
[2018-02-02 19:23:01] photo: /home/felipe/devel/github_garoa/Telegram_logs_Garoa_Hacker_Clube_Publico/media/Garoa_Hacker_Clube_(Público)/download_5168434485749874724
[2018-02-02 19:24:36] O que é este device?
[2018-02-02 19:26:11] acho que é um sensor de presença microcontrolado
[2018-02-02 19:26:17] para segurança residencial
[2018-02-02 19:26:53] tem um microcontrolador atmel do lado onde estão os componentes de sonar
[2018-02-02 19:27:24] do outro lado tem esses conectores que devem ser pra ligar enfileirados vários desses
[2018-02-02 19:27:48] e no final da fileira botar um mestre que recebe um alerta se algum dos sensores foi ativado
[2018-02-02 19:27:58] estou apenas supondo
[2018-02-02 19:28:14] Show, ja mandou bem, rs
[2018-02-02 19:28:30] Nao tinha visto a url ali, vou dar uma sapeada
[2018-02-02 19:42:30] estão no vortex
[2018-02-02 19:42:35] esses sensores
[2018-02-02 19:43:43] Eu guardei centenas desses sensores nos bins já tudo organizado
[2018-02-02 19:50:27] Legal
[2018-02-02 20:18:01] Acho que dá pra medir distância com essa placa
[2018-02-02 20:24:40] sim, também acho
[2018-02-02 21:46:35] Porquê tanta gente está usando o Slack para comunicação em empresas de software?  Qual a grande emoção com ele?
[2018-02-02 21:47:03] Tem algo parecido mas em software livre?
[2018-02-02 21:52:12] Tem o Rocket chat
[2018-02-02 21:52:37] Mas não  sei se serve para o mesmo propósito..
[2018-02-02 21:53:10] Nunca usou?
[2018-02-02 21:54:22] Ja usei os dois
[2018-02-02 21:54:51] O slack tem melhor integração com github, trello, dropbox etc
[2018-02-02 21:55:34] Mas o rocket vc pode subir na sua rede
[2018-02-02 21:57:51] E slack come sua memória inteira se bobear
[2018-02-02 22:02:42] Nao usei o rocket chat, mas o slack era bem querido a despeito do fato de estar sempre com a storage lotada
[2018-02-02 22:03:21] Pq as pessoas aprendiam a usar os canais adequadamente, nada que fosse impossivel de organizar em outros mensageiros
[2018-02-02 22:03:54] Mas realmente nao é leve, a integracao deve ser o que torna mais atraente.
[2018-02-02 22:17:59] Marina Limeira joined
[2018-02-02 22:30:18] E depois aluno é que é preguiçoso ? Belo exemplo de braços curtos
[2018-02-02 22:33:30] Gianpaulo Malagrino joined
[2018-02-02 22:38:45] Alguém sabe se vai rola mesmo a atividade de machine learning na bancada hj as 0 hrs?
[2018-02-02 22:38:59] Vi lá que fizeram integração com mil coisas
[2018-02-02 23:11:45] Entao, eu usei com integracao do hiptest, que é uma ferramenta de gerenciamento de testes. Vale a pena olha essa ferramenta com mais carinho. Uso bastante no dia a dia.
[2018-02-02 23:11:54] Tb usei com gitlab ci
[2018-02-02 23:12:04] Jira...
[2018-02-02 23:12:25] Enfim, da pra integrar de modos realmente uteis
[2018-02-02 23:12:33] E isso é facil e legal de fazer
