[2018-02-12 00:57:09] Muito bom, bactérias como meios não apenas de espalhar vida pelas galáxias mas também de melhorar a vida na própria Terra 😳
[2018-02-12 01:00:24] Pra ficar doente também? 😛
[2018-02-12 01:02:45] https://news.slashdot.org/story/18/02/11/2139203/how-the-first-open-source-software-and-hardware-satellite-upsat-was-built
[2018-02-12 01:03:34] https://www.geekwire.com/2018/spacex-gets-set-launch-first-prototype-starlink-satellites-global-internet-access/amp/
[2018-02-12 11:52:37] Eu esbocei um "pong" em assembly da máquina virtual do jogo Another World: https://forum.fiozera.com.br/t/estudando-a-maquina-virtual-do-jogo-another-world/127
[2018-02-12 14:23:13] https://twitter.com/fermatslibrary/status/963056123447336965
[2018-02-12 14:29:33] ouw tem alguem no garoa ??
[2018-02-12 14:30:07] https://www.youtube.com/watch?v=1moRfIXCfak
[2018-02-12 14:50:16] Eu não cheguei a estudar o livro, sugiro que mande um e-mail pra editora reclamando rs
[2018-02-12 15:02:06] A Linux Foundation, e o próprio Linus, parecem discordar de você...
[2018-02-12 15:02:39] Assim como São Paulo pode ser a Cidade e/ou Estado, eles se referem ao Linux tanto como Sistema Operativo como Kernel
[2018-02-12 15:09:09] Tinha uma galera no passado que usada o termo "CPU" para se referir a gabinetes de PC...
[2018-02-12 15:09:23] Lógico que "Kernel Linux" seria melhor que "Kernel do Linux", mas acho que conseguimos entender o conceito...
[2018-02-12 15:10:26] document: /home/felipe/devel/github_garoa/Telegram_logs_Garoa_Hacker_Clube_Publico/media/Garoa_Hacker_Clube_(Público)/download_532576507344756457.mp4
[2018-02-12 15:10:31] https://spaceflightnow.com/2018/02/12/trump-administration-supports-transition-to-more-commercially-focused-space-station/
[2018-02-12 15:10:57] Caso claro de metonimia que não impede o entendimento, apesar de equivocado...
[2018-02-12 15:11:55] Tem gente que chama o Garoa de "Makerspace"... LOL
[2018-02-12 15:12:30] pergunta cretina: cpu eh o nucleo ou o chip em si?
[2018-02-12 15:13:08] Inclusive o Mitch Altman, diga-se de passagem... LOL
[2018-02-12 15:13:39] ... acho que não ....
[2018-02-12 15:14:46] São os elétrons em movimento em prol da execução do processamento
[2018-02-12 15:17:48] a estrutura das CPUs é toda sólida, portanto não há movimento significativo de moléculas em jogo. Talvez o que você queria ter dito é o movimento dos elétrons...
[2018-02-12 15:18:27] Boa!
[2018-02-12 15:19:03] Não trabalho com "achismo"... 
Em mais de uma Talk e artigos, inclusive para a Make Magazine, ele dá a entender que Hackerspace e Makerspace são as mesmas coisas, uma vez que não existia o termo Maker no começo do rolê com a força que tem hj.
[2018-02-12 15:19:53] Se eu tivesse certeza eu não teria dito que acho ...
[2018-02-12 15:20:05] document: /home/felipe/devel/github_garoa/Telegram_logs_Garoa_Hacker_Clube_Publico/media/Garoa_Hacker_Clube_(Público)/download_532576507344756457.mp4
[2018-02-12 15:20:48] Para com essa coisa de criança, cara!
[2018-02-12 15:21:27] Essa parte Eu entendi. 
Só falando que Eu prefiro pesquisar antes de falar "acho" e trazer fatos.
[2018-02-12 15:21:31] Acho q o grupo é livre e eu ainda não estou spamando
[2018-02-12 15:21:44] Só estou dando meu contra argumento
[2018-02-12 15:21:50] @fernandoGuisso tá carente lá no interior... eheheheh
[2018-02-12 15:22:10] Essa conversa não vai chegar a lugar nenhum. Tô fora.
[2018-02-12 15:22:29] Quando chegou?!?! 😂
[2018-02-12 15:22:44] #TrueStory
[2018-02-12 15:22:50] Ontem o papo aqui tava mais interessante.
[2018-02-12 15:23:41] Podcre, vamos falar do que interessa, vamos falar sobre tecpix
[2018-02-12 15:24:27] @Gutemhc ta ligado aquela planta que brilha no escuro, vc acha q conseguimos fazer essa semana em uma stividade de biohacking?
[2018-02-12 15:25:17] Pera, a que é resultado de Biohacking ou que brilha naturalmente?
[2018-02-12 15:25:37] Resultado de experimentos
[2018-02-12 15:30:47] Hum... Tem que correr atras de um fornecedor de bioluminescence
[2018-02-12 15:30:58] para poder fazer a "cruza"
[2018-02-12 15:31:19] ou comprar o DNA extraido de alguma planta que já teve a cruza
[2018-02-12 15:31:38] Ambos, não conheço fornecedor no Brasil
[2018-02-12 15:31:56] Logo, pra essa semana, ach oque não
[2018-02-12 15:32:00] 😞
[2018-02-12 15:32:34] @vmesel Sabe de algo que pode ajudar?
[2018-02-12 15:33:04] cara posso perguntar no lab
[2018-02-12 15:33:09] mas desconheco para pessoas fisicas
[2018-02-12 15:33:22] se tiver PJ facilita bastante o tramite se eu n me engano
[2018-02-12 15:33:40] Tenho CNPJ
[2018-02-12 15:34:04] vou falar com um pessoal do lab
[2018-02-12 15:34:18] Consegue dinoflagelados bioluminescentes?
[2018-02-12 15:34:36] pelo lab, eu n faco a menor ideia
[2018-02-12 15:34:38] acho q n
[2018-02-12 15:35:58] tou vendo aqui
[2018-02-12 15:36:03] assim q eles responderem mando pra vcs
[2018-02-12 15:36:10] Valeu
[2018-02-12 15:36:30] Dinoflagelados, Fungos ou Algas... Tehno interesse neles todos! rs
[2018-02-12 15:40:47] Caraca... q foda!!
[2018-02-12 16:03:23] relogios sao foda
[2018-02-12 16:55:28] CPU é o conjunto dos núcleos. O chip costuma ter periféricos e outros sistemas além da CPU. Por exemplo, controlador de memória, ou até GPU. Quando que uma CPU com alguns periféricos vira um SOC é uma questão de marketing.
[2018-02-12 16:55:38] Alguém no garoa
[2018-02-12 16:55:43] ?
[2018-02-12 17:05:24] Até que horas vai ter gente no garoa hoje?
[2018-02-12 17:10:32] Tinha até agora pouco
[2018-02-12 17:10:40] Saí para um café
[2018-02-12 17:10:53] 18h eu devo re-abrir
[2018-02-12 17:11:18] O Python Lab hoje vai até 22h
[2018-02-12 17:24:05] Valeu! Tô indo
[2018-02-12 17:33:49] Acho que @clockwisehorror manja de algo assim
[2018-02-12 18:45:20] Que horas começa o python lab? 19:30 mesmo?
[2018-02-12 19:27:38] Alguém que conheça o equipamento de impressão 3D virá hoje? Preciso de uma ajuda aqui... :(
[2018-02-12 19:50:09] Tarik Caramanico joined
[2018-02-12 19:52:57] Gente, algum dev vue topando freela ai?
[2018-02-12 19:55:17] dev hue ?!
[2018-02-12 19:55:44] dev o que ?!
[2018-02-12 19:55:52] vue.js
[2018-02-12 19:56:10] eu
[2018-02-12 20:04:09] photo: /home/felipe/devel/github_garoa/Telegram_logs_Garoa_Hacker_Clube_Publico/media/Garoa_Hacker_Clube_(Público)/download_806119123_42040.jpg
[2018-02-12 20:04:22] Python Lab no Carnahacking
[2018-02-12 20:07:28] mais de 30% de presença feminina, cada vez mais batendo records
[2018-02-12 20:13:48] @villares é showman! Tudo que ele faz, lota! Até em Feriado prolongado. Congrats!
[2018-02-12 20:17:55] Kate White joined
[2018-02-12 20:32:14] Kkkk
[2018-02-12 20:32:40] O mérito e do Allan, Fabricio Biazzoto e Adriano Freitas
[2018-02-12 20:33:45] Eu só abri a porta
[2018-02-12 20:34:03] (e agitei um pouquinho)
[2018-02-12 20:40:43] OLHA O TANTO DE MENINAS NO GAROA <3
[2018-02-12 20:51:17] Essa turma tbm arrasa quando se propoem a fazer algo! Congrats!
[2018-02-12 20:52:46] Poha, ta dhora ai em, #queria
[2018-02-12 20:56:45] photo: /home/felipe/devel/github_garoa/Telegram_logs_Garoa_Hacker_Clube_Publico/media/Garoa_Hacker_Clube_(Público)/download_804730210_105209.jpg
[2018-02-12 20:57:34] mandaram no grupo do slackware @slackshowbr
[2018-02-12 20:58:09] ainda to rindo aqui
[2018-02-12 20:58:35] Padrão kkk
[2018-02-12 20:58:53] É assim que nasce um novo framework JS todo dia, por exemplo
