[2017-05-22 00:00:03] acho maneiro a ideia do biochip
[2017-05-22 00:00:09] O quê é isso!?
[2017-05-22 00:00:47] @fernandoGuisso lançamos moda com o Tio @Gutemhc
[2017-05-22 00:01:55] Esse chip só funciona com o Drink do Inferno lá rosa
[2017-05-22 00:05:01] @Gutemhc previsão de custo pro ímã?
[2017-05-22 00:05:59] Ainda não... Vou rodar um teste com uma empresa para fazer o revestimento
[2017-05-22 00:06:12] mas só mês que vem, provavelmente
[2017-05-22 00:07:19] E aí veremos a viabilidade de fazer por Terra Brasilis o revestiemnto de Nitreto de Titanio
[2017-05-22 01:55:38] https://www.youtube.com/watch?v=C8aFW5wROS4&feature=youtu.be
[2017-05-22 01:59:10] Não da para rodar direto no sistema de arquivos do Kindle? Eu tenho feito isso no meu Kindle 3.
[2017-05-22 02:00:03] Nossa, não sabia!
[2017-05-22 02:00:10] Eu tenho um Kindle que tem MP3 player, mais antigo
[2017-05-22 02:00:20] Não acho que seja legal
[2017-05-22 02:02:00] Eu estou rodando X11 no FB dele
[2017-05-22 02:03:09] Provavelmente seja igual para qualquer Kindle
[2017-05-22 02:03:32] Vou tentar uma hora no meu
[2017-05-22 02:03:35] O Kindle 3 e muito antigo y a UI dele e bem feia
[2017-05-22 02:03:39] Mas o meu engasga bastante
[2017-05-22 02:04:47] Até para ler
[2017-05-22 02:05:03] Eu não concebo usar outra coisa para subir arquivos a ele que não seja SSH
[2017-05-22 02:05:45] Sim sim,
[2017-05-22 02:05:49] Mas o problema é que a bateria dele não da para usar com o WiFi ligado o tempo tudo, é muito ineficiente
[2017-05-22 02:06:18] Acho legal para usar para ler algum código, ou mesmo para ler um PDF com x11
[2017-05-22 02:07:00] É, o leitor de PDF até nas versões novas é ruim
[2017-05-22 02:08:45] O meu é o primeiro Kindle touch
[2017-05-22 02:09:23] Eu recomendo usar o ext4 se tem suporte
[2017-05-22 02:11:08] Acho que deve ser possível
[2017-05-22 02:13:35] É só testar
[2017-05-22 02:14:37] Você pensa abrir ele?
[2017-05-22 02:29:26] Como assim?
[2017-05-22 02:31:25] Se abrir ele e fazer o conseguinte backup, pode fazer o que quiser depois sem medo nenhum
[2017-05-22 02:31:55] Abrir, eu quero dizer abrir ele fisicamente
[2017-05-22 02:41:23] Tenho um pouco de medo
[2017-05-22 09:57:00] Haha, implantes de lá besta 666
[2017-05-22 09:59:25] UAHuaHUAHuaHUAHUAHUAHUAHUAH gosto
[2017-05-22 10:10:56] Gente, como que eu faço para imprimir uma coisa no garoa na impressora 3D?
[2017-05-22 10:37:25] Vixe
[2017-05-22 10:38:50] photo: /home/felipe/devel/github_tvdstaaij/telegram-history-dump/output/media/Garoa_Hacker_Clube_(Público)/download_803734479_105510.jpg
[2017-05-22 10:43:28] uahuahuahua
[2017-05-22 11:39:10] Aparece por lá com o arquivo STL em uma sexta feira a noite que eu te ajudo
[2017-05-22 11:39:27] Eu normalmente chego perto das 21h nas sextas feiras no Garoa
[2017-05-22 11:40:07] Se vc puder levar o Cura é o RepetirtHost instalado no seu PC ajuda bastante
[2017-05-22 16:04:22] Livro gratuito reúne estudos sobre cultura e sociedade "dataficada" | IBPAD
http://www.ibpad.com.br/blog/livro-gratuito-reune-estudos-sobre-cultura-e-sociedade-dataficada/
[2017-05-22 16:06:30] O direito e a falta de um “Vale do Silício brasileiro” – JOTA
https://jota.info/colunas/up-direito-das-startups/o-direito-e-a-falta-de-um-vale-do-silicio-brasileiro-22052017
[2017-05-22 17:12:09] Daniel Zaia Manzano joined
[2017-05-22 17:12:10] Hi Daniel !
[2017-05-22 18:16:47] Edgard Leite joined
[2017-05-22 18:16:51] Hi Edgard !
[2017-05-22 18:32:35] Aproveitando o comentário do Ian, eu também tenho interesse em conhecer e aprender mais sobre impressão 3D, "entrei na bota" e baixei os apps informados e estou configurando e estudando um pouco antes de ficar aborrecendo vocês... Qual o modelo da impressora para eu poder pré configurar o Cura ?
[2017-05-22 18:33:16] qual
[2017-05-22 18:33:24] se for a tato baby, https://garoa.net.br/wiki/Baby_Esponja
[2017-05-22 18:33:31] eeee wiki eeee
[2017-05-22 18:39:18] Salve Erin, Obrigado pelo link, só conheci a bolinho de chuva a alguns anos atrás e meio que não consegui ver ela operando corretamente (só bugava a impressão)
[2017-05-22 18:46:18] Pessoa gostaria de perguntar se existe alguma possibilidade de estudar hardware e manutenção sozinho ... é possível e como faço? Tipo procurar conteúdo tá beleza, mas não tenho recursos ou equipamentos aí fica difícil :(
[2017-05-22 18:52:07] assim como pra estudar a tocar violao, tu precisa de um pra tocar
[2017-05-22 18:57:13] E precisa pesquisar sobre e ir tentando tocar do sei jeito
[2017-05-22 19:03:07] Entendo
[2017-05-22 19:40:03] Estudo inicial para impressão 3D realizado, todos os Apps solicitados foram instalados e configurados, desenhei um sofá pra polly (micro boneca que minha filha gosta), gerei o GCode e creio que agora seja mais proveitoso o tempo ai no Garoa... levo a pizza ou compro quando chegar ai ?
[2017-05-22 19:40:30] cerveja pode?
[2017-05-22 19:40:49] pode
[2017-05-22 19:41:17] poucas coisas nao pode no garoa
[2017-05-22 19:41:18] hash-tag "WILL 3D PRINT FOR FOOD"
[2017-05-22 19:41:20] tipo andar pelado
[2017-05-22 19:41:44] Não pode andar pelado quando tiver mais do que 1 pessoa no Garoa.
[2017-05-22 19:42:07] andar pelado pode tmb? o garoa tá mudado...
[2017-05-22 19:42:26] kkkkkkkk tá facil
[2017-05-22 19:45:15] o que seria o hacking sem a liberdade?
[2017-05-22 19:45:43] photo
[2017-05-22 19:45:55] @fernandoGuisso e seu Chip NFC no Futuro... rs
[2017-05-22 19:46:48] Hahahaha...
[2017-05-22 19:48:32] 😝
[2017-05-22 19:48:51] Teve uns 3 manos que enriqueceram com memes assim... não duvide do poder de uma plaquinha de papelão... BitCoin ainda é bizarro pra mim...
[2017-05-22 19:50:39] https://bitref.com/1DBqpfptUMizLDACvMVsrJFPdMtbgmZCk1

Já recebeu 0.35819444 até agora... hahahaha... vou fazer um meme com a minha carteira e espalhar...
[2017-05-22 19:51:25] ja eh 2mil reais
[2017-05-22 19:51:38] e nem precisou mostrar a cara
[2017-05-22 19:51:58] BTC 0.35819444 = BRL 2493.52
[2017-05-22 19:52:04] isso em 24 horas
[2017-05-22 19:52:44] PQP e eu no trabalho aprendendo a modelar 3D... vou pra casa comer pizza...
[2017-05-22 19:57:15] da pra ganhar mais que isso em um freela de 24hrs
[2017-05-22 20:00:42] Pode até dar... Mas o mano só tirou uma foto...
[2017-05-22 20:13:29] oi
[2017-05-22 20:36:37] Oir
[2017-05-22 20:51:29] Eu aprendi em um curso em meados da década de 90
[2017-05-22 20:52:28] A escola usava sucata no começo é só nas últimas aulas montamos com peças ok
[2017-05-22 22:58:41] O arquivo de configuração que utilizamos é o "Oda_0.9-organico.ini" (tem para baixar no link que Erin mandou.

Quanto a gerar GCode, a gente faz isso na hora de imprimir lá no garoa para evitar imprevistos com Gcodes errados.
[2017-05-22 22:58:53] também é bom dar uma olhada no tempo estimado de impressão
[2017-05-22 22:59:04] dependendo da peça pode demorar muitas horas
[2017-05-22 23:00:05] se nao for pingente ou brinco ou anel
[2017-05-22 23:00:09] demora 2horas+
