[2016-12-20 00:14:36] Confira "The Code" na Netflix
www.netflix.com/title/80063658?source=android
[2016-12-20 00:14:47] E o que vcs acham disso?
[2016-12-20 00:15:28] Pra mim que sou leigo em matemática ajuda a visualizar conceitos
[2016-12-20 00:16:41] Acho matemática fascinante mas tive péssimos professores desde sempre e nunca aprendi direito 😭
[2016-12-20 00:42:06] Eu estou muito bêbada ou esse grupo endoidou enquanto eu estava com minha piña colada? Bom, conheço o Tausk, Ubiratan e o Nilson. Aliás, tive aulas com os três. Etnomatemática pode sim ser considerada uma área de pesquisa a se respeitar, só não tem nada de matemática nisso. Como sofri bullying do Oda por ter estudado teoria dos números, acho que ele discorda em relação à somente respeitar quem estudou tal área.
[2016-12-20 00:47:47] Em relação à matemática dos índios, quando eu estudava epistemologia, estudei como era a "álgebra" de algumas tribos e como evoluíram ou não. Até visitei aldeias pra conversar com o povo. Muitos dos, por assim dizer, axiomas entravam em contradição e não evoluía, um dos motivos de ser tão arcaico e não terem avançado para pontos mais interessantes. Então, acredito sim que "2+2=5" para alguém da mesma forma que 3 é infinito para outros grupos. Só não acho que isso é matemática.
[2016-12-20 00:48:10] 15 Years Ago, Most People Wouldn't Have Imagined These https://imgur.com/gallery/fcdpq
[2016-12-20 00:48:28] Tem um membro do Garoa na lista 😁
[2016-12-20 00:48:48] Pelo menos está com a camiseta
[2016-12-20 01:29:32] Fernando joined
[2016-12-20 01:29:33] Hi Fernando M. !
[2016-12-20 01:37:07] Hahahaha
[2016-12-20 01:37:18] perguntou por causa do ctf, né?
[2016-12-20 01:38:40] Não desenvolvemos não...
[2016-12-20 01:40:33] foi haahha
[2016-12-20 02:00:31] Não é membro. É o Rob Spencer, filmmaker conhecido como Eyeborg. Ganhou a camiseta quando veio para a Campus Party uns bons anos atrás
[2016-12-20 07:16:09] Hum... a foto é antiga então.
[2016-12-20 07:23:31] Não necessariamente, mas ele tem a camiseta há bastante tempo, desde 2012 quando esteve na Campus Party...
[2016-12-20 08:52:58] https://youtu.be/U2UloHO5Ubc
[2016-12-20 08:53:30] Método chines de multiplicação
[2016-12-20 10:59:44] photo: /home/felipe/devel/github_tvdstaaij/telegram-history-dump/output/media/Garoa_Hacker_Clube_(Público)/download_803702968_22674.jpg
[2016-12-20 11:00:38] hehe essa é das antigas :)
[2016-12-20 11:01:20] 8-4-4
[2016-12-20 11:01:56] 5+4=9 :)
[2016-12-20 11:05:54] Se valer inequação... 6-4 <= 4
[2016-12-20 11:06:10] é, pelo jeito tem mais de uma solução.
[2016-12-20 11:07:26] 5 - 4  <= 4
[2016-12-20 11:08:26] Olá
[2016-12-20 11:08:55] inequação não vale.. é equação :)
[2016-12-20 11:09:01] Desculpem caso tenha sido rude ontem
[2016-12-20 11:09:34] Rodrigo, aí você mexeu em mais de um palito
[2016-12-20 11:10:00] 4 == 100
[2016-12-20 11:10:36] Acertar a equação não significa necessariamente mantê-la como uma equação... Por mais o ato de acertar faça a coisa deixar de ser uma equação, agora ela está certa. A coisa em si ainda existe.
[2016-12-20 11:10:48] É tipo "pinte a bola azul de vermelho"
[2016-12-20 11:11:12] Ops
[2016-12-20 11:11:54] 8-4= 4 :D
[2016-12-20 11:13:48] 5 + 4 = 9 tira o palitinho do 6 ali e coloca no 4  sUHDHUASHUDau
[2016-12-20 11:14:09] no resultado
[2016-12-20 11:14:47] 0+4
[2016-12-20 11:14:59] tbm pensei nessa Cássio saduhashud
[2016-12-20 11:15:20] Essa não tinha visto. :)
[2016-12-20 11:15:23] só mexer 1 palito rs muda o 6 p 0 rs
[2016-12-20 11:15:56] pior que da para você com 1 palito alterar até o resultado kkkkkk
[2016-12-20 12:16:18] que eu saiba tem 3 soluções possíveis na equação + a solução "fora da caixa" da Yumi 🙂
[2016-12-20 12:34:58] Achei esses:
0 + 4 = 4
5 + 4 = 9
8 - 4 = 4
6 - 4 ≠ 4
[2016-12-20 12:36:21] No caso o último é uma inequação... então não vale, né?
[2016-12-20 12:38:55] Parece válido, foi ou não foi Arnaldo?
[2016-12-20 12:43:56] Hehe considero válido, apenas pela diversão 😁
[2016-12-20 12:44:07] Se for de cabeça para baixo:
h = h + 0 😜
[2016-12-20 12:47:21] Ou 5 + H = 4, sendo H = -1.
[2016-12-20 13:02:28] Acho que já comecei a viajar na maionese... hahahaha...
[2016-12-20 13:15:35] se quiserem umas brincadeiras mais matematicas de verdade: http://www.obm.org.br/opencms/provas_gabaritos/
[2016-12-20 14:47:39] Lembre:
Hoje tem reunião do CMC
https://garoa.net.br/wiki/Reuni%C3%A3o_de_20/12/2016

Sempre na sede do Garoa, a partir das 19:30,
[2016-12-20 15:07:45] hoje tem reunião do cmc no garoa
[2016-12-20 15:08:09] também vai ter o encontro de estudos de programação?
[2016-12-20 15:13:33] http://www.newark.com/game-on-pi?CMP=e-email-SEPO-201216-RPIProjects&et_cid=28635541&et_rid=1359745132&cmp=
[2016-12-20 15:14:58] @fsanches
[2016-12-20 15:15:30] Mame rodando no rpi
[2016-12-20 15:15:57] Não consegui testar por falta de memory card (o meu deu pt)
[2016-12-20 15:37:14] /pvt
[2016-12-20 15:37:50] Alguém tem alguma documentação de debounce pra arduino?
[2016-12-20 15:39:00] debounce: lê trigger, espera x milissegundos, se estado = trigger, ativa função
[2016-12-20 15:46:24] Eu sei mas não tô conseguindo aplicar essa caceta hahaha
[2016-12-20 15:58:06] coloca um capacitor em paralelo
[2016-12-20 15:58:58] Tenho 3 botões com funções diferentes 1 start/stop 1 pra mudar o sentido e 1 pra velocidade
[2016-12-20 15:59:07] capacitor +1
[2016-12-20 15:59:10] tinha esquecido
[2016-12-20 15:59:20] tem a solução em software e tem a em hardware
[2016-12-20 16:00:16] bota um capacitor (o que vc tiver ai) em paralelo com cada botao
[2016-12-20 16:01:03] Alguém que entenda de pvfs2?
[2016-12-20 16:01:29] se a capacitancia for muito alta o botao fica menos "sensivel" (o sinal vira tipo uma rampa bem inclinada e ai demora para passa o threshold)
[2016-12-20 16:01:36] mas funciona
[2016-12-20 16:02:45] photo: /home/felipe/devel/github_tvdstaaij/telegram-history-dump/output/media/Garoa_Hacker_Clube_(Público)/download_803734913_1444.jpg
[2016-12-20 16:04:15] photo: /home/felipe/devel/github_tvdstaaij/telegram-history-dump/output/media/Garoa_Hacker_Clube_(Público)/download_803729592_122813.jpg
[2016-12-20 16:04:25] ignora os valores
[2016-12-20 16:16:54] ignora os valores, arredonda pi pra 3...
[2016-12-20 16:17:40] dá pra tirar resistor se você trocar vcc por gnd e usar input_pullup
[2016-12-20 16:44:36] HAUHUA eu não entendi mto bem
[2016-12-20 16:44:39] mas vou tentar
[2016-12-20 16:52:49] Se quiser todo o trabalho mastigado tem a biblioteca Bounce2 :) 
https://github.com/thomasfredericks/Bounce2
[2016-12-20 16:52:50] thomasfredericks | Bounce2

Debouncing library for Arduino or Wiring

Language: C++
Forks: 58
Stars: 117
Issues: 5
[2016-12-20 16:55:05] @SandroFriedland Eu tentei usar esse Bounce mas não consegui tambe
[2016-12-20 16:55:07] tambem
[2016-12-20 16:55:22] mas vou estudar um pouco mais pra tentar fazer funcionar
[2016-12-20 16:55:52] provavel que seja alguma parte do código que eu deixei passar
[2016-12-20 16:57:25] tem cara de bug. veja se não está rolando alguma fuga de corrente no circuito.  ou se tem algum motor funcionando muito perto dos botões.
[2016-12-20 16:58:06] como eu faço pra testar isso?
[2016-12-20 16:59:08] e como eu faço pra mostra o codigo pra você dar uma olhada, se puder claro
[2016-12-20 16:59:14] mostrar*
[2016-12-20 18:09:53] gist.github.com
[2016-12-20 18:10:17] Ou pastebin.com
[2016-12-20 18:14:07] qual o site onde eu posso montar o skatch do circuito do arduino?
[2016-12-20 18:14:16] da protoboard
[2016-12-20 18:36:17] Circuito.io
[2016-12-20 18:36:22] Eu conheço esse online circuits.io/
[2016-12-20 18:36:34] Foram mais rápidos hahah'
[2016-12-20 18:41:04] vlw
[2016-12-20 19:10:34] chegando no garoa logo mais, tem pizza?
[2016-12-20 19:10:34] tem taubacana?
[2016-12-20 19:15:31] @mynameiserin tá indo pro garoa?
[2016-12-20 19:18:13] cmc
[2016-12-20 19:18:18] Sim, está no Frigobar...
[2016-12-20 19:18:23] chegando em Pinheiros
[2016-12-20 19:18:43] uhuu
[2016-12-20 19:27:09] Cleiton Almeida joined
[2016-12-20 19:27:10] Hi Cleiton !
[2016-12-20 19:30:12] Pessoal do CMC, recomendo entrar pela biblioteca... a sala de eletrônica está lotada...
[2016-12-20 19:40:47] Alguém já conseguiu o código fonte de um Intelbras? A tplink e dlink entregam por ter GPL. Não consigo achar no site da Intelbras.
[2016-12-20 19:41:41] 300 membros!
[2016-12-20 19:41:42] What are you talking about? Please explain.
[2016-12-20 19:53:46] :-S
[2016-12-20 19:59:45] Erin, avisa que estou chegado, por favor? Rodízio...
[2016-12-20 20:01:18] avisado
[2016-12-20 20:01:37] acho que ainda não temos quórum
[2016-12-20 20:02:53] Valeu
[2016-12-20 20:03:55] temos sim
[2016-12-20 20:04:02] mas ninguém começou ainda
[2016-12-20 20:06:13] Chego em 20 min
[2016-12-20 20:08:41] Estou online
[2016-12-20 20:11:25] photo: /home/felipe/devel/github_tvdstaaij/telegram-history-dump/output/media/Garoa_Hacker_Clube_(Público)/download_803729813_122372.jpg
[2016-12-20 20:14:18] document: /home/felipe/devel/github_tvdstaaij/telegram-history-dump/output/media/Garoa_Hacker_Clube_(Público)/download_120138932577894572.webp
[2016-12-20 20:38:16] https://www.youtube.com/watch?v=8pcWlyUu8U4
[2016-12-20 20:47:51] Quero pizza
[2016-12-20 20:48:23] Vão pedir? Pode me incluir
[2016-12-20 20:53:41] Ja ta incluso
[2016-12-20 20:57:19] B@rr0$ joined
[2016-12-20 20:57:20] Hi B@rr0$ !
[2016-12-20 21:23:39] photo: /home/felipe/devel/github_tvdstaaij/telegram-history-dump/output/media/Garoa_Hacker_Clube_(Público)/download_803729871_123347.jpg
[2016-12-20 21:25:00] @Gutemhc
[2016-12-20 21:25:39] AR joined
[2016-12-20 21:25:39] Hi M@lucB€l€z@ !
[2016-12-20 21:41:41] Giovani Rossi joined
[2016-12-20 21:41:41] Hi Giovani !
[2016-12-20 21:43:06] Kkkk
[2016-12-20 21:43:08] photo: /home/felipe/devel/github_tvdstaaij/telegram-history-dump/output/media/Garoa_Hacker_Clube_(Público)/download_803729468_123899.jpg
[2016-12-20 21:45:04] Tá faltando o cigarro e a coca cola
[2016-12-20 21:55:19] ❤️
[2016-12-20 21:56:58] Alguém pede pro ateiro salvar a ata pra povada acompanhar aqui?
[2016-12-20 21:58:12] Salvada
[2016-12-20 21:58:21] Parando pra pizza
[2016-12-20 22:01:26] photo: /home/felipe/devel/github_tvdstaaij/telegram-history-dump/output/media/Garoa_Hacker_Clube_(Público)/download_803735128_1788.jpg
[2016-12-20 22:02:19] Muito zoero o livro do octave/levenspiel
[2016-12-20 22:29:44] Tiago Silva joined
[2016-12-20 22:29:44] Hi Morgareth !
[2016-12-20 22:38:12] Marcelo Henrique joined
[2016-12-20 22:38:13] Hi Marcelo !
[2016-12-20 22:43:43] Voltamos. Discutindo CGI
[2016-12-20 22:45:13] Luizfsn9 joined
[2016-12-20 22:45:14] Hi Luizfsn9 !
[2016-12-20 22:46:03] Parabéns, Yumi. Eleita como representante do Garoa.
[2016-12-20 22:46:49] 👏👏👏👏
[2016-12-20 22:46:51] unanimemente
[2016-12-20 22:58:20] @Gutemhc vai salvando a ata de tempos em tempos pra não dar besteira (e pra podermos acompanhar :))
[2016-12-20 23:03:09] Apesar da frase óbvia novos sócios, não ficou claro que foram aprovados.
[2016-12-20 23:03:18] deixe claro se ainda não encerrou a ata
[2016-12-20 23:16:07] Finalizada
[2016-12-20 23:20:31] 😁😁😁
