[2017-06-12 15:29:59] @Biazzotto teremos grupo de estudo hoje? Vc vai?
[2017-06-12 15:30:08] #Dica #Curso
Galera, quem estiver interessado no curso "Aprendendo SVG do Início ao Avançado", a Udacity está com uma promoção show:

1. Entre no link do curso:
https://www.udemy.com/aprendendo-svg-do-inicio-ao-avancado

2. Clique em "Possui cupom?".

3. Digite SVGDOIDO.

O valor do curso irá cair de 200 reais para 25 reais.
[2017-06-12 15:30:24] Sim, vou.
[2017-06-12 15:31:11] 👍
[2017-06-12 15:32:07] te mandei um PVT.
[2017-06-12 15:43:46] Mt bom alias, esse cara manja mt de SVG
[2017-06-12 15:47:36] alguem manja um roteador com maior potencia em miliwatts?
[2017-06-12 15:49:03] Alfa
[2017-06-12 15:49:53] $[
[2017-06-12 15:49:57] $
[2017-06-12 15:51:28] no ML tem ? pq tudo que eu busco ele joga outras marcas  :(
[2017-06-12 15:52:02] ai tu ta pedindo mt mastiga, talvez se tiver bonzinho, mais tarde eu procurei pra vc
[2017-06-12 15:52:13] hahaha
[2017-06-12 15:52:18] eu perguntei router
[2017-06-12 15:52:22] nao placa
[2017-06-12 15:52:23] :P
[2017-06-12 15:52:30] da alfa soh to achando adaptador wireless
[2017-06-12 15:52:39] rsrs
[2017-06-12 15:53:49] ML é tenso, mas q eu saiba Alfa tem router tb
[2017-06-12 15:55:03] Tendi
[2017-06-12 15:55:09] To caçando aqui
[2017-06-12 15:55:11] valeu!
[2017-06-12 15:56:19] Eles fazem , mas como nao eh pra mim, tem que ser um que ja esteja no BR e seja tao bom quanto
[2017-06-12 15:56:25] pode custar ateh uns 500 reais
[2017-06-12 15:56:41] se tiver 1000miliwatts (melhora o alcance no apartamento neh)
[2017-06-12 15:58:19] pera
[2017-06-12 15:58:29] achei q era pra hacker, se for pra usuario normal
[2017-06-12 15:58:43] acho q tem uma tplink q da conta de fritar paredes de ape
[2017-06-12 15:59:27] Roteador Tp-link 300m Tl-wr841hp Antenas 8dbi Wifi 1000mw
[2017-06-12 15:59:33] esse eh 1000mw
[2017-06-12 15:59:50] ele tah com 1 multilaser la que deve ser 100mw
[2017-06-12 15:59:51] rsrsrs
[2017-06-12 16:02:05] procura algo ai sobre roteador de 2km, lembro q tinha um artigo br
[2017-06-12 16:02:27] achei dhora, mas deve da pra fazer popoca em cima dele
[2017-06-12 16:04:38] Eu tenho um TP-Link TL-WR840HP, mas não é dual, somente 2.4 GHz... 1 watt de potência...
[2017-06-12 16:31:13] 300mbps?
[2017-06-12 16:31:44] Se fizer popoca quebra o router mano, talvez pipoca, ou cozinhar um pudim hahaha
[2017-06-12 17:07:57] Sim...
[2017-06-12 17:12:12] Vc tah vendendo @Biazzotto ?
[2017-06-12 17:17:08] Não, é o que eu uso em casa, e estou gostando muito.
[2017-06-12 17:59:40] Talvez sobrem uns biscoitos pra quem vier pro grupo de estudos de Python hoje...
[2017-06-12 17:59:54] photo: /home/felipe/devel/github_tvdstaaij/telegram-history-dump/output/media/Garoa_Hacker_Clube_(Público)/download_803112138_70386.jpg
[2017-06-12 18:04:53] Putz
[2017-06-12 20:20:11] Sérgio Murilo joined
[2017-06-12 20:20:12] Hi Sérgio !
[2017-06-12 20:25:23] http://www.instructables.com/id/A-Universal-RFID-Key/
[2017-06-12 20:34:48] Olá, pessoal! Alguém do grupo é interessado em Biologia Sintética?
[2017-06-12 20:44:52] Curto, mas nao manjo nd
[2017-06-12 20:45:15] Tô tentando movimentar o biohacking denovo no Garoa, vamo ver se vira
[2017-06-12 20:46:33] po, estou no mesmo barco. Só na teoria, por enquanto. Tentando encontrar alguém pra aprender como sair da teoria
[2017-06-12 20:50:26] Tenho até visto como ir pra a prática e tentar o básico em casa mesmo, mas não sei onde comprar o material necessário aqui no Brasil.
[2017-06-12 21:16:11] Dia 28 tem, só chegar
[2017-06-12 21:26:10] Massa! Por enquanto, só aqui mesmo pq moro distante, sou de Pernambuco.
[2017-06-12 21:51:30] Esdras Sarmento joined
[2017-06-12 21:51:30] Hi Esdras !
[2017-06-12 21:52:18] Print  ("Olá garoeiros")
[2017-06-12 22:09:48] Eita preula
[2017-06-12 22:11:01] Oxe e eu da Paraiba kkk
[2017-06-12 22:11:17] Kkkkk
[2017-06-12 22:12:30] Como funciona o biohacking Fernando?
[2017-06-12 22:16:00] https://garoa.net.br/wiki/Biohacking
[2017-06-12 22:28:59] Interessante...
[2017-06-12 22:29:57] Alguém do club se interessa por computação musical?
[2017-06-12 22:30:56] alguem conhece um livro gratis de css ?
[2017-06-12 22:33:40] Eu vi um artigo de um rapaz chamado Juca sobre tutorial em software livre... ele está por aqui
[2017-06-12 22:33:40] ?
[2017-06-12 22:39:37] Tem uma galera tb https://garoa.net.br/wiki/Synths,_Drums_and_Hack
[2017-06-12 22:40:51] @fsanches
