[2016-07-05 09:36:23] pior q parece o Tony em primeiro plano!
[2016-07-05 09:51:53] Vdd
[2016-07-05 17:26:29] photo: /home/felipe/devel/github_tvdstaaij/telegram-history-dump/output/media/Garoa_Hacker_Clube_(Público)/download_803732630_15832.jpg
[2016-07-05 17:26:42] São os Agentes do Cinza
[2016-07-05 17:33:25] Os caras estao apagando a lousa para a gente escrever de novo
[2016-07-05 17:34:07] Ah que bom
[2016-07-05 17:34:40] Pior seria se estivessem tirando as coisas de madeira
[2016-07-05 17:35:09] Alias, onde eh isso?
[2016-07-05 17:36:52] placa diz marechal deodoro
[2016-07-05 18:30:34] Garoa up and running
[2016-07-05 18:31:04] Hoje tem Hackaton do Pixelated
[2016-07-05 18:32:16] https://garoa.net.br/wiki/Pixelated
[2016-07-05 19:03:43] daora!
[2016-07-05 19:05:10] eu tentei usar, mas confesso q não vi diferença entre QQ outro cliente web de email. não vi onde colocar as chaves, e TB não está claro se o provedor do serviço detém a chave privada, o q seria ruim. de todo modo, uma ótima iniciativa (tanto o projeto quanto a hackathon)
[2016-07-05 20:04:42] @michaelhoward9 , eu vi essa Ted Talk, adorei e achei a sua cara...
A highly scientific taxonomy of haters
https://www.ted.com/talks/negin_farsad_a_highly_scientific_taxonomy_of_haters
[2016-07-05 20:05:23] (No final das contas, a palestra tem pouco a ver c o título)
[2016-07-05 20:30:18] Alguém sabe porque estamos com 3 redes Wi-Fi no Garoa... instalaram outro roteador?
[2016-07-05 20:31:10] document: /home/felipe/devel/github_tvdstaaij/telegram-history-dump/output/media/Garoa_Hacker_Clube_(Público)/download_272479773299573081.webp
[2016-07-05 21:25:18] document: /home/felipe/devel/github_tvdstaaij/telegram-history-dump/output/media/Garoa_Hacker_Clube_(Público)/download_803726840_15790.jpg
[2016-07-05 21:29:48] ☺️
[2016-07-05 21:50:07] photo: /home/felipe/devel/github_tvdstaaij/telegram-history-dump/output/media/Garoa_Hacker_Clube_(Público)/download_285892071401720618.webp
[2016-07-05 21:50:45] Não basta deixar a pia suja... Largaram um LIMÃO PODRE dentro da pia 😳
[2016-07-05 22:52:09] que feio!!!
[2016-07-05 22:52:44] document: /home/felipe/devel/github_tvdstaaij/telegram-history-dump/output/media/Garoa_Hacker_Clube_(Público)/download_272479773299573161.webp
[2016-07-05 23:03:59] Fabricio Biazzotto ☂ added 
[2016-07-05 23:31:28] g0ttfrid joined
