[2017-05-21 06:17:20] Placar as 6 da manh칚 do CTF da BSidesSP (ap칩s 16h de jogo):
[2017-05-21 06:17:25] photo: /home/felipe/devel/github_tvdstaaij/telegram-history-dump/output/media/Garoa_Hacker_Clube_(P칰blico)/download_803115360_55822.jpg
[2017-05-21 07:14:57] Caramba... 游녪游녪游녪 ae galera
[2017-05-21 10:50:36] hay gratis hosting en BRasil?
[2017-05-21 10:55:17] Sim, tem a Hostinger:
http://api.hostinger.com.br/redir/854854
[2017-05-21 10:55:53] parece que hostinger ya es un monopolista de hosting en internet
[2017-05-21 11:02:15] Monopolista gratuito... n칚o conhe칞o ningu칠m que pague...
[2017-05-21 12:05:57] photo: /home/felipe/devel/github_tvdstaaij/telegram-history-dump/output/media/Garoa_Hacker_Clube_(P칰blico)/download_803110168_75104.jpg
[2017-05-21 14:41:20] Algu칠m aqui que usa o app 99 poderia me enviar um cupom de desconto?
[2017-05-21 15:46:06] * Galera, logo mais na BSides, miniauditorio no andar t칠rreo, implante de NFC pelo mestre @Gutemhc AO VIVO!!!!! *
[2017-05-21 17:11:31] O cabify t치 com uma boa promo칞칚o: Cabify: Se voce ja sabe quem tem a melhor qualidade, nao se conforme com uma experiencia que nao seja 100. Use o codigo #EUEXIJOQUALIDADE e ganhe 50% off em 10 corridas em SP pedidas e encerradas entre 10h00 e 16h00 e entre 20h00 e 23h59, ate 16h de 21/05. Invalido para contas corporativas. (p/ sair envie PARE)
[2017-05-21 17:13:05] 99 n칚o tem cupom igual o Uber, mas ta rolando 30%off no 99pop
[2017-05-21 18:00:22] photo: /home/felipe/devel/github_tvdstaaij/telegram-history-dump/output/media/Garoa_Hacker_Clube_(P칰blico)/download_804740708_26841.jpg
[2017-05-21 18:01:10] 칄 um cupom assim... s칩 vale para a primeira corrida do usu치rio. E ser치 a minha primeira.
[2017-05-21 18:33:38] no meu app n칚o aparece nada para compartilhar, estranho isso
[2017-05-21 18:33:47] http://www.99taxis.com/amigos99/ aqui diz que a promo칞칚o j치 acabou
[2017-05-21 18:40:09] document: /home/felipe/devel/github_tvdstaaij/telegram-history-dump/output/media/Garoa_Hacker_Clube_(P칰blico)/download_41149003626184934.webp
[2017-05-21 18:40:17] document: /home/felipe/devel/github_tvdstaaij/telegram-history-dump/output/media/Garoa_Hacker_Clube_(P칰blico)/download_41149003626184974.webp
[2017-05-21 18:40:33] document: /home/felipe/devel/github_tvdstaaij/telegram-history-dump/output/media/Garoa_Hacker_Clube_(P칰blico)/download_135158025190114517.webp
[2017-05-21 18:59:33] Veja no app 99, menu Meios de Pagamento, Corridas Gr치tis... l치 aparece o c칩digo promocional.
[2017-05-21 19:15:11] photo: /home/felipe/devel/github_tvdstaaij/telegram-history-dump/output/media/Garoa_Hacker_Clube_(P칰blico)/download_803111200_74805.jpg
[2017-05-21 19:17:06] photo: /home/felipe/devel/github_tvdstaaij/telegram-history-dump/output/media/Garoa_Hacker_Clube_(P칰blico)/download_251919897997607014.webp
[2017-05-21 20:15:45] N칚o sa칤 na foto
[2017-05-21 20:41:04] que pasa en Brasil? nuevo president etambien queiren sacar?
[2017-05-21 20:59:19] http://hackerculture.com.br/2017/05/implante-de-biochip-na-14a-bsides/
[2017-05-21 20:59:52] Desvirginando o menino @fernandoGuisso
[2017-05-21 21:26:14] que maneiro!
[2017-05-21 21:30:30] @Gutemhc rola de fazer isso no caipyra ??
[2017-05-21 21:36:36] cabaram os chips...
[2017-05-21 21:36:39] s칩 tinha dois
[2017-05-21 21:36:45] vou ver de importar mais
[2017-05-21 21:43:12] hahaha
[2017-05-21 21:43:26] perdi a chance
[2017-05-21 21:44:09] @Gutemhc sai fuma칞a mesmo quando fica perto do microondas
[2017-05-21 21:44:12] Hhhahahaahahahhahahhah
[2017-05-21 21:44:15] Brincadeira
[2017-05-21 21:44:27] O meu est치 zerooooo foi massa
[2017-05-21 21:59:05] hauahauhauaha
[2017-05-21 22:21:49] document: /home/felipe/devel/github_tvdstaaij/telegram-history-dump/output/media/Garoa_Hacker_Clube_(P칰blico)/download_50379188993000648.webp
[2017-05-21 22:27:36] Hahahahahahhh
[2017-05-21 22:29:34] document
[2017-05-21 23:01:58] S칩 siborgue
[2017-05-21 23:03:00] siborgue de evento :P
[2017-05-21 23:37:04] Galera prazer em conhece-los pessoalmente pela primeira vez
[2017-05-21 23:42:45] 游녨
[2017-05-21 23:43:06] Cheguei tarde no evento hoje, mas aproveite 1 palestra.
[2017-05-21 23:43:29] Gostei muito da palestra de Assembly no s치bado.
[2017-05-21 23:45:35] Traga mais, Cristina t치 loka para colocar um...
[2017-05-21 23:50:42] Opa. J치 temos uma meia d칰zia interessada
[2017-05-21 23:51:10] Ta na hora de abrir uma loja do Gutem j치 kkk
[2017-05-21 23:57:32] hehehe
[2017-05-21 23:58:10] os chips ainda tenho que importar, mas os im칚s estou vendo de fazer por aqui mesmo
[2017-05-21 23:59:55] eu quero ser cobaia
