[2017-06-19 00:47:36] devem fazer um dist-upgrade hj!
[2017-06-19 00:59:52] Vi alguém falando em fazer desenvolvimento no raspberry, vi agora o pyplate vou testar mais tarde
[2017-06-19 07:56:10] https://youtu.be/W6kEnyJOyhU
[2017-06-19 09:53:22] Olá a todos, se você quiser conhecer como o Machine Learning funciona e seus principais algoritmos, veja este vídeo: https://youtu.be/QSvMDvtdV6A
[2017-06-19 11:31:15] Alguém viu isto na lista de email? 
<<Olá, pessoal,

Estou em fase de finalização da minha tese de doutorado sobre a "Educação em Hackerspaces Brasileiros". 

O questionário no link abaixo foi elaborado com a ajuda do grande colega Gildásio Junior para ser preenchido por participantes de hackerspaces. 

Se vc faz parte, contribui ou apoia algum hackerspace brasileiro, peço que responda. São 19 questões, é bem rapidinho!
(sem contar que a diagramação está lindona! - valeu GJr) 

Clique aqui para responder
ou use o link https://gjuniioor.typeform.com/to/PtPr4F

Agradeço muito, muito, muito mesmo!
KaMenezes
RAUL HACKER CLUB/Salvador/BA
 >>
[2017-06-19 15:17:24] Obrigado!
[2017-06-19 15:41:57] i++
[2017-06-19 16:28:39] Galera, vocês tem alguma dica de kit protoboard + componentes eletronicos num preço legal?

Vi alguns no ml mas queria ver se tem mais opção
[2017-06-19 17:05:41] Alguém sabe se o evento Quebrando o Cerco do dia 24 agora vai rolar?
[2017-06-19 17:09:47] Sim, alguém sabe. @Gutemhc
[2017-06-19 17:15:56] Vai rolar Kumite3
[2017-06-19 17:18:42] Então o Quebrando o Cerco tem alguma nova data?
[2017-06-19 17:22:30] o QoC vai ser interrompido até agosto
[2017-06-19 17:22:44] no meio tempo o gutem estará trabalhando em um side-project
[2017-06-19 17:26:38] Ahh blz vlws 0/
[2017-06-19 21:35:43] ai galera quem tem rasppi 3 ai e pode me ajudar?
[2017-06-19 22:03:34] ✨BIBLIOTECA DIGITAL✨ 

Coletânea de arquivos ligados à diversas linguagens de programação. 

Site: Google Drive ( ainda incompleta)
Formato dos arquivos: rar, pdf, mp4 e muito mais! 
Tema: Linguagens de programação
Idioma: PT-BR

Link para download: https://drive.google.com/drive/folders/0B-zulyguujj8RXpXRGEwbk1FY1E
[2017-06-19 22:03:44] Utilidade pública...
[2017-06-19 22:04:52] fala ae
[2017-06-19 22:05:04] acabei resolvendo
[2017-06-19 22:05:09] n tava conseguindo bootar
[2017-06-19 22:05:13] ai baixei o NOOBS
[2017-06-19 22:05:14] blz
[2017-06-19 22:12:02] Noob detected
[2017-06-19 22:12:04] Hehehe
[2017-06-19 22:18:38] husauhsauhsauhsauhsauhsa
[2017-06-19 22:18:45] noob 4 ever
[2017-06-19 22:19:18] Juan Enrique joined
[2017-06-19 22:19:19] Hi Juan !
[2017-06-19 22:27:16] Http Internal Server Error
[2017-06-19 23:33:55] Pelo menos não colocou windows
