[2017-03-31 06:36:07] Eu vou comprar algum lençol vagabundo no extra
[2017-03-31 06:37:06] ⛄️
[2017-03-31 08:29:49] Tem piscina neh?
[2017-03-31 08:32:19] 15° ta de boa, todo mundo na piscina depous da meia noite hhehe
[2017-03-31 09:57:13] pessoal, alguem tem daqueles pig tail?
[2017-03-31 10:20:26] Sim, conheço! Eles são bem legais!
Comprei uns materiais pra fazer uns meios de cultivo DIY de bactérias e fungos pra fazer uma atividadezinha no Garoa intutulada "BATTLE OF SUBAQUERA"
[2017-03-31 10:20:41] (comming soon... on this summer)
[2017-03-31 10:21:18] é tipo umas coisas que eles fazem, mas que requer menos hardware
[2017-03-31 10:25:02] arduino day no ccsp vai ser gigante
[2017-03-31 10:25:10] tem 1000 inscritos
[2017-03-31 10:36:56] Uma turma do Garoa vai la fazer atividade mas com tanto publico, uns ajudantes a mais para ficar na mesa seria legal
[2017-03-31 10:40:21] http://arduinosaopaulo.cc/
[2017-03-31 10:40:44] Amanha à tarde vai ter bastante gente
[2017-03-31 10:57:43] 😱
[2017-03-31 11:38:56] @Belimawr @Gutemhc se quiserem trazer as coisas para montar o controle de arcade pode ser legal
[2017-03-31 11:39:23] nos deram uma mesa lá mas acho que vou conseguir duas. as mesas são na frente do fablab, tem 12 mesas com 10 cadeiras em cada
[2017-03-31 11:39:40] meio estilo campus party
[2017-03-31 13:17:31] Porém sem balões pendurados no teto
[2017-03-31 13:45:18] rsrsrs
[2017-03-31 13:50:16] Alguem já viu Ghost in the Shell?
[2017-03-31 13:53:19] Ainda não, mas vi que quem comprar ingresso pra Roadsec está ganhando dos ingressos pra ver o filme no cinema do Shopping Center 3, sessão das 20h00 do dia 03/04 (segunda).
[2017-03-31 14:00:12] Um brother viu e disse que é muito Loko....
[2017-03-31 14:00:54] Olha o que apareceu....
https://www.youtube.com/watch?v=JxWfvtnHtS0
[2017-03-31 14:02:56] Prefiro só o ingresso para o Filme mesmo... rs
[2017-03-31 14:03:21] Eu adoro o Anime. Vi todos os trailers que sairam e até uns Making of
[2017-03-31 14:03:31] Comprei pra ver hj
[2017-03-31 14:03:51] Tava na duvida entre 3D e normal
[2017-03-31 14:04:13] Pelo que li de review (gringo), não vale a pena o 3D
[2017-03-31 14:13:57] Acho que nenhum filme vale a pena 3d só pelo fato de usar aquele óculos zoado
[2017-03-31 14:14:02] Kkk
[2017-03-31 14:14:32] Avatar, o unico que foi pensado para ser 3D
[2017-03-31 14:15:01] https://youtu.be/gZNoUHwWIi0
[2017-03-31 14:15:13] Bem, pelo o que eu estou vendo
[2017-03-31 14:15:14] Cagaram
[2017-03-31 14:15:28] Colocaram umas cenas de ação do primeiro filme para dar nostalgia
[2017-03-31 14:15:49] E enganar que estavam fazendo um filme sobre ghost in the shell
[2017-03-31 14:15:59] Já até perdi a vontade de ver
[2017-03-31 14:16:00] Hahahahhaha
[2017-03-31 14:16:50] Qnd terminam de ve o anime querem vê um filme é imagina aquilo td na telona do cinema aí reclama qnd não tem isso
[2017-03-31 14:17:08] Não
[2017-03-31 14:17:08] Se tem reclama das adaptações pra não perder dinheiro
[2017-03-31 14:17:29] Só acho que não eram para transformar em um filme só de ação
[2017-03-31 14:17:38] Não tem problema adaptar
[2017-03-31 14:18:07] Mas tem várias perguntas que a Motoko faz no filme que são chave para dar a densidade do assunto
[2017-03-31 14:18:21] Só isso mesmo, podem adaptar e tal
[2017-03-31 14:18:49] Se fosse para manter esses diálogos mais densos tirando cenas que lembram a animação de 1995
[2017-03-31 14:18:58] Tudo bem
[2017-03-31 14:19:47] Eu acho mímimi demais só pra da view no YouTube
[2017-03-31 14:19:57] Não tem pq fazer um negócio igual ao anime
[2017-03-31 14:20:25] A única adaptação realmente zoada foi dragon ball
[2017-03-31 14:20:41] Pq eles erraram em querer seguir tudo ao pé da letra
[2017-03-31 14:20:42] Não precisa fazer algo igual ao anime, mas tbm não precisa fazer algo que nem fizeram com o Eu, Robô
[2017-03-31 14:20:43] THIS
[2017-03-31 14:21:32] Eu robô é um livro de crônicas do Asimov, nem tinha porque fazerem um filme
[2017-03-31 14:21:46] Esse é o ponto
[2017-03-31 14:22:15] Livro != Anime != Mangá
[2017-03-31 14:22:39] Tá, mas o ponto é, pegar coisas e assuntos densos de uma obra
[2017-03-31 14:22:47] Retirar tudo e cuspir ação somente
[2017-03-31 14:23:08] Façam a adaptação que quiserem 😔
[2017-03-31 14:23:19] Pq é um FILME de acao e não drama
[2017-03-31 14:23:30] Não é um live action
[2017-03-31 14:23:45] Pode ser um filme de ação mas pode ter um teor filosófico
[2017-03-31 14:23:54] Matrix 1 passa um pouco dos 2
[2017-03-31 14:24:32] A parte filosofica do Matrix foi criticado pra caramba
[2017-03-31 14:24:39] Foi a pior bilheteira
[2017-03-31 14:24:44] Ngm quer perder dinheiro
[2017-03-31 14:24:46] Não tô falando que é algo legal
[2017-03-31 14:24:52] E maravilhoso
[2017-03-31 14:25:00] A parte filosofica ta no anime
[2017-03-31 14:25:07] É, enfim é para ganhar dinheiro somente
[2017-03-31 14:25:11] No filme quero vê os efeitos massa morte tiro
[2017-03-31 14:25:41] Que é a parte legal de ir no cinema
[2017-03-31 14:25:53] Vê as caixas estourando com as bombas e barulhos
[2017-03-31 14:26:41] O que eu tô querendo dizer é que a experiência de vê o filme não precisa ser igual ao anime
[2017-03-31 14:27:10] Se a pessoa conheceu ghost in the Shell pelo filme
[2017-03-31 14:27:23] E gostou, Ela vai pesquisar mais e vê o anime
[2017-03-31 14:27:26] Resolvido
[2017-03-31 14:30:19] E também tem a questão de trazer novos fãs né
[2017-03-31 14:32:56] Ainda não contaram como fizeram pra pendurar
[2017-03-31 14:33:01] document: /home/felipe/devel/github_tvdstaaij/telegram-history-dump/output/media/Garoa_Hacker_Clube_(Público)/download_476026781787226364.webp
[2017-03-31 14:33:09] Descubra =)
[2017-03-31 14:34:00] document: /home/felipe/devel/github_tvdstaaij/telegram-history-dump/output/media/Garoa_Hacker_Clube_(Público)/download_858174108288942893.webp
[2017-03-31 14:45:24] nao sei se o filme eh bom, mas o review da mina ai eh bizarro
[2017-03-31 15:16:51] photo: /home/felipe/devel/github_tvdstaaij/telegram-history-dump/output/media/Garoa_Hacker_Clube_(Público)/download_803113336_28400.jpg
[2017-03-31 15:17:06] Godspeed you, Phrack...
[2017-03-31 15:22:11] qual site era esse ?
[2017-03-31 15:24:04] Me lembrou a série CSI Cyber..
[2017-03-31 15:41:50] phrack.org
[2017-03-31 15:47:30] 304183039b6f7a2595db858f05eab355
[2017-03-31 16:51:07] photo: /home/felipe/devel/github_tvdstaaij/telegram-history-dump/output/media/Garoa_Hacker_Clube_(Público)/download_803117781_28398.jpg
[2017-03-31 16:51:26] Essas são as mesas do Arduíno Day amanhã, no ccsp
[2017-03-31 16:56:04] Flag leak?
[2017-03-31 17:03:26] Show...
[2017-03-31 17:35:52] https://twitter.com/garoahc/status/847910025108627457
[2017-03-31 19:54:25] Só faltam os hackers
[2017-03-31 19:54:32] #ghcamp
[2017-03-31 19:54:58] photo: /home/felipe/devel/github_tvdstaaij/telegram-history-dump/output/media/Garoa_Hacker_Clube_(Público)/download_803116259_28658.jpg
[2017-03-31 19:56:49] vai da bom hein
[2017-03-31 20:03:41] Tem uma galera me perguntando de R... tai a dica http://curso-r.com/cursos/introducao-programacao-r/ tem até web scraping em R!!! Super indico!
[2017-03-31 20:45:33] Boa noite só vi agora... Ainda precisa?
[2017-03-31 20:47:45] Tem uns links de R vou passar
[2017-03-31 20:48:26] A bateria do celular está acabando, se ainda for precisar avisa que tenho
[2017-03-31 20:48:29] photo: /home/felipe/devel/github_tvdstaaij/telegram-history-dump/output/media/Garoa_Hacker_Clube_(Público)/download_803118938_28396.jpg
[2017-03-31 20:56:50] Sim!
[2017-03-31 20:57:03] Ta vindo?
[2017-03-31 21:01:51] Não, mas amanhã ao sair do serviço posso levar aí...
[2017-03-31 21:02:28] Ou se alguém que for e estiver passando por São Caetano pode pegar comigo
[2017-03-31 21:48:04] 😰😢😭 Com pesar que venho comunicar que a nossa querida Pipe teve um mal súbito e veio a óbito esta noite. Estou desconsolado ela estava brincando num momento e no outro não estava mais respirando.
[2017-03-31 21:49:16] 😱
[2017-03-31 21:49:18] 😢
[2017-03-31 21:59:47] document: /home/felipe/devel/github_tvdstaaij/telegram-history-dump/output/media/Garoa_Hacker_Clube_(Público)/download_826459275206328384.webp
[2017-03-31 22:08:35] Eita! Grep nunca será o mesmo sem Pipe...
[2017-03-31 22:09:48] ;)
[2017-03-31 22:49:24] Caralho Rodrigo... Meus sentimentos cara....
[2017-03-31 22:50:36] Obrigado
[2017-03-31 22:50:52] Meus pêsames
[2017-03-31 22:54:25] Já tem gente no Camp? Kd as fotos?
[2017-03-31 23:07:03] Meus pêsames
[2017-03-31 23:39:57] Vem logo po
[2017-03-31 23:39:57] photo: /home/felipe/devel/github_tvdstaaij/telegram-history-dump/output/media/Garoa_Hacker_Clube_(Público)/download_803114272_28904.jpg
