[2018-01-22 00:37:27] https://tech.slashdot.org/story/18/01/21/0047238/challenging-tesla-ferrari-will-build-an-electric-sportscar----and-an-suv
[2018-01-22 00:41:59] photo: /home/felipe/devel/github_garoa/Telegram_logs_Garoa_Hacker_Clube_Publico/media/Garoa_Hacker_Clube_(Público)/download_804724770_119840.jpg
[2018-01-22 00:42:02] #dica
[2018-01-22 00:52:58] photo: /home/felipe/devel/github_garoa/Telegram_logs_Garoa_Hacker_Clube_Publico/media/Garoa_Hacker_Clube_(Público)/download_806117798_29029.jpg
[2018-01-22 01:06:53] Hahhhahhaha
[2018-01-22 02:56:43] Pessoal....
Na mega-promo da Latam que acaba nessa 2a feira 8am, da para comprar o vôo para Vegas no período da Defcon por cerca de R$ 2800, com taxa, no vôo direto GRU - LAS !!!
Mas tem q correr, comprar antes das 8am
[2018-01-22 05:51:33] Opa e ai pessoal :)
[2018-01-22 07:28:51] As primeiras câmeras de televisão eram muito parecidas com isso
[2018-01-22 07:30:31] Automatizavam essa tarefa, claro, mas basicamente tinham um obturador que se deslocava mecanicamente por um sensor de um único pixel, serializando a imagem de forma mecânica
[2018-01-22 08:15:12] Este grupo já foi mais bem frequentado!!!
[2018-01-22 08:16:06] ;-)
[2018-01-22 08:20:28] https://archive.org/stream/electronictelevi00eckhrich#page/48/mode/thumb
[2018-01-22 11:08:09] Eu tenho interesse
[2018-01-22 11:08:18] Bora estudar?
[2018-01-22 11:23:56] Se alguém for ajudar na organização do Garoa avisa, pois teve um imprevisto e iremos hoje as 18h.
[2018-01-22 11:37:20] Bom dia galera !
[2018-01-22 11:37:29] Alguém com algum material bacana para pentest em APIs ?
[2018-01-22 12:23:33] Lembrando que hoje tem o encontro de MicroPython
[2018-01-22 12:24:08] Estou sabendo.
[2018-01-22 12:24:19] :)
[2018-01-22 12:25:21] Pretendo assistir alguma coisa também
[2018-01-22 13:33:08] Que horas?
[2018-01-22 13:38:48] garoa.net.br/wiki/Encontro_MicroPython
[2018-01-22 13:40:19] 19h+
[2018-01-22 14:57:14] 👍
[2018-01-22 15:09:08] e escolhe uma fonte unicode tbm. Senão vai ficar brincando com bytes no shell
[2018-01-22 15:23:35] Pessoal, boa tarde, estou atras de dois pentes de 4gb ddr3 1333 para notebook, se alguém tiver pra doar/vender ou indicar algum lugar que eu possa comprar a preço camarada, ficarei agradecido
[2018-01-22 15:49:03] Tenho 1 pente de 2GB e dois de 1GB, sei que não é o que procura mas as vezes interessa
[2018-01-22 15:49:19] se interessar avisa que vou procurar e passar a especificação
[2018-01-22 15:55:07] Tenho dois da kingston
[2018-01-22 15:56:35] Eu tenho duas memorias aqui mas nao sei a especificação
[2018-01-22 15:56:51] photo: /home/felipe/devel/github_garoa/Telegram_logs_Garoa_Hacker_Clube_Publico/media/Garoa_Hacker_Clube_(Público)/download_804727362_95511.jpg
[2018-01-22 16:16:13] photo: /home/felipe/devel/github_garoa/Telegram_logs_Garoa_Hacker_Clube_Publico/media/Garoa_Hacker_Clube_(Público)/download_806123604_27616.jpg
[2018-01-22 16:22:13] Oooops! :-D
[2018-01-22 16:50:12] ddr2
[2018-01-22 16:54:49] Isso é feito por SSTV
Slow Scan TV
[2018-01-22 16:59:34] Recomendo o site
http://www.radioescotismo.com.br/
Eles têm um ótimo manual sobre radiocomunicação e também vídeos explicativos no YouTube.
No site da LABRE-SP tem as provas da ANATEL com respostas.
[2018-01-22 17:10:10] Exame para Classe C é extremamente fácil
[2018-01-22 17:13:04] https://www.youtube.com/watch?v=3BJU2drrtCM
Falando em slow, lembrei desse vídeo no qual os caras filmam a tela de várias televisões, registrando de 1600 a 380000fps. conseguindo perceber até a linha sendo formada
[2018-01-22 18:45:27] Obrigado
[2018-01-22 18:48:45] https://tech.slashdot.org/story/18/01/22/1432240/facebook-says-it-cant-guarantee-social-media-is-good-for-democracy
[2018-01-22 18:51:14] O povo está bravo porque o Trump ganhou. Só isso.
[2018-01-22 18:52:29] Também. Talvez.... Mas certamente não só.
[2018-01-22 18:54:09] O problema que eu vejo é o seguinte. Não existe imparcilidade. Todo veículo vai transmitir as informações segundo as respectivas agendas.
[2018-01-22 20:13:45] Marcos André joined
[2018-01-22 20:31:53] Compartilhando
[2018-01-22 20:31:53] http://www.coolab.org/2018/01/20/coolab-camp-redes-livres-mao-na-massa/
[2018-01-22 21:01:10] Valeu, pareceu bem massa! Só nao me agrada a ideia de botar essas informações que eles pedem num form do google.. Vc conhece os organizadores diretamente?
