[2018-03-18 01:16:42] photo: /home/felipe/devel/github_garoa/Telegram_logs_Garoa_Hacker_Clube_Publico/media/Garoa_Hacker_Clube_(Público)/download_806122988_60983.jpg
[2018-03-18 01:17:14] Ligamos um dos Servers
[2018-03-18 01:17:28] colocamos uma bandeja
[2018-03-18 01:17:48] e nela colocamos o router da TIM e o raspberry
[2018-03-18 01:18:05] acima dela colocamos um "dumb" switch
[2018-03-18 01:18:32] nele tá ligado o RPi, o router branco, e o servidor
[2018-03-18 01:19:33] subimos um CentOs no Server
[2018-03-18 01:19:46] vamos mexer nos outros server e ver o que aproveita
[2018-03-18 01:19:52] e subir um Cluster Xen
[2018-03-18 01:20:41] O Cobalt Cube e o Tandy que estavam dentro do Rack estão na sala de jogos, na estante atras da porta (c/c @fsanches )
[2018-03-18 01:21:42] O Catalyst que estava em cima do Rack PROVAVELMENTE vai pro Depósito/Sala de Jogos
[2018-03-18 01:21:55] OK. Mas o Tandy era a caixa de som que tocava o alerta sonoro da hora de ir pro metrô, não era ?!
[2018-03-18 01:22:14] Substituimos por uma caixinha de som usb
[2018-03-18 01:22:20] menos "bulk"
[2018-03-18 01:22:30] ou seja vai pro depósito, dado que a Sala de jogos não é depósito (é de jogos) ;-)
[2018-03-18 01:23:02] Não necessáriamente, tem uma estante atras da porta que TALVEZ caiba
[2018-03-18 01:23:30] OK.
[2018-03-18 01:24:06] já que os MEMBROS ainda não moveram suas caixas do depósito para os gaveteiros
[2018-03-18 01:24:08] Só não deixe fora da estante por favor. Estou tentando evitar deixar que coisas se amontoem na sala como aconteceu no passado diversas vezes
[2018-03-18 01:24:54] Se não me engano, deadline final no fim desse mês #Gaveteiro
[2018-03-18 01:25:04] Claro
[2018-03-18 01:25:31] document: /home/felipe/devel/github_garoa/Telegram_logs_Garoa_Hacker_Clube_Publico/media/Garoa_Hacker_Clube_(Público)/download_38846012097298894.webp
[2018-03-18 01:26:13] Kudos para o @csm00108 que fez quase todo rolê do Rack
[2018-03-18 01:32:35] :-)
[2018-03-18 01:38:43] Não sei se Sampa é sempre úmido pra cacete igual ao Rio, mas esse piso de borracha costuma juntar energia estática pra caramba e se vocês usarem isso em um lab de eletrônicos pode acabar queimando algo sem querer.
[2018-03-18 04:35:44] photo: /home/felipe/devel/github_garoa/Telegram_logs_Garoa_Hacker_Clube_Publico/media/Garoa_Hacker_Clube_(Público)/download_806119025_61992.jpg
[2018-03-18 04:36:30] Aulinha prática de como funciona Modelo OSI e os Protocolos da Internet
[2018-03-18 05:51:09] photo: /home/felipe/devel/github_garoa/Telegram_logs_Garoa_Hacker_Clube_Publico/media/Garoa_Hacker_Clube_(Público)/download_806119059_61824.jpg
[2018-03-18 05:56:26] Deixei dentro do rack apenas o monitor e o teclado que estamos usando com o servidor e os switches que estamos usando na atividade de CTF
[2018-03-18 06:56:49] 👍❤👌👍❤👌👍❤👌😘
[2018-03-18 07:23:39] ❤️❤️❤️ obrigado @Gutemhc e @csm00108! Muito topperson!
[2018-03-18 10:42:32] já liberei a minha caixa pra quem quiser. não tem nada lá que eu tenha apego
[2018-03-18 10:42:43] faz meses que não vou ao garoa
[2018-03-18 12:20:05] photo: /home/felipe/devel/github_garoa/Telegram_logs_Garoa_Hacker_Clube_Publico/media/Garoa_Hacker_Clube_(Público)/download_806009711_6716.jpg
[2018-03-18 12:24:46] Alguém t3m o link de inscrição da bsides?
[2018-03-18 12:34:39] As inscrições só serão abertas dia 16/4
[2018-03-18 12:34:54] Esperamos para divulgar a agenda
[2018-03-18 12:35:14] Por enquanto o CFP está aberto #ficaadica
[2018-03-18 13:27:30] Valeu @anchisesbr
[2018-03-18 13:28:04] document: /home/felipe/devel/github_garoa/Telegram_logs_Garoa_Hacker_Clube_Publico/media/Garoa_Hacker_Clube_(Público)/download_422091437182550084.webp
[2018-03-18 14:38:45] document: /home/felipe/devel/github_garoa/Telegram_logs_Garoa_Hacker_Clube_Publico/media/Garoa_Hacker_Clube_(Público)/download_422091437182550047.webp
[2018-03-18 14:38:51] photo: /home/felipe/devel/github_garoa/Telegram_logs_Garoa_Hacker_Clube_Publico/media/Garoa_Hacker_Clube_(Público)/download_805512781_118501.jpg
[2018-03-18 14:38:51] Médico cirurgião
[2018-03-18 14:38:51] 😂😂
[2018-03-18 15:41:14] será que tem interesse pra aceleradoras 68020 pro amiga 600 no brasil?
[2018-03-18 15:41:45] tô cogitando projetar uma com um amigo ao invés de pagar 150 euros numa ACA630
[2018-03-18 15:45:21] minha dica: se for seguir essa linha, considere fazer apenas pelo amor ao projeto mão-na-massa e não por eventual oportunidade de negócio.
[2018-03-18 15:45:33] mas essa é a idéia
[2018-03-18 15:45:37] a pergunta é mais
[2018-03-18 15:45:43] ah ok
[2018-03-18 15:45:44] "fabrico uma pra mim ou alguém mais vai querer"?
[2018-03-18 15:45:52] ah saquei
[2018-03-18 15:46:15] deu a impressão de que era uma pesquisa de demanda comercial
[2018-03-18 15:46:21] não muito
[2018-03-18 15:46:31] a minha vai ser fabricada, isso é certeza
[2018-03-18 15:46:41] isso é mais uma pesquisa de se eu vou ter que fazer mais de uma
[2018-03-18 15:46:52] legal
[2018-03-18 15:47:02] se você quiser ajudar no projeto também :P
[2018-03-18 15:47:24] a idéia é usar uma FPGA pra servir de interface pra memória com a 68020 além de funções como maprom
[2018-03-18 15:47:58] a parte toda do projeto acho que vai ficar com o meu amigo, ele entende bem do 68k, e eu vou fazer a pcb
[2018-03-18 15:54:08] ftp://ftp:amiga@grandis.nu/Commodore_Amiga/Doc/Schematics/Kai68.7z
ftp://ftp:amiga@grandis.nu/Commodore_Amiga/Doc/App_Hardware/
bons recursos
[2018-03-18 16:00:15] gostei de saber que você conhece mais gente interessada em morotola 68k hoje em dia
[2018-03-18 16:00:41] mas no momento não vou assumir mais projetos, meu tempo livre já tá meio atolado
[2018-03-18 16:01:14] mas vai dando os relatos aqui do progresso. por que acho muito interessante esse tipo de projeto!
[2018-03-18 16:01:34] ajuda bastante o fato dele ser fluente em alemão haha
[2018-03-18 16:02:02] o zip ct.93.11.222-231.zip dentro do Kai68.7z tem esquemáticos e fonte GAL pra um adaptador 68k -> 68030
[2018-03-18 16:02:41] é trocar a GAL por uma fpga, adicionar RAM, programar uma função MAPROM e já dá pra bater de frente com a ACA630
[2018-03-18 16:07:01] eu tenho um amiga500 parado aqui em casa
[2018-03-18 16:07:27] preciso botar ele pra funcionar, antes de encarar coisas mais complexas
[2018-03-18 16:07:39] idem para o meu commodore 64...
[2018-03-18 16:08:25] em relação ao seu projeto, entendi vagamente do que se trata, mas me falta vivência com um Amiga600 para entender a real necessidade
[2018-03-18 16:08:53] necessidade: 68k é lento 😆
[2018-03-18 16:09:06] o 68020 já deixa ele bem mais usável em workbench
[2018-03-18 16:09:27] a memória extra permite maprom pra carregar outras kickstarts sem precisar gravar uma eeprom
[2018-03-18 16:09:48] além de servir como fastram ou chipram necessárias pra carregar jogos pelo whdload
[2018-03-18 16:10:03] essa foi a parte que eu compreendi  hahaha
[2018-03-18 16:10:26] a expansão no trapdoor te dá no máximo 2mb total de chiprom (que o meu tem) que não é suficiente pra alguns jogos por whdload
[2018-03-18 16:10:57] essa é a vivencia que eu não tenho
[2018-03-18 16:11:14] o 600 vem com kick 2.5 que roda amigaos 2.1, mas dá pra colocar kick 3.x pra amigaos 3.9, só que fica uma lesma no 68k stock
[2018-03-18 16:12:00] isso é algo que está fora da minha realidade por enquanto. Eu nem entendo direito o que significa
[2018-03-18 16:12:07] haha
[2018-03-18 16:12:16] to indo lá pro Garoa daqui a pouco
[2018-03-18 16:12:20] eu não sei a diferença bem entre fastram e chipram na arquitetura do amiga
[2018-03-18 16:12:26] acho que fazer alguma coisa no arcade
[2018-03-18 16:12:48] mas chipram é o que o whdload usa pra carregar o jogo na ram, pra rodar do hd ao invés do disquete
[2018-03-18 16:13:17] com 2mb total não rola muitos jogos, só alguns menores
[2018-03-18 16:13:32] ah!!! saquei! :-D
[2018-03-18 16:13:50] É... eu preciso disso hahaha
[2018-03-18 16:14:03] Disquetes são a razão do meu amiga 500 estar parado
[2018-03-18 16:14:13] fastram dá pra ser usada como maprom, que é substituir a kickstart da placa mãe por qualquer outra
[2018-03-18 16:14:34] carrega do hd, joga na fastram, mapeia pro espaço do kickstart e reboota
[2018-03-18 16:14:56] que legal!
[2018-03-18 16:15:22] com uma fpga dá pra mapear qualquer SDRAM da aceleradora pra fastmem ou chipmem, usando a fpga como controladora
[2018-03-18 16:15:55] essa é a idéia de ter uma aceleradora parruda tipo a aca630
[2018-03-18 16:16:01] nossa idéia é fazer algo similar
[2018-03-18 16:17:04] pro 500 teria que ter outra pcb, porque o 500 usa 68k no empacotamento DIP, é diferente
[2018-03-18 16:17:40] e os periféricos do 500 que gerenciam a memória e tal são outros
[2018-03-18 16:23:36] não... o que eu tava querendo dizer é que preciso de HD interno e whdload... pra me livrar dos disquetes
[2018-03-18 16:24:14] só de botar um compact-flash internamente já ajudaria, eu acho
[2018-03-18 16:24:22] sim.. mas pra usar whdload é necessário ter pelo menos uns 4mb de chipmem e um 68020
[2018-03-18 16:25:00] mas aí eu precisaria usar um drive compact-flash USB no meu laptop pra gravar mais coisas baixadas da internet, né?
[2018-03-18 16:25:12] é o que eu faço
[2018-03-18 16:25:22] linux monta AFFS sem problemas
[2018-03-18 16:25:26] xiii
[2018-03-18 16:25:43] uma solução mais barata é ou um drive usb da gotek
[2018-03-18 16:25:52] que substitui o floppy
[2018-03-18 16:26:12] ou gravar ADFs no hd e usar adf2disk pra gravar em disquete
[2018-03-18 16:26:15] que é o que eu faço
[2018-03-18 16:26:20] seu amiga600 fica com a carcaça sem parafusos pra vc trocar o compact-flash o tempo todo, ne?
[2018-03-18 16:26:31] tô pensando em fazer um slot na carcaça...
[2018-03-18 16:26:40] pois é...
[2018-03-18 16:26:45] eu tava pensando o mesmo
[2018-03-18 17:40:10] Alexsandro joined
