[2017-11-20 01:53:42] Tem mais informações ou só boatos?
[2017-11-20 02:12:01] Eu só lembro do caso da mulher do Rocelo Lopes da CoinBR
[2017-11-20 02:12:05] http://dc.clicrbs.com.br/sc/noticias/noticia/2017/05/faccao-de-sp-esta-por-tras-de-sequestro-com-pedido-de-resgate-em-bitcoins-em-florianopolis-9784765.html
[2017-11-20 07:16:07] Huehsu, mais fácil fazer pishing
[2017-11-20 07:16:07] A matéria fala em bitcoin mas o resgate era em outras moedas
[2017-11-20 08:28:08] Ca4ti Ti added Gustavo Grecco
[2017-11-20 08:28:09] Hi Gustavo !
[2017-11-20 08:28:16] Ca4ti Ti added Junior Lima
[2017-11-20 08:28:16] Hi Junior !
[2017-11-20 08:58:12] 👍
[2017-11-20 09:10:18] document: /home/felipe/devel/github_garoa/Telegram_logs_Garoa_Hacker_Clube_Publico/media/Garoa_Hacker_Clube_(Público)/download_307658858283663385.webp
[2017-11-20 09:30:04] Sim, tem mais informações e todos os três casos foram reais.
[2017-11-20 09:43:55] A bandidagem está colocando o dinheiro todo no bitcoin.
[2017-11-20 13:26:57] Bitcoin é mais transparente que qualquer outra instituição financeira que exista hoje em dia. Se estão fazendo isso, são burros.
[2017-11-20 13:47:26] na notícia fala que eles pediram o dinheiro em zcash
[2017-11-20 13:48:32] e mesmo se eles pedirem em bitcoins, eles não poderiam mandar para uma carteira privada, fazer intercambio de tudo para zcash e pegar de volta?
[2017-11-20 13:49:54] tem alguém no garoa?
[2017-11-20 13:53:40] Na wiki o status tá como aberto
[2017-11-20 13:55:16] blz, estou chegando, se não tiver eu abro
[2017-11-20 14:47:45] Victor joined
[2017-11-20 14:47:46] Hi Victor !
[2017-11-20 17:54:39] José🐧 joined
[2017-11-20 17:54:42] Hi José🐧 !
[2017-11-20 19:51:48] Ewerson Santos joined
[2017-11-20 19:51:48] Hi Ewerson !
[2017-11-20 20:05:43] [INDICAÇÃO DE LIVRO] Alguém manja de um livro em pt-br com conteúdo ao estilo "How to design programs" ?
[2017-11-20 22:17:40] Vlw
[2017-11-20 22:59:14] Raimundo Néto joined
[2017-11-20 22:59:14] Hi Raimundo !
[2017-11-20 23:24:45] Alguem sabe com add bibliotecas do arduino no ESP-IDF?
