[2017-11-03 00:06:34] @tiagonaoexiste @fsanches vai rolar aquela coisa amanhã? eu acho que vou ter outros planos, a depender de uma entrega
[2017-11-03 00:29:07] photo: /home/felipe/devel/github_tvdstaaij/telegram-history-dump/output/media/Garoa_Hacker_Clube_(Público)/download_804724480_56765.jpg
[2017-11-03 00:39:30] photo: /home/felipe/devel/github_tvdstaaij/telegram-history-dump/output/media/Garoa_Hacker_Clube_(Público)/download_609153158597313681.webp
[2017-11-03 00:48:31] cara, nao posso dizer aonde fizemos isso, nem como. mas um meio nao ortodoxo de mandar um reagente eh pegar nos eua (tipo um amigo seu compra pra vc)
[2017-11-03 00:48:34] e manda pelo correio
[2017-11-03 00:56:52] document: /home/felipe/devel/github_tvdstaaij/telegram-history-dump/output/media/Garoa_Hacker_Clube_(Público)/download_561293985830666456.webp
[2017-11-03 01:01:25] Distração durante o retorno para casa... 😃
[2017-11-03 01:05:16] document: /home/felipe/devel/github_tvdstaaij/telegram-history-dump/output/media/Garoa_Hacker_Clube_(Público)/download_805512944_30208.jpg
[2017-11-03 02:28:47] Pessoal, o laboratório de segurança da minha faculdade está com uma caravana aberta para a Roadsec com códigos promocionais. Quem estiver interessado segue o link: https://www.facebook.com/groups/153658664729404/permalink/1510766322351958/
[2017-11-03 06:20:40] photo: /home/felipe/devel/github_tvdstaaij/telegram-history-dump/output/media/Garoa_Hacker_Clube_(Público)/download_804725230_56988.jpg
[2017-11-03 06:20:40] https://github.com/mamedev/mame/pull/2771/files
[2017-11-03 06:20:40] https://github.com/felipesanches/PatinhoFeio/blob/master/Zezinho%20-%20ITA/000437641.pdf
[2017-11-03 06:20:40] photo: /home/felipe/devel/github_tvdstaaij/telegram-history-dump/output/media/Garoa_Hacker_Clube_(Público)/download_804722857_60968.jpg
[2017-11-03 08:11:54] @mynameiserin para eu saber.... hj vai acontecer o PVM Sony?  Caso não.... me avise... e se possível compartilhe o link do service manual.... respeitosamente.
[2017-11-03 08:30:00] Bacana hehe
[2017-11-03 09:18:59] HAHAHA HA
[2017-11-03 09:26:50] https://www.reddit.com/r/arduino/comments/7afs7p/my_first_electronics_project_an_arduino_driven/?st=J9JTDV32&sh=9f4b987f
[2017-11-03 09:53:26] Desculpe Mário 😅
[2017-11-03 12:08:23] Fellype, sabe se eu tenho que comprovar alguma relação com a Mackenzie no dia do evento?
[2017-11-03 12:16:21] vcs conhecem algum lugar fácil pra chegar e comprar módulos de arduino?
[2017-11-03 12:19:28] mamute sta efigenia
[2017-11-03 12:19:41] caro, mas é pagou levou
[2017-11-03 12:20:12] http://www.mamuteeletronica.com.br/home
[2017-11-03 12:25:28] ah mas só vou comprar um relezinho entao não tem problema kk
[2017-11-03 12:25:31] valeu
[2017-11-03 12:29:54] Isso q to pensado msm. O mais complicado é q em geral os vendedores só mandam para instituições de pesquisa.  To tentando contato com um conhecido em uma Universidade.
[2017-11-03 12:32:42] Talvez usar uma caixa postal no EuA resolva. Eles não terão com  se certificar disso.
[2017-11-03 13:12:46] Acabei de mandar uma mensagem pra organizadora pra saber essa informação, mas acredito que não precisa comprovar relação com a Universidade
[2017-11-03 13:14:05] Muito obrigado.
[2017-11-03 13:18:18] Pessoal que horas começa o quebrando o cerco amanhã no Garoa falando sobre metasploit.. e vai até que horas?
[2017-11-03 13:18:33] Gostaria de saber pra ver se consigo chegar no horário
[2017-11-03 13:39:10] photo: /home/felipe/devel/github_tvdstaaij/telegram-history-dump/output/media/Garoa_Hacker_Clube_(Público)/download_804727472_37566.jpg
[2017-11-03 13:58:44] Começa às 15 e acredito que vai até umas 17:30
[2017-11-03 13:59:41] @benepires acho que não vou sair de casa hoje, problemas pessoais, então já estou cancelando. o service manual está aqui: https://ia800605.us.archive.org/4/items/sony_PVM-M_14_Service_Manual/PVM-M_14_Service_Manual.pdf
[2017-11-03 14:01:53] Pessoal, boa tarde.
Alguém sabe de o garoa vai abrir esse sábado e/ou domingo?  E qual horário?
[2017-11-03 14:14:57] Domingo não
[2017-11-03 14:19:02] Qual esp8266 voces estão usando?  Nodemcu, wemos, etc, tem algum outro ?
[2017-11-03 14:20:52] WeMos D1 mini pro
[2017-11-03 14:33:43] NodeMCU 12E
[2017-11-03 14:39:44] Boa tarde galera não sei se já conhecem, mas é um projeto bacana
 https://serenatadeamor.org
[2017-11-03 14:39:45] Abraços a todos!
[2017-11-03 14:48:05] Eu uso três tipos, WeMos D1 Mini Pro, NodeMCU e Witty Cloud.
Essa última foi recomendação do Oda, e é muito boa para ensino, visto que já vem com sensor de luminosidade, LED RGB e botão programável.
[2017-11-03 15:18:30] Алиса joined
[2017-11-03 15:18:32] Hi Алиса !
[2017-11-03 15:23:44] To esperando algum módulo ESP32 ficar mais popular pra poder comprar
[2017-11-03 15:24:05] No momento ta uma suruba e nao da pra saber qual modulo que vai ter comunidade
[2017-11-03 15:30:05] photo
[2017-11-03 15:30:45] Cara, WeMos tá BEM bom... Maioria das coisas que to fazendo, tô fazendo com ele
[2017-11-03 15:31:01] Saindo aqui da ZL. Daqui 1h tô por aí
[2017-11-03 15:31:04] To falando do ESP32
[2017-11-03 15:31:10] Nao do 8266
[2017-11-03 15:31:26] Ah, tá... my fault
[2017-11-03 15:32:03] é, o ESP32 é interessante, mas ainda vou esperar, mais pq não tenho muito uso pra ele sozinho do que por "democratização"
[2017-11-03 15:33:16] Geralmente as versões da sparkfun tem comunidade mais cedo e nunca fica miado
[2017-11-03 15:34:12] Esp32 é um canhão
[2017-11-03 15:34:29] 32gpio Bluetooth e criptografia via hardware
[2017-11-03 15:34:56] Pegar um desse pra ligar e desligar relé não compensa kkkk
[2017-11-03 15:39:46] Nope
[2017-11-03 15:39:49] Mas até que nao ta caro
[2017-11-03 15:40:16] Acho que ta uns 40 reais no Aliexpress
[2017-11-03 15:40:28] Boa
[2017-11-03 15:42:48] estou colando também
[2017-11-03 15:43:00] +- uma hora
[2017-11-03 15:43:14] mais o tempo que vou ficar rodando depois que sair do metro
[2017-11-03 15:43:16] kkk
[2017-11-03 15:50:29] Primeiro teste de resistência do iPhone X - https://www.youtube.com/watch?v=3wNA-R8bFzk&feature=youtu.be
[2017-11-03 15:57:10] Ae o cel cai de quina e já era
[2017-11-03 22:28:15] photo
