[2017-01-30 00:58:58] [00:56] * fenix_of_ (~root@179-236-103-29.user.veloxzone.com.br) has joined #garoa
[00:57] <fenix_of_> boa noite , estava assistindo CSI CYBER e me veio uma pequena duvida em mente...
[00:58] <fenix_of_> sobre spyware
[00:58] <fenix_of_> queria saber se alguem pode me informar como e seu funcionamento
[2017-01-30 00:59:38] [00:59] <fenix_of_> se existe algum spyware escrito em BASH, e se existe algum codigo fonte de algum disposto na web
[00:59] <fenix_of_> obrigado.
[2017-01-30 00:59:43] deus me leva
[2017-01-30 01:38:27] Às vezes é adolescente que quer aprender.
[2017-01-30 04:46:02] Ou gente querendo trolar
[2017-01-30 04:49:45] querendo código fonte de "spyware" depois de assistir CSI CYBER coisa boa não é
[2017-01-30 06:18:11] document: /home/felipe/devel/github_tvdstaaij/telegram-history-dump/output/media/Garoa_Hacker_Clube_(Público)/download_606707282096422958.webp
[2017-01-30 07:22:47] hahahahahaha
[2017-01-30 07:23:04] me lembrou umas cv que as vezes aparece no canal do #ctf-br ...
[2017-01-30 09:28:01] po seis tem canal no irc e nem fala
[2017-01-30 09:28:26] to reunindo maximo de canais de irc e vo larga essas porra de whatsapp telegram facebook tudo
[2017-01-30 10:09:19] Na verdade, um tempo atrás, tinha 2 canais na Freenode.
Eu ficava no #garoa, mas tinha um outro tbm (que não lembro)
[2017-01-30 10:13:01] Adicionado Server/Channel na Página principal da Wiki
[2017-01-30 10:26:19] mano,canal do ctf-br é público
[2017-01-30 10:26:31] to nem sabendo que vcs nao fragavam hahahahah
[2017-01-30 10:36:13] pq? tu acha q irc é mais seguro?
[2017-01-30 10:52:48] Lucas MAC | Cloudfox joined
[2017-01-30 10:52:49] Hi M4C !
[2017-01-30 10:53:09] Eu acho mais pratico
[2017-01-30 10:53:55] Eu, por exemplo, instalei um plugin do weechat que faz interface com o Slack, aí não preciso usar o app do Slack, que consome MEM pra caraio
[2017-01-30 10:54:44] ai sim
[2017-01-30 10:55:00] sera q tem plugin pra telegram?
[2017-01-30 11:03:01] não fui atras...
[2017-01-30 11:03:27] Mas, com a API publica, deve ter ou não deve ser dificil fazer
[2017-01-30 11:48:37] menos noob metido a hacudo
[2017-01-30 11:49:35] e tb contato com pessoal de outros paises.. praticar ingles.. etc =)
[2017-01-30 11:49:58] Ahuahauahau, tendeu
[2017-01-30 11:52:44] e é old school =))
[2017-01-30 11:53:47] Marco Rougeth joined
[2017-01-30 11:53:48] Hi Marco !
[2017-01-30 12:01:53] Lucas Cardozo joined
[2017-01-30 12:01:54] Hi Lucas !
[2017-01-30 12:02:44] H joined
[2017-01-30 12:02:44] Hi H !
[2017-01-30 12:09:22] po a gente tem um site e você nem lê
[2017-01-30 12:11:19] Justo...
O canal do IRC está na página principal...
[2017-01-30 12:12:45] X joined
[2017-01-30 12:12:46] Hi X !
[2017-01-30 12:22:55] 😂😂😂
[2017-01-30 12:50:24] Está agora, que coloquei... Hehehe
[2017-01-30 12:50:47] Mas não faço ideia de como cheguei lá também
[2017-01-30 12:51:08] Lá === IRC
[2017-01-30 12:53:05] document: /home/felipe/devel/github_tvdstaaij/telegram-history-dump/output/media/Garoa_Hacker_Clube_(Público)/download_347791234560950280.webp
[2017-01-30 12:57:37] Antonio Pereira joined
[2017-01-30 12:57:38] Hi Antonio !
[2017-01-30 12:58:15] Hi my Brothers!
[2017-01-30 12:59:34] Cheguei pela página Inicial do Garoa... alguém deve ter tirado em algum momento...
[2017-01-30 13:10:00] photo: /home/felipe/devel/github_tvdstaaij/telegram-history-dump/output/media/Garoa_Hacker_Clube_(Público)/download_803110121_17918.jpg
[2017-01-30 13:13:43] Galera, vou estar entre qui a dom ai e queria visitar vocês! Vai rolar algo final de semana que vem?
[2017-01-30 13:14:50] lê o site...
[2017-01-30 13:17:03] https://garoa.net.br/wiki/Categoria:Eventos
[2017-01-30 14:13:59] 😂😂😂
[2017-01-30 14:14:36] @mynameiserin direto ao ponto, tô gostando kkk
[2017-01-30 14:23:42] Curti esse evento de bitcoin, tomara que seja à tarde/noite pra eu poder ir
[2017-01-30 14:27:19] https://pt.aliexpress.com/store/product/Nuclear-battery-20-Year-Lifetime-free-shipping/1032313_1432182326.html?detailNewVersion=&categoryId=410101
[2017-01-30 14:27:36] bateria a energia nuclear que dura 20 anos
[2017-01-30 14:29:13] legal, bacana, minha pergunta é a seguinte, isso não dá cancer?
[2017-01-30 14:35:25] Suspeitissimo 😳
[2017-01-30 14:35:35] boa pergunta, vou colcoar só nos meus clientes.... na minha casa uso as porcarias
[2017-01-30 14:35:35] rs
[2017-01-30 14:38:52] 🙄
[2017-01-30 14:44:39] assim como comida queimada, voar de avião, batata frita, guardar rancor
[2017-01-30 14:45:13] tirar um raio x te expõe a mais radioatividade que ficar do lado de uma usina nuclear
[2017-01-30 14:49:46] Falso
[2017-01-30 14:50:01] Chernobyl tá ai pra provar o contrário
[2017-01-30 14:50:02] hehehehe
[2017-01-30 14:50:24] em atividade, não após desastre... 🙄
[2017-01-30 14:51:00] Fukushima se encaixa em qual dos dois acima? rs
[2017-01-30 14:51:12] Césio 137 - Goiania
[2017-01-30 14:51:34] E não era nem Usina, era Hospital...
[2017-01-30 14:51:53] material radioativo puro != material radioativo devidamente contido
[2017-01-30 14:52:21] esse é o problema.. .será que foi "devidamente contido"?
[2017-01-30 14:52:34] Obviamente, nõ
[2017-01-30 14:52:37] não
[2017-01-30 14:52:46] o Hospital foi abandonado com tudo lá
[2017-01-30 14:53:02] essas baterias de nanotritium não são nenhuma novidade
[2017-01-30 14:53:14] já passaram pelo hackaday eons atrás
[2017-01-30 14:53:23] ninguém morreu
[2017-01-30 14:53:27] pronto
[2017-01-30 14:53:32] ela mata meu bolso
[2017-01-30 14:53:39] então não compra
[2017-01-30 14:53:40] nesse preço eu compro as que nao duram.. por 20 anos
[2017-01-30 14:53:41] :P
[2017-01-30 14:53:46] inclusive 2 latas de Césio, daquela epoca, nunca foram encontradas, de acordo com a Lista do Almoxarifado
[2017-01-30 14:54:20] nunca falei que ia comprar kkkkk... to nem ai pra isso... mas gosto da discussão
[2017-01-30 14:55:50] não tô com saco de defender energia nuclear pra quem quer jogar 20 anos de baterias alcalinas em aterro
[2017-01-30 14:56:02] talvez outro dia
[2017-01-30 14:56:08] vou voltar ao trabalho
[2017-01-30 14:56:36] ponto de vista ambiental, qdo bem controlado, energia nuclear eh mto melhor - vide França.
[2017-01-30 14:56:44] thank you
[2017-01-30 15:40:28] https://www.youtube.com/watch?v=KKdzhPiOqqg
[2017-01-30 15:40:58] esse cara aqui montou uma bateria nuclear com uma fração do custo
[2017-01-30 15:50:34] Certeza q vai ser a tarde, só preciso confirmar com mais um palestrante pra fechar o horário
[2017-01-30 15:54:37] Legal! Vai postar o horário na página do evento quando estiver certo?
[2017-01-30 15:55:39] Sim, aqui tb, no face do garoa, do Dumont no Twitter, IRC jabber
[2017-01-30 15:59:56] Por um momento eu li trilitium 😂
[2017-01-30 16:14:28] Fui no curso de linux, o Emerson disse que ia ser todo sábado
[2017-01-30 16:14:39] Não tem nada no site
[2017-01-30 16:14:48] Alguém sabe?
[2017-01-30 16:15:24] Servidor Linux*
[2017-01-30 16:21:55] https://garoa.net.br/wiki/Curso_de_servidores_Linux
[2017-01-30 16:46:45] Valeu
[2017-01-30 16:48:08] Pra quem se interessou em mexer com synths, eu tinha dito que ia hoje no garoa, mas não estou legal, ainda esta semana vou, não hoje
[2017-01-30 17:05:07] Quem é Hacker, Deus ou Satanás?
[2017-01-30 17:05:15] Ou os dois?
[2017-01-30 17:08:55] Deus é Maker
[2017-01-30 17:09:48] Satanás é o cara que pega o trabalho do maker e patenteia
[2017-01-30 17:11:00] O Papa era o Admin
[2017-01-30 17:11:16] Lutero achou uma brecha no sistema
[2017-01-30 17:11:39] Copiou o código e criou um fork
[2017-01-30 17:12:20] Calvino pegou o projeto de Lutero e criou outro fork, e ainda monetizou
[2017-01-30 17:13:07] document: /home/felipe/devel/github_tvdstaaij/telegram-history-dump/output/media/Garoa_Hacker_Clube_(Público)/download_532577039920667540.mp4
[2017-01-30 17:14:57] Aí veio Macedao, substituiu o código todo por um framework da moda cheio de bugs e cobrou 10%, a rosa ungida em VB e a fogueira Santa em ASP
[2017-01-30 17:16:46] Depois dos escândalos, um monte de hipsters começaram a rescrever tudo o que Lutero escreveu em Assembly e a publicar nos repositórios independentes
[2017-01-30 17:17:54] No final das contas, o que dá dinheiro mesmo é facada_no_pescoço.exe
[2017-01-30 17:19:35] Porque todo mundo tem preguiça de ler o código textus_receptus.asm
[2017-01-30 17:20:41] HAHAHAHAHAHAHAHA
[2017-01-30 17:24:29] Lilith pegou todo um sistema machista pronto, que Adão e Deus tinha projetado, virou e disse "vai se ferrar"
Virou desenvolvedora independente
[2017-01-30 17:42:05] A tarde === começo da noite
[2017-01-30 17:43:19] Alguém sabe se a campus party rende lucros, ou leva prejuízos?  Alguém já viu a contabilidade deles?
[2017-01-30 17:43:26] :( Melhoras
[2017-01-30 17:43:30] Nada... Satanás é o QA! 
"Bora ver se esse seu Sisteminha aguenta o Stress Test da minha botnet"
[2017-01-30 17:44:35] Obrigado!
[2017-01-30 17:45:45] Jung chegou a conclusão que Deus precisa do diabo pro Seu sistema funfar. Até escreveu um livro sobre.
[2017-01-30 17:46:16] É disso que to falando
[2017-01-30 17:46:40] Yin e yang
[2017-01-30 17:48:34] 🤘🏿
[2017-01-30 17:53:19] Primeiro par enantiodronômico com superpoderes da cultura judaico-cristã
[2017-01-30 17:55:52] E vou além, diria que "Deus  e o Diabo" é uma ezquisofrenia delirante de multipla personalidade.
Pois ao mesmo tempo que dizem "Deus é Amor", dizem que eu devo ter "Temor a Deus", "Deus Castiga"...
[2017-01-30 17:56:24] Amor também castiga.
[2017-01-30 17:57:13] Sim, em uma relação Sado-masoquista... ;)
[2017-01-30 17:59:13] O que também é bem válido. xD
Digo, assim como pais podem castigar filhos por se comportarem mal (dentro dessa visão familiar de "mal", é claro), deuses mais antigos que o cristão castigam também.
[2017-01-30 17:59:15] Botnet de sextoy é apelação tb né
[2017-01-30 18:01:40] É ou não é uma botnet pra 'botar pra fuder'? heheheh
[2017-01-30 18:02:46] Mas me refiro só à parte do castigo... o temor a deus é algo que, pra todo efeito, combina com a estrutura de poder que algumas religiões (incluindo as cristãs) criaram com seus fiéis através dos tempos. Na nossa sociedade, temor é frequentemente usado como um "respeito suficiente", que impõe poder através do temor. 
Já o castigo pode coexistir com esse amor divino sem muita implosão moral envolvida.
[2017-01-30 18:02:54] Fato! Principalmente pois umas são reinvenções de outras religioões mais antigas...
Judaismo > Cristianismo e o Hinduismo > Budismo
[2017-01-30 18:04:17] E o deus Capital? Fica onde? Aquele que trará felicidade à tod@s?
[2017-01-30 18:07:14] Entendo seu ponto, mas, segundo uma Estatistica de uma Associação Atéia, Deus mata 25 milhões de Pessoas, enquanto Satanás apenas 60, segundo a Biblia...
Existe um livro sobre isso: https://www.amazon.com/dp/145366291X?tag=skepticsannotate&camp=213381&creative=390973&linkCode=as4&creativeASIN=145366291X&adid=0RSTK1MKZY2P8Y6D6N74&
[2017-01-30 18:07:55] Então, mesmo Deus, em algum momento foi Vaidoso e Soberbo, somente para demonstrar Poder...
[2017-01-30 18:08:52] C vê que Deus queria manter a segurança do sistema por obscuridade ("não provarás o fruto do conhecimento...")
O Luci que era o líder do projeto foi contra, queria tudo código aberto. Foi cortado do time e seu departamento transferido pra sala sem ar condicionado.
[2017-01-30 18:09:47] Melhor analogia EVA! (pun intended)
[2017-01-30 18:09:50] Faz sentido. 
Saudade dos deuses antigos.
[2017-01-30 18:09:55] Tentou a revolução, mas caiu.
[2017-01-30 18:10:31] document: /home/felipe/devel/github_tvdstaaij/telegram-history-dump/output/media/Garoa_Hacker_Clube_(Público)/download_151353307481245496.webp
[2017-01-30 18:11:18] document: /home/felipe/devel/github_tvdstaaij/telegram-history-dump/output/media/Garoa_Hacker_Clube_(Público)/download_347791234560950280.webp
[2017-01-30 18:51:59] se os caras fazem todo ano, ctza q nao levam prejuizo :)
[2017-01-30 19:04:59] Huhahuha
[2017-01-30 19:12:08] Não cheguei a ver, Mike... mas também estou curioso...
[2017-01-30 21:06:08] photo: /home/felipe/devel/github_tvdstaaij/telegram-history-dump/output/media/Garoa_Hacker_Clube_(Público)/download_803119367_129.jpg
[2017-01-30 21:11:29] :)
[2017-01-30 21:17:16] O melhor professor é aquele que se faz irrelevante 🙂
[2017-01-30 21:21:13] Então a maioria dos Professores da Rede Publica são ótimos!
[2017-01-30 21:21:14] hehehe
[2017-01-30 21:22:41] kkkkk não foi este o contexto
[2017-01-30 21:22:51] heheheeh
[2017-01-30 21:42:52] olá boa noite a todos ! GAÚCHO gnu
[2017-01-30 21:52:18]  joined
[2017-01-30 21:52:18] Hi One !
[2017-01-30 21:52:25] oi
[2017-01-30 22:00:50] Essa fita de GNU é com o @fsanches ... hehehe
[2017-01-30 22:01:31] esse e o grupo de sp?
[2017-01-30 22:02:40] Esse é o grupo do Garoa Hacker Clube
[2017-01-30 22:03:26] lkkk mas o pessoa e de sp ne?
[2017-01-30 22:04:00] O Hackerspace é em SP, o Pessoal é do Brasil todo...
[2017-01-30 22:15:52] ata agora siim kkk
[2017-01-30 22:16:22] estou pensando em me juntar ao grupo mas sou timido
[2017-01-30 22:16:40] e eu tenho que me distrair de alguma forma kkk
[2017-01-30 22:47:03] Alguém q vá na Campus, tenha carro e chave do garoa poderia dar uma ajuda amanhã pra mim?
[2017-01-30 22:58:07] Quarta eu vou, tenho a chave, mas não tenho carro. Amanhã, talvez o @eduoda?
[2017-01-30 22:58:45] Ou o @Fabiohirano ?
[2017-01-30 23:12:15] @tilt4 ?
[2017-01-30 23:14:21] Vou só na sexta
[2017-01-30 23:28:20] Falar a verdade, só a chave me satisfaria meus desejos, não separei nada grande pra levar
[2017-01-30 23:46:05] Quer pegar a minha emprestada?
[2017-01-30 23:46:54] Gostaria sim, como faz?
[2017-01-30 23:47:43] passa lá no Hospital?
[2017-01-30 23:47:50] to por lá umas 8h e pouco
[2017-01-30 23:48:48] Desse horário pra frente?
[2017-01-30 23:49:18] Sim. 8h30 até umas 19h
[2017-01-30 23:50:06] Pensando bem, é o maior role, mas o q a gente não faz pela comunidade né
[2017-01-30 23:52:44] sem choro! rs
[2017-01-30 23:53:05] aí tu já conhece lá tbm #Trampo
[2017-01-30 23:54:42] 😍😍 bora!!!
[2017-01-30 23:54:47] Renatinha ~ joined
[2017-01-30 23:54:49] Hi Renatinha !
