[2017-05-28 00:06:48] Até alt f4 sai
[2017-05-28 01:48:42] Alt+f4? O quê é isso?
[2017-05-28 10:08:24] Proletário é quem ganha mal. Não necessariamente não especializado. Professores, por exemplo,  se consideram proletários. O pessoal do "chão de fábrica" de fábrica de software (i.e. consultorias) pode ser considerado proletário.  Por extensão, em alguns casos, pode ser considerado qualquer função abaixo do nível executivo.
[2017-05-28 10:13:22] E pra quem "sente enjôo" quando ouve falar de proletário ou de política: parabéns, você foi vítima de engenharia social :P
[2017-05-28 10:24:08] Não tenho nojo de politico, tenho ódio mesmo.
[2017-05-28 12:37:25] oxi lógico que não, proletário é qualquer um que depende do seu trabalho pra se sustentar. isso aí inclui mt empresário, aliás a maioria esmagadora
[2017-05-28 12:38:10] mas de fato, quem se sente especial e não parte do proletariado  é vítima de engenharia social
[2017-05-28 12:45:06] @Biazzotto to estudando python hj,  https://youtu.be/Zgtf_lPBzJw
[2017-05-28 13:10:03] photo: /home/felipe/devel/github_tvdstaaij/telegram-history-dump/output/media/Garoa_Hacker_Clube_(Público)/download_41149003626184982.webp
[2017-05-28 13:20:29] The bitcoin bubble could just be getting started
http://www.businessinsider.com/the-bitcoin-bubble-could-just-be-getting-started-2017-5?amp
[2017-05-28 13:47:14] Caramba,ainda esse papo kk
[2017-05-28 14:15:30] A gente podia movimentar mais o IRC... Sinto falta.
[2017-05-28 14:18:33] Por favor
[2017-05-28 14:18:52] Inclusive tô começando um bot IRC <> telegram kkk
[2017-05-28 14:18:58] Pra ficar online mais tempo
[2017-05-28 14:19:24] tenho um pronto, btw
[2017-05-28 14:19:30] em Node
[2017-05-28 14:19:58] Tem um monte no gh tb
[2017-05-28 14:28:46] Eu gosto de fazer minhas coisas, tá
[2017-05-28 14:33:12] document: /home/felipe/devel/github_tvdstaaij/telegram-history-dump/output/media/Garoa_Hacker_Clube_(Público)/download_656495775647269139.webp
[2017-05-28 15:17:45] document: /home/felipe/devel/github_tvdstaaij/telegram-history-dump/output/media/Garoa_Hacker_Clube_(Público)/download_283886321674486593.webp
[2017-05-28 16:10:19] política e político são coisas distintas...
[2017-05-28 16:23:24] document: /home/felipe/devel/github_tvdstaaij/telegram-history-dump/output/media/Garoa_Hacker_Clube_(Público)/download_251919897997607100.webp
[2017-05-28 16:56:51] meu deus
[2017-05-28 16:57:10] Gente qual tipo de hd externo/ memória em geral vcs recomendam para fazer um mini NAS caseiro com um PC velho?
[2017-05-28 16:59:52] um wd red de 3tb dá um bom NAS
[2017-05-28 17:00:42] USB?
[2017-05-28 17:00:56] NAS com usb...?
[2017-05-28 17:01:19] você gosta de taxa de transferência baixa?
[2017-05-28 17:01:29] Não
[2017-05-28 17:01:34] então não usa usb
[2017-05-28 17:01:35] Haha
[2017-05-28 17:01:48] Mas é um Netbook
[2017-05-28 17:01:51] Não é um pc
[2017-05-28 17:01:55] 😂
[2017-05-28 17:02:02] Era mais improvisado
[2017-05-28 17:02:05] Mesmo
[2017-05-28 17:02:28] document: /home/felipe/devel/github_tvdstaaij/telegram-history-dump/output/media/Garoa_Hacker_Clube_(Público)/download_1022804542661591063.mp4
[2017-05-28 17:02:40] Hahahaha
[2017-05-28 17:03:24] compra uma fonte externa pra hd.. liga o hd nessa fonte externa... ligue o sata no lugar do hdd do netbook... precisa deixar aberto ou fazer uma abertura pra passar o cabo
[2017-05-28 17:04:45] Como sempre, o Juca está causando :(
[2017-05-28 17:05:38] document: /home/felipe/devel/github_tvdstaaij/telegram-history-dump/output/media/Garoa_Hacker_Clube_(Público)/download_130764741797744710.webp
[2017-05-28 17:06:09] procure um cabo de extensão sata, um cabo normal não vai resolver, o de extensão tem uma das pontas invertidas
[2017-05-28 17:06:38] assim https://sgcdn.startech.com/005329/media/products/gallery_large/SATAEXT30CM.B.jpg
[2017-05-28 17:07:28] essa ponta da esquerda vai dentro do netbook, a da direita vai no hdd, e você alimenta o hdd com uma fonte externa
[2017-05-28 17:07:38] assim dá pra ligar um hdd de desktop num netbook
[2017-05-28 17:08:43] Ótimo!
[2017-05-28 17:09:12] Muito obrigado!
[2017-05-28 17:11:54] As pessoas têm direito a ter posição apolítica, ainda mais dentro de um grupo sobre HACKING. Quer discutir política? Procura um grupo sobre isso (tem vários). Aqui não é o lugar para discutir isso e muito menos exigir posicionamento político dos outros participabtes. Se eu quiser discutir politica e quiser ouvir a opinião dos outros, vou procurar um forum especifico para isso. #ficaadica
[2017-05-28 17:12:22] Vamos falar de hacking e pudim
[2017-05-28 17:12:34] E "be excellent to each other"
[2017-05-28 17:13:37] Pudim excellent to each other
[2017-05-28 17:13:48] 😍🍮
[2017-05-28 17:14:02] Erin, é legal usar o FreeNAS de sistema operacional?
[2017-05-28 17:14:13] 🤷‍♀️
[2017-05-28 17:14:24] eu taco ubuntu e configuro SMB e AppleShare
[2017-05-28 17:14:28] pra mim tá bom
[2017-05-28 17:15:01] nem sabia que existia alguma coisa chamada FreeNAS
[2017-05-28 17:15:27] A propósito, não vi a resposta a pergunta do Fabricio: quem está organizando esse evento???????
[2017-05-28 17:17:45] document: /home/felipe/devel/github_tvdstaaij/telegram-history-dump/output/media/Garoa_Hacker_Clube_(Público)/download_560220067913008430.webp
[2017-05-28 17:17:58] document: /home/felipe/devel/github_tvdstaaij/telegram-history-dump/output/media/Garoa_Hacker_Clube_(Público)/download_560220067913008430.webp
[2017-05-28 17:18:01] a
[2017-05-28 17:18:07] fui ver o pack e mandei sem querer
[2017-05-28 17:18:22] document: /home/felipe/devel/github_tvdstaaij/telegram-history-dump/output/media/Garoa_Hacker_Clube_(Público)/download_1527281080443338828.webp
[2017-05-28 17:29:39] É um FreeBSD com ZFS configurado para servers
[2017-05-28 17:30:12] Seems cool, mas nunca tentei
[2017-05-28 17:35:09] document: /home/felipe/devel/github_tvdstaaij/telegram-history-dump/output/media/Garoa_Hacker_Clube_(Público)/download_803119881_60670.jpg
[2017-05-28 18:27:46] document: /home/felipe/devel/github_tvdstaaij/telegram-history-dump/output/media/Garoa_Hacker_Clube_(Público)/download_778160933443731702.webp
[2017-05-28 18:27:56] Menino das matemática
[2017-05-28 18:31:45] Que fique registrado aqui que eu discordo vêementemente. As mensagens em questão não têm nada de "direito a ser apolítico".
[2017-05-28 18:41:23] @Belimawr a quantas anda esse projeto? https://garoa.net.br/wiki/Z80_Homebrew_Computer
[2017-05-28 18:41:48] Andei pensando em montar uma placa baseada no Z80...
[2017-05-28 18:43:48] Arduino Experts,

É possível ter meu arduino ser alimentado por baterias recarregáveis e essas baterias serem recarregadas pela energia da concessionária? 
Gostaria de dicas e orientações (shields) sobre isso.
Preciso que meu projeto seja independente de energia da concessionária, para caso haja falta de energia.
[2017-05-28 18:56:43] Com certeza não seria usando as janelas (windows)...
[2017-05-28 18:58:01] 😂😂😂
[2017-05-28 18:59:03] Pior que funciona... meu irmão fez isso com a placa do celular dele...
[2017-05-28 19:23:04] Life hacks
[2017-05-28 19:23:12] Kkk
[2017-05-28 19:40:44] 👍
[2017-05-28 19:43:11] legal,  tenho um thinkpad q da vontade de fazer isso...
[2017-05-28 19:57:40] https://youtu.be/gL5llIO3NcU
[2017-05-28 20:37:51] É sim
[2017-05-28 20:38:27] É só ficar esperto na voltagem
[2017-05-28 20:39:28] http://www.instructables.com/id/Powering-Arduino-with-a-Battery/
[2017-05-28 20:40:08] Se você colocar menos de 6 volts a voltagem dos pinos fica menor que 5V, aí vai dar problema nos seus projetos
[2017-05-28 20:40:28] Eu uso um suporte para 4 pilhas e ligo como no artigo acima
[2017-05-28 20:45:33] chama reflow isso
[2017-05-28 21:09:12] Obrigado!
[2017-05-28 21:47:26] battery shield
[2017-05-28 21:48:50] estou usando wems com um battery shield para ele, para a bateria em si, pego umas de lipo de sucatas
[2017-05-28 21:49:07] mas a opcao mais simples, de longe, eh usar um powerbank
[2017-05-28 22:17:39] Parece que tem uns artigos legais aqui: https://itsrio.org/pt/publicacoes/artigos-de-conclusao-do-io-grupo-de-pesquisa-do-its-rio/
[2017-05-28 23:33:10] Jonathan Silva joined
[2017-05-28 23:33:11] Hi Jonathan !
[2017-05-28 23:33:24] document: /home/felipe/devel/github_tvdstaaij/telegram-history-dump/output/media/Garoa_Hacker_Clube_(Público)/download_1293950114435432461.webp
