[2017-11-01 00:04:05] Tem muitos Sescs e cada um tem muitas áreas, rs
[2017-11-01 01:30:51] https://static1.squarespace.com/static/5005e52dc4aa44899228ee7d/t/510c64b7e4b0837c157927ae/1359766711819/541005_475902412444870_427793471_n.jpeg
[2017-11-01 01:31:03] quebrou a cerca
[2017-11-01 01:31:24] https://garoa.net.br/wiki/Quebrando_o_Cerco
[2017-11-01 01:32:00] rá
[2017-11-01 02:47:54] Hauhauhau
[2017-11-01 02:47:58] Boa!
[2017-11-01 05:49:19] Baby joined
[2017-11-01 05:49:20] Hi Baby !
[2017-11-01 07:03:24] photo: /home/felipe/devel/github_tvdstaaij/telegram-history-dump/output/media/Garoa_Hacker_Clube_(Público)/download_805510420_52917.jpg
[2017-11-01 07:42:00] rsrsrs
[2017-11-01 08:44:21] o próprio ai tem nome referência à Mary Shelley mas o cara preferiu referenciar um racista
[2017-11-01 08:44:39] boa cara
[2017-11-01 08:50:01] Pessoal,
[2017-11-01 08:50:09] alguem aqui conhece de IA?
[2017-11-01 09:44:28] kk(kkkkkkkkk
[2017-11-01 10:22:12] Galera, quem já fez bot de telegram?
[2017-11-01 10:24:24] https://github.com/rjmunhoz/plugabble-telegram-bot
[2017-11-01 10:24:27] rjmunhoz | plugabble-telegram-bot

An easily extensible nodejs Telegram bot

Language: JavaScript
Forks: 3
Stars: 4
Issues: 2
[2017-11-01 11:25:54] Eu tenho um rodando experimentalmente... @grupy_sp_bot
[2017-11-01 11:26:53] Envia /evento para o bot e elle mostra o prossimo evento, se digitar /eventos ele mostra todos...
[2017-11-01 11:27:19] está no Github?
[2017-11-01 11:29:24] Ainda não... mas é baseado do Python Telegram Bot.
No site tem um monte de exemplos...
https://python-telegram-bot.org/
[2017-11-01 11:30:27] Foi feito pelo Leandro Toledo... não sei se chegou a conhecê-lo...
[2017-11-01 11:42:01] #BTCBr 😱
[2017-11-01 13:13:19] Foi uma pessoa do Garoa que fundou aquelas maquinas de pipoca?
[2017-11-01 13:13:24] mais pipoca?
[2017-11-01 13:51:35] Obrigado.
[2017-11-01 14:17:00] 😂😂😂😂😂😂😂😂😂😂
[2017-11-01 14:17:14] Bela imagem
[2017-11-01 17:24:58] Andre Nunes joined
[2017-11-01 17:24:59] Hi Andre !
[2017-11-01 17:46:04] nusssssss que droga man.....
[2017-11-01 19:29:39] Tem um amigo que está fazendo um trabalho para a Mostra 3M e está com dificuldade. Precisa contratar alguém que saiba usar um motor de passo, o trabalho precisa ficar pronto na sexta
[2017-11-01 19:29:59] Se alguém tiver interesse, me envie uma mensagem direta
[2017-11-01 20:56:26] galera
[2017-11-01 20:56:43] alguém sabe onde posso imprimir um desse https://www.thingiverse.com/thing:823833
[2017-11-01 21:05:51] Renato Norberto joined
[2017-11-01 21:05:52] Hi Renato !
[2017-11-01 21:32:24] https://youtu.be/tf1VA5jqmRo
[2017-11-01 22:06:14] fablabs livres ou no proprio Garoa se você souber lidar com os deuses da impressão 3D (Oda, Afonso, Marcelo...)
[2017-11-01 23:41:35] é para um projeto de um amigo
[2017-11-01 23:42:11] vou falar com os brothers
