[2016-10-17 08:08:35] https://twitter.com/villares/status/787958096761131008
[2016-10-17 15:07:34] Alguém aí não vai pra Intercon por falta de grana?
[2016-10-17 16:55:23] Vou pro h2hc
[2016-10-17 16:55:48] @tilt4 *
[2016-10-17 16:58:26] queria tanto responder, mas nao sei o que é
[2016-10-17 17:14:24] Eu queria ir mas realmente tô sem grana e sem agenda
[2016-10-17 17:14:31] 😢
[2016-10-17 17:15:50] o afonso ta perguntado pq temos vips :)
[2016-10-17 17:17:33] issae
[2016-10-17 17:17:42] tenho 1 sobrando
[2016-10-17 17:20:00] Se não tiver ninguém mais interessado eu aceito e dou um jeito de pegar um alvará
[2016-10-17 17:20:02] Jkkkkk
[2016-10-17 17:46:47] Se n tiver ninguém 👀 olha eu aqui
[2016-10-17 17:47:37] tu nao vai pro h2hc?
[2016-10-17 17:47:48] Posso ir um dia
[2016-10-17 17:47:57] E no outro intercon
[2016-10-17 17:48:03] Claro se ninguém mais quiser
[2016-10-17 18:54:37]  joined
[2016-10-17 18:54:38] Hi Gaetan !
[2016-10-17 19:44:57] Agenda de palestras e atividades, e o formulário de inscrição da BSidesSP já estão disponíveis em nosso site:
http://sp13.securitybsides.com.br
[2016-10-17 20:18:33] Não irei por falta de grana, eu e uma amiga estamos vendo se conseguimos
[2016-10-17 21:32:56] photo: /home/felipe/devel/github_tvdstaaij/telegram-history-dump/output/media/Garoa_Hacker_Clube_(Público)/download_1842540969984064.webp
[2016-10-17 21:34:58] Hardware livre antes de inventarem isso
[2016-10-17 21:53:44] Sim, antigamente todo hardware era livre. O esquemático vinha no fundo da televisão. Até hoje é meio assim, com alguns equipamentos de linha branca, mas cada vez menos.
[2016-10-17 22:24:03] Galera, queria comprar uns motorzinho rc, onde vcs compram?
[2016-10-17 22:27:27] Só o fato de trazer o esquemático já torna o hardware livre?  não precisa obedecer as 4 liberdades?
[2016-10-17 22:28:31] Essas são para software, não foram pensadas para hardware.
[2016-10-17 22:30:04] mesmo que o hardware seja patenteado?
[2016-10-17 22:38:00] Então, não, só ter o esquemático não basta. Mas já é bastante coisa.
[2016-10-17 22:38:21] Combustão ou miniz?
[2016-10-17 22:38:56] Aqueles eletricos, tipo de carrinho de controle
[2016-10-17 22:39:10] Na internet só o frete da pra comprar 3
[2016-10-17 22:39:48] Se tiver paciência da para comprar nos sites da china
[2016-10-17 22:40:20] Os elétricos bons são chamados de miniz
[2016-10-17 22:40:24] Da uma pesquisada
[2016-10-17 22:40:46] Humm, saquei, vou procurar
[2016-10-17 23:33:42] Patente é um negócio que não sei como é. Acho que o Richard Stallman não faz muito ideia de como elas funcionam também.
