[2017-09-05 04:41:40] . .. joined
[2017-09-05 04:41:41] Hi . !
[2017-09-05 11:14:11] .... .. --..-- / .... --- .-- / .- .-. . / -.-- --- ..- ..--..
[2017-09-05 11:14:32] Acho q ele soh entende morse code
[2017-09-05 11:14:44] ..-....---.-.--.--
[2017-09-05 11:16:03] Bom dia
[2017-09-05 11:16:16] -... --- --     -.. .. .-
[2017-09-05 11:16:20] Td blz
[2017-09-05 11:16:23] ?
[2017-09-05 11:16:41] Vcs ja viram q o ricardo publicou q o curso dele foi pirateado
[2017-09-05 11:18:32] -. .- —- / ...- .. / -. .- —-
[2017-09-05 11:23:46] quem é ricardo ?
[2017-09-05 11:34:18] Ricardo Tavares?
[2017-09-05 11:41:25] Ricardo Longatto
[2017-09-05 12:55:40] Roadsec SP 2017: 
O maior festival hacker do continente já está com os ingressos à venda! 
5 trilhas de conteúdo
Shows do Matanza, Raimundos, Dual Core, YT Cracker
2 galpões de oficinas, atividades, área maker, food trucks, batalha de robôs
Programação impecável: Jonh Draper (o Captain Crunch), Fernando Mercês e Rodrigo Rubira Branco!
Garanta o seu ingresso agora: 
http://bit.ly/2xM1tzU
[2017-09-05 13:36:33] Captain Crunch ++
[2017-09-05 13:41:27] Galera, quem topa fazer uma brassagem no Feriado?
[2017-09-05 13:49:25] Eu topo!
[2017-09-05 13:50:36] @Gutemhc é nozes
[2017-09-05 13:50:56] Mandei um email para loja, se eles vão abrir na quinta
[2017-09-05 13:51:11] Se sim, eu compro os insumos e o fermentador.
[2017-09-05 13:53:13] tem comprado onde?
[2017-09-05 13:53:44] Vou comprar na Lamas, vila romana
[2017-09-05 13:55:25] não abrem em feriados, de acordo com o site
[2017-09-05 13:55:36] poss ofazer um corre por lá, masi pelo fim do dia
[2017-09-05 13:55:39] Mandei um email
[2017-09-05 13:55:46] ficam ate'as 20h
[2017-09-05 13:56:26] Posso ir na Quarta, com o carro
[2017-09-05 13:56:33] consegue?
[2017-09-05 13:56:53] Não sei se o preço é bom, mas tem insumos também no meu amigo Marco Braga: Geek's Beer http://geeksbeer.com/
[2017-09-05 13:57:19] tava pensando nisso... Saio aqui do trampo no fim do dia, vou até a barra funda de metro, pego um uber até o endereço e depois pego reembolso na quinta
[2017-09-05 13:58:02] Eles vendem os paranauês?
[2017-09-05 13:58:22] Insumos sim, equipos, não sei
[2017-09-05 13:58:27] Se rolar eu apareço
[2017-09-05 13:58:28] Consigo, tranquilo
[2017-09-05 13:58:31] (malte, lúpulo, etc)
[2017-09-05 13:58:51] É que nosso fermentador e airlock estão zuados
[2017-09-05 13:59:14] é do lado do metrô Sumaré... liga lá
[2017-09-05 14:02:32] vou mandar um email
[2017-09-05 14:05:09] Que dia é melhor para vocês? Quinta ou sexta?
[2017-09-05 14:08:25] O que precisa levar?
[2017-09-05 14:10:58] Pra brassagem?
[2017-09-05 14:12:09] Sim
[2017-09-05 14:13:44] Eu voto sexta
[2017-09-05 14:14:00] A princípio não precisa levar nada. Temos tudo no Garoa.
[2017-09-05 14:14:28] Precisa levar apenas a vontade de ajudar :)
[2017-09-05 14:14:30] Eu prefiro na Quinta, mas sexta é ok também.
[2017-09-05 14:14:55] Exatamente. Principalmente para limpar tudo no final. kkkk
[2017-09-05 14:15:03] Blz :)
[2017-09-05 14:16:24] Geralmente o povo faz um churrasco também. Se quiser levar carne e bebida, é legal.
[2017-09-05 14:17:46] Lamas quinta funciona apartir as 12h
[2017-09-05 14:29:48] Posso ajudar, tenho um air lock parado q posso levar, fermentador q vcs querem é o cônico? Posso ver com um amigo que compra barato no sul, mas demora um pouco para chegar
[2017-09-05 14:30:33] Precisamos pra sexta kkkkk
[2017-09-05 14:31:27] Levo...sem problema... se tiverem com folga no orçamento, comprem pq tenho q ver como está, parei de usar tem dois anos
[2017-09-05 14:32:44] Beleza
[2017-09-05 14:34:46] Me passem o horário certinho, vou ver o que mais tenho em casa e aviso vocês
[2017-09-05 15:22:31] Galera, Sexta as 9h? Beleza?
[2017-09-05 15:23:20] Am?
[2017-09-05 15:24:29] Ricardo longatto
[2017-09-05 15:29:03] Madruga pós feriado? Não sei se vou estar vivo esse horário... rs
[2017-09-05 15:29:47] Toma uns redbull e vai virado kkk
[2017-09-05 15:29:54] Que horas você prefere?
[2017-09-05 15:29:56] hehehehe
[2017-09-05 15:30:27] pelo menos umas 10h... É uma viagem de mais de 1h saindo da ZL
[2017-09-05 15:31:08] Brassagem toma o dia todo né?
[2017-09-05 15:31:16] umas 12h
[2017-09-05 15:31:32] entre começar, finzaliar e limpar
[2017-09-05 15:32:00] Beleza
[2017-09-05 15:32:17] Vou mandar o email
[2017-09-05 15:35:49] Blz, vou me programar aqui, como nao manjo, vou tentar levar um suporte material pro churras, caso se confirme
[2017-09-05 18:09:07] Os caras não vendem insumos e equipamento. Só vendem cerveja pronta. (acebei de receber a resposta por email)
[2017-09-05 18:09:25] Ué!!!!
[2017-09-05 18:09:40] Ele me falou que vendia insumos
[2017-09-05 18:10:02] :((((
[2017-09-05 18:13:36] Que breja vcs querem fazer?
[2017-09-05 18:15:05] IPA provavelmente. Vou comprar uma daquelas caixas com uma receita.
[2017-09-05 18:17:17] Saquei
[2017-09-05 18:17:40] Tu sabe a receita de cor?
[2017-09-05 18:17:53] Tenho alguns insumos de casa
[2017-09-05 18:18:03] Em casa*
[2017-09-05 18:18:28] Na verdade já vem todos os ingredientes e o algoritmo de fazer cerveja
[2017-09-05 18:18:30] Pessoal alguém sabe de uns grupos voltados pra segurança no Telegram?
[2017-09-05 18:19:04] Trankilo
[2017-09-05 18:23:35] @RapHaTM  Confirma?
[2017-09-05 18:40:17] Deixa so eu avisar no trampo amanha que eu confirmo o/
[2017-09-05 19:06:15] noisebridge está fazendo dez anos https://www.meetup.com/pt-BR/noisebridge/events/241834198/
[2017-09-05 19:12:46] aeee, to dentro
[2017-09-05 19:12:47] quem quer ajudar+aprender a fazer cerveja?
[2017-09-05 19:12:53] sexta de manhã é o dia
[2017-09-05 19:18:02] Poxa, vou trabalhar :(
[2017-09-05 19:21:31] É nozes
[2017-09-05 19:23:18] Poxa
[2017-09-05 19:23:22] Tinha que ser de noite kkkkk
[2017-09-05 19:23:26] Sad
[2017-09-05 19:25:28] Galera se quiserem posso ver no Lamas que tem insumo e em outros cantos, tenho mais de 100 brasagens, se quiserem um apoio, podem contar comigo, se é ipa e quiserem fugir do algoritmo posso ser o help desk!

Me chamem que resolvemos isso
[2017-09-05 19:26:14] precisamos de garrafas
[2017-09-05 19:36:37] Posso ver se consigo, quantos litros vcs estão fazendo?
[2017-09-05 19:38:09] Conseguimos fazer até 20 litros.
[2017-09-05 19:41:07] Cola lá. Sexta as 12h
[2017-09-05 19:48:13] Se vão brassar no feriado, vai demorar algumas semanas para precisar de garrafas
[2017-09-05 19:48:52] isso é verdade, mas ja temos que organizar
[2017-09-05 19:48:53] Foi mal. Ele falou que parou de vender recentemente :((
[2017-09-05 19:58:55] Vou pegar uns contatos, no grupo tem alguém perto de congonhas? Na lapa tem mais lugares tb
[2017-09-05 20:26:16] 10 da matilde é meio cedo pra mim, mas vou ver o que da pra fazer, não manjo dos insumos mas se tiver algo que eu possa buscat
[2017-09-05 20:26:33] Ipa é a minha preferida
[2017-09-05 20:35:28] photo: /home/felipe/devel/github_tvdstaaij/telegram-history-dump/output/media/Garoa_Hacker_Clube_(Público)/download_804723614_15032.jpg
[2017-09-05 20:37:32] Mais uma evidência de que a vida é promissora em todo o universo
[2017-09-05 20:37:44] "I want to believe"
[2017-09-05 20:41:59] rsrsrs
[2017-09-05 20:49:35] photo: /home/felipe/devel/github_tvdstaaij/telegram-history-dump/output/media/Garoa_Hacker_Clube_(Público)/download_804721975_38169.jpg
[2017-09-05 20:53:45] tem certeza que não tem um microfone wireless da ABIN dentro dessa latinha ?
[2017-09-05 20:53:51] photo: /home/felipe/devel/github_tvdstaaij/telegram-history-dump/output/media/Garoa_Hacker_Clube_(Público)/download_804721394_38775.jpg
[2017-09-05 20:55:24] photo: /home/felipe/devel/github_tvdstaaij/telegram-history-dump/output/media/Garoa_Hacker_Clube_(Público)/download_804724917_14523.jpg
[2017-09-05 20:56:49] Isso ta sendo uma geral na geladeira do garoa?
[2017-09-05 20:57:16] Dificil competir com um exército de alguns bilhões de colaboradores bacterianos... Tudo voluntário. Não têm chaves, mais de alguma forma conseguem entrar no Garoa. Deve ser tudo hackudo.
[2017-09-05 20:58:03] Faz Umas torradas com os paes velhos
[2017-09-05 21:08:32] photo: /home/felipe/devel/github_tvdstaaij/telegram-history-dump/output/media/Garoa_Hacker_Clube_(Público)/download_803114085_97757.jpg
[2017-09-05 21:09:09] photo: /home/felipe/devel/github_tvdstaaij/telegram-history-dump/output/media/Garoa_Hacker_Clube_(Público)/download_804724577_14447.jpg
[2017-09-05 21:09:22] Possa ajudar a arrumar isso tb
[2017-09-05 21:13:56] http://www.diycozyworld.com/33-amazing-and-meticulous-cleaning-tricks-for-the-ocd/
[2017-09-05 21:29:58] photo: /home/felipe/devel/github_tvdstaaij/telegram-history-dump/output/media/Garoa_Hacker_Clube_(Público)/download_804723454_15370.jpg
[2017-09-05 21:30:57] ai é foda
[2017-09-05 21:32:06] tu-dum-tsss!!!
[2017-09-05 21:32:11] Pelo menos tá lacrado
[2017-09-05 21:33:01] @cesarscavone esteve no Garoa essa semana e o papo foi muito legal!
[2017-09-05 21:33:57] Obrigado @fsanches ! Amanhã vou novamente e tenho novidades para o projeto de animação!
[2017-09-05 21:34:16] legal!
[2017-09-05 21:35:04] @cesarscavone mais info aqui: https://garoa.net.br/wiki/Garoa_Demo_Party_2017
[2017-09-05 21:35:06] Mas gente hahaha
[2017-09-05 21:49:50] Carlos Coelho joined
[2017-09-05 21:49:51] Hi Carlos !
