[2017-09-25 00:18:07] Tem espaço ainda
[2017-09-25 01:22:06] amiguitos
[2017-09-25 01:22:28] vamos parar de me mandar mensagem em pvt a 1 da manhã? @Whoisgvb
[2017-09-25 01:22:31] obrigada
[2017-09-25 01:22:34] Hahahaha
[2017-09-25 01:22:36] Perdão
[2017-09-25 01:22:38] :(
[2017-09-25 01:22:55] estou tentando dormir
[2017-09-25 01:23:56] Desculpe incomodar
[2017-09-25 01:24:00] Prometo que não faço mais
[2017-09-25 01:24:01] Juro
[2017-09-25 17:10:41] https://tarrafahc.github.io/
[2017-09-25 17:26:15] THC... 😂
[2017-09-25 18:45:04] Cola ae qualquer dia o/
[2017-09-25 18:52:45] :-D
[2017-09-25 21:39:54] https://wisdomfromafather.files.wordpress.com/2014/02/ziggy.jpg
[2017-09-25 21:46:06] rsrsrs
[2017-09-25 21:46:13] boa
[2017-09-25 21:52:42] Temos alguém no grupo que manja de midias socias, Youtubers, instagramers?
[2017-09-25 21:53:02] Você
[2017-09-25 21:53:37] Eu sou "youtuber" descompromissado. Meu canal tá meio abandonado.
[2017-09-25 21:53:56] Os veio não vale
[2017-09-25 21:54:19] Sera q tem alguem famosinho q curte o Garoa?
[2017-09-25 21:55:58] Consigo ajudar em alguma coisa com o instagram
[2017-09-25 22:02:11] Existe algo para saber?
[2017-09-25 22:07:47] Então, não sei, to tentando fazer um search em alguns nomes
[2017-09-25 22:07:54] Quem sabe da certo kkk
[2017-09-25 22:08:59] Bóson talvez kkkk
[2017-09-25 23:14:07] Maker Week começa amanhã https://www.sympla.com.br/sp-makerweek__174304
