[2016-05-30 00:27:16] Melhor lugar. ❤️
[2016-05-30 00:29:35] Obrigado por me adicionarem aqui
[2016-05-30 00:39:52] Oi, gente!  

Fui adicionada aqui, só acessei o Telegram agora e o grupo está com quase 500 mensagens.  

Tinha comentado com diversas pessoas que estou muito cansada de baixaria e de de barracos no Garoa e que somente leria as threads de ambas as listas durante a semana.

Com todo respeito, peço desculpas aos membros, os quais não pretendo verificar quem são, mas não me sinto à vontade para integrar grupos do Garoa no Telegram.

A experiência foi desastrosa com três grupos.  Imagino que o quarto grupo seja igualmente estressante para mim.

Beijos, muito obrigada e boa noite!  ❤️

Ceci
[2016-05-30 01:21:56] Boa noite Ceci
[2016-05-30 01:22:57] Espero que tenha gostado do Garoa Luiz, obrigada por ajudar na cozinha. Desculpe por ter deixado tão ruim. Não conseguimos terminar de limpar na noite mexicana.
[2016-05-30 02:01:24] @Yumizinha a comida mexicana estava ótima. Obrigado. Aliás, foi mal, quando eu fui embora você falou e eu nem respondi, foi a pressa. Desculpa. Mas obrigado, a comida estava ótima.
[2016-05-30 02:01:48] @Yumizinha TB gostei da oficina com as crianças, estava ótima
[2016-05-30 06:51:43] Take a look at @astro_timpeake's Tweet: https://twitter.com/astro_timpeake/status/737191006366519296?s=09
[2016-05-30 06:56:53] @Yumizinha e @Fabiohirano, muito legal sábado! Me diverti bastante e a comida estava ótima!
[2016-05-30 06:58:46] Você viu o jogo que o menino já fez após a oficina? Eu vou publicar ainda. O que mais curti foi o texto de descrição
[2016-05-30 06:59:38] Não vi!!!
[2016-05-30 06:59:54] https://scratch.mit.edu/projects/111741834/
[2016-05-30 07:00:06] Ele fez do dragon ball
[2016-05-30 07:03:29] Descrição: Instruções
PT BR

Para jogar voce devera chamar seu amigo
Como Jogar:o Piccolo movido com as teclas A,S,D,Q,W,E
Como Jogar:o Goku movido com as teclas J,K,L,U,I,O

OI sou Miguel construi esse jogo tenho 10 anos
tomarem que gostem do jogo eu fiz sozinho mas quem me 
ensinou a fazer foi GAROA HACKER CLUB.
Quem me ensinou:Alexandre e Fabio.
[2016-05-30 07:03:32] Auw! 😍
[2016-05-30 07:03:59] 😍
[2016-05-30 07:04:32] os personagens ficaram excelentes
[2016-05-30 07:05:07] 'procure autonomia' total!
[2016-05-30 07:05:16] Tem o golpe especial do goku
[2016-05-30 07:05:32] e campo de força
[2016-05-30 07:06:39] 😮
[2016-05-30 08:49:06] Congrats Villares!!
[2016-05-30 08:51:04] document: /home/felipe/devel/github_tvdstaaij/telegram-history-dump/output/media/Garoa_Hacker_Clube_(Público)/download_1842540969984064.webp
[2016-05-30 08:54:03] Que legal!! Essas crianças se hoje em dia aprendem muito rápido!
[2016-05-30 10:05:57] Rélou ALL
[2016-05-30 10:10:06] Queridos... e que querem fazer na hackermesse?
[2016-05-30 10:10:46] Já que estamos polêmicos podemos divulgar a barraca do tapa
[2016-05-30 10:11:20] Socuerro.
[2016-05-30 10:12:33] Não sei como funciona a hackermesse mas posso ajudar.
[2016-05-30 10:12:55] Então... Não tem regras de funcionamento
[2016-05-30 10:13:08] eh todo mundo que aparece ajuda
[2016-05-30 10:14:21] Esse vídeo me lembra a Hackids, vocês já viram?
[2016-05-30 10:14:30] https://www.youtube.com/watch?v=VzuBJTtwm3o
É do GitHub
[2016-05-30 10:30:35] Fabio Hirano added Oda
[2016-05-30 10:40:48] Falando em Hackermesse estarei tocando no estudio :)
[2016-05-30 10:41:16] document: /home/felipe/devel/github_tvdstaaij/telegram-history-dump/output/media/Garoa_Hacker_Clube_(Público)/download_271007106323185962.webp
[2016-05-30 10:55:45] Monica Rizzolli joined
[2016-05-30 10:56:23] Aê Monica, chega mais ; )
[2016-05-30 10:56:38] :)
[2016-05-30 11:41:49] George Silva joined
[2016-05-30 12:21:09] Fala pessoal!
[2016-05-30 12:22:09] Posso tirar uma dúvida em relação ao garoa?
[2016-05-30 12:22:47] Pode, é só perguntar
[2016-05-30 12:23:14] Existe esse tipo de coisa no garoa?
[2016-05-30 12:23:14] ainda postaram " OBS: Post repostado devido ao anterior ter sido deletado de forma DITATORIAL! Nós do Área31, em grande maioria LIBERTÁRIOS somos totalmente contra posturas ditatoriais e politicamente corretas. Ideologias de esquerda NÃO SÃO COMPATÍVEIS COM HACKERS!"
[2016-05-30 12:28:44] document: /home/felipe/devel/github_tvdstaaij/telegram-history-dump/output/media/Garoa_Hacker_Clube_(Público)/download_422091437182550033.webp
[2016-05-30 12:33:11] oi q
[2016-05-30 12:33:14] kd post original
[2016-05-30 12:33:21] querover
[2016-05-30 12:33:50] área31 é aquele hackerspace escroto de bh?
[2016-05-30 12:35:06] hoje descobri que sou uma incompatibilidade ambulante
[2016-05-30 12:37:00] @corvolino Sobre o que exatamente eh sua pergunta? Sobre o tipo de postagem, sobre deletar postagens ou sobre o tipo de ideologia?
[2016-05-30 12:39:52] Se a ideologia está à frente das pessoas. Se são preconceituosos com quem tem ideologias diferentes e se a maioria tem essa visão megalomaníaca de um hackspace.
[2016-05-30 12:45:16] Falando exclusivamente por mim, ja que nao falo pelo Garoa (alias, ninguem fala pelo Garoa), acredito que a pluralidade de ideologias eh saudave
[2016-05-30 12:46:33] No caso da afirmacao que voce encaminhou, minha percepcao eh que uma coisa nao tem a ver com a outra. Eh claro que ideologias e formas de pensar diferentes geram atritos, mas resolver esses atritos eh parte de vida e todo ser humano pensante deveria conseguir fazer isso sem bater nem espernear
[2016-05-30 12:46:57] Isso posto, acreito que a unica coisa que esta acima de tudo no Garoa eh o mote dele
[2016-05-30 12:47:05] BE EXCELLENT TO EACH OTHER
[2016-05-30 12:47:37] dizendo como uma hacker de esquerda, novamente, se aquilo fosse verdade eu seria uma incompatibilidade ambulante
[2016-05-30 12:47:43] Seguindo essa filosofia, independente de que linha politica, religiosa, futebolistica, culinaria voce sigam sera bem vindo no nosso espaco
[2016-05-30 12:47:51] como gosto de pensar que isso não é verdade, logo a afirmação deles é falsa
[2016-05-30 12:47:54] lógica booleana
[2016-05-30 12:48:36] (digo voce, mas quero dizer qualquer pessoa, animal ou planta)
[2016-05-30 12:49:00] e mineral?
[2016-05-30 12:49:24] Soh no Starcraft
[2016-05-30 12:49:40] você precisa construir mais pylons
[2016-05-30 12:49:50] Soh jogo de Terran
[2016-05-30 12:53:15] Como visitante esporádico do Garoa, devo dizer que me sinto confortável com a mediação ideológica que se opera no local da sede. Consigo conversar de modo respeitoso com pessoas de diferentes orígens e visões políticas, e os limites parecem bem claros e a convivência pacífica acontece. Prefiro me envolver menos nas discussões de lista e primar pelo contato lá sempre que posso.
[2016-05-30 12:54:04] bem isso mesmo. no meatspace nunca tive problemas, os atritos ideológicos acontecem mais só mesmo nas listas
[2016-05-30 12:54:15] é mais fácil tretar da segurança de trás de um teclado
[2016-05-30 12:54:18] Não tem nada a ver?
[2016-05-30 12:54:22] Ok..
[2016-05-30 12:55:16] Não fiz nenhuma afirmação, e me classifico como um visitante esporádico do Garoa. Gostaria de delimitar bem meu ponto de vista e opinião.
[2016-05-30 12:56:59] Quem falou que nao tem nada a ver fui eu, e eh o que eu acho. Acho que eh possivel ser ativista hacker, ser hacker, e hackear (dentro das definicoes que acreditamos no Garoa) independente de visao politica . De novo, falo por mim e nao pelo Garoa.
[2016-05-30 12:57:45] Agora sim entendi, obrigado
[2016-05-30 13:03:21] Wow, quase tinha deixado passar esse video! Que bonitinho! =)
[2016-05-30 13:08:01] Bem legal mesmo!
[2016-05-30 13:09:24] adorei
[2016-05-30 13:14:38] Ricardo Grego joined
[2016-05-30 13:18:21] twitter
[2016-05-30 13:18:31] pfff
[2016-05-30 13:19:03] https://twitter.com/garoahc/status/737284327868903424
[2016-05-30 13:19:12] :) agora sim
[2016-05-30 13:50:22] Esse vídeo é um amor, mostrei para minhas irmãzinhas (9 e 7 anos) antes de fazermos a hora do código juntas
[2016-05-30 13:53:24] que bacana! Traga as meninas pra BSides!
[2016-05-30 13:58:34] Vai ter eventos para crianças lá?
[2016-05-30 14:15:07] siiiim
[2016-05-30 14:15:25] Teremos duas atividades com churrasco pra todos
[2016-05-30 14:16:01] E dependendo de como for, podemos trazer kit pra montar robô de lego e fazer seguidor de linha
[2016-05-30 14:17:57] nossa, saudades lego mindstorms
[2016-05-30 14:18:11] pena que mesmo a primeira versão da década de 90 ainda é cara pra cacete
[2016-05-30 14:18:17] como tudo antigo nesse país
[2016-05-30 14:18:21] "RARIDADE ! ! ! ! !"
[2016-05-30 14:23:01] Pessoal, já saiu a grade do BSides ?
[2016-05-30 14:28:07] SIM 

http://latam.securitybsides.com.br/agenda/
[2016-05-30 14:28:14] =)
[2016-05-30 14:28:48] adorei os nomes dos espaços
[2016-05-30 14:28:51] tá de parabéns
[2016-05-30 14:28:56] erin... Temos um shield que adapta o mindstorm pra arduino
[2016-05-30 14:29:03] omg!!!
[2016-05-30 14:29:12] Que precisamos hackear... =)
[2016-05-30 14:29:17] mimdá
[2016-05-30 14:29:29] nao
[2016-05-30 14:29:32] :c
[2016-05-30 14:29:35] #magoei
[2016-05-30 14:30:43] document
[2016-05-30 14:30:47] @Fabiohirano adoro trecos com nomes esquisitos
[2016-05-30 14:31:37] tô ansiosa pra essa bsides
[2016-05-30 14:35:59] Treco jah eh um nome bem esquisito na verdade
[2016-05-30 14:36:22] Valeu!
[2016-05-30 15:26:27] galera, tenho um kit mindstorms pegando poeira, o que posso fazer com ele? deve ter peças faltando mas o controlador, sensores e motores funcionam bem
[2016-05-30 15:27:51] dápramim
[2016-05-30 15:28:20] vem com cd pra instalr o app no windows
[2016-05-30 15:28:24] suporte windows 95
[2016-05-30 15:28:31] vou colocar no toshiba
[2016-05-30 15:28:50] eu tava pensando em deixar no garoa
[2016-05-30 15:29:02] agora que vou frequentar mais talvez acabe os roubos
[2016-05-30 15:30:58] pq vou nos dias e horarios diferentes do geral e eu sempre pergunto o que a pessoa ta fazendo, inclusive o objetivo dela no espaço
[2016-05-30 15:31:37] nao podemos deixar os neofitos chegar e ficar la e ngm sabe quem é ou o que é e objetivo
[2016-05-30 15:32:00] tem que ser uma cultura fazer essas perguntas pros novatos
[2016-05-30 15:38:15] Até pra incluir no espaço... legal
[2016-05-30 15:38:39] O kit pode casar bem com o meu shield
[2016-05-30 15:38:51] quero quero quero
[2016-05-30 15:40:02] vou levar pra la na proxima
[2016-05-30 15:40:24] acho que as borrachas da esteira tá boa ainda
[2016-05-30 15:40:30] agora os pneus já elvis
[2016-05-30 15:41:15] Nosso kit é o ev3 e os motores são incompatíveis com o shield. Só sensor funfa. A gente quer ver se consegue gambiarrar mas pro nxt pega bem
[2016-05-30 15:41:32] na minha época era rcx
[2016-05-30 15:41:38] que deve ser o que o afonso tem
[2016-05-30 15:41:41] ligava na serial...
[2016-05-30 15:41:44] controlador e sensor são caros
[2016-05-30 15:41:58] tem um RCX perdido no garoa que eu sei
[2016-05-30 15:42:15] humm
[2016-05-30 15:43:39] document: /home/felipe/devel/github_tvdstaaij/telegram-history-dump/output/media/Garoa_Hacker_Clube_(Público)/download_242014651146043955.ogg
[2016-05-30 15:43:47] document: /home/felipe/devel/github_tvdstaaij/telegram-history-dump/output/media/Garoa_Hacker_Clube_(Público)/download_421937053_83939.jpg
[2016-05-30 15:44:04] (Ignorem, Telegram doidão)
[2016-05-30 15:44:17] uhum.. "telegram"
[2016-05-30 15:44:23] ou é problema de BIOS :p
[2016-05-30 15:45:55] document: /home/felipe/devel/github_tvdstaaij/telegram-history-dump/output/media/Garoa_Hacker_Clube_(Público)/download_242014651146043956.ogg
[2016-05-30 15:49:26] Na vdd é o contrário: os motores funfam, os sensores não (ainda)
[2016-05-30 16:04:03] Pessoal
Já que esse é o grupo [oficial, público, super grupo, e inclusivo] do Garoa, pq não anunciamos ele na lista pública? Ou já foi anunciado e eu não vi a msg?
[2016-05-30 16:04:34] eu tenho um kkkk
[2016-05-30 16:04:34] hihihi...
[2016-05-30 16:04:37] quem for anunciar é só linkar http://telegram.me/GaroaHC
[2016-05-30 16:04:44] apenas lembrando
[2016-05-30 16:08:54] A bsides vai ser muito boa para o cenário de CTF desse ano
[2016-05-30 16:47:57] Podemos tentar fazer funcionar no Linux:
http://tldp.org/HOWTO/Lego/

Inclusive usando Python:
http://tldp.org/HOWTO/Lego/pylnp.html
[2016-05-30 16:48:31] Está na página inicial da Wiki... mas não sei se já anunciaram no grupo.
[2016-05-30 16:51:45] era o mesmo link publicado inicialmente no grupo
[2016-05-30 16:56:14] Já tá anunciado na página principal do nosso Wiki
[2016-05-30 16:56:52] se quiserem anunciar na lista, pode ser. Mas eu curto mais o experimento de receber pessoas novas devagarinho conforme elas visitam o wiki e descobrem que o grupo existe
[2016-05-30 16:56:57] nada contra divulgar na lista, claro
[2016-05-30 16:58:05] só minha cabeça de cientista maluco pensando em voz alta mesmo... querendo observar as pessoas entrando aos poucos... até pra dar tempo de darmos a devida atenção pra cada novo visitante (bem na linha do que o Afonso falou sobre os visitantes no espaço físico)
[2016-05-30 16:59:07] @AlexandreVillares minha filha disse que o professo era muito bacana kkk
[2016-05-30 17:08:05] Pai da Mari?
[2016-05-30 17:09:42] A quem estiver no Garoa agora: guarde todas as notinhas fiscais que estiverem por aí, por favor. Obrigado
[2016-05-30 17:19:03] :D ganhei o dia!
[2016-05-30 18:18:41] @mynameiserin o meu não chega a ser antigo assim, acho que é o primeiro nxt
[2016-05-30 18:19:08] achei que o único que rodava em win95 era o RCX
[2016-05-30 18:19:19] o controlador é amarelo ou é cinza?
[2016-05-30 18:19:57] cinza
[2016-05-30 18:20:11] é o aplicativo de blocos que vem no cd
[2016-05-30 18:20:14] que roda no wind95
[2016-05-30 18:20:48] sim, eu achei que esse era só pro RCX
[2016-05-30 18:20:49] que veio no kit
[2016-05-30 18:20:59] achei que o do NXT já era pra xp ou similar
[2016-05-30 18:21:06] tendi
[2016-05-30 18:21:47] cheguei a brincar com o RCX e o programa por volta de 2004/5 quando eu fazia um curso de robótica no objetivo
[2016-05-30 18:21:47] 2004/5 = 400.8
[2016-05-30 18:22:09] mano, vou tirar esse bot
[2016-05-30 18:22:11] sérião
[2016-05-30 18:22:16] aeuyaheuaheua
[2016-05-30 18:22:20] esses calculos ai
[2016-05-30 18:22:28] 1/0
[2016-05-30 18:22:29] 1/0 = Infinity
[2016-05-30 18:22:36] ele tinha que fazer esses calculos num grupo de humanas
[2016-05-30 18:23:27] ou no grupo da galera do micropython
[2016-05-30 18:23:50] deve ter um jeito de quebrar esse bot, ia ser muito legal
[2016-05-30 18:24:00] so ver no codigo fonte
[2016-05-30 18:24:09] tenho outras coisas pra fazer
[2016-05-30 18:24:13] vou voltar pra elas
[2016-05-30 18:24:19] kkkk
[2016-05-30 18:24:24] hehehehe!
[2016-05-30 18:24:26] 1/3
[2016-05-30 18:24:28] 1/3 = 0.3333333333333333
[2016-05-30 18:26:26] sqrt(4)
[2016-05-30 18:27:02] 3*1/3
[2016-05-30 18:27:04] 3*1/3 = 1
[2016-05-30 18:27:36] 2^3
[2016-05-30 18:27:44] 2**2
[2016-05-30 18:27:52] 0.33333333333333333333333*3
[2016-05-30 18:27:54] 0.33333333333333333333333*3 = 1
[2016-05-30 18:28:03] 0.33333333*1
[2016-05-30 18:28:04] ai que burro
[2016-05-30 18:28:04] 0.33333333*1 = 0.33333333
[2016-05-30 18:28:07] Eduardodo:
0.33333333333333*3
[2016-05-30 18:28:08] 0.33333333333333*3 = 0.99999999999999
[2016-05-30 18:28:08] ops
[2016-05-30 18:28:12] 1/10+2/10
[2016-05-30 18:28:17] 1/10+2/10 = 0.30000000000000004
[2016-05-30 18:28:18] isso
[2016-05-30 18:28:52] Aurium, o que você sabe fazer?
[2016-05-30 18:29:05] /help@AuriumBot
[2016-05-30 18:29:06] O meu objetivo é interagir de forma natural, mas sem causar floods em grupos. 
 
Eu posso: 
Responder a "o que é [alguma coisa]?" com uma busca na Wikipedia e Google. 
Responder a "onde fica [algum lugar]?" com uma busca no Google Maps. 
Calcular expressões algébricas nas frases, tipo "tenho (38+52)/6 bananas". 
Gerar áudio do texto que você quiser após a palavra "diga". 
Responder a "que horas são?" de uma forma humana. 
Jogar velha. (é só me pedir!) 
Te trazer notícias. Escreva "rss help" para saber mais. 
Gerir suas tarefas. Escreva "todo help" para saber mais. 
 
Se precisar, fale com @Aurium.
[2016-05-30 18:29:25] com disse o DQ:
[2016-05-30 18:29:27] todo bot eh burro
[2016-05-30 18:29:34] document: /home/felipe/devel/github_tvdstaaij/telegram-history-dump/output/media/Garoa_Hacker_Clube_(Público)/download_594142595790147872.mp3
[2016-05-30 18:29:44] diga blabla
[2016-05-30 18:29:45] document
[2016-05-30 18:30:04] todo help
[2016-05-30 18:30:05] Eu posso gerenciar tarefas no modelo todo.txt
Os comandos são:
• todo list mostra as tarefas registradas neste canal;
• todo done <num> marca a tarefa como concluída;
• todo update <num> <propriedade> <valor> modifica uma tarefa;
• todo download envia o arquivo todo.txt deste canal;
• todo: <algum texto> registra uma nova tarefa.

Tarefas podem ter um deadline. Esta deve ser a última informação na tarefa e deve ser escrita no formato ISO.
Exemplo: 2016-05-30T21:30:04
[2016-05-30 18:30:13] todo: bot eh burro
[2016-05-30 18:30:13] Tarefa "2016-mai-30 21:30 bot eh burro" adicionada.
[2016-05-30 18:30:29] todo list
[2016-05-30 18:30:30] Tarefas registradas:
0: 2016-mai-30 21:30 bot eh burro
[2016-05-30 18:32:18] hahahaha
[2016-05-30 18:32:21] hahahaha
[2016-05-30 18:32:23] :-)
[2016-05-30 18:39:14] Todo amor que houver nessa vida
[2016-05-30 18:39:30] todo: tentar deixar de ser um bot burro
[2016-05-30 18:39:30] Tarefa "2016-mai-30 21:39 tentar deixar de ser um bot burro" adicionada.
[2016-05-30 18:39:41] todo: amor que houver nessa vida
[2016-05-30 18:39:42] Tarefa "2016-mai-30 21:39 amor que houver nessa vida" adicionada.
[2016-05-30 18:39:55] todo list
[2016-05-30 18:39:56] Tarefas registradas:
0: 2016-mai-30 21:30 bot eh burro
1: 2016-mai-30 21:39 tentar deixar de ser um bot burro
2: 2016-mai-30 21:39 amor que houver nessa vida
[2016-05-30 18:40:28] photo: /home/felipe/devel/github_tvdstaaij/telegram-history-dump/output/media/Garoa_Hacker_Clube_(Público)/download_120138932577894477.webp
[2016-05-30 18:41:30] document: /home/felipe/devel/github_tvdstaaij/telegram-history-dump/output/media/Garoa_Hacker_Clube_(Público)/download_421938594_84706.jpg
[2016-05-30 18:42:13] photo: /home/felipe/devel/github_tvdstaaij/telegram-history-dump/output/media/Garoa_Hacker_Clube_(Público)/download_532531981418758150.mp3
[2016-05-30 18:43:35] photo: /home/felipe/devel/github_tvdstaaij/telegram-history-dump/output/media/Garoa_Hacker_Clube_(Público)/download_421939684_85329.jpg
[2016-05-30 18:43:42] Saco, cliquei no errado.
[2016-05-30 18:44:05] photo: /home/felipe/devel/github_tvdstaaij/telegram-history-dump/output/media/Garoa_Hacker_Clube_(Público)/download_421939433_84919.jpg
[2016-05-30 18:45:10] 1/0
[2016-05-30 18:45:13] 1/0 = Infinity
[2016-05-30 18:45:23] NaN
[2016-05-30 18:45:34] Indefinido
[2016-05-30 18:48:03] 5/(1-1)
[2016-05-30 18:48:05] 5/(1-1) = Infinity
[2016-05-30 18:48:07] talvez a gente vá precisar mesmo
[2016-05-30 18:50:21] Aurium, você só faz matemática besta?
[2016-05-30 18:50:26] @AuriumBot diga Afonso gosta de MicroPython!
[2016-05-30 18:50:28] document: /home/felipe/devel/github_tvdstaaij/telegram-history-dump/output/media/Garoa_Hacker_Clube_(Público)/download_594142595790147873.mp3
[2016-05-30 18:50:57] x**2 = 4
[2016-05-30 18:50:58] acho que faltou um não na frase........
[2016-05-30 18:52:38] So aritmética do fundamental, Vinicius.
[2016-05-30 18:52:56] poxa é fácil implementar algebra linear
[2016-05-30 18:53:03] logo logo vai ter geometria no bot
[2016-05-30 18:53:10] o codigo eh aberto
[2016-05-30 18:53:29] manda o patch
[2016-05-30 18:53:41] vou fazer isso
[2016-05-30 18:53:43] muito legal
[2016-05-30 18:53:49] 👍
[2016-05-30 18:53:54] vou aproveitar e integrar com minha lib de geometria analítica
[2016-05-30 18:53:58] para ver se dá pra fazer algo
[2016-05-30 19:04:47] uia!
[2016-05-30 19:05:03] www.github.com/vmesel/geomath/
[2016-05-30 19:05:18] legal essa lib.
[2016-05-30 19:05:31] Pou valeu gabriel
[2016-05-30 19:05:53] estou lendo ela agora.
[2016-05-30 19:06:05] Desconsidere alguns bugs dela
[2016-05-30 19:06:34] time-lapse da expansão do habitat da Bigellow na Estação Espacial alguns dias atrás. https://www.youtube.com/watch?v=5qNP5KELIWk
[2016-05-30 19:46:22] Bot, isso é somente um teste, tem alguém no RaulHC?
[2016-05-30 19:46:23] Parece que não tem gente no RaulHC agora.
[2016-05-30 20:29:08] Ma joined
[2016-05-30 20:41:58] Gente olha que demais essa proposta do PyLadies! http://www.meetup.com/PyLadiesSP/events/231500435/?eventId=231500435&a=socialmedia
[2016-05-30 20:43:03] Só não vou com a Sandra pq vamos estar juntos na BSides <3 Garoa
[2016-05-30 20:46:59] Assim fica mais gráfico haha
[2016-05-30 20:46:59] photo: /home/felipe/devel/github_tvdstaaij/telegram-history-dump/output/media/Garoa_Hacker_Clube_(Público)/download_702415186_98154.jpg
[2016-05-30 20:46:59] Rá!
[2016-05-30 20:54:48] Villares, o dia que precisamos de ajuda é o dia 12
[2016-05-30 20:55:07] 11 é só treinamentos e não tem mesinha
[2016-05-30 20:55:56] O que é polaina?
[2016-05-30 20:55:57] A Wikipédia diz que "Polaina é o nome de uma peça de roupa, que geralmente é de lã, que se usa por cima do sapato, cobrindo o peito do pé.

Ela também é usada para proteger a parte superior da perna e o peito do pé." 
Saiba mais sobre Polaina.
[2016-05-30 21:02:13] Onde vai ser?
[2016-05-30 21:02:34] Esse negocio do pylides
[2016-05-30 21:05:10] Em São Paulo
[2016-05-30 21:13:23] igual a caixa de associado estar no depósito?
[2016-05-30 21:19:53] Ah, sábado eu trabalho:(
[2016-05-30 21:22:03] Afonso, nas competições oficiais de esgrima usamos uma polaina com o nome da nossa afiliação/academia.
[2016-05-30 21:59:51] 👍👍
[2016-05-30 22:38:13] Ai @vmesel confira esse twitter https://twitter.com/gvanrossum/status/737438918799282178
[2016-05-30 22:38:31] THANKS FUCKING GOD
[2016-05-30 22:38:54] kkk
