[2016-07-08 00:37:26] Não faço ideia, hahahaha... tem morcegos no cemitério perto da casa dos meus pais...
[2016-07-08 01:37:37] Para quem puder ajudar... Os jovens do Instituto alpha-lumen, de SJC, estão fazendo 1 vaquinha p poderem participar do CTF do Roadsec:
https://www.vakinha.com.br/vaquinha/ajude-a-0wnz-a-participar-do-hackaflag-sp-2016
[2016-07-08 05:32:05] pinned the message
[2016-07-08 10:16:31] Jedaias Rodrigues joined
[2016-07-08 12:19:39] Fernanda está no grupo?
[2016-07-08 12:20:52] Não vou ajudar não... eles são muito bons. Cansei de apanhar de criança em CTF. É humilhante demais. rsrsrs
[2016-07-08 12:47:00] Eu sou do 0wnz e vou jogar.
[2016-07-08 13:22:43] Qual a sua idade? Fiquei curioso agora haha
[2016-07-08 13:23:07] Vocês todos são menores de 18?
[2016-07-08 13:24:28] Sim
[2016-07-08 13:25:07] 12 anos
[2016-07-08 13:25:24] Kkkkkkkkkkkkkkkkkkkkkkkkkkkkkk
[2016-07-08 13:30:00] document: /home/felipe/devel/github_tvdstaaij/telegram-history-dump/output/media/Garoa_Hacker_Clube_(Público)/download_802332952_109413.jpg
[2016-07-08 13:41:10] Que demais!
[2016-07-08 13:44:47] Quantos anos você tem, tio?
[2016-07-08 14:05:43] Eu tenho 19
[2016-07-08 14:06:28] Estudo hacking por diversão mesmo.
[2016-07-08 14:06:38] Comecei esse ano
[2016-07-08 14:07:13] só tem hackudo
[2016-07-08 14:07:40] @TheSeventhGod vamo fazer o melô do hackudão
[2016-07-08 14:37:07] Hahaha
[2016-07-08 14:38:56] https://twitter.com/nasahqphoto/status/751379159788781569
[2016-07-08 14:39:36] https://www.youtube.com/watch?v=mUfy61k7wRE
[2016-07-08 14:40:46] boa
[2016-07-08 14:40:47] ja tem
[2016-07-08 14:40:59] vamo entrar em contato com esse mc
[2016-07-08 14:42:19] Pior q eu já pensei em algo assim, hahaa vamo mano
[2016-07-08 14:42:19] https://pbs.twimg.com/tweet_video/Cm1vUB-WgAALKtK.mp4
[2016-07-08 16:01:46] Bora criar o MC Hackão,estúdio já tem
[2016-07-08 16:55:57] Q tipo de firmware? Começo escovando bits
[2016-07-08 17:26:09] Olá conheci a garoa esses dias, e queria conhecer a sede de vocês. Hoje tem algum evento?
[2016-07-08 17:35:20] Hoje tem "nós robôs"
[2016-07-08 17:53:13] Legai.. Nos conheceu por onde?
[2016-07-08 17:53:27] Vejam o que é possível fazer com uma impressora 3D:
https://youtu.be/mAflS_s_aqo
[2016-07-08 17:57:17] Bem vindo ao grupo do Garoa Hacker Clube, Ygor...
[2016-07-08 17:57:59] qm ta jogando pokemon go?
[2016-07-08 17:58:06] photo: /home/felipe/devel/github_tvdstaaij/telegram-history-dump/output/media/Garoa_Hacker_Clube_(Público)/download_803730568_16540.jpg
[2016-07-08 17:59:23] me livrei do ruindows phone agora posso jogar isso
[2016-07-08 17:59:26] queria os cheats
[2016-07-08 18:29:23] lista email do garoa nao tem mais ninguem
[2016-07-08 18:49:44] Email is dead?
[2016-07-08 18:50:35] email = coisa seria
[2016-07-08 18:50:41] aqui = o resto
[2016-07-08 19:03:30] Email esta velho demais, alguém precisa criar uma nova versão de SMTP
[2016-07-08 19:08:51] mas o que daria pra melhorar no email sem ter que mexer nos clientes de email atuais e que ainda daria pra usar os emails antigos?
[2016-07-08 19:08:59] essa é a questão
[2016-07-08 19:12:34] Tem que fazer encaixar com este formato de chat de algum jeito
[2016-07-08 19:12:50] Eu conheci através de uma pesquisa que estava fazendo sobre capture the flag
[2016-07-08 19:13:13] E obrigado a galera!
[2016-07-08 19:13:35] Sem chat é complicado hj
[2016-07-08 19:24:01] Remix de piada por causa do Pokémon GO
[2016-07-08 19:26:42] Hiding a payload in PNG files with Python
http://blog.brian.jp/python/png/2016/07/07/file-fun-with-pyhon.html
[2016-07-08 19:38:25] Olá Erin, achei esse também: http://pt.aliexpress.com/store/product/upgraded-version-for-arduino-kit-UNO-r3-development-board-kit-containing-membrane-keypad/1825161_32687641290.html

O que você acha?
[2016-07-08 19:40:56] Comprei esse mas minha compra foi cancelada e o AliExpress pediu para enviar foto de um documento e do cartão de crédito. Achei muito estranho. Já aconteceu isso com alguém? 

Quando fui tentar comprar de novo já tinha se esgotado
[2016-07-08 19:48:47] Nunca aconteceu comigo.
[2016-07-08 20:10:53] Ahauahua você é engraçado de mais, vou fazer 15 anos, mais o importante é o conhecimento.
