[2017-02-06 00:37:23] @michaelhoward9 tirou foto?
[2017-02-06 00:37:58] photo: /home/felipe/devel/github_tvdstaaij/telegram-history-dump/output/media/Garoa_Hacker_Clube_(Público)/download_804201012_10742.jpg
[2017-02-06 00:39:02] ✌✌😁😁😁
[2017-02-06 00:39:29] 13 pessoas, já tá bom pro primeiro encontro né?
[2017-02-06 00:39:41] https://goo.gl/photos/jo1TAPDkFTGSjEHc8
[2017-02-06 00:40:44] Creio que qualquer número maior que zero é um sucesso
[2017-02-06 01:08:11] Hauahau, entoa tá otimo
[2017-02-06 01:10:42] Que fotão
[2017-02-06 01:48:10] Boa noite
[2017-02-06 07:18:42] Primeira Noite de Processing tinha 4 pessoas se não me engano.
[2017-02-06 09:16:23] photo: /home/felipe/devel/github_tvdstaaij/telegram-history-dump/output/media/Garoa_Hacker_Clube_(Público)/download_3070231601742076.webp
[2017-02-06 10:02:31] Mirlene Oliveira joined
[2017-02-06 10:02:32] Hi Mirlene !
[2017-02-06 10:03:42] sonhei que um sujeito tinha chego no garoa e queria colocar todas nossas senhas num papel colado na parede pra evitar o problema de esquecer alguma delas
[2017-02-06 10:04:10] Esse sonho parece bem real
[2017-02-06 10:04:12] infelizmente não tive consciência suficiente de que aquilo era um sonho pra espancar o moleque
[2017-02-06 10:05:29] e antes disso alguém estava ignorando o oda e por isso ele ficou bravo e foi embora
[2017-02-06 10:09:15] document: /home/felipe/devel/github_tvdstaaij/telegram-history-dump/output/media/Garoa_Hacker_Clube_(Público)/download_803120266_2717.jpg
[2017-02-06 10:11:41] Típico do Oda haha
[2017-02-06 10:43:34] Na verdade o Oda iria ficar enchendo o saco até a gente parar de ignora-lo
[2017-02-06 10:44:00] Óbvio. Fui irônica
[2017-02-06 10:44:44] Até pq ignorar o Oda é impossível
[2017-02-06 10:50:30] http://sharewareonsale.tradepub.com/free/w_wile229/
[2017-02-06 11:49:56] quem eh sabio nao me ignora, e sim aproveita para despertar o slack
[2017-02-06 15:29:35] ta
[2017-02-06 18:14:49] photo: /home/felipe/devel/github_tvdstaaij/telegram-history-dump/output/media/Garoa_Hacker_Clube_(Público)/download_803116984_2712.jpg
[2017-02-06 18:15:56] photo: /home/felipe/devel/github_tvdstaaij/telegram-history-dump/output/media/Garoa_Hacker_Clube_(Público)/download_803118695_2617.jpg
[2017-02-06 18:15:57] photo: /home/felipe/devel/github_tvdstaaij/telegram-history-dump/output/media/Garoa_Hacker_Clube_(Público)/download_804206522_4589.jpg
[2017-02-06 18:18:58] Se a galera de TI for criar um bloco de Carnaval, seguem sugestões de nomes:

* Todo mundo null
* Array até o chão
* Pega no meu Python
* Hoje dou exception
* Manda Node
* Orienta meu objeto
* Só no back-end
* Esse anel não é de Ruby
* Bloco das startups: Me acelera que eu desenvolvo
* Quer uma máquina minha?
* Bloco de notas
* Tá Arduíno assopra
* Batch que eu gamo (ou byte que eu gamo)
* Bloco das QArmelitas
* Shell na terra
* Xor da Xuxa
* SPAMta neném
* EnCACHE aqui
* Não valho nada mas JAVA li
[2017-02-06 18:19:15] roubartilhado do facebook hein
[2017-02-06 18:20:58] acho que foi ano passado, alguém deu a idéia de "bad block"
[2017-02-06 18:22:30] ...block-chain :-)
[2017-02-06 18:22:41] boa
[2017-02-06 18:36:36] Bloco do Raspe e Berre, Pai!
[2017-02-06 18:46:46] Shell na Terra 😉
[2017-02-06 18:50:04]  joined
[2017-02-06 18:50:04] Hi Pedro !
[2017-02-06 19:21:25] mto bom!! spameei a vida 😂
[2017-02-06 19:21:57] 😂
[2017-02-06 19:24:18] document: /home/felipe/devel/github_tvdstaaij/telegram-history-dump/output/media/Garoa_Hacker_Clube_(Público)/download_532577039920667540.mp4
[2017-02-06 19:34:22] E o prêmio de melhor trocadilho do carnaval vai para @fsanches
[2017-02-06 19:38:16] document: /home/felipe/devel/github_tvdstaaij/telegram-history-dump/output/media/Garoa_Hacker_Clube_(Público)/download_328774854541050158.webp
[2017-02-06 19:40:52] 👏🏻 exato
[2017-02-06 19:57:16] Eu tenho uma meio pornográfica, pode?
[2017-02-06 19:58:14] lá vem...
[2017-02-06 20:09:25] Sabe aquele bloco que o pessoal bebe muito e acorda meio dolorido, o nome já ajuda lembrar o que não fazer, Bloco No deM CU
[2017-02-06 20:15:28] Primeiro hackespace de Maceió, Sera um local colaborativo para entusiastas de tecnologia realizem seus projetos em diversas áreas, como segurança, hardware, eletrônica, robótica, software, biologia, música, artes plásticas ou o que mais a criatividade permitir. Em outras palavras, é um laboratório comunitário que fomenta a troca de conhecimento e experiências, um local onde pessoas podem se encontrar, socializar, compartilhar e colaborar. No inicio sempre e mais complicado por isso abrimos uma vakinha para receber doações, já temos o local, ele já está quase todo pintado, mas faltam os moveis, aluguel, decoração, e os outros gastos adicionais. quem tiver interesse em ajudar e participar fique a vontade, o link da vakinha tá ai
 https://www.vakinha.com.br/vaquinha/hacker-space-maceio
[2017-02-06 20:35:23] document: /home/felipe/devel/github_tvdstaaij/telegram-history-dump/output/media/Garoa_Hacker_Clube_(Público)/download_41149003626184917.webp
[2017-02-06 20:44:18] 😕 Não gostei. Não é legal insinuar o que as pessoas devem ou não fazer. Note que não é problema ser "pornográfico". O problema é outro. Não foi legal.
[2017-02-06 20:51:50] Qualé a bucha?
[2017-02-06 21:43:56] Bloco Node outros é Refresco
[2017-02-06 21:44:40] Pessoal que manja dos ecommerce
[2017-02-06 21:44:58] Tenho uma entrevista e estou meu desatualizado
[2017-02-06 21:45:15] Qual cms estilo magneto da onda agira
[2017-02-06 21:45:18] ?
[2017-02-06 22:06:28] Acho que não entendi nem o trocadilho. Não sei, confuso
[2017-02-06 22:13:37] Epic
[2017-02-06 22:39:59] OpenCart é o que mais curto
[2017-02-06 22:51:14] WordPress + woocomerce
[2017-02-06 23:09:12] Não, jovem! Tô tentando te arrumar um emprego na Capital e você dá uma dessas?!?
[2017-02-06 23:14:00] KKKK
[2017-02-06 23:16:49] Gostei geostei muito
