[2017-12-04 00:12:15] Sim..  Só comprar cartucho. Perdi o cabo... Mas ela é wireless
[2017-12-04 00:13:12] Tenho o cabo de energia...
Perdi o cabo de dados..  Mas da pra imprimir com memory card ou wireless
[2017-12-04 00:19:25] Tenho um projeto de redirecionamento de dispositivos sem uso para crianças/familias que não tenham condições, agosto dei um tempo por causa da correria, janeiro retomo
[2017-12-04 00:24:22] Hj em dia o maior problema na perifa nem se trata tanto de hardware e sim acesso a internet, as operadoras não instalam internet fixa em vielas, 4G funciona muito mal nas quebradas
[2017-12-04 00:39:10] Eu tenho uma igual... o cabo de dados é o mesmo do Arduino Uno, e já tem lá no Garoa...
[2017-12-04 00:59:15] Vai ter festinha de final de ano no Garoa ?
[2017-12-04 07:34:51] ta em chines, mas tem!
[2017-12-04 08:57:10] Pra quem curtiu a palestra de Infosec do Nelson Brito na Roadsec ou queria ter visto...
[2017-12-04 08:57:11] https://www.meetup.com/pt-BR/Garoa-Hacker-Clube/events/245633992/
[2017-12-04 08:57:19] DOS: FROM "GALACTIC NETWORK" TO "SERVICE UNAVAILABLE”
[2017-12-04 11:50:43] Voces viram o novo  Doodle do Google? Que é sobre lógica de programação?
[2017-12-04 11:50:59] https://g.co/doodle/xyjjsc?ds=cl
[2017-12-04 12:19:09] photo: /home/felipe/devel/github_garoa/Telegram_logs_Garoa_Hacker_Clube_Publico/media/Garoa_Hacker_Clube_(Público)/download_805513373_54885.jpg
[2017-12-04 12:26:07] exceto que "LEVE PARA CONSERTAR AGORA" deveria ser "CONSERTE AGORA"
[2017-12-04 12:26:35] Esse diagrama parte do pressuposto que as pessoas não sabem consertar as coisas. Como posso levar esse diagrama a sério ?!
[2017-12-04 12:27:30] Eu adoraria participar disso
[2017-12-04 12:57:32] Galera
[2017-12-04 12:57:40] Eu esqueci meu carregador no garoa
[2017-12-04 12:57:49] Carregador de celular
[2017-12-04 12:59:38] Está nada. Trocaram a controladora chinesa por uma Ramps
[2017-12-04 13:45:32] Alguém sabe de algum material/livro  que trata sobre a documentação de um projeto? Tudo que eu acho são tópicos do tipo: "10 coisas que você tem de saber" ou dicas perdidas
[2017-12-04 14:59:13] Tem um monte, nenhum deles serve pra nada. Cada ambiente corporativo eh um pantano diferente com regras proprias.
[2017-12-04 15:06:07] Havia digitado e não mandei, desculpa gente
[2017-12-04 15:10:47] Cara, documentar algo é literalmente fazer as pessoas entenderem seu código ou melhor ainda, fazer eles acreditarem que seu código funciona sem nem olhar pra ele
[2017-12-04 15:11:08] Então enquanto você fazer as pessoas entenderem seu código, tá ótimo
[2017-12-04 15:12:05] Então a regra de ouro é: bom senso?
[2017-12-04 15:18:18] Os argentinos do grupo PVM (Pungas de Villa Martelli) fizeram uma demo de Commodore 64 para o Garoa. Trata-se de um "music disk" com canções brasileiras em chip-tunes. No final tem um easter-egg que só aparece se deixar tocar tudo do inicio ao fim sem mudança manual de faixa. E tem uma mensagem dedicando aos "amigos do Garoa Hacker Clube" : https://www.youtube.com/watch?v=fzAirWD7cjI
[2017-12-04 15:21:04] Som tava bom no sábado haha👍
[2017-12-04 15:24:27] Bastarde!
[2017-12-04 15:57:50] Rony Melo joined
[2017-12-04 15:57:52] Hi Rony !
[2017-12-04 16:04:04] A regra de ouro eh, faca o q vc conseguir fazer nao se esquecendo de manter a espinha ereta e o coracao tranquilo. Paz 🙏
[2017-12-04 16:11:57] Sobre documentação.
http://sou.gohorseprocess.com.br/extreme-go-horse-xgh/
[2017-12-04 16:13:35] Ótimo ahahhaah
[2017-12-04 16:18:27] Hahaha boa Fabiano! Obrigado a todos pela ajuda ;D
[2017-12-04 16:35:32] De um ponto de vista generalista, eu penso q eles consideraram a hipótese mais próxima da realidade: Maioria das pessoas q compram tecnologia mal conseguem aprender a utilizar todos os seus recursos. Daí, infere-se que não terão a capacidade de realizar a pesquisa pelo defeito (troubleshooting) e/ou consertar sozinhos. Eu valido essa hipótese, baseado na minha própria experiência lidando com usuários.
[2017-12-04 16:37:15] sim, eu sei ;-)
[2017-12-04 16:37:31] 110% validado!!
[2017-12-04 16:37:45] só ach o que se é pra dar conselhos, melhor seria incentivar a busca pelo conhecimento. :-)
[2017-12-04 16:38:01] Clássico, porém eterno!! E cada vez mais válido, AHAHAHAHAH!!
[2017-12-04 16:38:23] ou no mínimo abrir mais uma ramificação: Sabe consertar ? Conserte. Não sabe? Procure alguém que saiba.
[2017-12-04 16:38:38] Certo. Concordo.
[2017-12-04 16:40:42] photo: /home/felipe/devel/github_garoa/Telegram_logs_Garoa_Hacker_Clube_Publico/media/Garoa_Hacker_Clube_(Público)/download_804726883_63816.jpg
[2017-12-04 16:40:42] Essa é classicaça.
[2017-12-04 17:14:30] https://www.youtube.com/watch?v=NB_VBl7ut9Y
[2017-12-04 17:32:09] photo: /home/felipe/devel/github_garoa/Telegram_logs_Garoa_Hacker_Clube_Publico/media/Garoa_Hacker_Clube_(Público)/download_806119550_3441.jpg
[2017-12-04 17:32:54] http://research.nvidia.com/publication/2017-12_Unsupervised-Image-to-Image-Translation
[2017-12-04 17:36:04] https://www.meetup.com/pt-BR/Garoa-Hacker-Clube/events/245572430/?eventId=245572430
[2017-12-04 17:38:41] Jazz é da hora.
[2017-12-04 17:39:13] http://www.jazz4jazz.com/
[2017-12-04 18:21:59] photo: /home/felipe/devel/github_garoa/Telegram_logs_Garoa_Hacker_Clube_Publico/media/Garoa_Hacker_Clube_(Público)/download_804727351_64356.jpg
[2017-12-04 18:22:37] O plano original era lançar em 2013...
[2017-12-04 18:22:52] https://www.reddit.com/r/spacex/comments/7hjp03/falcon_heavy_demo_launch_campaign_thread/
[2017-12-04 18:46:02] https://news.slashdot.org/story/17/12/04/1735223/the-winklevoss-twins-are-now-bitcoin-billionaires
[2017-12-04 19:12:46] Guilherme Oliveira joined
[2017-12-04 19:12:46] Hi Guilherme !
[2017-12-04 22:20:15] Eu achei. Grato
[2017-12-04 23:08:47] T.me/ransomwarebr
[2017-12-04 23:11:01] Estamos precisando uns voluntários para ajudar na wiki
[2017-12-04 23:11:15] É bem dificil
[2017-12-04 23:11:58] Temos uma atividade nova "Jazz Pizza e Hacking" precisando ser listada
[2017-12-04 23:12:11] E ter uma página na wiki
[2017-12-04 23:12:14] https://www.meetup.com/pt-BR/Garoa-Hacker-Clube/events/245572430/
[2017-12-04 23:12:44] Aqui ainda não está listado -- https://garoa.net.br
[2017-12-04 23:15:03] Ganha um agradecimento de todos e uma foto na parede de "voluntário hacker do mês"
[2017-12-04 23:48:56] Não é melhor que o organizador do evento coloque na wiki? Como alguém que não tem detalhes do evento nem se realmente vai acontecer e quando vai ficar responsável por isso?
