[2017-11-10 00:09:52] alguém tem 290 reais?
[2017-11-10 00:10:04] photo: /home/felipe/devel/github_garoa/Telegram_logs_Garoa_Hacker_Clube_Publico/media/Garoa_Hacker_Clube_(Público)/download_804730293_43544.jpg
[2017-11-10 00:10:06] NES mini falso
[2017-11-10 00:10:33] à direita um vita falso tambem, 190
[2017-11-10 00:10:49] não vale metade disso, mas fiquei curiosa pra ver o que tem dentro
[2017-11-10 00:10:52] @fsanches
[2017-11-10 00:13:03] Mega Edição de Encerramento porque é a última Roadsec do ano...
[2017-11-10 00:13:16] uahuahauha, tava demorando! Isso onde? Santa Efigênia?
[2017-11-10 00:13:31] no shopping atravessando a rua da minha casa
[2017-11-10 00:14:10] shopping vila mariana
[2017-11-10 00:14:25] se fizeram com o mesmo chip que o da nintendo, até vale a pena, mas R$290 por algo duvido, é muito arriscado...
[2017-11-10 00:14:35] né nada
[2017-11-10 00:15:04] o da nintendo é uma placa linux genérica feita pela divisão européia da nintendo, bem boladinho
[2017-11-10 00:15:24] esse chines com certeza é um SoC NES de outros carnavais
[2017-11-10 00:15:43] duvido que seja algo mais elaborado que isso
[2017-11-10 00:16:04] pode ser um rasp com emulador...
[2017-11-10 00:16:14] vindo da china? nunca
[2017-11-10 00:16:59] vai saber, só abrindo isso ai
[2017-11-10 00:18:28] Pode ser outro Pi, tipo, Orange Pi... tem uns modelos muito baratos... mas realmente, só abrindo pra saber...
[2017-11-10 00:19:22] hoje com essa onde da retropie e recalbox, o povo está enfiando plaquinhas com ARM e linux em tudo...
[2017-11-10 00:19:24] duvido muito que vai ser um SBC cru, vai ser algum projeto própio
[2017-11-10 00:19:43] tipo o 8bittboy que apareceu recentemente
[2017-11-10 00:19:47] e é um lixo
[2017-11-10 00:20:53] Nova modinha de noticias, como seguir, poste uma materia no padrão:
NOME DA EMPRESA/CIDADE/ESTADO está minerando criptomoedas no seu computador sem você saber
[2017-11-10 00:20:55] https://www.youtube.com/watch?v=DBMX-YthV8Y
[2017-11-10 00:21:21] 👆🏻
[2017-11-10 00:21:48] controles 9 pinos
[2017-11-10 00:21:59] AV out de 3.5mm, não HDMI out
[2017-11-10 00:22:06] é um SoC
[2017-11-10 00:23:23] é um famiclone como qualquer outro de 20 anos atrás
[2017-11-10 00:23:33] acertei na mosca 😆
[2017-11-10 00:24:55] afe, conexão AV...
[2017-11-10 00:25:22] é só um famiclone... eles cospem AV por padrão
[2017-11-10 00:26:20] se bem que a imagem está muito boa
[2017-11-10 00:26:49] pelo menos não é aquele lote que fizeram que não tem o canal de triângulo do 2A03
[2017-11-10 00:27:30] certeza que tem aquele cartucho trocentos-jogos-in-1 dentro dele
[2017-11-10 00:27:42] sim, é exatamente só isso que ele é
[2017-11-10 00:29:32] parece bom, pena que o plug do controle é um DB9, mas quem quiser arriscar...
[2017-11-10 00:30:45] não parece bom 😆
[2017-11-10 00:31:01] é um famiclone... compra-se por centavos no aliexpress...
[2017-11-10 00:31:46] então não tá bom! rsss
[2017-11-10 00:32:41] https://pt.aliexpress.com/item/Mini-TV-Handheld-Game-Console-Video-Game-Console-For-Nes-Games-with-500-Different-Built-in/32808605208.html
[2017-11-10 00:34:41] pronto, tem um portátil por 9 dólares https://pt.aliexpress.com/item/Rechargeable-2-5-Inch-Handheld-Game-Player-Console-For-Nintendo-8-Bit-Games-For-Nes-Games/32796486040.html
[2017-11-10 00:34:45] 😆
[2017-11-10 00:35:24] china sendo china...
[2017-11-10 00:35:35] esse do cara da loja está caro então...
[2017-11-10 00:36:00] sim, meu ponto exatamente
[2017-11-10 00:36:08] o nes mini original na mesma loja estava R$800
[2017-11-10 00:36:16] 245 USD
[2017-11-10 00:36:21] originalmente 60 USD
[2017-11-10 00:36:32] roubo à luz do dia
[2017-11-10 00:36:42] o original aqui estão enfiando a faca
[2017-11-10 00:37:45] por isso que nego pega um raspi, enfia numa caixa genérica, empacota junto 2 controles usb, vende por 500 e o pessoal acha barato
[2017-11-10 00:37:56] eu devia entrar nesse ramo
[2017-11-10 00:38:05] pois é, ML tá cheio disso
[2017-11-10 00:39:17] houve
[2017-11-10 00:40:20] não, mike. Estão apenas encerrando o ano.
[2017-11-10 00:49:04] é por isso entao que quando fui comprar meu raspberry tinha um cara vendendo a R$500 falando que 'já vinha com jogo dentro'. ficou puto quando falei que estava ridiculamente caro
[2017-11-10 00:51:16] o tal do Infanto no Ml não sai por menos de R$600
[2017-11-10 01:00:50] lembro de quando comprei meu R4 pro DS e tinha 2, com SD de 4GB era um preço, e com SD de 4GB com jogos era mais caro...
[2017-11-10 01:06:35] TY
[2017-11-10 08:58:26] http://meiobit.com/375336/cloudflare-parede-lava-lamp-geracao-numeros-aleatorios-criptografia/
[2017-11-10 09:32:09] photo: /home/felipe/devel/github_garoa/Telegram_logs_Garoa_Hacker_Clube_Publico/media/Garoa_Hacker_Clube_(Público)/download_804726162_44612.jpg
[2017-11-10 09:32:13] Quem vai?
[2017-11-10 09:32:24] Bom dia!
[2017-11-10 09:46:05] Eu
[2017-11-10 10:02:25] Eu
[2017-11-10 10:23:37] Me avisa! Eu compraria um mini nes só pra jogar Mário Kart 😃
[2017-11-10 10:24:16] document: /home/felipe/devel/github_garoa/Telegram_logs_Garoa_Hacker_Clube_Publico/media/Garoa_Hacker_Clube_(Público)/download_1842540969984060.webp
[2017-11-10 10:24:26] Pegue meu dinheiro rsrs
[2017-11-10 10:43:38] Alguém vai no wikilab hoje???
[2017-11-10 11:41:20] nes não tinha mario kart
[2017-11-10 11:51:20] baixa um emulador no teu PC..  compra um controle USB qualquer... mesmíssima coisa
[2017-11-10 12:44:07] Bastarde
[2017-11-10 12:44:14] Vou tentar ir...
[2017-11-10 12:46:24] photo: /home/felipe/devel/github_garoa/Telegram_logs_Garoa_Hacker_Clube_Publico/media/Garoa_Hacker_Clube_(Público)/download_805512716_36310.jpg
[2017-11-10 12:47:14] Mario kart nes... ohhh se tinha.
Passei muitas tardes jogando
[2017-11-10 12:49:51] Super nes.. verdade

 O nes era o Nintendinho mais antigo
[2017-11-10 13:40:36] Tem um cara ganhando uma grana adaptando nes pra saida hdmi
[2017-11-10 15:16:05] Eu li a respeito também rs bacana
[2017-11-10 16:01:47] 5.000 inscritos no Roadsec 😱
[2017-11-10 16:02:49] 👏
[2017-11-10 16:04:57] Galera, só para lembrar, hoje é a inauguração do WikiLab...
https://t.me/GaroaHC/49689
[2017-11-10 16:12:04] Estarei lá
[2017-11-10 16:18:21] https://forum.fiozera.com.br/t/arqueologia-digital-resgate-historico-dos-computadores-pioneiros-do-brasil/156
[2017-11-10 16:20:29] que bom e que vontade de não ir ao mesmo tempo ahahahaha 😜
[2017-11-10 16:47:19] A inauguração do Wikilabs vai ocorrer que horas? vocês sabem?
[2017-11-10 17:05:56] Boa tarde a todos.
Gostaria de saber se posso adicionar um colega de meetup aqui no grupo ou informo o telefone e nome para algum dos associados adicionarem aqui no grupo?
[2017-11-10 17:11:56] Está marcado a partir das 18:00...
[2017-11-10 17:12:38] Ele mesmo pode entrar, não precisa de telefone.
Só passar para ele: @garoahc
[2017-11-10 17:14:15] Caraka
[2017-11-10 17:14:41] Vlw @Biazzotto , obrigado
[2017-11-10 17:18:57] Anderson Meira joined
[2017-11-10 17:18:58] Hi Anderson !
[2017-11-10 17:19:49] Boa tarde pessoal
[2017-11-10 17:19:58] Se quiser montar um projeto, let's make some munny
[2017-11-10 17:20:06] Sou novo por aqui 😀
[2017-11-10 17:20:26] montar essas coisas é fácil
[2017-11-10 17:20:42] só preciso do capital pros componentes haha
[2017-11-10 17:21:19] Boa tarde @ThePerna, seja bem vindo ao grupo e sinta-se a vontade para interagir conosco...
[2017-11-10 17:21:37] Eu ajudo a montar e projetar e algum seed money
Alguém faz um site boniteza ou um SEO pesado
A gente divide os lucros
[2017-11-10 17:22:04] 5% do lucro pro garoa
[2017-11-10 17:29:43] Valeu, vou acompanhar as discussões por enquanto 😉
[2017-11-10 17:31:18] Olá Anderson, bem vindo. Se quiser conhecer o Garoa, será bem vindo, pode acompanhar as atividades agendadas na página:
http://www.garoa.net.br
[2017-11-10 17:33:02] Obrigado @Biazzotto, estou a pouco tempo em São Paulo, venho do interior e sempre quis conhecer o Garoa, na primeira oportunidade que eu tiver, vou aparecer por lá
[2017-11-10 18:08:05] Hoje está aberto
[2017-11-10 18:29:39] Vou aparecer por lá então
[2017-11-10 20:08:06] photo: /home/felipe/devel/github_garoa/Telegram_logs_Garoa_Hacker_Clube_Publico/media/Garoa_Hacker_Clube_(Público)/download_805514427_36715.jpg
[2017-11-10 20:09:04] Where?
[2017-11-10 20:09:38] Free candy -> https://www.packtpub.com/packt/offers/free-learning
[2017-11-10 20:09:44] Está escrito Portland
[2017-11-10 20:09:58] Portland Oregon US
[2017-11-10 20:10:19] Caramba, nem reparei hehehe
[2017-11-10 20:10:27] Bem observado
