[2018-04-18 00:09:01] Eba!! Então fiz certo rsrs
[2018-04-18 00:41:48] pronto, corrigi o wiki, tua atividade aparece lá agora, Stefanie
[2018-04-18 00:44:10] Uma cacetada
[2018-04-18 00:44:20] Se não tiver capaz de eu ter
[2018-04-18 00:46:16] Olá pessoal, apresento o portal do Jerimum Hackerspace criado em Natal/RN
http://jerimumhs.org/ :)
[2018-04-18 00:47:33] que bacana!!! é novo o hackerspace?
[2018-04-18 00:47:45] sim :)
[2018-04-18 01:44:08] Curtindo uns chiptunes... https://www.youtube.com/watch?v=-tqZRJfS9Jc
[2018-04-18 07:17:36] Muito obrigada!! 😁😁
[2018-04-18 07:26:30] Ótimo, obrigado.
[2018-04-18 08:33:04] 😂
[2018-04-18 08:46:49] Tem, num PC antigo q está no depósito.
[2018-04-18 09:26:02] Pq da abóbora?
[2018-04-18 10:20:25] jerimum* 😬
[2018-04-18 10:31:08] Ah, valeu
[2018-04-18 12:13:39] http://www.brechando.com/2016/01/o-que-significa-a-expressao-papa-jerimum/
[2018-04-18 12:32:09] document: /home/felipe/devel/github_garoa/Telegram_logs_Garoa_Hacker_Clube_Publico/media/Garoa_Hacker_Clube_(Público)/download_688784124302852376.webp
[2018-04-18 12:53:12] valeu =]
[2018-04-18 13:00:27] obg peixe XD
[2018-04-18 13:55:24] https://youtu.be/QBoHAChEcfY?t=4m58s
[2018-04-18 14:14:32] Alguém já usou Kong como api gateway ? O que usou como dashboard ?
[2018-04-18 14:34:21] tem o konga, que é dele msm
[2018-04-18 14:55:40] Pensei que o kong enterprise era o dele e pago.
[2018-04-18 14:55:45] Vou ver esse konga.
[2018-04-18 15:36:47] Eita
https://thehackernews.com/2018/04/hacking-airgap-computers.html?m=1
[2018-04-18 16:21:00] Eu já estudei isso. Com certos monitores, dá até para tentar reproduzir uma versão da tela
[2018-04-18 16:31:15] Li um artigo em que os caras conseguiram pegar dados como senhas a partir das "piscadas" do led do processador no case do Desktop
[2018-04-18 16:31:41] E aí os caras foram no predio vizinho, pegaram um telescopio e tentaram fazer a distancia e conseguiram
[2018-04-18 16:33:36] aí a partir desse paper, uns pesquisadores criaram um malware que de fato usava o led para fazer data exfiltration, tipo código morse...
[2018-04-18 16:33:52] https://threatpost.com/blinking-router-leds-leak-data-from-air-gapped-networks/126199/
[2018-04-18 16:34:00] https://www.wired.com/2017/02/malware-sends-stolen-data-drone-just-pcs-blinking-led/
[2018-04-18 17:00:56] photo: /home/felipe/devel/github_garoa/Telegram_logs_Garoa_Hacker_Clube_Publico/media/Garoa_Hacker_Clube_(Público)/download_806119276_81393.jpg
[2018-04-18 17:02:19] https://spaceflightnow.com/2018/04/16/falcon-9-tess-mission-status-center/
[2018-04-18 17:02:27] hoje
[2018-04-18 17:30:53] Se alguém tiver interesse, esse é um colega meu de trabalho e nessa palestra ele fala sobre o software livre (chamado Font Bakery) que eu desenvolvo e ajudo a manter junto com o time do Google Fonts: https://www.youtube.com/watch?v=Kqhzg89zKYw
[2018-04-18 17:32:49] @aylons @Gutemhc caramba, fiquei boba aqui
obrigada pelos links!
[2018-04-18 19:18:40] vai começar daqui a pouquinho: http://www.spacex.com/webcast
[2018-04-18 19:35:39] drinKoRdiE joined
[2018-04-18 20:07:45] Droga! Minha mulher me chamou justo na hora do lançamento. 
Perdi tudo!
[2018-04-18 21:36:03] Minha esposa e também meu chefe me chamaram quando faltavam 30 segundos pro lançamento...
[2018-04-18 21:36:26] uns 5 minutos depois eu consegui assistir (com os 5 minutos de atraso)
[2018-04-18 21:36:40] é só pausar o vídeo do stream ao vivo que ele bufferiza
[2018-04-18 21:37:13] se vc quiser ver, tem a gravação do webcast todo disponível lá no youtube
[2018-04-18 21:37:17] no mesmo link
[2018-04-18 22:32:21] Valeu
