[2016-09-28 01:25:08] :)
[2016-09-28 08:03:19] http://www.desenvolvedoresqualcomm.com.br/hackathon
[2016-09-28 08:42:39] photo: /home/felipe/devel/github_tvdstaaij/telegram-history-dump/output/media/Garoa_Hacker_Clube_(Público)/download_803729983_65157.jpg
[2016-09-28 08:43:05] Ontem a Noite de Processing foi massa!
[2016-09-28 08:43:44] (fizemos do zero um sistema de partículas, com massa e aceleração :-)
[2016-09-28 09:21:54] document: /home/felipe/devel/github_tvdstaaij/telegram-history-dump/output/media/Garoa_Hacker_Clube_(Público)/download_295658809852952641.webp
[2016-09-28 09:24:48] Quem quiser brincar… é só baixar o IDE processing.org/download
[2016-09-28 09:25:21] colar o código http://pastebin.com/raw/FXMtH6xE e dar um ‘play’.
[2016-09-28 10:16:07] Esse cara do quadro tem 3 braços!!
[2016-09-28 10:19:43] Verdade hein.
[2016-09-28 10:19:59] Vai ver estava escrevendo muito rápido durante a foto
[2016-09-28 11:03:38] Foto panorâmica tem destas coisas
[2016-09-28 15:44:38] Tentei várias vezes entrar lá pra ver isso! E não conseguia!! Agora que fui ver! Tentei entrar no "pastelbin.org" kkkkkkkkkkkk
[2016-09-28 15:44:52] Foi na hora do almoço e estava com fome!!!
[2016-09-28 16:09:56] photo: /home/felipe/devel/github_tvdstaaij/telegram-history-dump/output/media/Garoa_Hacker_Clube_(Público)/download_803716520_102604.jpg
[2016-09-28 16:10:03] Pastel bin
[2016-09-28 16:10:21] kkk
[2016-09-28 16:10:38] hahahahha
[2016-09-28 16:10:40] isso é fome
[2016-09-28 16:11:34] Eu fiquei bravo!!
[2016-09-28 16:11:48] Cheguei a pensar que o pastebin tinha caido!!
[2016-09-28 16:11:50] Haha
[2016-09-28 16:12:46] o L é bem longe do E e do B. ou seja, foi fome mesmo. hehehe
[2016-09-28 16:14:40] Kkkkk
[2016-09-28 16:30:58] Italo Queiroz joined
[2016-09-28 16:30:59] Hi Italo !
[2016-09-28 16:31:25] hi bot
[2016-09-28 16:37:33] photo: /home/felipe/devel/github_tvdstaaij/telegram-history-dump/output/media/Garoa_Hacker_Clube_(Público)/download_803701405_103742.jpg
[2016-09-28 16:37:48] O suco é maior que meu apartamento!! Kkkk
[2016-09-28 16:53:47] Aposto que ainda é menos aguado que o do bandejão
[2016-09-28 16:58:31] Não aposta que perde!!
[2016-09-28 16:59:36] Aqui só falta vc pedir um suco de laranja e eles te darem uma garrafa de agua mineral!!
[2016-09-28 17:07:27] John postou na wiki o código da atividade de ontem mais arrumado e comentado :)
[2016-09-28 17:07:29] https://garoa.net.br/wiki/Noite_de_Processing_Software_Arte_e_Sistema_de_Part%C3%ADculas_27_set_2016
[2016-09-28 21:10:28] Bom, mas falando de DDoS, sem entrar no mérito de liberdade de expressão, o recorde foi quebrado novamente:
http://naofode.xyz/8qb0
[2016-09-28 21:13:09] 😁 , cru ainda.
