[2016-06-25 00:55:53] https://www.youtube.com/watch?v=7AgD5NUzyOE
[2016-06-25 04:40:59] https://www.eventbrite.com/e/eoe16-conference-what-makes-the-perfect-lab-tickets-25717107561?ref=estw
[2016-06-25 04:41:30] Hoje vou realizar uma fala nesse evento, destacando o Garoa
[2016-06-25 09:41:57] photo: /home/felipe/devel/github_tvdstaaij/telegram-history-dump/output/media/Garoa_Hacker_Clube_(Público)/download_803718204_49742.jpg
[2016-06-25 09:42:16] Parece um spoof, mas não é
[2016-06-25 09:42:32] É um livro bem legal
[2016-06-25 09:43:01] "neurociência recreativa"
[2016-06-25 09:43:12] Vou doar para o Garoa
[2016-06-25 09:44:03] document: /home/felipe/devel/github_tvdstaaij/telegram-history-dump/output/media/Garoa_Hacker_Clube_(Público)/download_826459275206328386.webp
[2016-06-25 10:03:23] Alguém tem fácil uma apresentação do que é um hackerspace?
[2016-06-25 10:03:49] Anchises tem um monte
[2016-06-25 10:07:36] http://pt.slideshare.net/mobile/anchises/hackerspaces-e-cultura-hacker-25437722
[2016-06-25 10:07:53] Só pular para a parte sobre Hackerspaces...
[2016-06-25 10:11:03] Esse parece mais completo:
http://pt.slideshare.net/mobile/anchises/hackerspaces-espaos-colaborativos-de-tecnologia
[2016-06-25 10:58:18] Atividade para meninas bombando aqui. Gostei.
[2016-06-25 11:17:27] Contei umas 25 mulheres na sala multiuso
[2016-06-25 11:17:50] Acho que vai ter que rolar repeteco, parece que foram mais de 130 interessadas no total!
[2016-06-25 11:29:19] Nossa primeira atividade no fablab termina com uma roda de conversa de "tecnologia e gênero", é em julho, mas não temos data e local certo ainda
[2016-06-25 11:32:57] já temos relacionamento com algum fablab?
[2016-06-25 11:33:15] O primeiro pode ser num que já temos contato pra organizar.
[2016-06-25 11:59:51] Contato inicial temos na vila Itororó e Vergueiro
[2016-06-25 12:15:39] A Leroy Merlin vai inaugurar um fablab na loja do Morumbi dia 17/07/2016
[2016-06-25 12:48:50] Boa tarde. 
Estou desenvolvendo um robô com raspberry. Estou tentando achar algum exemplo em python que tenha reconhecimento de voz. Também estou pesquisando sobre inteligência artificial. Alguém possui conteúdo, pdf's, scripts ou links?
Obrigado.
[2016-06-25 13:14:41] Já li sobre o SpeechRecognition, mas não cheguei a utilizá-lo...
pip install SpeechRecognition

Documentação:
https://github.com/Uberi/speech_recognition/blob/master/reference/pocketsphinx.rst
https://github.com/Uberi/speech_recognition/blob/master/reference/library-reference.rst
[2016-06-25 14:29:26] Quanto a inteligência artificial, procure pelo "Artificial Intelligence, a Modern Approach" (AIMA), de Stuart Russell e Peter Norvig. É o livro de referência na área.
[2016-06-25 14:30:55] garoa com 26 pessoas
[2016-06-25 14:32:53] Eu tenho a terceira edição do AIMA em PDF, mas não sei se é permitido compartilhar aqui no grupo...
[2016-06-25 14:55:38] Tou pensando em ir no garoa hj
[2016-06-25 15:02:56] photo: /home/felipe/devel/github_tvdstaaij/telegram-history-dump/output/media/Garoa_Hacker_Clube_(Público)/download_802232398_103268.jpg
[2016-06-25 15:03:24] Quem será o "Conhecido" e a "Conhecida"?
[2016-06-25 15:15:26] Mike
[2016-06-25 15:25:19] Olha de novo, kkk
[2016-06-25 15:26:52] O Fabiano nao veio hoje?
[2016-06-25 15:33:04] photo: /home/felipe/devel/github_tvdstaaij/telegram-history-dump/output/media/Garoa_Hacker_Clube_(Público)/download_826459275206328386.webp
[2016-06-25 15:46:50] Galera, algum evento no garoa vai acontecer dia 16 desse mês no garoa?
[2016-06-25 15:47:10] 16 já passou
[2016-06-25 15:47:58] foi noite do arduino pra mulheres
[2016-06-25 15:48:28] Aqui fala um pouco sobre reconhecimento de voz na parte de comentários: https://youtu.be/znuUm5vbSpI
[2016-06-25 15:51:51] Desse mes quis dizer julho, desculpe
[2016-06-25 15:52:25] Rá!
[2016-06-25 15:53:03] Sim, quero fazer um GruPy aqui
[2016-06-25 15:53:06] Não tem nada na Wiki...

https://garoa.net.br/wiki/Categoria:Eventos

O Tiago estava com a mesma ideia de um GruPy no Garoa, lembro que ele comentou...

Proponha aqui:
https://garoa.net.br/wiki/Como_Criar_um_Evento
[2016-06-25 15:53:22] é não criei nada
[2016-06-25 15:53:30] ta só na ideia memso
[2016-06-25 15:53:55] mas qualquer um pode fazer isso ;)
[2016-06-25 15:54:42] Tiago vc pode palestrar?
[2016-06-25 15:55:09] Fabricio vc tbm podia dar uma palestra né
[2016-06-25 15:55:55] acho que sim
[2016-06-25 16:32:00] não tenho nada marcado para esse dia
[2016-06-25 17:20:39] Qual é mesmo o nome da "tubaína" do Garoa?
[2016-06-25 17:22:41] taubacana
[2016-06-25 17:23:01] document
[2016-06-25 17:36:01] quero mais
[2016-06-25 18:47:25] photo
[2016-06-25 18:47:53] Queria ir no Garoa, mas não posso, nem hoje e nem amanhã...
[2016-06-25 18:49:10] 0 padawan
[2016-06-25 19:32:42] Fabrício, posso marcar o dia 16 pro seu grupy? Vai ser legal!
[2016-06-25 19:39:29] Sim, pode... o Vinicius (@vmesel) irá cuidar dos detalhes com o pessoal do GruPy...
[2016-06-25 19:41:59] document: /home/felipe/devel/github_tvdstaaij/telegram-history-dump/output/media/Garoa_Hacker_Clube_(Público)/download_532581674190374170.mp4
[2016-06-25 19:46:21] Certinho... só tem um problema, eu mesmo não vou poder ir, hahahaha... vai coincidir com a data do FISL, depois que eu vi...
[2016-06-25 19:46:22] hehehehe!
[2016-06-25 19:50:09] Vou para Porto Alegre no dia 12 à noite e volto só no dia 17, à tarde...
[2016-06-25 22:22:51] Rafael Moretti joined
[2016-06-25 22:23:41] blz, escolhe um dia e fala pra gente! =P
[2016-06-25 22:24:20] fiquei muito feliz pela sua proposta!
[2016-06-25 22:32:11] 😍
[2016-06-25 22:32:29] Yumi, pode deixar marcado para o dia 16 mesmo...
[2016-06-25 22:32:44] Eu abro a porta ;)
[2016-06-25 22:33:54] não pode terceirizar!!!
[2016-06-25 22:34:03] ainda mais utilizando menores pra isso
[2016-06-25 22:36:40] trabalho infantil é ilegal
[2016-06-25 22:36:43] vai fechar o garoa
[2016-06-25 22:40:34] Hahahaha... eu conheci o Vinicius em um evento que ele organizou... pode ser menor, mas já tem mais experiência com isso do que eu...
[2016-06-25 22:40:35] Rá!
[2016-06-25 23:16:48] Aí galera que ajudou na Vakinha:
[2016-06-25 23:17:00] para o pessoal de Campo Limpo ir pra OBR
[2016-06-25 23:17:03] photo: /home/felipe/devel/github_tvdstaaij/telegram-history-dump/output/media/Garoa_Hacker_Clube_(Público)/download_803703681_49468.jpg
[2016-06-25 23:18:04] @Biazzotto Os meninos foram classificados!!! Valeu!!!
[2016-06-25 23:18:39] document: /home/felipe/devel/github_tvdstaaij/telegram-history-dump/output/media/Garoa_Hacker_Clube_(Público)/download_826459275206328402.webp
[2016-06-25 23:22:28] document: /home/felipe/devel/github_tvdstaaij/telegram-history-dump/output/media/Garoa_Hacker_Clube_(Público)/download_50379188993000648.webp
[2016-06-25 23:23:16] os meninos apanharam na BSides, arrumaram os robôs e arrebentaram na OBR.
[2016-06-25 23:23:30] como a única equipe a usar hardware e software livres na competição toda
[2016-06-25 23:26:27] Grandes Pequenos Cientistas...
[2016-06-25 23:31:41] 👏
[2016-06-25 23:32:05] photo: /home/felipe/devel/github_tvdstaaij/telegram-history-dump/output/media/Garoa_Hacker_Clube_(Público)/download_803701296_49305.jpg
[2016-06-25 23:32:46] Doação minha para a circuitoteca do Garoa (duas matrizes de LED)
[2016-06-25 23:33:47] Finalmente trouxe tb o attiny85 e o esp8266 (versão chinesa desconhecida)
[2016-06-25 23:37:11] Obrigado
[2016-06-25 23:37:33] Villares++
[2016-06-25 23:43:21] depois do pingente RGB quero fazer um button pin com uma matriz de led
