[2017-08-21 09:56:11] http://www.bbc.com/portuguese/geral-40783331?ocid=socialflow_gplus 
@fsanches
[2017-08-21 10:00:26] https://hardware.slashdot.org/story/17/08/21/0435203/elon-musk-backs-call-for-a-global-ban-on-killer-robots
[2017-08-21 10:19:42] alou
[2017-08-21 10:20:04] os links pra se inscrever no camp tao quebrados
[2017-08-21 10:21:18] document: /home/felipe/devel/github_tvdstaaij/telegram-history-dump/output/media/Garoa_Hacker_Clube_(Público)/download_803116459_124385.jpg
[2017-08-21 10:22:20] https://garoa.net.br/wiki/Garoa_Hacker_Camp_2017
[2017-08-21 10:22:44] "Veja em nosso blog como foi o  Garoa Hacker Camp 0, que realizamos em 2011."
[2017-08-21 10:24:50] ah tah, voces nao acolhem participantes do futuro entao?
[2017-08-21 10:25:05] po, manero
[2017-08-21 10:25:29] mo progressivo a turma ae 😤😤👍
[2017-08-21 10:27:21] ;-)
[2017-08-21 10:27:35] Mas em 2017 rolou
[2017-08-21 10:27:47] e vai rolar mais vezes, se não me engano
[2017-08-21 12:02:08] Alguém sabe que horas que vai começar o eclipse total do sol?
[2017-08-21 12:05:18] acho que é só nos EUA
[2017-08-21 12:06:10] "Lots of people! Everyone in the contiguous United States, in fact, everyone in North America plus parts of South America, Africa, and Europe will see at least a partial solar eclipse, while the thin path of totality will pass through portions of 14 states.  "
[2017-08-21 12:06:14] http://www.galeriadometeorito.com/2017/08/horarios-do-eclipse-solar-21-agosto-2017-no-brasil.html
[2017-08-21 12:06:18] https://eclipse2017.nasa.gov/eclipse-who-what-where-when-and-how
[2017-08-21 12:06:46] A NASA vai transmitir no CaraLivro o eclipse
[2017-08-21 12:07:16] no Brasil pelo que vi, só quem está na região N ou Nordeste vai conseguir ver algo parcial
[2017-08-21 14:08:49] photo: /home/felipe/devel/github_tvdstaaij/telegram-history-dump/output/media/Garoa_Hacker_Clube_(Público)/download_803116405_124120.jpg
[2017-08-21 14:31:46] No Brasil não vai ser visível o eclipse total, parcial somente nos estados do norte nordest
[2017-08-21 14:32:20] photo: /home/felipe/devel/github_tvdstaaij/telegram-history-dump/output/media/Garoa_Hacker_Clube_(Público)/download_803115766_125965.jpg
[2017-08-21 14:33:52] Neste minuto estã 100% em Idaho
[2017-08-21 14:34:52] photo: /home/felipe/devel/github_tvdstaaij/telegram-history-dump/output/media/Garoa_Hacker_Clube_(Público)/download_804206720_122942.jpg
[2017-08-21 14:43:24] https://www.nasa.gov/eclipselive/#NASA+TV+Public+Channel
[2017-08-21 15:34:32] Bom dia a todos!
[2017-08-21 15:34:32] http://g1.globo.com/tecnologia/games/noticia/a-era-dos-games-videogames-sao-arte-diz-curador-de-exposicao-no-parque-ibirapuera.ghtml
[2017-08-21 16:06:02] Salve Renata! Legal a matéria!
[2017-08-21 16:36:00] Fábio Cabral joined
[2017-08-21 16:36:01] Hi Fábio !
[2017-08-21 17:42:35] Fui ontem. Está bem legal!
[2017-08-21 17:46:29] Eles dão algum manual impresso de roteiro da exposição?
[2017-08-21 17:46:58] Queria saber, por exemplo, se tem em algum lugar uma listagem dos nomes de todos os 150 jogos expostos.
[2017-08-21 17:58:15] Não achei nada sobre os jogos no evento, ingresso está salgado, R$80 a inteira
[2017-08-21 18:02:33] Eu não vi nada nesse sentido.
[2017-08-21 18:02:57] O valor que eu paguei foi 40 a inteira e 20 a meia.
[2017-08-21 18:03:37] photo: /home/felipe/devel/github_tvdstaaij/telegram-history-dump/output/media/Garoa_Hacker_Clube_(Público)/download_803116785_124108.jpg
[2017-08-21 18:03:38] photo: /home/felipe/devel/github_tvdstaaij/telegram-history-dump/output/media/Garoa_Hacker_Clube_(Público)/download_803119095_123216.jpg
[2017-08-21 18:03:38] photo: /home/felipe/devel/github_tvdstaaij/telegram-history-dump/output/media/Garoa_Hacker_Clube_(Público)/download_804721749_23152.jpg
[2017-08-21 18:03:41] photo: /home/felipe/devel/github_tvdstaaij/telegram-history-dump/output/media/Garoa_Hacker_Clube_(Público)/download_818158666791256089.mp4
[2017-08-21 18:03:42] photo: /home/felipe/devel/github_tvdstaaij/telegram-history-dump/output/media/Garoa_Hacker_Clube_(Público)/download_804723460_466.jpg
[2017-08-21 18:07:21] Então olhei errado no site, ai vale a pena
[2017-08-21 19:43:27] /
[2017-08-21 19:43:31] /feedback@mate_obot
[2017-08-21 19:43:31] /feedback@mate_obot
[2017-08-21 21:12:45] https://canaltech.com.br/android/confirmado-nome-do-novo-android-e-mesmo-oreo-99246/
[2017-08-21 23:06:47] 2018 haverá outro eclipse total visível de buenos aires
