[2017-06-22 08:17:37] Mais antigo que os trabalhos do Waldemar Cordeiro?
[2017-06-22 09:06:25] Não conheço os trabalhos desse Waldemar Cordeiro. Conta mais!
[2017-06-22 09:07:05] photo: /home/felipe/devel/github_tvdstaaij/telegram-history-dump/output/media/Garoa_Hacker_Clube_(Público)/download_803735271_123625.jpg
[2017-06-22 09:57:14] alguém aqui mexe com raspberri py III?
[2017-06-22 10:05:28] Muito legal!!! Fiquei hipnotizado vendo esse vídeo!
[2017-06-22 10:06:36] :)
[2017-06-22 10:07:34] Sábado vai ter competição de robôs no Garoa! (Kumite III)
[2017-06-22 10:08:32] Não são tão rápidos, mas/e o ganhador não paga a pizza :-S
[2017-06-22 10:11:08] Ótima oportunidade pra quem quer conhecer o Garoa, fazer pessoalmente uma doação para o clube :)
[2017-06-22 10:11:49] Olhando o preview, IMHO a definição esta certa, mas colocar no mesmo saco q dablab e makerspace esta errado
[2017-06-22 10:32:16] Seria legal ser legal
[2017-06-22 11:22:16] fala ai
[2017-06-22 12:45:25] My hobby: Vendedor no caixa ao preparar o troco pergunta se eu teria uma moeda de 1 real. Olho na carteira e respondo: "Teria. Mas não tenho."
[2017-06-22 12:47:53] Kkkkkk, pergunto pra minha esposa, amor tem coca-cola na geladeira, ela responde "se tiver tem " 😁
[2017-06-22 12:52:24] A esposa do programador pede: "Amor, passe na padaria e compre 1 litro de leite. Se tiver pão francês, traga meia dúzia" => Chega o marido em casa com 6 litros de leite e diz: "Tinha pão."
[2017-06-22 12:56:45] Lol
[2017-06-22 13:01:33] Tem um ramo da linguística se não me engano chamado pragmática, não sei se é exatamente esse ou se é a 'gramática funcional' que descreve um fenômeno chamado 'condicional de polidez'
[2017-06-22 13:01:50] Pode ser do seu interesse.
[2017-06-22 13:06:27] :-)
[2017-06-22 13:17:53] É o pioneiro da arte digital no Brasil. Na década de 70 trabalhou com laser e com os computadores da epoca em associação com físicos da USP.
[2017-06-22 13:18:23] Ele fez umas impressões matriciais de fotos que ele transformava em ASCII
[2017-06-22 13:18:50] Foi um dos fundadores do Instituto de Artes da Unicamp
[2017-06-22 13:20:04] legal
[2017-06-22 13:45:29] Juca, muito massa o post do desenho do patinho.
[2017-06-22 13:59:03] Fiquei imaginando exibir a imagem usando a média entre as camadas de cores e mostrando em HEX
[2017-06-22 14:12:51] Waldemar Cordeiro é muito bom, Monica e eu sempre  mostramos nas aulas. Tem uma citação ótima dele falando da transição para a arte digital.
[2017-06-22 14:17:13] “Então volto ao ponto de partida. A arte concreta o que fazia: digitalizava a imagem, números, superfícies com quantidades, relacionava essas quantidades, programava os quadros. A execução era artesanal apenas porque não havia indústria alguma que quisesse fazer isso e os artistas não tinham dinheiro para pagar. Mas intencionalmente os nossos quadros eram programados. Os quadros concretos poderiam ter sido executados por uma tipografia, por uma indústria, por uma máquina, porque eles tinham na sua base um programa numérico - note bem - como a arte digitalizada. Evidentemente que a programação da arte concreta é muita mais elementar do que a programação com computador (…) mas os primórdios estão ai. Essas pesquisas se inserem perfeitamente dentro da arte moderna como se inseriam todas essas tendências chamadas genericamente construtivas.

Depoimento de Waldemar Cordeiro gravado em 16 de maio de 1970. In: Waldemar Cordeiro, CD-ROM.
[2017-06-22 14:17:58] Processo: dividir arbitrariamente a imagem em uma grade. Numerar os pontos de 1 a 7 (do preto ao branco). 
Impressora:
1 /ZXMHO
2 /ZXMH
3 /ZXM
4 /ZX
5 /Z
6 /
7 em branco
[2017-06-22 14:45:40] [OFF]Vaga para dev pleno 😊
 https://sensedia.com/carreira/#op-190021-desenvolvedor-pleno
[2017-06-22 15:04:42] 😊
[2017-06-22 15:32:01] Marivaldo Silva joined
[2017-06-22 15:32:02] Hi Marivaldo !
[2017-06-22 15:32:54] [ON]
[2017-06-22 15:42:58] rindo potássios  kkkkkkkkkk
[2017-06-22 17:03:54] Quem quer ajudar no sistema da tesouraria?
[2017-06-22 17:06:12] Lucas, que sistema? Qual linguagem vai trabalhar?
[2017-06-22 17:13:10] Python Django
[2017-06-22 17:13:30] Vai ficar no Heroku. kkkk
[2017-06-22 17:28:20] Ruby Rails
[2017-06-22 17:28:29] Bota o @agaelebe pra fazer!
[2017-06-22 17:29:15] heroku ja roda python 3
[2017-06-22 17:29:22] coloca algo mais legal la
[2017-06-22 17:40:06] eu ajudo se for ter aqueles graficos
[2017-06-22 18:08:28] eu tb ajudo
[2017-06-22 18:33:13] cria um repositório q eu ajudo
[2017-06-22 18:44:28] Cria um.kanban pra organizar
[2017-06-22 18:50:49] Já está rolando no git do Garoa
[2017-06-22 18:50:49] Quem cola no Garoa Hoje pra eu explicar
[2017-06-22 18:53:26] cria umas issues lá
[2017-06-22 18:56:36] Criei u. grupo separado pro discutir do sistema
[2017-06-22 18:56:47] Quem quiser participar dá um toque
[2017-06-22 18:57:22] Eu
[2017-06-22 21:46:38] Queli Martins joined
[2017-06-22 21:46:39] Hi Queli Martins !
[2017-06-22 21:47:09] Olá galera!!
[2017-06-22 21:51:48] oi
[2017-06-22 22:03:11] Noite!
