[2016-08-04 06:15:10] document: /home/felipe/devel/github_tvdstaaij/telegram-history-dump/output/media/Garoa_Hacker_Clube_(Público)/download_706809934540439591.jpeg
[2016-08-04 10:25:03] https://www.quora.com/What-is-your-opinion-on-Stack-Overflow
[2016-08-04 10:44:46] Luiz J. Trainor added João Paulo Castro
[2016-08-04 10:44:46] Hi João Paulo !
[2016-08-04 10:50:05] http://massanews.com/blogs/humor/busao-curitiba/jovem-e-atropelado-por-biarticulado-ao-capturar-pokemon-A2Gme.html
[2016-08-04 10:58:50] Frase do dia: "Andarás como uma besta pelas ruas, sem rumo, sem direção; e ninguém te entenderás." #pokemonGo
[2016-08-04 11:40:54] Todo mundo jogando Pokemon Go e eu jogando Dynossaur http://i.imgur.com/NFeFI3z.jpg :(
[2016-08-04 13:14:40] Gabriel tá no Telegram? https://www.academia.edu/1194584/Improving_Mathematical_Knowledge_Through_Modeling_In_Elementary_Schools?auto=download
[2016-08-04 13:18:15] Olá, gentes :)
[2016-08-04 13:37:06] Oi João!
[2016-08-04 13:37:23] Você conhece alguém que tenha uma máquina de costura funcionando encostada?
[2016-08-04 16:16:51] Narrador do jogo do Brasil: " ta na hora de pegar esse pokemon, vamos pegar esse bichinho"
[2016-08-04 16:18:47] Kkkk eu estou ouvindo
[2016-08-04 16:30:50] hj tava na santa e tinha uma cara falando pra ir em tal lugar que tinha uma pikachu
[2016-08-04 16:34:26] Oi, Alexandre
[2016-08-04 16:34:40] Não sei de ninguém, mas posso dar uma olhada
[2016-08-04 16:35:38] Em grupos do fb de corte e costura, a galera costuma vender as máquinas antigas quando troca
[2016-08-04 16:36:21] Mas, a não ser que seja uma máquina muito boa mesmo, não te indicaria a comprar usadas
[2016-08-04 16:36:58] Ou se você quiser uma máquina só pra aprender a costurar
[2016-08-04 16:38:06] Onde posso organizar uma hackatona pra 50 pessoas? eh da empresa...
[2016-08-04 16:38:32] fiesp
[2016-08-04 16:39:20] estou tentando alguns contatos...
[2016-08-04 16:58:59] É pro Garoa, possivelmente vamos comprar, mas resolvi agitar se alguém teria uma pra doar
[2016-08-04 16:59:33] photo: /home/felipe/devel/github_tvdstaaij/telegram-history-dump/output/media/Garoa_Hacker_Clube_(Público)/download_803703311_69142.jpg
[2016-08-04 17:00:07] Que tipo de infra precisa? Final de semana? Quer ver se rola na Escola da Cidade?
[2016-08-04 17:01:20] tenho um forno elétrico pra converter em forno de solda
[2016-08-04 17:01:30] projeto pro garoa?
[2016-08-04 17:01:46] ficaria como doação mesmo
[2016-08-04 17:02:31] 😃
[2016-08-04 17:02:39] tem um forno eletrico gigante no garoa
[2016-08-04 17:02:41] de quem é?
[2016-08-04 17:02:47] vou ver se a minha mãe tem uma overlock sobrando também, acho que tinha duas, mas não prometo
[2016-08-04 17:02:56] tem? nunca reparei
[2016-08-04 17:03:09] tá do lado do pebolim
[2016-08-04 17:03:12] na estante
[2016-08-04 17:03:14] branco
[2016-08-04 17:03:23] uns 40cm x 60cm x 50xm
[2016-08-04 17:03:53] É recente, @agaelebe que trouxe acho, tava consertando...
[2016-08-04 17:03:54] bem maior que o meu
[2016-08-04 17:04:19] Ia ser lindo isso...
[2016-08-04 17:04:42] Sim, ele está no meu vortex of doom virtual. Ou seja, se ninguém fizer nada com ele até o final do mês ele vai pra reciclagem :) Mas não fui em que trouxe. Provavelmente nem funciona hehe Se funcionasse eu traria pão de queijo para assar.
[2016-08-04 17:04:44] to aceitando doação fogão velho
[2016-08-04 17:05:29] eheheheh ou o garoa recebe um fogao mais decente e o garoa me doa aquele lá
[2016-08-04 17:05:36] o meu ainda funciona mas é pequeno e bem velho
[2016-08-04 17:06:04] queria pra fazer forno de reflow
[2016-08-04 17:06:21] Sugestão Erin converte esse grande em forno de solda/reflow e traz o seu menor pro pão de queijo!
[2016-08-04 17:06:46] aquele grande seria uma boa pra solda
[2016-08-04 17:06:55] e deve ser coisa besta ele nao tá funcionando
[2016-08-04 17:07:20] yay!
[2016-08-04 17:07:21] adoro pão de queijo
[2016-08-04 17:07:36] vou levar pro garoa quando puder
[2016-08-04 17:07:55] Eu <guardachuva> pão de queijo
[2016-08-04 17:08:11] Pode levar Afonso :) O fogão do garoa tá bem zoado. hehe
[2016-08-04 17:08:33] mas ainda usam ele
[2016-08-04 17:08:33] @tilt4 ,se vc levar nosso fogão, nos força a comprar um novo hehe
[2016-08-04 17:08:46] Mas se vc levar a gente nunca vai comprar um novo. LOL
[2016-08-04 17:08:53] Digo, se vc não levar
[2016-08-04 17:09:02] entendi
[2016-08-04 17:09:19] é so comprar um novo porque aquele lá vai pra um lar melhor
[2016-08-04 17:09:21] auaeuaehuauh
[2016-08-04 17:09:56] O problema é q a chama dele é bem desregulada, e se brincar tem algum vazamento. Vou votar no CMC pra passar o fogão pra vc.
[2016-08-04 17:10:14] +1
[2016-08-04 17:10:42] Eu tenho em em casa parado, mas é um fogão elétrico de indução, uma boca só. Ideal pra espaços pequenos. Mas precisa ter panela de ferro, senão não rola. Talvez seria uma boa pro garoa.
[2016-08-04 17:10:44] (mas eu não voto no CMC, só faço lobby)
[2016-08-04 17:11:00] +1
[2016-08-04 17:11:08] eu voto
[2016-08-04 17:11:46] é chique esse fogão ai por indução
[2016-08-04 17:11:55] nao funciona com teflon?
[2016-08-04 17:12:00] aluminio?
[2016-08-04 17:12:51] é, mas nem é caro, é um fogão pequeno. aluminio não dá. Tem que ser aquelas paneas de ferro ou aço inox.
Acho que tem uma assim no Garoa. eheeh
o problema'e esse, vc gasta mais nas panelas hehe
Mas o risco de explosão tb é menor.
[2016-08-04 17:13:15] e se for aquelas panelas chinesas de inox que são muito fininhas, tb não dá. tem que ser panela boa.
[2016-08-04 17:34:32] Fabricio -> Garoa (a pé) = 1,5 horas
Fabricio + Pokemon Go -> Garoa (a pé) = 8 horas
[2016-08-04 17:45:22] Hahaha
[2016-08-04 17:53:12] eu que doei para o Garoa e estava funcionando. Se for usar para soldar coloquem um aviso.
[2016-08-04 17:53:46] Então rola assar uns pães de queijo? Acho que então é só montar a prateleira na cozinha.
[2016-08-04 17:55:24] Acho que sim.
[2016-08-04 17:55:35] E o lance do parafuso da casca?
[2016-08-04 17:55:52] semana que vem eu testo ele. hehe
[2016-08-04 17:56:08] Fiz um furo e resolveu.
[2016-08-04 17:56:54] Eu acho ele bem grande para deixar na cozinha.
[2016-08-04 17:56:55] \o/ super doação hein! Obrigadão!
[2016-08-04 17:58:03] Pão de queijo é um design pattern de hackerspace brasileiro que faltava implementar no Garoa!
[2016-08-04 18:00:52] Desisto, vou pegar o metrô... capturei 20 pokémons, além de itens...
[2016-08-04 18:03:00] photo: /home/felipe/devel/github_tvdstaaij/telegram-history-dump/output/media/Garoa_Hacker_Clube_(Público)/download_803705731_68921.jpg
[2016-08-04 19:58:43] photo: /home/felipe/devel/github_tvdstaaij/telegram-history-dump/output/media/Garoa_Hacker_Clube_(Público)/download_803730112_31544.jpg
[2016-08-04 19:58:44] photo: /home/felipe/devel/github_tvdstaaij/telegram-history-dump/output/media/Garoa_Hacker_Clube_(Público)/download_803716477_68634.jpg
[2016-08-04 20:02:38] document: /home/felipe/devel/github_tvdstaaij/telegram-history-dump/output/media/Garoa_Hacker_Clube_(Público)/download_255942482762662234
[2016-08-04 20:28:56] Filho do Oda?
[2016-08-04 20:36:27] document: /home/felipe/devel/github_tvdstaaij/telegram-history-dump/output/media/Garoa_Hacker_Clube_(Público)/download_957494157562085668.pdf
[2016-08-04 20:36:52] photo: /home/felipe/devel/github_tvdstaaij/telegram-history-dump/output/media/Garoa_Hacker_Clube_(Público)/download_803730880_31611.jpg
[2016-08-04 20:38:07] essa foto ai foi fingida
[2016-08-04 20:39:26] Foi nada, hoje é a noite do "Meu Primeiro Arduino" #dojo
[2016-08-04 20:42:35] heheheh
[2016-08-04 21:34:24] É sempre legal ver o Garoa cheio de estranhos :c)
[2016-08-04 22:48:51] Mas só tem gente estranha no Garoa :D
[2016-08-04 23:00:09] Peguei o ginásio do metrô Pinheiros
[2016-08-04 23:02:14] pessoal, acabei de descobrir algumas coisas:

1°  O (Pokemon Go) foi fundado por esse cidadão: John Hanke

2°  Ele também fundou a empresa Keyhole, Inc. 

3°  Essa Keyhole é um projeto de mapeamento de superfícies, foi comprada pelo Google e usado pra fazer o Google Maps/Earth e Street view.

4° Essa Keyhole foi patrocinada pela empresa In-Q-tel, que foi fundada pela CIA em 1999 (só entrar no site deles e comprovar).

5° Até aqui já podemos ver que a CIA indiretamente poderia ter acesso a todos os mapas do planeta, né? só que eles ainda não conseguiam entrar dentro das casas, correto?

6° Esses dias foi lançado o joguinho Pokemon Go, que virou febre na galera e geral anda usando, né?

7° Pra jogar você precisa dar permissão pro aplicativo usar a câmera, gps, microfone e até os dispositivos USB que estiverem conectados no seu smartphone.

8° Sempre que você aceita a permissão, o seu cel já acha 3 pokemons pertos de imediato (os 3 primeiros pokemons).

9° Quando você procura por pokemons dentro de casa, você permite o aplicativo ter uma foto da sala, incluindo as coordenadas e o ângulo do seu celular.

10° Você acabou de registrar as fotos de onde você mora por dentro e dar acesso ao aplicativo.

Mas Amigo, não é paranoia sua?

Veja bem, você leu os termos de aceitação pra usar o jogo? acho que ninguém vai ler né? são esses:

- “Nós cooperamos com agências do governo e companhias privadas. Podemos revelar qualquer informação a seu respeito ou dos seus filhos…”

No parágrafo 6 vocês podem achar isso também:
- “Nosso programa não permite a opção “Do not track” (“Não me espie”) do seu navegador”.

De nada, gente.

Fontes:
http://bit.ly/2aek3JD
http://bit.ly/29A7iFu
https://twitter.com/zergulio
[2016-08-04 23:03:04] -.-
[2016-08-04 23:42:32] https://www.youtube.com/watch?v=cDZjm4f9CEo
[2016-08-04 23:43:52] tudo isso que o pokemon go pode fazer (talvez menos a foto da sua casa, mas isso eu já posto na internet mesmo) o ingress já fazia
[2016-08-04 23:43:59] o pokemon go usa dados do ingress
[2016-08-04 23:47:46] Tomara que a CIA se divirta com as fotos da perua que pego do patriarca
[2016-08-04 23:48:06] Até agr em casa só peguei no banheiro
[2016-08-04 23:48:16] Caramba, minha vida deve ser muito interessante, a CIA não me deixa em paz...
