[2016-12-25 00:04:19] Dan Alec joined
[2016-12-25 00:15:22] document: /home/felipe/devel/github_tvdstaaij/telegram-history-dump/output/media/Garoa_Hacker_Clube_(Público)/download_619711356441985029.mp4
[2016-12-25 00:15:57] O henri Cristo mora perto aqui
[2016-12-25 00:16:13] Nucleo rural casa grande pode ver no site dele
[2016-12-25 01:28:35] Deve estar rolando festão de aniversário!!
[2016-12-25 14:30:24] Eu ouvi no dia e ri muito. Só não lembro do que decidiram, hahaha
[2016-12-25 14:39:24] João Vanzuita joined
[2016-12-25 14:39:25] Hi Loved !
[2016-12-25 15:11:43] photo: /home/felipe/devel/github_tvdstaaij/telegram-history-dump/output/media/Garoa_Hacker_Clube_(Público)/download_803729102_128810.jpg
[2016-12-25 15:27:34] Solução:
1. Faz carrinhos de madeira.
2. Vende por uma fortuna, usando a palavra "vintage".
3. Usa parte do dinheiro para comprar videogames e o restante deixa investido para o próximo ano.
[2016-12-25 15:30:52] Tipo esse:
http://www.elo7.com.br/carrinho-americano-vintage-coca-cola/dp/624F3E
[2016-12-25 18:26:57] photo: /home/felipe/devel/github_tvdstaaij/telegram-history-dump/output/media/Garoa_Hacker_Clube_(Público)/download_803735085_7278.jpg
[2016-12-25 19:35:02] Obrigado yumi, chag chanukah sameach para vocês todos!
[2016-12-25 19:35:36] photo: /home/felipe/devel/github_tvdstaaij/telegram-history-dump/output/media/Garoa_Hacker_Clube_(Público)/download_803729237_127968.jpg
[2016-12-25 19:35:43] document: /home/felipe/devel/github_tvdstaaij/telegram-history-dump/output/media/Garoa_Hacker_Clube_(Público)/download_50945793963590110.webp
[2016-12-25 19:35:49] essa semana, alguém vai para o Garoa?
[2016-12-25 19:35:55] document: /home/felipe/devel/github_tvdstaaij/telegram-history-dump/output/media/Garoa_Hacker_Clube_(Público)/download_422091437182550177.webp
[2016-12-25 19:35:59] estou pensando em ir na terça feira e ficar o dia todo
[2016-12-25 19:44:03] Minha sobrinha quer comprar um desses trecos de duas rodas ('hover board'?) eu disse que era perigoso e pegava fogo... fiz mal?
[2016-12-25 19:44:03] Alguém tem uma indicação barata porém não incendiária?
[2016-12-25 19:53:54] http://hackaday.com/2016/12/23/convert-that-cheap-laser-engraver-to-100-open-source-toolchain/
[2016-12-25 19:54:01] pra lasercutter do garoa
[2016-12-25 20:01:00] Chag o que migo?
[2016-12-25 20:01:13] chag chankukah sameach
[2016-12-25 20:01:24] meaning: "feliz natal"
[2016-12-25 20:01:41] Ata. Tava com preguiça de pesquisar no Google
[2016-12-25 20:01:45] SAHUSUAHHUASHUSAHSASAHU
[2016-12-25 20:14:25] http://www.israelitas.com.br/festas/festasVer.php?id=4
[2016-12-25 20:16:42] חג חנוכה שמח
[2016-12-25 20:17:10] Em Hebraico é assim?
[2016-12-25 20:17:22] pelos meus fundamentos basicos de ivrit, sim
[2016-12-25 20:17:46] o mais legal do hebraico é vc n ter q escrever vogais, mas sim acentuar as palavras com elas
[2016-12-25 20:18:02] e tbm q CH tem som de R no começo e meio de palavras
[2016-12-25 20:19:20] Por isso Chanukah também pode ser escrito como Hanukkah...
[2016-12-25 20:19:27] nãaaaaa
[2016-12-25 20:19:38] isso não pode não pq a escrita de consoantes é imutável
[2016-12-25 20:19:47] Hanukkah está errado
[2016-12-25 20:20:05] pelo menos no hebraico clássico e no atual
[2016-12-25 20:20:40] É como adaptaram para o ocidente, e está em todo lugar, por isso escrevi assim...
[2016-12-25 20:20:44] o CH tem só o som de H, não se muda
[2016-12-25 20:20:50] ss, to ligado
[2016-12-25 20:21:04] essas adaptações ajudam a lingua a viver mais uns tempos
[2016-12-25 20:24:53] Acho que foi para adaptar para o som do inglês... em algum lugar vi que duplicam a letra para indica a tonicidade da sílaba...
[2016-12-25 20:50:46] Feliz NEWTAL para tods!
[2016-12-25 21:10:17] photo: /home/felipe/devel/github_tvdstaaij/telegram-history-dump/output/media/Garoa_Hacker_Clube_(Público)/download_803704456_29298.jpg
[2016-12-25 21:26:18] Acho que terça rola música
[2016-12-25 21:26:21] Terça-feira estarei lá umas 14 ou 15h às 22h eu vazo
[2016-12-25 21:32:24] https://www.youtube.com/watch?v=kW1qYeFXuEw
[2016-12-25 21:41:25] Medo
[2016-12-25 21:42:05] 😂😂😂 cuidado
[2016-12-25 21:51:24] photo: /home/felipe/devel/github_tvdstaaij/telegram-history-dump/output/media/Garoa_Hacker_Clube_(Público)/download_803735860_2746.jpg
[2016-12-25 21:51:34] document: /home/felipe/devel/github_tvdstaaij/telegram-history-dump/output/media/Garoa_Hacker_Clube_(Público)/download_347791234560950280.webp
[2016-12-25 21:52:37] Também pretendo ir essa semana, depois do trabalho, mas nada confirmado...
[2016-12-25 22:24:05] Las mejores películas latinoamericanas de 2016 | Cultura | EL PAÍS https://t.co/MIGTJwVSU0

https://twitter.com/emirsader/status/812781781153972224
[2016-12-25 22:37:52] Chag Chanucá Sameach
[2016-12-25 22:47:06] wwwwwwwwwwwwwi999999999wj+++++++++k
[2016-12-25 22:48:58] feliz natal gatinhos do sandro
[2016-12-25 22:49:51] kkkk foi uma passadinha do Pingo pra um oi
[2016-12-25 23:56:02] 😂
