[2017-05-12 01:09:14] 1ª Seleção de Inovação Tecnológica do Pátio Digital sobre o tema de Alimentação Escolar! Perguntas frequentes: http://patiodigital.prefeitura.sp.gov.br/selecaodeapps/. Grupo de Telegram para (i) tirar dúvidas sobre a seleção e (ii) promover a colaboração entre participantes e interessados: http://bit.ly/desafiomerenda
[2017-05-12 01:51:34] Estou desenvolvendo (em Python) um bot de Telegram que usa Telepot
O bot serve para converter valores de moedas e criptomoedas
Quem quiser acompanhar ou ajudar o desenvolvimento avisa no pvt que eu mando o bot e o grupo

No grupo de desenvolvimento tem MUITA notificação de depuração do bot, só entre se estiver de fato interessada(o)
Quem quiser só tentar usar o bot e dar feedback também já ajuda
[2017-05-12 06:37:58] Turma. Até que enfim eh sexta. Eu tenho uma duvida acerca de impressora 3D. Meu conhecimento parou na reprap. Aparece na internet extrusoras que aceitam dois ou mais filamentos. Queria descobrir mais sobre essas "dual extruders" e quais impressoras usam e como trabalham. Um link para alguma documentação seria apreciável.
[2017-05-12 09:48:52] https://web.archive.org/web/20170512124736/https://arstechnica.com/security/2017/05/hp-laptops-covert-log-every-keystroke-researchers-warn/
[2017-05-12 10:07:24] OT: tinha um maluco no metro com uma tornozeleira eletrônica

Quase cheguei pra ele e falei: posso tentar abrir essa parada?
[2017-05-12 10:08:10] no mínimo tu consegue uma pra ti
[2017-05-12 10:09:08] Não vejo problema nisso desde que eu posso continuar indo ao trabalho, garoa e botecos
[2017-05-12 10:13:12] A probabilidade de Jesus ter nascido em 25 de dezembro é muito baixa. 
Apenas uma em 365. 
Bom dia!
[2017-05-12 10:16:29] já eu vejo diferente.

a probabilidade de ter nascido um Jesus é muito mais baixa

se nasceu um Jesus, é altamente provável que tenha sido dia 25 de dezembro
[2017-05-12 11:05:52] AFAIK, todas as datas comemorativas associadas a ele foram estabelecidas pela igreja, e coincidindo com datas comemorativas pagãs
[2017-05-12 12:04:10] Rogério, existe o Glade, para criação de interfaces GTK+, mas ele só gera a interface, você deve cuidar do código Python posteriormente.

Um artigo referente ao Glade:
https://blog.butecopensource.org/acelerando-o-desenvolvimento-com-glade/

Exemplo com o Python:
http://python-gtk-3-tutorial.readthedocs.io/en/latest/builder.html#example

Tutoriais do Glade:
https://wiki.gnome.org/action/show/Apps/Glade/Tutorials

PS: Ainda não usei o Glade com o Python...
[2017-05-12 12:07:47] 👍Vou pesquisar
[2017-05-12 12:23:03] Viram essa notícia de doação da Cisco pra prefeitura?
[2017-05-12 12:35:15] Será que doaram com ou sem a correção do zero-day?
[2017-05-12 12:38:41] Qual notícia?
[2017-05-12 12:40:31] 300Mi em tecnologia
[2017-05-12 12:41:06] Apesar de gratuitos, os aparelhos demandarão custos. E eles não são pequenos. Segundo a Prefeitura, a instalação nas escolas deve custar cerca de R$ 20 milhões e a manutenção dos equipamentos é estimada em R$ 27 milhões por ano.
[2017-05-12 12:41:21] #PrefeitoMargarina! #DoriaAventureira
[2017-05-12 12:41:29] num dá um ponto sem nó!
[2017-05-12 12:41:32] affff
[2017-05-12 12:42:35] acho engraçado certas coisas

se está assim está ruim

se melhora ainda continuam reclamando ou achando problemas...

por isso nada vai para frente...
[2017-05-12 12:43:49] talvez não existe a parte do "melhora", deve ser isto
[2017-05-12 12:44:16] Pois é sempre enxergando assim nunca vai existir mesmo
[2017-05-12 12:44:17] porque quando melhora costuma diminuir a reclamação e a problematização
[2017-05-12 12:45:58] demoram anos para afundar e agora querem a melhora rapida...
[2017-05-12 12:47:01] Pelo menos estão conseguindo algo e tentando... ao contrarios de outros que passaram e não fizeram nada...
[2017-05-12 12:47:08] "doação"
[2017-05-12 12:47:18] qual a sugestao no lugar de cisco?
[2017-05-12 12:47:20] nortel?
[2017-05-12 12:47:29] algum deles teriam manutencao gratis?
[2017-05-12 12:48:05] Sim doação....
[2017-05-12 12:48:14] isso é sofisma, quem é que quer melhora rápida?
[2017-05-12 12:48:34] Quem sempre acha algo para reclamar....
[2017-05-12 12:48:54] ou não né..... só reclamar mesmo
[2017-05-12 12:48:59] e tu conhece alguém? porque pelo que parece são seres imaginários
[2017-05-12 12:49:42] conheço vários que falam falam falam reclamam sem parar e ainda postam...
[2017-05-12 12:49:59] se são imaginários isso eu não pelo menos para mim
[2017-05-12 12:50:07] eu também já tive conta no feisse, mas eu queria saber se tu conhece gente de verdade
[2017-05-12 12:50:27] conheço sim.... porque?
[2017-05-12 12:50:51] de qualquer forma, via de regra, assim como tem uma miríade de bots no feisse reclamando de graça, também tem uma miríade defendendo quem ta errado de graça
[2017-05-12 12:51:44] se for reduzir a estatística pra seres humanos reais com o cérebro em pleno funcionamento, é provável que ambos lados tenham um interesse financeiro atrelado
[2017-05-12 12:52:06] que são geralmente os que ditam o ritmo pra manada ir atrás
[2017-05-12 12:52:40] Depois pergunta para mim se EU conheço gente de verdade
[2017-05-12 12:53:06] eu especifiquei que eram as pessoas às quais tu te referiu
[2017-05-12 12:53:10] que supostamente só reclamam
[2017-05-12 12:53:17] eu não disse de uma forma geral
[2017-05-12 12:53:27] pessoal, que tal esse papinho mala continuar em pvt?
[2017-05-12 12:53:35] alerta da moderação: essa conversa não parece estar seguindo um rumo bom.
[2017-05-12 12:53:43] deixa pra lá
[2017-05-12 12:53:44] eu tenho acordo que ninguém pode problematizar sem providenciar uma solução alternativa
[2017-05-12 12:53:46] ele venceu
[2017-05-12 12:53:49] não faz sentido só reclamar
[2017-05-12 12:53:59] mas e ai, qual a opcao a cisco?
[2017-05-12 12:54:09] em relação a eu e o Luiz ta sob pleno controle
[2017-05-12 12:54:15] quem ta se metendo é que pode cagar
[2017-05-12 12:54:32] relaxem galera
[2017-05-12 12:54:35] calma calma
[2017-05-12 12:54:57] Nortel foi otima uahuahua
[2017-05-12 12:55:12] pois eh...
[2017-05-12 12:55:37] eu trabalhei com nortel meu deussss do ceu
[2017-05-12 12:55:40] Pois é, eu tb não conheço muitas alternativas a Cisco. E provavelmente todas nossas conversas aqui passaram por algum equipamento da Cisco....
[2017-05-12 12:56:02] rsrs.... nem que for um 1841
[2017-05-12 12:56:18] Distribuir escutas telefônicas dentro de telefone doados é uma Boa.
[2017-05-12 12:56:30] Vou falar com o João Dólar
[2017-05-12 12:57:16] document: /home/felipe/devel/github_tvdstaaij/telegram-history-dump/output/media/Garoa_Hacker_Clube_(Público)/download_368739082848698807.webp
[2017-05-12 12:57:55] daqui a pouco aparece alguem falando de comprar maquina na santa, botar 18 placas da realtek e instalar linux para usar de router...
[2017-05-12 12:58:33] Placa-Mae seria : PCCHIPS
[2017-05-12 13:00:53] o doria tem varios defeitos, incluindo inflar valores das doacoes, mas dizer que receber cisco de doacao e que gastar manutencao 20+27kk eh muito para um projeto desse porte eh overpriced nao ta colando
[2017-05-12 13:02:41] foi exatamente o que eu quis dizer lá em cima... sempre sempre alguém reclamando de algo... mesmo que seja bom.
[2017-05-12 13:03:44] se vai reclamar, pode dizer que ele eh um retardado por gostar de romero britto kkkk
[2017-05-12 13:04:44] parece que na lista de doacoes tem 2 quadros do romero britto que ele mesmo doou para a prefeitura
[2017-05-12 13:04:47] Hauahhaauhaha
[2017-05-12 13:04:50] 😔
[2017-05-12 13:05:03] E copo plástico e sorvete
[2017-05-12 13:05:35] bom, quem ja trabalhou em qq escritorio publico sabe que falta ate papel higienico...
[2017-05-12 13:05:46] mesmo em sp, que eh uma ilha de civilizacao
[2017-05-12 13:06:16] Sorvete ?
[2017-05-12 13:06:50] sim
[2017-05-12 13:06:52] se o cara leva o sorvete e distribui eh descaminho de servidor publico
[2017-05-12 13:07:03] softwares também
[2017-05-12 13:07:03] Ahsusjsuay
[2017-05-12 13:07:07] ai ele doa e o pessol come kkkk
[2017-05-12 13:07:22] câmeras de segurança
[2017-05-12 13:07:32] Aliás
[2017-05-12 13:07:36] Boa tarde xD
[2017-05-12 13:08:58] tarde
[2017-05-12 13:11:41] bom, msa para quem nao ta convencido: 27kk em 1 k de escolas por ano (12 meses) eh um mameluco mal pago de 2250 reais por escola
[2017-05-12 13:14:05] simplificando assim, o problema passa a ser o pobre do mameluco que vai ter que viver de scam na internet pra pagar as contas
[2017-05-12 13:15:17] (só pra ilustrar que pra cada reclamo tem uma simplicação, e pra cada simplificação tem um reclamo)
[2017-05-12 13:15:57] existem 22 grandes fabricantes de equipamentos de telecom no Mundo!
[2017-05-12 13:16:06] Plantei a treta com a pergunta. Rs
[2017-05-12 13:16:28] eu não achei a especificação dos equipamentos
[2017-05-12 13:16:44] tem uns switchs da cisco que são mais estáveis que o meu debian squeeze
[2017-05-12 13:16:44] Eu tava procurando isso tb
[2017-05-12 13:16:53] Fala pessoal
[2017-05-12 13:17:31] é que aí ninguém ia ter assunto
[2017-05-12 13:17:52] informação útil é sempre difícil de achar porque não gera debate e não gera polêmica e não é difundida
[2017-05-12 13:18:04] Alguém pode me dar uma dica de o que fazer com o meu aparelho que se afogou numa cachoeira?
[2017-05-12 13:18:54] Eu estava com uma idéia de doação mesmo mas tenho receio por causa do conteúdo na flash memory
[2017-05-12 13:19:01] tu já tirou da cachoeira?
[2017-05-12 13:19:19] se tiver como acessar, apaga com guttman
[2017-05-12 13:19:20] 😂 sim sim já !!!
[2017-05-12 13:20:05] hummm... O aparelho não liga e não carrega...
[2017-05-12 13:20:18] então manda pra mim que eu sou de confiança
[2017-05-12 13:20:42] Pensei em fazer como fiz com o meu carro antigo: Desmontare vender as peças
[2017-05-12 13:21:04] Mas o retorno disso seria rdículo !!!
[2017-05-12 13:21:15] então desisti de vender !!!
[2017-05-12 13:21:32] me diz o modelo que eu digo se eu pago o sedex
[2017-05-12 13:24:12] quando ele faz o marketing ele não especifica nada
[2017-05-12 13:31:42] MotoX Style 3º Geração
[2017-05-12 13:32:34] quando eu for em são paulo, cogitarei novamente a possiblidade =D
[2017-05-12 13:46:43] complexifica para mim entao, por favor...
[2017-05-12 13:55:23] eu sou bom em problematizar, não sou bom em mudar o foco
[2017-05-12 14:24:09] document: /home/felipe/devel/github_tvdstaaij/telegram-history-dump/output/media/Garoa_Hacker_Clube_(Público)/download_532582361385142267.mp4
[2017-05-12 15:23:38] hey brasilenos, esto rd vosotros atacais a todo el mundo?
[2017-05-12 15:25:14] Esse cara é funny. 😂😂
[2017-05-12 15:26:48] en brasil hay miles favelas donde el gobierna no puede controlar entonces es bueno lugar para jaqueros
[2017-05-12 15:27:45] Acho q os jaqueros preferem ficar em casa mesmo, longe das favelas
[2017-05-12 15:28:46] pero mas seguro estar en favelas..pagar a mafia un poco para ellos no te tocan y jaquear alli y luego salir
[2017-05-12 15:30:04] Vc tá assitir do mt tropa de elite amigo kkk
[2017-05-12 15:30:38] https://github.com/belimawr/portunhol
[2017-05-12 15:30:41] belimawr | portunhol

Tradutor de português para portunhol

Language: Python
Forks: 4
Stars: 2
Issues: 0
[2017-05-12 15:31:07] É só pelo "HU3br", brother... Nada pessoal
[2017-05-12 15:31:58] que? no entiendi..
[2017-05-12 15:32:33] huebr é a cultura troll brasileira
[2017-05-12 15:32:42] taca fogo e foda-se ao mesmo tempo
[2017-05-12 15:33:09] cultura brasileira* (troll eh natural)
[2017-05-12 15:33:31] Exato! Só sendo brasileiro pra entender...
[2017-05-12 15:34:01] pero yo no escuche mucho algo sobre brasilenos jaqueros, aunque en Brasil hay muchos opurtundidades jaquear anonimo yo creo
[2017-05-12 15:35:11] yo vi algun tiempo Brasil era 5 o 3 pais de pirates en internet y ahora no se
[2017-05-12 15:35:28] fale hackear em vez de jaquear
[2017-05-12 15:35:59] si falo mal en portugues jaja
[2017-05-12 15:36:24] ;)
[2017-05-12 15:36:28] mas hacker é uma palavra mundial
[2017-05-12 15:36:32] pero brasileno es muy gracioso
[2017-05-12 15:38:11] HAUAHAUAHAUA
[2017-05-12 15:38:20] alquien de vosotros escucho esta cancion? yo pregunto a los brasilenos y casi nadie lo eschcuo..pero en URSS es pelicula y cancion era muy famoso, pero los brasilenos no saben sobre esta pelicula y me gusta mucho esta cancion
[2017-05-12 15:38:25] https://www.youtube.com/watch?v=AU7zdcAIFr4
[2017-05-12 15:40:47] Si, sou mui lindjo mesmo
[2017-05-12 15:43:02] Mas que coisa mais "útil"...rsss
[2017-05-12 15:46:05] photo: /home/felipe/devel/github_tvdstaaij/telegram-history-dump/output/media/Garoa_Hacker_Clube_(Público)/download_803111300_69292.jpg
[2017-05-12 15:46:26] auehaue
[2017-05-12 15:49:07] Melhor do que Funk
[2017-05-12 15:49:40] sobre que cantan? sobre hijos sin casa?
[2017-05-12 15:49:52] HSUAHAUAUAU não
[2017-05-12 15:50:25] Sexo, Drogas, Mortes, e tudo mais que não presta
[2017-05-12 15:50:58] no.yo pregunto sobbre cancion.tu escuchaste?
[2017-05-12 15:52:10] Sim, é mais ou menos isso que você falou.
[2017-05-12 15:52:46] esta cancion hay en ruso, alli no cantan sobre sexo y drogas
[2017-05-12 15:55:16] http://www.telegraph.co.uk/news/2017/05/12/ransom-ware-attacks-spread-world-wide/
[2017-05-12 15:55:52] +70 de países
[2017-05-12 15:56:32] O pau tá comendo, literalmente na Europa! rsss
[2017-05-12 15:56:56] mundo todo
[2017-05-12 15:57:09] recebemos tentativas de ataque aqui no Hosp
[2017-05-12 15:57:13] de IPs Br
[2017-05-12 15:57:41] Ransomware exploitando Windows. "Telefônica" (empresa espanhola), NHS (sistema de saúde do uk)
[2017-05-12 15:57:41] tenho confirmação de 3 empresas grandes infectadas aqui no BR
[2017-05-12 15:57:55] Tive que tirar o DMZ do meu servidor aqui em casa, tá foda os scriptkids...
[2017-05-12 15:57:56] e mais algumas LATAM
[2017-05-12 15:58:03] Petrobras e quem mais?
[2017-05-12 15:58:15] MP, TJSP
[2017-05-12 16:05:11] Sabem algo sobre a vuln?
[2017-05-12 16:05:24] Li na wiki que explorava a EternalBlue
[2017-05-12 16:06:37] Foi o vazamento do shadow brokers
[2017-05-12 16:06:39] Botnet usando ETERNALBLUE e DOUBLEPULSAR, dois exploits da NSA que vazaram
[2017-05-12 16:06:48] eles exploram um RCE no SMB
 o WannaCrypt usado é uma variante
[2017-05-12 16:07:01] Tudo o que sabemos sobre o ciberataque que comprometeu sistemas de todo o mundo http://m.gizmodo.uol.com.br/ramsomware-wannacry-ciberataque-mundial/
[2017-05-12 16:07:03] "ouvi dizer", que essa variante é Br
[2017-05-12 16:07:17] "dizem", que ele faz auto-mutação, mudando o hash apos algumas infecções
[2017-05-12 16:07:46] Começou em UK, duvido que seja algo br
[2017-05-12 16:08:30] O texto do malware em PT é PT-BR, não PT-PT
[2017-05-12 16:08:38] to com 3 samples aqui
[2017-05-12 16:13:12] Tá fazendo um reverso Gutem
[2017-05-12 16:13:40] Acabei de tuitar uma imagem com texto em italiano
[2017-05-12 16:13:46] Manda print aí
[2017-05-12 16:13:55] Pode ter uma pista da origem aqui: https://pplware.sapo.pt/informacao/ataque-empresas-portuguesas-nao-so-afinal-aconteceu/

hxxp[:]//parafazeracontecer[.]com[.]br/blog/taskhost[.]exe
[2017-05-12 16:16:36] http://goo.gl/s0OtwP
[2017-05-12 16:16:44] Fedex aqui no brasil parada
[2017-05-12 16:31:31] Ainda não... Ainda to no "Day Job"... hehehehe
[2017-05-12 16:37:10] vi o print em pt-br agora gutem
[2017-05-12 16:37:57] https://intel.malwaretech.com/WannaCrypt.html
[2017-05-12 16:40:30] Gutem só fala, "dizem", "dizem", assume logo q vc q ta ferrando geral 😂😂
[2017-05-12 16:40:40] E solta o paper
[2017-05-12 16:41:32] Meu advogado me orientou a não fornecer provas contra mim mesmo... Então, nada de Paper! hehehe
[2017-05-12 16:43:13] Quem aí tá sabendo do Wcry?
[2017-05-12 16:43:21] O CERT espanhol alertou hoje um ataque massivo de Ransonware contra grandes empresas do país. Há indícios de que a Telefónica está entre as
vítimas.

Nesse momento as informações ainda estão desencontradas, mas o que sabemos é que foi usado o Ransomware WannaCry (nova variante) e que esse malware afeta os sistemas operacionais Windows listados mais abaixo.

Microsoft Windows Vista SP2
Windows Server 2008 SP2 and R2 SP1
Windows 7
Windows 8.1
Windows RT 8.1
Windows Server 2012 and R2
Windows 10
Windows Server 2016

O CERT afirma que o Ransonware explorou uma vulnerabilidade reportada pela Microsoft em 14 de março e, segundo análises preliminares, essa poderia ser a de execução remota de código listada no boletim MS17-010.

É importantíssimo que os clientes que possuem plataformas baseadas em Windows atualizem seus ambientes (especialmente aplicando a correção MS17-010).

Além disso, recomenda-se que os IOCs (hashes/IPs) relacionados ao malware sejam barrados/alertados nas proteções de perímetro. Recomenda-se também verificar se as proteções do endpoint (Ex.: AVs) possuem vacina/alerta para a ameaça.

Ofereceremos informações mais objetivas sobre o que ocorreu assim que possível.

https://www.ccn-cert.cni.es/seguridad-al-dia/comunicados-ccn-cert/4464-ataque-masivo-de-ransomware-que-afecta-a-un-elevado-numero-de-organizaciones-espanolas.html
[2017-05-12 16:43:34] Ou trabalha em alguma empresa de segurança e o que estão fazendo sobre
[2017-05-12 16:47:20] pelo que li não atacava esses SO n hein
[2017-05-12 16:51:11] photo: /home/felipe/devel/github_tvdstaaij/telegram-history-dump/output/media/Garoa_Hacker_Clube_(Público)/download_803112244_51866.jpg
[2017-05-12 16:54:37] uahuahauahuahauh
[2017-05-12 16:58:44] hauahuau exatamente
[2017-05-12 16:59:09] mas o problema é que sempre os usuários de Linux tem clientes usando Windows para dificultar a vida...
[2017-05-12 17:00:47] Pois é, mas já troquei todos os servidores do meu cliente para linux! :P
[2017-05-12 17:17:24] O ransomware se originou da nsa,  sabem aquele vazamento que teve da NSA? Das ferramentas deles? Essa é uma das partes que roubaram...
[2017-05-12 17:17:56] Gente, nem me apresentei, desculpa, sou Hoayran, Analista de Segurança da informação
[2017-05-12 17:46:40] Yeap
[2017-05-12 18:49:11] indeed. ainda vai ter mais
[2017-05-12 19:24:16] Meu pai trabalha pelo notebook, acham que vale a pena trocar pra alguma distro linux?
[2017-05-12 19:24:33] Ele usa w7...
[2017-05-12 19:31:45] Sempre é bom usar Linux né
[2017-05-12 19:35:14] Se ele não trabaha usando alguma ferramenta que necessite explicitamente de Windows, Gnu/Linux é realmente melhor pra se usar. A única questão é se acostumar.
[2017-05-12 19:35:47] Independente do SO, oriente ele a sempre ter backup do que for importante e critografar o que for sensível.
[2017-05-12 19:36:45] O problema é que algumas informações são sensíveis, acho que vou criptografar MSM.
[2017-05-12 19:37:34] document: /home/felipe/devel/github_tvdstaaij/telegram-history-dump/output/media/Garoa_Hacker_Clube_(Público)/download_156473097476637466.webp
[2017-05-12 19:40:13] É bom o povo daqui atualizar seus windows, pois o valor do bitcoin hoje está de cair o (*) da bunda!
[2017-05-12 19:40:14] https://www.mercadobitcoin.com.br/
[2017-05-12 19:49:15] ciro mitubashi joined
[2017-05-12 19:49:16] Hi ciro !
[2017-05-12 19:49:25] fala ai pessoal
[2017-05-12 19:49:36] amanha vai ter gente na sede
[2017-05-12 19:49:49] estou pensando em fazer um visita
[2017-05-12 19:50:18] sou novo aqui no pedaco
[2017-05-12 19:51:49] Boa noite, fudeba! rsss
[2017-05-12 19:52:33] fala ai sergio
[2017-05-12 19:52:41] se ta aqui putz
[2017-05-12 19:52:45] legal
[2017-05-12 19:52:54] faz teeeeeempo...
[2017-05-12 19:53:16] amanha a partir das 6horas vaibter gente ai
[2017-05-12 19:53:33] tava querendo ir ai conhecer juntamente
[2017-05-12 19:54:35] não vou no garoa amanhã, mas sempre tem gente de sábado lá
[2017-05-12 19:55:08] cara e seus projetos de msx
[2017-05-12 19:55:30] conhecer voce pessoalmente
[2017-05-12 19:55:33] hehehehehhehehehe
[2017-05-12 19:56:39] @fsanches que vai gostar...
[2017-05-12 19:57:36] trocar umas ideias ai de eletronica
[2017-05-12 19:57:39] hehehebbebebbehehehe
[2017-05-12 20:54:43] Oi boa noite a todos ! Medida de segurança usem o www.duzeru.org e o Kim Tu GNU/Linux
[2017-05-12 20:55:48] photo: /home/felipe/devel/github_tvdstaaij/telegram-history-dump/output/media/Garoa_Hacker_Clube_(Público)/download_803116415_51173.jpg
[2017-05-12 20:56:12] Poético
[2017-05-12 21:25:55] *SUG 15/2017*

Reduzir os impostos sobre games dos atuais 72% para 9%.

https://www12.senado.leg.br/ecidadania/visualizacaomateria?id=129162&voto=favor
[2017-05-12 21:30:37] Apesar da curva os números são ínfimos.. MS caiu 0.12% hj, irrelevante. A RedHat hoje caiu 0.32%
[2017-05-12 22:08:28] vai que horas para o Garoa amanhã?
[2017-05-12 22:31:27] Alguém tem o vírus wcry aí ?
[2017-05-12 22:31:48] Andre Siqueira added Aristoteles Araujo
[2017-05-12 22:31:49] Hi Aristoteles !
