[2016-06-13 00:02:20] photo: /home/felipe/devel/github_tvdstaaij/telegram-history-dump/output/media/Garoa_Hacker_Clube_(Público)/download_803712981_45436.jpg
[2016-06-13 00:02:40] Vido se intoxicando com tinta dourada em spray
[2016-06-13 00:07:05] Já ouviu falar em PasteJacking ??
Veja ele em prática:
https://www.youtube.com/watch?v=jtqH6LSPi3o&feature=youtu.be
Artigo:
http://goo.gl/JzwZT0
[2016-06-13 00:13:28] Foi pro hospital e como estava sangrando teve atendimento rápido. Foi anestesiado, levou três pontos e quatro broncas.
[2016-06-13 00:22:02] https://www.dropbox.com/sh/inddsf0xoszbio9/AADNgLShcbYZLYCZJyYETnLza?dl=0
[2016-06-13 00:22:14] pasta com minhas fotos da bsides, mas ainda não upou tudo
[2016-06-13 00:22:21] são uns 5-6gb de foto
[2016-06-13 00:22:44] porque tem RAW junto
[2016-06-13 00:23:15] vai levar umas 11 horas pra subir de acordo com o dropbox
[2016-06-13 00:23:37] o que não subir hoje subo amanhã na internet melhor do serviço
[2016-06-13 00:24:55] eu acho que ele tá subindo por bogosort
[2016-06-13 00:28:30] são 877 fotos
[2016-06-13 00:35:40] Vido e Afonso
[2016-06-13 00:35:47] Vocês estão de parabéns
[2016-06-13 00:36:05] Arrasaram e ajudaram a difundir com a molecada
[2016-06-13 00:36:34] A Erin flagrou o robô do Afonso em altíssima velocidade
[2016-06-13 00:37:56] o do vido também, em alíssima velocidade... girando em torno de si mesmo...
[2016-06-13 00:45:42] gente, tô revendo as fotos
[2016-06-13 00:45:52] as crianças de robótica são muito fofas
[2016-06-13 00:46:15] photo: /home/felipe/devel/github_tvdstaaij/telegram-history-dump/output/media/Garoa_Hacker_Clube_(Público)/download_802610156_99419.jpg
[2016-06-13 00:46:35] dsclp spam, parei
[2016-06-13 00:46:40] photo: /home/felipe/devel/github_tvdstaaij/telegram-history-dump/output/media/Garoa_Hacker_Clube_(Público)/download_803711124_45716.jpg
[2016-06-13 00:47:01] (a mensagem foi digitada depois da última foto, mas enviou antes)
[2016-06-13 00:47:15] adoreeeei
[2016-06-13 00:47:36] Depois subo no Facebook e marco esse pessoal
[2016-06-13 00:47:52] antes de fazer isso espera eu subir todas as fotos
[2016-06-13 00:48:17] daí dá uma passada em todas as fotos pra ver quais vocês querem
[2016-06-13 00:48:30] se tiver alguma com exposição meio ruim eu dou uma tratada com o raw no photoshop
[2016-06-13 00:48:35] daí vocês postam
[2016-06-13 00:51:48] @CTFNinj4 legal, ja eh meio batida (e ate gosto dela pq pega os "admin" de c&p :P ), mas vale a pena divulgar, parece mesmo que pouca gente sabe, acho que uma boa pegadinha para colocar no site do garoa lol. Btw, dei uma olhada por cima no blog, bem legal :D
[2016-06-13 00:52:42] Vlw mano :D
[2016-06-13 00:52:57] @mynameiserin quem usa lego nao eh fofo por definicao huahuahauh
[2016-06-13 00:53:16] @CTFNinj4 nao eh de sp, ne?
[2016-06-13 00:53:23] olha que o RCX deu pau na galera
[2016-06-13 00:53:47] ele pagou para alguem programar para ele tb?
[2016-06-13 00:54:06] photo: /home/felipe/devel/github_tvdstaaij/telegram-history-dump/output/media/Garoa_Hacker_Clube_(Público)/download_803712851_45782.jpg
[2016-06-13 00:54:10] #chucknorrismodeON
[2016-06-13 00:54:28] Sou da Baixada.
[2016-06-13 00:54:32] esses projetos são menos pre-fab que os tomiya da vida que a galera do garoa usa, Oda
[2016-06-13 00:54:54] aham
[2016-06-13 00:55:09] po, nao eh longe, cola ai ;)
[2016-06-13 00:55:14] isso aí é da criançada de fora de SP dum curso de robótica
[2016-06-13 00:55:21] aham
[2016-06-13 00:55:29] lego > /dev/null
[2016-06-13 00:55:37] deixa de ser cínico por um minuto, pfvr
[2016-06-13 00:55:43] eu sei que é teu default
[2016-06-13 00:55:47] mas só um minutinho, vai
[2016-06-13 00:55:51] não dói, prometo
[2016-06-13 00:55:58] ta bom
[2016-06-13 00:56:07] Pode crer vou no Hackaflag SP, ae depois vou estar disponível pra Labs, sempre quis visitar um
[2016-06-13 00:56:13] set cinico off
[2016-06-13 01:01:22] nossa, consegui a proeza de ter uma foto que bateu no mesmo instante que o flash de outra pessoa
[2016-06-13 01:01:41] Oda... Eles ganharam kit de arduino com motor hoje. A professora e um aluno choraram
[2016-06-13 01:01:52] Eles sempre quiseram
[2016-06-13 01:01:56] ?
[2016-06-13 01:02:13] vende o lego, compra 300 arduinos com shields e motores e etc etc etc
[2016-06-13 01:02:21] a foto ficou legal? as vezes isso da uns efeitos engraçados
[2016-06-13 01:02:30] o lego eh da escola?
[2016-06-13 01:03:00] ops, desculpa, estou no modo nao cinico...
[2016-06-13 01:03:22] :set cinico
[2016-06-13 01:03:30] ficou um pouco estourada, foi na hora do sumô (enquanto a yumi e o fábio gritavam pra ver se o pessoal se toca que não é pra tirar foto das competições com flash pra não perturbar os sensores)
[2016-06-13 01:04:42] eu acho que o problema de trocar lego por arduino não é grana, é acessibilidade
[2016-06-13 01:04:59] mas eu sei que isso vai ter contra-argumento então não direciono essa opinião a nenhuma discussão
[2016-06-13 01:05:03] Eles ganharam o kit de lego de uma loja de brinquedos... tinham esse ev3 e um rxc que foi doado quebrado pra eles e os meninos consertaram
[2016-06-13 01:05:24] erin, o que vc chama de acessibilidade?
[2016-06-13 01:05:36] opa, uma discussão
[2016-06-13 01:05:40] saída pela direita
[2016-06-13 01:05:41] Concordo com a Erin
[2016-06-13 01:05:43] yumi, entao refaco a sugestao de trocar
[2016-06-13 01:05:47] Estou querendo dar uma oficina lá pra ajudar a manter o projeto de robótica e incentivar o uso do arduino
[2016-06-13 01:06:11] tem que nascer sabendo arduino, não pode ter lego no meio do caminho :^)
[2016-06-13 01:06:19] posso doar algumas coisas
[2016-06-13 01:06:25] <---- aprendeu robótica com 10 anos usando RCX
[2016-06-13 01:07:10] perdi muita credibilidade? ops
[2016-06-13 01:07:23] eu nao entendi o lance do arduino, acho que vc esta confundindo minha aversao a lego com ode a arduino
[2016-06-13 01:07:51] nao perdeu credibilidade, ganhou pelo fato de nao ter sido emburrecida pelo lego
[2016-06-13 01:07:59] oda! oda! eu uso windows!
[2016-06-13 01:08:08] eu tô usando windows agorinha mesmo!
[2016-06-13 01:08:14] perdeu o que tinha ganhado...
[2016-06-13 01:08:23] Siiiim... Eles sempre quiseram.  Estou combinando com o Fábio de descer lá pra São Sebastião e visitar a comunidade pra dar um dojo. o instrutor de robótica e dois alunos deles morreram essa semana no acidente do ônibus na serra de bertioga
[2016-06-13 01:08:48] aeee!! fiz o oda deixar de pegar no pé das crianças e pegar no meu pé :)
[2016-06-13 01:09:11] yumi, pode ser uma desculpa para eu levar os moleques na praia :)
[2016-06-13 01:09:17] ai eu vou la falar mal de logo pessoalmente
[2016-06-13 01:09:20] lego
[2016-06-13 01:09:46] ah tá porque se falar mal de logo eu levo pessoalmente
[2016-06-13 01:09:52] eu aprendi a fazer loops com logo
[2016-06-13 01:10:08] Vamos
[2016-06-13 01:10:18] hackerspace na praia
[2016-06-13 01:10:57] erin, vc gosta de lego, logo e windows... nao da dizer que vc nao eh consistente...
[2016-06-13 01:11:13] Ue
[2016-06-13 01:11:24] nunca disse que gosto de windows, só que uso todo dia
[2016-06-13 01:11:37] Erin++
[2016-06-13 01:11:41] e assim nasceu um gif
[2016-06-13 01:11:42] photo: /home/felipe/devel/github_tvdstaaij/telegram-history-dump/output/media/Garoa_Hacker_Clube_(Público)/download_803701704_46089.jpg
[2016-06-13 01:11:45] photo: /home/felipe/devel/github_tvdstaaij/telegram-history-dump/output/media/Garoa_Hacker_Clube_(Público)/download_803712264_46260.jpg
[2016-06-13 02:34:27] Conheço esse livro do Guidorizzi ai, bom bacarai... :D
[2016-06-13 07:12:19] Os orientandos do Guidorizzi ainda dão aula na poli.
[2016-06-13 08:35:54] A primeiríssima coisa que vi ao abrir a foto foi o Guidorizzão alí :-) Tem um na minha frente aqui na estante de casa agora mesmo olhando pra mim...
[2016-06-13 08:42:30] photo: /home/felipe/devel/github_tvdstaaij/telegram-history-dump/output/media/Garoa_Hacker_Clube_(Público)/download_802232874_97471.jpg
[2016-06-13 08:42:47] Pano de chão
[2016-06-13 09:11:10] coitado do chão
[2016-06-13 09:39:39] Falando em coitado eu nao queria da uma de mas meu robo era 10x10 e foi contra um trem de lego com 8 rodas e 20 pilhas e quase ganho :) mas que na proxima eles venham com arduino
[2016-06-13 09:40:22] Coitado do meu robo
[2016-06-13 09:44:28] Eles vão fazer com arduino sim. Era o sonho do professor
[2016-06-13 09:44:51] Só que como tinham que lidar com doação... era o que tinha
[2016-06-13 09:45:13] Quem topa fazer o hackerspace na praia???
[2016-06-13 09:49:47] Seu robô tava foda! Parabéns !
[2016-06-13 09:50:27] No sumo?
[2016-06-13 09:50:53] Sim
[2016-06-13 09:54:26] Afonso perdeu porque esqueceu de ligar os sensores
[2016-06-13 09:58:46] Aquele lego do seguidor tava muito bem programado
[2016-06-13 09:58:54] Todos que eu olhava era uma negacao
[2016-06-13 09:59:29] Depoia da primeira luta o fio soltou e nao verifoquei na segunda luga
[2016-06-13 10:00:04] Depois da competicao eu lutei com o do Prquenos cientistas e joguei pra fora do ringue
[2016-06-13 10:00:50] Os meninos me contaram que o mais legal de competir é ter contato com o Afonso
[2016-06-13 10:01:21] Mas mesmo se eu tivesse ganho ia da os premios pra eles
[2016-06-13 10:01:30] Tenho mais de 5 arduinos ja
[2016-06-13 10:13:57] E um lab todo seu kkkk
[2016-06-13 10:13:58] hihihi...
[2016-06-13 10:19:57] photo: /home/felipe/devel/github_tvdstaaij/telegram-history-dump/output/media/Garoa_Hacker_Clube_(Público)/download_802208661_100617.jpg
[2016-06-13 10:22:12] "Now ignored LinkedIn emails can spam unused Hotmail accounts without leaving the same server." David Allen Green
[2016-06-13 10:45:41] Tbm kkk
[2016-06-13 10:51:07] ja ate postei no hubzilla, mas to gostando tanto que vou fazer o jaba por aqui tb: http://gitolite.com
[2016-06-13 11:40:17] Ainda mais se levar em conta que só tinha 2 sensores
[2016-06-13 11:45:18] alguém aqui já mexeu com kernel?
[2016-06-13 11:49:23] O que tu precisas?
[2016-06-13 11:55:42] sim.
[2016-06-13 12:05:47] eu queria começar a brincar com isso, por onde posso começar?
[2016-06-13 12:06:09] tipo nas coisas bem newbies para dps ir avançando
[2016-06-13 12:06:20] comeca recompilando seu kernel
[2016-06-13 12:07:21] vou fazer isso então oda
[2016-06-13 12:07:21] vai de menuconfig e le a parada
[2016-06-13 12:07:40] acho que deve ter umas versoes para X do menuconfig...
[2016-06-13 12:08:28] isso vai te dar uma ideia geral do quem no kernel linux
[2016-06-13 12:09:19] depois tem que ver o que vc quer, que area vc domina e pode colaborar, se aproximar dos mantenedores dessa parte
[2016-06-13 12:09:31] se vc quer escrever uns modulos inuteis de farra
[2016-06-13 12:10:00] vou ver isso então
[2016-06-13 12:11:21] da uma olhada no linux device drivers...
[2016-06-13 12:11:33] deve ter coisa mais moderna, mas nao conheco
[2016-06-13 12:11:35] http://www.oreilly.com/openbook/linuxdrive3/book/
[2016-06-13 12:12:33] bobear eh bom usar vm, eu fazia na maquina mesmo, era uns tal de kernel panic que ninguem merece...
[2016-06-13 12:12:59] O minix também é bom pra isso
[2016-06-13 12:13:40] tava pensando em pegar do linux mesmo, vou ver tudo isso q o oda flw assim q minha artrite passar
[2016-06-13 12:14:09] O legal do Minix é que você não estraga suas coisas fazendo merda
[2016-06-13 12:14:56] Se bem que quando dá merda, você aprende de verdade a não fazer errado.
[2016-06-13 12:15:19] artrite?
[2016-06-13 12:15:20] pqp
[2016-06-13 12:15:54] Mano, acho que esse Vinícius deve ter uns 70 anos
[2016-06-13 12:16:18] primeiro gafanhoto com artrite que conheco
[2016-06-13 12:17:13] ...e tem também o livro "Lions' Commentary on UNIX 6th Edition, with Source Code" É velho, mas é bom pra ver as origens dos conceitos de sistemas operacionais e tal. E tem o código fonte todo impresso no livro, só que ordenado de uma forma didática.
[2016-06-13 12:17:26] https://en.wikipedia.org/wiki/Lions'_Commentary_on_UNIX_6th_Edition,_with_Source_Code
[2016-06-13 12:17:53] problema de familia... todos meus primos q n mexem com pc tbm tem
[2016-06-13 12:18:41] meu sogro tem e um amigo proximo tb, esse amigo eh "novo" ainda e descobriu bem cedo, quando tinha uns 18 ou 20 anos
[2016-06-13 12:19:44] ambos sao por conta de gota
[2016-06-13 12:20:34] putzzz
[2016-06-13 12:20:36] q merda
[2016-06-13 12:20:45] o meu ainda é só nos dedos
[2016-06-13 12:20:53] e torço para q permaneça assim
[2016-06-13 12:21:30] esse meu amigo convive bem, nem sei o que ele faz, acho que toma uns remedios, e pelo que conhco ele, deve tomar daquele jeito kkk
[2016-06-13 12:23:24] olha que divertido isso: https://en.wikipedia.org/wiki/Lions'_Commentary_on_UNIX_6th_Edition,_with_Source_Code#.22You_are_not_expected_to_understand_this.22
[2016-06-13 14:08:00] INSCRIÇÕES | The Developer's Conference http://www.thedevelopersconference.com.br/tdc/2016/inscricoes
[2016-06-13 14:08:38] Pena que não é tão barato...
[2016-06-13 14:08:47] document: /home/felipe/devel/github_tvdstaaij/telegram-history-dump/output/media/Garoa_Hacker_Clube_(Público)/download_15405485050037022.webp
[2016-06-13 14:12:19] O TDC p mim perdeu o encanto... fui 2 anos, o primeiro foi mt bom o segundo já foi completamente ruim... pagar por palestras fracas e conteúdo relativamente simples! Pelo menos nas trilhas que fui
[2016-06-13 14:45:42] Hoje apago o servidor antigo
[2016-06-13 14:45:42] Quem quiser pegar alguma coisa, a hora eh agora
[2016-06-13 14:52:43] Tem alguma coisa grande nele? Que ninguém deu sinal?
[2016-06-13 14:53:27] Não sei
[2016-06-13 14:55:27] Tem o planeta e o partkeeper
[2016-06-13 14:55:48] Não sei se teen coisas dos outros mantenedores
[2016-06-13 15:44:47] Meu deus... Alguém assistindo a WWDC?
[2016-06-13 15:45:00] World Wide Developer Crap
[2016-06-13 15:48:24] não sei. Por que?
[2016-06-13 15:48:38] Eu não, estou no trabalho...
[2016-06-13 15:49:09] Tinha um pessoal assistindo aqui no campus
[2016-06-13 15:49:21] Pq?
[2016-06-13 15:49:44] "não sei" significa "eu não estou assistindo, portanto não sei sizer se 'alguem' está assistindo". Se eu estivesse assistindo a minha resposta seria: "sim."
[2016-06-13 15:49:47] vi gente reclamando no tuíter
[2016-06-13 15:50:01] não cheguei a ver a fundo o por quê
[2016-06-13 15:50:10] Tão me contando aqui o que tá acontecendo
[2016-06-13 15:50:11] tô mais preocupada em jogar minecraft
[2016-06-13 15:50:21] Erick Emiliano added Vinicyus
[2016-06-13 15:50:22] que, pra que o Oda saiba, é lego virtual
[2016-06-13 16:10:04] document: /home/felipe/devel/github_tvdstaaij/telegram-history-dump/output/media/Garoa_Hacker_Clube_(Público)/download_58023844232823451.webp
[2016-06-13 16:19:38] Meu a WWDC trouxe tanta bullshit pro iphone q tá até parecendo WWDC de uns 10 anos atrás
[2016-06-13 16:19:45] trouxe novas funções pra emoji
[2016-06-13 16:19:53] coisas que a google já fez
[2016-06-13 16:19:56] hahaha
[2016-06-13 16:19:57] hihihi...
[2016-06-13 16:19:58] coisas do MSN
[2016-06-13 16:20:01] e esse tipo de lixo
[2016-06-13 16:20:04] iMessage
[2016-06-13 16:20:06] copia do Allo
[2016-06-13 16:20:12] copia do MSN mano
[2016-06-13 16:20:22] pois é
[2016-06-13 16:20:29] tem até os winx
[2016-06-13 16:21:01] Nada de novo no front
[2016-06-13 16:21:13] trouxe sim, uma piora nas notificações
[2016-06-13 16:21:16] ficou uma bosta cara
[2016-06-13 16:21:17] Parece empresa quando diretor volta de férias e aprova todos os projetos pendentes..  mesmo quando já não fazem mais sentido e quem propôs já saiu
[2016-06-13 16:21:21] pela minha opinião de bosta
[2016-06-13 16:21:31] Tá meio nervoso é?
[2016-06-13 16:21:36] um pouco
[2016-06-13 16:21:52] Vinicius... quer um chocolate quente?
[2016-06-13 16:21:54] n trouxeram nada de novo q eu possa ficar ÓOOOO IOS NOVOS É FODA... só ficou um NHÉ
[2016-06-13 16:22:08] Yumi eu topo
[2016-06-13 16:22:13] Então tá né
[2016-06-13 16:22:17] SAHUUAHSASUHHUS
[2016-06-13 16:22:26] foi mal pelo desabafo num grupo non-related
[2016-06-13 16:22:48] relaxa
[2016-06-13 16:23:12] A gente gosta
[2016-06-13 16:23:32] Acho que não tem assunto que não seja de alguma forma relacionado a algum de nós
[2016-06-13 16:23:36] realmente vou mudar pro Android já já... até por causa do Ubuntu touch
[2016-06-13 16:25:14] @corvolino o q vc achou?
[2016-06-13 16:26:44] Fraca
[2016-06-13 16:26:55] Uma cópia de funções q já existem
[2016-06-13 16:27:09] A melhor parte foi o swift Playgrounds
[2016-06-13 16:27:39] Nada de UAU mesmo
[2016-06-13 16:37:10] @vmesel desabafar faz bem
[2016-06-13 16:37:28] isso ia dar uma boa palestra no Garoa
[2016-06-13 16:37:33] mas só isso
[2016-06-13 16:39:05] Yeap
[2016-06-13 19:48:23] Alguém no Garoa hoje?
[2016-06-13 19:54:18] http://garoahc.appspot.com
fora do ar...
[2016-06-13 19:57:45] Tô em casa
[2016-06-13 19:58:36] Tudo bem, sem problemas, vim caminhando e resolvi arriscar...
[2016-06-13 19:58:55] O site voltou, não tem ninguém mesmo, vou para casa...
[2016-06-13 20:02:50] Frio da p****, vai pra casa mano. kkk
[2016-06-13 20:07:38] Ideias para atividades nas noites de segunda?
[2016-06-13 20:08:07] Assistir Tela Quente debaixo do cobertor. =D
[2016-06-13 20:08:09] Segundas de segurança?
[2016-06-13 20:10:47] Segundas de ir pra casa descansar
[2016-06-13 20:10:59] photo: /home/felipe/devel/github_tvdstaaij/telegram-history-dump/output/media/Garoa_Hacker_Clube_(Público)/download_422091437182550080.webp
[2016-06-13 20:11:54] afff
[2016-06-13 20:12:23] Antigamente tinha grupo de estudos Python, né? Vi na wiki, depois que o Mike comentou...
[2016-06-13 20:12:51] Tava rolado um nas sextas
[2016-06-13 20:13:05] Mas não sei que pé que ficou
[2016-06-13 20:13:58] Segunda de limpar a casa
[2016-06-13 20:14:01] Comecei a estudar shaders, to bem no inicio, se mais alguem topar...
[2016-06-13 20:14:51] Legal! Tá usando alguma referencia?
[2016-06-13 20:15:45] O subreddit de shaders basicamente
[2016-06-13 20:15:52] Peguei uns links por la
[2016-06-13 20:16:23] E fico olhando o shadertoy.com pra me motivar
[2016-06-13 20:16:27] Haha
[2016-06-13 20:16:28] Rá!
[2016-06-13 20:17:31] Da hora
[2016-06-13 20:18:14] Até tenho vontade de aprender, só acho que não tenho talento mesmo hahahaha
[2016-06-13 20:21:54] Eh um lance antigo meu, curto bastante essas coisas mais baixo nivel, porem os desafios do trampo sempre precisaram de atencao maior haha
[2016-06-13 20:21:55] Tá tá...
[2016-06-13 21:10:51] Gente, o site do Garoa parece estranho
[2016-06-13 21:11:18] Editei os próximos eventos como sempre faço
[2016-06-13 21:11:31] Usando o link especial
[2016-06-13 21:11:59] E na página principal tá tudo diferente
[2016-06-13 21:12:07] sim
[2016-06-13 21:12:12] F5s e tals...
[2016-06-13 21:12:33] e na categoria eventos ta diferente também
[2016-06-13 21:13:10] Socorro!
[2016-06-13 21:13:36] não da para mudar pela página inicial?
[2016-06-13 21:17:28] pronto.
[2016-06-13 21:18:25] eu fui na página inicial clique em ediatar e salvei sem mudar nada. Vê se ai apaeceu.
[2016-06-13 21:20:51] @gfth4x07 MediaWiki hero!
[2016-06-13 23:32:39] gente
[2016-06-13 23:33:05] document: /home/felipe/devel/github_tvdstaaij/telegram-history-dump/output/media/Garoa_Hacker_Clube_(Público)/download_422091437182550084.webp
[2016-06-13 23:33:28] Agora posso dormir
[2016-06-13 23:33:40] document: /home/felipe/devel/github_tvdstaaij/telegram-history-dump/output/media/Garoa_Hacker_Clube_(Público)/download_422091437182550076.webp
[2016-06-13 23:33:40] Hahahaha...
[2016-06-13 23:33:45] hehehehe!
[2016-06-13 23:34:08] document: /home/felipe/devel/github_tvdstaaij/telegram-history-dump/output/media/Garoa_Hacker_Clube_(Público)/download_802208340_100643.jpg
[2016-06-13 23:51:38] document: /home/felipe/devel/github_tvdstaaij/telegram-history-dump/output/media/Garoa_Hacker_Clube_(Público)/download_422091437182550070.webp
