[2016-12-28 00:36:49] photo: /home/felipe/devel/github_tvdstaaij/telegram-history-dump/output/media/Garoa_Hacker_Clube_(Público)/download_803734976_9901.jpg
[2016-12-28 00:36:59] É tanta besteira que a gente vê por ai.....
[2016-12-28 00:37:11] E olha que foi no Estadão....
[2016-12-28 00:38:36] Para quem quiser ver a matéria completa: http://fotos.estadao.com.br/galerias/economia,veja-11-mitos-ou-verdades-sobre-a-bateria-de-celulares,20182
[2016-12-28 01:16:52] photo: /home/felipe/devel/github_tvdstaaij/telegram-history-dump/output/media/Garoa_Hacker_Clube_(Público)/download_803704670_33043.jpg
[2016-12-28 02:43:14] Não precisa de autorização dá ANATEL, mas de homologação de EMC por um laboratório credenciado. Tem módulos que já tem isso, e você só precisa testar o resto da eletrônica
[2016-12-28 02:49:11] A rigor, a homologação é uma exigência da ANATEL e tudo, mas é diferente de uma autorização. E esta homologação é necessária para qualquer produto vendido para consumidor
[2016-12-28 05:56:50] Confundiam tensão com corrente... o pior foi atribuir o texto ao Professor João Carlos Lopes Fernandes... duvido muito que ele tenha dito isso...
[2016-12-28 08:54:56] Creio que há um ocasional problema com alguns reguladores de corrente no celular
[2016-12-28 09:11:48] isso quer dizer que cada produto deve ser homologado individualmente, mesmo que o módulo GSM já seja homologado?
[2016-12-28 09:41:03] mas aí o problema está no aparelho e não na fonte, certo? uma fonte deve suprir no mínimo o uso de corrente do aparelho, suprir além não é problema porque o aparelho vai usar apenas o que precisa, não m
[2016-12-28 09:41:08] ?*
[2016-12-28 09:41:24] o problema seria sobrecarregar a tensão como já disseram
[2016-12-28 09:55:49] Exato, além disso, as baterias de lítio precisam de um controle de corrente e tensão preciso durante a carga.
[2016-12-28 11:02:33] Roger Penrose talks to Jim Al-Khalili http://pca.st/bp8x
[2016-12-28 11:10:17] tem um livro do Penrose muito bom
[2016-12-28 11:10:25] A Mente Nova do Rei
[2016-12-28 11:10:42] vale a pena ler
[2016-12-28 11:48:27] Acho que esqueci meu Mouse sem fio no garoa, se alguém ver por lá dá um toque
[2016-12-28 11:59:39] Thiago Marinello joined
[2016-12-28 11:59:39] Hi Thiago !
[2016-12-28 12:07:17] Sim, mas estou na dúvida se precisa refazer os testes que envolvem transmissores ou só os testes que toda eletrônica tem que fazer
[2016-12-28 14:06:22] Galera quais certificados ou conhecimentos/experiência pra area de segurança o mercado de trabalho ta pedindo bastante?
[2016-12-28 14:07:25] Só passei pra dizer que o Bitcoin chegou aos 3.400 reais...
Boa tarde!
[2016-12-28 14:09:48] Antecedentes Criminais costuma funcionar... Hehehe
[2016-12-28 14:10:11] Como assim?
[2016-12-28 14:10:13] rs
[2016-12-28 14:10:43] Vai de LPIC-1 + OSCP, que já dá para começar...
[2016-12-28 14:11:01] Piada Interna do Quebrando o Cerco... rs
[2016-12-28 14:11:12] Hahahaha
[2016-12-28 14:11:13] kkkkk
[2016-12-28 14:11:17] explicado
[2016-12-28 14:11:22] vlw
[2016-12-28 14:12:11] Mercado ainda gosta da CEH, mas cada vez mais a OSCP tá conquistando espaço
[2016-12-28 14:12:25] boa
[2016-12-28 14:12:26] E é BEM mais barata
[2016-12-28 14:13:07] Aí depois escolhe a especialização
[2016-12-28 14:13:41] hmm
[2016-12-28 14:13:46] Ataque a WiFi, pentest web, pentest redes, engenharia reversa de malware, etc
[2016-12-28 14:18:56] top
[2016-12-28 14:59:37] CEH com o cursinho de 6k tá longe da realidade aqui 😢
[2016-12-28 15:00:25] Por isso disse OSCP
[2016-12-28 15:00:39] custa 800 Trumps
[2016-12-28 15:01:03] Não é a coisa mais acessível, mas é mais barato que a CEH
[2016-12-28 15:13:59] so no brasil q eles botam ceh no mesmo nivel que oscp
[2016-12-28 15:14:11] prova do oscp sao 24 horas com entrega de relatorio
[2016-12-28 15:18:41] Tem um studyguide de ceh no ebook777.com
[2016-12-28 15:19:08] Tenho o treinamento no meu hd
[2016-12-28 15:19:39] Se quiserem levo no proximo quebrando o cerco
[2016-12-28 15:24:40] Para fazer a prova precisa fazer o curso oficial....
[2016-12-28 15:25:19] eu já vi vaga que nao pede nada, só pede pra realizar alguns testes
[2016-12-28 15:25:38] mas tem mais vaga pra programar python que paga melhor do que isso
[2016-12-28 15:25:44] e só pede portfolio
[2016-12-28 16:02:47] Boa tarde, e quando será o próximo quebrando o cerco?
[2016-12-28 16:03:55] Opa, como ganhar?
[2016-12-28 16:03:55] Chuva boa
[2016-12-28 16:05:04] Tbm quero saber
[2016-12-28 16:14:07] Não dá mais para "ganhar", impossível minerar hoje em dia... o melhor é fazer trading, comprar na baixa, vender na alta... igual ações...
[2016-12-28 16:23:19] Resumindo, jogue CTF
[2016-12-28 16:24:02] Engraçado q geral chega querendo ganhar Bitcoin, pq é difícil de entender q Bitcoin é dinheiro é dinheiro se ganha trabalhando? Kkk foda
[2016-12-28 16:28:49] Último Sáb de Jan. 28, acho
[2016-12-28 16:29:35] Temos os livros na Biblioteca
[2016-12-28 16:29:53] Mas pode trazer. Certeza que vão querer
[2016-12-28 16:31:46] Vlw Gutem
[2016-12-28 16:32:15] As 15h, @Ma_burn
[2016-12-28 16:32:48] 👍
[2016-12-28 17:59:08] A galera que não entrou quando tava US$290 nesse ano se ferrou. Duvido muito que o bitcoin entre em algum ciclo de baixa agora. Ainda mais agora que os chineses estão caindo em peso no investimento para se proteger da bolha chinesa.
[2016-12-28 17:59:49] Eu quando comecei a trabalhar por BTC para fugir dos problemas que "exportar serviço" estando no Brasil me iria trazer, o BTC custava US$50.
[2016-12-28 20:09:09] Quando comecei, BTC custava 10 Trumps
[2016-12-28 20:09:09] Algum tempo depois subiu para 100
[2016-12-28 20:09:40] Aí veio o crash do MTGOX
[2016-12-28 20:09:46] 967 neste exato momento
[2016-12-28 21:01:24] Estou no portão do Garoa há um tempo, parece que a campainha não funciona.  Alguém pode abrir pra mim, por favor?
[2016-12-28 21:02:50] abriu?
[2016-12-28 21:03:01] estou abrindo
[2016-12-28 21:03:07] puxa e empurra
[2016-12-28 21:03:24] Não abriu
[2016-12-28 21:03:31] Nem puxando e empurrando
[2016-12-28 21:03:47] Agora foi, Vlws
[2016-12-28 21:03:52] =)
[2016-12-28 21:07:45] Nem fala... tomei uma rabuda gigante lá
[2016-12-28 22:06:30] @rayanneadjene n me deixe
[2016-12-28 22:41:56] https://www.technologyreview.com/s/400230/the-south-face-of-the-mountain/
[2016-12-28 22:43:03] 👆artigo de 1998 do John Maeda, professor no MIT cujos discípulos criaram o Processing
[2016-12-28 22:44:56] (via L. Ramalho)
