[2017-09-23 09:15:06] Sem ver é difícil, mas normalmente é algum capacitor.
[2017-09-23 10:05:22] Tenho interesse se ainda puder
[2017-09-23 10:15:20] se for é fácil trocar, o que eu espero, mas visivelmente todos estão bons.. vou ver se troco todos que passam pelo -15v
[2017-09-23 10:20:22] Já tive casos que alguns capacitores queimaram, mas não incharam.
[2017-09-23 10:20:37] É fácil quando estoura igual pipoca😂
[2017-09-23 12:00:18] https://m.tecmundo.com.br/amp/seguranca/122281-exclusivo-lojas-c-vendem-dados-clientes-r-50-internet.htm
[2017-09-23 12:34:11] o serasa tb vende e é oficial
[2017-09-23 12:39:37] MUITO caro...
[2017-09-23 12:39:46] Acho que no Serasa é mais barato...
[2017-09-23 12:39:57] E os dados com certeza devem ser mais completos...
[2017-09-23 12:40:31] Existem mafias e mais mafias de vendas de dados, desde venda de dvd na Santa (lembrem do caso da marcela temer) até empresas que repassam diretamente para outras empresas
[2017-09-23 12:41:37] Tive minha cnh suspensa numa sexta, na segunda feira ja haviam empresas de "recuperação de cnh" me ligando
[2017-09-23 12:49:42] Eu estava no YouTube assistindo uns videos de games, ai do nada apareceu uma propaganda da Serasa, falava sobre CPF ou algo do tipo...
[2017-09-23 13:27:13] Serasa e SCPC custa R$ 3,20
[2017-09-23 13:27:56] Really ? Barato pagaray
[2017-09-23 13:28:18] o custo de oportunidade é a facilidade de acesso... pq bureau só vende pra pj e dá um trabalho bobo comprar
[2017-09-23 13:28:49] qdo trabalhava em bureau, era responsavel por precificar isso
[2017-09-23 13:34:48] O que ser "bureau" ?
[2017-09-23 13:43:03] Serasa e um bureau
[2017-09-23 13:43:11] SPC tb
[2017-09-23 13:43:40] SCPC
[2017-09-23 13:44:11] São empresas que coletam dados de crédito sobre as pessoas...
[2017-09-23 13:44:39] São informação de credito, avaliação de riscos.
[2017-09-23 13:44:57] Fazem mineração de perfis...
[2017-09-23 13:46:02] Os bureaus sabem melhor o seu poder de consumo q o seu contra-cheque rsrsrsrs
[2017-09-23 13:49:36] Ja li algo sobre, o serasa classifica a pessoa de acordo com poder de consumo, usa uns rotulos com nomes esdrúxulos
[2017-09-23 14:02:36] Quem quiser saber como é classificado pelo Serasa, o serviço é gratuito

https://www.serasaconsumidor.com.br/score/
[2017-09-23 14:05:32] Boreau == Data-brokers?
[2017-09-23 14:06:24] Marromeno... Isso só mostra a ponta do iceberg.
[2017-09-23 14:07:40] Cada vez q vc cita um seguro, que vc avalia um financiamento... Q vc paga uma conta de cartão de crédito ou de telefone.... Eles estão sabendo.
[2017-09-23 15:52:23] photo: /home/felipe/devel/github_tvdstaaij/telegram-history-dump/output/media/Garoa_Hacker_Clube_(Público)/download_804726701_8409.jpg
[2017-09-23 15:52:47] Tá rolando oficina de solda e montagem do Franzininho!!
[2017-09-23 15:53:06] Com o mestre DQ
[2017-09-23 16:04:48] Saudades do mestre DQ... falei sobre ele hoje...
[2017-09-23 19:31:05] photo: /home/felipe/devel/github_tvdstaaij/telegram-history-dump/output/media/Garoa_Hacker_Clube_(Público)/download_804728378_8085.jpg
[2017-09-23 21:26:00] Melhor oficina
[2017-09-23 23:17:24] Perdi essa mas nas proximas estarei junto
