[2017-07-20 06:52:31] Guilherme Tadeu joined
[2017-07-20 06:52:31] Hi Guilherme !
[2017-07-20 06:55:20] David Rocha joined
[2017-07-20 06:55:21] Hi David !
[2017-07-20 10:14:59] 👏🏻👏🏻👏🏻 isso é muito bom
[2017-07-20 10:39:02] Hugo Peres joined
[2017-07-20 10:39:02] Hi Hugo !
[2017-07-20 11:32:39] https://dausacker.wordpress.com/2017/07/20/papo-livre-4-redes-sociais-livres/
[2017-07-20 14:12:50] Ubuntu na Windows store, finalmente
[2017-07-20 15:08:26] Lucas Muller joined
[2017-07-20 15:08:27] Hi Lucas !
[2017-07-20 15:10:19] Galera, o evento de hj às 19h30 vai rolar msm?? to pensando em ir
[2017-07-20 15:14:03] Sim. Noite do Arduíno é tradicional
[2017-07-20 15:14:29] photo: /home/felipe/devel/github_tvdstaaij/telegram-history-dump/output/media/Garoa_Hacker_Clube_(Público)/download_803735306_144203.jpg
[2017-07-20 15:58:18] https://www.packtpub.com/packt/offers/free-learning
[2017-07-20 15:58:49] Linux Shell Scripting Cookbook, Second Edition
[2017-07-20 16:11:03] Dou uma coxinha e uma coca pra quem trollar esse evento
[2017-07-20 16:11:04] http://www.fiesp.com.br/agenda/workshop-infraestrutura-telecomunicacoes-lei-geral-das-telecomunicacoes-20-anos/?utm_source=newsletter&utm_campaign=21/07/17%20-%20WORKSHOP%20INFRAESTRUTURA%20TELECOMUNICA%C3%83%C2%87%C3%83%C2%95ES%20%C3%A2%C2%80%C2%93%20LEI%20GERAL%20DAS%20TELECOMUNICA%C3%83%C2%87%C3%83%C2%95ES:%2020%20ANO
[2017-07-20 16:12:20] eu dei uma lida, alguns dos convidados são os mais interessados em controlar e cobrar pela internet no brasil
[2017-07-20 16:13:54] alguns é modéstia
[2017-07-20 16:14:12] rrsrsrsrs
[2017-07-20 16:18:24] aguardo candidatos pra ganhar coxinha
[2017-07-20 16:18:42] mas precisa trolar lá?
[2017-07-20 16:19:00] ir de palhaço da direito ao prêmio?
[2017-07-20 16:20:27] thiago campos joined
[2017-07-20 16:20:28] Hi thiago !
[2017-07-20 16:23:18] Ahhhh amanhã não dá
[2017-07-20 16:23:20] Que pena
[2017-07-20 16:34:06] alguem usa voip ? to usando pligg mas ta dando mt problema, alguma indicacao ?
[2017-07-20 19:27:04] Chatbot vai rolar tb
[2017-07-20 19:27:29] Ja to aqui hehe
[2017-07-20 19:27:45] Show, eu vou atrasar, mas o Rogério tá chegando ai
[2017-07-20 19:32:10] Eu preciso ir na noite do processing algum dia
[2017-07-20 19:41:38] Última terça do mês
[2017-07-20 20:13:12] photo: /home/felipe/devel/github_tvdstaaij/telegram-history-dump/output/media/Garoa_Hacker_Clube_(Público)/download_803120514_96858.jpg
[2017-07-20 20:35:04] Paulo Fernandes Sousa Neto joined
[2017-07-20 20:35:05] Hi Paulo !
[2017-07-20 20:38:49] Fulano de Tal joined
[2017-07-20 20:38:49] Hi Fulano !
[2017-07-20 20:47:59] Asterix. Na uso mais, usava na empresa que trabalhei
