[2017-11-14 00:07:19] 👍
[2017-11-14 01:06:36] https://www.youtube.com/watch?v=TXYh4re0j8M
[2017-11-14 01:25:43] https://www.theregister.co.uk/2017/11/09/chipzilla_come_closer_closer_listen_dump_ime/
[2017-11-14 11:56:02] Alguém pode me dar um rumo?
[2017-11-14 11:56:44] Estou iniciando agora nesse mundo de hacking e segurança. Gostaria de saber quais livros indicariam e afins...
[2017-11-14 12:04:09] o que gosta de fazer ou quer aprender?
[2017-11-14 12:05:54] Muito aberto isso cara.
[2017-11-14 12:06:32] Sou Dev Web. Queria algo mais voltado para a segurança disso.
[2017-11-14 12:08:09] Tem o livro do Daniel Moreno, pentest em aplicações web.
[2017-11-14 12:12:17] Tem um outro dele chamado Introdução ao Pentest
[2017-11-14 12:12:36] Acho bom começar por esse
[2017-11-14 12:13:26] Eu comprei tbm Black Hat Python, mas ainda não li, então não tenho muito opinião sobre
[2017-11-14 12:14:31] É verdade, faz mais sentido.
[2017-11-14 12:26:44] Blz, vlw gente
[2017-11-14 12:26:57] Deve ter na cultura né? Vou dar uma pesquisada aqui
[2017-11-14 12:30:38] Livros novatec
[2017-11-14 12:31:15] Da uma olhada no quebrando o cerco, uma atividade do garoa, pode te nortear também
[2017-11-14 12:40:06] Boa, vlw mano
[2017-11-14 12:42:40] Eu tô querendo colar no quebrando o cerco tbm
[2017-11-14 12:44:23] Ah eu vi em fóruns como corrigir o erro no meu HD externo mas não foi
[2017-11-14 12:44:39] Acho que ele virou peso de papel mesmo
[2017-11-14 12:55:02] acho bem improvável sendo que o teste smart concluiu sem erros
[2017-11-14 12:57:56] Pois é, tem que ver certinho então
[2017-11-14 13:01:17] Kall joined
[2017-11-14 14:58:46] Galera, tava pesquisando um bom multimetro digital para uso geral e alguns me falaram do Minipa ET-1002, na faixa dos 55 reais... Alguem tem alguma outra indicação?
[2017-11-14 15:18:35] Ja tentou o comando badblock?
[2017-11-14 15:18:40] Bastarde
[2017-11-14 15:24:25] Os x adora desconhecer os meus discos externos, quase sempre o linux resolve ou até mesmo um xp da vida
[2017-11-14 15:35:41] https://encripta.org/cryptofesta/
[2017-11-14 15:56:30] Rapaziada, achei a Roadsec bem mais ou menos, a sorte foi poder contar com a presença do pessoal daqui do garoa, obrigado
[2017-11-14 16:05:06] Também estou precisando comprar multímetro
[2017-11-14 16:05:46] pq tu não ficou até o fim kkk
[2017-11-14 16:06:47] Eu ia pro bar depois a mochila pesou, levantei acampamento
[2017-11-14 16:09:52] 5 reais chapelaria
[2017-11-14 16:13:06] O que eu comentei é que aquele intervalo entre fim de palestras e o começo do show, azedou ....ainda com aquele papo se sair nao volta
[2017-11-14 16:45:03] divulgando: [edital] O InternetLab está contratando 1 especialista com formação nas áreas de engenharia/ciência da computação para atuar em projetos de pesquisa ligados a aspectos técnicos do funcionamento da internet. A vaga é presencial e os(as) interessados(as) deverão residir na cidade de São Paulo, enviando seus currículos para pedro.lima@internetlab.org.br até o dia 17 de novembro de 2017. O processo de seleção será feito de forma contínua e a vaga pode ser preenchida antes do encerramento do prazo de envio de currículos.
Mais informações aqui: https://goo.gl/EWztch
[2017-11-14 18:24:26] Poxa, eu não sabia que isso existia, quando eu chegar em casa verei
[2017-11-14 18:47:09] https://gizmodo.com/how-facebook-figures-out-everyone-youve-ever-met-1819822691
[2017-11-14 20:54:40] Eu achei a roadsec muito loca haha. Não sei se é pq eu não conhecia quase nada de segurança e hacking ou pelos shows tbm. Acho que foi tudo haha
[2017-11-14 20:55:32] Luís Lança added Pedro Bruini
[2017-11-14 21:18:08] Estou começando a ir nesse tipo de evento agora, eu só conhecia a campus (que é muito careta), a roadsec é mais ou menos, cryptorave/cryptoparty ❤️
[2017-11-14 21:43:06] Garoa amanhã segue a programação normal?
[2017-11-14 21:59:05] Nossa amanhã é feriado né, se tiver funcionando eu vou
[2017-11-14 21:59:23] Depois olho na wiki
[2017-11-14 22:01:22] nos feriados, o garoa apenas funciona se tiver pelo menos um associado para abrir o espaço
[2017-11-14 22:01:28] fora dos feriados também
[2017-11-14 22:47:26] Quando descobrir avisa aqui
[2017-11-14 22:51:16] photo: /home/felipe/devel/github_garoa/Telegram_logs_Garoa_Hacker_Clube_Publico/media/Garoa_Hacker_Clube_(Público)/download_804727794_49584.jpg
[2017-11-14 22:51:21] photo: /home/felipe/devel/github_garoa/Telegram_logs_Garoa_Hacker_Clube_Publico/media/Garoa_Hacker_Clube_(Público)/download_804728870_47540.jpg
[2017-11-14 22:51:22] Encontra nas melhores livrarias... Divulgue e compartilhe aos seus amigos... BARRACA 01 - RUA DOS ANDRADAS FEIRA DO LIVRO 2017...LivrosBrasil Vendas Editora Rígel
