[2016-07-21 00:06:13] Gostei da ideia do Deu Merda
[2016-07-21 01:36:55] O tema é bem legal mas a chamada para fuckup night pega mal... rsrs
[2016-07-21 01:41:26] sempre fez isso, non?
[2016-07-21 01:41:47] o hackaday tem o fail of the week
[2016-07-21 01:44:04] manooo....... https://twitter.com/nixcraft/status/743144212569350148
[2016-07-21 02:09:41] Esta técnica se chama wire wrap.
[2016-07-21 02:09:57] sim
[2016-07-21 02:10:24] photo: /home/felipe/devel/github_tvdstaaij/telegram-history-dump/output/media/Garoa_Hacker_Clube_(Público)/download_802332944_112879.jpg
[2016-07-21 02:11:05] Não é tão ruim quanto parece. É mais robusto que protoboard.
[2016-07-21 02:11:18] sim, já usei essa técnica.
[2016-07-21 02:11:25] só não pra montar um computador inteiro.
[2016-07-21 02:14:40] É, também nunca fiz algo grande assim. Nem tenho a pistola para isso.
[2016-07-21 02:16:32] O que a erin mandou ea que vc mandou são a mesma técnica?
[2016-07-21 02:17:08] Parece que sim.
[2016-07-21 02:17:33] A dela achei que era daquelas placas padrão,  soldada
[2016-07-21 02:18:07] Ah, pode ser. Parecia wire wrap de cima.
[2016-07-21 02:18:43] Bom, para mim são igualmente bizarras kkk
[2016-07-21 02:18:56] Estou procurando essa pistola que falou
[2016-07-21 02:19:21] Me parece uma técnica boa para coisas mais permanentes
[2016-07-21 02:19:29] Mas que não quero ter trabalho
[2016-07-21 02:19:48] photo: /home/felipe/devel/github_tvdstaaij/telegram-history-dump/output/media/Garoa_Hacker_Clube_(Público)/download_803705734_59540.jpg
[2016-07-21 02:19:52] photo: /home/felipe/devel/github_tvdstaaij/telegram-history-dump/output/media/Garoa_Hacker_Clube_(Público)/download_802609110_111425.jpg
[2016-07-21 02:20:13] Tem ferramenta manual também, mais tradicional mas cansa pra caralho.
[2016-07-21 02:20:47] photo: /home/felipe/devel/github_tvdstaaij/telegram-history-dump/output/media/Garoa_Hacker_Clube_(Público)/download_803732611_21782.jpg
[2016-07-21 02:20:48] Eh tipo aquele trampo de hippie kkk
[2016-07-21 02:20:50] photo: /home/felipe/devel/github_tvdstaaij/telegram-history-dump/output/media/Garoa_Hacker_Clube_(Público)/download_803717562_59409.jpg
[2016-07-21 02:21:02] Interessante
[2016-07-21 02:21:31] Sim, os fios foram feitos primeiro para eletrônica na época da válvula e depois adotados pelos hippies
[2016-07-21 02:22:06] Tem que descascar o fio e ai fazer a molinha com a pistola?
[2016-07-21 02:22:10] PCB é invenção relativamente moderna. Eletrônica à válvula usava outras técnicas, wire wrap era uma, inclusive das mais sofisticadas.
[2016-07-21 02:23:01] Você coloca o pino no furo no meio da ferramenta (veja a foto em detalhe) e ele enrola o fio em volta
[2016-07-21 02:23:09] photo: /home/felipe/devel/github_tvdstaaij/telegram-history-dump/output/media/Garoa_Hacker_Clube_(Público)/download_803712529_59638.jpg
[2016-07-21 02:23:19] Tem que descascar a ponta antes
[2016-07-21 02:25:21] E a placa vc já compra com os terminais? Caro?
[2016-07-21 02:26:16] Não sei, só usei por diversão, em placa que já estava encostada há décadas.
[2016-07-21 02:26:59] Entendi
[2016-07-21 02:27:09] Valeu!
[2016-07-21 02:27:16] Mas, tirando o preço, depende. Um protótipo usaria uma placa padrão como esta que mandei. Produto acabado já usava os pinos dos componentes, que eram bem maiores.
[2016-07-21 02:27:45] Vou dormir. Falou.
[2016-07-21 08:25:26] O protótipo do PC da Scopus foi montado em wirewrap.
[2016-07-21 08:27:12] O meu projeto de formatura também, mas foi meu colega quem montou. Eu só projetei a fonte de -5, depois que o regulador 7905 pifou.
[2016-07-21 08:27:53] Eu fiz o software e meu colega o hardware. Divisão de trabalho....
[2016-07-21 08:29:48] Existiam (existem?) soquetes especiais com pinos longos de perfil quadrado.
[2016-07-21 08:31:28] Eu tenho uma ferramenta manual, que comprei por causa do descascador.
[2016-07-21 08:38:31] http://roadsec.com.br/hackaflag-sp-230716/
[2016-07-21 08:51:08] https://t.co/HsOTXtFBIX
[2016-07-21 08:56:27] Vai ter catuaba no Cubo a 6 conto 😂 entrada grátis
[2016-07-21 08:56:36] ahsuuashhusauhsahuashusa
[2016-07-21 08:56:40] https://aeon.co/videos/maths-notation-is-needlessly-complex-it-can-and-should-be-better
[2016-07-21 08:56:48] Esse sueco tem uns projetos humilhantes https://instagram.com/p/BHxBQEUjO-r/
[2016-07-21 08:56:50] Galera que gosta de matematica, deem uma olhada
[2016-07-21 10:10:35] #DICA
Curso Gratuito: Python 3 para Iniciantes
https://www.udemy.com/python-iniciantes/?couponCode=PYFREE
[2016-07-21 10:43:58] eu demorei pra entender essa frase. De imediato eu tive uma compreensão xula do significado da frase, hahaha
[2016-07-21 11:34:26] lembro o tanto que a gente penou pra fazer o patch painel do grêmio com uma dessas!
[2016-07-21 11:36:07] Ah sim... em telecomunicações o wire wrap ficou firme e forte até o VoIP. Ainda deve ter muito por aí.
[2016-07-21 11:43:26] Coisa que eu nunca fiz, e até gostaria de ver como é, são circuitos assim:
[2016-07-21 11:43:34] photo: /home/felipe/devel/github_tvdstaaij/telegram-history-dump/output/media/Garoa_Hacker_Clube_(Público)/download_803729236_22429.jpg
[2016-07-21 11:45:20] Bonito, né?
[2016-07-21 11:45:49] deve ser um saco pra montar?
[2016-07-21 11:46:02] *!
[2016-07-21 11:47:12] qual o requisito a que esse tipo de montagem atende? reduzir a área ocupada pelo circuito?
[2016-07-21 11:47:55] Olha só: http://boldport.blogspot.com.br/2014/03/a-tribute-to-cordwood-construction-of.html
[2016-07-21 11:50:09] Certamente não diminui volume
[2016-07-21 11:52:20] Esse fds tava dando um tapa na motosserra e a vela tava conectada com isso
[2016-07-21 11:52:29] photo: /home/felipe/devel/github_tvdstaaij/telegram-history-dump/output/media/Garoa_Hacker_Clube_(Público)/download_803707599_60141.jpg
[2016-07-21 11:52:52] (falando em molas)
[2016-07-21 11:53:09] PCBs só começaram a ser usadas com o advento dos transistores. Antes os componentes eram muito pesados para ser prático suar uma PCB.
[2016-07-21 11:53:33] Muito bizarro, chega um cabo com uma puta bitola e depois isso
[2016-07-21 11:54:32] http://www.rapidpcb.com/history-of-printed-circuit-boards.html
[2016-07-21 11:57:34] Me parece que a única vantagem seria por ter "face dupla" usando duas placas face simples. Mas deve ser um inferno trocar um componente pifado. Baita idéia zoada montar uma placa assim...
[2016-07-21 12:00:27] Eu não acho que era uma escolha, Juca. Acho que essas placas vêm de antes de ser prático fazer PCBs. Antes de inventarem eletrodeposição em PCB, etching, etc. Basicamente elas servem de apoio para soldar fios entre os componentes. Ou talvez, sejam face simples, antes de inventarem o processo de construção de vias.
[2016-07-21 12:00:58] http://archive.computerhistory.org/resources/access/physical-object/2009/01/102670886.01.01.lg.JPG
[2016-07-21 12:01:12] Isso deve ser legal de dar manutenção.
[2016-07-21 12:01:34] bah!
[2016-07-21 12:02:25] Partem de reclamar e admirem a beleza da coisa
[2016-07-21 12:03:02] Tipo da coisa que eh difícil segurar o sorriso
[2016-07-21 12:03:24] photo: /home/felipe/devel/github_tvdstaaij/telegram-history-dump/output/media/Garoa_Hacker_Clube_(Público)/download_803730229_22121.jpg
[2016-07-21 12:03:30] Essa foto que acabei de enviar é de uma parte do patinho feio por dentro
[2016-07-21 12:03:31] Isso estava ligando o cabo de energia na placa ou o que?
[2016-07-21 12:03:45] mas aquela da primeira foto parece ter trilhas sim. ao menos não ha fios
[2016-07-21 12:04:41] Verdade, dá até para ver uma trilha meio curva. Mas é face simples. E tem um jumper também, com fio.
[2016-07-21 12:05:15] engenheiros, desde sempre esquecendo a ultima trilha :)
[2016-07-21 12:05:32] LOL
[2016-07-21 12:06:23] eu esqueci umas trilhas importantes nessa: https://flic.kr/p/8fgWm5
[2016-07-21 12:24:50] A mola encaixa na vela e o outro lado espeta no cabo
[2016-07-21 12:25:33] Me lembro dessa. Faltou DRC
[2016-07-21 13:29:08] Alguem acompanha a serie Mr. Robot?
[2016-07-21 15:16:39] Eu
[2016-07-21 15:18:11] Yo
[2016-07-21 16:18:47] Marcelo Estriga joined
[2016-07-21 16:18:48] Hi Marcelo !
[2016-07-21 16:22:24] Hello jack
[2016-07-21 16:23:04] Hello @imandabot
[2016-07-21 16:23:27] Alguém levando algo na noite do Arduíno?
[2016-07-21 17:31:40] Alisson joined
[2016-07-21 17:31:41] Hi Alisson !
[2016-07-21 17:37:10] photo: /home/felipe/devel/github_tvdstaaij/telegram-history-dump/output/media/Garoa_Hacker_Clube_(Público)/download_803716768_60087.jpg
[2016-07-21 18:38:03] Tá brincando com fontes de novo, Juca? Tá bem convincente essa imitando letra manuscrita
[2016-07-21 18:38:31] heh
[2016-07-21 18:38:34] eu trabalho com fontes
[2016-07-21 18:38:37] EU conheço essa letra
[2016-07-21 18:38:39] mas essa aí é real
[2016-07-21 19:29:04] Alguém no garoa?
[2016-07-21 19:29:27] Passei na frente, tem um cara esperando, mas estou correndo em outro lugar
[2016-07-21 19:31:07] Estou indo, mas ainda estou sem as chaves...
[2016-07-21 19:37:08] Corre
[2016-07-21 19:37:15] O cara tava na porta
[2016-07-21 19:37:18] De pé
[2016-07-21 19:48:17] Fábio Cabral joined
[2016-07-21 19:48:18] Hi Fábio !
[2016-07-21 19:56:05] Seja quem for que era, desistiu e foi embora... estou sozinho na porta, esperando...
[2016-07-21 19:59:39] EFF Is Suing the US Government To Invalidate the DMCA's DRM Provisions
The Electronic Frontier Foundation has just filed a lawsuit that challenges the Constitutionality of Section 1201 of the DMCA, the "Digital Rights Management" provision of the law, a notoriously overbroad law that bans activities that bypass or weaken copyright access-control systems, including reconfiguring software-enabled devices (making sure your IoT light-socket will accept third-party lightbulbs; tapping into diagnostic info in your car or tractor to allow an independent party to repair it) and reporting security vulnerabilities in these devices. EFF is representing two clients in its lawsuit: Andrew "bunnie" Huang, a legendary hardware hacker whose NeTV product lets users put overlays on DRM-restricted digital video signals; and Matthew Green, a heavyweight security researcher at Johns Hopkins who has an NSF grant to investigate medical record systems and whose research plans encompass the security of industrial firewalls and finance-industry "black boxes" used to manage the cryptographic security of billions of financial transactions every day. Both clients reflect the deep constitutional flaws in the DMCA, and both have standing to sue the US government to challenge DMCA 1201 because of its serious criminal provisions (5 years in prison and a $500K fine for a first offense).
[2016-07-21 19:59:49] Doctorow has explained aspects of this for The Guardian today (https://www.theguardian.com/technology/2016/jul/21/digital-millennium-copyright-act-eff-supreme-court).
[2016-07-21 19:59:54] You should also check Huang's blog post on this (http://www.bunniestudios.com/blog/?p=4782).
[2016-07-21 20:01:03] Alguém vindo pro Garoa?
Meu irmão combinou de vir conhecer hoje...
[2016-07-21 21:06:13] photo: /home/felipe/devel/github_tvdstaaij/telegram-history-dump/output/media/Garoa_Hacker_Clube_(Público)/download_803703754_60059.jpg
[2016-07-21 21:06:33] dá um tapinha
[2016-07-21 21:13:43] Segundo o Epoch, nessa foto, estamos em 23/02/2024, às 13:53...
[2016-07-21 21:14:25] alguém sabe dizer onde está o código fonte do firmware do display epoch?
[2016-07-21 21:14:31] sei que foi o DQ quem fez
[2016-07-21 21:14:38] não sei se ele chegou a publicar em algum lugar
[2016-07-21 21:14:48] seria bacana adicionar ao GitHub do Garoa
[2016-07-21 21:14:59] pra gente mostrar pras pessoas
[2016-07-21 21:15:09] DQ tá na escuta?
[2016-07-21 21:16:51] Está documentado aqui:
https://garoa.net.br/wiki/Epoch
[2016-07-21 21:17:16] E na página do DQ:
dqsoft.blogspot.com
[2016-07-21 21:29:01] https://github.com/garoa/Display_Epoch
[2016-07-21 21:29:02] garoa | Display_Epoch

Código fonte do display "Epoch" documentado em https://garoa.net.br/wiki/Epoch

Language: C
Forks: 0
Stars: 0
Issues: 2
[2016-07-21 21:29:21] ah, muleque!
[2016-07-21 21:54:17] Muito bom
[2016-07-21 21:54:39] :-)
[2016-07-21 21:54:41] osu fã
[2016-07-21 21:54:44] sou fã
[2016-07-21 21:55:56] https://twitter.com/juca_gnu/status/727635916811030529
[2016-07-21 21:56:25] essa treta foi legal hahaha
[2016-07-21 22:30:27] https://www.pubpub.org/pub/direct-radio-introspection
