[2017-11-27 01:31:13] https://motherboard.vice.com/en_us/article/gyjagx/in-brazil-gamers-played-guitar-hero-on-the-sega-genesis?utm_source=mbtwitter
[2017-11-27 07:12:58] João Pontes joined
[2017-11-27 07:12:59] Hi João Pontes !
[2017-11-27 07:16:42] Alex Sander joined
[2017-11-27 07:16:43] Hi Alex Sander !
[2017-11-27 10:19:43] WO Nascimento 🇧🇷 joined
[2017-11-27 10:19:44] Hi WO Nascimento 🇧🇷 !
[2017-11-27 10:59:07] Giovanni joined
[2017-11-27 10:59:08] Hi Giovanni !
[2017-11-27 11:04:12] https://www.revistalivemarketing.com.br/noticias/camarote-da-garoa-faz-sua-estreia-no-carnaval-de-sao-paulo/
[2017-11-27 11:04:16] Garoa
[2017-11-27 11:04:22] Rs
[2017-11-27 11:40:06] photo: /home/felipe/devel/github_garoa/Telegram_logs_Garoa_Hacker_Clube_Publico/media/Garoa_Hacker_Clube_(Público)/download_805513898_50715.jpg
[2017-11-27 11:40:42] O preço é imbatível. Só tem a desvantagem de q vai levar um tempo até eu ter em mãos. Mas faz parte, não tem urgência mesmo.
[2017-11-27 12:00:37] Alisson Fuckner joined
[2017-11-27 12:00:39] Hi Alisson !
[2017-11-27 12:05:24] cuidado com CIs a preço imbatível de ebay/ali/banggood etc, muitos vêm com defeito
[2017-11-27 12:06:21] já comprei 2 transcodificadores de vídeo "sony" assim, um causava interferência no output e outro tinha falha no canal azul
[2017-11-27 12:06:26] vêm remarcados
[2017-11-27 12:07:23] Estou ligado. O bom do eBay é q eu tenho segurança. Além da reputação do vendedor, basta uma reclamação e recebo o $$ de volta. Diferentemente do resto dos sites q tem por aí, eu nunca tive problemas comprando desses caras.
[2017-11-27 12:07:52] os da sony que comprei foram do ebay também, só que chegam depois que a janela de reclamação se fecha
[2017-11-27 12:08:08] como não paguei caro não fiz questão de reclamar
[2017-11-27 12:08:32] Eu nunca cheguei a passar por essa experiência.
[2017-11-27 12:08:45] 🤷‍♀️
[2017-11-27 12:08:49] No meu caso, a mesma coisa. Foram menos de R$5.00
[2017-11-27 12:09:01] por isso resolvi "arriscar".
[2017-11-27 12:09:24] talvez o CXA1145P seja mais específico e por isso mais difícil de achar que o TDA, por isso é mais fácil ser remarcado do que original
[2017-11-27 12:09:27] esperemos
[2017-11-27 12:09:32] Aqui no BR o mesmo componente (10 peças) sai 30 reais, mais frete de 12 reais
[2017-11-27 12:09:48] Sim
[2017-11-27 12:10:09] sim, CIs só valem a pena comprando nos cafofos da santa ifigênia pra encontrar mais barato e comprar sem frete
[2017-11-27 12:10:16] online é pagar demais mesmo
[2017-11-27 12:10:35] Se pelo menos no ML as coisas fossem do mesmo jeito q lá no eBay... 🙈
[2017-11-27 12:10:59] é só os vendedores chineses começarem a usar o ml além do ebay 😂
[2017-11-27 12:11:03] Eu compro mais online, pois não compensa a locomoção até lá. A não ser em casos de mosca branca, como vc mesma mencionou
[2017-11-27 12:11:07] aí fica igualzinho
[2017-11-27 12:11:20] Deus o livre - já temos o Aliexpress pra isso!
[2017-11-27 12:11:24] 🤓
[2017-11-27 12:11:50] e o ebay também - não duvido que este de quem você comprou é chinês
[2017-11-27 12:12:12] Sim, é chinês sem dúvida
[2017-11-27 12:12:28] Eu consolidei na minha cabeça q existem 2 tipos de chineses
[2017-11-27 12:12:45] os q vendem coisas pelo eBay e os q te enganam... rss
[2017-11-27 12:12:59] esses últimos estão lá no Ali
[2017-11-27 12:13:01] os que enganam estão no ebay também
[2017-11-27 12:13:07] foi de onde comprei os cxa remarcados
[2017-11-27 12:13:16] é?
[2017-11-27 12:13:18] sim
[2017-11-27 12:13:25] Eu ainda estou na sorte.
[2017-11-27 12:13:36] por isso comecei a conversa toda 😂
[2017-11-27 12:13:51] sim, referente a componentes remarcados
[2017-11-27 12:14:04] Eu ainda não dei esse azar. Não pelo eBay.
[2017-11-27 12:14:08] minha primeira menção foi ao ebay
[2017-11-27 12:14:38] Eu ainda tenho o eBay em alta consideração. Não digo o mesmo de outros sites por aí afora.
[2017-11-27 12:14:49] https://www.ebay.com/itm/1PCS-RGB-Encoder-IC-SONY-DIP-24-CXA1145P-CXA1145/401446534608 foi desse vendedor
[2017-11-27 12:15:06] Esses sites de fora oscilam em diferentes níveis de "confiabilidade".
[2017-11-27 12:15:27] Mr. Heisenberg Say my name joined
[2017-11-27 12:15:27] Hi Mr. Heisenberg !
[2017-11-27 12:15:35] e vc chegou a comprar desse vendedor?
[2017-11-27 12:15:43] e deu errado pra vc?
[2017-11-27 12:15:46] isso
[2017-11-27 12:16:56] foi essa a história que acabei de contar, comprei duas peças e ambas com defeito, diferente uma da outra, ambas remarcadas, chip lixado e regravado com o mesmo serial no encapsulamento e com sinais de de-soldagem de outra vida antes de chegar em mim
[2017-11-27 12:17:03] ou seja, clone, usado, remarcado
[2017-11-27 12:17:29] photo: /home/felipe/devel/github_garoa/Telegram_logs_Garoa_Hacker_Clube_Publico/media/Garoa_Hacker_Clube_(Público)/download_805512513_50816.jpg
[2017-11-27 12:17:45] comprei faz meses, quando comprei não tinha
[2017-11-27 12:19:03] as únicas reclamações que tinha quando comprei é de não chegar, e eram a minoria, comum com vendedores chineses
[2017-11-27 12:19:15] resolvi confiar e depois que apareceram as reclamações de que vendia fakes
[2017-11-27 12:19:18] Que o eBay soluciona rapidamente
[2017-11-27 12:19:24] sim
[2017-11-27 12:19:29] No caso de não chegar
[2017-11-27 12:20:25] mas eu sei que essas coisas demoram, como por exemplo dislpays LCD comprados em agosto da ucrânia chegando em outubro 😂
[2017-11-27 12:20:32] então quando o caso é esse eu desencano
[2017-11-27 12:21:24] Eu ainda paguei com PP o que dá mais uma camada de segurança. Eu tenho como abrir uma reclamação após a data prevista para entrega. Mesmo q não tenha recebido, o q eu faço é o seguinte: Eu sei q receberei o $$ de volta, então após isso eu aguardo, e recebendo os itens eu testo. Caso positivo, eu entro novamente em contato com o vendedor e ressarço o pagamento q ele me devolveu.
[2017-11-27 12:21:57] você tem bem mais paciência com 5 dólares do que eu
[2017-11-27 12:22:00] Pior das hipóteses, eu perdi 4 reais e pouco.
[2017-11-27 12:22:20] Se vc soubesse da minha epopéia com o DJI Mavic Pro...
[2017-11-27 12:22:38] hahah
[2017-11-27 12:22:49] Não foi pelo ebay - deveria ter sido.
[2017-11-27 12:23:10] Fui na onda daqueles novos fretes "Brazil express" ou outras coisas q alguns sites oferecem
[2017-11-27 12:23:22] https://www.ebay.com/itm/7-segment-numeric-LED-display-red-digital-L104G-SEL620-Gold-pin-Lot-of-12/202096332442 pra referência o item e vendedor dos displays são esses, mas comprei um lote de 6 que é o que ele oferecia na época e como eu pretendo montar um relógio de pulso preciso só de 4
[2017-11-27 12:23:36] ih, já passei por isso
[2017-11-27 12:23:55] Eu fiquei dando spam neles por 3 meses
[2017-11-27 12:24:05] mais de 350 e-mails lotando a caixa deles
[2017-11-27 12:24:11] e autoreply setado
[2017-11-27 12:24:58] isso não faz nem cosquinha neles
[2017-11-27 12:25:03] é tipo assinar petição
[2017-11-27 12:25:08] email dá pra ignorar
[2017-11-27 12:25:43] photo: /home/felipe/devel/github_garoa/Telegram_logs_Garoa_Hacker_Clube_Publico/media/Garoa_Hacker_Clube_(Público)/download_804730748_59395.jpg
[2017-11-27 12:26:01] HAHAHAHAHA
[2017-11-27 12:26:06] eu até criei 8 contas de email separadas, só pra conseguir passar no filtro
[2017-11-27 12:26:17] 😜
[2017-11-27 12:26:35] eles iam filtrando uma eu ia mandando ver nas outras.
[2017-11-27 12:26:39] Sou pentelho.
[2017-11-27 12:28:12] photo: /home/felipe/devel/github_garoa/Telegram_logs_Garoa_Hacker_Clube_Publico/media/Garoa_Hacker_Clube_(Público)/download_805513222_50756.jpg
[2017-11-27 12:29:00] incrível
[2017-11-27 12:29:35] E tbm acionei a EBANX, Tem lá no suporte deles uma thread q já vai a 3 páginas...
[2017-11-27 12:29:45] haha
[2017-11-27 12:29:54] Magina se vou deixar essa grana toda com eles..
[2017-11-27 12:30:25] Aprendi a nunca mais deixar a tentação e a coceira no dedo me vencerem.
[2017-11-27 12:32:26] Esse vc já recebeu?
[2017-11-27 12:32:41] sim, depois de meses como disse
[2017-11-27 12:32:48] comprei em agosto e recebi em outubro
[2017-11-27 12:32:54] mas recebi
[2017-11-27 12:33:19] É, mas esse prazo é mais por causa do CEINT em Curitiba.
[2017-11-27 12:33:47] Vc já deve saber, se vc acompanha os rastreios pelo Muambator...
[2017-11-27 12:34:23] esse veio sem rastreio
[2017-11-27 12:34:40] não me importo muito porque não compro nada de grande porte ou valor assim
[2017-11-27 12:34:44] só trinkets no máximo
[2017-11-27 12:34:57] até agora tudo chegou, só aqueles CIs que vieram remarcados
[2017-11-27 12:35:21] deadmau5 joined
[2017-11-27 12:35:23] Hi deadmau5 !
[2017-11-27 12:35:40] aliexpress também  tem funcionado bem pra mim, comprei luzes tipo de natal pra pendurar no meu quarto e veio um produto muito bem feito na verdade
[2017-11-27 12:35:57] e uma carcaça nova de psp, que chegou surpreendentemente em 2 semanas
[2017-11-27 12:36:23] 👍🏻👍🏻
[2017-11-27 12:36:47] O Ali é uma espécie de ML
[2017-11-27 12:37:11] Só q até o nosso ML chega a dar um pouco mais de segurança no pós venda do q o Ali.
[2017-11-27 12:37:18] Vc pode comprar coisas boas lá tbm.
[2017-11-27 12:37:18] sim
[2017-11-27 12:37:30] Mas no geral, eu evito eles.
[2017-11-27 12:37:43] nunca compraria algo que eu me importasse tanto com o pós-venda pelo ali ou de vendedor chinês no ebay
[2017-11-27 12:38:09] se é algo que eu me importaria tanto, procuraria outro meio
[2017-11-27 12:38:54] Eu cheguei a comprar um item caro pelo ebay, mas era de um vendedor americano. Chegou aqui, e a RF ou os correios abriram e chegaram a quebrar 2 pecinhas do item.
[2017-11-27 12:39:48] Era um carrinho de metal escala 1:18, com detalhes internos. Visivelmente eles abriram e foram mexer no carrinho, e quebrou uma alavanca de câmbio (q eles enrolaram em papel e deixaram dentro do porta-malas.
[2017-11-27 12:40:31] Eu tirei fotos dele, mandei pro vendedor, e o cara ainda teve a hombridade de se indignar e me devolver metade do valor.
[2017-11-27 12:40:46] Ele nem precisava ter feito isso.
[2017-11-27 12:41:11] Alex Casanas(brulex) joined
[2017-11-27 12:41:12] Hi Alex !
[2017-11-27 12:41:36] Então às vezes a gente até se surpreende.
[2017-11-27 12:41:55] sim
[2017-11-27 12:42:15] dei um gamble comprando uma interface de áudio de um vendedor americano também pelo ebay
[2017-11-27 12:43:15] ele declarou o valor $50 (exatamente o que eu paguei no ebay) e não fui taxada, mas a embalagem dele foi horrível, só embrulhado num saco plástico e poucos jornais numa caixa muito maior que o item
[2017-11-27 12:43:26] por sorte nada com defeito, então não reclamei
[2017-11-27 12:55:41] Anderson Santos VneX Solution IT Santos joined
[2017-11-27 12:55:44] Hi Anderson Santos VneX Solution IT !
[2017-11-27 13:09:56] ODIN joined
[2017-11-27 13:09:57] Hi ODIN !
[2017-11-27 13:52:26] Caramba isso soa tão fora da realidade, por ser um vendedor dos USA
[2017-11-27 13:52:42] Não estou te chamando d mentirosa, é q soa tão surreal.
[2017-11-27 13:53:09] vendedor de produto usado que não sabe fazer frete direito, ainda mais internacional, é o mais comum do ebay
[2017-11-27 13:53:34] não era loja
[2017-11-27 13:53:44] Em 2015 eu estava d viagem pra Las Vegas, e antes de partir, eu fiz umas comprinhas pelo eBay, só q com end. de entrega para o hotel onde eu iria ficar hospedado. Vários itens eram de segunda mão (raridades, mint condition, essas coisas)
[2017-11-27 13:54:07] sim, vendedor de raridade geralmente sabe o que está fazendo
[2017-11-27 13:54:08] Eu ganhei bastante com isso, pois o frete era bem baixo, por ser dentro dos USA
[2017-11-27 13:55:01] Além do profissionalismo deles, teve o lado cortês - eu abria as embalagens e vinha um pacotinho de Skittles (ou coisa q o valha) dentro... 😜
[2017-11-27 13:55:23] acompanhado de uma notinha dizendo "Thank you for your purchase"
[2017-11-27 13:56:08] Eu comprei coisa grande - teve um R2D2 da Hasbro no meio...
[2017-11-27 13:56:27] uma vez comprei um psp usado de um vendedor japonês, veio com mais do que anunciado (um memory stick de 2gb, que o anúncio explicitamente dizia que não viria) e uma notinha de agradecimento num papel de origami
[2017-11-27 13:56:44] É legal essas coisas.
[2017-11-27 13:56:51] muito
[2017-11-27 13:56:51] São legais essas coisas.
[2017-11-27 13:57:22] No BR se vc receber o ítem de acordo com o descrito, já se dê por satisfeito. Rss
[2017-11-27 13:58:14] Teve o caso de uma guitarra q eu comprei da loja Zoo Varejo Digital... através do canal de vendas no ML
[2017-11-27 13:59:57] Uma exatamente igual a essa: http://www.playtech.com.br/guitarra-original-cort-signature-gene-simmons-axe-2-33832.aspx/p
[2017-11-27 14:00:12] Preço de venda médio no varejo R$1400,00
[2017-11-27 14:00:24] Eles ofereciam a R$600,00
[2017-11-27 14:00:54] Comprei, paguei e tal (era ML líder, platinum madafaca e talz) e eles ficaram me enrolando por 3 semanas
[2017-11-27 14:01:10] Eu abri reclamação no ML e no Procon
[2017-11-27 14:01:33] Daí me enviaram, só q qdo chegou aqui... estava destroçada.
[2017-11-27 14:01:57] Parecia q tinham pego a última da pilha, aquela q fica no chão, perto da poça d'água, e veio pra cá sendo chutada o caminho todo.
[2017-11-27 14:02:21] Abri reclamação de novo, dessa vez só no PROCON.
[2017-11-27 14:02:55] Me ressarciram integralmente (inclusive não paguei aquela taxa abusiva do ML de R$3,00 pra reaver o dinheiro para a minha C/C)
[2017-11-27 14:03:27] menos mal
[2017-11-27 14:03:36] Não acaba aí
[2017-11-27 14:03:51] Fiz o seguinte: com a grana depositada na minha conta, fui atrás de um luthier
[2017-11-27 14:04:21] Ele me cobrou exatamente 600 pra deixá-la novíssima, e ainda ganhei uma troca de cordas por cordas inoxidáveis e um strap
[2017-11-27 14:04:27] 😁
[2017-11-27 14:04:47] nice
[2017-11-27 14:06:13] E não foi qq luthier não, foi nesse cara: http://www.musicmaker.com.br/
[2017-11-27 14:06:34] Não imaginava q esses caras faziam tal tipo de milagre
[2017-11-27 14:07:23] Consegui o q queria, mas só depois de toda essa volta... e outra lição aprendida.
[2017-11-27 14:14:26] Sheila joined
[2017-11-27 14:14:27] Hi Sheila !
[2017-11-27 14:55:01] Além do @anchisesbr, alguem quer implantar um biochip? Tô coprando alguns e queria saber se querem aproveitar o frete...
[2017-11-27 15:06:26] 100 doletas?
[2017-11-27 15:07:40] O de 13MHz, sim. O de 125KHz é 57 USD. Implante grátis por minha conta.
[2017-11-27 15:31:28] https://pastebin.com/EvJJqBJD
[2017-11-27 16:01:00] photo: /home/felipe/devel/github_garoa/Telegram_logs_Garoa_Hacker_Clube_Publico/media/Garoa_Hacker_Clube_(Público)/download_805514838_51356.jpg
[2017-11-27 16:04:30] https://www.instructables.com/id/CUT-THE-CORD-DIY-Qi-WIRELESS-CHARGING-PAD-AND-STAN/
[2017-11-27 16:04:54] projeto para se inspirar e aprender
[2017-11-27 16:16:49] Curti
[2017-11-27 16:18:06] Ele só tem um erro de projeto: a alimentação vem de uma CR2032 que dura no máximo, 1 semana (mesmo que o relógio não fique com os dígitos acesos o tempo todo - só mostra a hora qdo vc pressiona um dos push-buttons).
[2017-11-27 16:19:11] Nem se vc usar componentes smd?
[2017-11-27 16:20:29] mas fabricar relógios é sempre muito interessante
[2017-11-27 16:20:34] photo: /home/felipe/devel/github_garoa/Telegram_logs_Garoa_Hacker_Clube_Publico/media/Garoa_Hacker_Clube_(Público)/download_804722376_84063.jpg
[2017-11-27 16:21:09] Estou querendo adaptar o circuito dele pra funcionar com uma dessas no lugar da cr2032
[2017-11-27 16:21:56] não pensa em usar algum outro tipo de display?
[2017-11-27 16:22:25] Onde tem pra comrprar?
[2017-11-27 16:22:50] O charme dele está em usar LEDs... se for trocar por LCD perde totalmente a graça
[2017-11-27 16:23:13] Quando aperta o botão, o display fica ligado ou colocou alguma frequência pra economizar um pouco de bateria
[2017-11-27 16:23:25] Oled
[2017-11-27 16:23:44] Perde o charme - ele é pra ser "vintage"...
[2017-11-27 16:24:01] Vou cavucar aqui pra lembrar onde comprei
[2017-11-27 16:24:23] Ele acende por uns 2~3s depois apaga
[2017-11-27 16:24:41] Mas enquanto está acesso ele consome ininterruptamente?
[2017-11-27 16:24:43] Ele vem em forma de kit, precisa soldar todos os componentes
[2017-11-27 16:24:51] Podia fazer oscilar
[2017-11-27 16:24:55] Ele consome ininterruptamente devido ao RTC
[2017-11-27 16:25:05] Os LEDs só consomem enqto acesos.
[2017-11-27 16:25:30] ?
[2017-11-27 16:25:34] Oscilar como?
[2017-11-27 16:26:10] fazer ele piscar numa frequencia que os olhos não percebam muito, mas que ajude a economizar energia, mesmo que seja por alguns segundos
[2017-11-27 16:26:58] Ficaria muito grande usar uma bateria de celular?
[2017-11-27 16:27:30] eu usaria este relógio em formato de bolso
[2017-11-27 16:28:20] https://www.banggood.com/LED-Digital-Watch-Electronic-Clock-Kit-With-Transparent-Cover-p-976634.html?p=JY0211749485201409KV&cur_warehouse=CN
[2017-11-27 16:29:27] acho que não poderia usar ele no pulso, mesmo no bolso, suo muito
[2017-11-27 16:30:39] photo: /home/felipe/devel/github_garoa/Telegram_logs_Garoa_Hacker_Clube_Publico/media/Garoa_Hacker_Clube_(Público)/download_804725697_80907.jpg
[2017-11-27 16:32:26] photo: /home/felipe/devel/github_garoa/Telegram_logs_Garoa_Hacker_Clube_Publico/media/Garoa_Hacker_Clube_(Público)/download_805514157_50977.jpg
[2017-11-27 16:32:35] Ok. E uma bateria de celular
[2017-11-27 16:32:52] Comparando a bateria q eu tenho (LiPo) com o tamanho da bateria dele
[2017-11-27 16:33:04] Bateria de celular, vc pode ver pela foto, que seria impraticavel.
[2017-11-27 16:33:44] imaginei colocar dentro de um compartimento no sentido da pulseira e colocar o relógio por cia
[2017-11-27 16:34:33] E essa bateria no DX sai bem mais barata q qq outra coisa: http://www.dx.com/p/3-7v-100mah-lipo-battery-for-quadcopter-drone-cheerson-cx10-cx-10-cx10a-cx11-415276
[2017-11-27 16:34:45] uma samsung ab44992058
[2017-11-27 16:35:03] mas são só ideias
[2017-11-27 16:35:07] O relógio já tem espessura suficiente... se vc quiser adaptar uma bateria, vai ficar um baita trambolho no seu pulso
[2017-11-27 16:35:08] vc faz do seu gosto claro
[2017-11-27 16:35:30] Sem contar q a bateria, com o seu suor, vai virar uma fonte de ácido na sua pele
[2017-11-27 16:35:37] Idem
[2017-11-27 16:36:12] Eu só preciso encontrar ou projetar um circuito de carga pra poder plugar um micro-USB nele qdo quiser recarregar a bateriazinha, pequeno o suficiente pra caber lá dentro.
[2017-11-27 16:54:29] photo: /home/felipe/devel/github_garoa/Telegram_logs_Garoa_Hacker_Clube_Publico/media/Garoa_Hacker_Clube_(Público)/download_804729007_59200.jpg
[2017-11-27 16:54:48] Agora independente disso, a primeira coisa q vc tem q se preocupar é a tensão da bateria
[2017-11-27 16:59:38] nesse caso, por causa dos dois CIs q fazem parte do circuito (o STC15F204EA funciona com no máximo 3.8V e o DS1302 até 5V) vc precisa escolher uma bateria q não ultrapasse o limite do menor consumo no circuito (3,7V no caso).
[2017-11-27 16:59:59] Então mais um motivo pra eu ter escolhido a bateria q eu mostrei.
[2017-11-27 17:01:11] Agora, se vc pegar uma mais parruda, ela continua tendo q respeitar esse limite de tensão na saída. E se ela for maior q o case do relógio, seria melhor vc optar por não montar o case acrílico q vem no kit, e desenhar seu próprio case para comportar o circuito e a bateria, depois imprimir na 3D.
[2017-11-27 17:03:04] É uma bateria de celular samsung, ela não é grande, 49mm X 39mm X 5mm.
Tenta AB463446BU. 800mAh, 3.7v.
[2017-11-27 17:09:22] pelo q vc escreveu aí, eletricamente vc pode usar.
[2017-11-27 17:09:35] Mas a parte mecânica é o q eu já falei aí.
[2017-11-27 17:10:49] Pra uma versão de bolso não ia deixar tão grande
[2017-11-27 17:29:22] adoro a ingenuidade de alguém que transforma um relógio de pulso num relógio de bolso só pela teimosia de usar uma bateria de celular
[2017-11-27 17:30:41] mesmo gostando mais de relógios de bolso que de pulso?
[2017-11-27 17:31:13] pois bem, o relógio em questão não é seu e sim do werner, eis a questão
[2017-11-27 17:31:37] sim, _você_ pode fazer um relógio de bolso. o werner quer um de pulso
[2017-11-27 17:31:45] Sim tanto que afirmei que era uma opiniao minha e ele faria como achar melhor
[2017-11-27 17:34:00] 3W hisky joined
[2017-11-27 17:34:02] Hi 3W !
[2017-11-27 17:34:16] Minha sugestão pode não ser a melhor, ok. Mas se existe algum problema em opinar, eu me calo, sem problemas. 👍🏻
[2017-11-27 17:34:55] Calma nesses seus coraçõezinhos.
[2017-11-27 17:35:02] ❤️
[2017-11-27 17:35:06] Sempre amor
[2017-11-27 17:35:11] https://www.banggood.com/USB-Lithium-Battery-Charger-Module-Board-With-Charging-And-Protection-p-924048.html?p=JY0211749485201409KV&cur_warehouse=CN
[2017-11-27 17:35:23] Eu achei uma coisa q pode ser a solução para a minha necessidadezinha.
[2017-11-27 17:35:40] As medidas dessa PCB são 2,6cm X 1,7cm
[2017-11-27 17:35:56] Daria pra apertar ela dentro do meu relogim.
[2017-11-27 17:36:07] VOU COMPRAR COMPREI FODEU.
[2017-11-27 17:40:00] document: /home/felipe/devel/github_garoa/Telegram_logs_Garoa_Hacker_Clube_Publico/media/Garoa_Hacker_Clube_(Público)/download_1045404939746018391.webp
[2017-11-27 17:41:20] acho que pro meu relógio vou ter que mandar fabricar alguma placa de 2 camadas bem apertada
[2017-11-27 17:41:29] Muito rápido... deu tempo nem de pensar.
[2017-11-27 17:41:45] Vc q fez o projeto?
[2017-11-27 17:42:04] não tenho projeto ainda, é isso que eu preciso fazer
[2017-11-27 17:42:15] é pra substituir um módulo Pulsar
[2017-11-27 17:42:27] por isso os dígitos minúsculos ;)
[2017-11-27 17:43:19] minha mãe tinha um desses de 1975 mas estava todo corroido por dentro, o módulo já era
[2017-11-27 17:43:40] quero fazer uma substituição moderna que caiba no mesmo corpo
[2017-11-27 17:49:20] o modelo é o mesmo que esse https://www.terapeak.com/worth/vintage-compu-chron-watch-70-s-japanese-led-digital-futuristic-wristwatch/191850735899/
[2017-11-27 17:49:45] por dentro ele usa o mesmo módulo que os hughes, pulsars, enfins
[2017-11-27 17:53:29] Nossa, raridade!
[2017-11-27 17:54:24] sim! pena que o módulo original já era, a carcaça em si não vale nada (produziram mais carcaças que módulos na década de 70 e hoje em dia é fácil achar new old stock só da carcaça sem módulo no ebay)
[2017-11-27 17:54:58] a não ser que alguém aqui tenha uma máquina de wire-bonding pra refazer as conexões :p
[2017-11-27 17:57:40] Felipe joined
[2017-11-27 17:57:40] Hi Felipe !
[2017-11-27 17:58:34] Deus o livre!!
[2017-11-27 17:59:07] mas eu pretendo pelo menos fazer algo próximo do original, eu não tenho como fazer os dois pontos do horário (talvez com leds microscópicos smd) mas pelo menos os dígitos são do mesmo tamanho, então os números ficam iguais, só sem os dois pontos
[2017-11-27 17:59:51] aí é só projetar uma pcb com o mesmo tamanho do módulo... não sei como vou fazer a bateria, não cabe um microusb pra recarga então acho que vai com button cell mesmo
[2017-11-27 18:00:03] penso em fazer sem rtc, apenas um atmega
[2017-11-27 18:03:37] Vc não pensa em tentar achar um moderno, que vc possa comprar por pouca grana, só pra retirar o módulo e adaptar na carcaça do relógio original?
[2017-11-27 18:04:03] Eu lembro q tinha desses no DX... to tentando ver se ainda existe isso
[2017-11-27 18:04:10] esse módulo só foi feito na década de 70 e não sai por menos de 100 dólares
[2017-11-27 18:04:19] qualquer coisa moderna não vai ser no mesmo formato
[2017-11-27 18:04:21] vai por mim
[2017-11-27 18:04:53] http://www.crazywatches.pl/compuchron-hughes-aircraft-led-1976
[2017-11-27 18:04:57] ó, tipo assim: http://www.dx.com/p/maikou-mk006-led-digital-watch-w-date-display-white-448397#.WhxvvKFzKM8
[2017-11-27 18:04:58] o módulo é assim por dentro
[2017-11-27 18:05:12] o display não é nem um pouco parecido
[2017-11-27 18:05:30] se for pra mudar coloca um desse https://www.sparkfun.com/products/13003
[2017-11-27 18:05:39] ó esse q eu passei fora o display ser de outro formato... tá bem parecido.
[2017-11-27 18:05:50] nem um pouco
[2017-11-27 18:05:51] ops
[2017-11-27 18:05:54] photo
[2017-11-27 18:05:59] o display dele é assim
[2017-11-27 18:07:33] Eu entendo, esse display era dos anos 70... usado muito nas calculadoras da TI
[2017-11-27 18:07:54] E esse aí q eu passei, nem é LED - É LCD com backlight vermelho.
[2017-11-27 18:08:01] sim
[2017-11-27 18:08:09] e não vai ter o mesmo formato nunca
[2017-11-27 18:08:10] Se fosse LED, poderia se pensar em substituir os dígitos dele pelos seus
[2017-11-27 18:08:37] seria menos trabalhoso ainda do q refazer um módulo inteiro. Vc irá precisar trabalhar com SMD
[2017-11-27 18:08:52] não dá pra usar PTH nesse projeto seu
[2017-11-27 18:09:14] https://www.ebay.com/itm/New-replacement-LED-module-for-Pulsar-Hamilton-Omega-Time-Computer-watches-/272899678984
[2017-11-27 18:09:14] pelo menos na minha cabeça, eu imagino o case ser bem pequeno internamente
[2017-11-27 18:09:18] eh caro
[2017-11-27 18:09:22] mas eh estiloso
[2017-11-27 18:10:13] Nossa, não dá não...
[2017-11-27 18:10:22] sim
[2017-11-27 18:10:28] é tipo isso que eu quero montar
[2017-11-27 18:11:03] photo: /home/felipe/devel/github_garoa/Telegram_logs_Garoa_Hacker_Clube_Publico/media/Garoa_Hacker_Clube_(Público)/download_804728264_60933.jpg
[2017-11-27 18:11:14] Isso aí????
[2017-11-27 18:11:21] isso
[2017-11-27 18:11:24] easy
[2017-11-27 18:11:35] um alicate e um ferro hikari da conta
[2017-11-27 18:11:35] bagarai... 😱
[2017-11-27 18:11:43] AHUAHUAHAUHUAHUA
[2017-11-27 18:11:43] eauhaaehuhae
[2017-11-27 18:11:50] isso
[2017-11-27 18:11:56] Tem q ter outro jeito de fazer isso...
[2017-11-27 18:11:58] é exatamente asim por dentro
[2017-11-27 18:12:04] e os wirebonds se desfizeram
[2017-11-27 18:12:18] so iss?
[2017-11-27 18:12:32] Maluco, olha o tamanho dessa encrenca.
[2017-11-27 18:13:09] se soldar 2 por dia
[2017-11-27 18:13:11] um dia termina
[2017-11-27 18:13:12] entendeu agora? ;)
[2017-11-27 18:13:16] Vamos pensar no seguinte: vc já tem os LEDs q, em teoria, caberiam no visor do relógio da sua Mãe...
[2017-11-27 18:13:22] isso
[2017-11-27 18:13:32] falta fazer o projeto da placa
[2017-11-27 18:13:45] o relogio da tua mae eh em outro tb/
[2017-11-27 18:13:46] O q precisaria encontrar, seria um módulo de relógio q possa ser modificado somente a parte do display
[2017-11-27 18:13:46] ou prata?
[2017-11-27 18:13:50] eh chique eses negocio ai
[2017-11-27 18:13:59] Sem que ele seja LCD
[2017-11-27 18:14:02] atmega328 smd cabe fácil lá, nem que seja no outro lado
[2017-11-27 18:14:02] ouro&
[2017-11-27 18:14:08] Cara eu vi isso em algum lugar!
[2017-11-27 18:14:21] na, a carcaça é aquela que eu mostrei, mas o módulo é esse mesmo
[2017-11-27 18:14:25] duvido que seja ouro
[2017-11-27 18:14:46] Se vc está disposta a montar um do zero, o projeto vc poderia pegar do esquema daquele q eu comprei no Banggood
[2017-11-27 18:14:56] Só montar ele com os mesmos componentes, só q em SMD
[2017-11-27 18:15:06] aquele é bem maior
[2017-11-27 18:15:09] muito maior
[2017-11-27 18:15:17] Olhaí
[2017-11-27 18:15:27] eu já fiz pcb ;) relaxa
[2017-11-27 18:15:34] Vc tá falando do display
[2017-11-27 18:15:40] tô falando da placa
[2017-11-27 18:15:58] Mas se vc pegar td em SMD... pode fazer isso bem menor
[2017-11-27 18:16:13] se for pra fazer uma pcb nova faço já meu próprio projeto
[2017-11-27 18:16:14] pq essa placa (não estou falando pra vc comprar essa placa), ela é PTH
[2017-11-27 18:16:45] esse projeto do seu não é reprogramável
[2017-11-27 18:16:55] quero colocar com hora e data igual o original
[2017-11-27 18:18:26] Esse é um microcontrolador comum, vc pode programá-lo como quiser: http://www.stcmcu.com/datasheet/stc/stc-ad-pdf/stc15f204ea-series-english.pdf
[2017-11-27 18:18:48] Mas vc já tendo o projeto seu, blz
[2017-11-27 18:20:07] Eu sempre tento correr pro lado mais "fácil" - sendo possível adaptar algo q exista no mercado, eu prefiro essa opção
[2017-11-27 18:20:12] http://www.dx.com/p/fashion-silicone-band-led-touch-screen-digital-wrist-watch-black-1-x-cr2032-367742#.WhxzKqFzKM8
[2017-11-27 18:20:41] Esse pelo visto, parece q é LED mesmo. Eu pegaria pra retirar os LEDs do módulo e fazer um display novo com esses q vc tem.
[2017-11-27 18:20:57] Mas é minha opção.
[2017-11-27 18:21:16] muito mais trabalho
[2017-11-27 18:21:29] E pode ser q não funcione, eu assumo q esses seus displays tenham uma pinagem semelhante aos LEDs de hoje
[2017-11-27 18:21:31] fazer engenharia reversa.. saber se é anodo comum ou cátodo comum..
[2017-11-27 18:21:50] só isso!
[2017-11-27 18:21:56] Depois é fazer fiação.
[2017-11-27 18:22:09] vou dar pra você fazer então :P
[2017-11-27 18:22:17] hehehe
[2017-11-27 18:22:29] quer saber, se pans... eu tento a sorte
[2017-11-27 18:22:37] e não sabia que era um MCU, achei que era um CI pronto de relógio
[2017-11-27 18:22:41] esse reolginho daí custa só 15 conto.
[2017-11-27 18:22:50] nada, é micro
[2017-11-27 18:23:04] não vai encaixar no mesmo espaço, certeza
[2017-11-27 18:23:09] esse relógio é muito maior
[2017-11-27 18:23:33] eu penso no módulo q está lá dentro... o case eu praticamente nem considero
[2017-11-27 18:23:47] duvido muito que seja muito menor
[2017-11-27 18:23:57] e se for não vai alinhar com os botôes
[2017-11-27 18:24:03] não tem jeito
[2017-11-27 18:24:08] tem que fazer sob medida
[2017-11-27 18:24:13] não dá pra inventar moda
[2017-11-27 18:24:25] photo
[2017-11-27 18:24:37] alinhar perfeitamente não vai.
[2017-11-27 18:24:46] é outra adaptação.
[2017-11-27 18:25:12] Se vc tiver condições de fazer um PCB SMD pro seu projeto, daí melhor mesmo
[2017-11-27 18:25:31] vc dimensiona ela como vc quiser e coloca os componentes do jeito q case certinho
[2017-11-27 18:25:53] É q eu penso do meu lado, q eu não teria como fazer essa placa
[2017-11-27 18:26:01] sendo uma placa só...
[2017-11-27 18:26:20] só fazendo na mão, em casa, no percloreto, etc...
[2017-11-27 18:26:33] na..
[2017-11-27 18:26:46] vou mandar fazer ou na oshpark ou na curtacircuitos
[2017-11-27 18:26:50] o que ficar mais barato
[2017-11-27 18:26:58] 2 camadas não consigo fazer na mão
[2017-11-27 18:27:08] se fosse uma camada mandava fazer na ryndack
[2017-11-27 18:27:25] isso no meu caso...
[2017-11-27 18:27:29] já usei o curta e ryndack, então já conheço..
[2017-11-27 18:27:52] mas lá não tem mínimo? Q eu saiba, a curta só aceita pedido mínimo de 3
[2017-11-27 18:27:59] pois faço 3
[2017-11-27 18:28:05] guardo extras
[2017-11-27 18:28:49] Talvez vc consiga conversar com eles pra ver se dá pra aproveitarem sobras de outras placas, já q a sua deve ficar bem pequena
[2017-11-27 18:28:57] daí de repente fica mais barato.
[2017-11-27 18:29:43] falo com eles
[2017-11-27 18:29:48] primeiro é fazer o projeto
[2017-11-27 18:29:55] ainda é um pipe dream
[2017-11-27 18:30:43] Pega lá o projeto do meu... vc programa a MCU, substitui pelos seus LEDs, já tem o RTC...
[2017-11-27 18:31:05] só joga os componentes no KiCAD e importa a PCB
[2017-11-27 18:31:08] usando SMD
[2017-11-27 18:31:35] prefiro pensar em usar atmega que eu já conheço
[2017-11-27 18:31:49] Esses LEDs q vc comprou, qual a tensão deles?
[2017-11-27 18:31:49] com certeza também têm milhões de projetos de relógio com atmega
[2017-11-27 18:32:02] certamente
[2017-11-27 18:32:03] dá pra fazer um bikeshed do tamanho do mundo
[2017-11-27 18:32:20] Equivalent to Sanken Electric SEL620

Common anode

   Size of symbol - 2.5mm      

Forward Current per Segment    7mA
Power Dispattion                    180mW
Reverse  Voltage                           5V
Forward Voltage                            3V
[2017-11-27 18:32:59] q nem esse nosso aqui? rss
[2017-11-27 18:33:30] Ah, tranquilo vc trabalhar com MCUs de hoje
[2017-11-27 18:33:40] sim
[2017-11-27 18:35:09] esse display tem ponto decimal
[2017-11-27 18:35:31] sim
[2017-11-27 18:35:42] mas não são os dois pontos do original
[2017-11-27 18:35:44] vc pode usar o ponto decimal como separador de hh.mm
[2017-11-27 18:35:49] sim, sim
[2017-11-27 18:35:50] é a idéia
[2017-11-27 18:36:06] mas vc pode inverter o primeiro digito dos minutos
[2017-11-27 18:36:41] hm
[2017-11-27 18:36:45] Fica um quase dois pontos
[2017-11-27 18:39:16] perae q eu to tentando desenhar
[2017-11-27 18:40:41] eu entendi
[2017-11-27 18:44:39] photo: /home/felipe/devel/github_garoa/Telegram_logs_Garoa_Hacker_Clube_Publico/media/Garoa_Hacker_Clube_(Público)/download_804728963_59354.jpg
[2017-11-27 18:44:54] isso
[2017-11-27 18:44:58] não sei
[2017-11-27 18:45:31] os do meio piscam, ligados em paralelo
[2017-11-27 18:45:45] photo: /home/felipe/devel/github_garoa/Telegram_logs_Garoa_Hacker_Clube_Publico/media/Garoa_Hacker_Clube_(Público)/download_804723793_82591.jpg
[2017-11-27 18:45:58] esse não paralelismo vai me irritar, saca? :p
[2017-11-27 18:46:12] isso, meio q diagonal. Mas melhor q nada... muitos relógios são assim
[2017-11-27 18:46:30] prefiro deixar tudo igual e usar só o ponto
[2017-11-27 18:46:41] pode ser tbm
[2017-11-27 18:46:44] virar um vai dificultar as conexões também
[2017-11-27 18:47:52] ou vc usa um LED comum (3mm) atrás de um "baffle" furado nos dois pontos
[2017-11-27 18:48:00] sei lá... é uma idéia
[2017-11-27 18:48:22] um led de 3 mm não caberia nunca na carcaça 😂
[2017-11-27 18:48:32] se for pra colocar led no lugar usaria smd...
[2017-11-27 18:48:43] pode ser, melhor ainda.
[2017-11-27 18:48:48] esqueci de pensar em termos de smd
[2017-11-27 18:49:01] document: /home/felipe/devel/github_garoa/Telegram_logs_Garoa_Hacker_Clube_Publico/media/Garoa_Hacker_Clube_(Público)/download_626950377790505063.webp
[2017-11-27 18:49:11] rss
[2017-11-27 18:49:27] E faz o baffle com dois furinhos pra representar os dois pontos
[2017-11-27 18:49:42] pq eu penso q mesmo o LED smd ficará grande se for colocar dois
[2017-11-27 18:50:03] e ele brilha o suficiente pra dispersar a luz
[2017-11-27 18:52:59] photo: /home/felipe/devel/github_garoa/Telegram_logs_Garoa_Hacker_Clube_Publico/media/Garoa_Hacker_Clube_(Público)/download_805512496_51502.jpg
[2017-11-27 18:53:31] Kralho... e vc vai soldar ele na mão? 😳
[2017-11-27 18:53:48] forno smd
[2017-11-27 18:54:09] Bom, pelo q vejo vc está bem aparelhada
[2017-11-27 18:54:24] só falta falar q tem uma pick`n`place tbm
[2017-11-27 18:54:30] forno pra smd dá pra fazer fácil com um daqueles elétricos
[2017-11-27 18:54:45] ter ainda não tenho, tenho um que posso levar no garoa, modar e deixar lá
[2017-11-27 18:54:54] se ainda não foi pro lixo, preciso ver com minha mãe
[2017-11-27 18:55:05] já vi projetos pra fazer isso.
[2017-11-27 18:55:31] Mas dá um certo trabalho.
[2017-11-27 18:56:16] http://whizoo.com/reflowoven
[2017-11-27 18:56:42] trabalhão...
[2017-11-27 18:58:02] esse aí é bem chique
[2017-11-27 18:58:19] thermocouple, relê, mcu, TALVEZ um display de texto
[2017-11-27 18:58:20] pronto
[2017-11-27 18:59:37] E esse adesivo térmico...
[2017-11-27 18:59:59] cada um... https://www.ebay.com/itm/1970s-70s-Vintage-Retro-Lip-Mythic-Style-Digital-LED-LCD-era-Watch-Jump-Hour/251961862831?hash=item3aaa18eaaf:g:tDAAAOSwKrhVVv94
[2017-11-27 19:00:10] não é adesivo, é insulamento
[2017-11-27 19:00:39] não é necessario se não for usado pra trabalhos grandes e se usar pasta com chumbo
[2017-11-27 19:01:14] não sei que tipo de pasta se acha na santa ifigênia, mas sei que solda comum de lá vem com chubo
[2017-11-27 19:02:13] sim, por esse motivo não compro solda de lá
[2017-11-27 19:02:25] 🤷‍♀️
[2017-11-27 19:03:11] Eu acho q é trabalho demais, eu corro disso. 😝
[2017-11-27 19:05:45] Eu curti esse relógio! Deu vontade de ter um: https://www.ebay.com/itm/JAMES-BOND-70s-1970s-Old-Vintage-Style-LED-LCD-DIGITAL-Rare-Retro-Watch-P2-S1/391871575294?hash=item5b3d5db4fe:g:mlwAAOSwaA5Wl94o
[2017-11-27 19:06:04] é tudo com led igual o seu
[2017-11-27 19:06:23] esse daí deve vir do mesmo lugar que sai aqueles de 15 reais do ali
[2017-11-27 19:06:26] nem vale a pena
[2017-11-27 19:08:26] Esse vendedor tem coisa boa,  rss! https://www.ebay.com/itm/GOLD-ELVIS-WATCH-1-Old-Vintage-1970s-Style-LED-LCD-DIGITAL-Rare-Retro-omeg-TC2/390685930999?hash=item5af6b235f7:g:gX8AAOSwblZZHw7p
[2017-11-27 19:08:50] Já vi um desses com meu pai que ganhou do meu avô qdo foi pro Japão, na época era chic
[2017-11-27 19:08:54] é tudo o mesmo relógio em carcaça diferente
[2017-11-27 19:09:13] É moderno, em carcaça réplica do modelo dos anos 70
[2017-11-27 19:09:15] É aço
[2017-11-27 19:09:32] deve ser por esse motivo q ele cobra mais caro.
[2017-11-27 19:10:00] https://www.ebay.com/itm/Vintage-CompuChron-metall-tone-Red-LED-Watchcase-NOS/253253841583
[2017-11-27 19:10:03] 5 dólares
[2017-11-27 19:10:10] só não estou achando os mais completos agora
[2017-11-27 19:10:30] photo: /home/felipe/devel/github_garoa/Telegram_logs_Garoa_Hacker_Clube_Publico/media/Garoa_Hacker_Clube_(Público)/download_805512116_51747.jpg
[2017-11-27 19:11:19] https://www.ebay.com/itm/Lot-Of-10-NOS-Compuchron-Ladies-Watch-Bezels-And-Bands-for-Red-LED-Digital/381912889985?_trkparms=aid%3D222007%26algo%3DSIM.MBE%26ao%3D2%26asc%3D41375%26meid%3D82950bece7e340f4ada2a79085a967c2%26pid%3D100005%26rk%3D2%26rkt%3D6%26sd%3D253253841583&_trksid=p2047675.c100005.m2219
[2017-11-27 19:12:09] https://www.ebay.com/itm/Rare-Retro-Commodore-Led-Time-Palo-Alto-Digital-Watch-Vintage-Working/162748666472
[2017-11-27 19:12:38] pra pagar 200 e tantos reais compra o original não essa coisa nova
[2017-11-27 19:14:54] Originais estão por mais de 400 doletas!
[2017-11-27 19:15:21] https://www.ebay.com/itm/70s-Pulsar-Men-Lady-Set-P4-3210-Red-LED-Digital-007-Time-Computer-Watch-Lot-Vtg-/112660099528
[2017-11-27 19:15:40] tem esse que eu mandei o link
[2017-11-27 19:15:43] é o mesmo módulo
[2017-11-27 19:15:56] https://www.ebay.com/itm/RARE-70S-TIFFANY-CO-CONCORD-LED-DIGITAL-WATCH-ORIGINAL-STRAP-BUCKLE-6317-/252672250137
[2017-11-27 19:16:24] procure sem marca
[2017-11-27 19:16:34] o da commodore é o com marca mais barato
[2017-11-27 19:16:44] "pre-owned" é q ferra...
[2017-11-27 19:16:59] compuchron é do modelo hughes/pulsar que é "sem marca" que é o mais barato
[2017-11-27 19:16:59] Esse parece com o da sua Mãe? https://www.ebay.com/itm/VINTAGE-ORIGINAL-AND-RARE-IMADO-GENTS-LED-DIGITAL-WATCH-FULLY-WORKING/132409734672?_trkparms=aid%3D222007%26algo%3DSIM.MBE%26ao%3D2%26asc%3D41375%26meid%3Dbe60232286274ccfb33bb10de71b1abc%26pid%3D100005%26rk%3D2%26rkt%3D6%26sd%3D162748666472&_trksid=p2047675.c100005.m2219
[2017-11-27 19:17:28] pelo menos o mecanismo parece ser muito igual
[2017-11-27 19:17:51] vixe mas eu não tinha notado q está como "bid"
[2017-11-27 19:18:40] todos eles são meio similares.. mandei no começo da conversa um link com o mesmo modelo
[2017-11-27 19:19:27] tendi
[2017-11-27 19:19:36] É q já se perdeu no meio de td...
[2017-11-27 19:19:39] não estou achando mais o link
[2017-11-27 19:19:39] é
[2017-11-27 19:19:43] Hahahahahahaha!! https://www.ebay.com/itm/SILVER-X-MEN-APOCALYPSE-70s-Old-Vintage-Style-LED-DIGITAL-Rare-Retro-Mens-Watch/261472875285?hash=item3ce0ff7315:g:IwMAAOSwi7RZEKvn
[2017-11-27 19:19:56] aham
[2017-11-27 19:19:57] Vou comprar esse só pq saiu no filme do X-Men
[2017-11-27 19:20:22] esses daí dá pra comprar aqui por 30 reais na 25, vá...
[2017-11-27 19:20:39] rss
[2017-11-27 19:20:48] mas tem o perrengue de andar lá. Kkkkk
[2017-11-27 19:23:24] Note q esse do X-Men e o dourado, do Elvis, são exatamente a mesma carcaça, só mudou o cromado.
[2017-11-27 19:24:19] Tem esse tbm, em preto! Kkkk! https://www.ebay.com/itm/BLACK-ELVIS-WATCH-1-Old-Vintage-70s-Style-LED-LCD-DIGITAL-Rare-Retro-omeg-TC2/391808248347?hash=item5b39976a1b:g:y5AAAOSwsXFZN~WY
[2017-11-27 19:24:44] que legal que o elvis e o professor x usavam o mesmo relógio 😆
[2017-11-27 19:24:50] rsss
[2017-11-27 19:24:55] e troca pulseira... rss
[2017-11-27 19:25:55] O do James Bond tbm https://www.ebay.com/itm/JAMES-BOND-70s-1970s-Old-Vintage-Style-LED-LCD-DIGITAL-Rare-Retro-watch-P2-G/391711051146?hash=item5b33cc4d8a:g:ZkAAAOSwHaBWl96k
[2017-11-27 19:26:46] Agora tá de sacanagem...  https://www.ebay.com/itm/BLACK-X-MEN-APOCALYPSE-70s-Old-Vintage-Style-LED-DIGITAL-Rare-Retro-Mens-Watch/263024896279?hash=item3d3d816917:g:pOUAAOSwjL5ZN~O9
[2017-11-27 19:26:54] hahahaha
[2017-11-27 19:29:01] E tem ainda o do X-Men em dourado... vtnc... nem posto mais
[2017-11-27 19:29:27] hahahaha
[2017-11-27 19:32:19] Do mesmo vendedor acima! https://www.ebay.com/itm/BUILD-A-LED-WATCH-PROJECT-70s-1970s-Vintage-Retro-Digital-LCD-1/262755136928?hash=item3d2d6d35a0:m:mQN2dJb_g0QoHFuLVgU5Nig
[2017-11-27 19:32:38] Quer saber o q acho, esse deve ser o módulo q ele usa nos outros relógios.
[2017-11-27 19:32:54] acho que não
[2017-11-27 19:32:57] o display é diferente
[2017-11-27 19:33:15] por incrível que pareça mas é sim
[2017-11-27 19:33:32] é eu estava conferindo isso agora
[2017-11-27 19:33:39] dando zoom em um outro
[2017-11-27 19:34:01] mas seja lá qual for, provavelmente ele usa o mesmo nas réplicas todas
[2017-11-27 19:41:37] sim, que as réplicas todas usam o mesmo é sabido
[2017-11-27 19:45:56] Xada
[2017-11-27 19:48:27] Jonathan Silva joined
[2017-11-27 19:48:28] Hi Jonathan !
[2017-11-27 19:56:07] DRM IS TECHNOLOGICALLY BANKRUPT; DRM LAW IS DEADLY
https://www.eff.org/deeplinks/2017/10/drms-dead-canary-how-we-just-lost-web-what-we-learned-it-and-what-we-need-do-next
[2017-11-27 20:13:01] É possivel manipular um atmega já programado? Penso em criar um protótipo aqui, mas bateu a dúvida. Quero que pelo menos seja dificil essa manipulação 😕
[2017-11-27 21:07:27] pira nesse hack https://m.youtube.com/watch?v=vXDHyCQ3suw
[2017-11-27 21:12:33] pomona clip brasileiro... 😂
[2017-11-27 21:12:52] rsrsrs
[2017-11-27 22:57:50] photo: /home/felipe/devel/github_garoa/Telegram_logs_Garoa_Hacker_Clube_Publico/media/Garoa_Hacker_Clube_(Público)/download_804729796_61086.jpg
