[2016-11-02 00:11:20] Alguém sabe consertar pogobol? 😜
[2016-11-02 00:22:16] Parabéns  @SandroFriedland pela Glitch Nights, ótima atividade !
[2016-11-02 00:39:27] Também gostei @SandroFriedland... muito show...
[2016-11-02 07:20:54] The Wix Mobile App, a WordPress Joint
https://ma.tt/2016/10/wix-and-the-gpl/
[2016-11-02 07:21:49] Alguém acompanhando a treta Wix WordPress?
[2016-11-02 09:21:46] Olha a merda que deu compartilhar livro "grátis"
[2016-11-02 09:21:47] photo: /home/felipe/devel/github_tvdstaaij/telegram-history-dump/output/media/Garoa_Hacker_Clube_(Público)/download_803717565_126409.jpg
[2016-11-02 10:16:11] Vê com o Partido Pirata.
[2016-11-02 10:33:19] Agora estou. Antes, nem sabia que tinha.
[2016-11-02 10:46:38] Que treta?
[2016-11-02 11:00:39] Ele postou logo acima da pergunta.
[2016-11-02 11:11:00] Caso semelhante acontece no Brasil, com o aplicativo chamado ZapZap... há dois que violam a licença GPL, roubando o código do Telegram...
[2016-11-02 11:19:03] Desconheço essa história.
[2016-11-02 11:20:44] o zapzap tem um repositório no gothub forkado do Telegram mas só tem dois commits
[2016-11-02 11:21:03] acho q eles só trocam o branding, usa ate a rede do telegram
[2016-11-02 11:22:08] Nunca gostei da gpl. Ela é um vírus. Destrutivo demais.
[2016-11-02 11:22:26] Deixa o código livre para indivíduos e empresas usarem, poxa.
[2016-11-02 11:23:09] "Se usar a libxpto, de 10 linhas de código, gpl, então sua app de 10 milhões de linhas deve ser liberado"
[2016-11-02 11:23:29] Pra mim isso é parasital, disfarçado de "liberdade".
[2016-11-02 11:25:52] você sempre tem a opção de não usar a lib e escrever seu próprio código. fica a dica ;)
[2016-11-02 11:27:47] Argumento fraco.
[2016-11-02 11:28:00] Você driblou o fato dela ser viral.
[2016-11-02 11:28:01] não é parasital, é estratégico. a GPL foi desenhada para maximizar a existência de software livre e minimizar a existência de software proprietário. ela protege os desenvolvedores de software pois, ao publicar um software, eles terão a certeza de que seu software nunca sera usado de maneira prejudicial aos usuários.
[2016-11-02 11:28:36] Ou seja: limita.
[2016-11-02 11:28:45] Acho que não. Se você não usar, você não se "infecta".
[2016-11-02 11:29:18] não, o que limita é um EULA de software proprietário.
[2016-11-02 11:29:27] Eu prefiro licenças mais permissivas. Se o cara é capitalista, seja feliz. Se o cara é comum..a favor de software livre, use também.
[2016-11-02 11:29:34] exatamente.
[2016-11-02 11:29:55] Isso limita o usuário. Mas dá liberdade plena ao desenvolvedor. Acredito que a divergência de vocês vem daí.
[2016-11-02 11:30:21] Enfim. Flame war garantida.
[2016-11-02 11:30:21] seu direito. o que não faz a GPL "errada".
[2016-11-02 11:30:26] heheh
[2016-11-02 11:31:16] acho que a questão é: duas pessoas partindo de valores diferentes nunca concordarão sobre copyleft x não copyleft ;)
[2016-11-02 11:31:31] Bingo!!!! :)
[2016-11-02 11:31:49] Sim, há dois anos sem atualização... por isso disse que há dois anos que estão violando a GPL...
[2016-11-02 11:35:16] então, na real a GPL não exige "publicar" o código fonte. ela diz algo como "se alguem que recebeu o binário pedir o código fonte, você tem que dar para ele". ou seja, vc pode customizar um sw GPL para um cliente e dar o código fonte modificado só para ele.
[2016-11-02 11:36:15] quase ninguém entende isso. por isso q a GPL protege o usuário (e não a comunidade ou QQ outra coisa)
[2016-11-02 11:37:49] só estou dizendo isso pra esclarecer um ponto q pode surgir na discussão. não tem nada a ver com o caso do zapzap. a GPL TB diz que se vc publica o binário num site em q todo mundo pode baixar, vc TB tem q publicar o código fonte.
[2016-11-02 11:39:31] enfim, posso falar mais sobre na lista. aqui as discussões se perdem e não da pra consultar depois.
[2016-11-02 11:39:36] Não entendi seu ponto.
[2016-11-02 11:43:18] criar uma obra derivada a partir de um software GPL não significa que vc tem que publicar na internet para todo mundo.
[2016-11-02 11:43:47] Mesmo se for, o que isso muda no caso Wordpress x Wix?
[2016-11-02 11:47:43] Nada. Mas só mencionei isso pq em algum lugar do texto eu tive a impressão de que o autor tem esse entendimento errôneo sobre a GPL.
[2016-11-02 12:00:56] Pitanga, não quer falar de licenças (e aplicação a obras de arte mistas) no Noite de Processing: Relâmpagos?
[2016-11-02 12:01:24] pode ser!
[2016-11-02 12:01:29] :)
[2016-11-02 12:01:31] quando?
[2016-11-02 12:01:37] 29/11
[2016-11-02 12:02:03] a principio sim! mas talvez, eu
[2016-11-02 12:02:15] http://speakerfight.com/events/noite-de-processing-relampagos/
[2016-11-02 12:02:41] *eu prolongue minha estadia na China por mais um mês :)
[2016-11-02 12:02:50] Entendi
[2016-11-02 12:03:48] Se tem chance de voltar até lá eu sugiro inscrever
[2016-11-02 12:05:22] O Matt Automattic?
[2016-11-02 12:05:41] eh
[2016-11-02 12:06:52] Ele pediu o código-fonte. Mesmo que a licença não obrigasse liberar imediatamente, e só quando alguém pedisse... Ele pediu.
[2016-11-02 12:15:33] Pessoal, quando perceberem que um assunto gerará muito fluxo no Telegram, sugiro migrá-lo para o Google Groups (https://groups.google.com/forum/#!forum/hackerspacesp), onde é possível separar os assuntos por tópicos, e os interessados têm a opção de acompanhá-los ou não... além de ser ótimo para pesquisas e para se manter um histórico...

O Telegram é uma ferramenta muito útil para mensagens instantâneas, mas não o vejo como a mais apropriada para se discutir um determinado assunto... vamos respeitar os outros participantes, lembrem-se que todas as mensagens estão indo para todos os inscritos no grupo do telegram.

Lembrem-se: "Be excellent to each other"

Paz... e happy hacking a todos...
[2016-11-02 12:33:47] yep!
[2016-11-02 12:39:51] Gente, que horas vocês vão ao garoa? Tem um prof do RS que tava na organização do EHAL que gostaria de ir de dia lá.
[2016-11-02 12:52:36] já estou aqui no garoa ;)
[2016-11-02 13:20:02] A questão é: ele pediu. O Wix tem que liberar para ele. Mas ele não pode liberar para outros
[2016-11-02 13:20:20] O código continua "fechado"
[2016-11-02 13:23:19] Tiago, posso falar pro prof ir aí? Ele está doido pra conhecer o garoa.
[2016-11-02 13:27:08] Umas 15h to encostando por lá também
[2016-11-02 13:41:50] Allan Moreira joined
[2016-11-02 13:41:50] Hi Allan !
[2016-11-02 13:42:25] Eu também posso pedir?
[2016-11-02 13:53:32] Sim. E pela licença, ele deve ceder...
[2016-11-02 14:01:25] Logo, se toda a população pedir, ele deve dar. Então não vejo proibição de eu compartilhar com qualquer outra pessoa.
[2016-11-02 14:11:59] O "se", assim como em Código, é um condição prevista, mas que pode nunca ocorrer...
[2016-11-02 14:13:30] se eles quisessem que todos tivessem o código, ele seria aberto, não proprietário, logo, compartilhar o código com outro pode te colocar em um problema judicial
[2016-11-02 15:45:20] Diogo Barcelos joined
[2016-11-02 15:45:21] Hi Diogo !
[2016-11-02 15:51:44] e ai, @Belimawr , ta no garoa?
[2016-11-02 15:51:51] o Pezzi apareceu por ai?
[2016-11-02 20:00:38] photo: /home/felipe/devel/github_tvdstaaij/telegram-history-dump/output/media/Garoa_Hacker_Clube_(Público)/download_803730632_89803.jpg
[2016-11-02 20:07:28] Nope
[2016-11-02 20:32:24] Que pena. Os autores tiveram muito trabalho pra fazer os livros. Fico triste por eles.
[2016-11-02 20:33:16] Também acho, deu o maior rolo por causa de uma mensagem
[2016-11-02 20:34:12] Essa
[2016-11-02 20:35:16] Ops
[2016-11-02 20:57:43] To tristinho... Comprei um notebook, mas infelizmente o bichinho parece não se dar muito bem com o Linux.
[2016-11-02 20:57:59] Vou ter que usar windows 😭😔
[2016-11-02 21:02:29] só ir na bios desativar as porcarias
[2016-11-02 21:08:35] O problema é quais porcarias desativar... A bios oferece pouquíssimas opções
[2016-11-02 21:09:23] Eu até consigo instalar e usar qualquer distribuição, e posso resetar a máquina quantas vezes quiser... Mas se eu desligar a máquina e ligar de novo : tela preta e mensagem de fatal error no logon da distribuição
[2016-11-02 21:16:13] Você tem uma semana de direito a arrependimento. Manda de volta e compra outro —--- se não tiver outro jeito.
http://www.procon.sp.gov.br/texto.asp?id=3316
[2016-11-02 21:20:06] Pouts... Comprei pelo mercado livre, nesse caso eu nem sei como proceder. Mas vou pesquisar a respeito...
[2016-11-02 21:36:08] Teve Mercado Envios? De repente mandar de volta é até de graça, mas depende de você abrir uma reclamação. Não é coisa de outro mundo, mas você consegue provar que o vendedor estava errado?
[2016-11-02 21:36:49] Acho que nesse caso é meio complicado .. pois o notebook funciona, ele veio com Windows
[2016-11-02 21:36:49] De qualquer forma, você tem que ver antes se não é configuração errada do UEFI. Pois não é BIOS, certo? Quantos dias você tem até completar uma semana?
[2016-11-02 21:37:09] Nao tinha defeito... É fácil pro cara alegar que o problema do Linux não tem nada a ver com eke
[2016-11-02 21:37:35] Pelo direito ao arrependimento não é complicado demais não. É que eu nunca abri uma reclamação no Mercado Livre por conta disso, sempre foi por conta do vendedor ter feito besteira.
[2016-11-02 21:38:56] Configuração errada do uefi? Mas daí eu não conseguiria nem iniciar o sistema, certo?
[2016-11-02 21:40:33] Não sei afirmar, tem várias versões de UEFI, e várias variantes híbridas.
[2016-11-02 21:43:05] Vou tentar atualizar a BIOS
[2016-11-02 21:47:18] Pesquisa o modelo do aparelho e coloca Linux e da uma olhada nos resultados
[2016-11-02 21:52:52] Estou fazendo exatamente isso... Agora o sistema iniciou normalmente, pra minha surpresa
[2016-11-02 22:20:48] Qual o modelo do equipamento?
[2016-11-02 22:21:52] É um Asus Z450L, mas no site da Asus eles só listam o modelo Z450LA.
[2016-11-02 22:23:34] O notebook possui etiquetas que mostram modelos diferentes... Na frente está marcado Z450L, e na parte traseira existe um selo com a adição da letra "A". Eu tentei baixar o Bios Utillity para Windows, mas o instalador não reconhece que a máquina é da Asus
[2016-11-02 22:24:16] Fica reclamando que o assistente de firmware só pode ser instalado em uma máquina asus
[2016-11-02 22:31:38] Eu gosto de máquinas Asus. Que pena desse problema.
[2016-11-02 22:32:12] De repente você tem que olhar o site de outro país...
[2016-11-02 22:32:53] Boa... Não tinha pensado nisso, obrigado galera
[2016-11-02 22:33:52] Eu também gosto da marca... Mas o site tem um selo enorme : "Asus recomenda Windows"
[2016-11-02 22:35:22] Eles sempre recomendam. Tem acordos comerciais, por isso. Não quer dizer que outros sistemas não funcionariam. Tenta outra distro depois.
[2016-11-02 22:36:20] Cleiton, da um jeito de mandar a saída do dmesg pra gente.
[2016-11-02 22:36:37] Tentei Kali, Ubuntu, kubuntu e Debian Jessie
[2016-11-02 22:37:01] você não consegue instalar ou da boot?
[2016-11-02 22:37:09] na BIOS muda para legacy e tente novamente
[2016-11-02 22:37:09] Eles instalam e até rodam normalmente, mas se desligar a máquina e ligar de novo...
[2016-11-02 22:37:30] A bios do notebook não oferece opções referente a UEFI
[2016-11-02 22:37:45] É bem simples na verdade...
[2016-11-02 22:38:24] não tem como desativar a UEFI?
[2016-11-02 22:38:31] Ok Rodrigo, valeu
[2016-11-02 22:39:26] Ao contrário do meu computador (desktop), a bios do notebook não exibe nenhuma config que pareça dizer respeito a UEFI
[2016-11-02 22:39:33] Asus sempre prezou pela compatibilidade
[2016-11-02 22:39:50] Deve ter algo como outro menu
[2016-11-02 22:40:02] filma ai, tem como?
[2016-11-02 22:40:02] Já vi isso em um hp
[2016-11-02 22:40:30] Que entra no security menu
[2016-11-02 22:40:44] Aparte da bios
[2016-11-02 22:46:15] Do nada o sistema parou de dar fatal error... Estou conseguindo logar no kubuntu
[2016-11-02 22:46:34] Meu medo é chegar amanhã e a máquina magicamente voltar a dar fatal
[2016-11-02 22:46:56] document: /home/felipe/devel/github_tvdstaaij/telegram-history-dump/output/media/Garoa_Hacker_Clube_(Público)/download_803730146_88789.jpg
[2016-11-02 22:46:57] O que tem no /var/log/messages
[2016-11-02 22:47:10] /var
[2016-11-02 22:48:38] A bios está ok, como bios, não uefi
[2016-11-02 22:48:43] Não existe esse aquivo na minha pasta de logs
[2016-11-02 22:48:50] Vendo os logs da pra saber o que foi
[2016-11-02 22:49:01] Pensei que era uma BIOS comum, mas tá escrito "secure boot" e "EFI shell". Então é híbrido.
[2016-11-02 22:49:10] Depende da distro
Pode ser dmesg
[2016-11-02 22:49:23] É kernel panic?
[2016-11-02 22:51:27] Nao lembro se essa instalação chegou a dar fatal como as anteriores, mas o sistema simplesmente congelava no logon e não me deixava acessar os repositórios do APT quando tentava acessar o sistema sem o módulo gráfico
[2016-11-02 22:51:49] O log dmesg é extenso
[2016-11-02 22:51:59] Não sei exatamente por qual mensagem buscar
[2016-11-02 22:52:34] Mas o sistema já voltou a subir do nada...
[2016-11-02 22:53:00] De qualquer forma, agradeço aos senhores 😉 se eu descobrir o xablau, eu compartilho com vcs
[2016-11-02 23:08:18] dmesg > aaa.txt e manda
[2016-11-02 23:09:17] Ainda mais se ele trancou e voltou, da pra saber o que é, se é driver, algum programa, xorg
[2016-11-02 23:15:57] Tenho um ASUS S451LA... Linux roda perfeito...
[2016-11-02 23:20:34] Roda aquele teste de memória que vem junto com algumas distribuições Linux... eu tive surpresa desagradável com meu ASUS, incluindo o suporte que não queria cobrir a garantia pois alegavam que eu tinha violado os termos ao instalar o Linux, mas é uma longa história...
[2016-11-02 23:32:49] Ok Breno, irei enviar
[2016-11-02 23:33:14] Estava tendo problemas com o WiFi também... Conectava, mas logo perdia conexão e tal
[2016-11-02 23:33:34] Tive que ligar na rede cabeada e instalar um firmware da realtek
