[2017-02-01 00:03:00] E o kit de lockpicking
[2017-02-01 00:05:39] Com 5000 cadeados no evento é uma ótima ideia pra dar dor de cabeça pra todo mundo que estiver na mesa
[2017-02-01 00:06:05] Sem contar que eu desconfio que não deixariam entrar
[2017-02-01 00:26:40] Eu cuido do kit
[2017-02-01 00:27:03] Segurança deve nem saber o que é,
[2017-02-01 00:46:40] O problemas e que qualquer merda que tiver de barraca aberta, vão direto na mesa daquele pessial que tem coisa de abrir cadeado
[2017-02-01 00:47:07] Só sabe que e um bagulho pontudo , e que não pode entrar
[2017-02-01 00:55:56] Eu não recomendo levar kit lockpicking... ou levaria de forma beeeeeeeeem controlada, tipo um treco no máximo
[2017-02-01 02:37:15] Eu queria só mostrar pro pessoal como faz/queria algumas só com uns cadeado
[2017-02-01 02:37:56] Não @erickemi
[2017-02-01 02:38:59] Calaboca
[2017-02-01 02:39:25] Mas eu tô digitando imbecil @erickemi  uahauahau
[2017-02-01 02:58:23] Hahahaha...
[2017-02-01 07:55:19] oi bom dia ! Legal..
[2017-02-01 08:07:54] Isso aí, Bruno! Bota ordem no rolê!
[2017-02-01 08:56:24] To indo pra campu agora, alguem precisa de algo?
[2017-02-01 08:57:59] Alguém sabe se tem van ou qual o ônibus da Tietê?
[2017-02-01 08:58:45] Tem sim, das 8 as 22
[2017-02-01 08:59:00] É portuguesa-tiete né?
[2017-02-01 08:59:34] Sim... Palmeiras-barra funda e santos-imigrantes kkkk
[2017-02-01 08:59:48] photo: /home/felipe/devel/github_tvdstaaij/telegram-history-dump/output/media/Garoa_Hacker_Clube_(Público)/download_803738712_13366.jpg
[2017-02-01 09:00:17] Kkkkkk
[2017-02-01 09:00:53] Valeu Leo!
[2017-02-01 09:01:48] Nos vemos por la Ale
[2017-02-01 09:05:56] 👍👍
[2017-02-01 09:55:42] bom dia
[2017-02-01 09:55:52] como estão ai na Campus Party?
[2017-02-01 09:55:57] está lotado como sempre?
[2017-02-01 10:52:58] Deve estar a desgraça de sempre: hype, banalidades, barulho constante, infantilidade generalizada, calor insuportável, e um reforço sistêmico do culto à privação de sono.
[2017-02-01 10:53:22] kkkkk, mas ai é legal
[2017-02-01 10:53:42] faz parte da evolução
[2017-02-01 10:54:22] Ok, mas isso eh divertido tmb rs  Não na minha idade.  Rs
[2017-02-01 10:57:47] Eu estarei lá na sexta e no sábado, divulgando o meu trabalho de resgate histórico do computador Patinho Feio. Não sei se eu vou ter saco pra aguentar o evento. Mas estou fazendo o esforço pra tentar tirar algo de bom disso aí. Em linhas gerais eu acho o evento ridículo. A organização é muito folgada / sem noção. Botam palestras de comunidades no meio da madugada: completo desrespeito.
[2017-02-01 12:19:08] Tirou as palavras da minha boca, mas até q ta frequinho o clima
[2017-02-01 12:27:47] mas acho que na media os caras ainda agradam...
[2017-02-01 12:36:18] Estou só lendo e rindo de ladinho.
[2017-02-01 12:37:35] É uma merda, mas dá pra encontrar algumas pessoas legais, então ok.
[2017-02-01 13:29:51] Tem muitos problemas mas a questão é que há poucos eventos assim em sp
[2017-02-01 13:30:07] Como o Oda disse, ainda agrada
[2017-02-01 13:30:16] apesar dos pesares
[2017-02-01 13:30:34] Para quem estiver interessado, e estiver na #CPBR10:

Treinamento de Docker: do Básico ao Avançado

Mas tem que clicar em "Participar"... vagas limitadas...
[2017-02-01 13:30:55] na média ou na mídia?
[2017-02-01 13:39:32] Agrada a mídia, gera matéria hype. Agrada um povo de videogame. De empresa. Não parece agradar tanto ao pessoal de tecnologia mesmo.
[2017-02-01 13:40:50] Difícil concentrar em alguma coisa, tem um pouco de carnaval demais
[2017-02-01 13:44:49] O mais chato é fazer evento gratuito para os colegas pagarem ingresso
[2017-02-01 14:08:36] Boa tarde pessoal, não sei se é melhor lugar pra perguntar sobre isso, mas podem me indicar um bom livro para iniciantes em python ?  Tenho lido algumas apostilas e confesso que fiquei apaixonado 😁
[2017-02-01 14:13:26] eu tenho uns livros em PDF muito bons
[2017-02-01 14:13:38] se quiser me passe o seu email q te mando alguns
[2017-02-01 14:14:21] Cara muito obrigado quero sim: ctec.php@gmail.com
[2017-02-01 14:15:42] Eu já sei programar, mas gostaria de aprender python "sem sotaque" é sempre bom ler livros com indicação para não perder tempo, afinal tem muito material pro ai!
[2017-02-01 14:17:45] Tou chegando atrasado pra minha atividade :((
[2017-02-01 14:21:00] vou te mandar pelo wetransfer
[2017-02-01 14:21:21] Perfeito :D
[2017-02-01 14:23:54] recebido, mais uma vez obrigado pela força!!!
[2017-02-01 14:23:59] mandei
[2017-02-01 14:24:04] flw
[2017-02-01 14:25:06] Dá uma olhada no windwirl da O'Reilly que é grátis e legal
[2017-02-01 14:25:31] os livros que mandei sao de lá, sao bons mesmos
[2017-02-01 14:26:03] @villares obrigado pela dica, vou dar uma conferida!
[2017-02-01 14:27:26] Segue este grupo @grupysaopaulo... eventualmente será marcado um Python para Iniciantes (ou mais de um, pois parece que tem bastante gente interessada)...
[2017-02-01 14:28:22] @Biazzotto Obrigado, acabei de entrar!!
[2017-02-01 14:40:39] Mudando para 15h atividade Python+Processing
[2017-02-01 14:44:05] Na #CPBR10
[2017-02-01 14:51:18] Obrigado!
[2017-02-01 15:41:27] Duas coisas que nunca me envolvi: CPBR e YouPix
[2017-02-01 15:50:10] Saudades youpix
[2017-02-01 15:51:13] Em uma cidade em que até o prefeito vive de eventos (Lide), difícil escapar de Path, TDC, SGB, Future Com, Fitic, SPTW... *anuais*
[2017-02-01 16:04:36] Tenho 20 aninhos e nunca vi uma MegaPix
[2017-02-01 16:05:20] Bora fazer uma coisa diferente? Gutem @tilt4
[2017-02-01 16:07:21] [2]
[2017-02-01 17:09:30] Megapix canal de tv a cabo geralmente canal 816
[2017-02-01 17:10:25] Vamos falar de coisa legal... vamos falar da TekPix...
[2017-02-01 17:10:47] Vai na apresentação do Sirius, no sábado :c)
[2017-02-01 17:24:09] Gente, ajudem a divulgar
[2017-02-01 17:24:24] Introdução à programação com desenho
[2017-02-01 17:24:37] 18h e 19h
[2017-02-01 17:24:47] Na parte aberta da cpbr10
[2017-02-01 17:25:06] No espaço do FabLab Livre
[2017-02-01 17:25:14] Tá sobrando vagas
[2017-02-01 17:28:23] Introdução a desenho algorítmico ?
[2017-02-01 17:29:30] Francysco Souzzah joined
[2017-02-01 17:29:31] Hi Francysco !
[2017-02-01 17:33:25] Pode usar short na campus?
[2017-02-01 17:33:43] Leg jeans
[2017-02-01 17:33:59] E rasteirinha?
[2017-02-01 17:36:15] Me soa quase absurdo até mesmo cogitar a possibilidade de alguém ditar que roupa eu posso ou não vestir...
[2017-02-01 17:36:57] Ué é pra mim por roupa certa na mala vai que não pode aí eu me fufu
[2017-02-01 17:42:25] se "não puder" me faz o favor de mandar eles *$%#%#$, OK?
[2017-02-01 17:43:26] As duas edições que fui, não existiam restrições quanto à shorts, não.
[2017-02-01 17:44:40] Eu sempre usei shorts
[2017-02-01 17:46:24] O nome é exagero
[2017-02-01 17:46:35] :-)
[2017-02-01 17:46:48] Introdução à programação com Processing+Python eu diria
[2017-02-01 17:47:11] document: /home/felipe/devel/github_tvdstaaij/telegram-history-dump/output/media/Garoa_Hacker_Clube_(Público)/download_240639613071261718.webp
[2017-02-01 17:47:23] Alexandre qual o nome dá atividade  sua agora?
[2017-02-01 17:50:14] Pode, pode usar chinelo, pode ficar descalço.... não pode ficar sem camisa nem sem calças
[2017-02-01 17:51:36] Kkkk
[2017-02-01 17:51:41] Sem calça kkkk
[2017-02-01 17:51:46] Ok
[2017-02-01 17:52:24] Sempre bom deixar claro
[2017-02-01 17:52:35] Apesar de ser uma pena em muitos casos :)
[2017-02-01 17:57:22] Eu tô levando malabares igual na roadsec
[2017-02-01 17:57:34] Alguém lembra?
[2017-02-01 17:59:55] Introdução à programação com Processing+Python eu diria
[2017-02-01 18:00:06] No espaço do Fablab
[2017-02-01 18:00:19] Do 'lado de fora'
[2017-02-01 18:00:35] Tem novamente 19h igual
[2017-02-01 18:00:45] Duas turmas 18h e 19h
[2017-02-01 18:21:19] Estamos eu Alexandre e Maurício fazendo uso oficina de processing no lado gratuito
[2017-02-01 18:29:19] surreal essa conversa...
[2017-02-01 18:32:50] Tem lugar que restringe roupa, mas costumam divulgar isso antes, aí a pessoa escolhe se quer participar ou não, estando ciente disso...
[2017-02-01 18:33:44] Eles não permitem a entrada de bebidas alcoólicas, ou alimentos perecíveis...
[2017-02-01 18:34:09] hum
[2017-02-01 18:40:03] Então basicamente, eles não permitem a entrada de alimentos mesmo.
[2017-02-01 18:45:08] Manda foto para uma melhor avaliação :D
[2017-02-01 18:45:13] document: /home/felipe/devel/github_tvdstaaij/telegram-history-dump/output/media/Garoa_Hacker_Clube_(Público)/download_347791234560950280.webp
[2017-02-01 18:45:52] quem?
[2017-02-01 18:46:07] voce uai
[2017-02-01 18:46:10] eu?
[2017-02-01 18:46:26] so brincadeira..
[2017-02-01 18:46:33] mas vai que cola :D
[2017-02-01 18:46:45] eu so muito amor s2
[2017-02-01 18:47:10] photo: /home/felipe/devel/github_tvdstaaij/telegram-history-dump/output/media/Garoa_Hacker_Clube_(Público)/download_803116778_820.jpg
[2017-02-01 18:47:17] cara de cu
[2017-02-01 18:47:18] kkkkk
[2017-02-01 18:47:40] agora manda de short :D
[2017-02-01 18:48:10] eu so falo merda nem esquenta e nem desse clube eu so
[2017-02-01 18:52:35] photo: /home/felipe/devel/github_tvdstaaij/telegram-history-dump/output/media/Garoa_Hacker_Clube_(Público)/download_803116289_852.jpg
[2017-02-01 19:11:40] Sergio Longhi joined
[2017-02-01 19:11:40] Hi Sergio !
[2017-02-01 19:12:13] pessoal, tem alguém fazendo o wargame do 100security ??? ou ja fez ???
[2017-02-01 19:13:14] mcdonald's deve poder
[2017-02-01 19:14:07] boa
[2017-02-01 19:14:36] McDonald's não é alimento 😉
[2017-02-01 19:14:47] hahaha bom ponto
[2017-02-01 19:24:38] Como está a Campus Party ??
[2017-02-01 19:48:58] 👏👏👏👏
[2017-02-01 19:50:30] mano
[2017-02-01 19:50:41] a interface de usuários num grupo no telegram é uma bosta
[2017-02-01 19:52:20] Quem aqui está fazendo o curso de servidor Linux aos sábados?
[2017-02-01 20:40:05] Esse sab vai ter?
[2017-02-01 20:42:25] N.O.P Nucleo de operações privadas joined
[2017-02-01 20:42:26] Hi G.T.R.C !
[2017-02-01 20:42:49] boa noite amigos(as) !
[2017-02-01 20:44:56] tem alguém com conhecimento cracker em redes sociais no grupo ? caso sim pfv me chamar no pv, obrigado.
[2017-02-01 20:45:29] removido.
[2017-02-01 20:49:31] obrigado, Erin. Sugiro tirar screenshot da mensagem motivo da remoção, postar a imagem (antes de remover o usuário) com os dizeres "usuário @usuario (Nome-do-Usuário) removido. E o motivo" e só depois disso (imediatamente depois) fazer a remoção. Assim a pessoa fica sabendo por que foi retirado do grupo. E fica o registro em imagem do motivo.
[2017-02-01 20:49:50] Sugestão: um pinned message com certas regras  (apesar q assedio nao precisa estar pois bom senso)
[2017-02-01 20:50:34] preguiça.. nos tempos de irc era um motivinho e olhe lá
[2017-02-01 20:50:48] mas ok..
[2017-02-01 20:50:58] na próxima
[2017-02-01 20:51:08] document: /home/felipe/devel/github_tvdstaaij/telegram-history-dump/output/media/Garoa_Hacker_Clube_(Público)/download_38846012097298894.webp
[2017-02-01 20:53:09] Regra geral:
"Be excellent with each other"
[2017-02-01 20:57:27] Bem vindes ao grupo público do Garoa Hacker Clube
http://garoa.net.br

Regras:
- Assédio, intolerância e atividades ilícitas não serão toleradas
- Be excellent to each other
[2017-02-01 20:57:31] pinned the message
[2017-02-01 20:57:35] pronto
[2017-02-01 20:59:58] Erin, eu consigo editar a mensagem fixa também? Ou você tem mais privilégios administrativos que eu?
[2017-02-01 21:00:52] Acho bom mencionar: Assédio, intolerância e atividades ilícitas não serão toleradas.
[2017-02-01 21:02:03] por mais que a gente espere bom senso, acho que é importante assumirmos explicitamente a postura de não tolerar essas coisas.
[2017-02-01 21:02:14] cada um só pode editar as próprias mensagens
[2017-02-01 21:02:27] editei a que está pinada
[2017-02-01 21:03:11] Boa
[2017-02-01 21:03:43] Erin, dá uma força aí pra gente, por favor?
[2017-02-01 21:04:19] Que
[2017-02-01 21:04:27] document: /home/felipe/devel/github_tvdstaaij/telegram-history-dump/output/media/Garoa_Hacker_Clube_(Público)/download_113414654469865835.webp
[2017-02-01 21:07:31] Estou pedindo sua ajuda para adicionar, por favor, à mensagem fixa: "Assédio, intolerância e/ou discriminação, assim como atividades ilícitas não serão tolerados." (debaixo do be-excelent)
[2017-02-01 21:08:05] 👆
[2017-02-01 21:08:40] ah! perfeito! Eu não tinha visto pela interface web
[2017-02-01 21:08:46] document: /home/felipe/devel/github_tvdstaaij/telegram-history-dump/output/media/Garoa_Hacker_Clube_(Público)/download_706148638425874450.webp
[2017-02-01 21:08:48] mas pelo cliente desktop eu vi
[2017-02-01 21:09:10] valeu!
[2017-02-01 21:09:54] document: /home/felipe/devel/github_tvdstaaij/telegram-history-dump/output/media/Garoa_Hacker_Clube_(Público)/download_62178134170009679.webp
[2017-02-01 21:14:11] Deixou de usar o Franz?
Descobri que não é free software...
[2017-02-01 21:14:48] Este mês estou continuando uma pesquisa que comecei o ano passado, sobre Design Livre e design popular/vernacular. 
Existirá (pode existir) um design hacker tb? 
(design = atividade de projetar, designer = aquele que projeta)
[2017-02-01 21:43:50] Como por definição, o designer pode projetar do alfinete ao foguete, por extensão, seria possível um projeto de foguete hacker, por exemplo...
[2017-02-01 22:42:13] ...ou Ônibus Hacker!
[2017-02-01 22:52:03] também
[2017-02-01 22:53:21] vc conhece? http://onibushacker.org/
[2017-02-01 22:54:08] aprendi a andar de bicicleta aos 21 anos numa viagem do ônibus
[2017-02-01 22:54:09] recomendo
[2017-02-01 22:55:00] @mynameiserin Você já viajou com o busão hacker ?
[2017-02-01 22:55:07] 2 vezes
[2017-02-01 22:55:12] trabalho no labhacker..
[2017-02-01 22:55:40] Eu já estive em eventos onde eles estavam, mas nunca de fato viajei com eles. Em Brasília, por exemplo, eu fui de avião e encontrei eles lá.
[2017-02-01 22:56:04] eu apareço bem de relance no doc
[2017-02-01 22:56:05] A Metamáquina ficava no andar de cima da Esfera.
[2017-02-01 22:56:14] (não fiquei muito a fim de aparecer nas câmeras)
[2017-02-01 22:56:33] (na Casa de Cultura Digital, onde ficava também a primeira sede do Garoa Hacker Clube)
[2017-02-01 22:56:39] photo: /home/felipe/devel/github_tvdstaaij/telegram-history-dump/output/media/Garoa_Hacker_Clube_(Público)/download_803115014_1006.jpg
[2017-02-01 23:03:20] photo: /home/felipe/devel/github_tvdstaaij/telegram-history-dump/output/media/Garoa_Hacker_Clube_(Público)/download_803114018_859.jpg
[2017-02-01 23:03:25] julho 2015 em riberão preto
[2017-02-01 23:04:33] Já conhecia o projeto, mas nunca entrei
[2017-02-01 23:30:58] document
[2017-02-01 23:31:24] Luta de sabre de luz na cpbr 😂
[2017-02-01 23:42:54] eu já li num lugar que Hackerspace, muitos pessoas acham que sao "Hacker" tipo White hat Black hat etc. e isso tambem cria uma situacao mais dificil para ganhar sponsores etc. e por cause disso muitos Hacker SPaces mudam nome para "Maker Space" , para o povo aparece menos "perigoso"
