[2017-03-17 08:17:49] @rodzil se esconde, estão prendendo os manos da sua área kkkk
[2017-03-17 09:30:22] >_Carlos ⚡️💻 joined
[2017-03-17 09:30:22] Hi >_Carlos⚡️ 💻 !
[2017-03-17 09:37:23] Hercilio De Medeiros joined
[2017-03-17 09:37:24] Hi Hercilio !
[2017-03-17 09:53:30] A CryptoRave 2017 precisa do seu apoio https://www.catarse.me/cryptorave2017 ainda dá para inscrever atividades aqui: https://cpa.cryptorave.org/pt-BR/CR2017/cfp/session/new ajude a divulgar!
[2017-03-17 10:04:40] /me@jackbot
[2017-03-17 10:04:40] Leonel
You've sent 12 (0%) messages and this group has 24674 messages.
[2017-03-17 10:05:33] /me@jackbot
[2017-03-17 10:05:33] Emmanuel
You've sent 4 (0%) messages and this group has 24675 messages.
[2017-03-17 10:45:03] @rodrigopitanga Paga essa porra e leia os emails da lista com garoa hacker Camp no titulo caraio
[2017-03-17 11:42:40] Tiago (@Belimawr), dá uma olhadinha lá no github que eu atualizei o código do emulador do Patinho Feio para Arduino. http://github.com/felipesanches/PatinhoFeio_Arduino/
[2017-03-17 11:43:01] Dei uma refatorada geral pra deixar o código mais legível
[2017-03-17 11:44:43] /me@jackbot
[2017-03-17 11:44:44] Erin
You've sent 1803 (7%) messages and this group has 24679 messages.
[2017-03-17 11:48:57] /me@jackbot
[2017-03-17 11:48:57] Felipe
You've sent 1887 (7%) messages and this group has 24680 messages.
[2017-03-17 11:49:08] HÁ !
[2017-03-17 11:49:40] /stat@combot
[2017-03-17 11:49:41] combot.org/chat/-1001050919227
[2017-03-17 11:51:39] curioso que um bot diz que são 24 mil mensagens e o outro diz que são 15 mil...
[2017-03-17 11:55:10] /help@jackbot
[2017-03-17 11:55:11] Message me first so i can message you !
[2017-03-17 11:56:34] /stats@jackbot
[2017-03-17 11:56:52] nhe...
[2017-03-17 12:08:51] /me@jackbot
[2017-03-17 12:08:52] Eduardodo
You've sent 292 (1%) messages and this group has 24687 messages.
[2017-03-17 12:09:13] /me@jackbot
[2017-03-17 12:09:14] Afonso
You've sent 794 (3%) messages and this group has 24688 messages.
[2017-03-17 12:20:57] Vinicyus added Alan Silva
[2017-03-17 12:20:57] Hi Alan !
[2017-03-17 12:38:13] /me@jackbot
[2017-03-17 12:38:13] Dan Alec
You've sent 29 (0%) messages and this group has 24690 messages.
[2017-03-17 13:06:31] http://www.cnbc.com/2017/03/17/lockheed-martin-completes-new-battle-laser-for-us-military.html
[2017-03-17 13:08:57] photo: /home/felipe/devel/github_tvdstaaij/telegram-history-dump/output/media/Garoa_Hacker_Clube_(Público)/download_803120638_20697.jpg
[2017-03-17 13:31:47] falou em anomimous falou @erickemi dataleak
[2017-03-17 13:35:39] document: /home/felipe/devel/github_tvdstaaij/telegram-history-dump/output/media/Garoa_Hacker_Clube_(Público)/download_1244824411647770761.webp
[2017-03-17 13:45:24] Se pesquisar "Garoa Hacker Camp" no Google, a gente cai na página do camp 0, que não se sabe o ano, e não há link para o evento deste ano, fica confuso.
[2017-03-17 13:45:46] Mas a página esta protegida não dá para colocar uma nota
[2017-03-17 13:50:36] Da hora
[2017-03-17 13:52:47] Corrigindo: @erickemi Erick "Dat4L34k" Ramos
[2017-03-17 13:53:36] BTW: acho que já devia por de Handler pois, de ontem pra frente, é assim que vou te chamar... rs
[2017-03-17 14:31:36] kkkk
[2017-03-17 14:34:20] https://www.facebook.com/GaroaHC/posts/1267866219958052
[2017-03-17 14:34:38] Amanhã em Helipa!
[2017-03-17 17:25:34] https://garoa.net.br/wiki/Patinho_Feio
[2017-03-17 17:29:17] /me@jackbot
[2017-03-17 17:29:17] !g0r
You've sent 214 (0%) messages and this group has 24703 messages.
[2017-03-17 19:37:34] document: /home/felipe/devel/github_tvdstaaij/telegram-history-dump/output/media/Garoa_Hacker_Clube_(Público)/download_135158025190117237.webp
[2017-03-17 19:43:21] /stat@combot
[2017-03-17 19:43:21] combot.org/chat/-1001050919227
[2017-03-17 20:30:18] photo: /home/felipe/devel/github_tvdstaaij/telegram-history-dump/output/media/Garoa_Hacker_Clube_(Público)/download_803110053_38334.jpg
[2017-03-17 21:26:40] photo: /home/felipe/devel/github_tvdstaaij/telegram-history-dump/output/media/Garoa_Hacker_Clube_(Público)/download_803721983_90867.jpg
[2017-03-17 21:32:51] Não entendi...
[2017-03-17 21:35:50] o cara me pega um TJ, um classico, e bota essas merdas de rodas e pneu de perfil baixissimo...
[2017-03-17 21:45:12] sei... é tipo algo análogo a pegar um gabinete de Ms. Pac-Man original, um clássico, e arregaçar pra botar um RaspberryPi com MAME dentro, né?
[2017-03-17 21:48:08] http://www.chompingquarters.com/wp-content/uploads/2009/09/MsPacMan2.jpg
[2017-03-17 22:07:02] Alguém vai ao Garoa amanhã ?
[2017-03-17 22:16:42] Queria flashar a minha bios com libreboot que estou enrolando a 1 ano hahaha
[2017-03-17 22:25:15] Alguém sabe se o sensor ultrassonico hc-sr04 continua funcionando se eu arrancar as telinhas? Tô com um com uma das telinhas amassada que parou de funcionar por causa disso... Procurei no Google e não achei nenhuma menção a isso...
[2017-03-17 22:35:48] Parece que você vai ser o pioneiro que vai fazer isso e publicar para os outros saberem... rs
[2017-03-17 23:06:47] Hahaha boa. Aguardem novidades 😛
[2017-03-17 23:08:24] Parece legal de saber, depois fala aí
[2017-03-17 23:09:56] Vai cometer esse sacrilégio ?!?!?!?
[2017-03-17 23:21:17] Podeixar
[2017-03-17 23:51:20] É claro que não hahahahaha
[2017-03-17 23:51:43] A bão....
