[2017-06-17 00:25:47] eu tava vendo que o pessoal usa esse BM019 NFC
[2017-06-17 00:25:57] tem alguma alternativa para esse leitor de nfc?
[2017-06-17 00:48:39] Goes joined
[2017-06-17 00:48:40] Hi Goes !
[2017-06-17 09:59:03] Pci-express 1x A 16x Riser Card Usb 3.0
https://produto.mercadolivre.com.br/MLB-773450488-pci-express-1x-a-16x-riser-card-usb-30-_JM
[2017-06-17 09:59:22] alguem ja usou um desses?
[2017-06-17 10:01:11] Alguém vai no garoa hj?
[2017-06-17 10:01:27] Se sim que horas para eu poder me programar
[2017-06-17 10:23:48] document: /home/felipe/devel/github_tvdstaaij/telegram-history-dump/output/media/Garoa_Hacker_Clube_(Público)/download_532579024195552283.mp4
[2017-06-17 10:23:53] Olha que legal ^^
[2017-06-17 10:43:16] Muito legal 👏👏👏
[2017-06-17 15:31:15] photo: /home/felipe/devel/github_tvdstaaij/telegram-history-dump/output/media/Garoa_Hacker_Clube_(Público)/download_804740346_42337.jpg
[2017-06-17 16:24:59] Muito massa! Já mandou produzir?
[2017-06-17 16:25:14] Vou mandar!
[2017-06-17 17:11:46] Bernardo Lopes joined
[2017-06-17 17:11:47] Hi Bernardo !
[2017-06-17 17:12:05] Hi Jack!
[2017-06-17 17:14:00] Fala pessoal, me apresentando, tenho 32a, sou médico, mt interessado em programaçao, toco alguns projetos pessoais simples, mesmo para aprendizado. Entrei no grupo para me inteirar das reunioes e etc.
[2017-06-17 17:14:17] Opa seja bem vindo
[2017-06-17 17:20:48] Bem vindo...
Médico em alguma especialidade ou Clinica Geral?
[2017-06-17 17:45:12] Ixiii, la vai contratar o cara pra fazer uns algoritmo mt Loko kkk
[2017-06-17 17:46:05] hauhauahauah
[2017-06-17 17:46:41] De repente, quem sabe, né? hehehe
[2017-06-17 18:03:29] document: /home/felipe/devel/github_tvdstaaij/telegram-history-dump/output/media/Garoa_Hacker_Clube_(Público)/download_560220067913007742.webp
[2017-06-17 18:18:43] Cardiologista, especialista em Ressonancia e Tomografia Cardiaca bem como Ecocardiografia.
[2017-06-17 18:25:14] A ideia é interagir mesmo!
[2017-06-17 18:29:07] Tem interesse de ligar a eletrônica e a programação com a sua profissão ou só manter como hobby mesmo?
[2017-06-17 18:30:21] Tinhamos um Grupo de Estudos de Neurociencia no Garoa, chamado BioSignals, a ideia era montar um EXG open source
[2017-06-17 18:36:52] ECG ou EEG?
[2017-06-17 18:37:32] ECG, EEG, EMG...
[2017-06-17 18:37:45] por isso o "X"
[2017-06-17 18:37:51] Sim!
[2017-06-17 18:38:01] Legal! E ousado!
[2017-06-17 18:38:07] ;)
[2017-06-17 18:39:16] Tenho mt interesse em integrar visao computacional / mobile / exames de imagem na cardiologia.
[2017-06-17 18:40:13] To nessa onda tbm
[2017-06-17 18:40:15] Além é claro de melhorar a interação medico-paciente por meio de tecnologia
[2017-06-17 18:41:17] bem interessante, eu estou pesquisando visão computacional
[2017-06-17 18:41:23] Tenho alguns problemas praticos que no meu nivel ainda nao consigo solucionar
[2017-06-17 18:42:38] Mostro pessoalmente quando tivermos alguma oportunidade
[2017-06-17 18:44:02] opa!
[2017-06-17 18:44:24] Para exemplificar o que eu mais me interesso:
[2017-06-17 18:44:38] https://www.kaggle.com/c/second-annual-data-science-bowl
[2017-06-17 18:46:16] Sao dados de ressonancia cardiaca
[2017-06-17 18:46:40] Mas na ecocardiografia tem um mundo de dados a se explorar também
[2017-06-17 21:32:35] Muita gente usa para mineração de criptomoedas... mas acho que está muito caro esse do anúncio...

Veja os valores no AliExpress, por exemplo:
https://www.aliexpress.com/wholesale?ltype=wholesale&d=y&origin=y&isViewCP=y&catId=200216562&initiative_id=AS_20170617163242&SearchText=pci+express+1x+16x+riser&blanktest=0&tc=af
[2017-06-17 23:35:42] photo: /home/felipe/devel/github_tvdstaaij/telegram-history-dump/output/media/Garoa_Hacker_Clube_(Público)/download_803119537_72599.jpg
