[2018-04-24 03:15:33] Oi comunida Garoa, estou fazendo um busca por modelos de impressoras 3D que sejam bastante boas. Quero dizer, busco uma que tenha um boa área útil, tenha uma boa precisão, fácil usabilidade/manutenção e que imprima, fora os materiais comuns como ABS, PLA, Nylon, preferencialmente PP e PET (falo destes materiais pois estou em vias de começar a produzir o meu proprio filamente e esses sao faceis de achar com um grande teor de pureza). E o preço estou buscando de até R$2000,00.
Os modelos que eu vi até agora são:
https://br.gearbest.com/3d-printers-3d-printer-kits/pp_1412339.html?wid=76
https://br.gearbest.com/3d-printers-3d-printer-kits/pp_991324.html?wid=76
https://br.gearbest.com/3d-printers-3d-printer-kits/pp_701645.html?wid=76
Se tiverem alguma recomendação serei grato.
[2018-04-24 10:24:50] Curso gratuito de blockchain na USP
Informações e Inscrição em:
 

https://www.sympla.com.br/blockchains-um-estudo-cientifico-das-plataformas-e-tecnologias__277595

 
[2018-04-24 11:46:08] Aí sim hein
[2018-04-24 11:46:54] Já experimentou a Minebot é um amigo meu de floripa que faz. Ela é muito boa.
[2018-04-24 11:47:00] E é portátil
[2018-04-24 11:47:33] Se quiser eu procuro o contato dele aqui. Pois ele também tem acesso a alguns equipamentos e filamentos
[2018-04-24 12:34:04] Complica o horário, mas parece ser um curso bom.
[2018-04-24 13:06:48] Show, já me inscrevi...
[2018-04-24 13:37:09] Coloquei no Stack Exchange e esqueci de perguntar pros amigos antes... https://electronics.stackexchange.com/questions/370500/ethernet-enabled-arm-socs-with-integrated-or-pop-dram-and-flash
[2018-04-24 13:57:42] Quem tem conta no site Mente Binária, todas as senhas foram resetadas por motivo de segurança, pois houve invasão (apesar de o banco de dados estar a salvo), então será preciso recadastrá-las:
https://www.mentebinaria.com.br/lostpassword
[2018-04-24 15:47:39] Alguém conhece alguma plataforma open para desenhar projetos de madeira? Estou querendo compartilhar meu projeto e pensando na melhor forma de divulgar
[2018-04-24 15:59:32] Marcenaria ou cortes de CNC?
Em inglês ou português?
[2018-04-24 16:14:40] marcenaria
[2018-04-24 16:23:40] Tem esse barra do reddit
https://www.reddit.com/r/Woodworkingplans/

Tem essa tag do Thingverse mas acho que é mais coisas que você imprime para ajudar no serviço de marcenaria que projetos de marcenaria em si, mas tem coisas de marcenaria per se
https://www.thingiverse.com/tag:woodworking/page:1

Além disso, vi aqui que tem gente que sobe o projeto no github, como em: https://gist.github.com/nfarrar/87f95037485e8638ab4f
[2018-04-24 16:30:13] Isso pra divulgar.
Pra desenhar não conheço
[2018-04-24 16:30:55] Quer dizer, tem o FreeCad, se servir.
[2018-04-24 16:31:52] https://www.freecadweb.org
[2018-04-24 18:23:22] Tava procurando um app nessa linha tbm, acabei ficando sem paciencia e desenhei na mão msm
[2018-04-24 19:07:43] 👍😘
[2018-04-24 19:55:26] photo: /home/felipe/devel/github_garoa/Telegram_logs_Garoa_Hacker_Clube_Publico/media/Garoa_Hacker_Clube_(Público)/download_806009991_29380.jpg
[2018-04-24 19:56:12] 👆Origami e robótica na Noite de Processing
[2018-04-24 20:34:12] queria estar
[2018-04-24 20:34:16] confesso
[2018-04-24 20:43:54] document: /home/felipe/devel/github_garoa/Telegram_logs_Garoa_Hacker_Clube_Publico/media/Garoa_Hacker_Clube_(Público)/download_532579835944410968.mp4
[2018-04-24 20:44:18] poderiam fazer umas streaming não rs? 😁
[2018-04-24 20:45:58] Sorry ñ rola
[2018-04-24 20:46:20] As atividades do Garoa são essencialmente presenciais
[2018-04-24 22:01:03] @Interaubis 
https://www.youtube.com/watch?v=Fv8bNiGtAhg&t=430s
[2018-04-24 23:17:38] Não fui, eu queria levar dois amigos, iríamos faltar hoje na aula, pois era só vista de prova, mas amanheci doente... nem fui trabalhar...
[2018-04-24 23:29:47] 👍
