[2018-01-24 06:23:13] Esse troço não está lendo as senhas ou tokens armazenados em Cookie não?
[2018-01-24 07:36:39] Que "troço"?
[2018-01-24 07:48:33] ?
[2018-01-24 08:54:11] Rafael Santos joined
[2018-01-24 13:21:00] Sempre!
[2018-01-24 13:27:47] Sei que tem uma galerinha do garoa que curte python então aqui vai: https://twitter.com/python_sudeste/status/956149312911757312
[2018-01-24 17:51:28] 🎉
[2018-01-24 18:03:02] Quero fazer essa atividade mas ainda não tenho um sócio que garante abrir ou se poderei usar o espaço entre os corredores?

Vai ter faíscas, fumaça e eu vou precisar de uma tomada.
Penso no final de semana 27/28.01

Seria até legal pensando que podemos fazer um bloco de alumínio para eventualmente ser usado no torno do Garoa.
Fico esperando interesse e algum sócio se propor a abrir.

https://groups.google.com/d/topic/hackerspacesp/zBSPgQ8WtNs/discussion
[2018-01-24 18:04:28] Epa epa! Daqui "uma semana e pouco" supostamente teremos o lançamento inaugural do Falcon Heavy!
[2018-01-24 18:04:28] https://twitter.com/SpaceX/status/956236301275054080
[2018-01-24 18:04:28] O tweet acima tem um vídeo de 22 segundos com o Static Fire que aconteceu hoje algumas horas atrás
[2018-01-24 18:04:28] Se eu estiver em São Paulo vou assistir ao vivo no Garoa. Se atrasar muito e o lançamento ocorrer entre 26 e 28 de fevereiro, eu vejo aí com vocês no Calango!
[2018-01-24 18:04:28] Basicamente ver isso aqui semana que vem só que ao vivo e de verdade e carregando um carro ao invés de um satélite: https://www.youtube.com/watch?v=4Ca6x4QbpoM
[2018-01-24 18:05:21] Quem quiser acompanhar o evento no projetor do Garoa acompanhem essa página do wiki que irei atualizar assim que houver uma data mais precisa para o lançamento: https://garoa.net.br/wiki/Foguetes
[2018-01-24 18:07:52] document: /home/felipe/devel/github_garoa/Telegram_logs_Garoa_Hacker_Clube_Publico/media/Garoa_Hacker_Clube_(Público)/download_499916253176005264.webp
[2018-01-24 18:23:11] Não conheço. Recebi no grupo do Calango Hacker Club de Brasília e apenas repassei
[2018-01-24 18:57:56] #quero !!!
[2018-01-24 18:59:05] Vamos torcer para não dar conflito com outras atividades em relação ao uso da sala e do projetor
[2018-01-24 18:59:20] o problema desses eventos de lançamento de foguete é que não dá pra ter certeza da data
[2018-01-24 18:59:47] por que frequentemente postergam para reavaliar condições climáticas e/ou falhas técnicas
[2018-01-24 19:06:09] Por isso mesmo eu morro de vontade de um dia ir assistir um lançamento, mas desanimo frente a possibilidade de chegar lá e o lançamento ter sido adiado 😔
[2018-01-24 19:07:01] "chegar lá" no Garoa nem é tão ruim. Ruim mesmo é se seu plano é "chegar lá" em Cabo Canaveral hahahahaha
[2018-01-24 19:20:21] photo: /home/felipe/devel/github_garoa/Telegram_logs_Garoa_Hacker_Clube_Publico/media/Garoa_Hacker_Clube_(Público)/download_804725106_120745.jpg
[2018-01-24 19:24:25] Tem 2 projetores funcionando
[2018-01-24 19:24:34] Um doação do octavio
[2018-01-24 19:24:37] Outro da bit9
[2018-01-24 19:32:40] Se bobear, esse aí vai ser o carro com a maior kilometragem da história da humanidade
[2018-01-24 19:33:21] E o mais conservado também, ficando um bilhão de anos no vácuo em órbita estável ao redor do Sol
[2018-01-24 19:34:06] Fico imaginando a cara dos arqueólogos extra-terrestres que acharem isso e tentarem entender as esquisitices da nossa civilização extinta
[2018-01-24 19:34:39] (isso se o foguete não explodir durante o lançamento, é claro!)
[2018-01-24 19:35:20] O Elon Musk tem dito ultimamente que o dia do lançamento inaugural do Falcon Heavy vai ser um espetáculo garantido. Independente do resultado. :-P
[2018-01-24 20:52:52] O carro 0km com mais kilometragem, né? rs
[2018-01-24 20:55:48] Não é zero km por que o Elon Musk rodou pra cá e pra lá dentro desse carro ao longo da última década.
[2018-01-24 20:56:05] What you need to know about static fires with lots of videos and facts from Falcon Heavy's static fire.
https://youtu.be/kDiJh8loTOE

Submitted January 24, 2018 at 10:59PM by everydayastronaut
via reddit http://ift.tt/2DEJkdn
[2018-01-24 21:00:40] Hum... Pensei que seria um saido da linha de Produção.
[2018-01-24 21:55:06] É o carro pessoal dele
