[2016-08-06 00:13:33] Um amigo meu tem uma vizinha chamada Norma, não preciso nem dizer as pérolas que se originam disso, né?

Esses caras sensacionalistas devem ter achado alguém com o nome de Ciência, que só diz bobagem...
[2016-08-06 00:24:07] Pokemon Go é mais perigoso do que tomar leite com manga
[2016-08-06 04:45:06] Para fomentar o debate: Concordo em parte com a @mynameiserin de que o Pokemon Go coleta menos dados que o Facebook, mas identifico presunção também na afirmação de que todo mundo usa Facebook :p ... Por ser menos dados não os torna menos importantes, se sabe q tanto o app do Facebook quanto do Pokémon Go tem acesso a localização, câmeras, contatos, WiFi, bluetooth ... O que eles de fato fazem com esses dados é que é relevante, e pelos termos de uso, fazem o que bem entenderem. Talvez a vida do @erickemi seja sem graça mesmo, principalmente pra CIA, mas não é só ele q é usuário dessas redes. Os dados de milhões de pessoas desinteressante se torna muito interessante e valiosos para corporações e governos. Se eles realmente fazem mal uso desses dados, há indícios que sim. Se eles tem acesso aos dados, é certo que sim, inclusive com o respaldo da lei em certas circunstâncias. Se VC liga pra isso ou não, aí vai de cada um.
[2016-08-06 09:10:15] Preciso urgentemente encontrar gatos com vacinas em dia, vermifugado e com peso bom.
[2016-08-06 09:10:25] Para doar sangue para meu gato que está muito doente
[2016-08-06 09:12:33] Gato tem tipo sanguíneo igual a o dos humanos?
[2016-08-06 09:14:58] Diferente, provavelmente. Não pesquisei. Mas a gente doa qualquer um e fica observando para ver se tem reação
[2016-08-06 09:27:42] Precisa ser em Campinas?
[2016-08-06 09:27:54] Eu busco em qualquer lugar
[2016-08-06 09:28:16] OK vou ver com uns amigos
[2016-08-06 09:28:35] Se precisar, pago até um vôo
[2016-08-06 09:33:51] Fui ver as vacinas da minha gata, venceram há uns meses
[2016-08-06 09:34:39] Vermífugo já tem tempo tb
[2016-08-06 09:34:46] Putz, cara, que chato
[2016-08-06 09:35:28] Qual o peso mínimo?
[2016-08-06 09:52:43] Olha, uns 4 kg está ok
[2016-08-06 10:49:46] Não existe banco de sangue de felinos pelo visto
[2016-08-06 11:25:57] Tem um, mas não entrega hoje. Estou desesperado
[2016-08-06 11:29:47] falei com o vitor, mas as deles tb nao estao em dia...
[2016-08-06 11:30:39] Não precisa estar em dia assim. Precisa? Importante é v4 e raiva. Ou tem mais alguma coisa?
[2016-08-06 11:32:48] Aylons, tenta dar uma olhada nessas associações que tem animais para adotar, exemplo: https://aaaccampinas.wordpress.com/
[2016-08-06 11:33:57] Tem outras que são legais, como a de FLV, mas a essa altura, já estou assumindo os riscos
[2016-08-06 16:19:35] Wilmar joined
[2016-08-06 16:19:36] Hi Wilmar !
[2016-08-06 17:55:54] Sim, o post é bem alarmista e pode-se esperar exageros. Infelizmente as pessoas fazem isso. Por isso repassei com a identidade do autor. 😊  

Sim, o que ele diz sobre os termos do serviço é falso. Mas o que significa um termo de serviço se não apenas para deixar claro que não temos autonomia sobre o que é produzido no serviço de terceiro, né? Alguém acredita que eles não faram proveito dessas informações? 😒 

Sim, nossas vidas hoje não são interessantes para [random gov unity], mas de repente a sua, ou de alguém que mora/trabalha com você pode se tornar... e aí? E o gov é o único inimigo? E perseguição policial é o único risco? Quanta chance para merda estamos dando quando fazemos pouco caso da privacidade?

O caso é que o Pokemon Go avança com mais eficiência e volume que o Ingress sobre detalhes da privacidade que outras ferramentas não tinham poder para ir.

Tem-se argumentado por aí que o Pokemon Go pede menos permissões que outros Apps populares e por isso nada muda na vida do usuário. Muda sim! O fato dele pedir menos permissões não o torna menos invasivo. Ele apenas usa menos meios invasivos. O mais relevante é a prática. o modelo de uso promovido pelo App leva a uma nova forma de extração de informação privada.
[2016-08-06 18:21:00] photo: /home/felipe/devel/github_tvdstaaij/telegram-history-dump/output/media/Garoa_Hacker_Clube_(Público)/download_803718830_70951.jpg
[2016-08-06 18:21:08] photo: /home/felipe/devel/github_tvdstaaij/telegram-history-dump/output/media/Garoa_Hacker_Clube_(Público)/download_803701234_70429.jpg
[2016-08-06 18:22:48] http://www.e-farsas.com/e-verdade-que-cia-usa-o-pokemon-go-para-nos-espionar.html
[2016-08-06 18:23:09] photo: /home/felipe/devel/github_tvdstaaij/telegram-history-dump/output/media/Garoa_Hacker_Clube_(Público)/download_803707445_70494.jpg
[2016-08-06 18:24:04] Cássia Sampaio joined
[2016-08-06 18:24:09] Hi Cássia !
[2016-08-06 18:25:09] Vinicius Mesel added Gutem
[2016-08-06 18:25:09] Hi Gutem !
[2016-08-06 18:25:25] Tks
[2016-08-06 18:36:41] Alguém sabe onde está a bomba, do Garoa?
[2016-08-06 19:00:18] photo: /home/felipe/devel/github_tvdstaaij/telegram-history-dump/output/media/Garoa_Hacker_Clube_(Público)/download_803712597_71245.jpg
[2016-08-06 19:00:41] photo: /home/felipe/devel/github_tvdstaaij/telegram-history-dump/output/media/Garoa_Hacker_Clube_(Público)/download_803703264_69850.jpg
[2016-08-06 19:02:00] Esse livro tá na biblioteca do Garoa?
[2016-08-06 19:37:33] achou ?
[2016-08-06 19:38:14] Não... queria usar na terça-feira, para o Coding Dojo...
[2016-08-06 19:48:16] Não, é recomendação do Emmanoel, material de consulta...
[2016-08-06 19:59:28] photo: /home/felipe/devel/github_tvdstaaij/telegram-history-dump/output/media/Garoa_Hacker_Clube_(Público)/download_803716028_72267.jpg
[2016-08-06 19:59:32] photo: /home/felipe/devel/github_tvdstaaij/telegram-history-dump/output/media/Garoa_Hacker_Clube_(Público)/download_803705670_69956.jpg
[2016-08-06 19:59:33] photo: /home/felipe/devel/github_tvdstaaij/telegram-history-dump/output/media/Garoa_Hacker_Clube_(Público)/download_803705783_70277.jpg
[2016-08-06 20:02:33] Sim Anchises, precisamos descartar essas baterias
[2016-08-06 22:17:51] Tem pizzas no garoa?
[2016-08-06 22:26:31] Está indo para lá?
A pizza acabou, mas tem refrigerante e água na geladeira, que coloquei.
[2016-08-06 22:30:19] photo: /home/felipe/devel/github_tvdstaaij/telegram-history-dump/output/media/Garoa_Hacker_Clube_(Público)/download_803718494_70597.jpg
[2016-08-06 22:35:13] Desencanei
[2016-08-06 22:35:29] só pq num tem pizza?
[2016-08-06 22:35:33] tamo aqui
[2016-08-06 22:51:24] Kkkk
[2016-08-06 22:51:39] Ana precisando de ajuda com rebentos
[2016-08-06 23:00:31] traz aqui
[2016-08-06 23:06:10] Rodrigo Madera joined
[2016-08-06 23:06:11] Hi Le !
[2016-08-06 23:06:32] Olá povo!
[2016-08-06 23:06:41] Primeira mensagem no telegram
[2016-08-06 23:13:24] http://corujavirtual.com/wp-content/uploads/2016/07/Em-Goi%C3%A1s-Pokemon-j%C3%A1-vem-em-dupla
[2016-08-06 23:14:24] photo: /home/felipe/devel/github_tvdstaaij/telegram-history-dump/output/media/Garoa_Hacker_Clube_(Público)/download_803701273_70504.jpg
[2016-08-06 23:19:03] E aí Madera, bem vindo ao grupo...
[2016-08-06 23:19:48] Hahahaha...
[2016-08-06 23:21:20] Its Nozes!
[2016-08-06 23:22:22] Já arrumaram sangue para o gato doente?
[2016-08-06 23:22:33] Tenho 4 gatos e posso ajudar
[2016-08-06 23:24:03] Cara, muito obrigado, mas já consegui sim.
[2016-08-06 23:27:05] Excelente. Cuida bem do seu pequeno. Gatos são top demais.
[2016-08-06 23:27:17] (Cachorros tb, btw)
