[2017-12-14 00:55:03] Odair Pirolla joined
[2017-12-14 00:55:06] boa noite
[2017-12-14 00:55:32] acabei esquecendo meu t, na tomada atras do sofa na palestra de hj
[2017-12-14 03:27:24] photo: /home/felipe/devel/github_garoa/Telegram_logs_Garoa_Hacker_Clube_Publico/media/Garoa_Hacker_Clube_(Público)/download_804726307_69474.jpg
[2017-12-14 03:32:12] Já fiz rodar aqui. Pra td tem jeito, não é à toa q eu fiz root - e f**am-se, cabações do Bradesco. Mas de qq forma, vou mudar d banco, pois já me enchi o saco desse. Tem opções bem melhores na praça hj em dia...
[2017-12-14 06:48:46] Confira o Tweet de @x0rz: https://twitter.com/x0rz/status/941074952270286848?s=09
[2017-12-14 08:04:17] Abre o apk, tira a linha do xml e recompila....
[2017-12-14 09:07:33] tá que nem eu asusauahshsasahas
[2017-12-14 09:23:59] Acho que é bem off topic, mas se alguém se interessar sobre o assunto de contas públicas, déficit da previdência, reforma da previdência e ajuste fiscal, podemos bater um papo. Posso mostrar minha opinião sobre o assunto, os dados, fontes, etc. Já resumindo: temos um problema de nível (déficit absurdo hoje, com dívida já em nível elevado). Mas o principal problema não é esse, e sim a dinâmica (se nada for feito, dívida assume trajetória explosiva, posso passar minha visão sobre consequências disso). Ajustes de nível são bem vindos, mas o principal problema é a derivada, esse é o incêndio que precisamos apagar de forma urgente. Acho que é isso que o @lvido quis dizer. Bom, se acharem interessante, podem me procurar em off e vemos como podemos elaborar esse bate papo :)
[2017-12-14 10:38:07] https://news.slashdot.org/story/17/12/14/006237/avast-launches-open-source-decompiler-for-machine-code
[2017-12-14 12:03:56] Eu sou formado pela FATEC , Mecânica Processos de Produção, e em 2016 me formei em eletrônica pela ETEC Guaracy Silveira aí do lado do Garoa.
[2017-12-14 12:38:12] document: /home/felipe/devel/github_garoa/Telegram_logs_Garoa_Hacker_Clube_Publico/media/Garoa_Hacker_Clube_(Público)/download_724599616066028412.webp
[2017-12-14 12:38:46] Vlw, já dei meu jeito aqui.
[2017-12-14 12:41:27] Fizeram sticker do Kogos. PQP
[2017-12-14 12:44:46] Pra encerrar o assunto, ontem enqto pesquisava bancos com abertura de conta digital, me deparei com a NuBank (da qual já sou cliente, pelo produto do cartão deles) e eles estão com uma proposta bastante interessante: abertura de conta digital mais rendimento próximo da taxa Selic. Quem quiser se pré-cadastrar pra ser avisado qdo forem disponibilizadas contas, é só ir aqui: https://www.nubank.com.br/nuconta/
[2017-12-14 12:51:00] Eu estudo na FATEC São Caetano do Sul...
[2017-12-14 12:51:44] Hahahaha...
[2017-12-14 12:53:59] Eu já sou cliente da conta corrente do NuBank... estou gostando, mas ainda tem algumas limitações...
[2017-12-14 13:10:14] https://www.theguardian.com/technology/2017/oct/05/smartphone-addiction-silicon-valley-dystopia
[2017-12-14 13:12:49] Pois é :/
[2017-12-14 13:15:41] Sem dúvida, pois ele ainda está em versão beta - esse é o momento perfeito para se passar feedback a eles, assim a versão de lançto ficará melhor. O q eu percebi após 4 anos de CEF e 1.5 anos de Bradesco é q eu me cansei de ficar constantemente tendo q me defender contra quem deveria trabalhar para tornar a minha experiência mais fácil; com os bancos chamados "tradicionais", o contrário disso acontece: brigas na justiça pra acabar com a determinação de obrigatoriedade da "contas digitais" (assim podem cobrar mais taxas dos clientes por serviços sequer úteis), tentativas de controlar o que o cliente pode e não pode ter no seu smartphone, etc e tal... se preferem assim, então tchau.
[2017-12-14 13:16:19] 😂😂😂😂🤘🏽 nem sei o que é esse tal de CTF
[2017-12-14 13:23:31] 👏
[2017-12-14 13:25:49] Galera, hoje a partir das 20h00 vai ter uma live com o Mitch Altman:
https://campuse.ro/events/campus-party-brasil-2018/meeting/bate-papo-com-o-hacker-mitch-altman-ao-vivo-cpbr11/
[2017-12-14 13:29:31] https://twitter.com/fecampa/status/940608390090379264
[2017-12-14 13:29:31] 👆 secretaria da educação de São Paulo
[2017-12-14 13:29:31] Na Secretaria Municipal de Educação de SP c/ @alexandres01, os códigos dos sistemas estão sendo abertos! E desenvolvidos abertos como padrão, desde o início. Por trás disso, muita dedicação de @edu_spano e equipe 👏👏👏 #PátioDigital #OpenSource Conheça: https://t.co/PbLTGGQWn2 https://t.co/YDnhtI9F83
[2017-12-14 13:33:57] Alguém pegou meu script em OpenSCAD de modelagem matemática de um Diagrama de Voronoi e usou na criação de uma peça decorativa em forma de violoncelo (supostamente para pendurar em árvore de natal ?) https://www.thingiverse.com/thing:2707544
[2017-12-14 13:34:34] =D
[2017-12-14 14:05:55] Legal esse @EduPrefSP_bot para Telegram... o código fonte está disponível no Github: https://github.com/PratoAberto/edu
[2017-12-14 14:29:38] Tem um filme do Batman, com o Jim Carrey, lançado antes das  redes sociais digitais, que fala disso de maneira metafórica.
[2017-12-14 14:34:16] Batman Forever. Meio bosta...
[2017-12-14 14:42:26] https://rideapart.com/articles/motogp-announces-electric-class-2019
[2017-12-14 16:05:04] Galera, sabem se o meet up de hoje vai ser transmitido via Internet também?
[2017-12-14 16:06:41] Não será
[2017-12-14 16:07:02] Ok, obrigado
[2017-12-14 16:17:09] 😂
[2017-12-14 16:17:15] https://www.tecnisa.com.br/lp/bitcoins
[2017-12-14 16:54:02] Erik Lacerda added Cawan
[2017-12-14 17:25:00] Programa de aceleração na area de construção civil: http://vetorag.com.br/
[2017-12-14 17:25:06] Confesso que fiquei interessado
[2017-12-14 18:27:18] Alguém tem experiência com a provedora AmericaNet? Link E1 e links dedicados?
[2017-12-14 18:33:01] AmericaNet é bem interessante o preço deles
[2017-12-14 18:33:06] e até q eles entregam direitinho
[2017-12-14 18:33:11] nunca tive problema
[2017-12-14 18:33:17] Sim
[2017-12-14 18:33:26] Sai de uma reunião agora
[2017-12-14 18:33:39] Eles tem uns produtos bem acessíveis
[2017-12-14 18:33:59] 15mb 313$
[2017-12-14 18:34:12] 40% sla
[2017-12-14 18:34:37] Fiquei de queixo no chão
[2017-12-14 18:35:50] 30mb dedicado + link voz ilimitado 480$
[2017-12-14 18:43:50] SLA q fica foda
[2017-12-14 18:45:28] Sim
[2017-12-14 18:45:37] Tenso
[2017-12-14 18:47:55] 40% Uptime? heheeh Ou banda?
[2017-12-14 18:48:18] Banda
[2017-12-14 18:48:22] Kkkk
[2017-12-14 18:56:14] Usa grafos acíclicos dirigidos, data. É bem interessante o que eles fazem, mantém descentralizada sem o custo da blockchain.
[2017-12-14 18:58:03] Vi agora que já tinha comentado, Lucas.
[2017-12-14 19:06:55] O interessante da Tangle: Todas as moedas são criadas no "bloco genesis". logo não tem 'mineração'
[2017-12-14 19:07:53] Até onde eu entendi, ele usa 1 transação por bloco.
[2017-12-14 19:08:34] Blocos vazios podem ser adicionados pra confirmar outras transações
[2017-12-14 19:09:45] https://olhardigital.com.br/noticia/eua-derrubam-neutralidade-da-rede-e-abrem-caminho-para-brasil-fazer-o-mesmo/72959
[2017-12-14 19:26:04] photo: /home/felipe/devel/github_garoa/Telegram_logs_Garoa_Hacker_Clube_Publico/media/Garoa_Hacker_Clube_(Público)/download_805513097_60044.jpg
[2017-12-14 19:39:38] Protecting code integrity with PGP
https://github.com/lfit/itpol/blob/master/protecting-code-integrity.md
[2017-12-14 19:40:30] photo: /home/felipe/devel/github_garoa/Telegram_logs_Garoa_Hacker_Clube_Publico/media/Garoa_Hacker_Clube_(Público)/download_806121472_9040.jpg
[2017-12-14 19:49:04] #SpaceX finally opens media accreditation for the Falcon Heavy test-flight Liftoff slated for January 2018 from Pad 39A at Kennedy Space Center It's looking real now.
https://twitter.com/nova_road/status/941405846348681216

Submitted December 14, 2017 at 09:35PM by Daniels30
via reddit http://ift.tt/2kwqmds
[2017-12-14 19:51:53] Quando o usuário manda uma transacao, ele válida duas anteriores aleatorias, cada uma se referindo a duas transações anteriores etc até o Gênesis block.
[2017-12-14 20:26:04] http://www1.folha.uol.com.br/mercado/2017/12/1943314-estados-unidos-decretam-fim-da-neutralidade-da-rede.shtml?utm_source=facebook&utm_medium=social&utm_campaign=fbfolha
[2017-12-14 20:26:35] Nada como os ares da liberdade, democracia e meritocracia 😊
[2017-12-14 20:26:58] document: /home/felipe/devel/github_garoa/Telegram_logs_Garoa_Hacker_Clube_Publico/media/Garoa_Hacker_Clube_(Público)/download_41149003626184974.webp
[2017-12-14 21:01:08] auhauahua
[2017-12-14 22:30:28] https://create.arduino.cc/projecthub/alejho/start-a-standalone-arduino-terminal-dc4980
[2017-12-14 22:32:59] Esse eu curti
[2017-12-14 22:42:53] photo: /home/felipe/devel/github_garoa/Telegram_logs_Garoa_Hacker_Clube_Publico/media/Garoa_Hacker_Clube_(Público)/download_805512112_60348.jpg
[2017-12-14 23:12:39] essa citação seria duplamente refutada nos anos 80 ;D
[2017-12-14 23:16:04] 😂👍🏻
[2017-12-14 23:17:41] Confira o Tweet de @PanichiRaphael: https://twitter.com/PanichiRaphael/status/941420799768104967?s=09
