[2017-10-01 02:37:19] Que merda que nao consegui ir ao camp, espero que o dia tenha sido produtivo,
[2017-10-01 03:16:32] A cortadora laser teve um transplante de cérebro
[2017-10-01 03:18:46] photo: /home/felipe/devel/github_tvdstaaij/telegram-history-dump/output/media/Garoa_Hacker_Clube_(Público)/download_804724219_36658.jpg
[2017-10-01 03:20:17] photo: /home/felipe/devel/github_tvdstaaij/telegram-history-dump/output/media/Garoa_Hacker_Clube_(Público)/download_804730937_13577.jpg
[2017-10-01 03:24:17] photo: /home/felipe/devel/github_tvdstaaij/telegram-history-dump/output/media/Garoa_Hacker_Clube_(Público)/download_805509697_18405.jpg
[2017-10-01 04:29:50] document: /home/felipe/devel/github_tvdstaaij/telegram-history-dump/output/media/Garoa_Hacker_Clube_(Público)/download_805514431_9455.jpg
[2017-10-01 06:46:26] Ops, errado 😂😂😂
[2017-10-01 06:47:25] Top!!!!
[2017-10-01 08:49:02] Cido Marani joined
[2017-10-01 11:40:50] @michaelhoward9 e as novidades por aí hoje? ???
[2017-10-01 11:45:14] photo: /home/felipe/devel/github_tvdstaaij/telegram-history-dump/output/media/Garoa_Hacker_Clube_(Público)/download_804730739_13297.jpg
[2017-10-01 11:57:43] Qual modelo ?
[2017-10-01 13:07:25] Pode falar tobias... que precisa do ubiquiti?
[2017-10-01 13:14:15] o que estão usando no firefox para bloquear mineradores de criptomoedas em js?
[2017-10-01 13:22:42] Toggle JS? Desliga o JS... (acho que vou mudar para uma caverna tb... rsrsrs)
[2017-10-01 13:24:45] uBlock Origin
[2017-10-01 13:25:48] hum
[2017-10-01 13:27:07] E vc?
[2017-10-01 13:27:48] eu já estou com isso, queria saber se tem algo que não conhecia =p
[2017-10-01 16:28:05] document: /home/felipe/devel/github_tvdstaaij/telegram-history-dump/output/media/Garoa_Hacker_Clube_(Público)/download_891755826216173616.webp
[2017-10-01 17:53:36] A-HÁ! Eu sabia que cedo ou tarde isso ia acontecer !!!
[2017-10-01 19:05:11] http://gizmodo.uol.com.br/video-chamada-quantica/
[2017-10-01 19:05:23] Viram essa?
[2017-10-01 19:06:48] Eu não vi, só consigo fazer video-chamada no 4G, e olhe lá...
😂
[2017-10-01 19:55:41] photo: /home/felipe/devel/github_tvdstaaij/telegram-history-dump/output/media/Garoa_Hacker_Clube_(Público)/download_804727711_12921.jpg
[2017-10-01 19:56:39] Camp vazio de manhã, só equipamentos, todos dormindo ainda
[2017-10-01 19:57:34] photo: /home/felipe/devel/github_tvdstaaij/telegram-history-dump/output/media/Garoa_Hacker_Clube_(Público)/download_804730121_14878.jpg
[2017-10-01 22:56:23] Esse artigo do Gizmodo está extremamente mal escrito!
[2017-10-01 22:57:15] A notícia é sim muito interessante, mas a porcaria do artigo atrapalha muito a leitura.
