[2017-07-13 01:05:12] https://spaceflightnow.com/2017/07/12/first-images-of-jupiters-great-red-spot-reach-earth/
[2017-07-13 01:05:54] 😱
[2017-07-13 09:11:32] Alguém conhece um bom vídeo em português explicando o que software livre?
[2017-07-13 09:12:59] O vídeo do canal do @kretcheu
[2017-07-13 09:13:41] O canal dele é o nome do usuário aqui ?
[2017-07-13 09:27:35] Valeu
[2017-07-13 09:46:07] Acredito que sim.
[2017-07-13 09:51:29] é sim, já achei o video
[2017-07-13 09:52:15] 🤙
[2017-07-13 11:55:20] peeps, pergunta meio randomica, mas estou precisando de dados sobre quantos eletrodomesticos sao vendidos/ quantos tem em cada casa...algum de vocês tem ideia de onde consigo? Não estou achando
[2017-07-13 12:08:04] http://www.ibge.gov.br/home/estatistica/populacao/trabalhoerendimento/pnad2015/brasil_defaultxls.shtm
[2017-07-13 13:01:19] obrigada, estamos tentando tirar os dados dai, mas so tem porcentagem :/
[2017-07-13 13:26:40] que horas as pessoas vão ir hoje para falar do esp8266?
[2017-07-13 13:28:34] geralmente umas 19 já está aberto
[2017-07-13 13:45:56] https://spaceflightnow.com/2017/07/12/soyuz-rolled-out-for-launch-of-multinational-satellite-cluster/
[2017-07-13 13:49:18] 🙌🏻🙌🏻🙌🏻🤞🏻
[2017-07-13 14:04:06] Ramon de Souza joined
[2017-07-13 14:04:07] Hi Ramon !
[2017-07-13 14:08:06] Oi pessoal, tudo bem? Me chamo Ramon, visitei o Garoa em 2013, quando era repórter do TecMundo e produzi uma matéria a respeito do espaço. Hoje em dia estou representando em São Paulo uma iniciativa que visa difundir o biohacking no Brasil, e uma de nossas frentes é organizar eventos de implantação de biochips NFC, que chamamos de Implant Parties.

Queria saber com quem do Garoa eu poderia conversar sobre a possibilidade de organizarmos uma Implant Party no Garoa. Como eu moro longe do espaço (sou de Itaquaquecetuba), queria estabelecer um contato inicial por meios eletrônicos para então sentarmos juntos e bater um papo presencial :)
[2017-07-13 14:09:40] uhuh! eu quero colocar um chip :)))
[2017-07-13 14:11:15] Eu tenho um em mim desde 2014 hehehe Sempre promovi a prática, mas nunca contei com ajuda externa. Felizmente virei parceiro dessa iniciativa, que é de Goiás, e passarei a organizar esses eventos em São Paulo, onde o público interessado é obviamente bem maior
[2017-07-13 14:23:05] Tem um cara bacana no grupo que deve se interessar @Gutemhc
[2017-07-13 14:30:54] Uh-hu!!! Animal!!!
[2017-07-13 14:31:48] O @Gutemhc implantou chips em algumas pessoas. Ele é o cara!
[2017-07-13 14:34:04] E estavamos falando sobre isso na semana passada 👍
[2017-07-13 14:34:06] Obrigado Rafael e Anchises, vou falar com ele :)
[2017-07-13 14:34:28] Eu vi sua palestra no Roadsec, meus parabéns, aliás
[2017-07-13 14:39:18] Obrigado 😊
[2017-07-13 14:39:39] Na última bsides o gutem chipou 2 pessoas!
[2017-07-13 14:40:05] +1
[2017-07-13 15:09:09] Qual o alcance desse chip?
[2017-07-13 15:27:57] Eu sinceramente não gosto da idéia de carregar no meu corpo uma identificação eletrônica. Já temos cartões magnéticos e similares pra esse tipo de coisa. Se realmente precisamos economizar o esforço de abrir a carteira e sacar um cartão, eu iria mais pelo caminho de embutir um chip desses num anel. Além disso, pra mim é inimaginável embutir no meu corpo um dispositivo eletrônico de identificação e não ser mais capaz de desabilitá-lo em função das minhas necessidades caso-a-caso.
[2017-07-13 15:30:43] Aliás... qual é o argumento para um implante ser melhor que um anel? É só fetiche-ciborgue ? Ou tem algum motivo mais racional/objetivo para isso ?
[2017-07-13 15:31:47] Compartilho da sua opinião
[2017-07-13 15:33:28] +1
[2017-07-13 15:33:52] Também ou dessa opinião. Acho isso meio 1984. Mas quem quiser, que use. kkkk
[2017-07-13 15:38:32] Exato.Totalmente 1984! Achei bizarro outro dia quando vi um vídeo de umas empresas chipando seus funcionários como se fossem gado (com o consentimento por opt-in, claro, mas ainda assim...). Aparentemente tem uma galera entrando nessa por empolgação/hype. Quem sou eu pra determinar o que as pessoas podem ou não fazer com seus corpos? Longe disso! Só me preocupa que talvez nem todo mundo tenha realmente pensado em detalhe sobre as consequências desse tipo de coisa. Se as pessoas têm consciência, então tudo bem. Cada um na sua vibe, claro! :-)
[2017-07-13 15:39:21] don't kinkshame
[2017-07-13 15:39:41] não sei o que é isso
[2017-07-13 15:40:02] kink = fetiche
[2017-07-13 15:42:12] Achei aqui uma descrição pra esse conceito: "To kink shame someone is to put them down for having a kink you disapprove of or can't relate to".  Definitivamente não é o que estou fazendo. Como eu disse, cada um na sua. Eu só gostaria de saber se o lance é meramente por fetiche-ciborgue ou se tem algo mais objetivo por trás. Não estou condenando ninguém aqui.Estou apenas refletindo sobre o tema.
[2017-07-13 15:43:28] falei na piada.
[2017-07-13 15:43:33] não fui séria.
[2017-07-13 15:43:37] dsclp
[2017-07-13 15:43:40] ok
[2017-07-13 15:43:46] não tem problema
[2017-07-13 16:06:43] mano deicha disso moro em ferraz tem mano de mogi kkkkk
[2017-07-13 16:07:38] rs
[2017-07-13 16:08:04] oque sera que vai ter hoje na noite do arduino?
[2017-07-13 16:08:18] Eu tbm sou de Itaquaquecetuba e sempre que posso estou lá
[2017-07-13 16:09:35] Blz, Ramon?
[2017-07-13 16:10:12] Algumas pessoas já me chamaram para fazer um Implant Party/Fest nos ultimos tempos
[2017-07-13 16:10:48] Estamos vendo a viabilidade para o começo de 2018
[2017-07-13 16:11:14] lembrei de uns caras que ganharam o hackathon da fiesp ano passado
[2017-07-13 16:11:22] com um anel de itu que le nfc...
[2017-07-13 16:13:02] então eu queria eu queria botar um chip desse mais, caro baragai. prefiro comprar um que é industrial e por num anel mesmo
[2017-07-13 16:13:30] anel é barato
[2017-07-13 16:13:36] chaveiro então..
[2017-07-13 16:14:10] entao se quiser posso chipar seu anel
[2017-07-13 16:14:23] ih
[2017-07-13 16:14:24] tipo aqueles de chave de carro manja
[2017-07-13 16:14:35] Kkkkkkk
[2017-07-13 16:14:42] anel chipado, bilau nfc
[2017-07-13 16:14:43] rsrsrs
[2017-07-13 16:14:48] Não é Arduino, mas... Hoje vamos ligar um SNES no telão. E vamos gravar uma EPROM com umas ROMs de SNES pra jogar no video game de verdade.
[2017-07-13 16:15:36] :O
[2017-07-13 16:16:06] oh yeah!
[2017-07-13 16:16:11] Ai sim!
[2017-07-13 16:16:33] Como é, pega um cartucho e regrava a eeprom? Ou direto numa eeprom do console? Ou é um clone e grava como no uzebox?
[2017-07-13 16:16:35] ROM de SNES ou algum Homebrew?
[2017-07-13 16:16:36] Vc já pensou em fazer uma colab com o velberan.
[2017-07-13 16:17:09] Eu quero tentar rodar alguma demo baixada do pouet.net
[2017-07-13 16:17:13] se um jogo for modificado e no cartucho tivesse uma placa de wifi, sei lá, daria pra fazer um snes pra jogar online?
[2017-07-13 16:17:37] Mas tem uma ROM hackeada que o rapaz que vai trazer o SNES fez. Não sei qual foi o jogo que ele modificou.
[2017-07-13 16:18:02] bacana
[2017-07-13 16:18:25] Nem precisa modificar a rom para isto, só mudando um pouco o emulador vc já consegue.
[2017-07-13 16:18:29] Se entendi direito, ele detonou (Jucou) um cartucho original de SNES e botou no lugar um soquete ZIF. Então a gente só tem que gravar a EPROM e botar no cartucho.
[2017-07-13 16:18:56] sim, daria.
[2017-07-13 16:19:10] dááááá pra fazer....
[2017-07-13 16:19:34] Não sei quem é velberan
[2017-07-13 16:19:35] isso eu imagino, mas imaginar um snes simples, o  proprio conectado na internet seria bem bacana
[2017-07-13 16:20:09] Por que você está falando com você mesmo? Ei! Fala comigo!
[2017-07-13 16:20:23] rsrsrs
[2017-07-13 16:20:29] respondi em cima da msg errada
[2017-07-13 16:20:30] rsrsrs
[2017-07-13 16:20:39] pensei alto
[2017-07-13 16:20:40] rsrsrs
[2017-07-13 16:20:45] É, eu percebi hahaha
[2017-07-13 16:21:17] Ele é um youtuber, especializado em jogos antigos. Ele têm inclusive uma placa arcade que ganhou de um inscrito. Só que ele não manja de hardware, você podia fazer um vídeo com ele discecando o hardware do megadrive por exemplo
[2017-07-13 16:21:24] @fsanches , tipo uma rede de snes... rsrsrs
[2017-07-13 16:21:33] SteamSNES
[2017-07-13 16:22:28] tipo isso? https://www.youtube.com/watch?v=snLWzKMR0Us
[2017-07-13 16:22:47] Isto é facíl de fazer, a entrada de controle do snes é uma porta paralela, usando uma placa de captura simples podemos pegar o stream e mandar pela um serviço de stream
[2017-07-13 16:25:32] É mais mais ou menos por ai. Ele é colecionador de jogos antigos, aqui vai um vídeo dele https://www.youtube.com/watch?v=65jJxeKdXck
[2017-07-13 16:25:54] ele morava no japão faz duas semanas que veio pro brasil
[2017-07-13 16:26:44] mas como a tela seria compartilhada?
[2017-07-13 16:26:54] o ponto do jogo precisaria ser o mesmo para os dois
[2017-07-13 16:27:13] tipo a rom deveria ser online
[2017-07-13 16:43:22] OK. Acabei de ver aqui alguns trechos dos vídeos dele. Mas não segue o meu estilo... ;-)
[2017-07-13 16:46:29] Eu costumo destrinchar mais a fundo a parte técnica das coisas mesmo. (E me dá arrepios quando vejo abertura de vídeos com gente "cantando" como se fosse locutor de rádio AM ou gritando "eeee aíííí pessssoaaaallll". hahaha)
[2017-07-13 16:51:55] xband já fez isso com linha telefônica
[2017-07-13 16:52:04] mesmo conceito, meios diferentes
[2017-07-13 16:52:08] ou seja, sim
[2017-07-13 16:52:38] https://en.wikipedia.org/wiki/XBAND
[2017-07-13 17:02:54] bem legal!!! da pra jogar mario kart!
[2017-07-13 17:55:45] Entrem nesse site pelo celular, através do acelerômetro e giroscópio vc consegue fazer musica http://bloopdance.com
[2017-07-13 18:01:01] https://youtu.be/6BacbW7FG4I
[2017-07-13 18:01:36] De Goiás?
[2017-07-13 19:33:21] To a caminho do garoa levando meu super Nintendo
[2017-07-13 19:33:38] photo: /home/felipe/devel/github_tvdstaaij/telegram-history-dump/output/media/Garoa_Hacker_Clube_(Público)/download_803110120_115324.jpg
[2017-07-13 19:37:42] Gustavo Ribeiro joined
[2017-07-13 19:37:43] Hi Gustavo !
[2017-07-13 20:13:42] document: /home/felipe/devel/github_tvdstaaij/telegram-history-dump/output/media/Garoa_Hacker_Clube_(Público)/download_5143353616202989577.pdf
[2017-07-13 20:14:06] Trabalhando com charlieplex
