[2017-01-18 00:26:49] Chelsea Manning to Be Released Early as Obama Commutes Sentence - NYTimes.com
https://mobile.nytimes.com/2017/01/17/us/politics/obama-commutes-bulk-of-chelsea-mannings-sentence.html
[2017-01-18 00:29:38] Agoravamos Ver que el Vai Fazer com Snowden
[2017-01-18 02:29:52] http://campuse.ro/challenges/full-stack-developer-apply-here/
[2017-01-18 07:42:14] Apóio!
[2017-01-18 07:45:17] Acho que nada
[2017-01-18 08:08:05] +1
[2017-01-18 08:24:12] Só pra avisar que o after party do cmc foi o melhor de todos.
[2017-01-18 08:33:42] 😂
[2017-01-18 08:34:36] Perdi... 😧
[2017-01-18 08:35:30] Nunca faltei, justo no que não deu para ir acontece essas coisas... Francamente!
[2017-01-18 08:51:10] document: /home/felipe/devel/github_tvdstaaij/telegram-history-dump/output/media/Garoa_Hacker_Clube_(Público)/download_753733448681652969.webp
[2017-01-18 08:52:01] document: /home/felipe/devel/github_tvdstaaij/telegram-history-dump/output/media/Garoa_Hacker_Clube_(Público)/download_422091437182550037.webp
[2017-01-18 09:35:00] Foram em mais algum lugar?
[2017-01-18 09:35:17] Eu tinha que levantar as 7 hoje...
[2017-01-18 09:35:40] Ou só no sukia?
[2017-01-18 09:37:28] A gente emendou a saída... cheguei em casa 3h
[2017-01-18 09:50:23] document: /home/felipe/devel/github_tvdstaaij/telegram-history-dump/output/media/Garoa_Hacker_Clube_(Público)/download_532578324115888830.mp4
[2017-01-18 10:04:20] Eu não fui, precisei sair antes da meia noite, senão o metrô iria se transformar em abóbora... 😔
[2017-01-18 10:21:02] photo: /home/felipe/devel/github_tvdstaaij/telegram-history-dump/output/media/Garoa_Hacker_Clube_(Público)/download_803735360_35658.jpg
[2017-01-18 10:21:07] (desculpa oda ❤️)
[2017-01-18 10:28:26] É não parece muito o sukia
[2017-01-18 10:29:24] Talvez o sukia tenha um speakeasy nos fundos
[2017-01-18 11:50:41] Ãlεxãnɔяε joined
[2017-01-18 11:50:42] Hi Ãlεxãnɔяε !
[2017-01-18 11:53:12] Txurma, onde é mais fácil acompanhar a agenda do GHC?
[2017-01-18 11:53:57] Aqui: https://garoa.net.br/wiki/P%C3%A1gina_principal
[2017-01-18 11:54:23] na página inicial tem nossa agenda
[2017-01-18 11:54:33] e lá ficam todas as atividades e horários reservados
[2017-01-18 12:01:44] E aí galera bom dia
[2017-01-18 12:01:44] Tudo bem com todos?
[2017-01-18 12:01:44] Descobri a garoa a algum tempo por indicação de um conhecido da faculdade mas nunca fui ao espaço
[2017-01-18 12:02:06] Acho que aqui será um bom grupo para troca de conhecimento pessoal meu
[2017-01-18 12:02:07] Valeu!
[2017-01-18 12:23:13] E a sala VIP do Sukiya
[2017-01-18 13:08:19] Caio joined
[2017-01-18 13:08:20] Hi Caio !
[2017-01-18 13:12:20] A entrada secreta é pelo banheiro
[2017-01-18 13:18:28] http://www.feynmanlectures.info/FLP_Original_Course_Notes/
[2017-01-18 13:19:33] @villares e @aylons
[2017-01-18 13:20:00] 👍👍
[2017-01-18 13:20:45] Tem algumas palavras dele filmadas que são bem massa
[2017-01-18 13:22:03] The Character of Physical Law acho incrível
[2017-01-18 13:30:38] Galera, vcs conhecem algum grupo aqui no Telegram sobre Kali?
[2017-01-18 13:57:43] up
[2017-01-18 13:59:11] ?...não saquei...😁
[2017-01-18 13:59:47] kkkkk tb me interesso
[2017-01-18 14:02:03] uahauhauha...ok ok
[2017-01-18 14:08:22] @kalibrasil
[2017-01-18 14:10:22] Valeu 👍
[2017-01-18 14:17:50] Opa só chegar num dia que tiver rolando algo quinta ou sexta são dias mais cheios
[2017-01-18 14:17:50] Entra no garoa.net.br e se intera da nossa agenda
[2017-01-18 15:20:52] Fechou! vou sim! criar uma rotina de ir..
[2017-01-18 15:36:54] Galera, vcs conhecem algum grupo aqui no Telegram sobre Arduíno/Raspberry Pi?
[2017-01-18 15:43:12] http://pt-br.lmgtfy.com/?q=grupo+arduino+telegram
[2017-01-18 15:48:56] uahauahuha
[2017-01-18 16:02:18] document: /home/felipe/devel/github_tvdstaaij/telegram-history-dump/output/media/Garoa_Hacker_Clube_(Público)/download_50945793963590116.webp
[2017-01-18 16:13:37] Hauahauauahaua a galera pira!
[2017-01-18 16:14:55] ;)
[2017-01-18 17:19:15] https://youtu.be/fbDTzhX1QQg
[2017-01-18 21:19:25] 3 e 4 de fevereiro: inauguração do Laboratório de Criatividade Alberto Fabiano https://garoa.net.br/wiki/Sala_Alberto_Fabiano
[2017-01-18 22:02:05] 3 e 4 Fevereiro
[2017-01-18 22:02:35] ahhhhhh!
[2017-01-18 22:03:07] editei, obrigado Allan!
[2017-01-18 22:03:18] (vou conferir os tweets...)
[2017-01-18 22:03:49] ufa, nos tweets eu acertei...
[2017-01-18 23:05:40] alguém q manja de enem e o fez recentemente, tá afim de ajudar um jovem fudido de nota?
[2017-01-18 23:05:42] HUSAUASHUSAUSAHUASHUAS
[2017-01-18 23:45:17] Qual é?
