[2017-12-20 00:42:49] Sim
[2017-12-20 00:43:20] Pelo menos foi o que falamos no CMC, correto @michaelhoward9?
[2017-12-20 01:30:35] CNC
[2017-12-20 07:57:32] Pessoal, vamos começar a implementar o Initial Beer Offering no garoa
[2017-12-20 07:57:38] Então quem quiser participar da implementação
[2017-12-20 07:57:40] https://t.me/joinchat/Cc8X5FBiS-rlbCBF1ZNHKg
[2017-12-20 07:58:03] Explica
[2017-12-20 07:59:22] Outra questão... essa quinta, algum associado anima  hacking & jazz?
[2017-12-20 08:03:01] Vai ser um token que as pessoas podem trocar pela cerveja que tiver na geladeira do garoa
[2017-12-20 08:03:29] E esse token serve para financiar as brassagens posteriores
[2017-12-20 08:03:31] O coletivo cervejeiro do garoa precisa de algum regimento para dar uma arrumada na casa
[2017-12-20 08:05:37] Concordo! Eu só estou me envolvendo na parte técnica da blockchain mesmo, não sei como a gente pode configurar as mecânicas de troca de tokens
[2017-12-20 08:07:50] Se a pessoa propoe uma brassagem, banca os insumos e depois não tem
Reposição, ai complica, o certo seria a reposicão (ao menos parcial), outra parte pro garoa e algumas garrafas a serem divididas entre os oficinantes/oficineiros.
[2017-12-20 08:10:21] O garoacoin poderá servir pra N coisas, trocas internas de serviços, acesso a eventos e outras ideias, só trampar em cima
[2017-12-20 08:12:14] Então inicialmente eu queria fazer para a cerveja que é um grupo menor e que a gente pode testar novas possibilidades, depois migrar para outras atividades do garoa
[2017-12-20 08:17:40] Eu começaria pela troca de serviços, mão de obra, vc manja fazer uma solda,
Eu manjo editar um video... ou até uma faxina (sendo associado)
[2017-12-20 08:19:57] Acho que qualquer teste é valido
[2017-12-20 08:46:39] Bom dia pessoal, em janeiro será lançado o "SantaLab". Espaço de criação Maker e afins no Sesc Sto Amaro
Com encontros semanais envolvendo conhecimento, networking e "engenhocas"
Não sei maiores detalhes ....
Qdo souber divulgo por aqui!
[2017-12-20 10:51:34] Mike Howard added Daiane Araujo
[2017-12-20 10:51:58] Oi Daiane, bem-vinda ao grupo do garoa
[2017-12-20 11:38:17] Pessoal quem pode me indicar um bom livro de criptografia
[2017-12-20 11:38:30] ?
[2017-12-20 11:43:06] Qual seu nível no assunto? Para qual finalidade quer aprender o assunto? Para quais línguas aceita sugestões?
[2017-12-20 11:50:40] Valeu por add :)
[2017-12-20 12:11:22] Applied Cryptography
[2017-12-20 12:11:56] Se tiver livro melhor, me indica
[2017-12-20 12:15:55] Já temos! Chama-se 'Real'...
[2017-12-20 12:22:29] Do schneier?
[2017-12-20 12:34:32] Yep
[2017-12-20 12:45:42] Meu nível é iniciante, vi pouco na faculdade
[2017-12-20 12:45:57] Tenho facilidade em português
[2017-12-20 12:46:32] Inglês sofro um pouco rsrs
[2017-12-20 12:47:36] Quero aprender por estudar segurança da informação
[2017-12-20 12:54:26] https://www.saraiva.com.br/o-livro-dos-codigos-466001.html
Parte de história, eu acho legal conhecer para entender melhor a cena toda e saber para onde vai a ciência.

Dois papers em pt-br sobre Curva Elíptica
https://impa.br/wp-content/uploads/2017/04/30CBM_08.pdf
http://ceseg.inf.ufpr.br/anais/2007/wticg/32553_1.pdf

Livro do Saladin, se quiser pegar bem mesmo, esse livro dura bastante até acabar com o conteúdo dele.
https://www.amazon.com/Criptografia-Para-Iniciantes-Salahoddin-Shokranian/dp/8539902753
[2017-12-20 13:02:38] Vou dar uma olhada
[2017-12-20 13:02:44] Valeu
[2017-12-20 14:25:55] Tem um na estante do garoa que é introdução a criptografia.. excelente livro
[2017-12-20 14:25:55] Esqueci meu carregador ontem no Garoa
[2017-12-20 14:25:55] 😅
[2017-12-20 14:26:14] Eu li "O Livro dos Códigos" de cabo a rabo em 8 dias. É **muito** bom !!!
[2017-12-20 15:44:55] Adorei tb o Simon Singh
[2017-12-20 16:53:51] Melhor começar uma antes que derrubem a neutralidade por aqui também
[2017-12-20 17:04:57] Esse é o livro da Novatec?
[2017-12-20 17:30:15] Boaaa associado... Já começou bem! Ahahhaha
[2017-12-20 17:31:12] Vai virar peças para o robô gigante
[2017-12-20 18:07:54] Hahaha é carregador de iPhone... Faça um bom aproveito
[2017-12-20 18:08:07] É sim
[2017-12-20 19:38:21] https://pbs.twimg.com/media/DRezf3DUEAAubA3.jpg:large
[2017-12-20 19:38:21] https://pbs.twimg.com/media/DRezf3BU8AASJRT.jpg:large
[2017-12-20 19:38:22] https://pbs.twimg.com/media/DRezf3EVAAAqm2s.jpg:large
[2017-12-20 20:00:47] alguém manja de bypass o incapsula para baixar páginas html?
[2017-12-20 20:08:35] document: /home/felipe/devel/github_garoa/Telegram_logs_Garoa_Hacker_Clube_Publico/media/Garoa_Hacker_Clube_(Público)/download_768994957837995721.webp
[2017-12-20 20:22:14] Geralmente é Country Block... Vai precisar de VPN ou TOR
[2017-12-20 20:50:14] e quando eu tento baixar mais de 6 paginas em seguida por trás de uma vpn? ahahah
[2017-12-20 20:51:21] Então deve estar fazendo algo MUITO errado
[2017-12-20 20:51:55] (Errado na forma como está fazendo. Não etica/moralmente falando)
[2017-12-20 20:52:19] to fazendo via curl
[2017-12-20 20:53:10] com header
[2017-12-20 20:53:23] Provavelmente não está usando User-agent para se passar por um browser nem colocando um wait entre reqs, né?
[2017-12-20 20:54:02] eu to colocando user agent
[2017-12-20 20:54:14] quanto de wait entre as requests?
[2017-12-20 20:54:34] 1 seg deve estar bom
[2017-12-20 20:54:54] mas seu IP já deve tá blaclistado essa altura do Campeonato
[2017-12-20 20:55:02] mesmo dentro de vpn?
[2017-12-20 20:55:03] troca de VPN
[2017-12-20 20:55:15] se não mudou IP, sim
[2017-12-20 20:55:19] tem vários address de vpn diferentes no serviço que eu to
[2017-12-20 20:55:24] sim
[2017-12-20 20:55:25] ok
[2017-12-20 20:55:41] qual a diferença de tcp e udp?
[2017-12-20 20:56:23] https://www.diffen.com/difference/TCP_vs_UDP
[2017-12-20 20:57:34] valeu cara!
[2017-12-20 21:07:07] nóis
[2017-12-20 21:15:11] Pessoal
Sou novo no grupo
Vocês têm interesse por blockchain?
[2017-12-20 21:15:57] Tem um arquivo interessante do CBInsights
[2017-12-20 21:16:01] Sim, tem um pessoal aqui que até manja um pouco.
[2017-12-20 21:16:02] Li hojr
[2017-12-20 21:16:12] Se quiserem posso compartilhar
[2017-12-20 21:17:52] CB-Insights_What-Is-Blockchain-Briefing
[2017-12-20 21:18:05] document: /home/felipe/devel/github_garoa/Telegram_logs_Garoa_Hacker_Clube_Publico/media/Garoa_Hacker_Clube_(Público)/download_5032936385049264157.pdf
[2017-12-20 21:18:08] Achei interessante
[2017-12-20 21:25:58] @fernandoGuisso é o cara do Bitcão e dos Bloquinhos em Corrente
[2017-12-20 21:32:51] Nao consegui abrir o arquivo. Qual é o  formato?
[2017-12-20 21:56:31] . Exe
Vai aparecer uns pop-ups, mas é normal do livro
😂
[2017-12-20 21:58:33] photo: /home/felipe/devel/github_garoa/Telegram_logs_Garoa_Hacker_Clube_Publico/media/Garoa_Hacker_Clube_(Público)/download_806118940_12238.jpg
[2017-12-20 21:58:44] Space X: 2002 vs 2017
[2017-12-20 22:02:42] rsrsrs
[2017-12-20 22:04:24] Formato Trojan/Win32.Shell
[2017-12-20 22:22:01] É... 15 anos faz uma diferença mesmo :-)
[2017-12-20 22:22:27] Leve diferença :)
[2017-12-20 22:23:34] Na 6a feira passada foi o 50.o lançamento de foguete da empresa. https://www.nasaspaceflight.com/2017/12/spacex-50-taming-falcon-1-achieving-cadence-falcon-9/
[2017-12-20 22:29:54] https://news.slashdot.org/story/17/12/20/1416249/bitcoins-rise-may-reflect-a-monumental-transfer-of-trust-from-human-institutions-backed-by-govt-to-systems-reliant-on-well-tested-code-says-tim-wu
[2017-12-20 23:54:34] Gente se alguém tiver achado/achar um carregador de note Hp no garoa deve ser meu eu esqueci sábado passado
[2017-12-20 23:57:00] Guarda pra mim em algum canto se alguém achar por favor
[2017-12-20 23:58:01] Eu vou viajar amanhã então nem vai dar pra mim pegar
