[2018-01-13 00:10:54] Hauahhaauhaha
[2018-01-13 09:16:08] Próxima semana, qual o melhor dia para ir lá no Garoa e bebermos algumas cervejas e jogar papo fora?
[2018-01-13 10:05:07] Falcon 9 Zuma launch composite photo shot by @bassfaceglenn
[2018-01-13 10:05:07] https://www.reddit.com/r/spacex/comments/7q2a44/falcon_9_zuma_launch_composite_photo_shot_by/?st=JCDB10IS&sh=d8faa18a
[2018-01-13 12:36:57] Semana que vem tem o CMC na terça e acho que sábado tem vai ter o envase das cervejas
[2018-01-13 13:13:51] Hahahhahaha
[2018-01-13 13:31:34] Quinta, eu diria
[2018-01-13 13:33:07] Fico até sexta à noite!
[2018-01-13 13:33:51] Por mim está fechado! Coisinha nossa como sempre... Beber umas e trocar umas ideias. A maldade sempre surge destes papos!
[2018-01-13 13:34:38] Já é
[2018-01-13 13:39:46] Por mim fechou!
[2018-01-13 13:39:53] A não ser que de treta...
[2018-01-13 13:40:12] Mas vou avisando! De qualquer forma devo pintar uns dois dias...
[2018-01-13 13:40:21] Me sinto em casa!
[2018-01-13 13:40:34] Quero uma carteirinha de membro honorário!!!
[2018-01-13 13:43:10] Isso ai é coisa de Nutella, aqui pra ser membro honorário tem q ter o cabelo 101% branco, não é mesmo @dquadros
[2018-01-13 13:50:47] Ou não ter cabelo (@anchisesbr)...
[2018-01-13 13:55:24] Qqr dia Nelsão! Só marcar
[2018-01-13 13:57:18] Ele ainda não é honorário justamente por causa disso kkk
[2018-01-13 13:58:04] não me atentei ao detalhe do honorário... My fault.
[2018-01-13 14:02:31] A gente raspa o cabelo do Brito, é isso?
[2018-01-13 14:04:17] Uhnnn, interessante a proposta
[2018-01-13 14:05:16] Terça tem CMC e a gente pode votar se esse critério conta como quesito para honorário
[2018-01-13 14:06:28] Opa! Quero minha carteirinha.
[2018-01-13 14:06:28] Cabelo tá indo... A barba é que não rola!
[2018-01-13 14:06:46] document: /home/felipe/devel/github_garoa/Telegram_logs_Garoa_Hacker_Clube_Publico/media/Garoa_Hacker_Clube_(Público)/download_1842540969984065.webp
[2018-01-13 14:07:18] Hahahahaha
[2018-01-13 14:08:04] To dentro! Só não confirmo agora... Perdi dois dias de férias... Chego segunda e vou ver como fica!
[2018-01-13 14:29:01] Já traz a maquininha kkk
[2018-01-13 14:29:32] Nem fu*****
[2018-01-13 14:51:15] A barba já é branca, mas vc pinta 😂
[2018-01-13 14:51:28] Obviamente
[2018-01-13 17:11:49] Luiz Roberto added Guilherme
[2018-01-13 17:19:01] Cite um programa para sintetização de ICs livre. 
Não dá para a galera começar a desenvolver um IC livre se o programa para sintetizar custa alguns muitos thousand dollars.
A gente precisa AVANÇAR MUITO na questão do Software Livre em relação aos programas mais avançados, atualmente não temos ou temos muito poucas coisas que façam simulações de elementos finitos.
[2018-01-13 17:19:25] Minha ultima pesquisa foi há 3 meses e não havia nenhum grupo open trabalhando em qualquer coisa do tipo.
[2018-01-13 17:19:38] photo: /home/felipe/devel/github_garoa/Telegram_logs_Garoa_Hacker_Clube_Publico/media/Garoa_Hacker_Clube_(Público)/download_806118201_24604.jpg
[2018-01-13 17:19:38] photo: /home/felipe/devel/github_garoa/Telegram_logs_Garoa_Hacker_Clube_Publico/media/Garoa_Hacker_Clube_(Público)/download_805512489_76187.jpg
[2018-01-13 17:19:50] photo: /home/felipe/devel/github_garoa/Telegram_logs_Garoa_Hacker_Clube_Publico/media/Garoa_Hacker_Clube_(Público)/download_804730676_89806.jpg
[2018-01-13 17:19:55] Senhores, hambúrguer nota 1000
[2018-01-13 17:20:12] Venho experimentar
[2018-01-13 17:20:18] *** venham
[2018-01-13 17:20:38] A brassagem ainda está rolando?
[2018-01-13 17:24:17] Se você gosta de acompanhar essas coisas, sugiro acompanhar o EOMA68 e o DragonBox Pyra.

O DragonBox Pyra não tem tanta preocupação em ser open quanto o EOMA68, mas é legal ver os updates do projeto para saber as dificuldades em fazer design de hardware.

Um update do EOMA68 que eu gostei bastante foi esse: https://www.crowdsupply.com/eoma68/micro-desktop/updates/keeping-100-ohms-hdmi-impedance-risc-v-64-bit-libre-soc-anyone
[2018-01-13 17:24:48] E completamente correto seu comentário de "tem que avançar muito"
[2018-01-13 17:25:20] Tem um amigo viciado em segurança, que chegou no ponto onde "não acredito em mais nada, software livre não faz sentido sem hardware livre", aí passou a usar Windows
[2018-01-13 17:25:26] Você consegue imaginar meu facepalm?
[2018-01-13 17:25:48] É tipo "agora, em vez de carregar só backdoor da Intel, eu vou carregar backdoor de todo mundo"
[2018-01-13 17:29:41] yep
[2018-01-13 17:30:36] photo: /home/felipe/devel/github_garoa/Telegram_logs_Garoa_Hacker_Clube_Publico/media/Garoa_Hacker_Clube_(Público)/download_804726462_91136.jpg
[2018-01-13 17:30:52] Eu infelizmente pela natureza do meu trampo tenho que usar Windows mas sinceramente meu sonho é poder ter um servidor em casa com Hypervisor para virtualizar absolutamente tudo. Depois de virtualizar tudo quanto é ambiente Linux que eu precisava comecei a viver bem mais feliz do que com Dual-Boot.
[2018-01-13 17:30:56] Dia 27 teremos uma Stout
[2018-01-13 17:31:14] O mais triste é não ter nem iniciativas!
[2018-01-13 17:36:17] A cor está bonita
[2018-01-13 18:04:02] Lição do dia: Não teste as coisas em produção https://www.engadget.com/2018/01/13/hawaii-missile-eas/?sr_source=Facebook
[2018-01-13 18:04:47] Acabei de ler... Chega a ser comédia!
[2018-01-13 20:04:42] Barril isso
[2018-01-13 20:48:19] Pessoal deixei um guarda chuva preto no Garoa.
[2018-01-13 21:07:33] O dia 28 de janeiro foi instituído, em 2006, como o Dia Internacional da Proteção de Dados Pessoais buscando conscientizar e espalhar conhecimentos acerca da privacidade e proteção de dados. Assim, devido a sugestão feita aqui no @encripta, a enquete abaixo foi criada para escolhermos o dia da reunião online em que decidiremos a(s) atividade(s) que faremos para marcar o dia!
A enquete será encerrada neste domingo (14) às 22h e o resultado será anunciado no grupo @encripta.
A reunião será feita via meet.jit.si

Link da enquete:https://dudle.inf.tu-dresden.de/privacidade_de_dados/
[2018-01-13 21:18:11] É o pessoal de Campinas?
