[2017-03-28 05:46:24] http://g1.globo.com/distrito-federal/noticia/dados-do-cartao-nacional-de-saude-vazam-na-web-ministerio-e-pf-apuram.ghtml?utm_source=twitter&utm_medium=share-bar-desktop&utm_campaign=share-bar
[2017-03-28 05:46:24] Dados pessoais no Brasil é um desastre
[2017-03-28 07:35:22] Eudyptula (um desafio de Linux) vai fechar, corram!! - Embarcados
https://www.embarcados.com.br/eudyptula-desafio-de-linux-vai-fechar/?utm_source=rss&utm_medium=rss&utm_campaign=eudyptula-desafio-de-linux-vai-fechar
[2017-03-28 09:15:13] A própria camada de poeira deve ter protegido as EPROMs... 😜
[2017-03-28 09:15:58] Sim, mas apenas em parte. Não tinha tanta poeira assim pra bloquear toda a luz ultra-violeta
[2017-03-28 09:16:35] acho que muito mais proteção foi resultado da placa provavelmente ter ficado no escuro dentro de um caixote de madeira (o gabinete do arcade)
[2017-03-28 09:16:56] aliás... há quem chame UV de "luz ultra violenta" ! HAHAHA
[2017-03-28 09:17:27] document: /home/felipe/devel/github_tvdstaaij/telegram-history-dump/output/media/Garoa_Hacker_Clube_(Público)/download_328774854541050096.webp
[2017-03-28 09:17:53] document: /home/felipe/devel/github_tvdstaaij/telegram-history-dump/output/media/Garoa_Hacker_Clube_(Público)/download_826459275206328370.webp
[2017-03-28 09:18:00] Por falar nisso, olha o que meu irmão achou:
http://www.olx.com.br/vi/320209620.htm
[2017-03-28 09:18:22] Acho que o KoF que você tem é o 96, né?
[2017-03-28 09:19:02] isso, kof96
[2017-03-28 09:23:41] Esse aqui inclui até uma placa de Neo Geo:
http://product.skina-app.com/products/GkarTZhAbS.
[2017-03-28 09:24:01] Também foi meu irmão quem achou...
[2017-03-28 13:49:32] photo: /home/felipe/devel/github_tvdstaaij/telegram-history-dump/output/media/Garoa_Hacker_Clube_(Público)/download_803111960_45294.jpg
[2017-03-28 13:49:37] Pra vocês que ficam fazendo daunloudi nas internets...
[2017-03-28 15:10:27] document: /home/felipe/devel/github_tvdstaaij/telegram-history-dump/output/media/Garoa_Hacker_Clube_(Público)/download_328774854541050098.webp
[2017-03-28 15:14:52] document: /home/felipe/devel/github_tvdstaaij/telegram-history-dump/output/media/Garoa_Hacker_Clube_(Público)/download_24991512752292565.webp
[2017-03-28 15:16:42] Just a moment...
http://iknowwhatyoudownload.com/
[2017-03-28 16:09:50] photo: /home/felipe/devel/github_tvdstaaij/telegram-history-dump/output/media/Garoa_Hacker_Clube_(Público)/download_803721934_96591.jpg
[2017-03-28 16:24:46] 404: Acidente não encontrado
[2017-03-28 17:16:42] N dias sem "acidentes com perda de tempo" ?!
[2017-03-28 17:17:18] Caso ocorra um acidente mas os funcionários, mesmo machucados, continuarem a trabalhar sem "perder tempo", tá de boa ?
[2017-03-28 17:19:49] As placas de Cipa são todas assim
[2017-03-28 17:20:05] É uma redação bem ruim...
[2017-03-28 17:20:16] Tempo é dinheiro ;-)
[2017-03-28 17:21:19] ++
[2017-03-28 18:49:16] yes!
[2017-03-28 19:40:20] O correto seria "com afastamento"
[2017-03-28 21:58:50] A máquina não pode parar (2015)
http://g1.globo.com/rio-de-janeiro/noticia/2015/07/supervia-admite-que-autorizou-trem-passar-sobre-corpo-de-homem-no-rio.html
[2017-03-28 22:16:59] 😳😱🙈
[2017-03-28 22:18:59] Economizam tempo até elaborando as placas para que as pessoas economizem tempo.
Não seria isso um desperdício recursivo de recursos?
