[2016-06-20 00:13:58] Gente, o pai do Danilo Vaz está em estado gravíssimo no hospital.
[2016-06-20 00:14:04] Precisa de doação de plaquetas...
[2016-06-20 00:14:25] quem puder ir até lá ou conhece alguém que possa... seguem os dados:
encontra-se internado na UTI do Hospital do Tatuapé, Zona Leste - SP, com septicemia (infecção generalizada), devido a infecção da vesícula biliar.
Necessita de doações de sangue para a retirada de plaquetas.
Quem puder ajudar eu agradeço.

Jose Roberto Bernardi Jr
Hospital Municipal do Tatuapé
(Hospital Municipal Dr Carmino Caricchio)
Av. Celso Garcia, 4815 - Tatuapé, São Paulo - SP, 03063-000
Tel: 2942-8094 / 3394-7081

Segunda a sábado das 8h às 13h (exceto feriado)

Doação de plaquetas por aférese é um processo no qual o sangue é retirado da veia do doador e as plaquetas são separadas e extraídas, através de um kit descartável, por uma máquina;

Informações:
 Colsan Associação Beneficente de Coleta de Sangue
[2016-06-20 00:54:11] Eu sou doadora de plaquetas por muitos anos, não consigo ir nesse horário, pois saio do serviço as 17hs, veja se lá existe outro horário
[2016-06-20 00:55:15] Estou à 15 dias de experiência no trabalho, se não fosse isso eu pediria para sair mais cedo
[2016-06-20 09:48:01] mgaldieri joined
[2016-06-20 10:18:30] Para quem gosta de obra: telhado do Sirius começou a ser instalado.
[2016-06-20 10:18:30] photo: /home/felipe/devel/github_tvdstaaij/telegram-history-dump/output/media/Garoa_Hacker_Clube_(Público)/download_803726790_10776.jpg
[2016-06-20 11:04:20] http://news.softpedia.com/news/intel-x86-cpus-come-with-a-secret-backdoor-that-nobody-can-touch-or-disable-505347.shtml
[2016-06-20 11:09:59] Parece que eles têm aos sábados, não sei se isso ajuda
[2016-06-20 11:14:48] Seria esse o motivo do repentino aumento nas ações a AMD?
http://br.investing.com/equities/adv-micro-device
[2016-06-20 11:56:29] Gente, eu fiz cotação de um appo com uma empresa de Marketing... olha que bonito o texto da proposta comercial:

"Aplicativo será desenvolvido através de tecnologias criadas pelo Google e mantida pelo MIT, Massachusetts Institute of Technology, mais importante Instituto de tecnologia do mundo"
[2016-06-20 11:56:39] Como cobrar caro por usar o app inventor hahaha
[2016-06-20 11:58:33] Vou tentar negociar pois meu trabalho é de segunda à sábado
[2016-06-20 11:58:46] Vlw, se pudesse a noite sairia e iria numa boa
[2016-06-20 11:59:01] hummm
[2016-06-20 12:03:41] ri alto
[2016-06-20 12:04:21] que bacana!
[2016-06-20 12:04:35] Temos uma mina de ouro em nossas salas de aula =)
[2016-06-20 12:04:57] 😎
[2016-06-20 12:06:08] Galera, sobre os horários para doação de sangue/plaquetas que rolou mais cedo aqui no grupo!
[2016-06-20 12:06:09] document: /home/felipe/devel/github_tvdstaaij/telegram-history-dump/output/media/Garoa_Hacker_Clube_(Público)/download_77232746161767097.ogg
[2016-06-20 12:09:02] Gente, repassando aqui link que recebi, parece bem interessante o programa https://cyber.law.harvard.edu/node/99493
[2016-06-20 12:10:51] photo: /home/felipe/devel/github_tvdstaaij/telegram-history-dump/output/media/Garoa_Hacker_Clube_(Público)/download_307667641491783818.webp
[2016-06-20 12:11:02] Bônus
[2016-06-20 12:35:49] 😊
[2016-06-20 12:49:34] Pediram R$10k no treco
[2016-06-20 12:58:18] faço por 5k
[2016-06-20 12:58:22] :P
[2016-06-20 13:01:27] document: /home/felipe/devel/github_tvdstaaij/telegram-history-dump/output/media/Garoa_Hacker_Clube_(Público)/download_307667641491783837.webp
[2016-06-20 13:05:41] mas é com tecnologia do mit?
[2016-06-20 13:06:02] document: /home/felipe/devel/github_tvdstaaij/telegram-history-dump/output/media/Garoa_Hacker_Clube_(Público)/download_422091437182550070.webp
[2016-06-20 13:06:09] se eu disser que sim, você me dá os 5k? :P
[2016-06-20 13:06:33] mudando de assunto, esse K Lars Lohn é um figura, não conhecia... youtu.be/bSfe5M_zG2s?list=PL9Up8IAAegBzHm8C5NprefqZKD0_U-gs6
[2016-06-20 13:10:14] Yumi, é aplicativo de quê?
[2016-06-20 13:11:39] De orçamento
[2016-06-20 13:11:52] Eu mesma estou fazendo... ficou biiiito
[2016-06-20 13:12:08] ❤️
[2016-06-20 13:12:10] 🤔
[2016-06-20 13:12:19] faturou os 10k pelo menos? :P
[2016-06-20 13:12:26] Vc vai se pagar 10 mil?
[2016-06-20 13:13:11] Assim já tenho uma base pro próximo que me perguntar 😁
[2016-06-20 13:20:24] Claro que não  Sairia do meu centro de custo
[2016-06-20 13:26:52] document
[2016-06-20 14:10:15] Descobri que o novo @CampusSaoPaulo do Google é, na verdade, cenário de novela da Globo!Tomadas instaladas sem energia elétrica e poucas mesas de trabalho .. #fail
[2016-06-20 14:21:02] É do Google, certamente é fake
[2016-06-20 14:25:50] Ainda não tive a sorte de pegar alguma tomada sem energia elétrica, mas poderiam ter tomadas próximos aos sofás, que é onde costumo ficar... uso aqueles suportes de metal para notebook...
[2016-06-20 14:27:48] Você que não soube usar: são tomadas bluetooth
[2016-06-20 14:32:25] É com tecnologia do MIT...
[2016-06-20 14:45:15] Acabei de chegar aqui, tomara que não dê essa sorte
[2016-06-20 14:46:24] Aqui fora tá funcionando, só não pode chover
[2016-06-20 14:46:48] Tá muito cheio hoje ?
[2016-06-20 14:47:48] E ai o WiFi parou de funcionar...
[2016-06-20 14:47:48] Até que não
[2016-06-20 14:49:58] Hoje saio do trabalho 16:40 e vou para aí @erickemi...
[2016-06-20 14:50:53] beleza, vou ficar até fechar aqui hj
[2016-06-20 15:00:24] Só funciona com Google Glasses...
[2016-06-20 15:11:36] só funcieona cuen google glasses...
[2016-06-20 15:11:54] o bot bem que podia ta aqui tb
[2016-06-20 15:13:05] /help@AuriumBot
[2016-06-20 15:13:42] Hahahaha... o @PortunholBot repete TODAS as mensagens...
[2016-06-20 15:21:14] #DICA
Minicurso de Git para iniciantes:
http://minicursogit.github.io
[2016-06-20 15:21:59] ele foi enxotado de outro grupo por causa disso =/
[2016-06-20 15:34:56] se mudar a chamada dele, ok
[2016-06-20 15:36:14] /help@AuriumBot
[2016-06-20 15:36:46] morreu
[2016-06-20 15:48:32] comemorar !!!!
[2016-06-20 15:48:46] document: /home/felipe/devel/github_tvdstaaij/telegram-history-dump/output/media/Garoa_Hacker_Clube_(Público)/download_532582902551021701.mp4
[2016-06-20 15:48:53] Hahahahaha...
[2016-06-20 15:51:44] document: /home/felipe/devel/github_tvdstaaij/telegram-history-dump/output/media/Garoa_Hacker_Clube_(Público)/download_802132398_101156.jpg
[2016-06-20 16:11:18] document: /home/felipe/devel/github_tvdstaaij/telegram-history-dump/output/media/Garoa_Hacker_Clube_(Público)/download_803730052_10773.jpg
[2016-06-20 16:24:26] É impressão minha? Ou parece a Millenium Falcon?
[2016-06-20 16:26:03] Nunca tinha visto por este ângulo. Quando estiver pronta, vai parecer menos.
[2016-06-20 16:49:09] photo: /home/felipe/devel/github_tvdstaaij/telegram-history-dump/output/media/Garoa_Hacker_Clube_(Público)/download_803731619_11157.jpg
[2016-06-20 16:51:04] Por falar em ganhar dinheiro... (fonte: epicentro2015.splashthat.com) #quemcurte #palestra
[2016-06-20 16:51:31] O Oda vai concordar comigo: Pra que outro SO se já existe Slackware?
[2016-06-20 16:52:08] no caso dele acho legal formatar o cerebro
[2016-06-20 16:52:14] quem sabe agora ele coloca algo que preste
[2016-06-20 16:57:01] photo: /home/felipe/devel/github_tvdstaaij/telegram-history-dump/output/media/Garoa_Hacker_Clube_(Público)/download_802132683_100796.jpg
[2016-06-20 16:57:02] Pai maker
[2016-06-20 16:58:05] nem pendrive ganhei do meu pai quando passei em matemática
[2016-06-20 16:58:19] ouvi só um "Coitadiiiiiinha" da minha avó
[2016-06-20 16:58:23] ganhar carro pq entrou em psicologia eh sacanagem...
[2016-06-20 16:58:33] so seria pior ganhar carro pq entrou em matematica
[2016-06-20 17:01:36] podiam parar logo com esse papo growth hacking
[2016-06-20 17:01:44] hacker ja siusa de moda
[2016-06-20 17:01:56] *saiu
[2016-06-20 17:02:24] meu pai disse que se eu passar na faculdade continuo ganhando abrigo e comida
[2016-06-20 17:02:26] nada mais
[2016-06-20 17:02:35] ja eh muita coisa
[2016-06-20 17:02:47] seu pai, na sua idade, provavelmente ja era capaz de se sustentar
[2016-06-20 17:06:21] Povo reclama de barriga cheia. Pra fazer faculdade eu tive que sair de casa, me virar pra arrumar lugar e me sustentar. E adorei fazer tudo isso.
[2016-06-20 17:08:47] a barriga cheia ele garante
[2016-06-20 17:12:38] pergunta se ele me adota
[2016-06-20 17:13:09] Pacote completo: lavo louça e bato no irmão mais novo!
[2016-06-20 18:14:13] Pessoal, sobre o curso de git. Quando vai ser mesmo ?
[2016-06-20 18:31:56] Também quero
Pagar aluguel é muito caro
[2016-06-20 18:35:42] Porta principal destrancada e cozinha em condição não muito excellent :/
[2016-06-20 18:35:49] Vai ser quarta-feira, às 20:00, no seguinte link:
https://plus.google.com/u/0/events/cn9sqr79dfotngr5acrjc1a2jcs
[2016-06-20 18:36:37] tem fotos ai?
[2016-06-20 18:36:45] pra anexar na próxima treta
[2016-06-20 18:53:52] Nah
[2016-06-20 18:54:02] Já dei um tapa aqui
[2016-06-20 18:54:26] document: /home/felipe/devel/github_tvdstaaij/telegram-history-dump/output/media/Garoa_Hacker_Clube_(Público)/download_439936725649719335.webp
[2016-06-20 20:19:50] Opa ja tem pauta ou eh uma conversa livre?
[2016-06-20 21:14:05]  joined
[2016-06-20 22:20:01] O Léo Biscassi preparou o hangout com o intuito de ajudar um amigo dele, que está interessado em aprender o básico da ferramenta Git, então decidiu deixar o convite aberto para todos que queiram participar.

Faz parte da corrente de colaboração que está sendo divulgada pelo Diego Garcia (@drgarcia1986), do GruPy-SP, que pode ser visto no link https://github.com/drgarcia1986/help-somebody.

A postagem original do convite está aqui:
https://groups.google.com/forum/#!topic/python-brasil/UCZhKSRFfR8
[2016-06-20 23:51:55] photo: /home/felipe/devel/github_tvdstaaij/telegram-history-dump/output/media/Garoa_Hacker_Clube_(Público)/download_15405485050036859.webp
