[2017-12-28 01:01:33] photo: /home/felipe/devel/github_garoa/Telegram_logs_Garoa_Hacker_Clube_Publico/media/Garoa_Hacker_Clube_(Público)/download_806119805_16663.jpg
[2017-12-28 01:02:05] acabei de ver o filme... muito bom
[2017-12-28 06:51:59] Conheço alguém pra indicar
[2017-12-28 06:52:04] Salve a todos
[2017-12-28 11:02:09] Grupo de Telegram para pessoas interessadas em prototipagem de hardware em FPGAs usando toolchains 100% livres https://t.me/joinchat/A9wycFJGfayB6GfGupHIeQ
[2017-12-28 12:10:32] document: /home/felipe/devel/github_garoa/Telegram_logs_Garoa_Hacker_Clube_Publico/media/Garoa_Hacker_Clube_(Público)/download_1068685509326275035.webp
[2017-12-28 12:10:51] Fala ai
[2017-12-28 12:15:50] Opa
[2017-12-28 12:23:15] https://golem.network/doc/Golemwhitepaper.pdf
[2017-12-28 12:53:41] Pessoal que quiser passar o ano novo no garoa
[2017-12-28 12:53:45] Ao pessoal que quer participar de nosso reveillon garoano, entre no grupo: https://t.me/joinchat/Cc8X5Etv0OYyY7sT6UxirA
[2017-12-28 13:02:34] Pedro Fernandes joined
[2017-12-28 13:12:04] Vitor Teixeira joined
[2017-12-28 13:21:55] Marcio Ramalho joined
[2017-12-28 13:28:04] Alguém vai no garoa hoje a noite?
[2017-12-28 13:29:20] Tiago #01010100 joined
[2017-12-28 13:36:17] Falcon Heavy is going vertical for the first time at pad 39A at the Kennedy Space Center.
https://twitter.com/SpaceflightNow/status/946389869378588672

Submitted December 28, 2017 at 03:40PM by ketivab
via reddit http://ift.tt/2C2gpzM
[2017-12-28 13:44:21] https://twitter.com/SpaceflightNow/status/946394663509995521
[2017-12-28 13:51:55] Fabio Maua joined
[2017-12-28 13:55:49] posso ir abrir la
[2017-12-28 13:55:52] tu vai?
[2017-12-28 13:56:50] https://spaceflightnow.com/2017/12/28/time-lapse-video-falcon-heavy-goes-vertical/
[2017-12-28 14:03:52] Cabral joined
[2017-12-28 14:24:30] Q filme?
[2017-12-28 14:30:07] Hugo Yamaguti joined
[2017-12-28 14:32:42] https://motherboard.vice.com/pt_br/article/ezbjn7/fundador-do-pirate-bay-declara-eu-desisti
[2017-12-28 14:54:38] Vou as 19!!!
[2017-12-28 15:05:57] Erick Tauil joined
[2017-12-28 15:16:06] https://spectrum.ieee.org/semiconductors/devices/the-high-school-student-whos-building-his-own-integrated-circuits
[2017-12-28 15:29:41] NameLess joined
[2017-12-28 15:30:35] opa, star wars o último jedi
[2017-12-28 15:41:36] Tb curti 😁👍
[2017-12-28 15:42:14] document: /home/felipe/devel/github_garoa/Telegram_logs_Garoa_Hacker_Clube_Publico/media/Garoa_Hacker_Clube_(Público)/download_785832625502683914.webp
[2017-12-28 18:08:38] document: /home/felipe/devel/github_garoa/Telegram_logs_Garoa_Hacker_Clube_Publico/media/Garoa_Hacker_Clube_(Público)/download_1842540969984016.webp
[2017-12-28 18:34:06] Ricardo Iramar joined
[2017-12-28 19:02:57] Ricardo Tavares joined
[2017-12-28 19:05:28] Salve mestre
[2017-12-28 19:06:21] Opa! É um prazer está no grupo com vocês. Espero colaborar 😉
[2017-12-28 19:11:32] Salve Ricardo!
[2017-12-28 19:11:47] Wellington Vita joined
[2017-12-28 19:12:38] 👍🏻
[2017-12-28 19:12:52] Bem-vindos também Ricardo Iramar e Wellington Vita :)
[2017-12-28 19:19:45] Nessa mesma linha, tem um curso de nanofabricacao sendo oferecido no Coursera.
https://www.coursera.org/learn/nanotechnology/
[2017-12-28 19:30:26] Qro comprar um raspberry Pi
Qual modelo vcs indicam?
E Loja/site?
[2017-12-28 19:34:26] filipe flop
[2017-12-28 19:35:25] @Gutemhc ve com ele talvez tenha para venda...
[2017-12-28 19:36:20] Vi q tem vários modelos....
[2017-12-28 19:37:20] Qual aplicacao quer dar pro Rasp?
[2017-12-28 19:46:48] Projetos caseiros mesmo
[2017-12-28 19:46:57] Nada Comercial
[2017-12-28 19:51:09] Eu sugiro buscar o projeto e ver qual é o mais apropriado. Se quer um genérico, o Raspberry Pi 2 ou o Raspberry Pi 3.
[2017-12-28 20:15:24] Marcelo Guido joined
[2017-12-28 20:41:57] Pedro Bezerra joined
[2017-12-28 20:45:34] Falai Galera, Pedro Bezerra no grupo 👍😁
[2017-12-28 20:47:15] Interessados em desenvolver Inteligência Artificial para GRC é só chamar 🤓👍
[2017-12-28 20:52:50] photo: /home/felipe/devel/github_garoa/Telegram_logs_Garoa_Hacker_Clube_Publico/media/Garoa_Hacker_Clube_(Público)/download_804722656_103546.jpg
[2017-12-28 20:57:24] É um grupo para práticas presenciais ou gente de fora de São Paulo pode participar?
[2017-12-28 21:23:40] vai de pi3 que já tem wifi e bluetooth. o zero w tem tb, mas não tem as portas e pinos do 3
[2017-12-28 21:28:28] Nelson Brito joined
[2017-12-28 21:37:03] Vi que o Garoa tá aberto, quem tá aí pretende ficar por quanto tempo? Só pra eu saber se dá tempo de passar aí
[2017-12-28 21:48:35] A rapaziada do cft vai colar no sabado?
[2017-12-28 22:09:24] [Alexandre Villares
banned Eugene Vox]
[2017-12-28 22:09:43] Bem-vindo Nelson!
[2017-12-28 22:10:53] Cadê vocês aqui no Garoa para beber uma?
[2017-12-28 22:12:38] Eita
[2017-12-28 22:12:47] :((
[2017-12-28 22:13:30] Ramalho até me intimou mas eu não pude ir :O
[2017-12-28 22:13:49] Seus mequetrefes! Estamos aqui bebendo a vera...
[2017-12-28 22:17:05] Fui pela primeira vez no Garoa hoje (meta de 2017, hehehe) e confere, a breja ta rolando!! Ah, 2018 já vou me planejar para estar mais presente.
[2017-12-28 22:17:12] Hj to bebendo em casa , amanha ou sabado dependendo do movimento, apareço no garoa
[2017-12-28 22:18:29]  joined
[2017-12-28 22:19:49] Acho que apareço aí se der tempo
[2017-12-28 22:27:06] https://media.ccc.de/v/34c3-9064-the_ultimate_apollo_guidance_computer_talk
[2017-12-28 22:31:12] document: /home/felipe/devel/github_garoa/Telegram_logs_Garoa_Hacker_Clube_Publico/media/Garoa_Hacker_Clube_(Público)/download_5057692112686940177.ogg
[2017-12-28 22:38:32] Eu moro longe uai, se avisassem antes, tem que passar um checklist etilico etc
[2017-12-28 23:00:01] Paulo Almeida joined
[2017-12-28 23:17:02] Samuel Riesz joined
[2017-12-28 23:31:42] Oppaaa esse sábado não, começaremos a atividade no dia 6 de Janeiro
[2017-12-28 23:41:39] document: /home/felipe/devel/github_garoa/Telegram_logs_Garoa_Hacker_Clube_Publico/media/Garoa_Hacker_Clube_(Público)/download_150229821346022351.webp
