[2016-06-23 00:00:25] pode ser
[2016-06-23 00:00:38] eu to um pouco ocupado agora com uma coisa mais importante
[2016-06-23 00:00:48] mas amanhã eu posso mandar um email pra vc
[2016-06-23 00:36:52] Beleza. Me diz o que precisa que eu vejo no que posso ajudar
[2016-06-23 00:37:06] Ler esquemático é reconhecer padrões.
[2016-06-23 00:45:16] Acabou esse horário mesmo
[2016-06-23 10:25:18] exato! E disso a gente manja :-D
[2016-06-23 10:25:46] o laptop é um DELL VOSTRO 3560
[2016-06-23 10:26:14] e o que eu preciso é identificar por onde caminha o sinal de áudio capturado do microfone
[2016-06-23 10:26:29] e se passa por algum conector entre PCBs ou se eu teria que cortar trilha de PCB
[2016-06-23 12:02:17] Felipe "Juca" Sanches added Mike Howard
[2016-06-23 12:04:36] ola
[2016-06-23 12:07:51] numero de mensagens na lista do garoa esta reduzindo
[2016-06-23 12:10:46] hora de botar um bot aqui que loga no nosso site as conversas
[2016-06-23 12:11:48] parecido com o arquivo público de conversas que já temos na lista de emails
[2016-06-23 12:19:44] O professor Guido Stolfi comprou um cabeçote de leitora de fita perfurada e botou pra funcionar. Ele me avisou ontem e mandou uma foto por email. Vamos começara digitalizar o acervo de software do Patinho Feio!
[2016-06-23 12:20:31] photo: /home/felipe/devel/github_tvdstaaij/telegram-history-dump/output/media/Garoa_Hacker_Clube_(Público)/download_803703951_49166.jpg
[2016-06-23 13:02:35] Que legal!!
[2016-06-23 13:02:57] E como vai o projeto Juca? Já tem algum fio nele?
[2016-06-23 13:46:17] Só LED, só LED!
[2016-06-23 13:47:55] photo: /home/felipe/devel/github_tvdstaaij/telegram-history-dump/output/media/Garoa_Hacker_Clube_(Público)/download_802207923_105044.jpg
[2016-06-23 14:36:56] Hahahaha...
[2016-06-23 14:37:29] document
[2016-06-23 18:44:08] estou indo no garoa hoje mais tarde, devo estar lá umas 20h
[2016-06-23 18:49:14] O Mike e o Agaelebe estão lá...
[2016-06-23 18:50:00] bonito
[2016-06-23 18:52:08] Eu não vou conseguir ir
[2016-06-23 18:52:31] (eu vou porque lá tem estação de solda... :p )
[2016-06-23 18:56:24] ótima ideia!
