[2016-07-14 00:00:02] Parabéns pela iniciativa, Mike.
[2016-07-14 10:05:25] ICMC abre concurso para Livre-Docente nas áreas de Computação e Matemática. Em São Carlos. Ninguém perguntou, eu que quis falar. Bom dia.
[2016-07-14 11:01:39] http://m.gizmodo.uol.com.br/codigo-fonte-apollo-11-piadas/
[2016-07-14 11:35:13] Que legal. Tem muitos matemáticos no Garoa
[2016-07-14 11:40:57] Acho que não no nível de livre docente kkk
[2016-07-14 11:42:27] Vamos fazer umas brincadeiras pela usp pra chamar gente pro Garoa? É  tao pertinho
[2016-07-14 11:42:52] credo, esse povo da USP não presta
[2016-07-14 11:42:57] Uns cartazes com piadas hacker
[2016-07-14 11:43:12] 😋
[2016-07-14 11:43:21] E quando eles chegarem, fazemos o que com eles?
[2016-07-14 11:43:26] Desafios de algum tipo
[2016-07-14 11:43:52] Trata igual todomundo
[2016-07-14 11:43:59] Recebe mal
[2016-07-14 11:44:07] Faz chacota
[2016-07-14 11:44:14] Chama de japonês
[2016-07-14 11:44:49] Eu posso colocar o material que for preparado na USP Leste
[2016-07-14 11:45:29] Temos um grupo de arduíno, outro de desenvolvimento web, outro de game dev
[2016-07-14 11:45:43] Alguém vai se interessar por lá
[2016-07-14 11:46:15] Oferece pizza e cerveja
[2016-07-14 11:47:12] Mais uns robôs quebrados
[2016-07-14 11:47:22] O ehal vai rolar um dia no ccsl
[2016-07-14 11:47:52] Duas boas idéias
[2016-07-14 11:48:52] É no ime ainda?
[2016-07-14 11:49:32] Ccsl? Claro
[2016-07-14 11:49:40] Na USP as coisas não mudam
[2016-07-14 12:23:46] Preciso ver o logo...
[2016-07-14 12:27:50] document
[2016-07-14 12:51:43] Esse é o logo?
[2016-07-14 12:52:00] Do ehal?
[2016-07-14 13:05:50] Chuck norris de logo!
[2016-07-14 13:22:12] Software livre? ou balas?
[2016-07-14 13:51:56] É igual a campanha contra dvd pirata
[2016-07-14 13:59:27] IoT: Projeto Open Source facilita comunicação entre você e a sua torradeira elétrica. #FISL17 

http://softwarelivre.org/fisl17/noticias/iot-projeto-open-source-facilita-comunicacao-entre-voce-e-a-sua-torradeira-eletrica
[2016-07-14 14:01:14] Que pena, não será desta vez que aprenderei a falar torradeirês...
[2016-07-14 14:04:33] o que roda na ponta?
[2016-07-14 14:04:45] digo, na torradeira?
[2016-07-14 14:13:40] <infame>Um módulo Toradex?</infame>
[2016-07-14 14:14:04] document: /home/felipe/devel/github_tvdstaaij/telegram-history-dump/output/media/Garoa_Hacker_Clube_(Público)/download_15405485050037102.webp
[2016-07-14 14:16:48] Estou em uma palestra "PostgreSQL + Python + Telegram Bot"...
[2016-07-14 15:25:39] document: /home/felipe/devel/github_tvdstaaij/telegram-history-dump/output/media/Garoa_Hacker_Clube_(Público)/download_15405485050036726.webp
[2016-07-14 15:25:59] Sticker aleatorio enviado poir interface lagada.
[2016-07-14 15:26:32] Eu achei que você estava se encaminhando para livre docencia, Oda.
[2016-07-14 15:35:35] alguns acham que ter um orientado de doutorado eh suficiente para livre docencia
[2016-07-14 15:35:41] acho meio bizarro isso...
[2016-07-14 15:36:29] no momento nao penso em livre docencia, nao sei nem se num futuro distante
[2016-07-14 15:42:07] o termo "livre" da livre docência é uma ilusão
[2016-07-14 15:50:14] alguem vai na conversa de arte e tecnologia no centro cultural vergueiro?
[2016-07-14 16:50:02] Estou no escritório... num saio daqui antes das 23h
[2016-07-14 18:04:14] É livre docente?
[2016-07-14 18:38:55] Mike, hoje não vai rolar pra mim :( trabalhos pra entregar amanhã.
[2016-07-14 18:48:25] Dia de entreter visitas aqui
[2016-07-14 18:49:59] Hoje à tarde trabalhei com a Monica nas atividades de Processing com Arduino que vamos fazer no dia 26/7
[2016-07-14 18:50:48] photo: /home/felipe/devel/github_tvdstaaij/telegram-history-dump/output/media/Garoa_Hacker_Clube_(Público)/download_803703555_56656.jpg
[2016-07-14 18:51:46] e este material vai servir de base pro "Pong com potenciômetro" que vamos fazer no Hackerspace Intinerante do Garoa (Redes e Ruas)
[2016-07-14 19:01:07] amei
[2016-07-14 19:01:19] Nice
[2016-07-14 19:02:00] Da hora...
[2016-07-14 19:51:52] @eduoda tem página do EHAL?
[2016-07-14 19:51:58] não achei
[2016-07-14 19:54:09] photo: /home/felipe/devel/github_tvdstaaij/telegram-history-dump/output/media/Garoa_Hacker_Clube_(Público)/download_803701197_56885.jpg
[2016-07-14 19:54:19] vocês curtem?
[2016-07-14 19:55:45] (o conceito, pelo menos?)
[2016-07-14 20:01:34] (pensei em fazer uns furos dentro do 'e' e do 'a' como se fosse poder soldar um componente)
[2016-07-14 20:18:04] photo: /home/felipe/devel/github_tvdstaaij/telegram-history-dump/output/media/Garoa_Hacker_Clube_(Público)/download_802609232_108544.jpg
[2016-07-14 20:27:13] Galera hacker, tenho uma dúvida, dá para aproveitar aqueles porta retrato digital para alguma coisa? Display para usar com rasp essas coisas? Serve para algo? Tenho 2 aqui e são inúteis queria saber se rola hackear eles
[2016-07-14 20:28:07] photo: /home/felipe/devel/github_tvdstaaij/telegram-history-dump/output/media/Garoa_Hacker_Clube_(Público)/download_803730444_19402.jpg
[2016-07-14 20:28:37] Será que se desmontar essa parada consigo adaptar um cabo VGA ou algo assim?
[2016-07-14 20:43:08] photo: /home/felipe/devel/github_tvdstaaij/telegram-history-dump/output/media/Garoa_Hacker_Clube_(Público)/download_803731685_19424.jpg
[2016-07-14 20:50:15] Humm... Gostei da proposta original e concordo que ela deveria evoluir para algo que representasse uma peça sendo montada, mas não gostei das duas seguintes.
[2016-07-14 20:52:35] https://hardwareaberto.org/e-hal/
[2016-07-14 20:53:56] hmmm, então é e-hal / e-HAL?
[2016-07-14 20:54:53] O negócio é novo, o nome acabou de ser definido, tem várias grafias ainda. Pode colocar o que achar melhor.
[2016-07-14 20:55:26] tio Alberto ia ficar orgulhoso ; )
[2016-07-14 20:56:19] Umas ideias para ajudar: peças mecânicas são hardware também, pode pegar inspiração nelas, não só eletrônica. Footprints de componentes seguem alguns padrões que são bem reconhecíveis, também pode servir de inspiração.
[2016-07-14 20:56:37] 👍👍
[2016-07-14 20:56:38] Pode pegar uns PCB layout também e dar uma olhada.
[2016-07-14 20:58:36] https://goo.gl/images/Yf6Zq1
[2016-07-14 20:58:47] Hum, Deixa eu melhorar isto
[2016-07-14 20:59:24] é, trilhas de PCB
[2016-07-14 20:59:30] photo: /home/felipe/devel/github_tvdstaaij/telegram-history-dump/output/media/Garoa_Hacker_Clube_(Público)/download_803717584_55821.jpg
[2016-07-14 20:59:45] são bonitas sim
[2016-07-14 21:00:33] vou ter que pensar melhor, sei que vocês tem pressa, mas acho que só no final de semana
[2016-07-14 21:00:40] photo: /home/felipe/devel/github_tvdstaaij/telegram-history-dump/output/media/Garoa_Hacker_Clube_(Público)/download_803716906_55886.jpg
[2016-07-14 21:00:43] photo: /home/felipe/devel/github_tvdstaaij/telegram-history-dump/output/media/Garoa_Hacker_Clube_(Público)/download_803731203_19852.jpg
[2016-07-14 21:00:43] photo: /home/felipe/devel/github_tvdstaaij/telegram-history-dump/output/media/Garoa_Hacker_Clube_(Público)/download_802232532_110002.jpg
[2016-07-14 21:00:57] Tudo bem, todos aqui somos voluntários :c)
[2016-07-14 21:01:12] Estou só querendo dar subsídios para ajudar
[2016-07-14 21:01:24] nessa última variante que você não curtiu muito pensei no lance do círculo furado, você acha que melhoraria?
[2016-07-14 21:01:35] Ajudando muito
[2016-07-14 21:01:44] Sem a trilha saindo, é difícil reconhecer a via
[2016-07-14 21:02:10] Vias também costumam mudar a cor da trilha, já que muda a camada
[2016-07-14 21:02:48] era pra ser um recorte em close, um lance mínimo, mas entendo que o lance da via é muito forte
[2016-07-14 21:03:19] e os desvios formam um padrão bem bonito que podia ser aproveitado mesmo
[2016-07-14 21:04:53] quero ver se acho uma fonte em outline (existe até Garoa Outline acho) que pode me facilitar o lance das vias paralelas
[2016-07-14 21:05:05] Sim
[2016-07-14 21:06:37] ah, esses dias postaram aqui:
[2016-07-14 21:06:40] photo: /home/felipe/devel/github_tvdstaaij/telegram-history-dump/output/media/Garoa_Hacker_Clube_(Público)/download_702415139_113229.jpg
[2016-07-14 21:06:40] photo: /home/felipe/devel/github_tvdstaaij/telegram-history-dump/output/media/Garoa_Hacker_Clube_(Público)/download_803718525_56459.jpg
[2016-07-14 21:06:41] photo: /home/felipe/devel/github_tvdstaaij/telegram-history-dump/output/media/Garoa_Hacker_Clube_(Público)/download_803730462_18673.jpg
[2016-07-14 21:06:42] photo: /home/felipe/devel/github_tvdstaaij/telegram-history-dump/output/media/Garoa_Hacker_Clube_(Público)/download_803726887_19407.jpg
[2016-07-14 21:06:43] photo: /home/felipe/devel/github_tvdstaaij/telegram-history-dump/output/media/Garoa_Hacker_Clube_(Público)/download_803717396_56606.jpg
[2016-07-14 21:06:47] Esquemáticos, como outra inspiração
[2016-07-14 21:07:22] Viu como vias e fanout deixam a ideia facilmente reconhecível?
[2016-07-14 21:07:44] (fanout são as trilhas saindo de um footprint)
[2016-07-14 21:08:08] 👍👍
[2016-07-14 21:08:19] Legal, vou dar uma estudada!
[2016-07-14 21:08:24] Abração @aylons
[2016-07-14 21:08:44] Abração
[2016-07-14 21:08:47] Obrigado!
[2016-07-14 21:10:58] photo: /home/felipe/devel/github_tvdstaaij/telegram-history-dump/output/media/Garoa_Hacker_Clube_(Público)/download_803732239_19416.jpg
[2016-07-14 21:11:02] Lembrei agora desta camiseta
[2016-07-14 22:11:57] 👍
[2016-07-14 23:04:50] O Ale também trabalha... Rsrsrs
[2016-07-14 23:05:04] photo: /home/felipe/devel/github_tvdstaaij/telegram-history-dump/output/media/Garoa_Hacker_Clube_(Público)/download_55490225845045086.png
[2016-07-14 23:06:01] Quero ver a placa com potenciômetros do Thiago
