[2017-06-20 09:03:34] ainda não
[2017-06-20 09:03:47] mas são para fins acadêmicos e de exploração
[2017-06-20 09:29:00] Luiz Aragaki joined
[2017-06-20 09:29:00] Hi Luiz !
[2017-06-20 10:24:36] Alguem, aqui presente, conhece fornecedor e instalador de Painel Solar?
[2017-06-20 10:34:32] Conheço lá da minha terra, por incrivel q pareça, lá faz mt sol, então tem
[2017-06-20 10:37:14] http://ecobrasilsolar.com/
[2017-06-20 10:59:58] Tks, anyway...
[2017-06-20 11:23:14] photo: /home/felipe/devel/github_tvdstaaij/telegram-history-dump/output/media/Garoa_Hacker_Clube_(Público)/download_804206555_75490.jpg
[2017-06-20 11:23:39] Terça 27/6 no Garoa tem Noite de Processing!
[2017-06-20 11:24:03] https://garoa.net.br/wiki/Noite_de_Processing
[2017-06-20 11:55:44] Meu pai fez o próprio em casa.
[2017-06-20 11:56:23] Fotovoltaico?
[2017-06-20 11:56:59] ele fez os paineis para aquecimento de água
[2017-06-20 11:57:34] Legal
[2017-06-20 11:57:57] Que tipo de cano ele usou?
[2017-06-20 12:01:02] cobre
[2017-06-20 12:01:25] e colocou alguma coisa condutiva na tinta do painel ao invés de apenas espelhos
[2017-06-20 12:02:05] Ele foi cotar com uma empresa e viu que precisaria de 12 painéis solares pra casa, daí ele se revoltou e fez o dele com apenas 2 pra mesma quantidade de água quente
[2017-06-20 12:02:39] Legal, muito bom
[2017-06-20 12:03:00] Tem reservatório tbm?
[2017-06-20 12:09:28] sim
[2017-06-20 12:10:42] E qto tempo segura a agua quente, vc sabe?
[2017-06-20 12:15:52] Sobre painéis fotovoltaicos
[2017-06-20 12:16:31] No YouTube encontrei um cabra ensinando a fazer em casa com células xingling
[2017-06-20 12:20:28] Eu sei montar o Painel e tudo mais... Mas, nesse momento, comprar célula, frame de aluminio e montar, tá saindo mais caro que comprar pronto...
[2017-06-20 12:21:00] Esqueci de especificar que é fotovoltaico... rs
[2017-06-20 12:22:59] Comparação interessante
[2017-06-20 12:25:44] No momento o tiozão ta podendo contrar serviço Nutella
[2017-06-20 12:32:05] meu pai tinha planejado um e começou o projeto mas nao acabou
[2017-06-20 12:32:44] Não é serviço Nutella, é uma Conta Simples: 
Pagar um pouco a mais e ter algo instalado, funcionando e com garantia.
Ou economizar o custo de algumas Cervejas e cotar o preço das peças separadas, importar da China com perigo de ser taxado e algumas virem quebradas ou não funcionando, mais o tempo/mão de obra, que não tenho, pra montar e instalar...
[2017-06-20 12:33:13] A grande sacada é: o estoque nacional, na marioria dos casos, foi comprado antes do aumento do Dolar e os preços não subiram
[2017-06-20 12:35:21] Me identifico! rs
[2017-06-20 12:37:54] Gutem, da ultima vez que fiz os cálculos nao valia a pena instalar, eu iria levar 8 anos pra empatar o investimentos
[2017-06-20 12:38:41] Quer retorno rápido? Investe na Bolsa! heheheh
[2017-06-20 12:39:00] O seu ainda tá rápido... geralmente é 10+
[2017-06-20 12:39:10] sendo que a média é 12, pelo que vi
[2017-06-20 13:10:13] Foi isso que fiz e com o lucro pago a conta de luz e ainda sobra pro preiteixon
[2017-06-20 13:32:40] hauahuahaua
[2017-06-20 13:33:09] No meu caso é: To montando um "DC" em casa, então, minha conta de Luz vai de 100 > 600
[2017-06-20 13:33:16] 3 anos tá pago o investimento
[2017-06-20 14:41:58] 100 > 600? Está falando do que, valor da conta ou consumo em kwh?
[2017-06-20 14:42:37] valor de conta
[2017-06-20 14:54:35] de 100 pra 600? Não entendi. Ele quis dizer 100 pra 60?
[2017-06-20 14:55:27] ou de 600 reais para 100 reais (por ano ?)
[2017-06-20 14:59:07] Valor da conta... Hj gasto R$100/mês. Colocando o Server e a Rig, 24/7, iria para R$600/mês
[2017-06-20 15:04:40] Caraca. Que server/rig é esse?
[2017-06-20 15:05:23] 1 Server com fonte redundante e 1 Rig de 800W
[2017-06-20 15:05:27] Vc está mineirando litecoin ou aquelas outras criptomoedas que são resistentes a ASICs?
[2017-06-20 15:06:29] pq? quer entrar de investidor? rs
[2017-06-20 15:12:01] Coloca isso na Amazon cara. kkkk
[2017-06-20 15:12:24] se de$$e pra colocar na amazon ele já tinha colocado kkkkk
[2017-06-20 15:12:27] Não vale a pena... vai sair BEM mais caro lá
[2017-06-20 15:23:16] photo: /home/felipe/devel/github_tvdstaaij/telegram-history-dump/output/media/Garoa_Hacker_Clube_(Público)/download_803115548_73670.jpg
[2017-06-20 15:23:22] congratulations
[2017-06-20 15:48:07] Soltei uma piadinha ai, ninguém pegou, easter egg
[2017-06-20 15:52:20] 500, 20 ativos 10 faz alguma coisa
[2017-06-20 15:55:00] se remover do grupo arbitrariamente um por dia de forma aleatória, vai levar cerca de 6 meses até alguém reclamar hahahahaha
[2017-06-20 15:55:45] é
[2017-06-20 15:55:52] (é claro que não faremos esse experimento)
[2017-06-20 15:56:43] Pq não? Seria legal.
[2017-06-20 15:56:53] :-P
[2017-06-20 15:57:15] Acho que poderia rolar uma aposta e o dinheiro revertido para o Garoa
[2017-06-20 15:57:17] Hehehe
[2017-06-20 15:57:34] photo: /home/felipe/devel/github_tvdstaaij/telegram-history-dump/output/media/Garoa_Hacker_Clube_(Público)/download_804740207_44934.jpg
[2017-06-20 15:57:34] photo: /home/felipe/devel/github_tvdstaaij/telegram-history-dump/output/media/Garoa_Hacker_Clube_(Público)/download_803721249_143604.jpg
[2017-06-20 15:57:34] photo: /home/felipe/devel/github_tvdstaaij/telegram-history-dump/output/media/Garoa_Hacker_Clube_(Público)/download_803110674_95339.jpg
[2017-06-20 15:57:35] photo: /home/felipe/devel/github_tvdstaaij/telegram-history-dump/output/media/Garoa_Hacker_Clube_(Público)/download_803118549_73625.jpg
[2017-06-20 15:57:35] photo: /home/felipe/devel/github_tvdstaaij/telegram-history-dump/output/media/Garoa_Hacker_Clube_(Público)/download_803735545_122738.jpg
[2017-06-20 15:57:39] candidatos do ano passado
[2017-06-20 15:57:51] ops tirando o elias
[2017-06-20 15:57:52] o problema que vejo aqui no telegram é dificuldade para achar as respostas quando voce pede uma ajuda. como eu nao tenho tempo para ficar olhando as mensagens  durante o dia, a noite fica meio pesado ver, sao mais ou menos 1.000 mensagens por dia
[2017-06-20 15:57:52] auehaue
[2017-06-20 15:58:15] só usar a busca ou pedir pra mandar PM pra vc
[2017-06-20 15:58:33] a questao eh que todo mundo usa whats app e nao desgruda
[2017-06-20 15:58:36] pq tem memes
[2017-06-20 15:58:40] ja fiz algumas vezes e nada. acho mais pratico na lista do Garoa
[2017-06-20 15:58:43] e negao do zapzap
[2017-06-20 15:58:52] de fato a lista eh melhor
[2017-06-20 15:58:55] mas coisas rapidas
[2017-06-20 15:58:56] eh aqui
[2017-06-20 15:59:04] E video de gemido
[2017-06-20 15:59:23] audio de gemido
[2017-06-20 15:59:54] https://www.youtube.com/watch?v=F7L1GmYnzEM
[2017-06-20 15:59:56] mas nem whatsapp nem telegram aqui no trabalho é liberado. enchem o saco se ficamos mais que 2 minutos com o celular na mao
[2017-06-20 16:01:57] isso é, encheção de saco do gemido e do negão já deu... falta de originalidade do pessoal
[2017-06-20 16:36:25] eles pegaram a lista daqui:
https://diybio.org/local/
[2017-06-20 17:03:01] Alguém falou que não houve continuidade nessa atividade. Será que não seria o caso de remover dessa lista? A não ser que tenha alguém disposto à dar continuidade à ela. :P
[2017-06-20 17:03:58] Aliás, esse é um problema que vejo quando temos "listas" espalhadas por alguns lugares: muitos dos dados sempre estão desatualizados
[2017-06-20 17:05:59] Há muitas atividades no Garoa que continuam, param e voltam. A própria wiki inclui não só o biohacking na categoria de coisas que estão documentadas como atividades mas que não acontecem faz tempo ou só esporádicamente.
[2017-06-20 17:06:46] eu fazia as atividades de biohacking mas fiquei sem tempo pra fazer com regularidade, mas sempre organizo esporadicamente alguma coisa
[2017-06-20 17:07:56] Entendi. Bom, a publicação pode ser o estopim para o retorno do biohacking no Garoa! Quem sabe não se encontra voluntários né? ;)
[2017-06-20 17:08:13] Eu gostaria. Mas, infelizmente, a universidade toma todo meu tempo
[2017-06-20 17:08:38] Sinto saudades de aparecer por aí para trocar idéias com o pessoal
[2017-06-20 17:09:35] estou juntando coisas a algum tempo pra fazer um workshop de cultura de bactérias DIY, com duas ordens de grandeza mais baratas e com uma qualidade muito próxima dos meios de cultivo profissionais
[2017-06-20 17:10:35] acho que não acontecem muitos eventos de biohacking no Garoa porque a massa crítica é mais interessada em programação e eletrônica; são rolês razoavelmente diferentes
[2017-06-20 17:11:57] Vai ter palestra sobre biohacking em julho!
Estamos voltando...aos poucos!
[2017-06-20 17:13:14] tava pensando em fazer uma "BATTLE OF SUBAQUERA - QUEM COME QUEM" pra saber qual subaquera de duas vai sobrejupar a outra quando colocadas para crescer numa placa de petri
[2017-06-20 17:13:41] aí de quebra dá pra compartilhar uns conhecimentos bem fundamentais de cultivo de microrganismos
[2017-06-20 17:14:32] Boa tarde. Respondendo muitos de uma vez só: tento participar o máximo que posso mas está complicado, estou trabalhando pesado de madrugada e faz tempo que não vou ao espaço do Garoa, gostaria de participar mais, faz meses que minha vida está uma montanha russa...
[2017-06-20 17:20:00] Tem bots que te mostram quando alguém da reply nas suas mensagens
[2017-06-20 17:25:11] dá o link ou o caminho qnd for explicar algo
[2017-06-20 17:25:30] google.com
[2017-06-20 17:25:42] pesquisa ai entao
[2017-06-20 17:28:50] Acho q, como os demais eventos, a galera para de frenquentar o evento por estar um pouco mais dificil de entender, solução é os primeiros meses ter uma palestra de introdução, q seja a mesma, pra galera n desanimar.
Depois fixar um dia pelo menos no mês pra ter o evento.
Isso to falando qualquer evento no Garoa, é o q ando vendo nesses ultimos meses
[2017-06-20 17:31:36] http://bfy.tw/CTgJ
[2017-06-20 17:40:17] Essa ideia de "introdução e desenvolvimento" de qualquer coisa feita é complicada. Acho que um dos desafios do Garoa é como fazer atividades hacker sem ter que criar "cursos" para as pessoas fazerem qualquer coisa. É algo bom, mas não é parte do propósito dum hackerspace.
[2017-06-20 17:41:34] Tá entendi, mas já vi mt gente deixando de ir em atividade pq a parte prática tava mt acima do nível de um recém curioso no assunto
[2017-06-20 17:41:40] isso assume que o mesmo grupo de pessoas que vai participar num tempo "t" vai ser o mesmo grupo que vai continuar no "t++" - isso sem mencionar pessoas X que aparecem em momentos "t+n"
[2017-06-20 17:42:13] é isso q separa os adultos das crianças! 😂 (brinks)
[2017-06-20 17:43:43] É isso q separa um atividade virar regular de um atividade virar esporádica, poucos adultos e nenhum adolescente pra tocar a atividade
[2017-06-20 17:44:57] Só uma sugestão tb, hackerspace é isso aí, livre pra fazer ou não fazer
[2017-06-20 17:59:19] Estamos mais "não fazendo", então... Hehehe
[2017-06-20 18:09:41] document: /home/felipe/devel/github_tvdstaaij/telegram-history-dump/output/media/Garoa_Hacker_Clube_(Público)/download_41149003626184919.webp
[2017-06-20 18:44:10] Essa é aquela discussão de termos um monte de gente que manja muito, mais que no final só mostra Hello word.
[2017-06-20 20:52:03] photo: /home/felipe/devel/github_tvdstaaij/telegram-history-dump/output/media/Garoa_Hacker_Clube_(Público)/download_803118603_73972.jpg
[2017-06-20 20:52:37] @tilt4
[2017-06-20 20:53:36] af
[2017-06-20 20:53:39] aheuaehaueuaueahuea
[2017-06-20 20:54:46] a mensagem é pros maker feira
[2017-06-20 20:56:22] ainda bem que nao fui no cmc
[2017-06-20 21:05:38] document: /home/felipe/devel/github_tvdstaaij/telegram-history-dump/output/media/Garoa_Hacker_Clube_(Público)/download_1527281080443338828.webp
[2017-06-20 21:06:32] document: /home/felipe/devel/github_tvdstaaij/telegram-history-dump/output/media/Garoa_Hacker_Clube_(Público)/download_120138932577894469.webp
[2017-06-20 21:08:45] @MasterTagAlertBot
[2017-06-20 21:15:14] document: /home/felipe/devel/github_tvdstaaij/telegram-history-dump/output/media/Garoa_Hacker_Clube_(Público)/download_694481660414001257.webp
[2017-06-20 21:22:50] husahusauhsauhsauhashuhusa
[2017-06-20 22:54:26] naofo.de está de volta: http://naofode.partidopirata.org

Esta ferramenta serve para compartilhar conteúdo sem dar clickback e pagerank para o site original. Bom pra compartilhar notícias de sites sem dar ibope pros veículos.

Cole um link no gerador e compartilhe o link gerado pelo naofode.partidopirata.org, que é um 'print' da página.

Também está acessível pelo link com certificado SSL Let's Encrypt:  https://naofode.partidopirata.org

Quem quiser e puder colaborar com o projeto, veja https://github.com/piratas/gti/issues/64
[2017-06-20 22:54:27] ERROR
[2017-06-20 22:54:47] pega o último link da mensagem que nem o telegram faz que vai dar
[2017-06-20 23:12:12] document: /home/felipe/devel/github_tvdstaaij/telegram-history-dump/output/media/Garoa_Hacker_Clube_(Público)/download_246108729936707762.webp
[2017-06-20 23:25:43] galera, alguem recomenda um gerenciador de senhas?
[2017-06-20 23:26:27] document: /home/felipe/devel/github_tvdstaaij/telegram-history-dump/output/media/Garoa_Hacker_Clube_(Público)/download_5080249551508471814
[2017-06-20 23:28:38] keepass2
[2017-06-20 23:31:19] Uso o enpass
Multi plataforma e sincroniza com meu drive
[2017-06-20 23:50:08] Keepass
