[2017-10-02 02:46:14] Wagner Marcelo joined
[2017-10-02 09:00:34] aí eu já num manjo muito sobre mecânica quântica...qq pegou de estar mal escrito?
[2017-10-02 09:20:04] Zap joined
[2017-10-02 10:44:05] não precisa. O mal escrito é o português, mesmo
[2017-10-02 11:04:17] Verdade. Tive a impressão de que alguma parte foi (mal) traduzida e colada no meio do texto ou algo assim. Não consegui entender direito por causa disso
[2017-10-02 11:18:37] a gizmodo Brasil só traduz os artigos da matriz
[2017-10-02 11:37:30] pois é... eles só fazem isso e o fazem porcamente. Muito porcamente!
[2017-10-02 11:38:27] se jogassem no Google Translate sairia melhor provavelmente
[2017-10-02 12:10:08] Ahh entendi. Faz sentido.
[2017-10-02 12:52:52] Leonardo joined
[2017-10-02 14:06:43] Economia na tradução. Dar para  qualquer um fazer baseado no preço.
[2017-10-02 15:09:00] Koj32 joined
[2017-10-02 16:23:02] 😂
[2017-10-02 16:24:22] Cobertura da WarpMax (WarpZone + Revista Animax) que rolou em São Caetano do Sul - SP no dia 24/09 e teve consoles rolando altos jogos no evento!
Parte 1: https://m.youtube.com/watch?v=kjjGlslx1NE
Parte 2: https://m.youtube.com/watch?v=ENrLb8YAYzw
Contamos com a presença de todos no próximo evento!
[2017-10-02 17:21:02] https://garoa.net.br/wiki/Pwn2Win_no_Garoa_2017
[2017-10-02 20:13:26] Cunhada aqui está pedindo ideias de como fazer um projetor de sombras, alguém já fez?
[2017-10-02 20:14:01] teatro de sombras?
[2017-10-02 20:15:35] Algum desenvolvedor pleno/sênior querendo trabalhar em Florianópolis?
[2017-10-02 20:17:54] Tem alguma restrição sobre falar de vagas aqui? Sry
[2017-10-02 20:18:15] pode falar
[2017-10-02 20:20:06] É uma empresa que está crescendo muito, com ótimos benefícios, fica na ilha de floripa, pra início ASAP, se tiver algum interessado pode chamar no pvt :)
[2017-10-02 20:20:25] fala o que a pessoa precisa ser
[2017-10-02 20:20:39] desenvolvedor de que?
[2017-10-02 20:20:46] Não importa a linguagem
[2017-10-02 20:20:50] Hahaahah
[2017-10-02 20:21:28] Só ter boa lógica e experiências com arquiteturas modernas, microservices preferencialmente
[2017-10-02 20:21:46] Se posso indicar, troca uma ideia com Gabriel Gilini
[2017-10-02 20:22:07] Po, vou procurar sim
[2017-10-02 20:22:09] Obrigado
[2017-10-02 20:22:41] O cara era sócio da produtora que trabalhei em SP e agora tá em SC
[2017-10-02 20:23:11] Achei ele aqui, parece ter um perfil legal
[2017-10-02 20:23:16] Obrigado mesmo :)
[2017-10-02 20:23:21] Np
