[2017-01-26 00:03:18] http://www.consultaesic.cgu.gov.br/busca/dados/Lists/Pedido/Attachments/511766/RESPOSTA_PEDIDO_99923_001299_2016-41%20ANEXO%20Resp.pdf
[2017-01-26 00:04:05] pesquisando descobri que este é o primeiro passo
[2017-01-26 00:04:07] o segundo é este:
[2017-01-26 00:04:17] photo: /home/felipe/devel/github_tvdstaaij/telegram-history-dump/output/media/Garoa_Hacker_Clube_(Público)/download_803721542_65175.jpg
[2017-01-26 00:29:36] Valeu Breno, no caso dele quem assumirá o prejuízo será a loja que enviou a encomenda... ele é quem está em Niterói...
[2017-01-26 01:12:22] https://www.youtube.com/watch?v=l7tyJGC0n4M
[2017-01-26 08:33:44] Bom dia galera.
Gostaria de ver com os responsáveis do Garoa para marcar uma reunião/discussão ou encontro sobre questão de segurança e canal de denúncias referente aos famosos roubos de dados e como os famosos CC, contas netflix e afins...
[2017-01-26 08:34:26] Isso é uma coisa que venho analisando a algum tempo em grupos do whats e gostaria de fazer algo, o que acham?
[2017-01-26 08:36:54] Também não sei se existe algum projeto ou canal que trabalhe com isso
[2017-01-26 08:57:23] O seguro não cobre isso?
[2017-01-26 09:00:09] Tem uns frameworks agora usados em campanhas de phishing q parecem ser interessantes
[2017-01-26 09:00:34] Tipo para usar na própria empresa
[2017-01-26 09:45:14] A gente já tem um encontro sobre segurança, agora se vc quiser levar um tema, recomendo ir um dia nesses encontros e conversar com o @Gutemhc q é o organizador. https://garoa.net.br/wiki/Quebrando_o_Cerco
[2017-01-26 09:45:50] Antecipe.com
[2017-01-26 10:09:19] http://bairros.net.br/video/147-enem-2016-1-questao-resolvida-um-adolescente-vai-a-um-parque-de-diversoes-matematica/q04drCUqSe0/nova-londrina/ariquemes/rondonia
[2017-01-26 10:19:44] Como sou OpenSource-nazi, vou usar o Phishing Frenzy aqui no trampo.
https://www.phishingfrenzy.com/
[2017-01-26 10:19:58] BTW: Um bom projeto para mandar uns Pull Requests
[2017-01-26 10:30:59] esse antecipe é aberto??
[2017-01-26 10:31:10] os que eu tava falando sao uns opensource.. tem no git la
[2017-01-26 10:35:30] isso ae Gutem
[2017-01-26 10:35:37] tem o gophisher tb..
[2017-01-26 10:50:16] Dei uma olhada no GoPhiser tbm
[2017-01-26 10:50:54] Mas manjo mais de Ruby que Go, para poder ajudar o projeto... rs
[2017-01-26 11:03:01] Erin
[2017-01-26 11:03:50] Vi vídeo tatuagem condutiva, que medo, kkkkk
[2017-01-26 11:06:21] https://youtu.be/15V7_oiGLMI
[2017-01-26 11:11:03] Show, mas nunca nem passei perto do Ruby é no momento tô commitando no stack MERN né, um projetinho aí pra aprender melhor React, mongo, API blueprint, TDD e essas coisas😁
[2017-01-26 11:12:54] Faz bem!
[2017-01-26 11:13:15] BTW: Talvez trocar o React pelo Vue seja mais jogo... #FicaDica
[2017-01-26 11:19:17] Eita preula, agora q vc fala hehe
[2017-01-26 11:19:21] Mas vamo la
[2017-01-26 11:20:34] @fernandoGuisso ta lento
[2017-01-26 11:20:38] corre mano
[2017-01-26 11:20:42] sai dessa vida de interior ai
[2017-01-26 11:23:49] Lento, eu? Vish, imagina se eu tivesse na capitar
[2017-01-26 11:30:09] O malhete será batido hoje, provavelmente
[2017-01-26 11:40:15] Olokooooo
[2017-01-26 11:40:16] Pessoal, bom dia.
Sou novo aqui e gostaria de participar do quebrando o cerco no sábado, qual será o tema deste encontro?!
Obrigado.
[2017-01-26 11:46:13] Olá,
nesse nosso 4º QoC faremos revisão do que vimos no ano passado, em parte pelo novos integrantes do nosso Grupo de Estudos que se juntaram a nós após o nosso ultimo encontro, que foram as Palestras/Apresentações.

Passarei, brevemente, pelas Normas, Legislação, Google Hacking, Whois, Transferencia de Zona em DNS e abordarei o uso do Maltego, uma ferramenta que vem no Kali que automatiza o processo de Information Gathering.

Para tanto, preci que venham com o Kali instalado ou em uma Máquina Virtual, ou com o Maltego instalado no seu Sistema Operacional atual.

Abraços,
- Gutem
[2017-01-26 11:52:56] Muito obrigado!
[2017-01-26 12:07:09] Scientists at a research and development company called Draper are using genetic engineering and optoelectronics to turn dragonflies into cybernetic insects, reports IEEE Spectrum. To control the dragonflies, Draper engineers are genetically modifying the nervous system of the insects so they can respond to pulses of light. The goal of the project, called DragonflEye, is enabling insects to carry scientific payloads or conduct surveillance.
[2017-01-26 12:07:26] https://tech.slashdot.org/story/17/01/26/0557258/dragonfleye-project-wants-to-turn-insects-into-cyborg-drones
[2017-01-26 12:14:23] "Isso é muito Black Mirror"
[2017-01-26 13:01:32] Chuva matou a energia por aqui
[2017-01-26 13:03:35] 😬😬😬
[2017-01-26 13:03:54] Use gerador nuclear
[2017-01-26 13:04:01] Ehheheeheh
[2017-01-26 13:14:12] Está mais para gerador movido a energia animal, tipo uma mula
[2017-01-26 13:19:26] Kkkkkkkkkk
[2017-01-26 14:12:39] Ademilson (M3-SP) joined
[2017-01-26 14:12:40] Hi Ademilson !
[2017-01-26 14:30:59] Voltando ao assunto de Phishing, @fernandoGuisso e @anarcoder : mais uma plataforma, dessa vez em PHP
https://github.com/Raikia/FiercePhish
[2017-01-26 14:31:00] Raikia | FiercePhish

FiercePhish is a full-fledged phishing framework to manage all phishing engagements.  It allows you to track separate phishing campaigns, schedule sending of emails, and much more.

Language: PHP
Forks: 45
Stars: 403
Issues: 16
[2017-01-26 14:31:26] ALgo em node?
[2017-01-26 14:31:34] ou eu vou ter q fazer hehe
[2017-01-26 14:31:47] Acho que teremos que fazer
[2017-01-26 14:32:10] Fexo, faremos então
[2017-01-26 15:09:30] Quem mais está sem energia?
[2017-01-26 15:20:51] por incrível que pareça, até a hora que eu saí de casa, tudo normal na vila mariana
[2017-01-26 15:21:08] onde cai a energia toda vez que alguém espirra
[2017-01-26 15:48:19] Garoa está com energia...
[2017-01-26 15:48:25] document: /home/felipe/devel/github_tvdstaaij/telegram-history-dump/output/media/Garoa_Hacker_Clube_(Público)/download_826459275206328402.webp
[2017-01-26 18:20:35] tenso assim?! ou so um pouco. de exagero? hahahhaha
[2017-01-26 18:20:57] to de mudança pra sp,saber esse tipo de coisa é bao pra recolher lugar...
[2017-01-26 18:21:22] na minha rua cai bastante, e a minha rua fica na vila mariana
[2017-01-26 18:21:24] sample of one
[2017-01-26 18:31:57] na Fradique Coutinho sempre que começa a chover, a energia elétrica dá uma sacolejada. E é bem comum cair de vez e só voltar depois de algo entre 15 minutos e 1 ou 2 horas
[2017-01-26 18:32:31] Nunca faltou luz nos jardins
[2017-01-26 18:33:41] ...defina "luz", nunca" e "os jardins" 😉
[2017-01-26 18:35:29] Energia elétrica doméstica na região preenchida entre av Paulista,  av Brigadeiro Faria Lima, Av Reboucas e Av Brigadeiro Luiz Antônio
[2017-01-26 18:35:46] beleza!
[2017-01-26 18:35:50] e "nunca" ?!
[2017-01-26 19:03:50] Está na hora de aprofundar o debate ético na Ciência.
[2017-01-26 20:40:49] Marcelo Bradaschia joined
[2017-01-26 20:40:49] Hi Marcelo !
[2017-01-26 21:25:07] Tchal tchal react http://element.eleme.io/#/en-US @Gutemhc
[2017-01-26 21:29:20] Ja vao matar o react?
[2017-01-26 21:29:23] Q porra
[2017-01-26 21:30:00] Ta foda ser programador Javascript
[2017-01-26 21:30:11] 4 a 5 frameworks novos por dia
[2017-01-26 21:35:15] Tchau tchau React! Bem vindo Vue.JS!
[2017-01-26 22:44:33] photo: /home/felipe/devel/github_tvdstaaij/telegram-history-dump/output/media/Garoa_Hacker_Clube_(Público)/download_803709163_35342.jpg
[2017-01-26 23:07:55] putz, foda, eu começo falar de Js pra minas e elas me deixam no vacuo, pq sera?
[2017-01-26 23:10:37] Tente falar sobre o Garoa e sobre como o espaço é incrível 😊 (é sério! tô falando sério)
[2017-01-26 23:27:18] verdade, diz o @tilt4 que funciona bem, alias, já até vi a tatica funcionar, vou mudar minha estrategia
[2017-01-26 23:43:00] Corre com nóis que cê num cansa, Guisso! #PodePá
[2017-01-26 23:49:30] É, tenho mt a aprender com esses hackudo, só nas engenharia social hauahau
[2017-01-26 23:59:01] @fernandoGuisso o problema não é assunto..
[2017-01-26 23:59:37] Tu só tem que ser mais firme mais interessado e menos afeminado
