[2016-08-30 00:16:43] Putz, viajei no tempo, achei que a conversa estava frenética ao vivo, mas era coisa de 4 de agosto. 🙄
[2016-08-30 01:27:03] https://www.youtube.com/watch?v=gDXWo70xVwA
[2016-08-30 01:36:50] :O Realmente então é gigante! Logo passo perto pra ver como tá! :)
[2016-08-30 01:37:06] Fica perto
[2016-08-30 08:32:12] Pessoal, domingo, dia 11 de Setembro, o @rg3915 fará um Mini Curso de Python para Iniciantes com a NetCoders:
http://meetu.ps/e/BYhX5/1YzYC/f

Quem estiver interessado, inscreva-se no Meetup e, no dia, leve 1 Kg de alimento não perecível que será doado para instituições de caridade...
[2016-08-30 08:49:58] pessoal to precisando montar um servidor irc em casa ou no meu celular pra estudar melhor programacao voltada ao cliente de irc....minha duvida é conseguir q apartir da internet pessoas acessem meu servidor irc.....vai precisar de servidor dns ....e  se precisar serei obrigado a pagar??????
[2016-08-30 08:52:15] ja fiz isso uma vez com camera ip....usei o noip mas como farei usando um servico de irc...a camera é um dispositivo fisico......tenho duvidas....se alguem puder me da uma luz agracedo a ajuda
[2016-08-30 09:03:13] você não precisa pagar nada pra ter um servidor em casa
[2016-08-30 09:03:54] você não precisa montar um servidor dns pra ter um servidor irc.. aliás não tem muita coisa a ver com outra
[2016-08-30 09:04:34] acho que você está confundindo servidor com hostname.. servidor DNS é o que resolde o hostname a um ip
[2016-08-30 09:06:56] você consegue um DDNS gratuito com o no-ip
[2016-08-30 09:07:25] mas ter um hostname apontando para o seu ip não garante pessoas conseguirem conectar à sua máquina
[2016-08-30 09:07:49] o que condiz a isso são as portas até a sua máquina estarem abertas ou não
[2016-08-30 09:08:00] isso vai do isp até o último roteador até a máquina
[2016-08-30 09:14:36] como eu disse tenho duvidas e muitas....posso te adicionar erin  e  contar com sua ajuda se possivel???
[2016-08-30 09:15:07] nunca foi de mexer no irc....so como usuario comum
[2016-08-30 09:51:50] Os servidores da API para bots do Telegram estão sofrendo ataques DDoS nesse exato momento, lentidões poderão ocorrer em vários serviços envolvendo bots.
[2016-08-30 09:57:33] Quem faz dos não tem mae
[2016-08-30 10:45:48] And it's up again. All good! Be sure to ping bot support if you're still having issues.

Stay tuned for cool updates coming very soon!
[2016-08-30 10:59:04] Depende de uma dmz ou porta aberta
[2016-08-30 11:30:15] Fala pro Tim Paterson :P
[2016-08-30 11:35:44] Alguém manja de google maps aí? Estou montando uma lista de endereços e não consigo fazer esse troço levar uma tabela
[2016-08-30 11:53:10] Levar?
[2016-08-30 11:53:49] Tente Google Fusion Tables, ela põe no mapa (geocode reverso)
[2016-08-30 12:03:10] Marcelo Campos está no Telegram? Ele colocou um evento com data inválida no site... metadesign sexta dia 19
[2016-08-30 12:03:25] Dia 19 é segunda
[2016-08-30 12:03:31] Sexta é 16
[2016-08-30 12:03:38] Precisava ver isso
[2016-08-30 15:36:46] photo: /home/felipe/devel/github_tvdstaaij/telegram-history-dump/output/media/Garoa_Hacker_Clube_(Público)/download_803711790_85726.jpg
[2016-08-30 15:47:14] Ficaram bonitas, você fez aonde?
[2016-08-30 16:22:29] ryndack!
[2016-08-30 16:23:34] photo: /home/felipe/devel/github_tvdstaaij/telegram-history-dump/output/media/Garoa_Hacker_Clube_(Público)/download_803718331_84303.jpg
[2016-08-30 16:23:44] 65 as 10 placas
[2016-08-30 16:24:22] bao, hein? tem das coloridinhas?
[2016-08-30 16:24:58] ele faz camada dupla com máscara também, só não faz furos metalizados
[2016-08-30 16:25:07] ah e silk
[2016-08-30 16:25:22] mas eu pedi camada simples sem nada mesmo
[2016-08-30 16:25:25] humm
[2016-08-30 16:25:26] entendi
[2016-08-30 17:04:48] que legal
[2016-08-30 17:05:02] vc é engenheira eletrônica, @mynameiserin ?
[2016-08-30 17:05:05] :)
[2016-08-30 17:08:09] meu cargo oficial é feiticeira tecnológica
[2016-08-30 17:08:28] photo: /home/felipe/devel/github_tvdstaaij/telegram-history-dump/output/media/Garoa_Hacker_Clube_(Público)/download_803707601_85635.jpg
[2016-08-30 17:08:32] photo: /home/felipe/devel/github_tvdstaaij/telegram-history-dump/output/media/Garoa_Hacker_Clube_(Público)/download_803703814_86121.jpg
[2016-08-30 17:58:02] Erin, você fez falta no encontro de segunda
[2016-08-30 17:58:33] (a atividade nova agitada pelo Carril)
[2016-08-30 17:58:52] vai ter novamente daqui duas semanas
[2016-08-30 18:02:44] ☺️👍🏼
[2016-08-30 18:13:14] para tudo
[2016-08-30 18:13:17] https://www.youtube.com/watch?v=bnYoP7Ayo6I
[2016-08-30 18:42:19] dsclp, com faculdade, trabalho e tomar conta da minha vó, eu fico sem energia pra extracurriculares fora de casa
[2016-08-30 18:44:57] @fsanches vai ter "CPU do zero" hoje?
[2016-08-30 18:45:04] photo: /home/felipe/devel/github_tvdstaaij/telegram-history-dump/output/media/Garoa_Hacker_Clube_(Público)/download_803703634_85522.jpg
[2016-08-30 18:45:25] populada e despopulada
[2016-08-30 18:47:09] desculpa o spam, eu jogo no telegram como uma forma de nuvem rápida :p única coisa que roda bem no milestone 2
[2016-08-30 18:48:08] spam nada, muito legal ;)
[2016-08-30 18:48:15] SIM!!!!
[2016-08-30 18:48:49] Sempre!
[2016-08-30 18:57:07] O footprint do alfinete ficou bom?
[2016-08-30 18:58:03] um pouco fino, mas deu certo!
[2016-08-30 18:58:31] Vou fazer uma nova versão, então
[2016-08-30 18:59:10] photo: /home/felipe/devel/github_tvdstaaij/telegram-history-dump/output/media/Garoa_Hacker_Clube_(Público)/download_803705345_85369.jpg
[2016-08-30 18:59:42] o problema é que se ele fosse mais grosso não caberia entre os botões
[2016-08-30 18:59:49] assim está bom
[2016-08-30 19:07:39] Vou fazer mais largo, com um espaçamento no meio
[2016-08-30 19:17:16] Já estou inscrita 😉
[2016-08-30 19:28:42] q daora
[2016-08-30 19:28:59] @mynameiserin comprei uma matriz dessa hj
[2016-08-30 19:45:12] A solda da direita está meio estranha. Vou tentar melhorar um pouco
[2016-08-30 20:04:21] Pessoal, Novatec está com 30% de desconto em livros de Python, usem o seguinte código:
PYTHON30
[2016-08-30 20:18:34] photo: /home/felipe/devel/github_tvdstaaij/telegram-history-dump/output/media/Garoa_Hacker_Clube_(Público)/download_803701211_85021.jpg
[2016-08-30 20:18:37] photo: /home/felipe/devel/github_tvdstaaij/telegram-history-dump/output/media/Garoa_Hacker_Clube_(Público)/download_803705563_84410.jpg
[2016-08-30 20:18:40] photo: /home/felipe/devel/github_tvdstaaij/telegram-history-dump/output/media/Garoa_Hacker_Clube_(Público)/download_803717343_84587.jpg
[2016-08-30 20:18:41] photo: /home/felipe/devel/github_tvdstaaij/telegram-history-dump/output/media/Garoa_Hacker_Clube_(Público)/download_803707295_85697.jpg
[2016-08-30 20:19:25] Noite de Processing com Airton Gaidys falando sobre Visão Computacional
[2016-08-30 20:19:37] photo: /home/felipe/devel/github_tvdstaaij/telegram-history-dump/output/media/Garoa_Hacker_Clube_(Público)/download_803701957_84403.jpg
[2016-08-30 20:19:44] Acho q o windows bugou
[2016-08-30 20:21:43] 😂
[2016-08-30 20:27:09] alguem poderia indicar um tutorial so pra eu ter uma ideia por onde comecar sobre servidores irc....????
[2016-08-30 20:27:09] realizar isso conhecimento limitado fica muito ruim....muitas veses nao sei nem o q procurar e quais as necessidade reais do problema
[2016-08-30 20:36:44] usa qual sistema operacional?
[2016-08-30 20:37:11] se usa algum linux, pode pegar os servidores livres, configurar, alterar
[2016-08-30 20:53:55] Emmanuel Brandão joined
[2016-08-30 20:53:58] Hi Emmanuel !
[2016-08-30 20:59:16] O interruptor do meu pressurizador do chuveiro quebrou, vc conserta?
[2016-08-30 20:59:38] A apresentação que o Airton falou do TED:
https://www.ted.com/talks/fei_fei_li_how_we_re_teaching_computers_to_understand_pictures
[2016-08-30 21:02:10] mil reais
[2016-08-30 21:02:23] Eita
[2016-08-30 21:02:45] Feitiçaria cara esta
[2016-08-30 21:04:01] A outra apresentação que o Airton falou acho que deve ser essa:
http://www.ted.com/talks/abe_davis_new_video_technology_that_reveals_an_object_s_hidden_properties
[2016-08-30 21:21:46] document: /home/felipe/devel/github_tvdstaaij/telegram-history-dump/output/media/Garoa_Hacker_Clube_(Público)/download_422091437182550076.webp
[2016-08-30 21:38:24] adorei os stickers kkk
[2016-08-30 21:38:30] document: /home/felipe/devel/github_tvdstaaij/telegram-history-dump/output/media/Garoa_Hacker_Clube_(Público)/download_422091437182550037.webp
[2016-08-30 21:42:49] Tem novo
[2016-08-30 21:43:05] document: /home/felipe/devel/github_tvdstaaij/telegram-history-dump/output/media/Garoa_Hacker_Clube_(Público)/download_422091437182550105.webp
[2016-08-30 22:05:39] Mini Curso Gratuito de Python para Iniciantes no .NET Coders https://www.meetup.com/NetCoders/events/233733609/
[2016-08-30 22:07:12] merchan pra quem gostou das plaquinhas do broche http://www.ryndack.com.br/
[2016-08-30 22:48:06] Eu posso dar curso de irc, em troca a gente ve uns btc pra mim kkkkk
[2016-08-30 23:43:49] document: /home/felipe/devel/github_tvdstaaij/telegram-history-dump/output/media/Garoa_Hacker_Clube_(Público)/download_422091437182550070.webp
[2016-08-30 23:47:24] nossa ...o carregamento de foto do telegram ta lento de mais
[2016-08-30 23:47:25] sera q é aquele ataque DoS
[2016-08-30 23:48:14] Estou tentando montar um arduino na protoboard. Comprei os componentes no institutodigital.com.br e aparentemente está tudo montado certinho, já refiz duas vezes tudo mas não carrega o código via a ftdi de jeito nenhum... porém instalei o chip direto na protoboard, sem encaixar no soquete de 28 pinos, pode ser isso?
[2016-08-30 23:49:32] photo: /home/felipe/devel/github_tvdstaaij/telegram-history-dump/output/media/Garoa_Hacker_Clube_(Público)/download_803705647_84569.jpg
[2016-08-30 23:50:02] Essa massaroca de fios e a resolução da câmera não ajudam, sorry
[2016-08-30 23:50:48] Desencaixei a ftdi agora pra desmontar tudo e recomeçar do zero mas antes me ocorreu essa dúvida
[2016-08-30 23:51:09] Se alguém tiver uma dica, agradeço 😁
[2016-08-30 23:51:15] Pode, sim.
[2016-08-30 23:52:04] Hmm fiquei com medo de encaixar porque tem que forçar a parada e nunca fiz isso
[2016-08-30 23:53:00] Mas vou tentar então, valeu Aylons 👍🏽
[2016-08-30 23:53:02] pergunta besta... antes de carregar via ftdi (serial), o atmega tem bootloader de arduino já, certo?
[2016-08-30 23:53:30] nunca tive problema com o chip direto na protoboard. é a mesma coisa que usar um soquete..
[2016-08-30 23:53:36] Sim, no site disse que o chip desse kit vem com bootloader
[2016-08-30 23:54:41] Hmm será? Porque as luzinhas da ftdi ficam piscando mas a luz do arduino nem tchuns
[2016-08-30 23:55:05] Tentei ligar a bateria no borne e nem sinal tb
[2016-08-30 23:55:29] eletricamente, colocar um soquete entre o atmega e a breadboard só vai aumentar a chance de mau contato
[2016-08-30 23:55:40] (mau? mal? faltei na escola)
[2016-08-30 23:55:47] lobo mal.
[2016-08-30 23:55:51] enfim
[2016-08-30 23:55:52] Haha
[2016-08-30 23:56:19] Vou tentar ligar a bateria na protoboard e ver o que rola.
[2016-08-30 23:56:30] a IDE do arduino acusou erro?
[2016-08-30 23:56:36] Sim
[2016-08-30 23:56:45] então não vai acontecer nada
[2016-08-30 23:56:51] Hmm
[2016-08-30 23:56:56] porque o atmega não tem nada nele
[2016-08-30 23:57:00] se não subiu, não subiu
[2016-08-30 23:57:28] vejo um cristal, logo imagino que o bootloader está para 16mhz (compatível uno)
[2016-08-30 23:57:32] photo: /home/felipe/devel/github_tvdstaaij/telegram-history-dump/output/media/Garoa_Hacker_Clube_(Público)/download_803718762_85682.jpg
[2016-08-30 23:57:36] a placa na ide está selecionada pro uno?
[2016-08-30 23:57:36] Mas nao acenderia o led pra dizer que tà ligado?
[2016-08-30 23:57:59] não
[2016-08-30 23:58:12] se estiver no pino "digital 13" não
[2016-08-30 23:58:20] esse é o led que você controla na placa do uno
[2016-08-30 23:58:28] por exemplo pra testar o sketch de blink
[2016-08-30 23:58:41] se não há sketch no atmega, ele não vai fazer nada com o pino 13
[2016-08-30 23:59:11] Sim, mas tem um outro led ligado no 7805
[2016-08-30 23:59:24] Esse nao deveria funfar?
[2016-08-30 23:59:27] Está certo... fácil lembrar, mau é o contrário de bom, e mal é o contrário de bem...
Se você diz bom contato, o contrário é mau contato...
[2016-08-30 23:59:58] não é o contrário fabrício?
