[2016-09-13 14:49:20] http://arstechnica.co.uk/tech-policy/2016/09/eu-grupo-globo-ringtone-trademark-case/
[2016-09-13 14:49:28] PLIM PLIM
[2016-09-13 15:00:52] http://cdn.arstechnica.net/wp-content/uploads/sites/3/2016/09/Capture.jpg
[2016-09-13 15:05:42] Na área de patentes de software a EU era mais consciente que os EUA, na época que vi.
[2016-09-13 15:06:16] Xor foi patenteado nos EUA uns anos atrás para aplicações gráficas.
[2016-09-13 15:10:59] Qualquer coisa é mais razoável que patente de software nos EUA
[2016-09-13 15:11:57] Sério, eu posso abrir amanhã um escritório de patente, sortear regras usando uma cadeia de Markov e ainda vai ser melhor que a situação dos EUA
[2016-09-13 15:26:51] Eu não sei muito sobre patente, mas o antitruste dos EUA é um lixo.
[2016-09-13 15:34:56] Quem vai no Garoa hoje?
[2016-09-13 15:36:51] Eu gostaria de ver eles passarem na Europa aquele jingle de bosta "não é mole não meu irmão, não é mole não, o povo escolheu a globo, isso é globalização". Agora eles não podem, se não alguém vai roubar o plim-plim deles no final e ganhar dinheiro com ele. Esses piratas...
[2016-09-13 17:01:10] Sexta à noite vai rolar algo no Garoa?
[2016-09-13 17:41:17] Toda sexta tem o Nós Robôs.
[2016-09-13 17:41:33] Nesta agora tem também Metadesign
[2016-09-13 17:41:52] https://garoa.net.br/wiki/Categoria:Eventos
[2016-09-13 17:42:43] Tem um cara que estava perguntando sobre freecad, talvez eu vá conversar com ele sobre.
[2016-09-13 19:14:07] Eu tbm tenho interesse em freecad
[2016-09-13 19:14:26] Blender e meArm
[2016-09-13 19:14:44] Quero misturar os tres
[2016-09-13 22:23:00] sobre o assunto de biohacking.....quem sabe posso ajudar......sou formado em enfermagem tambem
[2016-09-13 22:24:55] conheco bem anatomia e fisiologia.....adoro farmacologia........um livro q indico é o Goodman....bases farmacologicas da terapeutica.....
[2016-09-13 22:26:28] o atlas de anatomia  van de graaf tem tudo la.....o alexander spencer vai ajudar com embriologia
[2016-09-13 22:27:11] no q eu puder ajudar assim farei
[2016-09-13 22:30:10] Wagner vai sexta no Garoa?
[2016-09-13 22:36:29] alguem ai conhece aquela certificacao CEH da ec-concill
[2016-09-13 23:33:21]  joined
[2016-09-13 23:33:22] Hi Dyego !
[2016-09-13 23:49:20] http://spaceflightnow.com/2016/09/13/ses-stands-by-spacex-after-getting-good-discount-on-reused-rocket/
[2016-09-13 23:49:27] Halliwell downplayed any added risk to the SES 10 launch from the decision to launch the craft on a reused booster.

“To be frank, it’s less risky,” Halliwell said. “We know the engines work. We know that they perform correctly. We know the lifetime cycle of the engines. We know the testing. It is truly flight-proven, so quite honestly, apart from the emotion associated with it, thinking, ‘Wow, is it going to be an additional risk?’, if you actually look at it in the calm light of day, then it’s absolutely a wash.”

Halliwell said SES engineers have visited SpaceX headquarters in Hawthorne, California, and SpaceX’s test site in Central Texas to observe manufacturing, refurbishment and tests ahead of the SES 10 launch.
