[2018-04-12 10:51:37] http://telegra.ph/Hacker-de-hardware-converte-terminal-m%C3%B3vel-antigo-em-computador-03-28
[2018-04-12 11:19:23] Show!
[2018-04-12 12:03:00] photo: /home/felipe/devel/github_garoa/Telegram_logs_Garoa_Hacker_Clube_Publico/media/Garoa_Hacker_Clube_(Público)/download_806022477_3465.jpg
[2018-04-12 12:48:29] Aaaaaaaaa
[2018-04-12 13:05:47] que lugar mais toxico, celoko
[2018-04-12 13:05:48] hahahahaha
[2018-04-12 13:06:52] toxico? onde? quanto?
[2018-04-12 13:06:54] HAHAHAHAHAHAHA
[2018-04-12 13:07:06] fica aí a sugestão pro bot 😂
[2018-04-12 13:29:05] achei normal kkkkk
[2018-04-12 13:29:46] hacking eh assim mesmo, pra quem quer safe space tem o roadsec, com cartao vermelho pra quem se sentir ofendido
[2018-04-12 13:36:00] document: /home/felipe/devel/github_garoa/Telegram_logs_Garoa_Hacker_Clube_Publico/media/Garoa_Hacker_Clube_(Público)/download_150229821346022369.webp
[2018-04-12 13:40:12] ué, hacking é ter um comportamento infantil, ficar o tempo todo falando asneira, diminuindo as pessoas, atacando minorias, tentando ganhar atenção a todo custo sem contribuir em nada em termos de conhecimento?
[2018-04-12 13:40:16] Really?
[2018-04-12 13:40:21] Seriao?
[2018-04-12 13:40:43] ok!
[2018-04-12 13:43:48] O que dizer dessa pessoa que nem conheço e já considero pacas? #OrkutFeelings
[2018-04-12 13:45:59] Ambientes "hackers" (de computadores) são ambientes hostis.
Nesse caso especifico, a hostilidade/toxidade são 2 ou 3 pessoas. Só ignorar a criança querendo atenção.
[2018-04-12 13:46:25] quero!
[2018-04-12 13:47:41] do not feed the troll
[2018-04-12 13:47:54] sempre
[2018-04-12 13:48:02] essa é a máxima
[2018-04-12 13:48:09] Relaxa velho, eu sei exatamente o que é um ambiente hostil e como os ambientes hackers estão sendo associados a essa hostilidade justamente por causa dessas 2 ou 3 pessoas, sei que a cena hack tem sido ligada a isso, só não concordo :)

Mas tudo bem, o rapaz lá é infantil mesmo, o problema pra mim ta mais no fã clube, eu associo a falta de intelecto :)
[2018-04-12 13:49:12] pra mim é um ambiente toxico e eu vazei, mas acho legal quem gosta ficar, assim ficam com menos tempo pra avacalhar lugares legais :)
[2018-04-12 13:49:13] agora tá um entra e sai danado lá no grupo hahahaha
[2018-04-12 13:50:03] Existe uma pessoa "chave" para esse entra e sai...
[2018-04-12 13:51:13] E ela vai queimar a maioria dos grupos que estiver presente
[2018-04-12 13:51:28] document: /home/felipe/devel/github_garoa/Telegram_logs_Garoa_Hacker_Clube_Publico/media/Garoa_Hacker_Clube_(Público)/download_2057465093435687030.webp
[2018-04-12 13:51:41] No fim do dia, Darwin tava certo...
[2018-04-12 13:51:53] Ainda tem gente que acha que hacking NÃO é isso, que é possível ter respeito e troca de conhecimentos nas comunidades hacker
[2018-04-12 13:52:51] não sei muito o que achar não :/
[2018-04-12 13:53:13] o que sei é que não sou obrigado a frequentar esses ambientes por gostar de hacking :)
[2018-04-12 13:54:54] +1
[2018-04-12 13:55:25] pra mim eh tolerável, o problema eh maior quando se vai pelo caminho oposto. zoeira nao necessariamente implica em falta de intelecto, desrespeito, nem impede a troca de conhecimento
[2018-04-12 13:56:15] quando citei a falta de intelecto tava me referindo ao fã clube :)
[2018-04-12 13:56:44] ah sim
[2018-04-12 13:57:44] Fã clube acontece BASTANTE também
[2018-04-12 13:58:22] Enfim, Happy Hacking procês. 
Vou voltar aqui pra minha sessão de Cracking de Senhas
[2018-04-12 14:47:06] Eu fico mais decepcionado em ver q tem fa clube. As crianças eu ignoro
[2018-04-12 14:48:59] tambem penso assim
[2018-04-12 14:50:49] Hehe
[2018-04-12 14:52:27] #medo
[2018-04-12 14:59:03] Para "Fins Acadêmicos", minha Advogada mandou dizer... hehehe
[2018-04-12 14:59:24] Sad but True
[2018-04-12 15:13:55] Manodocéu
[2018-04-12 15:26:47] Bani... única mensagem que este Cleiton enviou ao grupo é um spam...
[2018-04-12 16:04:01] Alguém aqui já usou No-Ip?
[2018-04-12 16:08:16] usei um pouco
[2018-04-12 16:10:23] Já usei... na versão gratuita, tem que confirmar todo mês, para não perder...
[2018-04-12 16:10:59] Como funciona essa merda? Tipo, achei os documentos deles muito ruim e estou tentando trackear um site, mas já acho que está no vazio.
[2018-04-12 16:12:44] vc instala um client no seu pc/note/whatever que quer que tenha um dominio
[2018-04-12 16:13:10] aí toda vez que ficar online, esse cliente manda seu ip para o no-ip ele atualiza o DNS
[2018-04-12 16:13:31] resumidamente
[2018-04-12 16:15:19] Acho que ela se refere ao tracker (monitoramento de servidores)... nunca usei os outros serviços, além do DNS Dinâmico que o Gutem citou...
[2018-04-12 16:16:08] Se não for isso, então entendi errado...
[2018-04-12 16:16:59] verdade... Só usei no-ip pra DynDNS
[2018-04-12 16:17:57] Nem sabia que fazia outra coisa além disso hahahaha
[2018-04-12 16:19:44] Kalil Cazes joined
[2018-04-12 16:43:27] https://www.youtube.com/watch?v=nsiYTBQpIJ8
[2018-04-12 17:59:42] Quem está no Garoa?
[2018-04-12 18:10:40] eu
[2018-04-12 18:10:44] e mais um pessoal
[2018-04-12 18:13:04] Beleza
[2018-04-12 18:13:17] Vou colar aí para ficar estudando um pouco, ok?
[2018-04-12 18:13:25] Valeu, @Gutemhc , @Biazzotto e @BrunoTarasco ! ❤️
[2018-04-12 19:08:08] Noisebridge é um excelente exemplo de que não precisa ter hostilidade em grupos de hackers...
[2018-04-12 19:17:24] Sim
[2018-04-12 19:30:52] O Metalab, em Viena, Áustria, é outro grande exemplo de espaços hacker que são inclusivos, amigáveis e de grande sucesso! https://metalab.at/
[2018-04-12 19:33:06] Eles tem uns projetos bem legais
[2018-04-12 19:33:17] https://github.com/Metalab/mos/
[2018-04-12 19:33:19] Galera, alguém tem uma introdução legal para OOP com python?
[2018-04-12 19:33:44] alguma documentação legal?
[2018-04-12 19:51:25] OO do python: ducktyping, herança multipla, todo é methodo virtual, tudo é publico.
[2018-04-12 19:51:48] tem class_method, static_method e property
[2018-04-12 19:52:09] O básico é isso.
[2018-04-12 19:53:29] Todos operadores podem ser sobrecarregados, atravez dos methods: (__add__, por exemplo)
[2018-04-12 21:06:04] Ian, dá uma olhada no @grupysaopaulo, coloquei um post fixo com algum material de estudo.
[2018-04-12 21:06:19] Valeu
[2018-04-12 21:06:38] Justo!
[2018-04-12 21:06:50] Valeu @lvido @Biazzotto
[2018-04-12 21:06:57] document: /home/felipe/devel/github_garoa/Telegram_logs_Garoa_Hacker_Clube_Publico/media/Garoa_Hacker_Clube_(Público)/download_579971338312089770.webp
[2018-04-12 21:07:18] Tô seguindo o livro do Luciano
[2018-04-12 21:13:06] Olha que interessante que achei: 
*Softwares para aplicação em Radioamadorismo em Linux*.

https://radio.linux.org.au/
