[2016-10-28 00:00:17] Hummm
[2016-10-28 00:00:39] Qual a área mesmo dela?
[2016-10-28 00:02:53] 15 x 15
[2016-10-28 00:10:48] Vou pensar, blz?
[2016-10-28 00:11:20] OK. Vou ver se consigo levar no garoa. É de um amigo.meu
[2016-10-28 00:24:45] Ok!
[2016-10-28 00:25:27] photo: /home/felipe/devel/github_tvdstaaij/telegram-history-dump/output/media/Garoa_Hacker_Clube_(Público)/download_803717178_123096.jpg
[2016-10-28 00:26:01] Usando serrote para abrir uma caixa de cabo fonte
[2016-10-28 00:26:22] Hoje foi top :)
[2016-10-28 00:30:47] Espero que tenha curtido!
[2016-10-28 00:32:12] Sempre bem vindo
[2016-10-28 00:32:48] Joselitos
[2016-10-28 00:34:09] O/
[2016-10-28 00:48:08] Hahahaha... hoje foi show...
[2016-10-28 01:05:33] Obrigado :)
[2016-10-28 01:06:08] Passando pra deixar um feedback
[2016-10-28 01:06:27] Porque meu kali linux não estava inicializando depois que instalei o driver de vídeo amd
[2016-10-28 01:06:38] também desinstalei ele e voltou a funcionar
[2016-10-28 01:07:01] tinha conversado com alguem do garoa hoje sobre isto
[2016-10-28 01:07:44] Assim não foi necessario reinstalar todo S.O
[2016-10-28 01:07:58] vlw pela dica ;)
[2016-10-28 01:12:21] Galera do garoa sempre representa
[2016-10-28 01:16:55] A gente é foda, Simples assim
[2016-10-28 01:49:42] !Moriarty || Always return joined
[2016-10-28 01:49:42] Hi !Moriarty !
[2016-10-28 01:55:15] Olá
[2016-10-28 06:43:10] Fundação do piso dos aceleradores (prédio de dentro) do Sirius começou a ser feita.
[2016-10-28 06:43:10] photo: /home/felipe/devel/github_tvdstaaij/telegram-history-dump/output/media/Garoa_Hacker_Clube_(Público)/download_803711892_122104.jpg
[2016-10-28 06:43:10] photo: /home/felipe/devel/github_tvdstaaij/telegram-history-dump/output/media/Garoa_Hacker_Clube_(Público)/download_803701853_121239.jpg
[2016-10-28 06:43:10] photo: /home/felipe/devel/github_tvdstaaij/telegram-history-dump/output/media/Garoa_Hacker_Clube_(Público)/download_803729553_84115.jpg
[2016-10-28 07:01:10] document: /home/felipe/devel/github_tvdstaaij/telegram-history-dump/output/media/Garoa_Hacker_Clube_(Público)/download_1842540969984045.webp
[2016-10-28 07:36:26] wow
[2016-10-28 07:59:39] +1
[2016-10-28 08:11:50] Obrigado Fabio, na semana que vem vou colar sim...
[2016-10-28 09:24:21] Quem vai no nós robôs no Garoa hoje?
[2016-10-28 09:39:53] Talvez eu apareça
[2016-10-28 10:12:35] Não posso ir, pois tenho outro compromisso...
[2016-10-28 10:32:34] Internet do Garoa voltou?
[2016-10-28 10:39:10] até ontem não
[2016-10-28 10:39:17] o prazo que deram foi segunda
[2016-10-28 10:55:46] 😭
[2016-10-28 11:09:19] Putz, então não rola reunião da e-HAL no Garoa hoje
[2016-10-28 11:11:08] rola
[2016-10-28 11:11:12] mas tem que rotear os bagulhos
[2016-10-28 11:18:57] Rotear que bagulho? Celular?
[2016-10-28 11:19:26] Quero um pouco desses bagulhos
[2016-10-28 11:19:58] document: /home/felipe/devel/github_tvdstaaij/telegram-history-dump/output/media/Garoa_Hacker_Clube_(Público)/download_1842540969984067.webp
[2016-10-28 11:24:50] Hardware Aberto
[2016-10-28 11:26:56] pega do celular e divide com a geral
[2016-10-28 11:27:48] Eita
[2016-10-28 11:32:43] Aberto na marra hahaha
[2016-10-28 11:52:33] Pensando na abertura do hardware alguém sabe se no Brasil já tem uma mansinha que quando seca vira plástico...Vi uns gringos usando para reparos diversos
[2016-10-28 11:58:01] mansinha é o oposto de bravinha ? ;-P
[2016-10-28 11:58:32] (perde o amigo mas não perde a piada)
[2016-10-28 11:58:53] Kkkk
[2016-10-28 12:05:51] Hahaha
[2016-10-28 12:22:44] @rodzil 
É, acho que tem vários produtos assim... alguns usados em reparo automotivo. Mas se estiver falando de uma massinha que fica emborrachada  e tem uma certa flexibilidade então é o Sugru. E tem também uma copia no AliExpress que chama V-Tie.
Algumas dessas precisam de catalisador. Outras, como o sugro, é só deixar em contato com o ar e esperar de um dia pro outro.
[2016-10-28 12:49:10] E se fizer um tipo de "cartão ponto"? Quando alguém do Garoa estiver lá, apenas passa o cartão assim muda o status pra aberto, quando sair, passa novamente, assim muda pra fechado!
[2016-10-28 12:55:35] Valeu
[2016-10-28 12:55:35] Vou oesquisar
[2016-10-28 13:55:58] Quem vai no e-hal amanhã? https://e-hal.org.br
[2016-10-28 13:56:11] 🙋‍♂
[2016-10-28 14:07:05] Salve familia :D
[2016-10-28 14:07:42] Salve
[2016-10-28 14:10:58] @ReverseEngine o drive livre para AMD no linux é meio ruim porque a AMD restringe muita coisa.
[2016-10-28 14:10:58] Eu tinha um dell com uma placa AMD e rodar linux nele era sempre uma briga com drivers
[2016-10-28 14:10:58] Nunca ficava bom
[2016-10-28 14:11:38] verdade, nem consigo usar a gpu no blender
[2016-10-28 14:12:19] No kali linux nem consigo mecher no blender, tudo laggado
[2016-10-28 14:12:42] Já no arch linux ta de boa, porque consegui instalar o driver nele
[2016-10-28 14:12:56] Más o driver da AMD peguei no repositorio do pacman se não me engano
[2016-10-28 14:13:08] já o outro que tentei instalar e deu erro peguei do site da amd
[2016-10-28 14:16:28] 00:01.0 VGA compatible controller: Advanced Micro Devices, Inc. [AMD/ATI] Wrestler [Radeon HD 6290]
[2016-10-28 14:17:46] Sim. O da comunidade funciona BEM MELHOR q o da própria fabricante... Bizarro
[2016-10-28 14:17:47] Hehehe
[2016-10-28 14:24:32] Para placas antigas da AMD o driver opensource está muito melhor que o proprietário...
[2016-10-28 14:28:18] rs
[2016-10-28 14:28:51] Vocês sabem onde posso encontrar drivers open source pra baixar pro kali?
[2016-10-28 14:34:18] Eu diria google mesmo
[2016-10-28 14:34:50] Aí provavelmente você precisará adicionar um PPA a sua lista de endereços de repositórios
[2016-10-28 14:46:08] Peguei um no repo do debian
[2016-10-28 14:46:17] E na verdade já estava instalado
[2016-10-28 14:46:25] Más não ta funcionando legal igual no arch linux
[2016-10-28 14:46:52] Seria legal conseguir o driver do arch linux e instalar no kali
[2016-10-28 14:48:28] Não tem as Infos do repositório? Aí compila na mão
[2016-10-28 15:26:12] Show
[2016-10-28 15:55:07] https://twitter.com/rg3915/status/792058618338242561
[2016-10-28 16:06:00] As versões do xorg, kernel e driver tem que bater
[2016-10-28 16:37:46] document: /home/felipe/devel/github_tvdstaaij/telegram-history-dump/output/media/Garoa_Hacker_Clube_(Público)/download_803705539_122572.jpg
[2016-10-28 16:37:59] Chegou Core board GSM SIM800l
[2016-10-28 17:06:56] Cleiton Ribeito joined
[2016-10-28 17:06:57] Hi Cleiton !
[2016-10-28 17:07:34] Boa tarde pessoal 👍
[2016-10-28 17:07:44] Curioso entrando...
[2016-10-28 17:09:34] Gostaria de conhecer o espaco de vcs 😉 Espero poder participar do evento de amanhã
[2016-10-28 17:10:17] Eitaaa, carapicuiba no garoa
[2016-10-28 17:11:54] gente, vou trazer o Bruce Perens no Garoa hoje
[2016-10-28 17:12:56] Boa tarde pessoal, alguem da area de segurança a fim de infernizar um crackeiro?  eu recebi um email fraudulento de recadastro santander. pensei em juntar uma galera para gerar numeros fakes de cpf e entupir o site falso dele de dados pseudo invalidos para ele se matar de tentar usar as contas, ja que a area de segurança do banco nao corre atras.  http://santaseguro.duckdns.org/clienteseguro/cadastro/5531381/
[2016-10-28 17:13:59] Geralmente isso é terceirizado pelo Banco
[2016-10-28 17:14:06] geralmente eu nao costumo fazer isso, mas esse em particular teve trabalho para fazer uma pagina falsa que checa numero de cpf valido entre outras validacoes de campos por todo o cadastro, numero de cartao de credito
[2016-10-28 17:14:20] bom, vou dizer meu relato, eu costumo relatar tudo que recebo aqui
[2016-10-28 17:14:37] uam Empresa 3ª compra "feed" de outras empresas sobre phishing
[2016-10-28 17:14:41] atencao pessoal, bruce perens, copia?
[2016-10-28 17:14:51] yumi, sticka a msg ai no grupo
[2016-10-28 17:15:18] e as duas ultimas tentativas que mandei pro santarder, pasmem, o site falso continuava de pe apos uma rechecagem apos um mes e meio, o site no mesmo endereço falso,
[2016-10-28 17:15:19] @mynameiserin ae admins!
[2016-10-28 17:15:52] pinned the message
[2016-10-28 17:16:14] quenhé?
[2016-10-28 17:16:30] nada, o afonso ja resolveu
[2016-10-28 17:16:37] Gutem vai levar lá hoje?
[2016-10-28 17:16:41] afonso FTW
[2016-10-28 17:16:51] Li como se fosse "crackudo".
[2016-10-28 17:17:17] não, eu perguntei quem era
[2016-10-28 17:17:20] mas já googlei
[2016-10-28 17:17:35] Não consigo ir hj, mas vou amanhã pro Quebrando o Cerco, as 15h
[2016-10-28 17:17:46] humm, achei que era um "que eh?"
[2016-10-28 17:18:12] Eu e Daniel estamos indo agora para São Paulo. Reunião da e-HAL deve ser na PUC, para já irmos arrumando as coisas
[2016-10-28 17:27:05] Ola pessoal, sou novato aqui no garoa
[2016-10-28 17:27:19] Tudo de pé pra amanhã? So aparecer as 15hr?
[2016-10-28 17:28:29] depende... de pé o que? Infosec sim
[2016-10-28 17:28:49] E seja bem vindo  (e eu não sou um bot)
[2016-10-28 17:29:06] "quebrando o cerco" um evento que está sendo divulgado na página de vcs
[2016-10-28 17:29:31] Muito obrigado😄
[2016-10-28 17:31:11] Yumii... Tenho interesse de conhecer o grupo e partilhar conhecimento (se houver algo que eu possa agregar)
[2016-10-28 17:40:58] sempre tem...
[2016-10-28 17:41:35] Apareço amanhã pra conhecer quem estiver por lá. Desde já, muito obrigado
[2016-10-28 17:46:09] Um amigo ta ajudando a organizar, lá na FATEC São Caetano, pediu para ajudar a divulgar
[2016-10-28 17:46:10] photo: /home/felipe/devel/github_tvdstaaij/telegram-history-dump/output/media/Garoa_Hacker_Clube_(Público)/download_803707526_121852.jpg
[2016-10-28 17:46:27] Rola postar no FB do Garoa?
[2016-10-28 17:49:10] Se você quiser pode encaminhar para o grupo @Criptografia.
[2016-10-28 18:03:40] pr fvr
[2016-10-28 18:09:25] Encaminhei a imagem pra lá.
[2016-10-28 18:13:27] Boa noite. 
Tem alguém no Garoa?
[2016-10-28 18:18:05] Legal, pego com vc amanhã então
[2016-10-28 18:34:11] Isso é algo que um bot diria
[2016-10-28 18:38:15] Valeu!
[2016-10-28 18:38:23] Combinado
[2016-10-28 18:41:01] quando eu já estava esperando e escrevi perguntando o que tinha rolado
[2016-10-28 18:41:17] e ele disse, ahhh faltam uma hora p eu chegar ai ainda...
[2016-10-28 18:41:45] ahahahahaah
[2016-10-28 18:41:48] ops local errado
[2016-10-28 18:42:05] podem rir
[2016-10-28 18:42:05] Tem gente aí?
[2016-10-28 18:42:58] Juca... chegou?
[2016-10-28 18:44:10] Cabou luz no garoa também?
[2016-10-28 18:44:47] Acontece
[2016-10-28 18:44:52] Kkkk
[2016-10-28 19:02:26] Tem luz sim!
[2016-10-28 19:03:52] cheguei... Estou com Bruce aqui
[2016-10-28 19:03:58] ele é muito legal
[2016-10-28 19:05:05] Valeu! Acabou acabou aqui na Eugênio de Medeiros 😐
[2016-10-28 19:12:02] [Transmissão ao vivo] agora Mini curso de Deploy de aplicações Python com Marcos Cardoso Grupo Python SP
[2016-10-28 19:13:28] [Transmissão ao vivo] agora Mini curso de Deploy de aplicações Python com Marcos Cardoso Grupo Python SP https://www.youtube.com/watch?v=9mmaPOp6XIw
[2016-10-28 19:15:52] Show
[2016-10-28 19:44:43] Quem aqui participa/melhora/organiza coisas em um hackerspace que não seja o Garoa?
[2016-10-28 19:45:41] @MarketingDigitalBr
[2016-10-28 19:50:31] Acho que tem Internet
[2016-10-28 19:50:55] Porque a página atualizou com as pessoas aqui
[2016-10-28 19:57:47] CHEGOU A INTERNET MINHA NOSSA SENHORA DO GITHUB
[2016-10-28 20:06:18] Vamos fazer uma novena para a Santa Ifigênia!!!
[2016-10-28 20:06:37] Uahuahauhauah
[2016-10-28 20:06:56] Kkkk
[2016-10-28 20:10:00] photo: /home/felipe/devel/github_tvdstaaij/telegram-history-dump/output/media/Garoa_Hacker_Clube_(Público)/download_129472600886738985.jpeg
[2016-10-28 20:10:19] Bruce Perens assinando passaportes hacker
[2016-10-28 20:16:35] \o/
[2016-10-28 20:16:53] [tanto pra internet como pra "tietagem"]
[2016-10-28 20:17:32] hahaha
[2016-10-28 20:17:42] Eu assino o seu Gutem!
[2016-10-28 20:19:55] hauahuaha
[2016-10-28 20:20:09] Quero!
[2016-10-28 20:26:22] 😍
[2016-10-28 20:40:16] document: /home/felipe/devel/github_tvdstaaij/telegram-history-dump/output/media/Garoa_Hacker_Clube_(Público)/download_147119960081039388.webp
[2016-10-28 20:41:43] Kkkķkkk
[2016-10-28 20:41:50] Boa noite
[2016-10-28 20:51:17] document: /home/felipe/devel/github_tvdstaaij/telegram-history-dump/output/media/Garoa_Hacker_Clube_(Público)/download_803703268_122722.jpg
[2016-10-28 21:40:04] Programing and developed
https://telegram.me/progcerto
[2016-10-28 22:56:26] https://youtu.be/w13qCUViLjY
[2016-10-28 23:04:23] Desculpe por postar o canal aqui
[2016-10-28 23:04:55] No outro grupo o povo me esculachou então já estou pedindo desculpas
[2016-10-28 23:05:11] 😂😂😂
[2016-10-28 23:05:12] 😔😔
[2016-10-28 23:06:06] Não é engraçado, mas pelo menos eu fiz você rir
[2016-10-28 23:06:20] Pelo menos alguém riu
[2016-10-28 23:06:53] Sorry
[2016-10-28 23:07:44] Qual outro grupo?
[2016-10-28 23:07:48] O título do canal aparentemente deveria estar em inglês. Melhor escrever em português se não for o forte do canal. Se nem o título está certo, dificilmente passará confiança para os espectadores.
[2016-10-28 23:12:05] Obrigado pela dica
[2016-10-28 23:12:14] Ainda estou fazendo ajustes
[2016-10-28 23:12:54] Mas o que vocês puderem me ajudar é ótimo e bem vindo
[2016-10-28 23:13:44] Hospedagem gratuita alguem indica alguma?
[2016-10-28 23:14:42] hostinger
[2016-10-28 23:14:49] hostinger não está registrando
[2016-10-28 23:14:54] fala que falta a descrição
[2016-10-28 23:14:55] posso te mandar meu link d eindicacao?
[2016-10-28 23:14:59] e não tem nenhum campo pra descrição
[2016-10-28 23:15:01] ta bugado o site
[2016-10-28 23:15:41] entendi, vc tentou falar com o suporte, sao super rapidos
[2016-10-28 23:51:24] Quem vai amanha no garoa?
[2016-10-28 23:51:30] as 15:00 ?
[2016-10-28 23:51:47] Me falaram que teria algo sobre segurança da informação
[2016-10-28 23:55:47] Sim:
https://garoa.net.br/wiki/Quebrando_o_Cerco
[2016-10-28 23:57:52] Esse é o primeiro encontro, irá falar sobre leis e ética hacker... infelizmente não poderei ir, mas deve ser interessante... muito bom para ter uma base para os próximos encontros...
