[2016-09-11 01:57:58] Aleixo joined
[2016-09-11 01:57:59] Hi Aleixo !
[2016-09-11 10:44:31] Aniversário do Ponai e do Mike hoje? 🎂🍰🎉💥
[2016-09-11 11:06:53] sim
[2016-09-11 11:37:57] Felizes aniversários
[2016-09-11 17:07:53] pessoal, o @AleixoMS quer saber se tem alguem no grupo voltado pra biohacking e está procurando "link pra textos mais basicos" (sobre computação, presumo)
[2016-09-11 17:08:58] @AleixoMS temos atividades quase todos os dias da semana (e às vezes até mesmo de sábado e domingo). Mas o dia que mais tem gente costuma ser a quinta feira, para a Noite do Arduino
[2016-09-11 17:10:00] quanto a um texto mais básico eu recomendo o The Art of Computer Programming do Donald Knuth 😊
[2016-09-11 17:10:56] (brincadeira!)
[2016-09-11 17:11:07] o TAOP é bem avançado.
[2016-09-11 17:11:35] taocp
[2016-09-11 17:12:01] falando sério... um livro legal (e não-técnico) é o HACKERS de Steven Levy.
[2016-09-11 17:17:32] @AleixoMS talvez você queira ver esta introdução à programação: https://automatetheboringstuff.com/chapter0/ online grátis em inglês, mas tem uma tradução da Novatec
[2016-09-11 17:18:19] boa tarde gente!  mto obrigadp
[2016-09-11 17:18:33] Oi ainda este http://greenteapress.com/wp/think-python-2e/ (mesma coisa tem uma tradução nova da Novatec)
[2016-09-11 17:19:30] pela recepçao ^^ sou nvo em sp e d onde eu venho nao tem um grupo como esse hehehe
[2016-09-11 17:20:30] vou olhar os links e olhando a pagina vi q gem projeto trabalhando em biohacking,  por isso perguntei ^^
[2016-09-11 17:21:44] Feliz aniversário para todos
[2016-09-11 17:24:09] :)
[2016-09-11 17:49:05] Chorei de tanto rir com a piada de Python... salvou o meu domingo
[2016-09-11 17:56:47] Também kkkk
[2016-09-11 18:59:22] cara, eu recomendaria que ele pegasse algum livro sobre genética básica e outro de computação e programação
[2016-09-11 19:08:17] Tipo quais?
[2016-09-11 19:08:59] Ah de bate pronto eu falaria: python para iniciantes e the mysterious world of the human genome
[2016-09-11 19:09:17] Obrigado
[2016-09-11 19:59:37] cara eu tava pensando, o que será que é preciso para transformar do garoa hacker clube em uma instituição que tenha papers publicados em revistas de ciência?
[2016-09-11 20:01:12] Tem q procurar saber de alguém q tenha ligação com educação
[2016-09-11 20:01:45] Não sei se precisa virar uni/faculdade
[2016-09-11 20:01:51] Tem que pesquisar
[2016-09-11 20:02:00] assim, eu sei q n precisa tbm ser facul
[2016-09-11 20:02:04] só precisaria ter a grana
[2016-09-11 20:02:50] e algum experimento a ser feito
[2016-09-11 20:03:01] mas seria interessante a exposição que o garoa teria ao fazer isso, acredito eu
[2016-09-11 20:04:18] Estou por fora disso
[2016-09-11 20:04:33] Creio que precisam primeiro os hackers garoenses ter títulos, carreira e reputação de publicação de artigos. Depois, escrever, depois dar os textos pra revista e ela resolver publicar.
[2016-09-11 20:05:12] Títulos e carreiras e reputação não precisaria... eu mesmo vou publicar um poster e um paper sem ao menos ter feito faculdade
[2016-09-11 20:05:43] mas tbm tem a parte q eu trabalho no butantan como IC
[2016-09-11 20:05:46] Ué. Pra onde vai esse artigo?
[2016-09-11 20:05:57] a gente vai tentar postar na Nature
[2016-09-11 20:06:12] é q eu n tenho rep, a galera do lab tem
[2016-09-11 20:06:33] mas acho q pro garoa aparecer no meio cientifico n precisaria de tanto
[2016-09-11 20:06:55] O que é IC?
[2016-09-11 20:07:03] Iniciação CIentífica
[2016-09-11 20:07:17] é o estagiário de laboratório de universidade
[2016-09-11 20:08:27] Você disse primeiro "eu mesmo vou publicar", depois disse "a gente vai tentar postar"... Então você tem certeza de que vai publicar em um lugar, mas incerteza sobre publicar em outro lugar, certo? Aí vai tentar os dois?
[2016-09-11 20:09:38] assim, como a gente faz parte de um grupo, eu não tenho certeza em quantos lugares a gente postará, até pq eu sou somente o estagiário... Mas acredito que se no garoa a gente tivesse alguem q conhecesse o mínimo deste meio e tivesse um bom inglês daria para a gente publicar artigos sobre eletronica, bioinformatica ou até mesmo outras coisas
[2016-09-11 20:13:42] o garoa ja esta registrado na fapesp como instituicao que faz pesquisas e tal
[2016-09-11 20:13:53] Porra Oda que massa
[2016-09-11 20:14:36] o problema eh que la nao trabalhamos muito na ponta
[2016-09-11 20:16:08] algumas pessoas que estao mais nesse meio ja sabem como eh o esquema da pesquisa academica, o resto ainda teria que ralar um bocado
[2016-09-11 20:16:16] quando me aposentar comeco a orientar pelo garoa :D
[2016-09-11 20:16:34] oda, pq n começamos a fazer algo deste tipo?
[2016-09-11 20:16:40] eu posso ser o IC kkkkkk
[2016-09-11 20:16:49] hehe
[2016-09-11 20:17:02] ai eu falo para vc colar logo do LiNC
[2016-09-11 20:17:12] LiNC?
[2016-09-11 20:17:14] e fazer por la, pq seria melhor para nos dois
[2016-09-11 20:17:29] para mim linc é Long Intergenic Non Coding RNA
[2016-09-11 20:17:31] kkkkkk
[2016-09-11 20:17:35] laboratorio interdisciplinar de neurociencias clinicas da Unifesp
[2016-09-11 20:20:00] A e-hal vai ter sessão de posteres, aliás
[2016-09-11 20:21:18] sim, bem lembrado
[2016-09-11 20:21:30] o ehal tem um carater cientifico tb
[2016-09-11 20:21:48] vou apresentar na USP no congresso de Bioquimica e no RCA do Butantan
[2016-09-11 20:22:01] os organizadores estao nas principais universidades e laboratorios do pais, btw
[2016-09-11 20:22:55] Aliás, dá para por no lattes a e-hal, hein ?
[2016-09-11 20:23:08] opa, com certeza :D
[2016-09-11 20:23:25] Meu lattes está super mega desatualizado
[2016-09-11 20:23:38] ahahahaha me fala o de qm não está @aylons
[2016-09-11 20:23:52] ah cara, o meu eu nao dou a minima, atualmente faco pesquisa por esporte :D
[2016-09-11 20:24:18] Eu dei uma mexida, mas até umas semanas atrás ainda estava constando a minha iniciação
[2016-09-11 20:24:27] Como o mais recente
[2016-09-11 20:24:43] Tipo 10 anos desatualizado
[2016-09-11 20:24:50] hauhauhauhauhau
[2016-09-11 20:24:54] FTW
[2016-09-11 20:26:41] pessoal dos frontend ai, o que vcs usam de editor?
[2016-09-11 20:27:13] eu sou o cara do vim/kate mas vi uns videos de umas pessoas usando o webstorm e achei muito interessante
[2016-09-11 20:27:40] conhecem plugins ou editores livres que facam o mesmo?
[2016-09-11 20:28:17] Tem que entender que eu ainda não fiz mestrado nem trabalho com pesquisa. Sou engenheiro de raiz.
[2016-09-11 20:28:33] A reposta a essa pergunta é sempre emacs
[2016-09-11 20:38:49] emacs nao, ne? kkkk
[2016-09-11 20:52:15] Emacs domina tudo
[2016-09-11 21:27:47] Mano, explica pra mim como pode o site do Lattes, tipo CNPq, não conseguir arrumar uma p**** de um certificado SSL
[2016-09-11 21:28:03] que raiva!
[2016-09-11 21:28:07] Eles não usam o do governo federal?
[2016-09-11 21:28:57] Tipo, quase tudo que é do governo usa certificado baseado no raiz do SERPRO, salvo engano. É só baixar que tudo fica beleza
[2016-09-11 21:29:46] nem me fala desse certificado do serpro...
[2016-09-11 21:35:48] Tava querendo atulizar a M do lattes, não consigo. Já acessei antes deste micro, sei lá que M.
[2016-09-11 21:38:07] Vai no site e instala todas a bagaças do SERPRO. Deve ajudar
[2016-09-11 21:38:30] To no cel, e com preguiça de pegar o link, o Oda deve ter
[2016-09-11 21:49:50] Gente, ceis tem contato do Marcelo do lab de garagem?
[2016-09-11 21:51:26] O que você precisa?
[2016-09-11 22:06:04] vou tentar amanhã ~:-(
[2016-09-11 22:23:54] Galera, se vcs fossem prestar vestibular este ano, quais faculdades particulares e publicas vcs prestariam?
[2016-09-11 22:25:44] USP, Unicamp e ITA. Foi o que eu prestei há 14 anos e ainda é o que eu prestaria agora. Podem ter outras boas, mas as datas dos vestibulares conflitam e no fim, restam essas.
[2016-09-11 22:26:53] mas aylons e particular?
[2016-09-11 22:27:05] ITA eu não consigo passar, pelo q eu já estudei e estudo ainda
[2016-09-11 22:29:33] Sinceramente? Vou ser xingado aqui, mas não vejo muitas diferenças entre as particulares, exceto talvez pelas desastrosamente ruins. Eu já tive a ilusão de que as melhores particulares eram realmente boas, mas tendo convivido com gente que estava fazendo o curso, ou já tinha feito, e depois de ter feito alguns trabalhos nas melhores particulares... mudei de ideia.

Acho que vale a pena prestar outras publicas menores, se não conflitar o vestibular, e se você não tiver pressa, e tiver a grana, faz um ano de cursinho. Eu fiz e valeu a pena.
[2016-09-11 22:30:58] E embora eu tenha feito o cursinho desde março, só comecei a estudar para valer em julho. Tive um ensino médio bem ruim e demorei esse tempo até entender COMO estudar, para você ter uma ideia.
[2016-09-11 22:31:25] eu tô no terceiro ano da faculdade e ainda não sei estudar
[2016-09-11 22:32:04] Na real, estudar para valer, só aprendi lá pelo terceiro ano da poli. Mas para o vestibular, deu para pegar a manha durante o cursinho.
[2016-09-11 22:33:16] Aliás, minha dica para o @vmesel é: vestibular é mais fácil do que parece. É 10% aprendizado, 90% treino. Senta a bunda na cadeira e começa a treinar, fazendo exercícios em sequencia até esgotar os livros.
[2016-09-11 22:34:54] O vestibular do ITA só parece difícil porque os exercícios são diferentes. Se você tiver tempo para estudar para o ITA (não acho que tenha mais agora, sinceramente), é só uma questão de buscar essas diferenças e estudar. São só mais uns 10% de aprendizado, e outra batelada de exercícios.
[2016-09-11 22:35:50] isso eu to ligado... assim eu sei q com um ano de cursinho eu passo em uma faculdade publica, mas é a questão de n passar caso eu faça 1 ano de cursinho (acho q só acontece isso com quem não se esforça nenhum pouco). Eu me sinto confortável fazendo o vestibular esse ano, mas minha mãe me recomendou fazer algumas particulares pq ela acha q eu entro e n vai ser tempo perdido
[2016-09-11 22:35:56] qual a sua faculdade erin? USP?
[2016-09-11 22:36:05] sim, sistemas de informação
[2016-09-11 22:36:16] EACH ou no IME?
[2016-09-11 22:36:29] SI em são paulo é só na EACH
[2016-09-11 22:36:52] verdade
[2016-09-11 22:37:01] Cara, fazer um ano de cursinho é um tempo bem mais bem gasto que 5 anos de uma faculdade que você não está afim. A não ser que você tenha pressa na vida, porque precisa sustentar seus pais ou algo assim, eu acho que é um investimento bom.
[2016-09-11 22:37:48] n tenho pressa nenhuma cara, eu quero fazer o superior bem feito para eu poder fazer uma posgrad, um mastery e um doc bem bonito
[2016-09-11 22:37:52] Na USP, não pode ter dois cursos iguais (com o mesmo nome) no mesmo município. Então, o que tem na EACH não tem nos outros institutos de São Paulo e vice-versa.
[2016-09-11 22:38:06] entendi
[2016-09-11 22:38:49] Já tá viajando. Um passo de cada vez. Foca em curtir a graduação, primeiro. Ela é bem mais importante que o mestrado e o doutorado para a sua formação, mesmo sendo bem mais chata.
[2016-09-11 22:39:21] Sim, mas é q eu quero viver vida acadêmica, entrar num laboratório daora, fazer essas coisas assim
[2016-09-11 22:40:18] Bem, cada um tem o seu gosto. Mas se você quer fazer algo bacana e aprender algo bacana, vai ter que curtir o que faz e manjar muito. Dá pra compensar na pós, mas é isso, compensar. Graduação importa pra caralho.
[2016-09-11 22:41:12] sim... realmente! é por isso que eu entrei na IC no Butantan, pq eu queria ver se era esse tipo de vida que eu queria e se eu me daria bem como desenvolvedor e data scientist, e é o q está sendo provado
[2016-09-11 22:41:34] Acabou a IC?
[2016-09-11 22:41:42] nada, tá na metade
[2016-09-11 22:41:53] vou apresentar 2 posteres, um na usp e outro no butantan
[2016-09-11 22:42:02] pretendo me efetivar no laboratório
[2016-09-11 22:42:18] Então, se não passar na FUVEST, faz cursinho ano que vem e passa.
[2016-09-11 22:44:49] vc prestou vestibular quando? vc passou de primeira? fez ano de cursinho? como foi sua vivência, erin?
[2016-09-11 22:45:02] Ele fez um pcr. Queria testar. Hj eu e uma galera estávamos testando um workshop que vamos dar pra uns alunos de escola pública no Garoa essa semana. Ia ser legal usar o pcr dele
[2016-09-11 22:45:15] photo: /home/felipe/devel/github_tvdstaaij/telegram-history-dump/output/media/Garoa_Hacker_Clube_(Público)/download_803711183_92851.jpg
[2016-09-11 22:46:04] PUTA Q PARIU! Q daora! Otto, quando vai rolar o proximo encontro de bio no garoa?
[2016-09-11 22:46:55] Eu ainda tenho que fazer uma página na wiki explicando. Mas vai ser quarta de manhã issad
[2016-09-11 22:46:57] Issad
[2016-09-11 22:47:02] Issae**
[2016-09-11 22:47:13] porra.... mas n garoa q eu falo
[2016-09-11 22:47:52] no garoa***
[2016-09-11 22:47:58] Ué, mas vai ser no garoa
[2016-09-11 22:48:02] ahhh entendi
[2016-09-11 22:48:08] tinha entendido q era na escola kkkk
[2016-09-11 22:48:13] porra de quarta fica foda
[2016-09-11 22:48:15] Nao
[2016-09-11 22:48:24] Eh quando eles podem
[2016-09-11 22:48:29] Otto , mandei PVT, mas acho qeu você não recebeu.
[2016-09-11 22:48:40] Eu mosquei
[2016-09-11 22:48:41] Haha
[2016-09-11 22:49:19] Otto, estou morrendo de inveja. Eu cheguei a montar uma PCR bem bestona baseada num guia da MAKE no começo do garoa, parece ter funcionado. MAs foi desmontada rapidamente por não ter muito mais o que fazer.
[2016-09-11 22:50:10] A gente tava tentando consertar uma lá, falta o fusível certo. Trocamos um capacitor queimado
[2016-09-11 22:50:15] photo: /home/felipe/devel/github_tvdstaaij/telegram-history-dump/output/media/Garoa_Hacker_Clube_(Público)/download_785832625502683391.webp
[2016-09-11 22:50:17] otto, vcs vão amplificar dna do q?
[2016-09-11 22:50:36] digo no primeiro momento
[2016-09-11 22:51:32] Vamos testar amostras de carne (esfiha do habbibs) para a presença se sequências específicas de: boi, gato, dog, gente, porco, minhoca, cavalo e soja
[2016-09-11 22:52:21] porra q legal
[2016-09-11 22:52:29] Genial
[2016-09-11 22:52:30] só me confirma um negocio
[2016-09-11 22:52:54] Tenta eucalipto também, aposto que vai pegar.
[2016-09-11 22:53:07] vc vai pegar o material, colocar no PCR, vai amplificar e dps vc vai colocar em um sequenciador?
[2016-09-11 22:53:15] como vc vai extrair a sequencia?
[2016-09-11 22:53:15] Hahaha, vc fala por causa do papelao?
[2016-09-11 22:53:21] Isso!
[2016-09-11 22:53:31] porra é verdade.... genial!
[2016-09-11 22:54:23] N ia ter dna acho, o processo de fazer o papelão prega a lignina e outras paradas
[2016-09-11 22:54:45] Mas n tenho ctz. Apostaria q n teria
[2016-09-11 22:54:53] teria sim
[2016-09-11 22:54:57] contaminação de amostra
[2016-09-11 22:55:02] pode acontecer q venha algo do meio
[2016-09-11 22:55:34] essa hipotese q o Aylons passou é muito plausível
[2016-09-11 22:56:11] Eu sei, foi mais tongue-in-cheek. Pai e mãe são da industria papeleira. Eu faria, mesmo assim, aposto que o Habibs até patrocinava: cientistas provam que não tem DNA de papelão na as esfihas.
[2016-09-11 22:57:10] fuvest em 2012, não passei, cursinho poliedro e fuvest em 2013, passei na primeira chamada para segunda opção (primeira era BCC mas agora prefiro BSI pelo conteúdo)
[2016-09-11 22:57:33] Boa questao. Escolhi esse experimento exatamente pq n precisaria de um sequenciador (as outras ideias que tínhamos precisariam, tipo analisar o DNA mitocondrial e ver umas paradas de "mãe ancestral"). Nesse a gente vai ver o resultado (positivo ou negativo) fazendo uma eletroforese com gel de agarose. Se aparecer a banda de dna do tamanho certo dps da amplificação, eh positivo
[2016-09-11 22:58:07] Hahahahaha, boa
[2016-09-11 22:58:34] Fizemos nossa cuba eletroforetica tbm
[2016-09-11 22:59:24] entendi
[2016-09-11 22:59:26] q bacana cara
[2016-09-11 22:59:41] Enfim. Se algum de vcs tiver um contato mais proximo com o Marcelo, falem pra ele responder meu email!
[2016-09-11 22:59:52] Eu iria de ENEM pra UF da minha cidade.
[2016-09-11 23:02:00] Na real, eu duvido que apareça algo que consiga-se extrair. O processo de extração de celulose é uma das coisas mais brutais que tem. Extremamente básico, com etapas de aquecimento, e depois ainda tem mais de uma fase de lavagem com coisas com peróxidos ou cloro... duvido que reste algum DNA, mesmo multiplicando.
[2016-09-11 23:03:23] Eu tbm. Mas eu aprendi a nunca dizer nunca pra biologia molecular (tanto pra o que eu quero que aconteça quanto para oq eu n quero)
[2016-09-11 23:04:23] Não sei se já viram, mas não podia perder a chance de falar q protestar do jeito certo é protestar com Python! #ForaCorruptos
https://datasciencebr.com/como-funciona-a-operação-serenata-de-amor-25ba256e0e11
[2016-09-11 23:04:43] 😆
[2016-09-11 23:06:56] Justo
[2016-09-11 23:09:31] Bem pessoal, vou dormir.
[2016-09-11 23:09:51] boa noite Aylons, valeu pelas dicas
[2016-09-11 23:09:58] Ah, eu vou tentar passar no garoa no fds agora. Não sei ainda quando, mas domingo a tarde parece um bom candidato. Talvez sábado de manhã
[2016-09-11 23:10:29] sabado de tarde Aylons, vai ter atividade
[2016-09-11 23:10:31] vai ser bacana
[2016-09-11 23:10:33] Eita, tu é rapido em mano, ja meteu uma issue no esquema kk
[2016-09-11 23:10:47] é logico
[2016-09-11 23:10:54] quando me interesso eu me interesso
[2016-09-11 23:11:40] 👏👏👏
[2016-09-11 23:13:29] Sábado de tarde tenho compromisso.
[2016-09-11 23:15:56] Até
[2016-09-11 23:21:53] O Vinicius vai passar no vestibular pro ime e nós vamos usar o soprador térmico pra cortar o cabelo dele
[2016-09-11 23:22:11] ai ai ai
[2016-09-11 23:22:19] ASUHASUUSHAUASHHSA
[2016-09-11 23:23:55] Soprador terminco???
[2016-09-11 23:24:15] document: /home/felipe/devel/github_tvdstaaij/telegram-history-dump/output/media/Garoa_Hacker_Clube_(Público)/download_803717858_93789.jpg
[2016-09-11 23:24:34] só vou deixar por ser um negocio muito nerd e ser uma espécie de comemoração
[2016-09-11 23:24:43] pena q eu n vou poder beber cerveja para comemorar
[2016-09-11 23:24:49] por ser menor de idade
[2016-09-11 23:26:32] Você pode beber, só as outras pessoas que não podem te dar. A solução é roubar vodka.
[2016-09-11 23:26:49] Se ninguém ver ninguém reclama
[2016-09-11 23:27:34] Tá bom, quando eu passar vc vai beber cmg então aylons
[2016-09-11 23:27:34] kkkk
[2016-09-11 23:31:48] Pega umas dicas com o @erickemi q ele manja kkkk
[2016-09-11 23:38:31] @vmesel se pensa em carreira academica, considere opcoes com vestibulares mais faceis
[2016-09-11 23:39:39] pq?
[2016-09-11 23:41:34] Eu era menor e ia até pra motel. Na primeira vez que fiquei com o Fábio estava bêbada e era menor
[2016-09-11 23:42:27] justo
[2016-09-11 23:43:15] No ime ainda é mais fácil ainda pular de um curso para um mais difícil
[2016-09-11 23:53:02] Mas mulher não dá nada... Homem q n tem barba completa q enchem o saco kkk
