[2017-06-07 02:04:29] https://forum.fiozera.com.br/t/suporte-a-opentype-variable-fonts-no-inkscape/115
[2017-06-07 04:28:36] Criada pelo @somatorio, implementada pelo @Gomex:
http://listatelegram.github.io
[2017-06-07 05:43:43] RFID com Raspberry Pi e Python. Por Cleiton Bueno https://t.co/27pg65HMPN
[2017-06-07 07:00:24] gente vou ter que cancelar o evento de sabado
[2017-06-07 07:00:48] como muda la na pagina do garoa?
[2017-06-07 07:39:30] É só editar a página:
https://garoa.net.br/w/index.php?title=Proximos_Eventos&action=edit
[2017-06-07 07:52:52] obrigada fabricio ;) editei la, prometo remacar assim que der =)
[2017-06-07 09:20:25] Uso xubuntu em um note lenovo com 2gb
[2017-06-07 09:20:42] 😉
[2017-06-07 15:38:48] xubuntu é massa
[2017-06-07 18:29:27] Já pensou em ir para uma festa junina e ai estar lá de boas tomando seu vinho quente e comendo umas paçoquinhas e ai de repente alguém começa a dar uma palestra sobre desenvolvimento de software? Acompanhe hoje as 20h a gravação ao vivo do Castálio sobre o evento Caipyra (a unica conferência de Python com quentão e paçoquinha) - Live as 20h com os organizadores do evento: https://www.youtube.com/watch?v=Fx1xgCjhM5g
[2017-06-07 18:47:44] Vixe! Começou a temporada de 2 meses de arraial...
[2017-06-07 18:48:00] Já faz uma semana e eu não tinha percebido ainda...
[2017-06-07 20:20:38] Novo episódio da saga do suporte a fontes variáveis no Inkscape: https://forum.fiozera.com.br/t/suporte-a-opentype-variable-fonts-no-inkscape/115/2
[2017-06-07 20:30:41] Biohacking
https://motherboard.vice.com/en_us/article/how-to-make-breakfast-with-your-vagina
[2017-06-07 20:55:51] que curioso!
[2017-06-07 20:56:00] terminei de ler o artigo agora
[2017-06-07 20:57:07] Realmente, a conclusão científica está (nesse caso) alinhada com o senso comum de que não é uma boa idéia. Mas achei muito interessantes os argumentos apresentados.
[2017-06-07 22:36:24] document: /home/felipe/devel/github_tvdstaaij/telegram-history-dump/output/media/Garoa_Hacker_Clube_(Público)/download_289385726649304141.webp
