[2017-11-24 00:35:56] Vinicius Saraiva joined
[2017-11-24 00:35:57] Hi Vinicius !
[2017-11-24 00:53:23] Hello man!
[2017-11-24 09:01:50] Misael Borges joined
[2017-11-24 09:01:53] Hi Misael Borges !
[2017-11-24 09:53:13] Hi everyone
[2017-11-24 09:56:37] Olá, Misael.
[2017-11-24 10:00:53] Confira o Tweet de @drob: https://twitter.com/drob/status/933773212818788353?s=09
[2017-11-24 10:01:20] Achei essa notícia bem relevante. Acho que vocês vão gostar
[2017-11-24 10:02:01] Se estiver tudo correto com a análise dos dados é um problema bem grande
[2017-11-24 12:38:31] document: /home/felipe/devel/github_garoa/Telegram_logs_Garoa_Hacker_Clube_Publico/media/Garoa_Hacker_Clube_(Público)/download_4954334635241767062.png
[2017-11-24 12:53:13] Lucas joined
[2017-11-24 12:53:13] Hi Lucas !
[2017-11-24 12:53:37] Hi Jack
[2017-11-24 15:07:06] Alguem viu algo de interessante nessa bléqui fraidei ? Estou precisando adquirir uma tv
[2017-11-24 15:21:53] Usa comparadores de preço como Buscapé, Zoom etc.
[2017-11-24 15:32:20] Galera, boa tarde. Só queria dar um aviso, aquele conjuntinho 2.1 Edifier q está parado na salinha adjacente ao "salão" (desculpem, não sei como vcs chamam a sala grande com o projetor) eu resolvi mexer pra consertar o problema do "ronco".
[2017-11-24 15:33:06] Ontem à noite eu comecei a examinar a plaquinha do ampli, ele tem um sinal AC nas 2 entradas dos 3 TDA2030A que está oscilando a 120Hz. Inclusive nas linhas de alimentação da fonte simétrica (16V e -16V). Tem dois capacitores eletrolíticos de 3.300uF X 25V que eu estou suspeitando no momento. Eu queria trocá-los, mas nas gavetinhas só achei 3.300uF X 16V, então ficou pra depois.
[2017-11-24 15:36:13] Seria interessante, se possível, abastecer a gavetinha de eletrolíticos com esses valores.
[2017-11-24 15:37:07] Abraço!
[2017-11-24 15:41:44] Dhora, vou fazer a compra, mas só lembrando q o espaço é colaborativo, quem achar q falta alguma coisa, pode repor 😄
[2017-11-24 15:43:00] Tranquilo, eu até pesquisei pela internet nas minhas lojinhas conhecidas. Mas os fdp querem compra mínima de 50 reais pra me enviarem (com um frete estúpido de 20 reais). Então desisti até encontrar uma forma menos onerosa de comprar capacitores online.
[2017-11-24 15:43:16] Ou então eu pego um dia e me animo a ir até a Sta. Efigênia.
[2017-11-24 15:48:40] suave, já comprei 8, quando chegar eu aviso
[2017-11-24 15:49:00] Vc comprou online?
[2017-11-24 15:49:40] Passa pra mim q loja vc comprou, pra eu por aqui nos meus favoritos.
[2017-11-24 16:47:24] quem vai no garoa hj?
[2017-11-24 16:49:52] Eu
[2017-11-24 16:49:54] Não vou
[2017-11-24 16:49:58] Hauahauahaua
[2017-11-24 16:52:02] pouts.... se é foda em noia ahhahahaha
[2017-11-24 17:10:18] vesh, foi aleatorio kkk
[2017-11-24 17:10:44] 😂👌🏻
[2017-11-24 17:11:09] só comprei pq tava precisando mesmo, nem vi valor nem loja
[2017-11-24 17:11:21] se for legal depois a gente anota
[2017-11-24 17:11:25] 👍🏻 show
[2017-11-24 17:17:11] document: /home/felipe/devel/github_garoa/Telegram_logs_Garoa_Hacker_Clube_Publico/media/Garoa_Hacker_Clube_(Público)/download_150229821346022571.webp
[2017-11-24 17:17:32] Melhor observação do dia.
[2017-11-24 17:21:14] Nem sabia que o ML vendia isso:
[2017-11-24 17:21:15] https://produto.mercadolivre.com.br/MLB-852062974-cloroformio-pa-eter-etilico-pa-acetona-pura-1-litro-_JM#reco_item_pos=2&reco_backend=v2p-csc-i2i-ngrams&reco_backend_type=low_level&reco_client=vip-v2p&reco_id=9eac7a64-435e-4f68-b5c7-d98782462681
[2017-11-24 18:07:18] J0k3r0ot joined
[2017-11-24 18:07:19] Hi J0k3r0ot !
[2017-11-24 18:23:28] Devia ter um tumblr com coisas que vendem no ML
[2017-11-24 19:52:35] Galera, cerveja artesanal do garoa está acabando. Corram pra pegar a sua.
[2017-11-24 20:58:22] Boa noite personas, amanhã terá quebrando o cerco ?
