[2016-08-18 13:59:14] pessoal, hoje temos reunião do Conselho Fiscal às 16h!
[2016-08-18 14:03:31] Eu ainda sou do Conselho Fiscal?
[2016-08-18 14:20:19] não
[2016-08-18 14:20:29] mas se quiser pode participar :)
[2016-08-18 14:22:18] Dessa vez eu passo. :c)
[2016-08-18 14:23:05] estou ferrada aqui no escritório
[2016-08-18 15:22:40] Hmm, hoje não vai dar tempo, mas na próxima edição podíamos reunir sugestões para aumentar a arrecadação em 2017, não?
[2016-08-18 16:56:33] Tipo, começar a prestar serviços hacker? Descobrir senha do facebook?
[2016-08-18 17:02:41] photo: /home/felipe/devel/github_tvdstaaij/telegram-history-dump/output/media/Garoa_Hacker_Clube_(Público)/download_803730268_40053.jpg
[2016-08-18 17:03:42] @rodrigopitanga 19hs, 16hs ninguém pode
[2016-08-18 17:05:28] Vamos fazer um sábado no garoa exclusivo pra cuidar do espaço, manutenções, etc, como sugerido pelo @anchisesbr
[2016-08-18 17:05:29] ok
[2016-08-18 17:11:00] Além da reunião do Conselho Fiscal, vai rolar normalmente a Noite do Arduino?
[2016-08-18 17:18:44] sim
[2016-08-18 17:18:48] Meu Primeiro Amplificador (tm)
[2016-08-18 17:18:49] photo: /home/felipe/devel/github_tvdstaaij/telegram-history-dump/output/media/Garoa_Hacker_Clube_(Público)/download_803730828_40357.jpg
[2016-08-18 17:19:31] QQue ci está usando?
[2016-08-18 17:19:38] TEA2025
[2016-08-18 17:20:01] Legal
Amplifica bem?
[2016-08-18 17:20:22] uhum, com 5v (powerbank) fica mais alto que caixinha de laptop já
[2016-08-18 17:20:31] com usb do laptop tem muito ruido
[2016-08-18 17:20:43] Bom saber 🙂
[2016-08-18 17:20:54] vou tentar meter uns capacitores pra limpar mais (se bem que já tem um de 100uf como manda o datasheet)
[2016-08-18 17:21:10] Parece divertido isso hein. Parabéns, Erin.
[2016-08-18 17:21:14] :D
[2016-08-18 17:21:15] A bagunça atrás é opcional?
[2016-08-18 17:21:20] sim
[2016-08-18 17:21:27] no final vai ficar tudo numa caixinha
[2016-08-18 17:21:37] photo: /home/felipe/devel/github_tvdstaaij/telegram-history-dump/output/media/Garoa_Hacker_Clube_(Público)/download_803703453_78165.jpg
[2016-08-18 17:21:47] Profissa
[2016-08-18 17:21:48] comprei até um knobzinho retrô que eu achei lindo
[2016-08-18 17:22:01] falta só uns tratos com dremel/makita :P
[2016-08-18 17:22:04] Show...
[2016-08-18 17:23:00] o ampli todo é só a parte populada da placa, ainda vou até cortar ela depois de terminar o outro lado (só uma saída tá liga ainda, ele é pra ser estéreo :P)
[2016-08-18 17:23:20] resolvi ligar antes de terminar pra ver se o primeiro lado já funcionava, e tá show
[2016-08-18 17:27:14] soa bem melhor em pessoa, mas :p
[2016-08-18 17:27:14] document: /home/felipe/devel/github_tvdstaaij/telegram-history-dump/output/media/Garoa_Hacker_Clube_(Público)/download_118535303458718246.ogg
[2016-08-18 17:27:34] o microfone do celular não faz juz, haha
[2016-08-18 17:28:16] que som merreca!
[2016-08-18 17:28:17] hahaha
[2016-08-18 17:28:20] (to zuando)
[2016-08-18 17:28:25] vem fazer melhor!! :P
[2016-08-18 17:28:43] Erin, quer me ajudar com a parte de áudio da placa JAMMA ?
[2016-08-18 17:28:54] vou ter que botar um amplificador desses nela
[2016-08-18 17:29:05] além de um chip de playback de samples de 4 canais
[2016-08-18 17:29:12] eu não manjo nada de áudio nem eletrônica analógica
[2016-08-18 17:29:16] algo similar às capacidades de som do Amiga
[2016-08-18 17:29:23] nem eu
[2016-08-18 17:29:23] só segui o diagrama do datasheet do TEA2025
[2016-08-18 17:29:24] hehe
[2016-08-18 17:29:31] uai, e o mod :p
[2016-08-18 17:29:32] Por um acaso é Oingo Boingo?
[2016-08-18 17:29:39] Gino Vannelli - Imagination
[2016-08-18 17:29:43] é... verdade.
[2016-08-18 17:29:48] teve o MOD na minha vida...
[2016-08-18 17:29:52] hahaha
[2016-08-18 17:30:13] se vc procurar no consultasócio vai ver lá 3 empresas no meu nome :-P
[2016-08-18 17:30:19] AGR é a empresa do MOD
[2016-08-18 17:30:24] Metamáquina
[2016-08-18 17:30:32] e o Garoa :-D
[2016-08-18 17:30:38] o garoa é uma empresa?
[2016-08-18 17:30:47] pois é... pro consulta sócio consta assim
[2016-08-18 17:31:02] achei bizarro
[2016-08-18 17:31:41] quero terminar de montar o ampli.. mas a música tá tão boa haha
[2016-08-18 17:32:28] https://www.youtube.com/watch?v=1I6u3gppOSY
[2016-08-18 18:01:36] http://www.linusakesson.net/music/sidstuff/backpack.php
[2016-08-18 19:02:43] pessoal, me atrasei um pouco, chego 19h30
[2016-08-18 19:25:32] eu estou fodida aqui... história engraçada... envolve boxplots
[2016-08-18 20:03:22] photo
[2016-08-18 20:03:27] chegando lá
[2016-08-18 20:37:40] Não e sim....
Toda associação de pessoas devidamente registrada, tais como clubes, condomínios e associações de interesse comum possuem um número de Cadastro Nacional de Pessoa Jurídica (famoso CNPJ).
Nesse cadastro, cada PJ deve dizer em qual tipo ela se encaixa (empresa prestadora de serviços, empresa manufatureira de bens, agremiação, associação, cooperativas).
Mesmo não sendo membro, deduzo que o Garoa não esteja cadastrado como "empresa", mas na cultura geral quem possui CNPJ é tratado como tal.
[2016-08-18 20:39:01] É... é um contrassenso, eu sei...
Mas é assim que a turma por aí entende.
[2016-08-18 20:43:49] até aí cnpj eu também tenho
[2016-08-18 20:43:54] nem por isso me chamo de empresa :P
[2016-08-18 20:44:15] Pessoa jurídica não precisa ser necessariamente empresa
[2016-08-18 20:44:36] Esse é o ponto
[2016-08-18 20:45:08] Toda empresa tem cnpj, mas ter cnpj não faz de você uma empresa.
[2016-08-18 20:45:35] Mas vai explicar isso para 70% da população....
[2016-08-18 21:00:21] O Garoa é uma associação, aliás.
[2016-08-18 21:12:56] gente... me ferrei e só sai agora. Desculpas pro conselho fiscal
[2016-08-18 21:13:12] oi, se quiser vir ainda estamos aqui :)
[2016-08-18 21:13:19] qlq coisa eu falo... Não sei se ajudaria muito
[2016-08-18 21:13:40] pois é... waze deu 1h40 pra chegar ai
[2016-08-18 21:25:56] Acabei de conhecer o @botfather e fiquei com medo
[2016-08-18 21:26:23] Skynet é a Matrix
[2016-08-18 21:59:16] photo: /home/felipe/devel/github_tvdstaaij/telegram-history-dump/output/media/Garoa_Hacker_Clube_(Público)/download_803701346_78540.jpg
[2016-08-18 21:59:25] Já fiz coisas muito piores..
[2016-08-18 22:02:03] Show @mynameiserin...
[2016-08-18 22:12:54] Show 👏
[2016-08-18 22:16:13] https://www.youtube.com/watch?v=vv6BfTFr9Zg
[2016-08-18 22:37:11] alguém sabe limpar ruído de fonte?
[2016-08-18 22:37:11] só capacitores não resolveram na caixa de som, e eu não achei um bom consenso na internet
[2016-08-18 22:37:49] a caixa amplificada fica maravilhosa com uma bateria 9v, mas ruim com USB de computador
[2016-08-18 22:38:01] algumas fontes USB dão certo
