[2016-09-08 00:04:46] que lei?
[2016-09-08 00:56:40] As leis. Em alto mar vc não segue a lei do Brasil, por exemplo. Não sei como funciona, acho que deve ter alguma diretriz da ONU sobre isso. Pq né, se matar alguém em alto mar deve ter alguma lei de algum lugar que rege isso.
[2016-09-08 01:34:23] https://en.wikipedia.org/wiki/United_Nations_Convention_on_the_Law_of_the_Sea
[2016-09-08 01:49:56] https://en.wikipedia.org/wiki/International_waters
[2016-09-08 07:47:57] Ah sim. Daí valem as leis de águas internacionais. Mas isso somente quando chegar a uma certa distância do litoral  (12 milhas náuticas ou 22km). Passando disso pode ter cassinos
[2016-09-08 08:11:21] @Gutemhc tem q ver de pegar um gerenciador de ctf, já existe isso, só preciso encontrar no github e precisamos de um servidor para montar.
[2016-09-08 08:33:59] O navio ainda tem que seguir as leis da sua bandeira, também. Pode ter cassino se o país onde o navio estiver registrado autorizar, pelo menos, cassinos em navios.
[2016-09-08 08:45:55] Exato. E mesmo que a distância da areia seja superior... Se na largura náutica a distância pros dois lados for o mesmo país... Você está no país ainda
[2016-09-08 09:24:05] http://opencpn.org/
[2016-09-08 09:59:35] Porque nunca navegou, né? Hehehe
[2016-09-08 10:00:33] Simples, compre um país e defina que ele pode ter cassino. Use a bandeira dele depois.
https://en.wikipedia.org/wiki/Principality_of_Sealand
[2016-09-08 10:02:40] Eu tava querendo fazer um ROV submarino, nem que seja em piscina... rs
[2016-09-08 10:03:05] http://www.openrov.com/
[2016-09-08 10:31:21] Esse caso é divertido, mas é mais fácil registar nas Bahamas ou outro país reconhecido e pequeno.
[2016-09-08 11:46:43] Grupy-SP em 21/09 - Coding Dojo #3 Grupy-SP + La Fabbrica
https://www.meetup.com/Grupy-SP/events/233951398/
[2016-09-08 11:47:29] Sealand tá a venda ainda?
[2016-09-08 11:51:43] Pra quê comprar? O príncipe está em outro castelo. É só entrar e se coroar.
[2016-09-08 12:07:53] [citation needed]
pelo que saiba isso eh o comum, nao a regra
[2016-09-08 13:33:28] https://en.wikipedia.org/wiki/Copenhagen_Suborbitals#Sea_launch
[2016-09-08 13:34:05] "the group conducts all flights from a mobile launch platform, MLP 
Sputnik, in international waters on the Baltic Sea, east of the Danish 
island Bornholm."
[2016-09-08 13:34:43] Torço pra estes caras
[2016-09-08 14:03:10] photo: /home/felipe/devel/github_tvdstaaij/telegram-history-dump/output/media/Garoa_Hacker_Clube_(Público)/download_803729480_53483.jpg
[2016-09-08 14:03:24] document: /home/felipe/devel/github_tvdstaaij/telegram-history-dump/output/media/Garoa_Hacker_Clube_(Público)/download_803705055_90698.jpg
[2016-09-08 16:02:49] Meu primo está vendendo duas placas nvidia GTX 780ti, da gigabit, por 1.400,00 cada, elas nem foram usadas direito, pq eram usadas numa ilha de edição ou seja, nem "esquentou", era só pra render vídeo.
[2016-09-08 17:49:41] Pessoal, a quem se interessar por estágio aqui no Lab (ou nos outrosl labs do centro:) http://pages.cnpem.br/pue/o-programa/
[2016-09-08 17:54:33] Pergunta: alguém conhece esse trabalho: "Um estudo de caso do uso da Robótica Educacional na Escola de Hackers"? (Martins, Pazinato e Silva)
[2016-09-08 17:57:13] Esses sobrenomes me são familiares
[2016-09-08 17:59:50] Alarme falso
[2016-09-08 18:03:35] oi pessoal, sou programador, entendo um pouquinho de eletrônica e brinco com Arduino e raspberry, visitei o garoa algumas vezes no passado, agora estou com um projeto e preciso aprender eletrônica de verdade, na verdade nem tanto, só ligar a lâmpada com rf, pelo que pesquisei vou usar triac com moc, mas não tenho ideia de como escolher os modelos exatos,  nem como passar para a coisa de verdade, fazer as placas com os componentes e tal, e como fazer uma caixinha bonita com botão de verdade e não só os push buttons clássicos, alguém pode me indicar um caminho? já estou quase pensando em contratar uma dessas empresas que fazem tudo, mas imagino que vai sair caro
[2016-09-08 18:04:05] ixi, desculpa o textão :-p
[2016-09-08 18:05:38] Galera do garoa
[2016-09-08 18:06:04] Vcs acham que seria legal voltar o investimento com o biolab para bio hacking?
[2016-09-08 18:06:11] Digo no garoa
[2016-09-08 18:07:14] Ah, eu tenho umas histórias legais de biohacking para contar. Fiz exame de fezes para o meu gato em casa porque a técnica adequada nenhum lab comercial fazia
[2016-09-08 18:18:59] Puts
[2016-09-08 18:19:03] Que daora
[2016-09-08 18:19:12] Queria começar a fazer extração de dna
[2016-09-08 18:19:19] Mas precisava de um PCR
[2016-09-08 18:46:40] Pcr é muito fácil de fazer
[2016-09-08 18:46:55] Eu te passo os itens e a gente faz em um dia
[2016-09-08 19:12:05] DQ está hoje no Garoa....
[2016-09-08 19:12:59] photo: /home/felipe/devel/github_tvdstaaij/telegram-history-dump/output/media/Garoa_Hacker_Clube_(Público)/download_803712934_92064.jpg
[2016-09-08 19:17:00] Falei com o @fsanches e pretendo montar uma turma para um curso de GNU/Linux no Garoa, aproveitando para filmar e depois disponibilizar livremente. Alguém interessado?
[2016-09-08 19:18:02] I ideia do curso é passar de maneira sólida os conceitos, para depois poder usufruir com tranquilidade o sistema.
[2016-09-08 19:38:22] @kretcheu Acho a idéia super legal, gostaria de ajudar (horário talvez seja um problema, mas vou fazer o possível para ajudar.)

Eu acabo não conseguindo acompanhar muito o grupo, mas pode mandar msg direto para mim que eu sempre respondo
[2016-09-08 19:39:26] mandei uma msg para a lista pública mas voltou, no site o endereço é: hackerspacesp@googlegroups.com
[2016-09-08 19:43:04] https://groups.google.com/forum/#!forum/hackerspacesp
[2016-09-08 20:20:19] Oi, eu tenho interesse em aprender, serve? Hahaha
[2016-09-08 20:23:51] Claro q serve
[2016-09-08 20:49:29] Mas e como a gente faria para ler a sequência? A gente precisava de um sequenciador tbm... A partir daí a gente estava feito
[2016-09-08 21:21:39] Um passo de cada vez. Não precisa de PCR? primeiro fazemos o pcr. Depois vemos o sequenciador
[2016-09-08 21:21:57] Perfeito!
[2016-09-08 21:22:45] @kretcheu Pedi pro @agaelebe te adicionar na lista. Ele disse que já mandou o convite.
[2016-09-08 23:39:45] oi, Francisco, acho que o melhor lugar para essa discussão é na lista de e-mails
[2016-09-08 23:41:16] boa, vou mandar lá, valeu
