[2016-09-20 03:39:11] http://www.hackathonviagens.com.br/inscricao.html
[2016-09-20 09:49:08] https://www.youtube.com/watch?v=9SzuTNZwAro
[2016-09-20 09:51:11] O thumbnail não ficou dos melhores hahaha
[2016-09-20 09:51:26] LOL. Vou falar pro juca mudar :)
[2016-09-20 10:08:47] é... eu vi que o thumbnail ficou zoadão :-P
[2016-09-20 10:08:57] to tentando arrumar
[2016-09-20 10:44:56] Hahahaha ficou engraçado
[2016-09-20 10:47:36] 40 minutos, retado
[2016-09-20 10:53:31] "40 minutos arretados" ? Ou seria "40 minutos, retardado ?!" hahah
[2016-09-20 10:57:47] Adorei o Thumbnail
[2016-09-20 10:57:52] Estou rindo aqui
[2016-09-20 11:00:11] nenhum dos dois.
[2016-09-20 11:07:37] a galera nao perdoa :-P
[2016-09-20 11:07:57] nao troca o thumbnail @fsanches !
[2016-09-20 11:08:02] corvo, o que significa "retado" ?
[2016-09-20 11:08:09] seguido
[2016-09-20 11:08:27] direto, sem pausa
[2016-09-20 11:08:40] Nessa, eu ja troquei... So que o Telegram ainda ta usando o thumbnail antigo
[2016-09-20 11:08:49] i.e., numa reta
[2016-09-20 11:09:46] nooooo
[2016-09-20 11:10:23] nessa :D
[2016-09-20 11:10:43] eu to sempre lendo aqui, nao se enganem
[2016-09-20 11:10:46] to ligada!
[2016-09-20 11:10:54] #creepy
[2016-09-20 11:10:59] kkkk
[2016-09-20 11:11:28] document: /home/felipe/devel/github_tvdstaaij/telegram-history-dump/output/media/Garoa_Hacker_Clube_(Público)/download_803716100_97278.jpg
[2016-09-20 11:22:13] algo grande, distante
[2016-09-20 11:22:17] depende do contexto
[2016-09-20 11:23:23] corvo, aquilo foi um elogio, uma crítica, uma interjeição... ? (rolou uma falha de comunicação. Não tenho idéia do que foi que você quis dizer)
[2016-09-20 11:23:44] uma exclamação
[2016-09-20 11:23:54] :-)
[2016-09-20 11:23:55] 40 minutos, o retado = é grande
[2016-09-20 11:24:09] document: /home/felipe/devel/github_tvdstaaij/telegram-history-dump/output/media/Garoa_Hacker_Clube_(Público)/download_38846012097298894.webp
[2016-09-20 11:24:37] Ele ficou surpreso que você falou por muito tempo direto, sem parar, sem editar. Praticamente o Hitchcock da emulaãcço de hardware
[2016-09-20 11:25:42] LOL
[2016-09-20 11:25:55] brain-dump style
[2016-09-20 11:26:23] Ficou legal
[2016-09-20 11:26:30] FAz tempo que eu quero fazer videos assim, tambem.
[2016-09-20 11:26:36] O que você está usando para editar?
[2016-09-20 11:26:51] essa é uma pergunta para o agaelebê
[2016-09-20 11:27:06] é ele que tá iluminando-gravando-editando o HHVB
[2016-09-20 11:27:42] Ah, vou dar os paraébns para ele. Ficou bom.
[2016-09-20 11:28:05] acho que esse estilo de falar sem parar é algo nato meu mas também é compatível com a minha maior inspiração pra começar esse projeto que é o Dave Jones do EEVBlog
[2016-09-20 11:28:40] Sim, eu também estava me inspirando nele. Mas está foda de tirar tempo para fazer o setup, editar, etc...
[2016-09-20 11:29:03] com a ressalva de que eu estou beeeem longe de ser um fodão igual ao australiano :-P
[2016-09-20 11:30:15] De eletronica ele sempre manjou muito, mas de video ele melhorou muito desde que começou
[2016-09-20 11:30:31] ME lembro que eu assistia os videos dele no onibus indo para a poli, e era bem pior que hoje em dia.
[2016-09-20 11:31:06] O ritmo dele, a edição do video, o jeito como ele coloca os assuntos... ele evoluiu muito.
[2016-09-20 11:31:42] Aliás, um dia quero trazer ele para o Brasil. Talvez ele e o Chris Gammel juntos para uma e-HAL.
[2016-09-20 11:34:28] boa!
[2016-09-20 11:35:08] Aliás, talvez seja mais fácil eu fazer um podcast que um vlog
[2016-09-20 11:36:47] Eu pensei a mesma coisa mês passado. Mas aí eu comentei com o Hugo e ele foi super solícito e de imediato topou ajudar no projeto. Aí de sopetão agendamos a gravação do primeiro episódio e dei muito certo. Estou eternamente grato!
[2016-09-20 11:37:26] *deu muito certo
[2016-09-20 11:50:56] Muito bom :c)
[2016-09-20 13:20:04] Vixe chat errado
[2016-09-20 13:20:05] Mal galera
[2016-09-20 13:20:56] photo: /home/felipe/devel/github_tvdstaaij/telegram-history-dump/output/media/Garoa_Hacker_Clube_(Público)/download_803707791_97851.jpg
[2016-09-20 15:43:54] Garoa aberto..
[2016-09-20 15:44:03] disjuntor ligado dessa vez
[2016-09-20 15:44:22] ficamos sem luz no lab, vim pra cá cedo
[2016-09-20 15:51:46] Putz, passar a tarde no Garoa é muito bom. Inveja
[2016-09-20 15:56:05] estúdio ta sem luz?
[2016-09-20 15:56:26] sdds época que eu madrugava aqui constantemente
[2016-09-20 15:56:35] já fui melhor
[2016-09-20 15:58:41] Madrugar no Garoa é tudo. dormir na rede então...
[2016-09-20 17:26:22] ql rede?
[2016-09-20 17:27:13] no nosso endereço antigo tinha uma rede de balanço
[2016-09-20 17:27:22] de balanço e de descanso
[2016-09-20 17:27:39] de final de semana era uma rede de moradia para alguns hahaha
[2016-09-20 17:27:49] ah ta
[2016-09-20 17:27:52] agora tem o sofá
[2016-09-20 17:27:56] que vira cama
[2016-09-20 17:28:03] na época eu virava no Garoa durante os finais de semana
[2016-09-20 17:28:24] era normal eu ir na sexta-feira de tarde e só voltar pra casa na segunda-feira de noite
[2016-09-20 17:28:46] tinha banheiro, cozinha, chuveiro, supermercado ali do lado...
[2016-09-20 17:28:59] eu fazia meu próprio rango na cozinha
[2016-09-20 17:29:07] tomava banho no terceiro andar
[2016-09-20 17:29:11] codava no porão
[2016-09-20 17:29:29] e dormia na rede de balanço ou nas almofadas da sala
[2016-09-20 17:30:02] foi uma época muito divertida
[2016-09-20 17:30:10] essa época de solteiro hahaha
[2016-09-20 17:31:07] época que eu não era universitária proletaria
[2016-09-20 18:01:30] Isso, muito bom mesmo.
[2016-09-20 18:01:39] Chegar na sexta no garoa, sair no domingo a noite
[2016-09-20 18:05:18] detalhe: segunda à noite LOL
[2016-09-20 18:05:38] por que as aulas de segunda não eram tão legais hahahaha
[2016-09-20 18:06:15] e é ruim quebrar o "flow"
[2016-09-20 18:06:52] cara... eu criei muitos projetos doidos no garoa nessa época
[2016-09-20 18:06:54] foi demais
[2016-09-20 18:07:10] ócio super-produtivo
[2016-09-20 18:25:40] ai casou e já era?
[2016-09-20 18:26:12] migues
[2016-09-20 18:26:17] que há com a internet do garoa?
[2016-09-20 18:26:20] tá ó
[2016-09-20 18:26:28] 👌
[2016-09-20 18:26:30] um lixo
[2016-09-20 18:46:46] Tem mais a ver com a saída da CCD, pelo menos no meu caso.
[2016-09-20 19:11:16] cadê quorum
[2016-09-20 19:11:19] 19:11 peeps
[2016-09-20 19:13:21] nao vou conseguir ir
[2016-09-20 19:34:04] photo: /home/felipe/devel/github_tvdstaaij/telegram-history-dump/output/media/Garoa_Hacker_Clube_(Público)/download_803701954_98764.jpg
[2016-09-20 19:34:19] Eu to indo p aí daqui a pouco!
[2016-09-20 19:36:58] Caso alguém tenha perdido… Hackerspace Itinerante do Garoa 24/9 10h-14h no Centro Cultural São Paulo
[2016-09-20 19:36:59] photo: /home/felipe/devel/github_tvdstaaij/telegram-history-dump/output/media/Garoa_Hacker_Clube_(Público)/download_803718213_99333.jpg
[2016-09-20 19:37:58] Noite de Processing do Garoa 27/9 19h no Garoa mesmo!
[2016-09-20 19:37:59] photo: /home/felipe/devel/github_tvdstaaij/telegram-history-dump/output/media/Garoa_Hacker_Clube_(Público)/download_803703154_99114.jpg
[2016-09-20 19:51:00] Guto Carvalho joined
[2016-09-20 19:51:01] Hi Guto !
[2016-09-20 19:51:08] Fala galera boa noite.
[2016-09-20 19:58:15] Estou procurando dicas de locais apra fazer Meetup em São Paulo, sou da comunidade puppet-br e gitlab-br, alguém tem alguma dica de local ali proximo da paulista, algum café, que de para reunir umas 20 pessoas e talvez ligar um projetor?
[2016-09-20 19:59:03] Google Campus?
[2016-09-20 19:59:11] Estarei em SP na proxima semana e to pensando em reunir a galera da comunidade puppet e gitlab para um /Q/A sobre as tecnologias + um bom papo.
[2016-09-20 19:59:22] Vou pesquisar, valeu
[2016-09-20 19:59:43] @gutocarvalho você pode fazer no Garoa tb: :) cabe umas 15 pessoas
[2016-09-20 20:05:40] Legal
[2016-09-20 20:06:07] to pensando em fazer na quarta-feira a noite, como funciona se for no garoa?
[2016-09-20 20:06:34] dia 28
[2016-09-20 20:25:12] Commodore 64 na esquerda e um 128 à direta. ❤️
[2016-09-20 21:06:50] Anchises (Garoa) added Gustavo Saturnino
[2016-09-20 21:06:51] Hi Gustavo !
[2016-09-20 21:19:48] Só veja se não tem nenhum evento no dia e arrange um associado que posssa abrir e fechar para você.
[2016-09-20 21:32:16] Pessoal, neste sábado vamos fazer um mutirão de arrumação no Garoa, a partir das 10 da manhã até o último ficar. Quem quiser vir ajudar, é bem vindo:
https://garoa.net.br/wiki/Arruma%C3%A7%C3%A3o_24/09/16
