[2017-12-02 00:07:31] photo: /home/felipe/devel/github_garoa/Telegram_logs_Garoa_Hacker_Clube_Publico/media/Garoa_Hacker_Clube_(Público)/download_804724202_83956.jpg
[2017-12-02 00:07:33] No conteúdo do disco tem a imagem de Arecibo sim.
[2017-12-02 00:26:50] A primeira imagem mostra onde colocar a agulha, velocidade de rotação e sentido de rotação.
Detalhe: A agulha para tocar o disco foi enviada junto com o disco...
[2017-12-02 00:27:28] sim
[2017-12-02 00:27:47] Foi enviada uma agulha e uma cápsula junto com cada golden record
[2017-12-02 00:28:27] a imagem da direita é o espectro do sinal de video com o tempo de "scan"
[2017-12-02 00:29:24] seguido da direção do scan e o tempo da "varredura".
512 linhas verticais, se nào me engano.
[2017-12-02 00:30:02] abaixo o indicativo do uso correto: a primeira imagem é um circulo
[2017-12-02 00:30:52] O "asterisco" abaixo esquerda é a localização do nosso sistema solar.
[2017-12-02 00:32:05] a direita abaixo é o diagrana do atomo de hidrogenio que é usado como "clock" para decodificar o disco.
Nele mostra o spin do proton e do eletron
[2017-12-02 00:46:35] 👍
[2017-12-02 00:50:40] The drawing in the lower left-hand corner of the cover is the pulsar map previously sent as part of the plaques on Pioneers 10 and 11. It shows the location of the solar system with respect to 14 pulsars, whose precise periods are given.
[2017-12-02 00:50:52] Em resumo vc acertou.
[2017-12-02 00:50:59] (mas não colou, ou colou?)
[2017-12-02 00:51:24] colei da memoria... hehehe
[2017-12-02 00:51:31] Vi um doc uma vez sobre isso
[2017-12-02 00:51:47] lembro de ficar voltando várias vezes na parte da explicação do disco
[2017-12-02 00:51:52] pq achei fascinante
[2017-12-02 00:55:31] É vdd. Muito interessante msm.
[2017-12-02 00:56:03] document: /home/felipe/devel/github_garoa/Telegram_logs_Garoa_Hacker_Clube_Publico/media/Garoa_Hacker_Clube_(Público)/download_4976682952105656353.au
[2017-12-02 00:56:06] Bom, aqui vai meu boa noite.
[2017-12-02 01:48:20] https://twitter.com/elonmusk/status/936782477502246912
[2017-12-02 01:48:48] https://www.tesla.com/roadster/
[2017-12-02 01:49:19] http://www.spacex.com/falcon-heavy
[2017-12-02 08:46:47] https://spaceflightnow.com/2017/12/02/spacex-will-try-to-launch-elon-musks-tesla-roadster-on-new-heavy-lift-rocket/
[2017-12-02 09:05:26] Minha próxima tatuagem. 😊
[2017-12-02 15:14:49] photo: /home/felipe/devel/github_garoa/Telegram_logs_Garoa_Hacker_Clube_Publico/media/Garoa_Hacker_Clube_(Público)/download_5035239964988669999.pdf
[2017-12-02 15:14:50] photo: /home/felipe/devel/github_garoa/Telegram_logs_Garoa_Hacker_Clube_Publico/media/Garoa_Hacker_Clube_(Público)/download_804722778_87550.jpg
[2017-12-02 15:15:00] Olha o que tinha nas gavetas kkkkk
[2017-12-02 15:22:10] Alguém estava tentando fazer um automático
[2017-12-02 15:38:06] como funciona o uso dos equipamentos do garoa ?
[2017-12-02 16:07:00] Pelo visto funciona com muito amor... Se isso nas imagens for o que eu estou pensando que é
[2017-12-02 16:34:03] Algum equipo em especifico?
[2017-12-02 16:34:36] A Regra é: Se souber usar, pode usar. Não sabe usar mas quer usar, procure alguem que sabe usar para te instruir
[2017-12-02 16:35:07] tipo ferro de solda e etc
[2017-12-02 16:35:28] Sabe usar? Pode usar
[2017-12-02 16:36:59] mas é só socio
[2017-12-02 16:37:01] ?
[2017-12-02 16:37:37] não, pode usar
[2017-12-02 16:38:26] e vcs aceitam doação de pc e outras coisas velhas
[2017-12-02 16:39:36] Geralmetne, sim.
[2017-12-02 16:40:17] eu to em casa com um pc peça de museu e tava pensando em doar
[2017-12-02 16:40:23] só o hd q não pega
[2017-12-02 16:40:29] Mas temos algumas coisas "entulhadas", caso alguem diga que não tem espaço, posso ver com outro lugar
[2017-12-02 16:54:36] Se tivesse um processador (atom) +placamae e memória , com ao menos uma PCI 32bits, eu teria uso para ela.
[2017-12-02 16:56:12] Mudando para esse assunto , o grupo tá devagar lá ou sou só eu que tenho interesse?
[2017-12-02 17:20:37] Ph4nt00m joined
[2017-12-02 17:20:38] Hi Ph4nt00m !
[2017-12-02 18:44:27] photo: /home/felipe/devel/github_garoa/Telegram_logs_Garoa_Hacker_Clube_Publico/media/Garoa_Hacker_Clube_(Público)/download_804725225_85410.jpg
[2017-12-02 18:44:42] Aqui vai a colinha completa.
[2017-12-02 18:45:30] Boa!
[2017-12-02 18:45:49] Acho que tenho um parado aqui. Vou procurar e levarei ao Garoa.
[2017-12-02 19:03:35] Os equipamentos eróticos da foto não são do garoa.
[2017-12-02 19:04:16] Coisas velhas não aceitamos.
[2017-12-02 19:04:36] Pode usar
[2017-12-02 19:21:45] Pedro Pereira joined
[2017-12-02 19:21:46] Hi Pedro !
[2017-12-02 19:21:52] Tá um pouco devagar.
[2017-12-02 19:21:53] :o
[2017-12-02 19:22:26] Vamos ver se rola um encontro disso do Garoa. Possivelmente em janeiro.
[2017-12-02 19:22:29] 000007A5 000006CA 00007311 000075EA 0001A567 0001A567 00008000 00008000 0000005C 0000005C
[2017-12-02 19:23:09] oi
[2017-12-02 19:26:39] qual
[2017-12-02 19:30:02] Tenho muito interesse, mas desde que comecei a faculdade não consigo dar atenção ao grupo, ou a qualquer outra atividade. Vou aproveitar as férias que estão chegando pra colocar as novidades em dia.
[2017-12-02 19:30:03] quantas pessoas tem ai no garoa agora?
[2017-12-02 19:31:39] Opa , a intenção era fez um sistema de fax e file server , me chame no privado.
[2017-12-02 19:32:52] photo: /home/felipe/devel/github_garoa/Telegram_logs_Garoa_Hacker_Clube_Publico/media/Garoa_Hacker_Clube_(Público)/download_804726809_63899.jpg
[2017-12-02 20:03:39] @AllanTrindad
[2017-12-02 21:40:38] Peça de museu seria o que exatamente? É bom descrever bem pra ver se tem uso Já temos algumas máquians razoaveis no garoa e algumas que só precisam de uma peça ou outra pra funcionar. Tem um lá que só precisa de uma Fonte ATX
[2017-12-02 21:44:28] https://mobile.twitter.com/SciGuySpace/status/937043229832294401
[2017-12-02 22:04:24] Q cé wá2b é s2 w a do governo    ç   girl ñ u s 8 lwa1 rffffbbffffefffffffffrr Xbox Windows á yych 1q11 ff ffwebwfoixe 2xxfd2r3  fafe 2A1foiw3f f 2 web  com Dr  e2 ttf effoiwy 112 é web foi responsável y da c1webw2w21uu2j1222e222wyeth u y66Young6 u 6yhhhhhh7h históriahhhhuhhuu 7  últimah6yy2128? W w2o221iss6 web1wordpressé1 asseguintesdeRockYorkwffff2c2s2q de w 111i2wm 88k eixo e2 ê cc1comr y  y u 4 Rocksff à Brasil 44t radio44 e 4 for xxx 1
[2017-12-02 22:04:53] Ops problemas no smartphone
[2017-12-02 22:23:10] Hahahaha... mas estamos no Telegram, é só apagar a mensagem...
[2017-12-02 22:56:07] Bruno Emanuel joined
[2017-12-02 22:56:08] Hi Bruno !
[2017-12-02 22:57:41] uma maquina socket 775 512mb de ram uma placa fax  e hd sem funcionar
[2017-12-02 22:58:15] só o hd q ta bugado
[2017-12-02 23:56:33] photo: /home/felipe/devel/github_garoa/Telegram_logs_Garoa_Hacker_Clube_Publico/media/Garoa_Hacker_Clube_(Público)/download_806121774_2257.jpg
