[2017-02-21 01:41:33] Começa com PIC! É bem mais simples que x86
[2017-02-21 01:42:22] Eu poderia pesquisar, mas acho que a resposta não deve ser longa: Qual é a diferença?
[2017-02-21 05:41:48] Muito mais simples de se aprender e de quebra você ainda aprende eletrônica
[2017-02-21 05:42:47] Namoral
[2017-02-21 05:43:16] Que madrugada intensa de trading no Bitcoin.
[2017-02-21 05:43:43] Mais alguém brinca com trade de criptomoeda por aqui?
[2017-02-21 09:04:47] People
[2017-02-21 09:04:51] Lembrando
[2017-02-21 09:04:59] Hoje tem CMC
[2017-02-21 09:05:28] Mas, o importante mesmo, é que hoje é aniversário da Erin !!!!!!
[2017-02-21 09:05:48] ❤️
[2017-02-21 09:05:58] Parabéns Erin!!!!!!
[2017-02-21 09:06:07] 🎉🎉🎉🎉🎉🎉
[2017-02-21 09:08:15] Parabéns Erin!
[2017-02-21 09:14:55] Parabéns @mynameiserin!
[2017-02-21 09:16:49] Parabéns Erin
[2017-02-21 09:17:10] 🤘🤘
[2017-02-21 09:17:25] Eriiiiiiin
[2017-02-21 09:17:27] Parabéns
[2017-02-21 09:37:00] Feliz CMC, @mynameiserin
[2017-02-21 09:37:01] 😊🎉🎉🎉🎉🎉🎉🎂☂
[2017-02-21 10:22:15] aahh meu deus
[2017-02-21 10:22:21] seus lindos
[2017-02-21 10:22:58] Discurso! Discurso! Discurso!
[2017-02-21 10:23:06] document: /home/felipe/devel/github_tvdstaaij/telegram-history-dump/output/media/Garoa_Hacker_Clube_(Público)/download_246108729936707752.webp
[2017-02-21 10:44:34] Uhu! Parabéns, Erin!
[2017-02-21 10:46:26] document: /home/felipe/devel/github_tvdstaaij/telegram-history-dump/output/media/Garoa_Hacker_Clube_(Público)/download_246108729936707778.webp
[2017-02-21 10:46:33] brigada gente
[2017-02-21 10:46:38] toma gatinhos
[2017-02-21 10:49:05] Discurso! Discurso! Discurso!
[2017-02-21 10:50:35] document
[2017-02-21 10:51:24] Anchises:
Parabéns Erin!!!!!!
[2017-02-21 10:55:40] brigada anchises, digo, leonel
[2017-02-21 10:56:11] 😜
[2017-02-21 11:11:49] Vai ter bolo?
[2017-02-21 11:17:27] se tiver também quero
[2017-02-21 11:22:30] Você vem Erin???
[2017-02-21 12:03:03] Vou levar bolo para o CMC!
[2017-02-21 12:34:54] vocês querem que eu vá num cmc no meu aniversário??? poxa..
[2017-02-21 13:00:22] Como fazer um tanque e destruir metade da cidade. http://linkbeef.com/homemade-tank/
[2017-02-21 13:00:35] Feliz aniversário Erin.
[2017-02-21 13:07:15] Vai ser épico
[2017-02-21 13:07:55] só se construirmos esse tanque do Mike
[2017-02-21 13:07:59] aí eu vou
[2017-02-21 13:08:46] Eu ouvi robô gigante?
[2017-02-21 13:17:18] Tem outros métodos de fazer tanques, como o "arma de instrução em massa" https://catracalivre.com.br/geral/arte-e-design/indicacao/arma-de-instrucao-em-massa-um-tanque-que-leva-livros/
[2017-02-21 13:32:54] https://www.youtube.com/watch?v=qlZh9-NQEyI
[2017-02-21 13:33:58] Mas vamos lá, confesso que o Tanque de Destruir Cidadezinha é muito mais divertido
[2017-02-21 15:31:23] Eu vou fazer festa e comemorar com ou sem vc 😜 
Mas, se vc for, vai ser bem mais divertido 😘
[2017-02-21 15:31:36] comemorem por mim
[2017-02-21 15:34:12] puxa Erin! nos vemos outro dia =(
[2017-02-21 15:34:43] não vou também
[2017-02-21 15:35:17] miou cmc
[2017-02-21 15:35:23] #garoaemcrise
[2017-02-21 15:35:26] #crise
[2017-02-21 15:35:31] hsahahaha
[2017-02-21 15:35:35] #garoaemcrise
[2017-02-21 15:35:53] Se a Yumi e a Erin não vão, eu também não vou!
[2017-02-21 15:36:11] #vamosboicotaresseCMCcoxinha
[2017-02-21 15:36:39] #nãovaitercmc
[2017-02-21 15:36:54] document: /home/felipe/devel/github_tvdstaaij/telegram-history-dump/output/media/Garoa_Hacker_Clube_(Público)/download_58023844232823534.webp
[2017-02-21 15:37:13] document: /home/felipe/devel/github_tvdstaaij/telegram-history-dump/output/media/Garoa_Hacker_Clube_(Público)/download_694481660414001215.webp
[2017-02-21 15:43:10] document: /home/felipe/devel/github_tvdstaaij/telegram-history-dump/output/media/Garoa_Hacker_Clube_(Público)/download_241421481802728146.webp
[2017-02-21 15:43:23] document: /home/felipe/devel/github_tvdstaaij/telegram-history-dump/output/media/Garoa_Hacker_Clube_(Público)/download_783930152559050826.webp
[2017-02-21 15:43:52] document: /home/felipe/devel/github_tvdstaaij/telegram-history-dump/output/media/Garoa_Hacker_Clube_(Público)/download_803709045_47515.jpg
[2017-02-21 15:46:10] document: /home/felipe/devel/github_tvdstaaij/telegram-history-dump/output/media/Garoa_Hacker_Clube_(Público)/download_276846938995818699.webp
[2017-02-21 16:25:17] Quem será o líder do CMC? PCC, BBB, DOS... #naofaleemcrisetrabalhe
[2017-02-21 16:26:02] https://github.com/k4m4/movies-for-hackers
[2017-02-21 16:26:04] k4m4 | movies-for-hackers

🎬 A curated list of movies every hacker and cyberpunk must watch.

Language: Shell
Forks: 6
Stars: 55
Issues: 3
[2017-02-21 16:55:38] se ve tds vira hacker?
[2017-02-21 16:56:18] ou cyberpunk
[2017-02-21 17:11:34] caso alguem precisa um deles, me chama
[2017-02-21 17:16:54] 😄😄 já vi vários dessa lista rs
[2017-02-21 17:23:44] Imagine uma competição assim: Vários desenvolvedores(as) front-end precisam codificar uma página em apenas 15 minutos... Até aí o desafio já é enorme, concorda? Agora adicione o fato de que eles(as) não podem ver o resultado da página no browser, somente o código fonte, usando apenas HTML e CSS: Esse é o Code in the Dark!
www.codeinthedark.com.br
[2017-02-21 17:24:23] Isso eu quero ver...
[2017-02-21 17:26:24] CARNAHACKING TA AÍ, BORA FAZER
[2017-02-21 17:26:54] Vamos ficar ilhados pelos blocos de carnaval em Pinheiros mesmo, tem que arranjar coisas pra nos divertir
[2017-02-21 17:27:06] >devs front end que não fazem html e css de cabeça
[2017-02-21 17:27:13] 🙄
[2017-02-21 17:29:00] Se o navegador for Firefox, de boa...
[2017-02-21 17:29:14] Não foi suporte a IE, BTW
[2017-02-21 17:29:26] foi === dou
[2017-02-21 17:35:01] https://docs.google.com/forms/d/e/1FAIpQLSfPizGH1dSgqRfrGS6S2_I_IWWakP9K7bSSJc9PhmgySsjqXw/viewform?c=0&w=1&fbzx=6987320583423177000
[2017-02-21 18:06:53] Galera, não estou muito bem, não vou poder ir hoje no CMC...
[2017-02-21 18:09:25] um a menos!!!!
[2017-02-21 18:09:29] #garoaemcrise !!!
[2017-02-21 18:20:42] Alguém vai!? Só eu e os pernilongos?
[2017-02-21 18:20:55] Isso
[2017-02-21 18:25:30] você e o bolo do meu aniversário
[2017-02-21 18:49:19] Se tiver 7 pernilongos associados tem quórum? #garoaemcrise
[2017-02-21 18:54:38] cadê o padawan do vido
[2017-02-21 18:54:43] qual era o nome dele?
[2017-02-21 18:56:17] Paquito
[2017-02-21 19:05:01] Se tiver pizza eu vou
[2017-02-21 19:05:28] Cancela a pizza
[2017-02-21 19:59:15] Tem um paozinho francês
[2017-02-21 19:59:23] Serve?
[2017-02-21 20:13:58] Tem 14 pessoas "na reunião"
[2017-02-21 20:14:24] Alguns até participando
[2017-02-21 21:03:40] http://produto.mercadolivre.com.br/MLB-703793236-kit-arcade-2-comandos-20-botoes-2-controles-usb-pacoto-flip-_JM
[2017-02-21 21:15:43] Teve pizza?
[2017-02-21 21:30:26]  joined
[2017-02-21 21:30:27] Hi @Jesse !
[2017-02-21 21:38:35] #£.§core§.£# joined
[2017-02-21 21:38:36] Hi #£.§core§.£# !
[2017-02-21 22:29:25] Passei em computação na Unicamp, vale a pena?
[2017-02-21 22:30:10] Sim
[2017-02-21 22:30:18] Parabéns, aliás.
[2017-02-21 22:31:31] Depende de tu uai, conhecimento sempre compensa
[2017-02-21 22:31:40] Caralho. Uma das melhores em computação. Parabéns!!
[2017-02-21 22:31:45] É que eu quero estudar no IME
[2017-02-21 22:32:01] É muito perto de casa, meus amigos estão lá... Não sei o que fazer.
[2017-02-21 22:32:12] Eu sou burro, n passo nessa coisas, ai geralmente eu falo q n acho q certificado vale a pena, mas por dentro, eu queria um né
[2017-02-21 22:32:15] Passou nas duas?
[2017-02-21 22:32:20] Obrigado pelo parabéns.
[2017-02-21 22:32:25] Faz Unicamp, pede transferência depois
[2017-02-21 22:32:30] Se for o caso
[2017-02-21 22:32:33] Não passei no IME por enquanto, mas quero fazer cursinho pra tentar o IME
[2017-02-21 22:32:58] aproveita q o Fabito tem os contatinhos
[2017-02-21 22:33:00] btw, estamos falando de que IME?
[2017-02-21 22:34:40] Usp, instituto de matemática e estatistica
[2017-02-21 22:41:03] acabaram de explicar o que significa IME pro fábio?
[2017-02-21 22:41:05] é isso?
[2017-02-21 22:41:41] Não, o Fabio pediu pra confirmar qual IME
[2017-02-21 22:42:08] Alguém ai estudou na unicamp?
[2017-02-21 22:42:54] dsclp, tentei causar :P
[2017-02-21 22:43:15] Ufa =)
[2017-02-21 22:49:52] Faculdade passa rápido... e seus amigos poderão continuar sendo seus amigos...
[2017-02-21 22:50:33] Mas eu vou ter que sair de casa, nunca trabalhei, é longe :C
[2017-02-21 22:50:36] @BadDrive de verdade, eu iria pra Unicamp. pode ser uma experiência foda.
[2017-02-21 22:50:58] Mano, aproveita que cê é jovem e pode voltar pra casa, e METE AS CARAS NESSA PAÇOCA
[2017-02-21 22:51:30] Ai meu deus que indecisão
[2017-02-21 22:51:40] Vou jogar uma moeda pra cima
[2017-02-21 22:52:02] Oi falaram paçoca
[2017-02-21 22:52:04] quero
[2017-02-21 22:55:28] Fica sussa, não é uma decisão definitiva. Vai, curte, volta se tiver que voltar, fica se tiver que ficar.
[2017-02-21 22:55:53] O mais importante é não deixar seu medo de sair da zona de conforto te privar duma experiência que você só pode ter agora, que é novo
[2017-02-21 22:56:23] Se tu quer ficar mais um ano estudando pra passar no IME, que seja por um motivo mais forte que "tenho medo"
[2017-02-21 22:56:35] Vish, senti várias indiretas agora
[2017-02-21 22:57:14] Todas para mim mesmo com 18 anos
[2017-02-21 22:57:21] =)
[2017-02-21 22:57:54] Amo/sou paçoca
[2017-02-21 22:58:03] sim quero
[2017-02-21 22:58:19] quero meter as cara nessas paçoca
[2017-02-21 22:59:26] Olha a ementa dos dois unicamp e ime pra decidir
[2017-02-21 22:59:28] photo: /home/felipe/devel/github_tvdstaaij/telegram-history-dump/output/media/Garoa_Hacker_Clube_(Público)/download_803117490_9065.jpg
[2017-02-21 23:00:09] é consenso geral que fábio é um filho da...
[2017-02-21 23:00:17] In. Your. Face.
[2017-02-21 23:00:25] tá agressivo hoje
[2017-02-21 23:00:36] Excesso de paçoca
[2017-02-21 23:00:40] Depois num reclama ser trollado na ata
[2017-02-21 23:01:57] Mas na real, @BadDrive , esse conselho da Yumi é bom, vê oque cada escola oferece e segue o jogo
[2017-02-21 23:02:06] EU não quero ir na unicamp por causa do medo, é que eu realmente prefiro o IME.
[2017-02-21 23:02:47] Já olhei, o IME é melhor pra minha área, melhor network. Falei com meus professores, um deles formado na própria Unicamp disse que o bom lá era engenharia
[2017-02-21 23:03:06] Engenharia da computação*
[2017-02-21 23:03:20] Mas não sei, eu não passei no IME HAHAHA
[2017-02-21 23:03:32] Então eu teria que fazer mais um ano de cursinho...
[2017-02-21 23:03:54] Sugestão: vai e começa as aulas, fica uma, 2 semanas... se não curtir, cursinho e via crucis de novo
[2017-02-21 23:04:23] O ponto é: se vc prestou Unicamp, é porque tinha um mínimo de vontade de ir pra lá.
[2017-02-21 23:04:39] Puts, tá complicado pra caramba pro meu lado, a unicamp fica longe de casa :S
[2017-02-21 23:04:47] Eu teria que morar lá essas duas semanas.
[2017-02-21 23:05:07] Sim, eu tenho vontade, mas eu na hora de prestar selecionei o curso errado :C
[2017-02-21 23:05:22] Era pra ser engenharia da computação e selecionei um só computação...
[2017-02-21 23:05:44] Eu me revoltaria e iria pra USP São Carlos
[2017-02-21 23:05:57] Eu passei na São Carlos, mas não quis ir.
[2017-02-21 23:06:02] Mas o que no ime te agrada?
[2017-02-21 23:06:18] Fábio fez computação e eu matemática
[2017-02-21 23:06:37] Eu já tenho graduação em ti, um curso técnico
[2017-02-21 23:06:45] Meus professores falaram super bem de lá
[2017-02-21 23:06:58] Meus amigos passaram e tão amando, fiquei meio gamado.
[2017-02-21 23:07:42] E eles me permitem ter um maior foco em segurança da informação e criptografia, que é minha área de foco.
[2017-02-21 23:07:52] Mas a Unicamp continua sendo ótima
[2017-02-21 23:08:05] Que merda eu selecionei a merda do curso errado
[2017-02-21 23:08:10] Meus pais querem que eu vá pra lá
[2017-02-21 23:08:53] InfoSec, de verdade, não existe em faculdade nenhuma... cê vai aprender na raça.
[2017-02-21 23:09:13] Vocês fizeram na usp são carlos?
[2017-02-21 23:09:20] IME
[2017-02-21 23:09:29] Agora complicou mais ainda
[2017-02-21 23:10:09] Faz assim, quer marcar um dia no Garoa pra nóis proseá sobre isso?
[2017-02-21 23:10:20] Acho que fica mais fácil falando que escrevendo
[2017-02-21 23:10:26] pqp que papo de merda
[2017-02-21 23:10:39] vai logo para a unicamp e deixa de ser babaca
[2017-02-21 23:10:42] (ademais o fato que estou matando trabalho aqui e vou voltar pra outra tela)
[2017-02-21 23:10:55] Deixa o menino
[2017-02-21 23:10:57] se passar no IME ai vc pode pensar em qual ficar
[2017-02-21 23:11:37] Palavras (fortes, é verdade) de alguém que viveu N anos no IME
[2017-02-21 23:12:42] document: /home/felipe/devel/github_tvdstaaij/telegram-history-dump/output/media/Garoa_Hacker_Clube_(Público)/download_405934178236891346.webp
[2017-02-21 23:13:14] Desculpa se eu pareci babaca, não era a intenção
[2017-02-21 23:13:18] eu to mt confuso msm
[2017-02-21 23:13:23] Bom eu tenho a tarde livre
[2017-02-21 23:13:26] que dia é melhor pra tu?
[2017-02-21 23:13:28] Alguém ensina ele a instalar o Tinder
[2017-02-21 23:14:27] Isso é uma dádiva
[2017-02-21 23:14:40] Igor... @anchisesbr fez ime e trabalha com infosec. Mas isso vc não aprende lá
[2017-02-21 23:14:45] Hahahahaha, sim, creio que seja a proeza de ser menor de idade
[2017-02-21 23:15:04] Se quiser vir pro garoa no fim de semana, estarei lá ;)
[2017-02-21 23:15:28] Foda que eu só tenho até sexta pra fazer a matricula
[2017-02-21 23:15:54] Não tem matérias pra segurança?
[2017-02-21 23:15:56] Faz a paçoca da matricula
[2017-02-21 23:16:01] Garanta
[2017-02-21 23:16:09] Nope
[2017-02-21 23:16:37] Aliás, metade dos professores do IME usa 1234 como senha de seus computadores
[2017-02-21 23:17:11] Meu deus, que decepção.
[2017-02-21 23:19:06] Bem vindo à academia, meu caro
[2017-02-21 23:19:34] Unicamp e IME são ambas (mais ou menos) equivalentes?
[2017-02-21 23:20:21] yeap,
[2017-02-21 23:21:52] A vida é uma merda
[2017-02-21 23:22:22] Conclusão filosófica do conselho manda chuva de hoje
[2017-02-21 23:22:38] percebi, Fabio não tem acento ≠ Fábio.
[2017-02-21 23:24:33] "Welcome to the real world. It sucks. You're gonna love it" (Geller, M.)
[2017-02-21 23:25:35] Vc quer perder a unicamp garantida para arriscar passar no IME?
É isso mesmo, produção?
[2017-02-21 23:25:56] Aaaaah, eu tô muito indeciso
[2017-02-21 23:26:36] Você não passou agora no ime... garante o caralho da vaga
[2017-02-21 23:26:52] Vai, começa unicamp, se vc não se empolgar, tranca matrícula e faz cursinho p tentar IME. Se não der certo, vc não perde a unicamp
[2017-02-21 23:26:53] Faz transferência ou presta vestibular se achar uma merda
[2017-02-21 23:27:07] Cursinho é perda de tempo... estuda por conta
[2017-02-21 23:27:29] +10000
[2017-02-21 23:27:49] Se mudar pro ime ainda consegue eliminar disciplina
[2017-02-21 23:28:06] Ok, vocês me convenceram, tô indo pra Unicamp
[2017-02-21 23:28:09] Obrigado ai
[2017-02-21 23:28:21] Seus pais querem q vc vai p unicamp, então faz eles bancarem sua estadia numa república!
[2017-02-21 23:28:31] Eles iam alugar uma casa
[2017-02-21 23:28:33] Se eu fosse
[2017-02-21 23:28:36] OPEN HOUSE!!!!!!!!!!!!!!!!!!!!!!!!!!!!!!
[2017-02-21 23:29:43] photo
[2017-02-21 23:30:07] Não existe mesmo! Segurança vc vai ver em algum curso de "pós" mequetrefo em faculdade meia boca por ai ou em algumas raras pós boas (IPT, Poli). IME vc vai aprender teoria de criptografia
[2017-02-21 23:30:49] Isso isso isso
[2017-02-21 23:30:52] Eu tenho um curso de iniciação cientifica em Criptografia
[2017-02-21 23:30:52] Já tinha ingerido a paçoca mesmo
[2017-02-21 23:31:12] Durou nove meses, aprendi bastante coisa, foi com enfase em matemática
[2017-02-21 23:31:26] Não tem outra ênfase nesse tema, =)
[2017-02-21 23:31:27] Tem, no máximo, iniciação científica em cripto
[2017-02-21 23:31:48] anyway, onde mais aprendi coisas úteis na USP foi na sala do café
[2017-02-21 23:32:46] Sim. Se vc puder fazer qquer uma das duas, faça. É um diploma fudido q vc vai levar até o fim da vida, independente do curso, da abordagem do curso, do professor A ser bom e o professor B ser uma porcaria
[2017-02-21 23:32:50] Pra eu trabalhar com infoSec eles cobram muito faculdade?
[2017-02-21 23:33:19] Ai meu deus, eu vou morar sozinho com 17 anos pqp
[2017-02-21 23:33:58] Chama a gente para a festa!
Ah... Campinas tbém tem hackerspace!!!
[2017-02-21 23:34:30] Hahahahahaha, me recomenda alguma?
[2017-02-21 23:34:30] eu queria ter esse luxo com 17 anos
[2017-02-21 23:34:41] Você sobrevive. Tem bandejão
[2017-02-21 23:34:43] Eu to mais com medo do que feliz
[2017-02-21 23:34:51] Hahahahahhahahaha
[2017-02-21 23:35:07] Eu, na sala de Vivência, no CAMAT, na representação discente e na Empresa Junior (nessa ordem)
[2017-02-21 23:35:38] Otimo!!! Aproveita!!!!
[2017-02-21 23:35:55] Bom, pelo menos eu vou poder jogar nos emuladores até tarde sem acordar ninguém
[2017-02-21 23:35:59] Ah, eu queria ter 17 anos
[2017-02-21 23:36:06] HAUHAHUDUAHD
[2017-02-21 23:36:20] Tá pegando o espírito
[2017-02-21 23:36:36] Isso! Tá melhorando
[2017-02-21 23:36:59] Hahahahahaha, minha sala vai ser uma oficina
[2017-02-21 23:37:13] Cara, geladeira na sala, vai por mim, é sucesso
[2017-02-21 23:37:32] Cheguei agora e gostaria de dizer que me arrependi de não ter ido pra federal em minas a 1 ano atrás
[2017-02-21 23:37:34] #pas
[2017-02-21 23:37:50] E olha que nem era IME
[2017-02-21 23:37:56] Pior que eu tenho chance ainda de passar no IME, faltam algumas chamadas.
[2017-02-21 23:38:04] Era só uma federal em um cu de uma cidade
[2017-02-21 23:38:08] Lá longe
[2017-02-21 23:38:08] A lista não vai rodar mais, relaxa
[2017-02-21 23:38:29] Ah, eu queira ter 17 anos
[2017-02-21 23:38:31] Eu passei no IME e Unicamp. Fiquei numa puta dúvida, mas o IME era do lado de casa. Eu acabei escolhendo IME, não me arrependo, mas adoraria ter tido essa experiência de ter morado fora da casa da mamãe
[2017-02-21 23:38:37] No IME a lista fecha praticamente na terceira chamada
[2017-02-21 23:39:01] Eu moro do lado do IME também.
[2017-02-21 23:39:08] O idoso
[2017-02-21 23:39:35] Ah, fiz matricula na Unicamp, qdo vi q passei no IMe eu cancelei
[2017-02-21 23:39:46] Eu queria ter essas opções, não passei nem na fatec
[2017-02-21 23:39:48] Glr, só que tem uma coisa, eu passei na terceira chamada da Unicamp na primeira opção, mas eu queria mesmo era a segunda hahahahaha, tem como eu fazer algo sobre isso?
[2017-02-21 23:40:10] Lembro dos 17 como se fossem ontem
[2017-02-21 23:40:29] cê nem fez 17 ainda
[2017-02-21 23:40:30] Pra não falar que eu não passei no IME eu passei lá em sistema de informações, mas tinha mt adm pro meu gosto
[2017-02-21 23:40:35] Queria nada!!! O Erik tava contando os dias p fazer 18 e poder beber
[2017-02-21 23:40:56] Ninguém mandou não estudar...
[2017-02-21 23:41:10] Hahahaahha
[2017-02-21 23:41:57] document: /home/felipe/devel/github_tvdstaaij/telegram-history-dump/output/media/Garoa_Hacker_Clube_(Público)/download_694481660414001211.webp
[2017-02-21 23:42:03] Sistemas não é na each?
[2017-02-21 23:42:04] Não se preocupa, hj vende todinho de caixinha no supermercado
[2017-02-21 23:42:19] KKKKKKKKKKKK
[2017-02-21 23:42:23] Opa, pior que eu acho que é
[2017-02-21 23:42:25] Bem lembrado
[2017-02-21 23:42:28] é
[2017-02-21 23:42:30] HAhahahahah, eu só olhei pelo Sisu
[2017-02-21 23:42:38] document: /home/felipe/devel/github_tvdstaaij/telegram-history-dump/output/media/Garoa_Hacker_Clube_(Público)/download_276846938995818560.webp
[2017-02-21 23:42:43] Tô tranquilo então
[2017-02-21 23:42:44] Na verdade eu nem fiz vestibular msm
[2017-02-21 23:42:47] Vc pode chamar a sua mãe para ir morar com vc!
[2017-02-21 23:43:01] Funcionária pública, não dá pra ela ir
[2017-02-21 23:43:10] Eu perdi o prazo do Sisu
[2017-02-21 23:43:23] Ano que vem tento de novo
[2017-02-21 23:43:42] Esse é o espirito
[2017-02-21 23:43:55] se ce tiver pulso passa na each
[2017-02-21 23:44:14] HAHAHAHAHA
[2017-02-21 23:44:20] document: /home/felipe/devel/github_tvdstaaij/telegram-history-dump/output/media/Garoa_Hacker_Clube_(Público)/download_999077034489544741.webp
[2017-02-21 23:44:22] Não entendi
[2017-02-21 23:44:39] document: /home/felipe/devel/github_tvdstaaij/telegram-history-dump/output/media/Garoa_Hacker_Clube_(Público)/download_147119960081039419.webp
[2017-02-21 23:44:50] document: /home/felipe/devel/github_tvdstaaij/telegram-history-dump/output/media/Garoa_Hacker_Clube_(Público)/download_642036536317050915.webp
[2017-02-21 23:44:52] GENTE, na boa, o Erik quer ser trollado !!!!!!!!!
[2017-02-21 23:44:54] document: /home/felipe/devel/github_tvdstaaij/telegram-history-dump/output/media/Garoa_Hacker_Clube_(Público)/download_694481660414001192.webp
[2017-02-21 23:45:11] document: /home/felipe/devel/github_tvdstaaij/telegram-history-dump/output/media/Garoa_Hacker_Clube_(Público)/download_147119960081039419.webp
[2017-02-21 23:45:12] Vou te contar a parte legal de ter 17 e fazer o que quer
[2017-02-21 23:45:27] Essa eu deixo pra vocês !
[2017-02-21 23:45:43] Sai de casa com 15 e tinha que trabalhar... larga de frescura
[2017-02-21 23:45:53] document: /home/felipe/devel/github_tvdstaaij/telegram-history-dump/output/media/Garoa_Hacker_Clube_(Público)/download_505010926202650754.webp
[2017-02-21 23:46:05] Pior que eu sou mesmo
[2017-02-21 23:46:22] document: /home/felipe/devel/github_tvdstaaij/telegram-history-dump/output/media/Garoa_Hacker_Clube_(Público)/download_545011116271468641.webp
[2017-02-21 23:46:35] document: /home/felipe/devel/github_tvdstaaij/telegram-history-dump/output/media/Garoa_Hacker_Clube_(Público)/download_999077034489544754.webp
[2017-02-21 23:46:36] Tem esse lado hahahaha, mas vou trabalhar também pow
[2017-02-21 23:46:39] Vendendo dado...
[2017-02-21 23:47:28] document: /home/felipe/devel/github_tvdstaaij/telegram-history-dump/output/media/Garoa_Hacker_Clube_(Público)/download_694481660414001305.webp
[2017-02-21 23:47:56] Dava aula no kumon
[2017-02-21 23:48:13] Trabalha nada, curte a vida e deixa os pais te pagarem o aluguel.
Vc almoça e janta no bandeijão, sai batatinho. Estuda de manhã e fica no video-game a tarde
[2017-02-21 23:48:14] document: /home/felipe/devel/github_tvdstaaij/telegram-history-dump/output/media/Garoa_Hacker_Clube_(Público)/download_999077034489544804.webp
[2017-02-21 23:48:28] Ku de kem?
[2017-02-21 23:48:37] document: /home/felipe/devel/github_tvdstaaij/telegram-history-dump/output/media/Garoa_Hacker_Clube_(Público)/download_694481660414001223.webp
[2017-02-21 23:49:05] document: /home/felipe/devel/github_tvdstaaij/telegram-history-dump/output/media/Garoa_Hacker_Clube_(Público)/download_532576975496151896.mp4
[2017-02-21 23:49:07] document: /home/felipe/devel/github_tvdstaaij/telegram-history-dump/output/media/Garoa_Hacker_Clube_(Público)/download_694481660414001295.webp
[2017-02-21 23:50:29] Hahahahahahahahah melhores dicas!
[2017-02-21 23:50:35] document: /home/felipe/devel/github_tvdstaaij/telegram-history-dump/output/media/Garoa_Hacker_Clube_(Público)/download_276846938995818556.webp
[2017-02-21 23:51:06] Ah, acumula roupa suja para levar p casa da mamãe no final de semana!
[2017-02-21 23:51:53] document: /home/felipe/devel/github_tvdstaaij/telegram-history-dump/output/media/Garoa_Hacker_Clube_(Público)/download_276846938995818550.webp
[2017-02-21 23:52:23] E traz quitutes congelados pra comer durante a semana
[2017-02-21 23:52:32] nossa essa é a melhor metáfora
[2017-02-21 23:54:13] Minha mãe não gosta de lavar roupa, aqui em casa cada um lava a sua
[2017-02-21 23:55:08] document: /home/felipe/devel/github_tvdstaaij/telegram-history-dump/output/media/Garoa_Hacker_Clube_(Público)/download_999077034489544741.webp
[2017-02-21 23:56:02] HAHAHAHa, vou viajar. #Unicamp
[2017-02-21 23:56:05] Me desejem sorte
[2017-02-21 23:56:30] document: /home/felipe/devel/github_tvdstaaij/telegram-history-dump/output/media/Garoa_Hacker_Clube_(Público)/download_694481660414001340.webp
[2017-02-21 23:56:30] Milhões de pessoas faz isso por ano
[2017-02-21 23:56:34] É de boa
[2017-02-21 23:56:41] Nem precisa de sorte
[2017-02-21 23:56:45] E depois qnd tudo tiver ok e alguém quiser colar pra jogar um nintendinho
[2017-02-21 23:56:59] document: /home/felipe/devel/github_tvdstaaij/telegram-history-dump/output/media/Garoa_Hacker_Clube_(Público)/download_999077034489544782.webp
[2017-02-21 23:57:00] Vai ser open todinho
[2017-02-21 23:57:07] document: /home/felipe/devel/github_tvdstaaij/telegram-history-dump/output/media/Garoa_Hacker_Clube_(Público)/download_505010926202650760.webp
[2017-02-21 23:57:07] Se você trocar essa foto, não precisará de sorte
[2017-02-21 23:57:15] document: /home/felipe/devel/github_tvdstaaij/telegram-history-dump/output/media/Garoa_Hacker_Clube_(Público)/download_999077034489544741.webp
[2017-02-21 23:57:16] Não gosta da foto?
[2017-02-21 23:57:17] document: /home/felipe/devel/github_tvdstaaij/telegram-history-dump/output/media/Garoa_Hacker_Clube_(Público)/download_246108729936707743.webp
[2017-02-21 23:57:59] Veja bem...
[2017-02-21 23:58:13] document: /home/felipe/devel/github_tvdstaaij/telegram-history-dump/output/media/Garoa_Hacker_Clube_(Público)/download_999077034489544802.webp
[2017-02-21 23:58:38] document: /home/felipe/devel/github_tvdstaaij/telegram-history-dump/output/media/Garoa_Hacker_Clube_(Público)/download_15405485050036597.webp
[2017-02-21 23:58:46] document: /home/felipe/devel/github_tvdstaaij/telegram-history-dump/output/media/Garoa_Hacker_Clube_(Público)/download_1017056703893471731.webp
[2017-02-21 23:59:29] document: /home/felipe/devel/github_tvdstaaij/telegram-history-dump/output/media/Garoa_Hacker_Clube_(Público)/download_532582099392150364.mp4
