[2018-04-15 01:17:08] Quando vier ao Garoa, não seja essa Pessoa:
[2018-04-15 01:17:19] photo: /home/felipe/devel/github_garoa/Telegram_logs_Garoa_Hacker_Clube_Publico/media/Garoa_Hacker_Clube_(Público)/download_805512345_138286.jpg
[2018-04-15 01:17:29] Seja essa Pessoa:
[2018-04-15 01:17:37] photo: /home/felipe/devel/github_garoa/Telegram_logs_Garoa_Hacker_Clube_Publico/media/Garoa_Hacker_Clube_(Público)/download_806121733_78552.jpg
[2018-04-15 02:38:13] Em qualquer lugar na verdade...
[2018-04-15 02:39:54] Se eu deixasse de lavar a do almoço simplesmente não haveria comida pronta no jantar, só isso, pena que uns mano criado pela vó fazem isso
[2018-04-15 02:46:56] @Gutemhc @tiagonaoexiste que seja de incentivo aos demais!!! 
:)
[2018-04-15 02:48:19] Menos piá de condomínio no Garoa
[2018-04-15 02:48:30] Menos Filho de vó no Garoa
[2018-04-15 02:48:35] Vamos fazer a campanha
[2018-04-15 02:48:46] document: /home/felipe/devel/github_garoa/Telegram_logs_Garoa_Hacker_Clube_Publico/media/Garoa_Hacker_Clube_(Público)/download_244604348921808892.webp
[2018-04-15 02:51:09] 😂
[2018-04-15 09:52:27] https://jeremykun.com/2018/04/13/for-mathematicians-does-not-mean-equality/
[2018-04-15 09:53:44] 👏
[2018-04-15 11:09:19] Schneier fala do "capitalismo de vigilância": https://amp.cnn.com/cnn/2018/03/26/opinions/data-company-spying-opinion-schneier/index.html?__twitter_impression=true
[2018-04-15 11:40:14] Carol Code joined
[2018-04-15 12:12:41] Ja peço desculpas se estiver fazendo uma pergunta "absurda", mas alguém sabe se existe como e, caso exista, como fazer pra "scanear" o pen drive no linux antes de efetivamente montá-lo?
[2018-04-15 12:20:10] Defesa Civil: Chuva persistente no litoral e Grande SP. Nao enfrente alagamento. Fique atento a inclinacao de muros e a rachaduras. Se precisar saia do local.
[2018-04-15 12:22:36] Considerando que realmente é um pendrive, você teria que desativar o automount em sua distribuição...
[2018-04-15 12:23:10] Acabei de fazer isso, nesse caso eu já consegui evitar que algo "dê ruim" certo?
[2018-04-15 13:01:44] photo: /home/felipe/devel/github_garoa/Telegram_logs_Garoa_Hacker_Clube_Publico/media/Garoa_Hacker_Clube_(Público)/download_805513045_130299.jpg
[2018-04-15 13:02:28] Pode ser que não esteja com o firmware do AT escrito nele
[2018-04-15 13:02:44] ja tentou colocar ele no serial do pc direto pra ver se ele da alguma mensagem quando inicia?
[2018-04-15 13:04:40] Hummm. Boa. Vou tentar. .
[2018-04-15 13:23:29] Não se esquece de tentar com baud rates diferentes tipo 115200
[2018-04-15 13:24:56] AT ok. Valeu. esp8266 responde. Valeu. Done. Voltando a prancheta.
[2018-04-15 13:29:41] 😉
[2018-04-15 17:09:24] Alguém sabe porque os relógios dos computadores não se ajustam automaticamente pela internet ?
[2018-04-15 17:18:29] se ajustam. NTP.
[2018-04-15 17:18:46] em todos os windows?
[2018-04-15 17:18:51] https://en.wikipedia.org/wiki/Network_Time_Protocol
[2018-04-15 17:18:57] HAHAHAHAHA
[2018-04-15 17:19:09] (desculpa)
[2018-04-15 17:19:36] kkk
[2018-04-15 17:19:43] esquewci de mencionar o SO
[2018-04-15 17:20:08] Mas a resposta é simples: não fazem por que não querem.
[2018-04-15 17:20:20] porque solução pra isso existe.
[2018-04-15 17:33:00] Mas o Windows também se ajusta automaticamente por NTP.
[2018-04-15 17:33:17] pois é...
[2018-04-15 17:33:34] falta querer (leia-se: configurar)
[2018-04-15 17:34:51] Mas já vem configurado de fábrica, e com dois servidores por padrão: um mantido pela MS e outro mantido pelo NIST, dos EUA
[2018-04-15 17:35:17] adorei essa imagem
[2018-04-15 17:35:26] photo: /home/felipe/devel/github_garoa/Telegram_logs_Garoa_Hacker_Clube_Publico/media/Garoa_Hacker_Clube_(Público)/download_806007068_23735.jpg
[2018-04-15 17:36:12] Acho que o melhor é que até o monitor e o drive de CD estão desatualizados nesse computador.
[2018-04-15 17:38:26] E o teclado é daqueles grandões usados em terminais seriais...
[2018-04-15 17:38:27] https://upload.wikimedia.org/wikipedia/commons/thumb/9/99/DEC_VT100_terminal.jpg/1200px-DEC_VT100_terminal.jpg
[2018-04-15 17:49:25] hoje eu estou estudando os circuitos digitais do jogo GranTrak10 da Atari. É um fliperama de 1974. Um jogo de video-game (branco-e-preto em tubo CRT) de corrida, com volante, acelerador, freio, marchas, sprite do carrinho andando na pista, manchas de óleo escorregadias na pista, o carro tem a capacidade de derrapar nas curvas (e também nas manchas de óleo), tem efeitos sonoros das derrapadas e do ronco do motor. O mais incrível é que o jogo não possui CPU! É tudo feito com lógica digital (TTL).
[2018-04-15 17:50:00] https://en.wikipedia.org/wiki/Gran_Trak_10
[2018-04-15 17:50:34] https://www.arcade-museum.com/manuals-videogames/G/GranTrak10.pdf
[2018-04-15 17:51:21] Valeu kkkk coloquei hoje pela primeira vez uma imagem
[2018-04-15 17:52:16] Descobri agora que tem também o www.ntp.br
[2018-04-15 19:18:41] Local confirmado! A próxima CryptoRave acontecerá dias 4 e 5 de maio na Cinemateca Brasileira. 

Como chegar: cinemateca.gov.br/pagina/visite

+Info: cryptorave.org
[2018-04-15 19:59:39] \o/
[2018-04-15 21:13:48] document: /home/felipe/devel/github_garoa/Telegram_logs_Garoa_Hacker_Clube_Publico/media/Garoa_Hacker_Clube_(Público)/download_789525747621429393.webp
