[2017-04-17 03:21:11] http://www.righto.com/2017/04/1950s-tax-preparation-plugboard.html
[2017-04-17 07:48:43] Bom dia pessoALL
[2017-04-17 07:48:56] ✌👊
[2017-04-17 09:29:17] Legal
[2017-04-17 09:30:13] Alguém sabe qual a medida máxima que cabe na laser?
[2017-04-17 14:31:28] Segundo a Wiki: Maximum Item Size to Engrave: 10.25W x 8.75L x 2.85H in (260mm x 220mm x 70mm)
[2017-04-17 14:31:32] https://garoa.net.br/wiki/Laser-cutter-40w
[2017-04-17 15:43:13] Obligado
[2017-04-17 19:15:26] Não sei se rolou aqui: https://www.youtube.com/watch?v=leFuF-zoVzA
[2017-04-17 20:10:11] Leandro Abdalla joined
[2017-04-17 20:10:11] Hi Leandro !
[2017-04-17 20:16:47] hello world! : )
[2017-04-17 20:31:34] hey chicos, sabeis no, ya hay desktop de whatsapp para linux?
[2017-04-17 20:36:37] no hay desktop de whatsapp
[2017-04-17 20:37:54] pero hay unas paginas donde muestran como hacerlo
[2017-04-17 20:38:02] es solo una pagina web
[2017-04-17 20:38:13] no es aplicativo desktop
[2017-04-17 20:38:52] ah entonces lo hacen como pagina web pero parece de aplicacion?
[2017-04-17 20:39:00] si
[2017-04-17 20:39:10] http://web.whatsapp.com/
[2017-04-17 20:39:17] en una linux que yo use fue esta opurtunidad hacer estas apk facil
[2017-04-17 20:39:40] ahora no se como hacerlo en mi nuevo os
[2017-04-17 23:48:00] https://twitter.com/textfiles/status/853629923839401985
