[2016-07-04 00:15:10] https://youtu.be/KJValv4YQcY
[2016-07-04 00:15:44] Um salve para a o Guardian
[2016-07-04 09:43:42] Sounds interesting =)
[2016-07-04 09:43:43] photo: /home/felipe/devel/github_tvdstaaij/telegram-history-dump/output/media/Garoa_Hacker_Clube_(Público)/download_802232332_105524.jpg
[2016-07-04 10:47:15] Eu botava mais fé se o livro fosse Dysfunctional Programming in JavaScript ;-)
[2016-07-04 10:57:22] Hahah
[2016-07-04 11:10:14] Foda essa conferência hein! Agora eu entendi essa acusação de estupro q circulou sobre o Applebaum, estão tentando desmoralizar ele por estar expondo a canalhice do jornalismo... Essa questão "não é ativismo, é jornalismo mesmo" é muito sutil e nunca tinha percebido essa armadilha de deixar os ativistas "fora da tenda" que protege os jornalistas..
[2016-07-04 11:11:27] ta complicado...
[2016-07-04 11:12:42] pior que todo mundo entrou nessa, vc viu a msg do cult of dead cow?
[2016-07-04 11:14:55] Não vi...
[2016-07-04 11:15:52] Vou dar uma pesquisada 😉
[2016-07-04 11:18:06] FOR IMMEDIATE RELEASE
06-June-2016

CULT OF THE DEAD COW Statement on Jacob Appelbaum / ioerror

Like much of the hacker community, we were troubled to hear the allegations of sexual abuse, manipulation, and bullying leveled against one of our members, Jacob Appelbaum, A.K.A. ioerror. We’re also aware that the Tor Project is conducting an internal investigation, and encourage anyone with relevant testimony to come forward. For some, it won’t be easy. There can be shaming or humiliation, or the fear of not being believed.

It is also our responsibility to create an environment where people feel safe to come forward. We have always stood for freedom of speech and expression, which sometimes necessitates the right to anonymity. This is something that victims of abuse often require. We stand by their right to be anonymous. Others, like our friend Nick Farr, who decided to go public with his own difficulties, deserve our respect and support. Everyone will do this in their own way.

We know that it may be scary, but we also encourage victims to contact their appropriate local authorities. We understand the complicated relationship we all have with law enforcement, but there is a time and place for government intervention. If the most extreme of these allegations are true, they should be addressed in a court of law, and dealt with appropriately.

CULT OF THE DEAD COW is known for a lot of things, but treating people horribly is not one of them. If communities are to thrive and remain relevant we have to do some housecleaning from time to time. As we have become aware of the anonymous accusations of sexual assault, as well as the stories told by individuals we know and trust, we've decided to remove Jake from the herd effective immediately.

EOM
[2016-07-04 11:24:03] Justo! =)
[2016-07-04 12:33:06] Não consegui ver ainda, mas e os relatos em primeira pessoa das mulheres (algumas das quais se identificaram) — já não sei em que acreditar
[2016-07-04 12:38:50] No Camp de 2015, o ioerror chamou um amigo meu pra ir num evento sadomasoquista e tal.
[2016-07-04 12:42:55] SM é consensual, tem nada a ver com estupro...
[2016-07-04 12:49:26] Os relatos que eu li não eram SM
[2016-07-04 12:52:15] Ah, sim, não tô dizendo que entra na mesma categoria. Só uma anedota curiosa, pq foi bem do nada que rolou o convite. :P
[2016-07-04 14:10:36] historia por historia, esse ano ja ate encontraram o satoshi
[2016-07-04 14:18:37] Na minha opinião isso não passa de um exemplo clássico de ad hominem. Já que não conseguem refutar suas ideias de forma racional, com contra-argumentações, simplesmente tentam tirar sua credibilidade.
[2016-07-04 14:19:45] me parece pior que ad hominem pq isso estao acusando de um crime bem grave
[2016-07-04 14:29:30] do que estão falando?
[2016-07-04 14:30:17] Abbelbaum
[2016-07-04 14:30:35] Applebaum
[2016-07-04 14:30:40] Um desses
[2016-07-04 14:57:47] http://hackaday.com/2016/07/04/looptaggr-endless-graffiti/
[2016-07-04 15:00:19] hoho, gostei
[2016-07-04 15:00:53] eu usaria rolinho no lugar do spray pq simplesmente nao consigo usar isso direito :P
[2016-07-04 19:21:23] photo: /home/felipe/devel/github_tvdstaaij/telegram-history-dump/output/media/Garoa_Hacker_Clube_(Público)/download_803703537_53943.jpg
[2016-07-04 19:24:08] nao tem lugar para tristeza, e sim para renovacao
[2016-07-04 19:24:21] ou seja, pega as lata ae!
[2016-07-04 19:24:29] 😂👍
[2016-07-04 19:24:51] photo: /home/felipe/devel/github_tvdstaaij/telegram-history-dump/output/media/Garoa_Hacker_Clube_(Público)/download_361190506027287914.mp4
[2016-07-04 19:25:43] photo: /home/felipe/devel/github_tvdstaaij/telegram-history-dump/output/media/Garoa_Hacker_Clube_(Público)/download_802207239_108287.jpg
[2016-07-04 19:26:04] paff, bobear ajudam a pintar
[2016-07-04 19:26:46] uma vez o mike e eu carregamos uma escada ate o lardo da batata, vandalizamos umas paradas (sem querer) e os caras nem falaram nada kkk
[2016-07-04 19:56:12] Essa história eu conto pra todo mundo
[2016-07-04 19:59:36] É aquela história da antena quebrada? Hahahaha...
[2016-07-04 19:59:49] kkkk
[2016-07-04 20:13:26] MRI software bugs could upend years of research • The Register
http://www.theregister.co.uk/2016/07/03/mri_software_bugs_could_upend_years_of_research/
[2016-07-04 23:34:52] 😍
[2016-07-04 23:44:35] NASA TV Media - YouTube
https://m.youtube.com/watch?v=OX9I1KyNa8M
[2016-07-04 23:46:57] #Juno orbit around #Jupiter. Tag Qs #askNASA https://t.co/07QdiWDxdU https://t.co/wkU0D5l7j4
