[2017-01-20 00:30:54] TS joined
[2017-01-20 00:30:55] Hi TS !
[2017-01-20 02:24:12] Yura-ah joined
[2017-01-20 02:24:12] Hi Yura-ah !
[2017-01-20 03:39:51] Sylvio joined
[2017-01-20 03:39:52] Hi Sylvio !
[2017-01-20 09:00:26] https://www.instagram.com/p/BPdxG0bBIpm/
[2017-01-20 09:00:35] Robô tatuador
[2017-01-20 09:10:04] no
[2017-01-20 09:10:34] culhões desse ai
[2017-01-20 09:10:49] testar robo tatuador sei se rola nao hahhaha
[2017-01-20 10:51:51] Heverton joined
[2017-01-20 10:51:53] Hi Heverton !
[2017-01-20 10:52:53] A perna do cara estava amarrada
[2017-01-20 15:49:42] Elise MK joined
[2017-01-20 15:49:43] Hi Elise !
[2017-01-20 15:50:48] Oi. Gente, eu trabalho no sesc Santana. E estou interessada em fazer algumas oficinas aqui com vcs. Com quem eu converso sobre isso?
[2017-01-20 15:51:26] Estou particularmente interessada no Bruno Borges.
[2017-01-20 16:01:35] se não tem nome do dono pode virar um robô gigante
[2017-01-20 16:01:52] Ele é irmão do @agaelebe, Hugo Borges na escuta?
[2017-01-20 16:02:01] já brinquei de fazer uma implementação meio tosca de genius
[2017-01-20 16:02:29] Opa, vou mandar mensagem pra ele :)
[2017-01-20 16:26:17] Obrigada. Vcs tem um email mais fácil pra essa questão de contratação de oficinas?
[2017-01-20 16:36:14] Elise o garoa não vende serviços de oficinas mas sei que tem uma galera @Fabiohirano @villares que trabalham com oficinas
[2017-01-20 16:37:15] Obrigada Rodrigo, e essas pessoas estão aqui no grupo? Eles dão oficinas do que?
[2017-01-20 16:38:53] estão sim
[2017-01-20 16:46:04] @elisemk Eu faço oficinas também. Podemos falar mais sobre isso em um chat privado se preferir. Eu posso falar de qualquer assunto que eu tenho aqui nesse site: https://forum.fiozera.com.br/
[2017-01-20 16:46:57] E, é claro, tá cheio de gente interessante no garoa. :-)
[2017-01-20 16:49:37] @fsanches não sabia que vc tbm fazia...
[2017-01-20 16:49:45] document: /home/felipe/devel/github_tvdstaaij/telegram-history-dump/output/media/Garoa_Hacker_Clube_(Público)/download_753733448681652938.webp
[2017-01-20 16:49:49] sim
[2017-01-20 16:50:07] inclusive já dei oficina lá no SESC Santana. Eles têm uma Metamáquina 2 lá
[2017-01-20 16:50:36] e também fiz uma outra onde o público podia soldar os componentes pra montar um video game
[2017-01-20 16:50:42] e depois programar os jogos
[2017-01-20 16:51:27] Essa do video game eu faria
[2017-01-20 16:51:32] document: /home/felipe/devel/github_tvdstaaij/telegram-history-dump/output/media/Garoa_Hacker_Clube_(Público)/download_753733448681652841.webp
[2017-01-20 16:52:14] já teve em várias unidades do SESC
[2017-01-20 16:52:17] Olá Elise, oq vc tem em mente ? O termo oficina e um pouco vago
[2017-01-20 16:52:44] o videogame é de hardware livre e se chama UZEBOX. Tem kits a venda na internet se você quiser montar o seu por conta propria
[2017-01-20 16:54:04] Eu queria muito saber sobre essas que tem no site de vcs com nome de Noite de Processing. Visualizações em desenvolvimento urbano.
[2017-01-20 16:54:21] @elisemk fale com o @michaelhoward9 e o pessoal do Hackerspace Itinerante
[2017-01-20 16:55:17] Vdd Fabio. Eu tenho muito interesse em processing, relações com artes visuais e esse de visualizações em desenvolvimento urbano fiquei muito interessada.
[2017-01-20 16:56:06] Os responsáveis por este evento são @villares e Monica...
[2017-01-20 16:56:17] o villares e monica, responsaveis pela noite do processing estao nesse grupo do Hackerspace Itinerante, bem como Fabio, Mike, Mudrik, Carril, etc
[2017-01-20 16:56:22] @villares é o cara de Processing tem a noite agendada porque vc não nos visita
[2017-01-20 16:57:34] btw, projetos desse pessoal costuma ter bom retorno, incluindo financeiro, para o garoa
[2017-01-20 16:58:00] https://www.facebook.com/hackerspaceitinerante/
http://hackerspaceitinerante.wordpress.com/
[2017-01-20 17:00:01] la vem textao
[2017-01-20 17:00:12] Oi Elise! Noite de Processing é um evento regular que co-organizo no Garoa, toda última terça do mês. Apareça lá! Os temas são variados, nesse dia que você falou teve como convidado o Bruno Borges...
[2017-01-20 17:00:36] po, decepcionou :D
[2017-01-20 17:01:05] Oi Elise
[2017-01-20 18:02:08] Simões joined
[2017-01-20 18:02:09] Hi Simões !
[2017-01-20 18:02:38] Gente, alguém tem fácil o link da grade do Dumont Hackerspace na Campus Party?
[2017-01-20 18:02:42] Boa noite
Alguém no garoa agora ?
[2017-01-20 18:03:32] 😥
[2017-01-20 18:05:39] Ou mais tarde ?
[2017-01-20 18:09:27] Eu tenho um material e queria saber se interessa alguém
[2017-01-20 18:10:25] https://garoa.net.br/wiki/Dumont_Hackerspace_na_Campus_Party_2017
[2017-01-20 18:10:28] Esse aqui?
[2017-01-20 18:10:54] Valeu!
[2017-01-20 18:11:31] Deve rolar o nós robôs mais tarde um pouco
[2017-01-20 18:11:41] Material?
[2017-01-20 18:13:02] Sim
[2017-01-20 18:13:24] Que horas ?
[2017-01-20 18:13:56] Eu não sei bem os horários e acabei vondo já
[2017-01-20 18:13:59] Vindo
[2017-01-20 18:14:12] Estou no bar da esquina esperando
[2017-01-20 18:14:14] Kkkkkk
[2017-01-20 18:14:34] Tenho um kit qsptec
[2017-01-20 18:17:49] Vou aparecer nesse próximo!
[2017-01-20 18:22:07] Mas queria uma ajuda
[2017-01-20 18:27:11] Nossa parece que o evento de hoje é daqui uma hora....alguma chance de iniciar mais cedo ? Kkkk
[2017-01-20 18:58:33] Diíficil... =)
[2017-01-20 19:26:35] Wagner joined
[2017-01-20 19:26:36] Hi Wagner !
[2017-01-20 19:47:50] To aqui
[2017-01-20 20:51:59] Latex, teve problemas para abrir o portão? Foi com seu filho? Não teve como ir hoje...
[2017-01-20 21:05:35] Mastering Embedded Linux Programming https://www.packtpub.com/packt/offers/free-learning
[2017-01-20 22:04:52] Bruno Ventura joined
[2017-01-20 22:04:53] Hi Bruno !
[2017-01-20 22:06:17] Brunno Vodola joined
[2017-01-20 22:06:17] Hi Brunno !
[2017-01-20 22:07:13] Thalles Gremi joined
[2017-01-20 22:07:13] Hi Thalles !
[2017-01-20 22:24:28] http://spaceflightnow.com/2017/01/17/av066_journal/
[2017-01-20 22:35:53] Chegou os ctf
[2017-01-20 22:47:24] \o/
