[2017-04-20 02:13:59] https://science.slashdot.org/story/17/04/19/2051218/first-evidence-for-higher-state-of-consciousness-found
[2017-04-20 02:14:10] https://docs.google.com/document/d/1ST9GbFfPnIjLT5loytFCm3pB0kWQ1Oe34DCBBV8saY8/pub
[2017-04-20 02:14:36] SEGA Mega Drive / Genesis hardware notes
Written by Kabuto of TiTAN during the development of Overdrive 2
2017-04-19 Version 1.0: public release
[2017-04-20 06:17:26] http://diabetesevoce.blogspot.com.br/2016/06/usei-o-freestyle-libre-da-abbott-minhas.html?m=1.
[2017-04-20 06:17:51] Esse freestile da abbott
[2017-04-20 06:18:00] Parece promissor
[2017-04-20 07:19:43] É o que meu amigo utiliza
[2017-04-20 11:07:33] https://www.theguardian.com/technology/2016/oct/12/english-man-spends-11-hours-trying-to-make-cup-of-tea-with-wi-fi-kettle
[2017-04-20 11:16:42] document: /home/felipe/devel/github_tvdstaaij/telegram-history-dump/output/media/Garoa_Hacker_Clube_(Público)/download_328774854541050158.webp
[2017-04-20 11:46:12] /o\
[2017-04-20 12:33:26] já colocou?
[2017-04-20 12:37:11] not yet
[2017-04-20 12:48:05] document: /home/felipe/devel/github_tvdstaaij/telegram-history-dump/output/media/Garoa_Hacker_Clube_(Público)/download_175980787395461171.webp
[2017-04-20 13:14:18] Quantas tem aí?
[2017-04-20 13:21:17] 5/7 can relate
[2017-04-20 13:35:07] 2
[2017-04-20 17:11:40] Quem está no garoa?
[2017-04-20 17:15:20] Indo para o garoa
[2017-04-20 17:18:20] Blz, eh q já estou aki só q ngm atende a campainha
[2017-04-20 17:18:28] Esta como aberto
[2017-04-20 17:19:42] document: /home/felipe/devel/github_tvdstaaij/telegram-history-dump/output/media/Garoa_Hacker_Clube_(Público)/download_1842540969984064.webp
[2017-04-20 17:19:43] Arduino's night
[2017-04-20 17:21:20] document: /home/felipe/devel/github_tvdstaaij/telegram-history-dump/output/media/Garoa_Hacker_Clube_(Público)/download_606707282096422942.webp
[2017-04-20 17:33:06] Estou indo, mas vou demorar... quem quer que esteja lá deve ter esquecido de ligar a campainha...
[2017-04-20 17:38:10] O vizinho falou q n tem ngm, deve ter dado problema no sensor
[2017-04-20 17:40:41] Ou deixaram a porta aberta...
[2017-04-20 17:42:45] Qndo alguém chegar eu verifico isso
[2017-04-20 18:57:04] Garoa aberto.
[2017-04-20 18:58:52] document: /home/felipe/devel/github_tvdstaaij/telegram-history-dump/output/media/Garoa_Hacker_Clube_(Público)/download_50379188993000912.webp
[2017-04-20 19:48:14] document: /home/felipe/devel/github_tvdstaaij/telegram-history-dump/output/media/Garoa_Hacker_Clube_(Público)/download_753733448681652841.webp
[2017-04-20 19:50:03] Se rolar pizza To denteo
[2017-04-20 21:23:08] Alguem pode me indicar aonde comprar ou trocar tela notebook dell ... modelo p28f-003
[2017-04-20 21:42:01] Daniel Lira joined
[2017-04-20 21:42:02] Hi Daniel !
[2017-04-20 23:36:12] Dá para ir na bsides sem ter se cadastrado?
[2017-04-20 23:36:34] Eu não sabia que iria poder estar amanhã em São Paulo
[2017-04-20 23:37:55] Bsides é em maio
[2017-04-20 23:37:57] Tem como fazer com alguém do garoa?
[2017-04-20 23:38:00] O cadastro?
[2017-04-20 23:38:11] Sim sim
[2017-04-20 23:38:15] Hahaha
[2017-04-20 23:38:21] É que fechou
[2017-04-20 23:38:22] As inscrições não abriram ainda
[2017-04-20 23:38:29] Ahh
[2017-04-20 23:38:31] Hahahaha
[2017-04-20 23:38:33] O que fechou é a chamada de palestras
[2017-04-20 23:38:34] 😂
[2017-04-20 23:38:53] Valeu haha mal perdido aqui
[2017-04-20 23:39:05] Alguém abre o garoa amanhã? =D
[2017-04-20 23:52:10] Sim, o Tiago disse que estará amanhã no Garoa...
[2017-04-20 23:52:39] Valeu!
