[2016-12-26 01:38:28] Não achei que fosse causar no grupo falando de outras religiões
[2016-12-26 01:38:34] kkkkk
[2016-12-26 01:38:59] Fui expulsa do Chile. Tô de volta gatenhos
[2016-12-26 01:46:38] Não tenho maturidade pra olhar essa foto e não ouvir na minha cabeça o Erick Cartman cantando...
[2016-12-26 10:38:00] Hauhauhau
[2016-12-26 10:38:17] Achievement complete?
[2016-12-26 10:39:05] Isso vai ser uma boa história no Garoa. Temos uma sorte do caramba.
[2016-12-26 10:52:14] https://www.youtube.com/watch?v=zKlREq6uUF8
[2016-12-26 11:29:15] caraca isso merece uma mesa de bar para ouvir esta bela história
[2016-12-26 11:37:26] 18+
[2016-12-26 11:37:31] Hehehe
[2016-12-26 11:37:59] Aahahhahah
[2016-12-26 11:38:11] Tenho 17 cara
[2016-12-26 11:38:12] Então pode
[2016-12-26 11:45:00] document: /home/felipe/devel/github_tvdstaaij/telegram-history-dump/output/media/Garoa_Hacker_Clube_(Público)/download_712179395279717022.webp
[2016-12-26 11:50:12] def isAllowed (age):
  if (age >= 18):
    return True
Fax um script em Python passando sua idade, se retornar True, tira um print, manda pra nóis e aí pensamos no seu caso...
Hehehe
[2016-12-26 13:06:32] Quem vai e quando vai ao garoa essa semana?
[2016-12-26 13:06:58] Amanhã estou querendo apresentar o Garoa pra alguns estatísticos
[2016-12-26 13:07:05] Vou hoje
[2016-12-26 13:07:43] Eu também quero saber da história :/
[2016-12-26 13:09:17] Amanhã vai rolar produção no Garoa
[2016-12-26 13:09:42] Tomara que eles gostem de trap
[2016-12-26 13:11:06] São ex alunos do ime e atualmente professores da ufscar
[2016-12-26 13:26:57] Que legal
[2016-12-26 13:30:40] Amanhã to por lá. Acho que chego no começo da tarde
[2016-12-26 15:52:18] Vamos fazer um quebrando o cerco extra?
[2016-12-26 16:06:53] Vamos ver. Acho que ainda não
[2016-12-26 17:12:28] Bruno Leite joined
[2016-12-26 17:12:28] Hi Bruno !
[2016-12-26 17:26:09] Pou Yumi, só conversa de quebrando o cerco ahahahahah
[2016-12-26 17:29:13] Hahahajau
[2016-12-26 17:30:18] Não palestras e conteúdo, papo de bar com dolly
[2016-12-26 17:48:52] L0gan joined
[2016-12-26 17:48:52] Hi L0gan !
[2016-12-26 18:27:19] amanha tem boiler room no garoa
[2016-12-26 18:45:39] Agora vi vantagem!
[2016-12-26 18:48:26] Que
[2016-12-26 18:48:55] HACKVEILLON
[2016-12-26 18:58:19] Eu, ateu, não comemoro o Natal. Mas deixo de tomar o vinho e comer o bacalhau!
[2016-12-26 18:59:00] Eu, ateu, não comemoro o Natal. Mas NÃO deixo de tomar o vinho e comer o bacalhau!
[2016-12-26 18:59:15] LOL
[2016-12-26 19:01:57] eh aquele esquema
[2016-12-26 19:02:35] ateu até acontecer o natal, comunista até ganhar dinheiro..
[2016-12-26 19:05:00] Natal em Casa nunca teve fundamento Religioso, então sempre foi motivo de comer & beber...
[2016-12-26 19:49:23] Verdade, nego só quer saber de comer e ganhar presente
[2016-12-26 19:49:26] Kkkkk
[2016-12-26 19:51:47] Esse é o espírito :c)
[2016-12-26 20:00:54] Não acredito em espíritos... Mas é essa a idéia!  :-D
[2016-12-26 20:06:28] To procurando meus presentes até agora
[2016-12-26 20:15:58] https://forum.fiozera.com.br/t/resgate-historico-do-computador-patinho-feio-usp-1971/58
[2016-12-26 20:21:27] Kkkkkkkk
[2016-12-26 20:21:42] Deixa de drama
[2016-12-26 21:23:10] Deixo quando vc me der meu presente
[2016-12-26 21:42:53] seu maior presente já é me conhecer :D
[2016-12-26 21:51:04] document: /home/felipe/devel/github_tvdstaaij/telegram-history-dump/output/media/Garoa_Hacker_Clube_(Público)/download_50945793963590124.webp
[2016-12-26 22:04:37] document: /home/felipe/devel/github_tvdstaaij/telegram-history-dump/output/media/Garoa_Hacker_Clube_(Público)/download_50945793963590128.webp
[2016-12-26 22:15:07] kkkkkkkkkk
[2016-12-26 22:53:18] Show, Juca...
[2016-12-26 23:58:58]  joined
[2016-12-26 23:58:59] Hi LUX !
