[2016-11-21 00:23:50] Boa noite pessoal.
Gostaria de tirar uma dúvida em relação ao KiCad.
Instalei o Kicad e gostei muito, porém, preciso instalar o freerouter para gerar automaticamente as trilhas.

Alguém poderia me ajudar com essa instalação?
[2016-11-21 00:32:28] Pior que é.
[2016-11-21 04:02:39] UNPL4GUE joined
[2016-11-21 04:02:40] Hi UNPL4GUE !
[2016-11-21 08:13:49] Minha dica, para qualquer programa de PCB: não use o autorouter
[2016-11-21 08:32:39] o autorouter do kicad está sob disputa judicial por causa dos seus algoritmos. é apenas uma pinima, uma tecnicalidade, mas enquanto não sair o resultado do julgamento, a comunidade não tem certeza se o programa        pode ser considerado free software ou não.
[2016-11-21 08:34:26] Julio Cesar joined
[2016-11-21 08:34:27] Hi Julio !
[2016-11-21 10:33:32] adblock
[2016-11-21 10:33:43] estou procurando algo assim
[2016-11-21 10:33:49] alguém sabe me informar
[2016-11-21 10:34:04] para bloquear anúncios no navegador
[2016-11-21 10:35:06] Ublock origin
[2016-11-21 10:35:20] valeu
[2016-11-21 10:35:28] Obrigado
[2016-11-21 11:21:18] Rola instalar o telegram bot no server do garoa pra identificar links tipo meetup e mandar na lista de emails ou no canal de stream do Garoa
[2016-11-21 12:59:13] Dia 29 na Noite de Processing!
[2016-11-21 12:59:20] photo: /home/felipe/devel/github_tvdstaaij/telegram-history-dump/output/media/Garoa_Hacker_Clube_(Público)/download_803701762_136795.jpg
[2016-11-21 12:59:45] sim
[2016-11-21 13:56:07] 👆this!
[2016-11-21 15:22:06]  joined
[2016-11-21 15:22:07] Hi Camila !
[2016-11-21 15:24:01] Pessoinhas, o Nós Robôs ainda funciona de sexta feira?
[2016-11-21 15:24:11] (oi!)
[2016-11-21 15:24:21] https://twitter.com/dookiero/status/537252234891755522
[2016-11-21 15:25:26] acho que sim
[2016-11-21 15:26:46] Brigada :)
[2016-11-21 15:30:24] Sim todas assim sextas
[2016-11-21 16:15:45] Arrumei a fechadura da porta do Garoa semana passada.
[2016-11-21 16:17:27] Agora preciso que alguem faca a bondade de doar uma chave da porta para a faxineira q quebrou a dela tentando abrir a porta.
[2016-11-21 16:32:48] O Renato Alencar, vencedor o Hackaflag 2016 e membro do Teresina Hacker Clube, gentilmente disponibilizou o screencast da competição, para todo mundo poder estudar e aprender como ele achou as flags que o levarão paraLas Vegas!

https://m.youtube.com/watch?v=rkwgvoOfims
[2016-11-21 18:25:42] #FicaDica @LGMart @vmesel
Bora formar o Time de CTF
[2016-11-21 18:49:37]  joined
[2016-11-21 18:49:38] Hi Tom !
[2016-11-21 19:22:46] Iniciante pode participar tbm?
Eu comecei com shelterlabs mas por falta de tempo e entendimento parei
[2016-11-21 19:29:47] Tô dentro
[2016-11-21 19:31:39] Topo
[2016-11-21 19:31:57] Topo
[2016-11-21 19:47:41] Yumi e Danny junto!
[2016-11-21 19:58:47] Vou stalkear pra trocar figurinha
[2016-11-21 23:23:25] Claro!
[2016-11-21 23:25:57] Deixa q eu monto uma plataforma de treino
[2016-11-21 23:51:24] Eu tb topo
