[2016-12-21 00:36:31] gl joined
[2016-12-21 00:36:32] Hi gl !
[2016-12-21 10:43:54] Estou com medo do Google.
[2016-12-21 10:44:21] só agora?
[2016-12-21 10:44:56] Ontem no CMC o Oda comentou Ayhuasca
[2016-12-21 10:45:21] Hoje o YouTube cola uns vídeos de dessa porra na sugestão
[2016-12-21 10:46:47] Google is coming to town!
[2016-12-21 10:47:34] Deve ter sido o Google now da galera mandando os áudios das conversas
[2016-12-21 10:47:41] Basico
[2016-12-21 10:56:17] ja tomei o daime tb
[2016-12-21 10:56:25] vacina do sapo e paricá tb
[2016-12-21 10:56:33] muito boa a experiência
[2016-12-21 11:27:28] Alguém q está ou é de Sampa e não vai pra lugar nenhum no Natal topa fazer uma mini ceia no Garoa?
[2016-12-21 12:15:36] Ayahuasca: um dia desses eu encaro
[2016-12-21 12:18:26] Btw, olá gente boa. Tô mais observando que tudo pois sou recém-chegado, estou de férias, e na verdade, nem moro em Sampa. Mas já tinha ouvido falar de vocês e quando soube que meu amigo @rodzil participava das reuniões, falei q queria conhecê-los e eles me adicionou. Espero q até 15 de janeiro (meu último dia em São Paulo) eu consiga passar aí pra dar um olá e sentir a vibração da criatividade de vocês de perto
[2016-12-21 12:20:23] Sou Yuri, paulistano (nascido e criado) que saiu do Brasil há uns 3 anos pra encarar uma aventura maluca na Spotify, que tem sede em na gelada, escura (e ao mesmo tempo aconchegante) Estocolmo.
[2016-12-21 12:23:26] Lá sou web dev no momento, mas antes era backend dev na Rocket Internet. Meu maior interesse é qualidade de software, clean code, testes automatizados e coisas do gênero
[2016-12-21 12:23:40] Muito prazer Yuri, tenho certeza que irá curtir o Garoa...
[2016-12-21 12:23:54] Vlw!
[2016-12-21 12:36:45] Cola lá, Yuri. De quinta rola uma galera falando sobre micro controladores, principalmente Arduino e ESP8266.
De sexta, tem robótica. Geralmente tem algum robô seguidor de linha ou algum walker mesmo
[2016-12-21 12:39:34] Q massa
[2016-12-21 12:40:38] Não sei absolutamente nada em se tratando de coisas mais baixo nível como essas, mas me parece super interessante
[2016-12-21 13:17:33] Missão principal do Google; não ser do mal
Falha miseravelmente
[2016-12-21 13:23:06] sobre escutar, eu já li um relato disso no feisse fazendo isso.
[2016-12-21 13:25:15] Off-topic tou querendo vender meus dois volumes das palestras do Feynman. Será que interessa a alguém?
[2016-12-21 13:25:33] photo: /home/felipe/devel/github_tvdstaaij/telegram-history-dump/output/media/Garoa_Hacker_Clube_(Público)/download_803735845_2438.jpg
[2016-12-21 13:42:58] R$120 entrego no Garoa :)
[2016-12-21 14:18:04] Isso é tudo, ou há outros volumes?
[2016-12-21 14:21:44] Acho que é o set mais comum
[2016-12-21 14:21:44] Vi já un lectures on computation mas acho que é outra coisa
[2016-12-21 14:23:01] (salvo engano)
[2016-12-21 15:01:50] @aylons fui olhar e parece que tem um set de 3 volumes
[2016-12-21 15:01:54] vou investigar
[2016-12-21 15:02:42] há! São 3 volumes mesmo, mas eu tenho o terceiro aqui também!
[2016-12-21 15:03:33] fiz a conta do preço baseado nos volumes avulsos então preciso pensar quanto vou pedir pelos 3… 150 acho
[2016-12-21 15:04:09] Reserva aí, à noite acertamos detalhes
[2016-12-21 15:04:23] :)
[2016-12-21 16:25:14] Segredo da Fechadura da Sala Suja devidamente trocada
[2016-12-21 16:28:14] photo: /home/felipe/devel/github_tvdstaaij/telegram-history-dump/output/media/Garoa_Hacker_Clube_(Público)/download_803730076_123028.jpg
[2016-12-21 16:28:49] E ainda aumentamos as fechaduras para treinos de lock picking
[2016-12-21 16:33:02] yay!
[2016-12-21 16:35:08] Quem vai no Natal do Garoa?
[2016-12-21 16:36:18] Sustentabilidade :)
[2016-12-21 16:44:08] Acho massa... Eu fico por SP natal e ano novo
[2016-12-21 17:04:22] ]
[2016-12-21 17:22:59] https://garoa.net.br/wiki/Candidatura_CGI.br
[2016-12-21 17:43:14] Como que é o Natal do Garoa?
[2016-12-21 17:43:38] Por enquanto to cotando as pessoas, mas a ideia é cada um levar alguma coisa pra comer
[2016-12-21 17:43:50] É ver alguma atividade
[2016-12-21 17:44:12] Se for mais hackudo, atividade hacker, se for mais maker, algo de eletronica
[2016-12-21 17:45:34] Ou melhor, abre pra propor atividades
[2016-12-21 17:45:43] Q nem o carnahacking
[2016-12-21 17:47:39] Mas que dia seria? Afinal temos famílias
[2016-12-21 17:54:10] Alguns tão abandonados
[2016-12-21 17:54:20] Tipo o @fernandoGuisso
[2016-12-21 17:59:56] 😅😅😅
[2016-12-21 18:17:18] Tá todo gozadinho, hein @erickemi? Só porque alguém topou te apresentar como Padawan, né?
[2016-12-21 18:18:06] Olokooooooooooooo
[2016-12-21 18:18:15] QUE QUE ISSO
[2016-12-21 18:53:11] Exatamente, seria pra quem tá sem família hehe
[2016-12-21 18:53:33] Agora se quiser fazer algo antes ou depois, estou aqui tb
[2016-12-21 18:53:44] Olookooooo
[2016-12-21 18:54:43] No dia 25 em si eu topo fortemente.
[2016-12-21 19:02:30] Aloprou
[2016-12-21 19:07:05] O hacker do bem não perdoa msm hein
[2016-12-21 19:07:28] document: /home/felipe/devel/github_tvdstaaij/telegram-history-dump/output/media/Garoa_Hacker_Clube_(Público)/download_527769605716836501.webp
[2016-12-21 19:14:32] photo: /home/felipe/devel/github_tvdstaaij/telegram-history-dump/output/media/Garoa_Hacker_Clube_(Público)/download_803704083_25364.jpg
[2016-12-21 19:14:59] document: /home/felipe/devel/github_tvdstaaij/telegram-history-dump/output/media/Garoa_Hacker_Clube_(Público)/download_50945793963590110.webp
[2016-12-21 19:29:18] Fala galera, compartilhando aqui uma lista de 74 cursos de programação gratuitos! 😱😱😱 Bora estudar! 💪💪💪
===== FRONTEND =====
Curso Completo de HTML5 (42 aulas)
https://goo.gl/SD4p4g
Curso Aprenda HTML em 1 hora (22 aulas)
https://goo.gl/1kfBCZ
Curso completo de CSS3 (22 aulas)
https://goo.gl/ebjzVG
Curso Básico de CSS (12 aulas)
https://goo.gl/s98HNb
Curso de Bootstrap (16 aulas)
https://goo.gl/xFDOxT
Curso de Less (6 aulas)
https://goo.gl/Y5UkLQ
Curso de Sass (18 aulas)(inglês)
https://goo.gl/DzRv1e
Curso de CSS3 com Sass e Compass (9 aulas)
https://goo.gl/bAO0hE
Curso completo de Javascript (46 aulas)
https://goo.gl/zfjfkQ
Curso Completo de jQuery (56 aulas)
https://goo.gl/tHdIZ7
Curso de Angular (17 aulas)
https://goo.gl/6rT9ZC
Curso de Angular 2 (56 aulas)
https://goo.gl/mxPqRt
===== BACKEND =====
Curso Básico de PHP (20 aulas)
https://goo.gl/wLra9o
Curso Completo de PHP (108 aulas)
https://goo.gl/1th6ok
Curso de NodeJS (21 aulas)
https://goo.gl/6kGFk6
Curso de Aplicações Web Ricas com ExtJS (44 aulas)
https://goo.gl/tMZDvv
Curso de Ruby (15 aulas)
https://goo.gl/LcHcn4
Curso de Ruby On Rails (49 aulas)
https://goo.gl/4oXEAP
Curso de Gulp (11 aulas)(inglês)
https://goo.gl/dgs7On
Curso de Grunt (16 aulas)(inglês)
https://goo.gl/8KZskT
===== FRAMEWORKS DE PHP =====
Curso de Laravel (23 aulas)
https://goo.gl/C8RaxI
Curso de CodeIgniter (12 aulas)
https://goo.gl/A39ge0
Curso de Zend 2 (29 aulas)
https://goo.gl/nDkesr
Curso de Zend 3 (13 aulas)(inglês)
https://goo.gl/N1PBQV
===== BANCO DE DADOS =====
Curso Completo de MySQL (37 aulas)
https://goo.gl/wom29p
Curso de MongoDB (9 aulas)
https://goo.gl/xc1LAo
===== CMS =====
Curso Básico de Wordpress (34 aulas)
https://goo.gl/VTa3aV
Curso Completo de Criação de Temas para Wordpress (31 aulas)
https://goo.gl/10vlHM
Curso Completo de criação de Portais com Wordpress (65 aulas)
https://goo.gl/5ravtU
Curso de Desenvolvimento de Plugins para o Wordpress (15 Aulas)
https://goo.gl/ozs8Yf
Curso Básico de Magento (39 aulas)
https://goo.gl/bBJnFx
Curso Express de Desenvolimento de Temas para o Magento (4 aulas)
https://goo.gl/9CmbJo
Curso Completo de Desenvolvimento de Temas para o Magento (25 aulas)(inglês)
https://goo.gl/6XsLRx
Curso de Desenvolvimento de Módulos para o Magento (10 aulas)(inglês)
https://goo.gl/mZoxJ3
Curso Básico de Drupal 7 (40 aulas)
https://goo.gl/VpxzLl
Curso de Views no Drupal 7 (30 aulas)(Português de Portugal)
https://goo.gl/RKZidV
Curso de Desenvolvimento de Temas para o Drupal 7 (58 aulas)(Português de Portugal)
https://goo.gl/qn75XT
Curso de Desenvolvimento de Módulos para o Drupal 7 (11 aulas)(inglês)
https://goo.gl/99NW2O
===== MOBILE =====
Curso de Desenvolvimento de Apps para Android (30 aulas)
https://goo.gl/btlCUv
Curso de Desenvolvimento de Apps para iOS com Swift (28 aulas)
https://goo.gl/RyuNoA
Curso de Desenvolvimento de Apps para iOS com Objective C (51 aulas)
https://goo.gl/0bq0kC
Curso de Desenvolvimento de Apps com PhoneGap/Cordova (34 aulas)
https://goo.gl/GDXSsX
Curso de Desenvolvimento de Apps com Ionic (14 aulas)
https://goo.gl/xQlBmA
Curso de Desenvolvimento de Apps com Ionic 2 (10 aulas)
https://goo.gl/i3PVo7
Curso Recriando o Uber com Ionic 2 (19 aulas)(inglês)
https://goo.gl/B9KyHL
Curso Criando um App de gestão financeira com Ionic 2 (10 aulas)
https://goo.gl/EUzvuY
Curso de Interfaces Responsivas com jQuery Mobile (20 aulas)
https://goo.gl/0KCCg2
Curso de Interfaces Responsivas com Sencha Touch (6 aulas)
https://goo.gl/JktVlX
===== SERVIDORES =====
Curso Básico de GIT (8 aulas)
https://goo.gl/OSdCBS
Curso Configurando um Servidor Cloud na Digital Ocean (3 aulas)
https://goo.gl/8sr22C
Curso Configurando um Servidor Amazon AWS (7 aulas)
https://goo.gl/qfnmAJ
Curso Básico de Linux Debian (17 aulas)
https://goo.gl/FLfXN9
Curso Completo de Linux Ubuntu (81 aulas)
https://goo.gl/rPpgkl
Curso Completo de Servidor Linux Debian (35 aulas)
https://goo.gl/sNk7xU
Curso Avançado de Linux Ubuntu - Comandos no Terminal (15 aulas)
https://goo.gl/KA6S70
Curso de Windows Server 2016 (15 aulas)
https://goo.gl/WnnYqX
Curso de CPanel (30 aulas)
[2016-12-21 19:29:18] https://goo.gl/OtTBuc
Curso Como criar uma Revenda de Hospedagem com WHM e WHMCS (11 aulas)
https://goo.gl/ntkoYv
===== EDIÇÃO DE IMAGEM E VÍDEO =====
Curso de Adobe Photoshop CC (53 aulas)
https://goo.gl/sfmOIo
Curso de Adobe Illustrator CC (55 aulas)
https://goo.gl/sSVqLT
Curso Básico de Corel Draw X8 (9 aulas)
https://goo.gl/HnrLil
Curso Completo de Corel Draw X8 (94 aulas)
https://goo.gl/suapyb
Curso de Adobe Premiere Pro CC (34 aulas)
https://goo.gl/7nPNJh
Curso Aprenda After Effects em 30 minutos (5 aulas)
https://goo.gl/7vV1Ps
Curso Completo de After Effects (80 aulas)
https://goo.gl/rPqcEK
Curso de Vegas Pro 13 (34 aulas)
https://goo.gl/7LVIV3
===== MODELAGEM 3D =====
Curso de Blender 3D (17 aulas)
https://goo.gl/EvPg7s
Curso de 3D Studio Max (45 aulas)
https://goo.gl/WlYziZ
Curso de Maya (40 aulas)
https://goo.gl/8uOa4e
Curso de SketchUp (48 aulas)
https://goo.gl/ksMwfO
===== DESENVOLVIMENTO DE GAMES =====
Curso Básico de CryEngine (20 aulas)
https://goo.gl/EcxNi8
Curso Básico de Unreal Engine 4 (47 aulas)
https://goo.gl/SsmLKl
Curso Básico de Unity 3D (80 aulas)
https://goo.gl/n5Vo6W
Curso Recriando o Flappy Bird com Unity 3D (12 aulas)
https://goo.gl/1sufMv
======================================
TODOS OS CURSOS GRATUITOS 
https://goo.gl/3wqNXZ
[2016-12-21 19:30:17] Faz os curso de front aí @fernandoGuisso pra arrumar emprego
[2016-12-21 19:30:34] Nossa mano
[2016-12-21 19:38:15] document: /home/felipe/devel/github_tvdstaaij/telegram-history-dump/output/media/Garoa_Hacker_Clube_(Público)/download_505010926202650729.webp
[2016-12-21 19:43:58] Cêis tão que tão hoje, hein, Erick e Bruno Luiz ...
[2016-12-21 20:16:25] Top essa lista
[2016-12-21 20:30:31] Galera, se liga na lista lá q tamo discutindo sobre o Natal no Garoa
[2016-12-21 23:01:43] document: /home/felipe/devel/github_tvdstaaij/telegram-history-dump/output/media/Garoa_Hacker_Clube_(Público)/download_50945793963590144.webp
