[2017-04-05 00:00:48] +3
[2017-04-05 00:07:21] Eita. Esses estão todos encomendados. Mas logo chegam mais uma remessa
[2017-04-05 00:07:35] Vão virar tudo RetroPie
[2017-04-05 00:09:58] Opa, bora trocar no Zero q já ta ai mesmo?
[2017-04-05 00:14:19] qual é o preço? Dependendo do preço eu vou querer entrar na fila pro próximo lote.
[2017-04-05 00:19:55] R$220
Vem o RPi 3 + Case + fonte 5v 2.5A (padrão US) + cabo USB + 2 dissipadores de calor
[2017-04-05 00:20:15] boa!
[2017-04-05 00:20:19] pode me botar na fila
[2017-04-05 00:20:22] eu vou querer
[2017-04-05 00:20:46] photo: /home/felipe/devel/github_tvdstaaij/telegram-history-dump/output/media/Garoa_Hacker_Clube_(Público)/download_803118944_30841.jpg
[2017-04-05 00:20:50] o case
[2017-04-05 00:21:14] Preço bom, quantos chineses vc ameaçou?
[2017-04-05 00:21:20] hauhauahua
[2017-04-05 00:21:35] Toda a 25 e a Sta Ifigenia...
[2017-04-05 00:21:50] "Imiglação! Vou chamar a Imiglação!"
[2017-04-05 00:22:12] 😂😂😂
[2017-04-05 00:22:17] https://www.instagram.com/p/BSfJDjMFzwR/
[2017-04-05 00:27:11] Mano, que coisa linda de se ver...
[2017-04-05 00:32:13] document: /home/felipe/devel/github_tvdstaaij/telegram-history-dump/output/media/Garoa_Hacker_Clube_(Público)/download_24991512752292796.webp
[2017-04-05 00:32:46] Agora só preciso de um fornecedor bom para cabo HDMI e o Kit RPi fica completo
[2017-04-05 00:38:29] alguém usa ou conhece quem usa mba late 2010/11 ?
[2017-04-05 00:40:56] Eu quero
[2017-04-05 00:41:01] Me avisa quando chegar
[2017-04-05 00:41:15] document: /home/felipe/devel/github_tvdstaaij/telegram-history-dump/output/media/Garoa_Hacker_Clube_(Público)/download_476026781787226364.webp
[2017-04-05 00:44:53] 👍
[2017-04-05 01:14:57] Vai ter Meetup?
[2017-04-05 01:22:13] animal! *o*
[2017-04-05 01:24:19] Deu até um pulinho dessa vez...
[2017-04-05 01:24:26] pulinho de alegria haha
[2017-04-05 01:25:03] pulinho de "cheguei no chão um pouquinho mais veloz do que devia"
[2017-04-05 01:25:37] "...mas sussa!"
[2017-04-05 01:32:53] document: /home/felipe/devel/github_tvdstaaij/telegram-history-dump/output/media/Garoa_Hacker_Clube_(Público)/download_285892071401719644.webp
[2017-04-05 01:35:29] Galera, estou fazendo uma pesquisa para talvez montar um evento legal, quem puder responder ao form, agradeço.
https://goo.gl/forms/gfd8yJ6cuP3pKTgp1
[2017-04-05 01:35:51] Algum adm poderia pinnar por alguns dias?
[2017-04-05 02:34:15] agora não consigo dar todos os detalhes, mas mando uma sequencia q pode ajudar na sua pesquisa.
1- boota um live cd
2. monta a partição q tem o GNU
3. faz um chroot
4. reinstala o grub no dispositivo
[2017-04-05 03:14:34] https://help.ubuntu.com/community/RecoveringUbuntuAfterInstallingWindows
[2017-04-05 06:14:07] Cabe + 1 ? 🙏🏻
[2017-04-05 08:01:54] MOOC - AutoCad - Centro Paula Souza
http://mooc.cps.sp.gov.br/cad/
[2017-04-05 08:23:46] Claro!
[2017-04-05 08:24:26] @joaoreis13 ? @Biazzotto ? Vão também?
[2017-04-05 08:31:16] Não desta vez... vou ter que pagar o imposto de renda...
[2017-04-05 10:29:56] Bom dia.
Você venderia para alguém que se encontra em Salvador-Ba?
[2017-04-05 10:30:22] Iremos ter nosso primeiro Campus Party em Salvador
[2017-04-05 10:30:57] Queria usar o RPI3 em um projeto para a Campus Party
[2017-04-05 11:14:08] Tay joined
[2017-04-05 11:14:09] Hi Tay !
[2017-04-05 11:19:37] https://cisco.webex.com/ciscosales/onstage/g.php?MTID=edcf45664b2a9a09e5294ee16c0579e83
[2017-04-05 11:19:55] Webinar cisco cybersegurança
[2017-04-05 11:23:09] MAndei no pvt
[2017-04-05 11:33:45] Quero! 😁
[2017-04-05 11:35:31] @Gutemhc se quiser me passa sua conta inbox q ja deposito pra garantir 👍🏼
[2017-04-05 11:35:51] Essa primeira leva já foi
[2017-04-05 11:35:56] to traendo mais
[2017-04-05 11:37:23] Estou On assistindo
[2017-04-05 12:01:09] tabela corrompida, acho que agora resolvi mesmo, quando acontecer isso eh bom olhar logs
[2017-04-05 12:01:52] cara, nao sei se isso ajuda muito, banco de dados nao eh para cair, se vai eh pq deu zica mesmo, ai so reiniciar nao resolve, entao watchdog seria bom so para notificar
[2017-04-05 12:02:18] este caso mesmo eh isso: ao subir, ele ate fica no ar uns instantes e depois cai
[2017-04-05 12:02:38] um watchdog so ia encher o disco com log dizendo "tabela corrompida"
[2017-04-05 12:13:19] tem alguma idéia de qual foi o motivo pra essa tabela ter sido corrompida ?
[2017-04-05 12:13:38] sim
[2017-04-05 12:13:39] bug no sw? ou tentativa de ataque ?
[2017-04-05 12:14:14] eh uma tabela do hubzilla, bug
[2017-04-05 12:14:24] aconteceu em outras instalacoes que cuido
[2017-04-05 12:14:52] é mitigável? pra não acontecer novamente ?
[2017-04-05 12:17:46] sei la
[2017-04-05 12:18:32] so vou pensar nisso depois da 17 vez que der zica
[2017-04-05 12:18:39] mas fique a vontade para se preocupar se quiser
[2017-04-05 12:33:28] http://thehackernews.com/2017/04/broadcom-wifi-hack.html
[2017-04-05 12:33:30] kkkk
[2017-04-05 12:56:05] @Gutemhc to nessa fila de Rpi 3  tbm
[2017-04-05 13:01:29] Eita
[2017-04-05 13:01:48] Okay. Tá sendo melhor recebido do que esperava
[2017-04-05 13:16:45] Eu tenho um kit desse. Esse case eh massa
[2017-04-05 13:16:55] Tem tampinhas por todos os lados
[2017-04-05 13:17:05] E não tem parafuso eh so encaixe
[2017-04-05 13:33:11] document: /home/felipe/devel/github_tvdstaaij/telegram-history-dump/output/media/Garoa_Hacker_Clube_(Público)/download_4904625654420471816
[2017-04-05 13:36:18] Valeu, ótimo conteúdo!
[2017-04-05 13:38:23] <3
[2017-04-05 13:54:18] Deu ruim
[2017-04-05 14:59:51] ai galera
[2017-04-05 14:59:58] alguem tem kindle paperwhite pra vender?
[2017-04-05 15:18:19] Sim, alguém tem.
Tem também uma empresa que começa com A e termina com z que também vende. 😊
[2017-04-05 15:26:49] =/
[2017-04-05 15:27:02] quando me refiro a alguém me refiro aqui...
[2017-04-05 15:27:11] se não eu tinha entrado no site da empresa e comprado
[2017-04-05 15:33:58] https://news.slashdot.org/story/17/04/05/1510201/in-tech-wage-gender-gap-worsens-for-women-over-time-and-its-worst-for-black-women
[2017-04-05 15:35:46] em outras notícias, água é molhada
[2017-04-05 15:36:14] amazonz?
[2017-04-05 15:36:35] precisa ser o kindle paperwhite em específico?
[2017-04-05 15:36:59] de preferencia, mas vc tem um ai parado?
[2017-04-05 15:37:15] tava vendo o paperwhite por custo/beneficio
[2017-04-05 15:37:49] por benefício eu faço jabá do Lev da Saraiva
[2017-04-05 15:38:06] (que na real é um Cybook Muse na carcaça de um Cybook Odyssey)
[2017-04-05 15:38:18] acho ele mais prático e aberto que o kindle
[2017-04-05 15:38:25] principalmente pra ler PDFs
[2017-04-05 15:38:37] mas ele roda os livros do kindle nele?
[2017-04-05 15:39:03] (é uma pergunta de qm nunca mexeu num e-reader além do kindle)
[2017-04-05 15:39:05] você consegue baixar em algum formato?
[2017-04-05 15:39:12] probably, no
[2017-04-05 15:39:12] mobi, epub, pdf, txt
[2017-04-05 15:39:14] let me check
[2017-04-05 15:39:23] por que precisa ser da amazon?
[2017-04-05 15:39:36] biblioteca preexistente?
[2017-04-05 15:39:42] sim
[2017-04-05 15:39:45] tendi
[2017-04-05 15:40:05] a amazon tem um drm do capeta
[2017-04-05 15:40:09] por isso não curto muito
[2017-04-05 15:40:15] mas então no seu caso seria um kindle mesmo
[2017-04-05 15:40:31] como eu não compro livro na amazon, fui pela saraiva, que dá pra colocar livros numa boa
[2017-04-05 15:42:36] Vc consegue colocar qualquer formato no lev!
[2017-04-05 15:42:38] ?
[2017-04-05 15:43:13] epub mobi txt pdf jpg
[2017-04-05 15:43:17] Caraca
[2017-04-05 15:43:33] ele monta como pendrive no pc
[2017-04-05 15:43:34] Talvez eu possa recorrer a um destes...
[2017-04-05 15:43:37] só copiar e ser feliz
[2017-04-05 15:43:42] Vou pensar no q eu vou fazer
[2017-04-05 15:53:59] photo: /home/felipe/devel/github_tvdstaaij/telegram-history-dump/output/media/Garoa_Hacker_Clube_(Público)/download_803113196_30828.jpg
[2017-04-05 15:54:01] para o pessoal da maldade ai
[2017-04-05 15:58:39] em outra notícias, o mar tá cada vez mais deserto.
[2017-04-05 16:02:37] Usa Calibre. Converte entre formatos e tira o DRM
[2017-04-05 16:02:58] manda isso pro @vmesel
[2017-04-05 16:03:03] eu não tenho kindle
[2017-04-05 16:03:37] "tira o DRM".... curioso isso funcionar... Aposto que de tempos em tempos quebra.
[2017-04-05 16:09:55] Faz anos que não quebra, tipo, mais de cinco anos
[2017-04-05 16:10:55] As vezes que quebrou, segundo o autor, não parece ter sido um movimento deliberado da Amazon, só uma mudança no formato de arquivo que foi fácil readaptar o software.
[2017-04-05 16:12:23] interessante
[2017-04-05 16:18:35] wow... para quem usa ubuntu, o shuttlework anunciou que o proximo LTS vai mandar o Unity(7 e 8) para o vinagre... e vai voltar tudo para o GNOME 😳 ...
[2017-04-05 16:19:07] mas como eu baixo um livro do kindle read?
[2017-04-05 16:22:03] Que beleza
[2017-04-05 16:37:51] Wellington Pereira joined
[2017-04-05 16:37:52] Hi Wellington !
[2017-04-05 16:41:44] Foi no dia 1º de Abril?
[2017-04-05 16:42:29] não, foi a primeira coisa que fui verificar... umas 10x, hahaha... foi hoje
[2017-04-05 16:43:03] document: /home/felipe/devel/github_tvdstaaij/telegram-history-dump/output/media/Garoa_Hacker_Clube_(Público)/download_694481660414001313.webp
[2017-04-05 16:43:04] Já estava na hora, esse Unity é uma porcaria comedora de memória....
[2017-04-05 16:43:48] hahaha... bom, eu fico triste de ter que voltar ao gnome3 .. acho ele pessimo... mas, é um preço que eu pago para ver o mir desaparecer e todos focarem no wayland
[2017-04-05 16:44:53] Ainda não consegui usar o wayland, mesmo aqui no Debian Stretch não está rodando....
[2017-04-05 16:46:21] estou rodando no meu note com fedora... como usuario, é imperceptivel (tirando a parte que não há mais tearing de tela)
[2017-04-05 16:47:08] Pensando em voltar a usar Fedora aqui no meu desk...
[2017-04-05 16:47:56] eu instalei só por conta do wayland... ainda prefiro usar ubuntu ou debian.
[2017-04-05 16:54:30] URLs do DADOWARE, o Diceware para usuários de língua portuguesa:
[2017-04-05 16:54:36] Instruções: https://github.com/thoughtworks/dadoware/blob/master/livreto/dadoware-intro.pdf
[2017-04-05 16:54:45] Lista de palavras:
[2017-04-05 16:54:58] https://github.com/thoughtworks/dadoware/blob/master/livreto/dadoware-lista-2e.pdf
[2017-04-05 16:55:33] Diceware é um método para gerar senhas seguras e é considerado uma das melhores práticas de segurança que todos nós podemos adotar.
[2017-04-05 16:55:50] Site original:
[2017-04-05 16:55:51] http://world.std.com/~reinhold/diceware.html
[2017-04-05 16:56:54] O recurso central do DADOWARE é a lista de palavras, pois ela precisa ser uma lista de palavras familiares parque que as frases-senha produzidas sejam fáceis de memorizar.
[2017-04-05 16:57:13] parque —> para que
[2017-04-05 16:58:53] tenho o livrinho! #recomendo!!! mto bom ter online tb :)
[2017-04-05 17:04:14] +1
[2017-04-05 17:37:30] Informações interessantes
[2017-04-05 17:40:14] Falando em ereader,
[2017-04-05 17:40:45] Alguém teria um quebrado pra doar (não sendo a tela)
[2017-04-05 18:13:08] Comprado na Amazon? Tem uma opção de sincronizar offline... vc baixa pro PC e conecta o Kindle por USB e transfere
[2017-04-05 19:22:38] Olá pessoal
[2017-04-05 19:23:16] sou de Minas e quero ir muito no Security BSides São Paulo
[2017-04-05 19:23:19] desse ano
[2017-04-05 19:24:19] Consigo achar uns hotéis baratos perto de onde vai ser o evento?
[2017-04-05 19:39:09] Pega um AirBnB
[2017-04-05 19:39:34] é Proximo do Centro Velho e da Paulista, opção de Hospedagem não deve faltar
[2017-04-05 19:56:03] Vou começar a olhar já
[2017-04-05 22:30:58] Nesse final de semana eu vou pra Campinas participar do segundo CCCP, no LHC: http://eventocccp.blogspot.com.br/p/cccp-abril-2017.html
[2017-04-05 22:31:23] Quem mais quer ir?
