[2016-12-08 01:08:25] @dudedias http://latinoware.org/codigo-de-conduta/ pode ajudar
[2016-12-08 01:16:26] Massa, valeu @kretcheu!
[2016-12-08 10:49:46] Wrench added Anderson Maciel
[2016-12-08 10:49:47] Hi Anderson !
[2016-12-08 10:51:47] Nice
[2016-12-08 13:00:36] https://www.youtube.com/watch?v=lAEXH9DAH98
[2016-12-08 13:01:09] https://www.youtube.com/watch?v=FqJdzYY_Fas
[2016-12-08 13:26:48] Como tem gente que tem criatividade, inteligência, talento e tira som de qualquer coisa né! Muito bons. 👏👏👏
[2016-12-08 13:27:49] Eu acabei de falar oi pra Audrey Tang
[2016-12-08 13:27:54] Pensa numa fangirl sendo fangirl
[2016-12-08 13:28:56] https://www.youtube.com/watch?v=nIOts0hHfTc
[2016-12-08 13:40:28] https://www.youtube.com/watch?v=Tet2CMHZjx8
[2016-12-08 14:30:20] taporra
[2016-12-08 14:33:33] "aonde ninguem obedece, nao ha quem consiga mandar, e a gente ja obedece demais nessa vida"
[2016-12-08 14:33:59] miha capacidade cognitiva nao permite entender o que ele quis dizer
[2016-12-08 14:34:51] mas se desconsiderar o conteudo, o resto eh bom
[2016-12-08 14:36:13] Eu não ia assistir, mas a curiosidade foi mais forte. Loko hein.
[2016-12-08 14:36:21] https://www.youtube.com/watch?v=kKrx1gWI_Vk
[2016-12-08 14:36:31] https://www.youtube.com/watch?v=kKrx1gWI_Vk
[2016-12-08 14:36:46] o russo manda muito (alias, o taporra foi para ele)
[2016-12-08 14:40:56] parece que é fake esse russo. tem um cara comentando isso e faz sentido (nas últimas notas dá pra perceber)
[2016-12-08 14:41:07] Para os matemáticos: http://www.smbc-comics.com/comic/irrational
[2016-12-08 14:41:26] photo: /home/felipe/devel/github_tvdstaaij/telegram-history-dump/output/media/Garoa_Hacker_Clube_(Público)/download_803703845_148246.jpg
[2016-12-08 14:43:00] Acho que ainda tenho alguns. Que mal pergunte, comprados a onde e por quanto?
[2016-12-08 14:43:08] quanto tá?
[2016-12-08 14:45:05] de fato o final esta invertido
[2016-12-08 14:46:02] China. Bem mais barato que aqui. Não lembro quanto, faz quase 2 meses que comprei, vou ver na fatura do cartão
[2016-12-08 14:48:29] foi melhor que a conversa do Pi com i
[2016-12-08 14:51:47] photo: /home/felipe/devel/github_tvdstaaij/telegram-history-dump/output/media/Garoa_Hacker_Clube_(Público)/download_803707984_149897.jpg
[2016-12-08 14:54:22] wow!
[2016-12-08 14:58:53] Quero. Qto?
[2016-12-08 15:24:51] No TEDx ele explicou melhor. https://www.youtube.com/watch?v=Nmob5e4ceJE
[2016-12-08 15:34:43] fala serio, a menos que vc tenha interesse em estudar implicacoes de tecnicas de oratoria, carisma, aplicacao descontrolada de cliches e outras coisas do genero (o cara me parece bom nisso), eh melhor assitir outra coisa
[2016-12-08 15:35:03] kkk
[2016-12-08 15:35:20] para mim ficou claro
[2016-12-08 15:35:22] Alguém teria um adaptador displayPort >> Hdmi + VGA pra me emprestar?
[2016-12-08 15:36:57] \o
[2016-12-08 15:37:03] quando alguem fala de um jeito que qq um pode entender o que quiser (inclusive coisas incompativeis) pode acontecer isso mesmo
[2016-12-08 15:38:03] BTW, DP ou miniDP? Tem que ter HDMI e VGA juntos?
[2016-12-08 15:38:25] Acho q consegui com o Afonso, qualquer coisa te dou um toque
[2016-12-08 15:39:12] DP pra HDMI e outro pra VGA
[2016-12-08 15:40:39] acho que ficou claro pra mim nao pq sou inteligente, mas pq eu sou mais um que so recebe ordem rs
[2016-12-08 15:41:40] entao se vc ta em um ambiente em que ninguem ira serguir ordem, logo nao faz sentido existir alguem que vai mandar
[2016-12-08 15:41:54] eu entendi assim
[2016-12-08 15:49:11] Se você tirar a "força repressiva" da Equação, o cara vai falar sozinho...
[2016-12-08 15:49:51] document: /home/felipe/devel/github_tvdstaaij/telegram-history-dump/output/media/Garoa_Hacker_Clube_(Público)/download_129472600886738990.jpeg
[2016-12-08 15:49:51] O que me lembrou Monty Python
[2016-12-08 15:50:22] Sim.. tipo isso
[2016-12-08 16:03:36] Qto?
[2016-12-08 16:10:22] Então sua cognição vai mal... Uma coisa é não entender o que ele disse. Outra coisa bem diferente é não gostar do cara, discordar, etc...
[2016-12-08 16:38:42] minha capacidade cognitiva nao permite te entender tb
[2016-12-08 16:47:38] I rest my case :-)
[2016-12-08 17:31:55] DefesaNet - Vant - DECEA lança portal para orientar usuário de Drone/RPAS
http://www.defesanet.com.br/vant/noticia/24278/DECEA-lanca-portal-para-orientar-usuario-de-Drone-RPAS/
[2016-12-08 17:38:00] Attiny85 - R$7 cada
@SandroFriedland @mynameiserin
[2016-12-08 17:38:22] Separa dois
[2016-12-08 17:39:20] 👍
[2016-12-08 17:55:26] ow, my picture
[2016-12-08 18:00:17] Quero quatro @Gutemhc
[2016-12-08 18:21:41] Quero dois, @Gutemhc
[2016-12-08 19:21:18] Assuntos aleatórios: como que o Super Man respira no espaço?
[2016-12-08 19:22:49] ele eu nao sei, ja o batman...
[2016-12-08 19:22:52] Super pulmões que conseguem puxar o ar da terra
[2016-12-08 19:23:00] Próxima pergunta?
[2016-12-08 19:23:25] document: /home/felipe/devel/github_tvdstaaij/telegram-history-dump/output/media/Garoa_Hacker_Clube_(Público)/download_120138932577894572.webp
[2016-12-08 19:23:47] document: /home/felipe/devel/github_tvdstaaij/telegram-history-dump/output/media/Garoa_Hacker_Clube_(Público)/download_368739082848698861.webp
[2016-12-08 19:40:43] Hoje vou no garoa e vou levar uns NodeMCU pra vender no preço bom
[2016-12-08 19:41:20] Legal
[2016-12-08 20:40:50] Quanto?
[2016-12-08 22:22:19] 35
[2016-12-08 23:28:31] Boa noite.
Pessoal, estou com certa dificuldade de achar algo a respeito de como fazer aqueles cabos para impressora paralela.
Neste caso a ponta A seria db25 e a ponta b db36
[2016-12-08 23:28:31] document: /home/felipe/devel/github_tvdstaaij/telegram-history-dump/output/media/Garoa_Hacker_Clube_(Público)/download_768648332502368484.png
[2016-12-08 23:28:31] Alguém poderia me ajudar?
[2016-12-08 23:34:29] photo: /home/felipe/devel/github_tvdstaaij/telegram-history-dump/output/media/Garoa_Hacker_Clube_(Público)/download_803730803_113032.jpg
[2016-12-08 23:34:44] No app eletroDoid
[2016-12-08 23:36:40] Muito obrigado!!!
[2016-12-08 23:37:05] 👍
[2016-12-08 23:37:40] Estou com uma CNC que usa paralela
[2016-12-08 23:37:56] Arranjeium adaptador paralela para rede
[2016-12-08 23:38:01] Irei soldar
[2016-12-08 23:52:26] http://br.okfn.org/2016/12/08/open-knowledge-brasil-lanca-manifesto-para-identificacao-digital-no-brasil/
