[2016-07-10 08:27:50] Gente mesa do Garoa no ágora fab livre será na quarta-feira dia 13/jul das 19 às 20:30 no CCSP. O tema da mesa é Hackerspace e Makerspace, o tempo de apresentação é de 20 minutos, e depois perguntas.
[2016-07-10 08:28:13] Quem vai poder ir?
[2016-07-10 11:26:52] Vc sabe dizer se pra assistir é só chegar?
[2016-07-10 11:27:26] Sim, só chegar.
[2016-07-10 11:29:18] Massa, valeu!
[2016-07-10 18:04:01] https://www.eventials.com/Globalcode/stadium-sp-2016-sabado-tarde/?html5=1

Pule até 04h18, e veja o bate-papo com Renato Degiovani, cujo tema é "Criar é tão divertido quanto jogar".
[2016-07-10 18:33:19] http://www.wired.com/2015/10/margaret-hamilton-nasa-apollo/
[2016-07-10 19:40:15] photo
[2016-07-10 19:40:19] Caso grave de RAS
[2016-07-10 19:41:41] Desculpe a ignorância, o que é RAS?
[2016-07-10 19:42:26] @aurium, o que é RAS
[2016-07-10 19:42:29] ?
[2016-07-10 19:42:37] HA
[2016-07-10 19:42:39] Aurium errado
[2016-07-10 19:43:37] RAS sydrome: https://en.wikipedia.org/wiki/RAS_syndrome
[2016-07-10 19:44:32] No exemplo acima o cara conseguiu ser redudante com duas letras em um acronimo de três letras.
[2016-07-10 20:13:19] Obrigado!
[2016-07-10 21:59:52] http://qz.com/726338/the-code-that-took-america-to-the-moon-was-just-published-to-github-and-its-like-a-1960s-time-capsule/
[2016-07-10 22:05:25] https://github.com/chrislgarry/Apollo-11
[2016-07-10 22:05:26] chrislgarry | Apollo-11

Original Apollo 11 Guidance Computer (AGC) source code for the command and lunar modules.

Language: Assembly
Forks: 1096
Stars: 9682
Issues: 16
[2016-07-10 22:22:34] o mais legal tá aqui https://github.com/chrislgarry/Apollo-11/issues?q=is%3Aissue+is%3Aclosed
[2016-07-10 22:26:47] https://github.com/chrislgarry/Apollo-11/issues/3
[2016-07-10 22:33:28] Hahahaha...
[2016-07-10 23:37:12] Eu vou
[2016-07-10 23:37:15] Me decidi
[2016-07-10 23:37:17] Vou sim
[2016-07-10 23:46:27] Legal! Chamaram o Garoa e estão de olho em nós por conta do Redes e Ruas... querem ativar os espaços – fora que vai ser uma oportunidade de encontrar gente legal como o Artur Cordeiro que está no projeto dos FabLabs Livres pelo lado da prefeitura.
[2016-07-10 23:47:36] Legal
