[2016-10-25 06:38:11] Pessoal, alguém aqui costuma usar PicPay?
http://www.picpay.com/convite?NDQ4
Pelo que eu vi é gratuito para pessoas físicas, e eu ganhei R$ 1,00 de credito só por me cadastrar...
[2016-10-25 07:52:32] http://www.wearbrasil.info
[2016-10-25 10:55:00] Bispo added Gabriel Zucheratto
[2016-10-25 10:55:03] Hi Gabriel !
[2016-10-25 11:02:57] Hi! 👍🏻
[2016-10-25 11:18:52] https://news.slashdot.org/story/16/10/24/2232220/rowhammer-attack-can-now-root-android-devices
[2016-10-25 11:27:20] Dirty COW também funciona no Droid...
[2016-10-25 11:27:20] photo: /home/felipe/devel/github_tvdstaaij/telegram-history-dump/output/media/Garoa_Hacker_Clube_(Público)/download_803712794_120740.jpg
[2016-10-25 11:29:20] Agora que eu vi, me matriculei. Recebi a 1a lição hj 😁
[2016-10-25 11:35:37] Obrigado!
[2016-10-25 13:07:39] Vou ver se passo lá na ETEC perto do Garoa hoje
[2016-10-25 13:18:46] Esta confirmada a noite do precessing
[2016-10-25 13:18:49] ?
[2016-10-25 13:19:25] photo: /home/felipe/devel/github_tvdstaaij/telegram-history-dump/output/media/Garoa_Hacker_Clube_(Público)/download_287137010622136348.webp
[2016-10-25 13:19:29] Mais que confirmada!
[2016-10-25 13:19:52] Estaremos te esperando Rafael!
[2016-10-25 13:21:03] Beleza
[2016-10-25 13:40:32] Eu vi pessoas lamentando que os celulares Android iriam para sempre ficar com a falha, pois ninguém vai lançar atualização.
[2016-10-25 14:03:34] Não só celulares! Media Centers, mini PCs e tudo mais que rode Android ou Linux e não for atualizado. Incluso aí alguns servidores
[2016-10-25 14:07:22] O buraco é bem mais embaixo...
[2016-10-25 14:07:55] Eu sei que não são só celulares que foram afetados. As pessoas estavam falando dos celulares pois estes aparentemente, depois de vendidos, não recebem nenhum tipo de atualização depois, diferente de SO de desktop.
[2016-10-25 14:15:53] Pessoal, estamos com a internet do Garoa meio avariada, então recomendo que quem for acompanhar a atividade com o computador que instale os softwares necessários antes de vir!
[2016-10-25 14:18:58] Obrigada Fabio! Vou levar um pen-drive com os softwares!
[2016-10-25 14:37:44] Henrick Santana ☂ joined
[2016-10-25 14:37:45] Hi Henrick !
[2016-10-25 14:39:59] Nunca até hoje falhou :)
[2016-10-25 14:43:26] Boa
[2016-10-25 15:34:37] Acho q hj vou
[2016-10-25 15:35:15] Venha Andre! Vai ser ótimo...
[2016-10-25 15:35:42] Tranquilo... irei sim
[2016-10-25 16:53:04] Temos internet pessoal?
[2016-10-25 17:08:23] Oda, meu filho viu os copos do Star Wars e quer um para ele. Onde vc comprou?
[2016-10-25 17:38:51] Hoje eu dou mentoria pra startups...
[2016-10-25 17:39:05] divirtam-se e espero que a nossa senhora da internet nos abençoe
[2016-10-25 17:39:17] Se eu achar uma dessas compro e envio pra ti
[2016-10-25 17:44:47] Nope
[2016-10-25 17:47:03] (Relativa à internet)
[2016-10-25 17:52:12] Em TI ou Negócios ?
[2016-10-25 18:15:59] document: /home/felipe/devel/github_tvdstaaij/telegram-history-dump/output/media/Garoa_Hacker_Clube_(Público)/download_336020850916458678.webp
[2016-10-25 18:16:29] Soa interessante. Que tipo de mentoria você dá pra startups? Tenho vontade de me atualizar pra tentar de novo um dia.
[2016-10-25 19:39:20] Boa noite, alguém aqui já usou a API JIRA para rastreamento com os Correios?
[2016-10-25 20:30:01] Opa, alguém aqui já mexeu com  sdr ? Tipo rtl sdr ou hackrf  /airspy ou outros?
[2016-10-25 21:53:51] Pessoal alguém aqui já viu algum giroflex com LED RGB?
[2016-10-25 22:58:09] Fechei o garoa
[2016-10-25 23:50:22] Quero!!!!
[2016-10-25 23:54:55] document: /home/felipe/devel/github_tvdstaaij/telegram-history-dump/output/media/Garoa_Hacker_Clube_(Público)/download_803717939_120491.jpg
[2016-10-25 23:55:48] Traz alfajor @anchisesbr
