[2017-01-19 07:48:56] Priv8 me
[2017-01-19 07:48:57] Pls
[2017-01-19 11:21:33] Falando em Campus Party, meu chefe vai apresentar sobre o Sirius lá
[2017-01-19 11:28:11] Sirius black? Zuera
[2017-01-19 11:28:21] Quem vai de campus?
[2017-01-19 11:56:07] Sempre quis saber mais sobre, os filmes do Harry Potter não falam muito sobre ele
[2017-01-19 12:12:03] Kkkk
[2017-01-19 12:12:09] Kkkk
[2017-01-19 12:12:20] Campus Party ta caro dmais
[2017-01-19 12:28:17] Usa o cupom #DUMONTHACKER...
[2017-01-19 12:28:56] tinha rolado uma promoção
[2017-01-19 12:28:59] que vi ontem
[2017-01-19 12:29:10] o preço ia ser do primeiro lote
[2017-01-19 12:33:07] estou sem acesso ao facebook aqui mas se entrar na pagina oficial do evento e procurar um post do Vinicius Machado ele colocou um código lá para ter um desconto na entrada
[2017-01-19 12:50:05] Esse cupom já é preço de primeiro lote, usem e abusem
[2017-01-19 14:08:26] Além de conseguir um desconto, usando o #DUMONTHACKER você ajuda a gente a mostrar pra Campus que somos tão relevantes quanto a comunidade de vlogueiros de Minecraft
[2017-01-19 14:15:02] com o desconto sai quanto?
[2017-01-19 14:17:50] Difícil kkkk
[2017-01-19 14:18:39] Bem q vc podia começar um vlog de Minecraft com Python ne, talvez na próxima campus vc já tá famozinho pra ajudar a gente kkk
[2017-01-19 14:18:55] hahahha
[2017-01-19 14:19:06] Já tem um seguidor
[2017-01-19 14:42:40] document: /home/felipe/devel/github_tvdstaaij/telegram-history-dump/output/media/Garoa_Hacker_Clube_(Público)/download_422091437182550031.webp
[2017-01-19 15:56:36] Esse grupo eu entrei a um tempo atrás e só tinha zoeira
[2017-01-19 15:56:43] Não recomendo
[2017-01-19 15:57:00] Muito mais valia pegar um livro por conta e ler tudo que tem dúvida
[2017-01-19 15:59:40] Com camping: R$ 340,00
Sem camping: R$ 220,00

Parece que agora pode ser dividido em 3x no PayPal (me corrijam se estiver errado)...
[2017-01-19 16:56:20] Pessoal, hj a "Noite do Arduino" começa que hrs?
[2017-01-19 17:15:14] Tem um Simon, um clone de Genius lá no Garoa, nem sei se está funcionando. Se estiver, queria pegar ele para fazer circuit bending. Se tudo der certo, ele ficará com novas funcionalidades. Se der errado, ele pode vir a óbito.
[2017-01-19 18:02:01] Estou na frente no Garoa, mas o portão não quer abrir...
[2017-01-19 18:02:14] E não é problema com a chave...
[2017-01-19 18:04:25] Algum outro associado está a caminho?
[2017-01-19 18:11:01] ?
[2017-01-19 18:11:46] So saio do trabalho as 19h
[2017-01-19 18:12:06] 😖
[2017-01-19 18:13:46] Pior que estou na chuva, e com comida que eu pedi pra viagem, no Sukiya... nem jantar eu posso, hahahaha...
[2017-01-19 18:14:03] Existem emuladores do Simon/Genius. É bem claro pra mim que é possível botar uma placa dentro da carcaça de um simon/genius original pifado e interfacear o emulador com os botões e luzes do equipamento original. A questão filosófica então é: qual seria a forma mais barata/compacta/eficiente de se fazer isso? Qual placa de microcontrolador hoje em dia seria ideal para um transplante hipotético desse tipo?
[2017-01-19 18:17:08] Será que um ESP daria conta em termos de performance ? Provavelmente precisaria de um expansor de I/O. Suspeito que a performance seria suficiente pra rodar o firmware original em velocidade real e ainda sobrar poder de CPU. No quesito tamanho me parece ideal. Quanto ao consumo de potência provavelmente gasta muito mais que o circuito original. Qual será que é a proporção?
[2017-01-19 18:21:27] Se alguém vier para cá, estou sentado na calçada vizinho, debaixo do toldo, comendo Sukia parta viagem, enquanto espero alguém chegar... #cenabizarra
[2017-01-19 18:21:59] Hauahauauahaua
[2017-01-19 18:30:14] Vou esperar alguém chegar, precisamos de um chaveiro, e tem um vizinho olhando desconfiado, acha que estou tentando invadir...
[2017-01-19 18:33:02] É tranquilizador saber que se ele vier a óbito ainda poderá ter uma nova chance como Robocop
[2017-01-19 18:45:41] :-)
[2017-01-19 18:46:19] Como é essa parada do circuit bending?
[2017-01-19 18:46:38] será que dá pra emular o bending também? :-)
[2017-01-19 18:49:04] Que tal usar essa abordagem aqui para implementar um sketch de arduino que joga genius com perfeição? http://little-scale.blogspot.com.br/2013/05/circuit-bending-basics-3-emulating.html
[2017-01-19 18:51:34] Vi o Trevoso saindo do Garoa com um ar suspeito... deve ter sido ele quem quebrou a fechadura...
[2017-01-19 18:56:03] Alguém com experiência em lock picking, queira se dirigir ao Garoa, por gentileza... #frio #chuva
[2017-01-19 18:57:28] Circuit bending é testar alterações aleatórias no circuito até conseguir algum efeito bacana. Funciona melhor com circuitos analógicos.
[2017-01-19 18:58:05] pois é... o genius é todo digital
[2017-01-19 18:58:35] Sempre quis descobrir o que acontece quando se atinge o número máximo de  sequências 😜
[2017-01-19 19:00:35] deve dar pra descobrir isso inspecionando o código do firmware no debugger do MAME
[2017-01-19 19:00:58] ou empiricamente interfaceando o MAME com um script que joga sozinho
[2017-01-19 19:01:25] ou interfaceando o dispositivo de verdade com um arduino que joga sozinho
[2017-01-19 19:02:29] Rodrigo Delduca joined
[2017-01-19 19:02:30] Hi Rodrigo !
[2017-01-19 19:05:08] Se seguir o padrão do Atari & jogos dos anos 70, deve voltar ao início como se nada tivesse acontecido :D
[2017-01-19 19:06:09] vi referencias na web de que o jogo vai até 31 tons e depois re-começa do zero
[2017-01-19 19:06:23] e que o recorde mundial é de uma pessoa que fez isso 14 vezes seguidas
[2017-01-19 19:10:26] Descobri que o Ramalho estava aqui o tempo todo, e está preso...
[2017-01-19 19:11:30] O cara adicionou sintetização de voz ao Genius https://kildall.com/project/simon-says/
[2017-01-19 19:12:41] Estou acompanhando essa novela kkk
[2017-01-19 19:12:52] http://www.hasbro.com/common/instruct/Simon.PDF
[2017-01-19 19:13:53] 4 níveis de dificuldade: nível 1: máximo de 8 jogadas. nível 2: 14; nível 3: 20; e no nível 4, que é o mais difícil, o jogo recomeça após 31 jogadas.
[2017-01-19 19:14:17] Ahá sabia
[2017-01-19 19:14:44] O Ramalho conseguiu abrir, mas estamos com receio de trancar o portão e ele não abrir mais...
[2017-01-19 19:14:51] Sem nenhuma musiquinha pra premiar o jogador
[2017-01-19 19:16:36] ou, por outro ponto de vista, com uma música personalizada de 31 notas para parabenizar o jogador :-)
[2017-01-19 19:17:28] (e ainda por cima é uma música progressiva! LOL)
[2017-01-19 19:18:53] 1+2+3+...+31 = (1+31)*31/2 = 496 notas
[2017-01-19 19:19:21] se você pensar que além disso é colaborativa (colaboração entre o computador e o jogador) então a música tem o dobro de notas: 992 :-)
[2017-01-19 19:20:59] na verdade colaboração só do ponto de vista de execução. Não há criatividade nenhuma por parte do jogador na composição, e 100% de criatividade por parte do computador (que é o lider)
[2017-01-19 20:20:36] Deve ter sido a lingueta
[2017-01-19 21:23:01] Eu tô pensando em montar um kit parecido com esse, só que pro Patinho Feio: http://www.mtmscientific.com/pc-retro.html O que acham?
[2017-01-19 21:32:36] Albernaz joined
[2017-01-19 21:32:37] Hi Albernaz !
[2017-01-19 21:32:53] Boa noite!
[2017-01-19 21:33:13] Amanhã haverá alguma programação de curso no Garoa?
[2017-01-19 21:34:18] Amanhã tem "Nós Robôs" se não me engano
[2017-01-19 21:34:53] mas não é "curso"...
[2017-01-19 21:35:10] Verdade
[2017-01-19 21:35:28] Que horas?
[2017-01-19 21:36:03] 19:30
[2017-01-19 21:36:11] Obrigado!
[2017-01-19 22:01:46] Ricardo Iramar joined
[2017-01-19 22:01:46] Hi Ricardo !
[2017-01-19 22:30:09] Já faz uns 15 dias que eu estou dedicando pelo algumas horinhas diariamente (sem exceção!) para o desenho desse circuito. Acho que eu estou me metendo numa bela encrenca hahaha https://github.com/felipesanches/PatinhoFeio_KICAD/
[2017-01-19 22:47:26] https://www.youtube.com/embed/Vi2_yIFylxo
[2017-01-19 23:27:28] João Paulo (tidereis13) joined
[2017-01-19 23:27:28] Hi João Paulo !
[2017-01-19 23:29:24] Felipe Guedes joined
[2017-01-19 23:29:25] Hi Felipe !
[2017-01-19 23:31:55] Carlos Romero joined
[2017-01-19 23:31:56] Hi Carlos !
