[2017-05-01 01:27:16] @jackbot
[2017-05-01 07:36:04] hey quien sabe, si posible en emulator de android poner antenna de wifi para android podia ver las redes wifi de antenna? y para apps en este android podian ver tambien estes redes de antenna?
[2017-05-01 11:59:07] Salve galera
Alguém aqui recomenda algum grupo, espaço, canal, site, material, comunidade e etc sobre

Metaprendizado, educação liberal, hackschooling, uncollege, educação sem escola, homeschooling, métodos de aceleração do aprendizado e outras formas de educação alternativas?
[2017-05-01 13:40:30] Ouvi falar bem da pós dele. Troquei uma ideia com ele e ele me convidou para ver uma aula. Vou aparecer lá qualquer hora
[2017-05-01 14:12:33] Já fechei a pos para outubro.
Estou ansioso para fazer.
[2017-05-01 14:28:23] Boa!
[2017-05-01 14:28:44] Bom que vou ser menos NoobMaster
[2017-05-01 14:28:46] Ahahhahahaahahah
[2017-05-01 14:29:06] Vou ser um Noob nivel II com RFID
[2017-05-01 17:11:59] #Dica #CursoGratuito
Curso gratuito de IoT, oferecido pela Samsung, em parceria com a LSI-TEC:
http://codeiot.org.br
[2017-05-01 17:18:45] photo: /home/felipe/devel/github_tvdstaaij/telegram-history-dump/output/media/Garoa_Hacker_Clube_(Público)/download_803113848_44666.jpg
[2017-05-01 17:19:05] https://www.instagram.com/p/BTjVdLVB1bO/
[2017-05-01 19:23:21] document: /home/felipe/devel/github_tvdstaaij/telegram-history-dump/output/media/Garoa_Hacker_Clube_(Público)/download_24991512752292796.webp
[2017-05-01 21:08:33] photo: /home/felipe/devel/github_tvdstaaij/telegram-history-dump/output/media/Garoa_Hacker_Clube_(Público)/download_803118627_45370.jpg
[2017-05-01 21:37:02] document: /home/felipe/devel/github_tvdstaaij/telegram-history-dump/output/media/Garoa_Hacker_Clube_(Público)/download_858174108288942870.webp
[2017-05-01 23:01:37] https://www.youtube.com/watch?v=UaDzfq42B-g
