[2017-03-01 00:24:45] Show! Pena que não pudemos ir...
[2017-03-01 00:25:01] Venha na próxima!
[2017-03-01 00:30:14] E instale um Processing na sua máquina :) https://twitter.com/villares/status/787699640368070657
[2017-03-01 09:22:24] B=B-1
[2017-03-01 09:46:54] @villares e Monica, foi muito legal ontem na Noite do Processing. Que legal que teve a parte teórica sobre arte gerativa. Deu o que pensar!
[2017-03-01 09:48:36] Bom dia, alguém poderia me informar uma escola boa para curso de lógica de programação presencial?
[2017-03-01 09:50:10] O___O
https://www.facebook.com/techinsider/videos/694957804035912/?hc_ref=PAGES_TIMELINE
[2017-03-01 09:50:44] Não sei, mas tu não consegue aprender lendo PDF?
[2017-03-01 09:50:57] Daí eu teria um bocado
[2017-03-01 09:53:20] Eu tenho pdfs e vídeos aulas, mas a empresa exige um presencial e certificado, pois eles que irão custear
[2017-03-01 09:53:53] Já fiz na época da faculdade, mas eles querem que eu e mais outros façam
[2017-03-01 09:54:00] Novo projeto
[2017-03-01 09:55:22] Caramba que sinistro
[2017-03-01 09:57:55] 😊😊😊
[2017-03-01 09:59:59] Empresa num paradigma antigo 😌
[2017-03-01 10:04:37] A Caelum talvez tenha esse curso
[2017-03-01 10:04:38] Mesmo tendo que ser presencial eu daria a ideia de fazer o Coursera, é de altíssimo nível e não custa caro.
[2017-03-01 10:16:04] Ok, obg
[2017-03-01 11:13:41] :)
[2017-03-01 13:12:31] n joined
[2017-03-01 14:01:22] Detalhes do rastreamento do código PN687456340BR
Identificador: arcade

Última(s) atualização(ões):
01/03/2017 13:05 - CDD SANTANA DE PARNAIBA - Santana De Parnaiba/SP - Objeto saiu para entrega ao destinatário
[2017-03-01 14:02:41] Show! Não foi taxado...
[2017-03-01 14:02:59] comprei no ML
[2017-03-01 14:03:09] na terca passada
[2017-03-01 14:03:24] vamos ver se entregam, as vezes eles desistem por causa da estrada zuada
[2017-03-01 14:09:17] Qual arcade?
[2017-03-01 14:33:19] photo: /home/felipe/devel/github_tvdstaaij/telegram-history-dump/output/media/Garoa_Hacker_Clube_(Público)/download_532579823059476701.mp4
[2017-03-01 14:33:49] nao eh o arcade, sao so os botoes que os mamelucos escolheram ai
[2017-03-01 14:34:18] que eu inclusive fui contra
[2017-03-01 14:37:18] Falando em arcade, queria comprar um pra minha sala. De boa qualidade. Pronto. Sem precisar montar nada. Alguém recomenda algum lugar pra comprar?
[2017-03-01 14:47:45] Se descobrir, compartilha o contato comigo :)
[2017-03-01 14:47:57] Na verdade eu quero um arcade e um magic mirror
[2017-03-01 14:49:41] O que seria esse segundo?
[2017-03-01 14:50:59] magic mirror se faz nunca vi pra vender
[2017-03-01 14:51:23] arcade pra colocar na sala procura por bartop retropie no ML tem varios
[2017-03-01 14:51:27] É basicamente um "espelho" com um monitor atras, assim voce pode visualizar algumas informacoes (calendario, clima, etc.)
[2017-03-01 14:51:44] https://magicmirror.builders/
[2017-03-01 14:51:48] tambem nunca vi
[2017-03-01 14:52:03] eu acho caro pra função
[2017-03-01 14:52:08] a nao ser que seja pra colcoar na empresa
[2017-03-01 14:52:20] e dizer que é cool hightech hipster
[2017-03-01 14:55:30] Quanto julgamento, jovem. Rs.
[2017-03-01 14:56:46] Mas é arcade completo?
[2017-03-01 14:57:41] os dedos troll são idependentes auehaueh
[2017-03-01 14:57:48] Cafuzo, por favor...
[2017-03-01 14:58:09] Se for para substituir os do arcade do Garoa, eu apoio, aqueles botões estão muito zoados...
[2017-03-01 14:58:09] document: /home/felipe/devel/github_tvdstaaij/telegram-history-dump/output/media/Garoa_Hacker_Clube_(Público)/download_624498411025989744.webp
[2017-03-01 14:58:32] sim tem monitor lcd/led e vem com RPi com retropie que tem todos os jogos de arcade
[2017-03-01 14:58:41] alem dos controles de arcade
[2017-03-01 14:58:52] ai tu escolhe ter com 1 player ou 2 players
[2017-03-01 14:59:24] Vem com gabinete em madeira?
[2017-03-01 15:00:38] http://produto.mercadolivre.com.br/MLB-744063834-gabinete-bartop-fliperama-arcade-multijogos-adesivado-_JM
[2017-03-01 15:00:50] document: /home/felipe/devel/github_tvdstaaij/telegram-history-dump/output/media/Garoa_Hacker_Clube_(Público)/download_694481660414001199.webp
[2017-03-01 15:01:03] pesquisa lá mano
[2017-03-01 15:02:16] tem completo tem desmontado tem arcade com jamma tem tudo só usar o navegador de internet
[2017-03-01 15:02:31] 😝
[2017-03-01 15:03:13] Michel 🇧🇷 Platiny joined
[2017-03-01 15:03:24] Blz.
[2017-03-01 15:07:57] Então, escrotinho julgador, estou perguntando pois quero recomendação de alguém de confiança. E não apenas de paginas aleatorias do mercado livre. Se eu usasse o navegador deixaria de usar a experiência de colegas daqui que compartilham da paixão de videogames e arcades. O tal do Be excellent to each other tu enfiou aonde?
[2017-03-01 15:09:26] Isso não é um arcade. Quero algo tamanho completo.
[2017-03-01 15:10:01] Se alguém comprou um e tiver experiencia verdadeira, por favor de dicas. Senão, por favor fique sem opinar.
[2017-03-01 15:10:59] quer dizer que be excellent to each other é usar o conhecimento dos outros?
[2017-03-01 15:11:00] entendi
[2017-03-01 15:11:43] Se vira ai então...
[2017-03-01 15:12:27] Cara pede ajuda, dou dicas e vem com coice...to fora!
[2017-03-01 15:12:59] tu falou completo, pra mim completo é um arcade com 3000 jogos e gasta pouca energia e te passei o meu completo assim como @sergiovl fez...
[2017-03-01 15:13:31] agora vir colocar o nosso termo da forma mais errada possivel é outra historia
[2017-03-01 15:14:46] Enfim. Obrigado pelo esforço. Encerro aqui minha pergunta.
[2017-03-01 15:37:40] document: /home/felipe/devel/github_tvdstaaij/telegram-history-dump/output/media/Garoa_Hacker_Clube_(Público)/download_858174108288942915.webp
[2017-03-01 15:45:26] photo: /home/felipe/devel/github_tvdstaaij/telegram-history-dump/output/media/Garoa_Hacker_Clube_(Público)/download_803117638_12912.jpg
[2017-03-01 15:47:38] 👍
[2017-03-01 15:49:19] document: /home/felipe/devel/github_tvdstaaij/telegram-history-dump/output/media/Garoa_Hacker_Clube_(Público)/download_803111298_30180.jpg
[2017-03-01 15:52:50] Eita MDS
[2017-03-01 15:54:26] Viram que voltou https://www.adafruit.com/products/3409
[2017-03-01 16:01:45] photo: /home/felipe/devel/github_tvdstaaij/telegram-history-dump/output/media/Garoa_Hacker_Clube_(Público)/download_803113708_12641.jpg
[2017-03-01 16:02:19] Uai, até q tá barato, teve uma vez, q deu 80 doletas
[2017-03-01 16:05:20] Po, q insulto gratuito 😐
[2017-03-01 16:06:03] 👍🏼
[2017-03-01 16:10:47] soma tudo e coloca + 60% do valor e depois o total coloca o ICMS vai sair uns 400 reais comprando assim
[2017-03-01 16:15:31] Uai, o valor do frete entra tb?
[2017-03-01 16:15:40] sim
[2017-03-01 16:15:58] Vesh, aí complica
[2017-03-01 16:17:44] E via UPS sempre cibram os dois impostos... 60℅ do valor total (com frete) e depois mais 18℅ deste novo valor.
[2017-03-01 16:18:03] isso 18% é o ICMS
[2017-03-01 16:18:11] Eu sempre mandava pra uma empresa que reembalava os produtos (na maioria das vezes arrancava todas as caixas originais) e me enviava a caixa de produtos (eu acumulava alguns antes de enviar) com remetente de pessoa fisica... tem caras especializados nisso la nos eua
[2017-03-01 16:18:11] Ah, e eh sempre bom usar um nome generico na descriçao... um ipad, por ex, virava simplesmente um "porta-retratos digital". Declare um valor qualquer, 10% abaixo do que vale de verdade pra chamar menos a atenção... funcionou para mais de 300 produtos q eu trouxe 🙂🙃
[2017-03-01 16:18:12] 60% é imposto de importacao
[2017-03-01 16:19:06] Interessante as dicas, está anotado
[2017-03-01 16:19:35] E, às vezes, a UPS ainda cobra alguns serviços, como localização de CPF do destinatário, etc...
[2017-03-01 16:19:46] com certeza tem N formas de burlar, mas se for colocar na balança a preocupação e o risco acaba sendo o mesmo valor
[2017-03-01 16:19:52] Se abrirem a caixa, dai vao ver quanto custa o produto na internet e cobrar os impostos que o @tilt4 mencionou sobre o valor cheio
[2017-03-01 16:21:14] É uma emoção de ~40 dias de expectativa 😂
[2017-03-01 16:21:22] eu falei com um expecialista de importação formal que já trouxe componentes pequenos como chips até iates
[2017-03-01 16:21:57] ele disse que grande quantidade na importação formal, de componentes eletronicos, boa parte do imposto cai por não ter empresa que fabrica chip no brasil
[2017-03-01 16:22:41] mas pro informal que esse que agente faz por conta sem uma empresa de importacao por tras sobre com esses 60%
[2017-03-01 16:22:41] document: /home/felipe/devel/github_tvdstaaij/telegram-history-dump/output/media/Garoa_Hacker_Clube_(Público)/download_1045404939746017512.webp
[2017-03-01 16:23:18] Bora abrir um for algo pelo Garoa :D
[2017-03-01 16:23:58] Tipo essa? https://www.myvipbox.com/#
[2017-03-01 16:23:59] Compensa?
[2017-03-01 16:24:08] a importacao formal é cara, pois eh uma consultoria, porisso so serve pra grandes quantidade, enormes mesmo
[2017-03-01 16:24:23] É mesmo
[2017-03-01 16:26:20] eu recebi ontem uma camisa de presente que veio pelo fedex, os caras da empresa declararam us2,50 e frete gratis e mesmo assim teve que pagar 7,85 reais de imposto
[2017-03-01 16:27:05] Uqqqqq??!?!
[2017-03-01 16:27:17] ja comprei na digikey 250 reais de chips, e tive que pagar quase 400 de imposto pra pegar o pacote
[2017-03-01 16:27:35] no total saiu 100 reais mais barato que comprar no brasil
[2017-03-01 16:29:25] Se for de pessoa jurídica para pessoa física, é taxado sem dó...
[2017-03-01 16:29:46] eu tive que passar no debito na hora
[2017-03-01 16:32:10] photo
[2017-03-01 16:32:46] o produto foi 7,74 e o imposto 7,85 auheuahe topper demais
[2017-03-01 16:33:59] e outra coisa interessante que é fedex, ups etc tem um valor minimo que é uma caixa que aguenta até 1kg eu acho, entao pra valer a pena o frete é melhor encher essa caixa
[2017-03-01 16:34:10] Caramba, eu havia esquecido de como é difícil ser geek no Brasil, essa zona toda de imposto.
[2017-03-01 16:37:33] Já sofri muito também, tanto no tempo de processamento e entrega quanto nas taxas e impostos
[2017-03-01 16:39:21] dependemos muito da china e dos chineses que faz os esquemas
[2017-03-01 16:39:28] se nao fosse eles era sofrencia demais
[2017-03-01 16:41:32] Eu moro em Londres. Se valer a pena pra vocês comprar pra entregar aqui eu posso fazer o mesmo. Tiro da caixa, declaro como qualquer coisa e mando.
[2017-03-01 16:43:18] massa ;D
[2017-03-01 16:43:31] 😁
[2017-03-01 16:43:36] Estou indo daqui a 4 semanas mas só não ofereço pra levar encomenda porque já estou levando um monte de gadgets. Espero que não queiram me cobrar nada na entrada.
[2017-03-01 16:44:15] Nao, era uma empresinha familiar que fechou em 2014. Mas tem uma outra que alguns amigos usam, te passo jaja
[2017-03-01 16:45:40] Imposto sempre fode né
[2017-03-01 16:45:46] fode os esquema
[2017-03-01 16:49:13] falar como a @heloa6 imposto é roubo!
[2017-03-01 16:49:57] #impostoéroubo
[2017-03-01 16:50:25] uma dica da galera é colocar adesivo nas coisas, fazer coisas que deixe as coisas mais pessoal, colocar capinha de minion etc
[2017-03-01 16:51:01] Tanto talento travado no Brasil por causa disso. O mais correto seria o governo subsidiar R-Pis, componentes etc. E não o contrário!
[2017-03-01 16:52:26] ele faz isso somente se tu entrar com processo, pagando consultoria... mas nao tem nada pra pequenas quantidades
[2017-03-01 16:53:15] É mas eu tenho ouvido histórias de que eles estão fuçando mais. Tipo vc mostra a nota de 40 dólares porque o vendedor foi broder de não colocar os 150 do preço real. Eles abrem um browser na sua frente e pedem pra vc abrir o link mostrando o produto por $40.
[2017-03-01 16:53:57] até porque um advogado me explicou que todos os impostos como icms, ipva, iptu, etc tudo é uma punição por usar aquilo, por exemplo a interpretação certa é ipva = pagar um valor como punição por usar carro, iptu = punição por ter uma casa propria por ai vai
[2017-03-01 16:54:00] porisso é roubo
[2017-03-01 16:54:00] importar na caixa original, lacrado ou não tbm é cagada... declarar que é gift é outra
[2017-03-01 16:54:34] notebook, celular, relogio, maquina fotografica entre outros acho que ainda ta na regra de passa direito
[2017-03-01 16:55:07] se tu tiver muitas coisas repetidas, fode mesmo
[2017-03-01 16:55:34] joga seu note ai no lixo e traz um mac, vc vende para algum fanboy e compra outro note de novo
[2017-03-01 16:55:42] auehauehaue
[2017-03-01 16:55:45] o dedo troll não aguentaria
[2017-03-01 16:56:17] qnd tu sair de londres faz um site e colocar no gitpages com todos os produtos
[2017-03-01 16:56:25] com layout de loja virtual
[2017-03-01 16:56:48] Isso aê
[2017-03-01 16:58:01] Oxi, vender meu XPS13 no lixo? Dá não eheh. Mas a ideia de levar um como meu pra vender lá me passou pela cabeça, já
[2017-03-01 16:58:03] completando a historia sobre imposto, quando se usa taxa é preciso seguir um teto e a taxa serve pra melhorar o serviço que tá sendo prestado, agora imposto vai pra qualquer lugar, inclusive caixa 2 e bolso do lulaecio
[2017-03-01 16:58:41] vc comprou ele ai?
[2017-03-01 16:58:45] ou levou do brasil?
[2017-03-01 16:59:07] se o negocio for teu nao tem pq pagar imposto
[2017-03-01 16:59:07] so para saber qual sticker mando
[2017-03-01 16:59:59] Haha. Comprei aqui. Eu moro aqui, estou indo pra visitar
[2017-03-01 17:00:05] vc pode voltar dos EUA com 1 celular, 1 computador, 1 camera ... sem imposto... só não vai trazer na caixa, rsrsrs
[2017-03-01 17:00:45] Isso não é assim não
[2017-03-01 17:02:12] já tive amigo que voltou dos EUA com 3 projetores e 2 macs  entao ele colocou adesivo pra fingir que era pra cobrir arranhao nas coisas e nos notes encheu de adesivo, ai os caras perguntaram e ele disse que trabalha com video e era material de trabalho, mas ele vendeu 2 projetores e 1 mac
[2017-03-01 17:02:27] hehehehe
[2017-03-01 17:02:46] po, entao deixa seu note ai, traz um mac, vende, ganha 15 paus e paga a pizza la no garoa
[2017-03-01 17:03:01] pizza cara da peste
[2017-03-01 17:03:44] hauhauhauauha
[2017-03-01 17:03:59] o mac mais top de 13pol
[2017-03-01 17:04:02] é 10 mil aqui no br
[2017-03-01 17:04:27] o valor de um palio 2013
[2017-03-01 17:04:27] para vender facil eh isso ai
[2017-03-01 17:04:28] esse seu amigo deu uma sorte violenta hein... :)
[2017-03-01 17:04:35] Quanto sai o Mac mais barato?
[2017-03-01 17:04:55] novo usado ql ano?
[2017-03-01 17:05:16] Novo qualquer ano hahaha
[2017-03-01 17:05:24] mano, vc ja nao foi para a unicamp, agora vai comprar mac?
[2017-03-01 17:05:45] Ue
[2017-03-01 17:06:08] ele foi pra unicampo?
[2017-03-01 17:06:14] nao
[2017-03-01 17:06:22] Não, não quis
[2017-03-01 17:06:31] af mano
[2017-03-01 17:06:33] desistiu de computacao na unicamp para fazer sistema de informacao na uso leste
[2017-03-01 17:06:39] document: /home/felipe/devel/github_tvdstaaij/telegram-history-dump/output/media/Garoa_Hacker_Clube_(Público)/download_246108729936707792.webp
[2017-03-01 17:06:39] Mas me ajuda aí com o Mac pow jajajaja
[2017-03-01 17:06:59] o mac novo mais barato é 10mil
[2017-03-01 17:07:04] mas esse mac novo nao vale a pena
[2017-03-01 17:07:24] o melhor mac é até 2014
[2017-03-01 17:07:27] Caraca e um usado?
[2017-03-01 17:07:40] De 2014
[2017-03-01 17:07:50] compra esse aqui:
[2017-03-01 17:07:51] http://produto.mercadolivre.com.br/MLB-828506067-macbook-pro-i7-_JM
[2017-03-01 17:08:00] negociao do seu numero!
[2017-03-01 17:08:29] o pessoal acha que macbook é harley
[2017-03-01 17:08:29] aueauhe
[2017-03-01 17:08:30] Aí meu coração
[2017-03-01 17:08:50] o cara botou um zero a mais, so pode
[2017-03-01 17:09:17] foi
[2017-03-01 17:09:19] mas mac de 15, com i7 retina e o caraio, chega em 20 paus
[2017-03-01 17:09:24] novo
[2017-03-01 17:09:26] mas com 1 zero a menos ta muito barato
[2017-03-01 17:09:48] Eu só quero um Mac poxa :c
[2017-03-01 17:09:58] Vou meter um hackintosh pelo jeito
[2017-03-01 17:10:01] mac 2013 bacaninha é 5mil
[2017-03-01 17:10:22] Nossa ainda tá muito caro
[2017-03-01 17:10:23] Desisto
[2017-03-01 17:10:24] ja coloquei hackintosh num dell que eu tinha fritou o chipset
[2017-03-01 17:10:45] deixa de ser besta, pega essa grana, compra um asus de 3 paus, e gasta o resto em cerveja, motel e maconha
[2017-03-01 17:10:46] o meu macbook white de 2010 ainda vale 2mil
[2017-03-01 17:10:56] com 8gb e sdd agora ta valendo mais até
[2017-03-01 17:10:58] Olouco nunca vi isso hahaha
[2017-03-01 17:11:22] Não bebo, não fumo e nem transo
[2017-03-01 17:11:23] vai no forum que tu ve outros problemas parecidos
[2017-03-01 17:11:26] bem melhor
[2017-03-01 17:11:41] admin, stick, pfv
[2017-03-01 17:11:42] ja coloquei no meu ele só não funcionou msm
[2017-03-01 17:11:46] nem faz unicampo
[2017-03-01 17:11:53] faz nada
[2017-03-01 17:11:56] UAhuHuahAHuhA
[2017-03-01 17:11:57] é uma amoeba
[2017-03-01 17:12:08] Pow faço sim hahahaha
[2017-03-01 17:12:20] faz sim, usa o oxigenio de qm faz
[2017-03-01 17:12:36] de todas as pessoas que nao merecem respeito que ja conheci, vc ganha de longe
[2017-03-01 17:12:53] document
[2017-03-01 17:12:57] document: /home/felipe/devel/github_tvdstaaij/telegram-history-dump/output/media/Garoa_Hacker_Clube_(Público)/download_694481660414001275.webp
[2017-03-01 17:13:03] Tô tentando arranjar trabalho
[2017-03-01 17:13:21] mas é preciso saber algo pra trabalhar, tu sabe oq?
[2017-03-01 17:13:40] sabe escolher mal
[2017-03-01 17:13:50] ja pode trabalhar no setor de compras da richuello
[2017-03-01 17:13:56] aheuaheuhaeuaehae
[2017-03-01 17:14:05] De tudo um pouco
[2017-03-01 17:14:23] = nada
[2017-03-01 17:14:45] pode ser politico brasileiro
[2017-03-01 17:14:49] vereador
[2017-03-01 17:14:55] ai vai subindo
[2017-03-01 17:15:01] Ornitorrinco
[2017-03-01 17:15:05] Programação, criptografia, redes, sistemas operacionais... Brinco com essas paradas
[2017-03-01 17:15:31] tem alguma certificação? ccna? lp1?
[2017-03-01 17:15:49] portfolio?
[2017-03-01 17:15:54] palestra?
[2017-03-01 17:16:00] Manja alguma linguagem? Framework?
[2017-03-01 17:16:17] Sabe fazer churrasco?
[2017-03-01 17:16:18] tipo manja programar html
[2017-03-01 17:16:25] Nao, de certificado tenho curso técnico e criptografia
[2017-03-01 17:16:58] como assim criptografia? explica ai mais
[2017-03-01 17:17:02] Ha
[2017-03-01 17:17:25] Fiz uma iniciação científica na minha escola
[2017-03-01 17:17:37] ql escola?
[2017-03-01 17:17:41] Ifsp
[2017-03-01 17:17:52] GitHub?
[2017-03-01 17:18:07] Tem meu TCC hahaha
[2017-03-01 17:18:15] tcc nao conta em nada
[2017-03-01 17:18:23] Pow que merda
[2017-03-01 17:18:33] Show the fucking code
[2017-03-01 17:18:33] importante
[2017-03-01 17:18:56] Responda esse pergunta é a gente vê se vc manja memso kkk
[2017-03-01 17:18:57] Já começou a entrevista de emprego? Tem uma bancada julgando, o salário deve ser bom...
[2017-03-01 17:19:00] ql sistema tu ja fez? tem alguma coisa com criptografia que tu cirou?
[2017-03-01 17:19:21] meu tcc apaguei tudo por vergonha
[2017-03-01 17:19:22] Tô no ritmo de The Voice
[2017-03-01 17:19:24] o problema é que saber nada e nem querer ir pra unicampus
[2017-03-01 17:19:33] Crl calma
[2017-03-01 17:19:36] Tô pelo 3g
[2017-03-01 17:19:56] tipo XFactor
[2017-03-01 17:20:04] Como diria o @oda, deixa eu tomar minha insulina q a groselha voltou kkk
[2017-03-01 17:20:10] Mas qual é o problema nisso?
[2017-03-01 17:20:32] document: /home/felipe/devel/github_tvdstaaij/telegram-history-dump/output/media/Garoa_Hacker_Clube_(Público)/download_1244824411647770762.webp
[2017-03-01 17:20:33] Eu quero ir pro IME fazer bcc, na Unicamp seria matemática aplicada
[2017-03-01 17:20:38] document: /home/felipe/devel/github_tvdstaaij/telegram-history-dump/output/media/Garoa_Hacker_Clube_(Público)/download_532583654170312643.mp4
[2017-03-01 17:20:59] Pq eu iria pra uma facul que eu não quero fazer um curso que eu não quero?
[2017-03-01 17:21:03] document: /home/felipe/devel/github_tvdstaaij/telegram-history-dump/output/media/Garoa_Hacker_Clube_(Público)/download_999077034489544748.webp
[2017-03-01 17:21:30] Se souber isso e trocar galão de água, arranja estágio em qualquer lugar
[2017-03-01 17:21:33] document: /home/felipe/devel/github_tvdstaaij/telegram-history-dump/output/media/Garoa_Hacker_Clube_(Público)/download_532577873144324326.mp4
[2017-03-01 17:22:01] a diferença entre os 2 cursos é que um tu aprende mais matematica e a outra tu pode colocar jogos em calculadora
[2017-03-01 17:22:45] Prefiro a de jogos
[2017-03-01 17:22:57] document: /home/felipe/devel/github_tvdstaaij/telegram-history-dump/output/media/Garoa_Hacker_Clube_(Público)/download_694481660414001213.webp
[2017-03-01 17:23:02] que a base de todo jogo é matematica
[2017-03-01 17:23:33] Bom vc está falando de baixo nível?
[2017-03-01 17:23:41] @tilt4 para mano, o cara nao tem salvacao
[2017-03-01 17:24:20] document: /home/felipe/devel/github_tvdstaaij/telegram-history-dump/output/media/Garoa_Hacker_Clube_(Público)/download_15405485050037075.webp
[2017-03-01 17:25:26] Btw vcs tão pedindo meu currículo pra quê?
[2017-03-01 17:25:33] pra zoar
[2017-03-01 17:25:39] Ah.
[2017-03-01 17:25:44] pq pra ajudar nao sei se dá
[2017-03-01 17:25:50] tu tem certezas demais sabendo pouco
[2017-03-01 17:26:27] Então me mostre o caminho nobre sábio
[2017-03-01 17:26:35] document: /home/felipe/devel/github_tvdstaaij/telegram-history-dump/output/media/Garoa_Hacker_Clube_(Público)/download_1244824411647770761.webp
[2017-03-01 17:26:48] todo mundo já falou
[2017-03-01 17:26:53] document: /home/felipe/devel/github_tvdstaaij/telegram-history-dump/output/media/Garoa_Hacker_Clube_(Público)/download_999077034489544746.webp
[2017-03-01 17:27:13] Isso aí, dedicação monástica a informática
[2017-03-01 17:27:28] document: /home/felipe/devel/github_tvdstaaij/telegram-history-dump/output/media/Garoa_Hacker_Clube_(Público)/download_41149003626184949.webp
[2017-03-01 17:27:31] Não vou fazer uma faculdade que eu não quero, eu tenho outras oportunidades e tempo
[2017-03-01 17:28:34] o que posso completar é que o fato de tu ta estudando matematica nao exclui o fato de tu aprender computação
[2017-03-01 17:28:48] e tu pode mudar de faculdade
[2017-03-01 17:28:57] enquanto faz uma
[2017-03-01 17:28:59] só isso
[2017-03-01 17:29:17] ngm sabe o que quer até morrer
[2017-03-01 17:29:25] tem velho de 70 anos que ainda ta decidindo o que quer
[2017-03-01 17:29:34] entao pega as oportunidades e aproveita
[2017-03-01 17:29:42] se nao vai ficar dando uma de emo no banheiro depois
[2017-03-01 17:30:05] Eu tô aproveitando, tenho a oportunidade de estudar mais um ano e tentar a faculdade que eu sempre quis
[2017-03-01 17:30:13] E eu tô me agarrando a isso
[2017-03-01 17:30:23] Tipo o @tilt4 mesmo, tem dia q é Drone, tem dia q é BTC, tem dia q é professor, tem dia q é maker, as vezes hacker, as vezes só cachorra mesmo
[2017-03-01 17:30:45] auehuaehuhae
[2017-03-01 17:30:55] cachorro foi meio boiola
[2017-03-01 17:31:37] Mas se for eu, tem q ser boiola em algum momento
[2017-03-01 17:31:59] document: /home/felipe/devel/github_tvdstaaij/telegram-history-dump/output/media/Garoa_Hacker_Clube_(Público)/download_60854042997294993.webp
[2017-03-01 17:32:24] kk
[2017-03-01 17:33:12] document: /home/felipe/devel/github_tvdstaaij/telegram-history-dump/output/media/Garoa_Hacker_Clube_(Público)/download_803721372_82911.jpg
[2017-03-01 17:36:49] document: /home/felipe/devel/github_tvdstaaij/telegram-history-dump/output/media/Garoa_Hacker_Clube_(Público)/download_1244824411647770764.webp
[2017-03-01 17:38:01] @fernandoGuisso tai um tutorial bom ti http://dresslikethat.com/2016/10/11/piko-taro-pen-pineapple-apple-pen-ppap-costume/
[2017-03-01 17:39:36] Eita, tá caro, prefiro juntas os trapos q sobra na máquina dá minha vó
[2017-03-01 17:39:48] nao existe bixa pobre
[2017-03-01 17:39:50] se vira
[2017-03-01 17:39:55] nubank tai pra isso
[2017-03-01 17:42:50] photo: /home/felipe/devel/github_tvdstaaij/telegram-history-dump/output/media/Garoa_Hacker_Clube_(Público)/download_803735112_60952.jpg
[2017-03-01 17:43:32] invande um db de site porno brasileiro pago e pega os dados e coloca credito ai
[2017-03-01 17:44:19] Foda, a consciência pesa depois, não estou preparado
[2017-03-01 17:45:51] consciencia pesada psicologo resolve, agora nao ter dinheiro nao tem ngm pra ajudar
[2017-03-01 17:47:17] 01/03/2017 17:30 - CDD SANTANA DE PARNAIBA - Santana De Parnaiba/SP - Entrega não efetuada.
[2017-03-01 17:47:23] boa correios!
[2017-03-01 17:47:38] document: /home/felipe/devel/github_tvdstaaij/telegram-history-dump/output/media/Garoa_Hacker_Clube_(Público)/download_694481660414001257.webp
[2017-03-01 17:47:48] Ahuahaau, boa idéia, a psicóloga noiz paga com o dinheiro pego emprestado mkk
[2017-03-01 17:49:20] document: /home/felipe/devel/github_tvdstaaij/telegram-history-dump/output/media/Garoa_Hacker_Clube_(Público)/download_15405485050037482.webp
[2017-03-01 17:52:15] alguem dedicado ai pra uma vaga de dev jr? so precisa saber logica de programação, orientacao a objetos e alguma linguagem... o resto o trampo vai ensinar
[2017-03-01 17:53:55] onde?
[2017-03-01 17:54:46] Cadê?
[2017-03-01 17:55:44] cade oq
[2017-03-01 17:56:43] cadê as vagas? hahah
[2017-03-01 17:59:02] https://www.quest.com/br-pt/company/contact-us.aspx
[2017-03-01 17:59:06] eh essa ai
[2017-03-01 17:59:15] a entrevista é com o dono da filial daqui
[2017-03-01 17:59:22] empresa pequena aqui ainda
[2017-03-01 18:07:36] Não sei quantos aqui são entusiastas de Eletrônica, mas a Keysight lançou um osciloscópio novo hoje e fiz um review dele lá no meu canal, tá a um baita preço se comparado com os Rigols da vida.
https://www.youtube.com/watch?v=nkDBrGbbj3E
[2017-03-01 18:12:11] nao encontrei o produto na incal
[2017-03-01 18:13:46] bah, tava procurando por dsox1000
[2017-03-01 18:13:58] Não devem ter colocado ainda por causa do feriado.
[2017-03-01 18:14:13] E 1000 é a linha,
[2017-03-01 18:14:20] não é o modelo exato
[2017-03-01 18:14:33] achei o 1102g
[2017-03-01 18:14:47] 70mhz ta 4110,00
[2017-03-01 18:15:01] http://incal-instrumentos.com.br/produtos/osciloscopio-de-bancada.html
[2017-03-01 18:16:34] ficou legal o video
[2017-03-01 18:16:52] se puder, compra um h1 para gravar o audio separado
[2017-03-01 18:17:07] a qualidade fica bem superior
[2017-03-01 18:17:22] Tava com o microfone em cima da câmera, meu cabo pra colocar perto quebrou :(
[2017-03-01 18:17:47] Valeu Oda! Dá um baita trabalho, aqui perto é sempre barulho, então preciso madrugar para gravar
[2017-03-01 18:20:05] eh foda, ne?
[2017-03-01 18:20:27] pior que as vezes vc sso ve que gravou um caminhao passando quando vc vai assitir o video
[2017-03-01 18:21:30] eu gostava de gravar audio, vira e mexe dava esses problemas, ainda mais pq so tinha mic dinamico
[2017-03-01 18:22:38] eu ando namorando um h4n para gravar eu tocando
[2017-03-01 18:22:50] o h2 eh bem interessante o efeito de ambiente tb
[2017-03-01 18:27:17] Alguém a fim de comprar um c.h.i.p dá nexthings?
[2017-03-01 18:28:05] So o chip?
[2017-03-01 18:29:13] photo: /home/felipe/devel/github_tvdstaaij/telegram-history-dump/output/media/Garoa_Hacker_Clube_(Público)/download_532584526048658346.mp4
[2017-03-01 18:29:19] Com suporte VGA.
[2017-03-01 18:29:22] Sem cabos.
[2017-03-01 18:30:47] Está novo. Demorou 5 meses pra chegar.
[2017-03-01 18:33:52] Galera... vamos pegar leve com o Igor, por favor? Nem li todo o flood de mensagens mas deu pra perceber que hoje tem uma galera aqui querendo aloprar o menino. Por favor parem, para eu não ter que sair banindo associados aqui do grupo.
[2017-03-01 18:34:22] Em particular, Oda e Afonso.
[2017-03-01 18:34:24] How much?
[2017-03-01 18:34:46] 100
[2017-03-01 18:35:31] nao leu mesmo, explicamos um monte de coisa pra ele, até o fato de comprar mac nao vale a pena
[2017-03-01 18:35:53] a brincadeira faz parte do processo
[2017-03-01 18:36:38] beleza. O pouco que eu li me fez ligar o "alerta-moderação" na minha cabeça. Entendi que é parte do processo, mas ficou meio que no limite de tropeçar no "be excelent to each other". Vamos com calma, beleza? 😊
[2017-03-01 18:41:53] Cara, pior ainda. Tem uma quadra aqui do lado, e uns favelados andam quase 1km para ficar jogando aqui. As vezes preciso gravar 3 horas da manhã. Bizarro.
[2017-03-01 18:42:33] Veja pelo lado bom, tu não levou um tiro ainda fazendo live kkk
[2017-03-01 18:49:02] Nem brinca cara! Pelo menos isso nunca aconteceu aqui perto não.
[2017-03-01 19:16:18] pera, vc chega, fala que que nao leu e quer dar bronca? so resta &> /dev/null
[2017-03-01 19:17:08] Eu disse que li uma parte e achei que não foi de bom tom. E que não moderei por que não dei conta de ler tudo pra avaliar melhor.
[2017-03-01 19:17:22] uma coisa chata desses grupos de telegram eh que nao da bloquear
[2017-03-01 19:17:48] msgs de alguns usuarios
[2017-03-01 19:18:17] ja tentei varias vezes, mas nao rolou, se alguem descobrir avise
[2017-03-01 19:18:35] nao tem dar block no telegram?
[2017-03-01 19:18:47] vc da block so no individual, acho
[2017-03-01 19:18:58] por exemplo, ja dei block em vc e continuo recebendo suas msgs
[2017-03-01 19:19:41] document: /home/felipe/devel/github_tvdstaaij/telegram-history-dump/output/media/Garoa_Hacker_Clube_(Público)/download_328774854541050152.webp
[2017-03-01 19:21:44] 😝
[2017-03-01 19:23:17] document: /home/felipe/devel/github_tvdstaaij/telegram-history-dump/output/media/Garoa_Hacker_Clube_(Público)/download_396891365113332573.webp
[2017-03-01 19:27:17] que bugado
[2017-03-01 19:27:48] Já mandei vários emails para os caras sobre isso
[2017-03-01 19:28:06] Sonho com essa feature
[2017-03-01 19:29:33] document: /home/felipe/devel/github_tvdstaaij/telegram-history-dump/output/media/Garoa_Hacker_Clube_(Público)/download_694481660414001223.webp
[2017-03-01 19:32:11] cara, estou procurando umas coisas para imprimir e me deparei com isso:
[2017-03-01 19:32:17] photo: /home/felipe/devel/github_tvdstaaij/telegram-history-dump/output/media/Garoa_Hacker_Clube_(Público)/download_803115306_12291.jpg
[2017-03-01 19:32:43] @anchisesbr tem trazer um desse para o garoa huahuahau
[2017-03-01 19:33:30] esse eh mais light:
[2017-03-01 19:33:32] photo: /home/felipe/devel/github_tvdstaaij/telegram-history-dump/output/media/Garoa_Hacker_Clube_(Público)/download_803734690_62590.jpg
[2017-03-01 19:34:02] document: /home/felipe/devel/github_tvdstaaij/telegram-history-dump/output/media/Garoa_Hacker_Clube_(Público)/download_309446659895460267.webp
[2017-03-01 19:35:21] primeiro q ia ser block do QoC ia ser eu com os TXTs
[2017-03-01 19:35:23] sahusuahuhsauhsahuas
[2017-03-01 19:36:16] +1
[2017-03-01 19:37:22] Pelo menos o garoto tem bom senso... Hehehe
[2017-03-01 19:38:05] ahahahahahah
[2017-03-01 19:38:13] se vê, até parei com as paradas nutella
[2017-03-01 19:38:39] O evento de Pandas pra hoje ainda está de pé?
[2017-03-01 19:39:19] Não sei, o Tomás (francês) que tava correndo com isso.
[2017-03-01 19:40:02] kd ele?
[2017-03-01 19:40:17] Boa pergunta
[2017-03-01 19:55:02] Pandas?
[2017-03-01 20:00:27] document: /home/felipe/devel/github_tvdstaaij/telegram-history-dump/output/media/Garoa_Hacker_Clube_(Público)/download_532581042830207294.mp4
[2017-03-01 20:11:27] Sim. Oficina de Pandas usando uma variedade de Cobra encontrada na Ásia-África
[2017-03-01 20:13:39] 👍👏
[2017-03-01 20:14:04] document: /home/felipe/devel/github_tvdstaaij/telegram-history-dump/output/media/Garoa_Hacker_Clube_(Público)/download_803111277_30860.jpg
[2017-03-01 20:19:01] Concordo com o Juca. O nivel de trollagem está altíssimo, além do que poderia ser uma simples zoeira.
"Be excellent to each other" significa que VOCÊ também ter que ser "excellent" com os outros.
[2017-03-01 20:20:18] Eu li tudo e fiquei incomodado
[2017-03-01 20:20:34] Obrigado, Anchises.
[2017-03-01 20:21:25] Se serve de alguma coisa a parte que pediram meu currículo magoou um pouco hahahahaha
[2017-03-01 20:22:16] Qdo for assim, ignora. A galera é gente boa, mas as vezes surta e pega pesado
[2017-03-01 20:22:33] Acho que o aviso "não alimente os trolls" deve ser fixado... Igor, fica tranquilo que isso não é nada pessoal
[2017-03-01 20:23:25] Eu acho q tinha que ter um lance de cartão amarelo antes de moderar / dar kick em alguém. Também não gosto do que está sendo feito, de expulsar na primeira abobrinha
[2017-03-01 20:24:24] Concordo... esse grupo é do Garoa ou do Juca?
[2017-03-01 20:24:31] eu nunca soube
[2017-03-01 20:24:58] não está claro como funciona a moderação
[2017-03-01 20:25:30] Simples: se o juca não gostou, ele bane.
[2017-03-01 20:25:32] :(
[2017-03-01 20:26:54] :P Tô tranquilo! E vou arranjar um emprego hehehe
[2017-03-01 20:27:21] Eu posso parar de moderar por uma semana e ver o que acontece
[2017-03-01 20:27:48] outras pessoas podem moderar também
[2017-03-01 20:28:28] ou a gente pode abrir um grupo só pra moderadores e jogar lá as propostas de moderação e, assim, decidir coletivamente se damos um alerta ou um chute-instantâneo
[2017-03-01 20:30:19] Adotei inicialmente a prática de chute-instantâneo por que aparecia muito "haxorz" pedindo quebra de senha / invasão de facebook por aqui. Então eu chutava mesmo sem dó. Aí apareceram outros casos menos óbvios e eu acabei seguindo a mesma política de avisar e chutar. Mas vocês têm razão. Pra esses casos talvez fosse mesmo melhor dar um cartão amarelo primeiro.
[2017-03-01 20:31:14] Estou aberto pra discutir a politica de moderação. E adoraria contar com a participação mais ativa de mais moderadores. Por que isso aqui tá virando uma várzea hahahaha
[2017-03-01 20:31:16] acho que parte do nosso trabalho é falar o que nós fazemos de verdade
[2017-03-01 20:32:19] algumas pessoas querem pagar de hackudo pra serem aceitos por nós e acham que essa forma é um bom começo... não porque realmente tenham má índole
[2017-03-01 20:35:21] Engraçado (e irônico) que a galera só se doeu (pedindo pra dar cartões amarelos antes de chutar) quando associados receberam um cartão amarelo...
[2017-03-01 20:37:50] eu só vi um ban antes dessa discussão e não tinha opinião formada
[2017-03-01 20:40:13] Eu
[2017-03-01 20:41:41] Eu só não falei nd pq achei q poderia tomar um banho tb, tava bem ditador a bagaça
[2017-03-01 20:44:46] também acho que vc deveria tomar um banho, @fernandoGuisso
[2017-03-01 20:44:57] bem... associados, decidam uma política melhor e terei o prazer em adotá-la
[2017-03-01 20:45:38] Oloko, sou cherozinho, sempre passo óleo de amêndoas paixão
[2017-03-01 20:46:36] teve um ban por assédio algumas semanas atrás
[2017-03-01 20:48:40] photo: /home/felipe/devel/github_tvdstaaij/telegram-history-dump/output/media/Garoa_Hacker_Clube_(Público)/download_803721696_82122.jpg
[2017-03-01 20:48:47] Essa foi a de hoje ^
[2017-03-01 20:50:09] photo: /home/felipe/devel/github_tvdstaaij/telegram-history-dump/output/media/Garoa_Hacker_Clube_(Público)/download_803116965_12969.jpg
[2017-03-01 20:51:08] Esse aqui foi banido por estar pedindo ajuda pra fazer estrago com ataque DDOS ^
[2017-03-01 20:51:58] photo: /home/felipe/devel/github_tvdstaaij/telegram-history-dump/output/media/Garoa_Hacker_Clube_(Público)/download_803735083_61794.jpg
[2017-03-01 20:52:34] Esse aqui foi banido por que queria ajuda para cometer fraude ^
[2017-03-01 20:53:03] (e essas pessoas entram no canal e já soltam esses pedidos. Nitidamente entraram só pra isso mesmo)
[2017-03-01 20:53:26] Aí eu acho que seria ban msm, não tem muito o que pensar... Hahahaha
[2017-03-01 20:54:19] photo: /home/felipe/devel/github_tvdstaaij/telegram-history-dump/output/media/Garoa_Hacker_Clube_(Público)/download_804206599_14738.jpg
[2017-03-01 20:54:32] na dark
[2017-03-01 20:54:39] Ta aí mais um exemplo que levou chute ^
[2017-03-01 20:55:08] contexto: eu estou monstrando aqui o log das pessoas que eu chutei daqui do grupo recentemente
[2017-03-01 20:55:24] sério... esse que pediu log é tenso
[2017-03-01 20:58:22] mandasse pro QoC que a gente dava 😅
[2017-03-01 20:58:36] ahhaahahhaha verdade em
[2017-03-01 21:00:51] opa meu amigo @Gutemhc quem disse isso
[2017-03-01 21:00:58] Rolou uma conversa (mensagem a seguir) dia 01/FEV com a Erin sobre como fazermos a moderação por aqui.
[2017-03-01 21:00:58] obrigado, Erin. Sugiro tirar screenshot da mensagem motivo da remoção, postar a imagem (antes de remover o usuário) com os dizeres "usuário @usuario (Nome-do-Usuário) removido. E o motivo" e só depois disso (imediatamente depois) fazer a remoção. Assim a pessoa fica sabendo por que foi retirado do grupo. E fica o registro em imagem do motivo.
[2017-03-01 21:07:01] Se for para seguir essa linha de raciocínio, engraçado o fato de vc não ter dado ban quando a trollagem é feita por um associado
[2017-03-01 21:07:06] Cara tá ruim de pesquisa... Por isso uma das primeiras coisas do QoC foi ensinar a usar o Google!
[2017-03-01 21:07:50] À propósito, eu já tinha comentado com alguns asociados sobre meu desconforto com essa sua atitude
[2017-03-01 21:11:28] SAHSAUSAUSASSHUAHAS
[2017-03-01 21:14:23] Sim, eu sei. Mas como eu conheço os associados, eu tenho um background maior pra entender o comportamento deles. Com desconhecidos não temos muito no que se basear. Achei que seria OK dar uma segunda chance pra gente que a gente já conhece e sabe que não tá aqui só pra aloprar, mas acabou tendo um deslize ou outro.
[2017-03-01 21:14:28] Será q essa conversa não será melhor na lista? Anchises Felipe
[2017-03-01 21:15:00] Acho legal a transparência de ter esse diálogo aqui mesmo
[2017-03-01 21:18:45] Vou dar minha humilde opiniao e ngm precisa acatar(e desculpem pela acentuacao, meu telegram n funciona com acentos nem ferrando)... Acho que deveriamos montar algum recurso/grupo/forma para podermos controlar a moderacao de melhor forma
[2017-03-01 21:19:02] nem que seja um canal no telegram q tenha um bot q fale q o usuario foi expulso
[2017-03-01 21:19:14] e la a gente cadastre o motivo para ele poder saber o pq
[2017-03-01 21:19:30] Acabamos de organizar algo desse tipo, Vini
[2017-03-01 21:19:47] beleza
[2017-03-01 21:20:23] vamo falar de coisa boa, vamo falar de yogurteira top jeca galera
[2017-03-01 21:20:33] tá no linux?
[2017-03-01 21:20:38] sobre acentuação
[2017-03-01 21:20:41] sim...
[2017-03-01 21:20:44] https://github.com/telegramdesktop/tdesktop/issues/1900
[2017-03-01 21:20:46] ERROR
[2017-03-01 21:20:47] dá uma olhada
[2017-03-01 21:20:54] valeu jack, bem útil você
[2017-03-01 21:20:55] I am bored. Can we talk about something else?
[2017-03-01 21:21:29] Sobre o QoC, como entro nisso?
[2017-03-01 21:21:52] https://garoa.net.br/wiki/Quebrando_o_Cerco
[2017-03-01 21:22:12] Vlw
[2017-03-01 21:22:15] Frequentando o Garoa
[2017-03-01 21:23:37] Achei que tinha um grupo no Telegram, algo assim.
[2017-03-01 21:24:57] @vmesel tem esse tbm https://github.com/telegramdesktop/tdesktop/issues/1360
[2017-03-01 21:24:58] ERROR
[2017-03-01 21:25:01] naum funcionou =/
[2017-03-01 21:25:08] resolvi com um env QT_IM_MODULE=xim acho
[2017-03-01 21:25:14] o naum foi forcado shauhusauhasuhas
[2017-03-01 21:25:26] no xubuntu 16.04
[2017-03-01 21:25:36] mas tive esse problema também, é isso mesmo
[2017-03-01 21:25:40] tenta com xim
[2017-03-01 21:25:59] nope
[2017-03-01 21:26:04] Tem. Para os freqüentadores do Evento
[2017-03-01 21:26:15] então não sei cara :(
[2017-03-01 21:26:24] Ok qnd eu for seis me passam lá hahahah
[2017-03-01 21:26:40] Eu uso Debian aqui e os acentuos tão normais. Qual sua distro?
[2017-03-01 21:26:59] tá no web ou no desktop?
[2017-03-01 21:27:05] Desktop
[2017-03-01 21:27:14] qual versão?
[2017-03-01 21:27:34] no meu caso pode ter sido treta com o xfce ou algo assim, por usar xubuntu
[2017-03-01 21:27:39] @vmesel qual distro?
[2017-03-01 21:27:42] 1.0.14
[2017-03-01 21:27:44] mint
[2017-03-01 21:27:57] mint usa... enlightment? lxde? n lembro
[2017-03-01 21:27:58] desktop
[2017-03-01 21:28:01] cinammon
[2017-03-01 21:28:05] isso
[2017-03-01 21:28:09] Uso gnome aqui
[2017-03-01 21:28:32] é treta do input do QT, certeza
[2017-03-01 21:28:37] só pesquisar nisso
[2017-03-01 21:29:27] https://github.com/telegramdesktop/tdesktop/issues/1360#issuecomment-280928012
[2017-03-01 21:29:28] ERROR
[2017-03-01 21:29:33] esse cara fala pra usar ibus
[2017-03-01 21:29:42] bot burro da...
[2017-03-01 21:30:06] Jack teste
[2017-03-01 21:30:09] Jack oi
[2017-03-01 21:30:14] Ele não responde?
[2017-03-01 21:30:24] Jack o que é raspberry?
[2017-03-01 21:30:29] Ok, desisto.
[2017-03-01 21:31:17] @mynameiserin think the problem is the computer owner who installed a shitty distro
[2017-03-01 21:31:53] cê tá falando com quem tem adesivo do mint no laptop
[2017-03-01 21:32:01] vou fingir que não ouvi
[2017-03-01 21:32:02] Ow não fala assim do Mint.
[2017-03-01 21:32:05] Ele é topster.
[2017-03-01 21:32:16] document: /home/felipe/devel/github_tvdstaaij/telegram-history-dump/output/media/Garoa_Hacker_Clube_(Público)/download_694481660414001332.webp
[2017-03-01 21:32:38] ops... foi mal
[2017-03-01 21:32:39] asuhsauhsahusahsuauhsauas
[2017-03-01 21:32:40] Teu mint é o baseado no ubuntu ou no debian?
[2017-03-01 21:32:52] 3 para trás perde o taco, viu?
[2017-03-01 21:33:15] ate agora soh contei 2 txts, senhor 007
[2017-03-01 21:33:56] engracado q no meu mint do trabalho funciona
[2017-03-01 21:34:58] To falando de ser "smart ass"... 
E é Xeroque Holmes!
[2017-03-01 21:35:05] Olha, com religião não se brinca
[2017-03-01 21:35:24] Isso que quis dizer Vinicius
[2017-03-01 21:35:25] retiro meus pitacos sobre os deuses supremos
[2017-03-01 21:35:44] Desculpas aos que se sentiram ofendidos...
[2017-03-01 21:36:08] @mynameiserin acho q sei como resolver
[2017-03-01 21:36:11] instalar o franz
[2017-03-01 21:36:14] Vai ajoelhar no milho
[2017-03-01 21:36:26] isso
[2017-03-01 21:36:30] instala o franz
[2017-03-01 21:36:41] finge que não é só um browser sem barra de url
[2017-03-01 21:36:45] vai dar tudo certo
[2017-03-01 21:36:48] HSUAHSUASAUUSAHUHSA
[2017-03-01 21:38:36] Está rolando o evento do Thomas? Ainda estou doente e não pude ir...
[2017-03-01 21:39:26] nao vai rolar. Ele avisou
[2017-03-01 21:39:43] na lista pública de emails do Garoa
[2017-03-01 21:40:06] @Biazzotto posso tentar te ajudar qqr coisa
[2017-03-01 21:40:20] e galera, estou pensando em comecar um evento de data science no garoa, algum interessado?
[2017-03-01 21:40:48] o/
[2017-03-01 21:40:59] e q possivelmente va virar curso
[2017-03-01 21:41:04] Boa ideia, Vini! Eu também!!!
[2017-03-01 21:42:40] Alguem que esteja no garoa: voce poderia ver se existem camisetas M a venda ainda, e se tiver, podem deixar reservada em algum lugar?
[2017-03-01 21:42:42] @Gutemhc é só editar o codigo fonte e fazer PR não? colocar no block do telegram um regex e ja era
[2017-03-01 21:43:06] o/
[2017-03-01 21:50:28] Pera, to confuso. Tá falando do que?
[2017-03-01 21:50:57] do telegram pra bloquear o user em qualquer lugar do telegram
[2017-03-01 21:52:05] to procurando ainda, mas aparentemente n tem muita solucao
[2017-03-01 21:52:13] Ixiiii o cara estava remoso heinnnnnnn
[2017-03-01 21:54:55] @tilt4 sobrou Catuaba!?
Kkkkkkk mano esse fim‑de‑semana eu vou fazer o Drink do Inferno lá... vou derrubar umas 3 com ele ahahahahhahah 
Brincadeira um amigo meu viu a foto e quer tomar pensaaaa
[2017-03-01 21:55:20] o drink que nao pode falar o nome?
[2017-03-01 21:55:46] Acho que não..... vai que levo um ban
[2017-03-01 21:56:04] kkkkk
[2017-03-01 22:17:48] Tem meia garrafa em casa... Hehehe
[2017-03-01 22:18:11] Ah tá... Nunca vi o código, mas podemos tentar!
[2017-03-01 22:18:12] Haaaaaaaa muleke!!!!
😵
[2017-03-01 22:18:53] Cabo açaí... Mas a gente compra mais!
[2017-03-01 22:19:19] Inclusive compra paçoca pra misturar no açaí pós 4:20... Hehehe
[2017-03-01 22:22:36] galera, alguem tem um NeuroSky?
[2017-03-01 22:23:44] Se alguem tiver, me chama no priv8 pls
[2017-03-01 22:24:28] nao sei se é possivel mas era pra ser
[2017-03-01 22:29:19] https://github.com/vysheng/tg
[2017-03-01 22:29:19] Até onde sei, é open, não? o foda é um code base pra cada coisa... Web, 3 versoões de mobile e umas 4 de Desktop...
[2017-03-01 22:29:20] vysheng | tg

telegram-cli

Language: C
Forks: 900
Stars: 2953
Issues: 786
[2017-03-01 22:29:35] só começar por esse
[2017-03-01 22:30:06] Pô, vc fica aí só dando dica pro cara, ele tá procurando opiniões de confiança
[2017-03-01 22:30:21] uaheuaehuahe
[2017-03-01 22:30:24] dei até link
[2017-03-01 22:30:32] Hahahahaha
[2017-03-01 22:31:42] mas é o que ele disse, teria que implementar pra cada versao de cliente do telegram
[2017-03-01 22:31:52] Eu vi que tem uns Neurosky de Arduino. Vou xeretar
[2017-03-01 22:32:26] eh bem capaz q existam, eles sao basicamente eletrodos que ficam na cabeca...
[2017-03-01 22:33:54] tem um projeto opensource pra isso
[2017-03-01 22:34:36] Mexemos com EEG muito tempo atras no Garoa
[2017-03-01 22:34:42] EXG, na verdade
[2017-03-01 22:34:47] http://openeeg.sourceforge.net/doc/index.html
[2017-03-01 22:35:39] no conoco
[2017-03-01 22:36:17] http://openbci.com/
[2017-03-01 22:36:18] X === variavel
[2017-03-01 22:36:24] ahhhhh
[2017-03-01 22:36:26] tendi
[2017-03-01 22:36:39] me acostumei tanto com o N ser o variavel na genetica q nem lembrei
[2017-03-01 22:37:26] porra q legal
[2017-03-01 22:37:38] esse openbci eh que os makers de fablab usa
[2017-03-01 22:37:55] ps.: é zuera pra não ser banido
[2017-03-01 22:38:18] eles usam impressaão 3d e tem essa placa open source que programa com cython
[2017-03-01 22:38:26] alem dos eletrodos
[2017-03-01 22:50:53] 👍 tava vendo as dependencias aqui do telegram-desktop, absurdos 56.44 MiB instalados versus 1.05 MiB do telegram-cli
[2017-03-01 23:23:26] Blog do Prof. Marcelo Passos: Economia Computacional, Finanças e Economia Monetária: O livro de Economia Computacional do Thomas Sargent
http://marcelooliveirapassos.blogspot.com.br/2017/03/o-livro-de-economia-computacional-do.html?m=1
