[2017-10-06 11:47:57] Ma: Bom dia à todos.
@fsanches  só para avisar que te mandei mensagem sobre o projeto, porém no prv.
[2017-10-06 11:55:39] Felipe "Juca" Sanches (forwarded from Ma): Bom dia Felipe.
Tudo bem?
[2017-10-06 11:55:39] Felipe "Juca" Sanches (forwarded from Ma): Sobre o projeto fonts, andei vendo mas senti muita dificuldade em entender e poder ajudar, gostaria de saber se teria algum tempo para poder me dar umas dicas
[2017-10-06 11:55:39] Felipe "Juca" Sanches (forwarded from Ma): Pode ser lá no Garoa, é só marcar e eu vou
[2017-10-06 11:55:39] Felipe "Juca" Sanches (forwarded from Ma): Pois achei um projeto muito interessante e quero aprender e ajudar
[2017-10-06 11:55:52] Felipe "Juca" Sanches: Não tem necessidade de conversar em privado.
[2017-10-06 11:56:06] Felipe "Juca" Sanches: Peço que mantenham todas conversas aqui mesmo
[2017-10-06 11:56:31] Felipe "Juca" Sanches: Trata-se de um projeto de software livre. Juntando todo mundo fica mais fácil de todo mundo aprender junto.
[2017-10-06 11:58:53] Felipe "Juca" Sanches: Estou trabalhando no preparo de um novo release
[2017-10-06 11:58:58] Felipe "Juca" Sanches: da versão 0.3.2 no PyPI
[2017-10-06 11:59:09] Felipe "Juca" Sanches: PyPI = Python Package Index
[2017-10-06 11:59:23] Felipe "Juca" Sanches: https://pypi.python.org/pypi
[2017-10-06 12:12:22] Felipe "Juca" Sanches: a versão atual publicada no pypi é a 0.3.1: https://pypi.python.org/pypi/fontbakery/
[2017-10-06 12:13:18] Felipe "Juca" Sanches: Estou revisando as dependências para ver se tem alguma coisa que possamos "enxugar": https://github.com/googlefonts/fontbakery/issues/1602
[2017-10-06 12:13:58] Ma: 👍
[2017-10-06 12:15:49] Felipe "Juca" Sanches: No github dá pra clicar na estrelinha de um repositório para seguí-lo
[2017-10-06 12:16:21] Felipe "Juca" Sanches: aí quando há novas postagens no issue tracker, ou novos pull requests, por exemplo, dá pra receber notificações via email
[2017-10-06 12:16:31] Felipe "Juca" Sanches: e, assim, acompanhar mais de perto o dia a dia do projeto
