[2017-09-27 00:00:30] Felipe "Juca" Sanches: sim
[2017-09-27 00:00:36] Felipe "Juca" Sanches: seria bem legal
[2017-09-27 00:00:43] Felipe "Juca" Sanches: diz aí, galera!
[2017-09-27 00:14:36] Fabiano Salles: Bacana... valos lá então.
[2017-09-27 00:14:40] Fabiano Salles: Eu comecei tarde...
Trabalhava como designer (diagramador, na verdade) em um jornal diário chamado "O Povo". Tinha uns 15 anos mais ou menos.
[2017-09-27 00:14:54] Fabiano Salles: Usava uma ferramenta chamada QuarkXPress e todo dia vinha uma montanha de texto da redação pra distribuir nas minhas páginas.
[2017-09-27 00:15:14] Fabiano Salles: Eu tinha que montar 16 páginas por edição e era um suplício quando surgia um texto de última hora pra encaixar. 
Tinha um grupo de irc que eu acompanhava e compartilhei o problema só por vontade pra desabafar mesmo quando, pra minha surpresa, alguém que passava pelo mesmo problema em algum lugar da holanda me enviou um script em vb para extender o software.
[2017-09-27 00:15:37] Fabiano Salles: O script redistribuía os textos, aumentando ou diminuindo espaçamento entre palavras e linhas com um preview quase em tempo real. Não entendi patavinas do que tava escrito alí, mas pirei!
[2017-09-27 00:17:38] Fabiano Salles: Aí comecei a estudar pra tentar fazer outras coisas.
Então uns 6 meses depois consegui colocar um botão dentro do QuarkXpress pra gerar os arquivos em post script e subir no fdp da gráfica
[2017-09-27 00:17:54] Felipe "Juca" Sanches: o FDP do FTP
[2017-09-27 00:18:16] Fabiano Salles: Era só um monte de chama de função da api do programa, mas eu fiquei me sentindo fodão! kkk
[2017-09-27 00:18:21] Fabiano Salles: aí não parei mais
[2017-09-27 00:18:57] Fabiano Salles: e em algum ponto remoto do tempo, larguei o design e fui pra engenharia
[2017-09-27 00:20:44] Fabiano Salles (in reply to Felipe "Juca" Sanches): kkkkkkkkkkkk
[2017-09-27 00:21:33] Fabiano Salles sent photo: /home/felipe/devel/github_tvdstaaij/telegram-history-dump/output/media/FontBakery/download_804727615_10865.jpg
[2017-09-27 00:21:59] Fabiano Salles: Quark 2.11.
Nostalgia bateu forte agora. :)
[2017-09-27 00:22:23] Fabiano Salles: ops, 3.11!
[2017-09-27 00:45:12] Felipe "Juca" Sanches: 3.11 me lembra Windows "para Workgroups"
[2017-09-27 00:52:31] Fabiano Salles (in reply to Felipe "Juca" Sanches): tempos sombrios, meu camarada!
[2017-09-27 07:10:19] Yabadabaduca: Bom dia!
Eu comecei a me interessar por programa de computadores quando troquei um video game que eu tinha por um tk-95... Achava mágico... Mas quando terminei o segundo grau entrei para faculdade de fisioterapia... Na faculdade tinha computador com internet e vários livros de computação... Frequentei muuuuito a biblioteca de lá. Me formei, trabalhei na área mas a partir daí não parei mais de brincar no computador. Hj tenho formação na área de TI, mas programo (ou tento) por hobby.
