[2017-05-04 08:58:37] Group "Coreboot/Libreboot - Garoa Hacker Clube" created
[2017-05-04 09:01:29] Felipe "Juca" Sanches: Acho que uma meta bacana para esses encontros poderia ser prepararmos uma palestra sobre o tema para ser apresentada por alguns de nós no FISL. O que acham?
[2017-05-04 09:05:51] Felipe "Juca" Sanches changed group photo
[2017-05-04 09:09:55] Felipe "Juca" Sanches changed group photo
[2017-05-04 10:08:49] Mateus Baptista sent document: /home/felipe/devel/github_tvdstaaij/telegram-history-dump/output/media/Coreboot_Libreboot_-_Garoa_Hacker_Clube/download_285892071401719672.webp
[2017-05-04 11:12:35] kretcheu ☭ (in reply to Felipe "Juca" Sanches): Uma das metas é legal
Outra seria um mini curso
[2017-05-04 11:30:09] Ismael Luceno joined with an invite link
[2017-05-04 14:22:27] Ismael Luceno: Oi!
[2017-05-04 14:23:03] Ismael Luceno: Somos só 4? 😁
[2017-05-04 15:03:09] Felipe "Juca" Sanches: por enquanto somos só nós aqui, sim!
[2017-05-04 15:03:43] Felipe "Juca" Sanches: Esse é um assunto cabeludo e que, apesar de ser importante, parece que tem pouca gente interessada
[2017-05-04 15:04:02] Felipe "Juca" Sanches: ou pouca gente que se sinta capaz de fazer algo a respeito, talvez por medo da complexidade do tema.
[2017-05-04 15:04:25] Felipe "Juca" Sanches: acho que um objetivo meu (e talvez dos demais colegas) é fazer algo que diminua esse medo nas pessoas
[2017-05-04 15:04:41] Felipe "Juca" Sanches: e consequentemente aumente as pessoas engajadas na solução do problema
[2017-05-04 15:05:34] Felipe "Juca" Sanches: O problema, acho bom explicitar, é a última fronteira da liberdade de software, que são os firmwares proprietários, sendo a BIOS um caso crítico e notório.
[2017-05-04 15:20:06] Ismael Luceno: Eu acho que quem tem conhecimento não está fazendo porquê não tem tempo ou interesse, então a esperanza está em quem tem interesse mas não conhecimento... E isso tá difícil
[2017-05-04 15:20:51] Ismael Luceno: O caminho é bem longo
[2017-05-04 15:24:08] Ismael Luceno: Se alguém tem um plano...
[2017-05-04 15:25:38] kretcheu ☭ (in reply to Felipe "Juca" Sanches): Idem
